C:/Users/TRETEC/OneDrive/Documents/Master2/HLS-FPGA/cnn_hls/CNN_lenet5/solution9/csynth.tcl:23:9: warning: HLS pragma dump _XLX_SEP_ PragmaIsValid=1_XLX_SEP_ PragmaType=top_XLX_SEP_ PragmaContext=directive_XLX_SEP_ PragmaFunction=cnn_lenet_XLX_SEP_ PragmaOptions=name=cnn_lenet_XLX_SEP_ [-Wdump-hls-pragmas]
#pragma HLSDIRECTIVE TOP name=cnn_lenet
        ^
C:/Users/TRETEC/OneDrive/Documents/Master2/HLS-FPGA/cnn_hls/CNN_lenet5/solution9/directives.tcl:7:9: warning: HLS pragma dump _XLX_SEP_ PragmaIsValid=1_XLX_SEP_ PragmaType=top_XLX_SEP_ PragmaContext=directive_XLX_SEP_ PragmaFunction=cnn_lenet_XLX_SEP_ PragmaOptions=name=cnn_lenet_XLX_SEP_ [-Wdump-hls-pragmas]
#pragma HLSDIRECTIVE TOP name=cnn_lenet
        ^
cnn_lenet.cpp:13:9: warning: HLS pragma dump _XLX_SEP_ PragmaIsValid=1_XLX_SEP_ PragmaType=interface_XLX_SEP_ PragmaContext=_XLX_SEP_ PragmaFunction=cnn_lenet_XLX_SEP_ PragmaOptions=mode=s_axilite port=Layer1_Neurons_CPU bundle=Layer_Neurons_XLX_SEP_ [-Wdump-hls-pragmas]
#pragma HLS INTERFACE mode=s_axilite port=Layer1_Neurons_CPU bundle=Layer_Neurons
        ^
cnn_lenet.cpp:14:9: warning: HLS pragma dump _XLX_SEP_ PragmaIsValid=1_XLX_SEP_ PragmaType=interface_XLX_SEP_ PragmaContext=_XLX_SEP_ PragmaFunction=cnn_lenet_XLX_SEP_ PragmaOptions=mode=s_axilite port=Layer3_Neurons_CPU bundle=Layer_Neurons_XLX_SEP_ [-Wdump-hls-pragmas]
#pragma HLS INTERFACE mode=s_axilite port=Layer3_Neurons_CPU bundle=Layer_Neurons
        ^
cnn_lenet.cpp:16:9: warning: HLS pragma dump _XLX_SEP_ PragmaIsValid=1_XLX_SEP_ PragmaType=interface_XLX_SEP_ PragmaContext=_XLX_SEP_ PragmaFunction=cnn_lenet_XLX_SEP_ PragmaOptions=mode=s_axilite port=return bundle=CTRL_bus_XLX_SEP_ [-Wdump-hls-pragmas]
#pragma HLS INTERFACE mode=s_axilite port=return bundle=CTRL_bus
        ^
cnn_lenet.cpp:35:9: warning: HLS pragma dump _XLX_SEP_ PragmaIsValid=1_XLX_SEP_ PragmaType=pipeline_XLX_SEP_ PragmaContext=_XLX_SEP_ PragmaFunction=cnn_lenet_XLX_SEP_ PragmaOptions=II=26_XLX_SEP_ [-Wdump-hls-pragmas]
#pragma HLS PIPELINE II=26
        ^
cnn_lenet.cpp:39:9: warning: HLS pragma dump _XLX_SEP_ PragmaIsValid=1_XLX_SEP_ PragmaType=pipeline_XLX_SEP_ PragmaContext=_XLX_SEP_ PragmaFunction=cnn_lenet_XLX_SEP_ PragmaOptions=II=2_XLX_SEP_ [-Wdump-hls-pragmas]
#pragma HLS PIPELINE II=2
        ^
cnn_lenet.cpp:53:9: warning: HLS pragma dump _XLX_SEP_ PragmaIsValid=1_XLX_SEP_ PragmaType=pipeline_XLX_SEP_ PragmaContext=_XLX_SEP_ PragmaFunction=cnn_lenet_XLX_SEP_ PragmaOptions=II=152_XLX_SEP_ [-Wdump-hls-pragmas]
#pragma HLS PIPELINE II=152
        ^
cnn_lenet.cpp:57:9: warning: HLS pragma dump _XLX_SEP_ PragmaIsValid=1_XLX_SEP_ PragmaType=pipeline_XLX_SEP_ PragmaContext=_XLX_SEP_ PragmaFunction=cnn_lenet_XLX_SEP_ PragmaOptions=II=2_XLX_SEP_ [-Wdump-hls-pragmas]
#pragma HLS PIPELINE II=2
        ^
9 warnings generated.
