

================================================================
== Vitis HLS Report for 'calculateLayer3'
================================================================
* Date:           Mon Dec 30 16:17:46 2024

* Version:        2023.2 (Build 4023990 on Oct 11 2023)
* Project:        CNN_lenet5
* Solution:       solution1 (Vivado IP Flow Target)
* Product family: zynq
* Target device:  xc7z010i-clg225-1L


================================================================
== Performance Estimates
================================================================
+ Timing: 
    * Summary: 
    +--------+----------+-----------+------------+
    |  Clock |  Target  | Estimated | Uncertainty|
    +--------+----------+-----------+------------+
    |ap_clk  |  50.00 ns|  35.985 ns|    13.50 ns|
    +--------+----------+-----------+------------+

+ Latency: 
    * Summary: 
    +---------+---------+----------+----------+-------+-------+---------+
    |  Latency (cycles) |  Latency (absolute) |    Interval   | Pipeline|
    |   min   |   max   |    min   |    max   |  min  |  max  |   Type  |
    +---------+---------+----------+----------+-------+-------+---------+
    |    32560|    32560|  1.628 ms|  1.628 ms|  32560|  32560|       no|
    +---------+---------+----------+----------+-------+-------+---------+

    + Detail: 
        * Instance: 
        +----------------------------------+-----------------------+---------+---------+----------+----------+-----+-----+---------+
        |                                  |                       |  Latency (cycles) |  Latency (absolute) |  Interval | Pipeline|
        |             Instance             |         Module        |   min   |   max   |    min   |    max   | min | max |   Type  |
        +----------------------------------+-----------------------+---------+---------+----------+----------+-----+-----+---------+
        |grp_generic_tanh_double_s_fu_448  |generic_tanh_double_s  |       23|       23|  1.150 us|  1.150 us|    1|    1|      yes|
        +----------------------------------+-----------------------+---------+---------+----------+----------+-----+-----+---------+

        * Loop: 
        +---------------------------------------------------+---------+---------+----------+-----------+-----------+------+----------+
        |                                                   |  Latency (cycles) | Iteration|  Initiation Interval  | Trip |          |
        |                     Loop Name                     |   min   |   max   |  Latency |  achieved |   target  | Count| Pipelined|
        +---------------------------------------------------+---------+---------+----------+-----------+-----------+------+----------+
        |- VITIS_LOOP_76_1_VITIS_LOOP_77_2_VITIS_LOOP_78_3  |    32558|    32558|        85|         26|          1|  1250|       yes|
        +---------------------------------------------------+---------+---------+----------+-----------+-----------+------+----------+



================================================================
== Utilization Estimates
================================================================
* Summary: 
+-----------------+---------+----+-------+-------+-----+
|       Name      | BRAM_18K| DSP|   FF  |  LUT  | URAM|
+-----------------+---------+----+-------+-------+-----+
|DSP              |        -|   1|      -|      -|    -|
|Expression       |        -|   -|      0|    727|    -|
|FIFO             |        -|   -|      -|      -|    -|
|Instance         |        -|   0|      0|     26|    -|
|Memory           |        -|   -|     64|     32|    -|
|Multiplexer      |        -|   -|      -|    945|    -|
|Register         |        -|   -|   1800|    128|    -|
+-----------------+---------+----+-------+-------+-----+
|Total            |        0|   1|   1864|   1858|    0|
+-----------------+---------+----+-------+-------+-----+
|Available        |      120|  80|  35200|  17600|    0|
+-----------------+---------+----+-------+-------+-----+
|Utilization (%)  |        0|   1|      5|     10|    0|
+-----------------+---------+----+-------+-------+-----+

+ Detail: 
    * Instance: 
    +--------------------------------+----------------------------+---------+----+---+----+-----+
    |            Instance            |           Module           | BRAM_18K| DSP| FF| LUT| URAM|
    +--------------------------------+----------------------------+---------+----+---+----+-----+
    |fpext_32ns_64_1_no_dsp_1_U48    |fpext_32ns_64_1_no_dsp_1    |        0|   0|  0|   0|    0|
    |fptrunc_64ns_32_1_no_dsp_1_U47  |fptrunc_64ns_32_1_no_dsp_1  |        0|   0|  0|   0|    0|
    |mul_3ns_6ns_8_1_1_U50           |mul_3ns_6ns_8_1_1           |        0|   0|  0|  26|    0|
    +--------------------------------+----------------------------+---------+----+---+----+-----+
    |Total                           |                            |        0|   0|  0|  26|    0|
    +--------------------------------+----------------------------+---------+----+---+----+-----+

    * DSP: 
    +-----------------------------------+-------------------------------+--------------+
    |              Instance             |             Module            |  Expression  |
    +-----------------------------------+-------------------------------+--------------+
    |mac_muladd_6ns_5ns_3ns_11_4_1_U51  |mac_muladd_6ns_5ns_3ns_11_4_1  |  i0 * i1 + i2|
    +-----------------------------------+-------------------------------+--------------+

    * Memory: 
    +-------------+----------------------------------------------+---------+----+----+-----+------+-----+------+-------------+
    |    Memory   |                    Module                    | BRAM_18K| FF | LUT| URAM| Words| Bits| Banks| W*Bits*Banks|
    +-------------+----------------------------------------------+---------+----+----+-----+------+-----+------+-------------+
    |conv_buff_U  |calculateLayer3_conv_buff_SHIFTREG_AUTO_0R0W  |        0|  64|  32|    0|   169|   32|     1|         5408|
    +-------------+----------------------------------------------+---------+----+----+-----+------+-----+------+-------------+
    |Total        |                                              |        0|  64|  32|    0|   169|   32|     1|         5408|
    +-------------+----------------------------------------------+---------+----+----+-----+------+-----+------+-------------+

    * FIFO: 
    N/A

    * Expression: 
    +--------------------------------------------+----------+----+---+----+------------+------------+
    |                Variable Name               | Operation| DSP| FF| LUT| Bitwidth P0| Bitwidth P1|
    +--------------------------------------------+----------+----+---+----+------------+------------+
    |add_ln76_1_fu_1409_p2                       |         +|   0|  0|  14|           6|           1|
    |add_ln76_fu_599_p2                          |         +|   0|  0|  12|          11|           1|
    |add_ln77_1_fu_738_p2                        |         +|   0|  0|  14|           6|           1|
    |add_ln77_fu_646_p2                          |         +|   0|  0|  11|           3|           1|
    |add_ln78_fu_732_p2                          |         +|   0|  0|  11|           3|           1|
    |add_ln87_10_fu_905_p2                       |         +|   0|  0|  14|           7|           7|
    |add_ln87_11_fu_935_p2                       |         +|   0|  0|  15|           8|           8|
    |add_ln87_12_fu_945_p2                       |         +|   0|  0|  15|           8|           8|
    |add_ln87_13_fu_968_p2                       |         +|   0|  0|  15|           8|           8|
    |add_ln87_14_fu_979_p2                       |         +|   0|  0|  15|           8|           8|
    |add_ln87_15_fu_1007_p2                      |         +|   0|  0|  15|           8|           8|
    |add_ln87_16_fu_1017_p2                      |         +|   0|  0|  15|           8|           8|
    |add_ln87_17_fu_1046_p2                      |         +|   0|  0|  15|           8|           8|
    |add_ln87_18_fu_1055_p2                      |         +|   0|  0|  15|           8|           8|
    |add_ln87_19_fu_1085_p2                      |         +|   0|  0|  15|           8|           8|
    |add_ln87_1_fu_721_p2                        |         +|   0|  0|  14|           7|           7|
    |add_ln87_20_fu_1094_p2                      |         +|   0|  0|  15|           8|           8|
    |add_ln87_21_fu_1113_p2                      |         +|   0|  0|  15|           8|           8|
    |add_ln87_22_fu_1122_p2                      |         +|   0|  0|  15|           8|           8|
    |add_ln87_23_fu_1131_p2                      |         +|   0|  0|  15|           8|           8|
    |add_ln87_24_fu_1135_p2                      |         +|   0|  0|  15|           8|           8|
    |add_ln87_25_fu_1103_p2                      |         +|   0|  0|  15|           8|           8|
    |add_ln87_26_fu_1139_p2                      |         +|   0|  0|  15|           8|           8|
    |add_ln87_27_fu_1143_p2                      |         +|   0|  0|  15|           8|           8|
    |add_ln87_2_fu_781_p2                        |         +|   0|  0|  13|           4|           2|
    |add_ln87_3_fu_790_p2                        |         +|   0|  0|  14|           7|           7|
    |add_ln87_4_fu_800_p2                        |         +|   0|  0|  13|           4|           2|
    |add_ln87_5_fu_809_p2                        |         +|   0|  0|  14|           7|           7|
    |add_ln87_6_fu_839_p2                        |         +|   0|  0|  13|           4|           3|
    |add_ln87_7_fu_848_p2                        |         +|   0|  0|  14|           7|           7|
    |add_ln87_8_fu_858_p2                        |         +|   0|  0|  14|           7|           7|
    |add_ln87_9_fu_894_p2                        |         +|   0|  0|  15|           8|           8|
    |add_ln87_fu_700_p2                          |         +|   0|  0|  14|           7|           7|
    |add_ln91_1_fu_1444_p2                       |         +|   0|  0|  13|           5|           5|
    |add_ln91_fu_1454_p2                         |         +|   0|  0|  12|          11|          11|
    |empty_33_fu_1065_p2                         |         +|   0|  0|  15|           8|           6|
    |empty_34_fu_819_p2                          |         +|   0|  0|  14|           7|           4|
    |empty_35_fu_955_p2                          |         +|   0|  0|  15|           8|           5|
    |empty_36_fu_1026_p2                         |         +|   0|  0|  15|           8|           6|
    |and_ln73_fu_640_p2                          |       and|   0|  0|   2|           1|           1|
    |ap_block_pp0_stage0_00001                   |       and|   0|  0|   2|           1|           1|
    |ap_block_pp0_stage0_11001_ignoreCallOp483   |       and|   0|  0|   2|           1|           1|
    |ap_block_pp0_stage10_00001                  |       and|   0|  0|   2|           1|           1|
    |ap_block_pp0_stage10_11001_ignoreCallOp467  |       and|   0|  0|   2|           1|           1|
    |ap_block_pp0_stage11_00001                  |       and|   0|  0|   2|           1|           1|
    |ap_block_pp0_stage11_11001_ignoreCallOp468  |       and|   0|  0|   2|           1|           1|
    |ap_block_pp0_stage12_00001                  |       and|   0|  0|   2|           1|           1|
    |ap_block_pp0_stage12_11001_ignoreCallOp469  |       and|   0|  0|   2|           1|           1|
    |ap_block_pp0_stage13_00001                  |       and|   0|  0|   2|           1|           1|
    |ap_block_pp0_stage13_11001_ignoreCallOp470  |       and|   0|  0|   2|           1|           1|
    |ap_block_pp0_stage14_00001                  |       and|   0|  0|   2|           1|           1|
    |ap_block_pp0_stage14_11001_ignoreCallOp471  |       and|   0|  0|   2|           1|           1|
    |ap_block_pp0_stage15_00001                  |       and|   0|  0|   2|           1|           1|
    |ap_block_pp0_stage15_11001_ignoreCallOp472  |       and|   0|  0|   2|           1|           1|
    |ap_block_pp0_stage16_00001                  |       and|   0|  0|   2|           1|           1|
    |ap_block_pp0_stage16_11001_ignoreCallOp473  |       and|   0|  0|   2|           1|           1|
    |ap_block_pp0_stage17_00001                  |       and|   0|  0|   2|           1|           1|
    |ap_block_pp0_stage17_11001_ignoreCallOp474  |       and|   0|  0|   2|           1|           1|
    |ap_block_pp0_stage18_00001                  |       and|   0|  0|   2|           1|           1|
    |ap_block_pp0_stage18_11001_ignoreCallOp475  |       and|   0|  0|   2|           1|           1|
    |ap_block_pp0_stage19_00001                  |       and|   0|  0|   2|           1|           1|
    |ap_block_pp0_stage19_11001_ignoreCallOp476  |       and|   0|  0|   2|           1|           1|
    |ap_block_pp0_stage1_00001                   |       and|   0|  0|   2|           1|           1|
    |ap_block_pp0_stage1_11001_ignoreCallOp484   |       and|   0|  0|   2|           1|           1|
    |ap_block_pp0_stage20_00001                  |       and|   0|  0|   2|           1|           1|
    |ap_block_pp0_stage20_11001_ignoreCallOp477  |       and|   0|  0|   2|           1|           1|
    |ap_block_pp0_stage21_00001                  |       and|   0|  0|   2|           1|           1|
    |ap_block_pp0_stage21_11001_ignoreCallOp478  |       and|   0|  0|   2|           1|           1|
    |ap_block_pp0_stage22_00001                  |       and|   0|  0|   2|           1|           1|
    |ap_block_pp0_stage22_11001_ignoreCallOp479  |       and|   0|  0|   2|           1|           1|
    |ap_block_pp0_stage23_00001                  |       and|   0|  0|   2|           1|           1|
    |ap_block_pp0_stage23_11001_ignoreCallOp480  |       and|   0|  0|   2|           1|           1|
    |ap_block_pp0_stage24_00001                  |       and|   0|  0|   2|           1|           1|
    |ap_block_pp0_stage24_11001_ignoreCallOp481  |       and|   0|  0|   2|           1|           1|
    |ap_block_pp0_stage25_00001                  |       and|   0|  0|   2|           1|           1|
    |ap_block_pp0_stage25_11001_ignoreCallOp482  |       and|   0|  0|   2|           1|           1|
    |ap_block_pp0_stage2_11001                   |       and|   0|  0|   2|           1|           1|
    |ap_block_pp0_stage2_11001_ignoreCallOp485   |       and|   0|  0|   2|           1|           1|
    |ap_block_pp0_stage3_00001                   |       and|   0|  0|   2|           1|           1|
    |ap_block_pp0_stage3_11001_ignoreCallOp491   |       and|   0|  0|   2|           1|           1|
    |ap_block_pp0_stage4_00001                   |       and|   0|  0|   2|           1|           1|
    |ap_block_pp0_stage5_00001                   |       and|   0|  0|   2|           1|           1|
    |ap_block_pp0_stage6_00001                   |       and|   0|  0|   2|           1|           1|
    |ap_block_pp0_stage6_11001_ignoreCallOp463   |       and|   0|  0|   2|           1|           1|
    |ap_block_pp0_stage7_00001                   |       and|   0|  0|   2|           1|           1|
    |ap_block_pp0_stage7_11001_ignoreCallOp464   |       and|   0|  0|   2|           1|           1|
    |ap_block_pp0_stage8_00001                   |       and|   0|  0|   2|           1|           1|
    |ap_block_pp0_stage8_11001_ignoreCallOp465   |       and|   0|  0|   2|           1|           1|
    |ap_block_pp0_stage9_00001                   |       and|   0|  0|   2|           1|           1|
    |ap_block_pp0_stage9_11001_ignoreCallOp466   |       and|   0|  0|   2|           1|           1|
    |ap_block_state10_pp0_stage9_iter0           |       and|   0|  0|   2|           1|           1|
    |ap_block_state1_pp0_stage0_iter0            |       and|   0|  0|   2|           1|           1|
    |icmp_ln76_fu_593_p2                         |      icmp|   0|  0|  12|          11|          11|
    |icmp_ln77_fu_614_p2                         |      icmp|   0|  0|  14|           6|           5|
    |icmp_ln78_fu_634_p2                         |      icmp|   0|  0|  11|           3|           3|
    |or_ln73_fu_652_p2                           |        or|   0|  0|   2|           1|           1|
    |or_ln87_fu_711_p2                           |        or|   0|  0|   4|           4|           1|
    |select_ln73_1_fu_658_p3                     |    select|   0|  0|   3|           1|           1|
    |select_ln73_fu_620_p3                       |    select|   0|  0|   3|           1|           1|
    |select_ln76_fu_1415_p3                      |    select|   0|  0|   6|           1|           6|
    |select_ln77_1_fu_744_p3                     |    select|   0|  0|   6|           1|           1|
    |select_ln77_fu_666_p3                       |    select|   0|  0|   3|           1|           3|
    |ap_enable_pp0                               |       xor|   0|  0|   2|           1|           2|
    |xor_ln73_fu_628_p2                          |       xor|   0|  0|   2|           1|           2|
    +--------------------------------------------+----------+----+---+----+------------+------------+
    |Total                                       |          |   0|  0| 727|         366|         332|
    +--------------------------------------------+----------+----+---+----+------------+------------+

    * Multiplexer: 
    +----------------------------------------+-----+-----------+-----+-----------+
    |                  Name                  | LUT | Input Size| Bits| Total Bits|
    +----------------------------------------+-----+-----------+-----+-----------+
    |Layer2_Neurons_CPU_address0             |   65|         14|   10|        140|
    |Layer2_Neurons_CPU_address1             |   65|         13|   10|        130|
    |Layer2_Weights_stream_TDATA_blk_n       |    9|          2|    1|          2|
    |ap_NS_fsm                               |  121|         27|    1|         27|
    |ap_done_int                             |    9|          2|    1|          2|
    |ap_enable_reg_pp0_iter0                 |    9|          2|    1|          2|
    |ap_enable_reg_pp0_iter1                 |    9|          2|    1|          2|
    |ap_enable_reg_pp0_iter3                 |    9|          2|    1|          2|
    |ap_loop_exit_ready_pp0_iter1_reg        |    9|          2|    1|          2|
    |ap_loop_exit_ready_pp0_iter2_reg        |    9|          2|    1|          2|
    |ap_sig_allocacmp_indvar_flatten12_load  |    9|          2|   11|         22|
    |ap_sig_allocacmp_indvar_flatten_load    |    9|          2|    6|         12|
    |ap_sig_allocacmp_j_load                 |    9|          2|    3|          6|
    |ap_sig_allocacmp_k_load                 |    9|          2|    3|          6|
    |conv_buff_address0                      |   53|         10|    8|         80|
    |conv_buff_d0                            |   65|         14|   32|        448|
    |grp_fu_459_p0                           |   20|          4|   32|        128|
    |grp_fu_459_p1                           |  100|         20|   32|        640|
    |grp_fu_463_p0                           |  113|         24|   32|        768|
    |grp_fu_463_p1                           |  117|         26|   32|        832|
    |grp_fu_475_p0                           |   14|          3|   64|        192|
    |grp_fu_475_p1                           |   14|          3|   64|        192|
    |i_fu_128                                |    9|          2|    6|         12|
    |indvar_flatten12_fu_132                 |    9|          2|   11|         22|
    |indvar_flatten_fu_124                   |    9|          2|    6|         12|
    |j_fu_120                                |    9|          2|    3|          6|
    |k_fu_116                                |    9|          2|    3|          6|
    |reg_489                                 |    9|          2|   32|         64|
    |reg_494                                 |    9|          2|   32|         64|
    |reg_504                                 |    9|          2|   32|         64|
    |reg_514                                 |    9|          2|   32|         64|
    |reg_524                                 |    9|          2|   32|         64|
    |reg_529                                 |    9|          2|   32|         64|
    +----------------------------------------+-----+-----------+-----+-----------+
    |Total                                   |  945|        202|  568|       4079|
    +----------------------------------------+-----+-----------+-----+-----------+

    * Register: 
    +-----------------------------------------------+----+----+-----+-----------+
    |                      Name                     | FF | LUT| Bits| Const Bits|
    +-----------------------------------------------+----+----+-----+-----------+
    |Layer2_Neurons_CPU_load_13_reg_1835            |  32|   0|   32|          0|
    |Layer2_Neurons_CPU_load_15_reg_1868            |  32|   0|   32|          0|
    |Layer2_Neurons_CPU_load_17_reg_1893            |  32|   0|   32|          0|
    |Layer2_Neurons_CPU_load_19_reg_1938            |  32|   0|   32|          0|
    |Layer2_Neurons_CPU_load_21_reg_1968            |  32|   0|   32|          0|
    |Layer2_Neurons_CPU_load_23_reg_1993            |  32|   0|   32|          0|
    |add_ln87_23_reg_1908                           |   8|   0|    8|          0|
    |add_ln87_24_reg_1913                           |   8|   0|    8|          0|
    |add_ln87_25_reg_1883                           |   8|   0|    8|          0|
    |add_ln87_26_reg_1918                           |   8|   0|    8|          0|
    |add_ln87_27_reg_1923                           |   8|   0|    8|          0|
    |add_ln87_2_reg_1635                            |   3|   0|    4|          1|
    |add_ln87_4_reg_1650                            |   3|   0|    4|          1|
    |add_ln87_6_reg_1676                            |   3|   0|    4|          1|
    |ap_CS_fsm                                      |  26|   0|   26|          0|
    |ap_done_reg                                    |   1|   0|    1|          0|
    |ap_enable_reg_pp0_iter0_reg                    |   1|   0|    1|          0|
    |ap_enable_reg_pp0_iter1                        |   1|   0|    1|          0|
    |ap_enable_reg_pp0_iter2                        |   1|   0|    1|          0|
    |ap_enable_reg_pp0_iter3                        |   1|   0|    1|          0|
    |ap_loop_exit_ready_pp0_iter1_reg               |   1|   0|    1|          0|
    |ap_loop_exit_ready_pp0_iter2_reg               |   1|   0|    1|          0|
    |conv_reg_2203                                  |  64|   0|   64|          0|
    |empty_31_reg_1592                              |   8|   0|    8|          0|
    |empty_32_reg_1599                              |   7|   0|    7|          0|
    |empty_33_reg_1850                              |   8|   0|    8|          0|
    |empty_34_reg_1660                              |   7|   0|    7|          0|
    |empty_35_reg_1763                              |   8|   0|    8|          0|
    |empty_36_reg_1817                              |   8|   0|    8|          0|
    |grp_generic_tanh_double_s_fu_448_ap_start_reg  |   1|   0|    1|          0|
    |i_fu_128                                       |   6|   0|    6|          0|
    |icmp_ln76_reg_1572                             |   1|   0|    1|          0|
    |icmp_ln77_reg_1576                             |   1|   0|    1|          0|
    |indvar_flatten12_fu_132                        |  11|   0|   11|          0|
    |indvar_flatten_fu_124                          |   6|   0|    6|          0|
    |j_fu_120                                       |   3|   0|    3|          0|
    |k_fu_116                                       |   3|   0|    3|          0|
    |mul2_reg_2228                                  |  64|   0|   64|          0|
    |mul31_1_3_reg_1953                             |  32|   0|   32|          0|
    |mul31_2_2_reg_2028                             |  32|   0|   32|          0|
    |mul31_2_4_reg_2053                             |  32|   0|   32|          0|
    |mul31_2_reg_2003                               |  32|   0|   32|          0|
    |mul31_3_1_reg_2078                             |  32|   0|   32|          0|
    |mul31_3_2_reg_2093                             |  32|   0|   32|          0|
    |mul31_3_3_reg_2108                             |  32|   0|   32|          0|
    |mul31_3_4_reg_2123                             |  32|   0|   32|          0|
    |mul31_3_reg_2063                               |  32|   0|   32|          0|
    |mul31_4_1_reg_2153                             |  32|   0|   32|          0|
    |mul31_4_2_reg_2168                             |  32|   0|   32|          0|
    |mul31_4_3_reg_2183                             |  32|   0|   32|          0|
    |mul31_4_4_reg_2198                             |  32|   0|   32|          0|
    |mul31_4_reg_2138                               |  32|   0|   32|          0|
    |or_ln87_reg_1625                               |   3|   0|    4|          1|
    |p_cast6_reg_1691                               |   7|   0|    8|          1|
    |reg_481                                        |  32|   0|   32|          0|
    |reg_485                                        |  32|   0|   32|          0|
    |reg_489                                        |  32|   0|   32|          0|
    |reg_494                                        |  32|   0|   32|          0|
    |reg_499                                        |  32|   0|   32|          0|
    |reg_504                                        |  32|   0|   32|          0|
    |reg_509                                        |  32|   0|   32|          0|
    |reg_514                                        |  32|   0|   32|          0|
    |reg_519                                        |  32|   0|   32|          0|
    |reg_524                                        |  32|   0|   32|          0|
    |reg_529                                        |  32|   0|   32|          0|
    |reg_534                                        |  32|   0|   32|          0|
    |reg_539                                        |  32|   0|   32|          0|
    |reg_544                                        |  32|   0|   32|          0|
    |select_ln73_1_reg_1581                         |   3|   0|    3|          0|
    |select_ln77_reg_1586                           |   3|   0|    3|          0|
    |tmp_8_reg_1607                                 |   3|   0|    4|          1|
    |tmp_reg_2218                                   |  64|   0|   64|          0|
    |x_assign_reg_2208                              |  64|   0|   64|          0|
    |zext_ln87_12_reg_1746                          |   3|   0|    8|          5|
    |zext_ln87_1_reg_1615                           |   3|   0|    7|          4|
    |zext_ln87_3_reg_1702                           |   3|   0|    8|          5|
    |zext_ln87_6_reg_1791                           |   3|   0|    8|          5|
    |zext_ln87_7_reg_1640                           |   3|   0|    7|          4|
    |zext_ln87_9_reg_1734                           |   3|   0|    8|          5|
    |zext_ln87_reg_1770                             |   3|   0|    8|          5|
    |icmp_ln76_reg_1572                             |  64|  32|    1|          0|
    |icmp_ln77_reg_1576                             |  64|  32|    1|          0|
    |select_ln73_1_reg_1581                         |  64|  32|    3|          0|
    |select_ln77_reg_1586                           |  64|  32|    3|          0|
    +-----------------------------------------------+----+----+-----+-----------+
    |Total                                          |1800| 128| 1591|         39|
    +-----------------------------------------------+----+----+-----+-----------+



================================================================
== Interface
================================================================
* Summary: 
+------------------------------------------+-----+-----+------------+-----------------------+--------------+
|                 RTL Ports                | Dir | Bits|  Protocol  |     Source Object     |    C Type    |
+------------------------------------------+-----+-----+------------+-----------------------+--------------+
|ap_clk                                    |   in|    1|  ap_ctrl_hs|        calculateLayer3|  return value|
|ap_rst                                    |   in|    1|  ap_ctrl_hs|        calculateLayer3|  return value|
|ap_start                                  |   in|    1|  ap_ctrl_hs|        calculateLayer3|  return value|
|ap_done                                   |  out|    1|  ap_ctrl_hs|        calculateLayer3|  return value|
|ap_idle                                   |  out|    1|  ap_ctrl_hs|        calculateLayer3|  return value|
|ap_ready                                  |  out|    1|  ap_ctrl_hs|        calculateLayer3|  return value|
|grp_fu_285_p_din0                         |  out|   32|  ap_ctrl_hs|        calculateLayer3|  return value|
|grp_fu_285_p_din1                         |  out|   32|  ap_ctrl_hs|        calculateLayer3|  return value|
|grp_fu_285_p_opcode                       |  out|    2|  ap_ctrl_hs|        calculateLayer3|  return value|
|grp_fu_285_p_dout0                        |   in|   32|  ap_ctrl_hs|        calculateLayer3|  return value|
|grp_fu_285_p_ce                           |  out|    1|  ap_ctrl_hs|        calculateLayer3|  return value|
|grp_fu_289_p_din0                         |  out|   32|  ap_ctrl_hs|        calculateLayer3|  return value|
|grp_fu_289_p_din1                         |  out|   32|  ap_ctrl_hs|        calculateLayer3|  return value|
|grp_fu_289_p_dout0                        |   in|   32|  ap_ctrl_hs|        calculateLayer3|  return value|
|grp_fu_289_p_ce                           |  out|    1|  ap_ctrl_hs|        calculateLayer3|  return value|
|grp_fu_163_p_din0                         |  out|   64|  ap_ctrl_hs|        calculateLayer3|  return value|
|grp_fu_163_p_din1                         |  out|   64|  ap_ctrl_hs|        calculateLayer3|  return value|
|grp_fu_163_p_dout0                        |   in|   64|  ap_ctrl_hs|        calculateLayer3|  return value|
|grp_fu_163_p_ce                           |  out|    1|  ap_ctrl_hs|        calculateLayer3|  return value|
|grp_generic_tanh_double_s_fu_146_p_din1   |  out|   64|  ap_ctrl_hs|        calculateLayer3|  return value|
|grp_generic_tanh_double_s_fu_146_p_dout0  |   in|   64|  ap_ctrl_hs|        calculateLayer3|  return value|
|grp_generic_tanh_double_s_fu_146_p_ce     |  out|    1|  ap_ctrl_hs|        calculateLayer3|  return value|
|grp_generic_tanh_double_s_fu_146_p_start  |  out|    1|  ap_ctrl_hs|        calculateLayer3|  return value|
|grp_generic_tanh_double_s_fu_146_p_ready  |   in|    1|  ap_ctrl_hs|        calculateLayer3|  return value|
|grp_generic_tanh_double_s_fu_146_p_done   |   in|    1|  ap_ctrl_hs|        calculateLayer3|  return value|
|grp_generic_tanh_double_s_fu_146_p_idle   |   in|    1|  ap_ctrl_hs|        calculateLayer3|  return value|
|Layer2_Weights_stream_TVALID              |   in|    1|        axis|  Layer2_Weights_stream|       pointer|
|Layer2_Weights_stream_TDATA               |   in|   32|        axis|  Layer2_Weights_stream|       pointer|
|Layer2_Weights_stream_TREADY              |  out|    1|        axis|  Layer2_Weights_stream|       pointer|
|Layer2_Neurons_CPU_address0               |  out|   10|   ap_memory|     Layer2_Neurons_CPU|         array|
|Layer2_Neurons_CPU_ce0                    |  out|    1|   ap_memory|     Layer2_Neurons_CPU|         array|
|Layer2_Neurons_CPU_q0                     |   in|   32|   ap_memory|     Layer2_Neurons_CPU|         array|
|Layer2_Neurons_CPU_address1               |  out|   10|   ap_memory|     Layer2_Neurons_CPU|         array|
|Layer2_Neurons_CPU_ce1                    |  out|    1|   ap_memory|     Layer2_Neurons_CPU|         array|
|Layer2_Neurons_CPU_q1                     |   in|   32|   ap_memory|     Layer2_Neurons_CPU|         array|
|Layer3_Neurons_CPU_address0               |  out|   11|   ap_memory|     Layer3_Neurons_CPU|         array|
|Layer3_Neurons_CPU_ce0                    |  out|    1|   ap_memory|     Layer3_Neurons_CPU|         array|
|Layer3_Neurons_CPU_we0                    |  out|    1|   ap_memory|     Layer3_Neurons_CPU|         array|
|Layer3_Neurons_CPU_d0                     |  out|   32|   ap_memory|     Layer3_Neurons_CPU|         array|
+------------------------------------------+-----+-----+------------+-----------------------+--------------+

