

================================================================
== Vitis HLS Report for 'calculateLayer2'
================================================================
* Date:           Mon Dec 30 16:17:45 2024

* Version:        2023.2 (Build 4023990 on Oct 11 2023)
* Project:        CNN_lenet5
* Solution:       solution1 (Vivado IP Flow Target)
* Product family: zynq
* Target device:  xc7z010i-clg225-1L


================================================================
== Performance Estimates
================================================================
+ Timing: 
    * Summary: 
    +--------+----------+-----------+------------+
    |  Clock |  Target  | Estimated | Uncertainty|
    +--------+----------+-----------+------------+
    |ap_clk  |  50.00 ns|  35.985 ns|    13.50 ns|
    +--------+----------+-----------+------------+

+ Latency: 
    * Summary: 
    +---------+---------+----------+----------+-------+-------+---------+
    |  Latency (cycles) |  Latency (absolute) |    Interval   | Pipeline|
    |   min   |   max   |    min   |    max   |  min  |  max  |   Type  |
    +---------+---------+----------+----------+-------+-------+---------+
    |    26424|    26424|  1.321 ms|  1.321 ms|  26424|  26424|       no|
    +---------+---------+----------+----------+-------+-------+---------+

    + Detail: 
        * Instance: 
        +----------------------------------+-----------------------+---------+---------+----------+----------+-----+-----+---------+
        |                                  |                       |  Latency (cycles) |  Latency (absolute) |  Interval | Pipeline|
        |             Instance             |         Module        |   min   |   max   |    min   |    max   | min | max |   Type  |
        +----------------------------------+-----------------------+---------+---------+----------+----------+-----+-----+---------+
        |grp_generic_tanh_double_s_fu_229  |generic_tanh_double_s  |       23|       23|  1.150 us|  1.150 us|    1|    1|      yes|
        +----------------------------------+-----------------------+---------+---------+----------+----------+-----+-----+---------+

        * Loop: 
        +---------------------------------------------------+---------+---------+----------+-----------+-----------+------+----------+
        |                                                   |  Latency (cycles) | Iteration|  Initiation Interval  | Trip |          |
        |                     Loop Name                     |   min   |   max   |  Latency |  achieved |   target  | Count| Pipelined|
        +---------------------------------------------------+---------+---------+----------+-----------+-----------+------+----------+
        |- VITIS_LOOP_43_1_VITIS_LOOP_44_2_VITIS_LOOP_45_3  |    26422|    26422|        85|         26|          1|  1014|       yes|
        +---------------------------------------------------+---------+---------+----------+-----------+-----------+------+----------+



================================================================
== Utilization Estimates
================================================================
* Summary: 
+-----------------+---------+----+-------+-------+-----+
|       Name      | BRAM_18K| DSP|   FF  |  LUT  | URAM|
+-----------------+---------+----+-------+-------+-----+
|DSP              |        -|   2|      -|      -|    -|
|Expression       |        -|   -|      0|    241|    -|
|FIFO             |        -|   -|      -|      -|    -|
|Instance         |        -|   -|      -|      -|    -|
|Memory           |        -|   -|     64|     32|    -|
|Multiplexer      |        -|   -|      -|    817|    -|
|Register         |        -|   -|   1167|     64|    -|
+-----------------+---------+----+-------+-------+-----+
|Total            |        0|   2|   1231|   1154|    0|
+-----------------+---------+----+-------+-------+-----+
|Available        |      120|  80|  35200|  17600|    0|
+-----------------+---------+----+-------+-------+-----+
|Utilization (%)  |        0|   2|      3|      6|    0|
+-----------------+---------+----+-------+-------+-----+

+ Detail: 
    * Instance: 
    +--------------------------------+----------------------------+---------+----+---+----+-----+
    |            Instance            |           Module           | BRAM_18K| DSP| FF| LUT| URAM|
    +--------------------------------+----------------------------+---------+----+---+----+-----+
    |fpext_32ns_64_1_no_dsp_1_U33    |fpext_32ns_64_1_no_dsp_1    |        0|   0|  0|   0|    0|
    |fptrunc_64ns_32_1_no_dsp_1_U32  |fptrunc_64ns_32_1_no_dsp_1  |        0|   0|  0|   0|    0|
    +--------------------------------+----------------------------+---------+----+---+----+-----+
    |Total                           |                            |        0|   0|  0|   0|    0|
    +--------------------------------+----------------------------+---------+----+---+----+-----+

    * DSP: 
    +------------------------------------+--------------------------------+--------------+
    |              Instance              |             Module             |  Expression  |
    +------------------------------------+--------------------------------+--------------+
    |mac_muladd_3ns_8ns_4ns_10_4_1_U35   |mac_muladd_3ns_8ns_4ns_10_4_1   |  i0 * i1 + i2|
    |mac_muladd_4ns_4ns_10ns_10_4_1_U36  |mac_muladd_4ns_4ns_10ns_10_4_1  |  i0 + i1 * i2|
    +------------------------------------+--------------------------------+--------------+

    * Memory: 
    +-------------+----------------------------------------------+---------+----+----+-----+------+-----+------+-------------+
    |    Memory   |                    Module                    | BRAM_18K| FF | LUT| URAM| Words| Bits| Banks| W*Bits*Banks|
    +-------------+----------------------------------------------+---------+----+----+-----+------+-----+------+-------------+
    |conv_buff_U  |calculateLayer2_conv_buff_SHIFTREG_AUTO_0R0W  |        0|  64|  32|    0|   841|   32|     1|        26912|
    +-------------+----------------------------------------------+---------+----+----+-----+------+-----+------+-------------+
    |Total        |                                              |        0|  64|  32|    0|   841|   32|     1|        26912|
    +-------------+----------------------------------------------+---------+----+----+-----+------+-----+------+-------------+

    * FIFO: 
    N/A

    * Expression: 
    +--------------------------------------------+----------+----+---+----+------------+------------+
    |                Variable Name               | Operation| DSP| FF| LUT| Bitwidth P0| Bitwidth P1|
    +--------------------------------------------+----------+----+---+----+------------+------------+
    |add_ln43_1_fu_353_p2                        |         +|   0|  0|  11|           3|           1|
    |add_ln43_fu_335_p2                          |         +|   0|  0|  13|          10|           1|
    |add_ln44_1_fu_371_p2                        |         +|   0|  0|  15|           8|           1|
    |add_ln44_fu_430_p2                          |         +|   0|  0|  13|           4|           1|
    |add_ln45_fu_474_p2                          |         +|   0|  0|  13|           4|           1|
    |and_ln40_fu_424_p2                          |       and|   0|  0|   2|           1|           1|
    |ap_block_pp0_stage0_00001                   |       and|   0|  0|   2|           1|           1|
    |ap_block_pp0_stage0_11001_ignoreCallOp404   |       and|   0|  0|   2|           1|           1|
    |ap_block_pp0_stage10_00001                  |       and|   0|  0|   2|           1|           1|
    |ap_block_pp0_stage10_11001_ignoreCallOp388  |       and|   0|  0|   2|           1|           1|
    |ap_block_pp0_stage11_00001                  |       and|   0|  0|   2|           1|           1|
    |ap_block_pp0_stage11_11001_ignoreCallOp389  |       and|   0|  0|   2|           1|           1|
    |ap_block_pp0_stage12_00001                  |       and|   0|  0|   2|           1|           1|
    |ap_block_pp0_stage12_11001_ignoreCallOp390  |       and|   0|  0|   2|           1|           1|
    |ap_block_pp0_stage13_00001                  |       and|   0|  0|   2|           1|           1|
    |ap_block_pp0_stage13_11001_ignoreCallOp391  |       and|   0|  0|   2|           1|           1|
    |ap_block_pp0_stage14_00001                  |       and|   0|  0|   2|           1|           1|
    |ap_block_pp0_stage14_11001_ignoreCallOp392  |       and|   0|  0|   2|           1|           1|
    |ap_block_pp0_stage15_00001                  |       and|   0|  0|   2|           1|           1|
    |ap_block_pp0_stage15_11001_ignoreCallOp393  |       and|   0|  0|   2|           1|           1|
    |ap_block_pp0_stage16_00001                  |       and|   0|  0|   2|           1|           1|
    |ap_block_pp0_stage16_11001_ignoreCallOp394  |       and|   0|  0|   2|           1|           1|
    |ap_block_pp0_stage17_00001                  |       and|   0|  0|   2|           1|           1|
    |ap_block_pp0_stage17_11001_ignoreCallOp395  |       and|   0|  0|   2|           1|           1|
    |ap_block_pp0_stage18_00001                  |       and|   0|  0|   2|           1|           1|
    |ap_block_pp0_stage18_11001_ignoreCallOp396  |       and|   0|  0|   2|           1|           1|
    |ap_block_pp0_stage19_00001                  |       and|   0|  0|   2|           1|           1|
    |ap_block_pp0_stage19_11001_ignoreCallOp397  |       and|   0|  0|   2|           1|           1|
    |ap_block_pp0_stage1_00001                   |       and|   0|  0|   2|           1|           1|
    |ap_block_pp0_stage1_11001_ignoreCallOp405   |       and|   0|  0|   2|           1|           1|
    |ap_block_pp0_stage20_00001                  |       and|   0|  0|   2|           1|           1|
    |ap_block_pp0_stage20_11001_ignoreCallOp398  |       and|   0|  0|   2|           1|           1|
    |ap_block_pp0_stage21_00001                  |       and|   0|  0|   2|           1|           1|
    |ap_block_pp0_stage21_11001_ignoreCallOp399  |       and|   0|  0|   2|           1|           1|
    |ap_block_pp0_stage22_00001                  |       and|   0|  0|   2|           1|           1|
    |ap_block_pp0_stage22_11001_ignoreCallOp400  |       and|   0|  0|   2|           1|           1|
    |ap_block_pp0_stage23_00001                  |       and|   0|  0|   2|           1|           1|
    |ap_block_pp0_stage23_11001_ignoreCallOp401  |       and|   0|  0|   2|           1|           1|
    |ap_block_pp0_stage24_00001                  |       and|   0|  0|   2|           1|           1|
    |ap_block_pp0_stage24_11001_ignoreCallOp402  |       and|   0|  0|   2|           1|           1|
    |ap_block_pp0_stage25_00001                  |       and|   0|  0|   2|           1|           1|
    |ap_block_pp0_stage25_11001_ignoreCallOp403  |       and|   0|  0|   2|           1|           1|
    |ap_block_pp0_stage2_11001                   |       and|   0|  0|   2|           1|           1|
    |ap_block_pp0_stage2_11001_ignoreCallOp406   |       and|   0|  0|   2|           1|           1|
    |ap_block_pp0_stage3_00001                   |       and|   0|  0|   2|           1|           1|
    |ap_block_pp0_stage3_11001_ignoreCallOp407   |       and|   0|  0|   2|           1|           1|
    |ap_block_pp0_stage4_00001                   |       and|   0|  0|   2|           1|           1|
    |ap_block_pp0_stage5_00001                   |       and|   0|  0|   2|           1|           1|
    |ap_block_pp0_stage6_00001                   |       and|   0|  0|   2|           1|           1|
    |ap_block_pp0_stage6_11001_ignoreCallOp384   |       and|   0|  0|   2|           1|           1|
    |ap_block_pp0_stage7_00001                   |       and|   0|  0|   2|           1|           1|
    |ap_block_pp0_stage7_11001_ignoreCallOp385   |       and|   0|  0|   2|           1|           1|
    |ap_block_pp0_stage8_00001                   |       and|   0|  0|   2|           1|           1|
    |ap_block_pp0_stage8_11001_ignoreCallOp386   |       and|   0|  0|   2|           1|           1|
    |ap_block_pp0_stage9_00001                   |       and|   0|  0|   2|           1|           1|
    |ap_block_pp0_stage9_11001_ignoreCallOp387   |       and|   0|  0|   2|           1|           1|
    |ap_block_state1_pp0_stage0_iter0            |       and|   0|  0|   2|           1|           1|
    |icmp_ln43_fu_329_p2                         |      icmp|   0|  0|  13|          10|           5|
    |icmp_ln44_fu_347_p2                         |      icmp|   0|  0|  15|           8|           8|
    |icmp_ln45_fu_418_p2                         |      icmp|   0|  0|  13|           4|           3|
    |ap_block_state10_pp0_stage9_iter0           |        or|   0|  0|   2|           1|           1|
    |or_ln40_fu_436_p2                           |        or|   0|  0|   2|           1|           1|
    |select_ln40_1_fu_441_p3                     |    select|   0|  0|   4|           1|           1|
    |select_ln40_fu_406_p3                       |    select|   0|  0|   4|           1|           1|
    |select_ln43_fu_359_p3                       |    select|   0|  0|   3|           1|           3|
    |select_ln44_1_fu_377_p3                     |    select|   0|  0|   8|           1|           1|
    |select_ln44_fu_449_p3                       |    select|   0|  0|   4|           1|           4|
    |ap_enable_pp0                               |       xor|   0|  0|   2|           1|           2|
    |xor_ln40_fu_413_p2                          |       xor|   0|  0|   2|           1|           2|
    +--------------------------------------------+----------+----+---+----+------------+------------+
    |Total                                       |          |   0|  0| 241|         112|          89|
    +--------------------------------------------+----------+----+---+----+------------+------------+

    * Multiplexer: 
    +----------------------------------------+-----+-----------+-----+-----------+
    |                  Name                  | LUT | Input Size| Bits| Total Bits|
    +----------------------------------------+-----+-----------+-----+-----------+
    |Layer1_Neurons_stream_TDATA_blk_n       |    9|          2|    1|          2|
    |Layer1_Weights_stream_TDATA_blk_n       |    9|          2|    1|          2|
    |ap_NS_fsm                               |  121|         27|    1|         27|
    |ap_done_int                             |    9|          2|    1|          2|
    |ap_enable_reg_pp0_iter0                 |    9|          2|    1|          2|
    |ap_enable_reg_pp0_iter1                 |    9|          2|    1|          2|
    |ap_enable_reg_pp0_iter3                 |    9|          2|    1|          2|
    |ap_loop_exit_ready_pp0_iter1_reg        |    9|          2|    1|          2|
    |ap_loop_exit_ready_pp0_iter2_reg        |    9|          2|    1|          2|
    |ap_sig_allocacmp_i_load                 |    9|          2|    3|          6|
    |ap_sig_allocacmp_indvar_flatten12_load  |    9|          2|   10|         20|
    |ap_sig_allocacmp_indvar_flatten_load    |    9|          2|    8|         16|
    |conv_buff_address0                      |   53|         10|   10|        100|
    |conv_buff_d0                            |  117|         26|   32|        832|
    |grp_fu_240_p0                           |   20|          4|   32|        128|
    |grp_fu_240_p1                           |  100|         20|   32|        640|
    |grp_fu_244_p0                           |  117|         26|   32|        832|
    |grp_fu_244_p1                           |  117|         26|   32|        832|
    |grp_fu_256_p0                           |   14|          3|   64|        192|
    |grp_fu_256_p1                           |   14|          3|   64|        192|
    |i_fu_112                                |    9|          2|    3|          6|
    |indvar_flatten12_fu_116                 |    9|          2|   10|         20|
    |indvar_flatten_fu_108                   |    9|          2|    8|         16|
    |j_fu_104                                |    9|          2|    4|          8|
    |k_fu_100                                |    9|          2|    4|          8|
    +----------------------------------------+-----+-----------+-----+-----------+
    |Total                                   |  817|        177|  357|       3891|
    +----------------------------------------+-----+-----------+-----+-----------+

    * Register: 
    +-----------------------------------------------+----+----+-----+-----------+
    |                      Name                     | FF | LUT| Bits| Const Bits|
    +-----------------------------------------------+----+----+-----+-----------+
    |add_ln58_reg_1161                              |  10|   0|   10|          0|
    |ap_CS_fsm                                      |  26|   0|   26|          0|
    |ap_done_reg                                    |   1|   0|    1|          0|
    |ap_enable_reg_pp0_iter0_reg                    |   1|   0|    1|          0|
    |ap_enable_reg_pp0_iter1                        |   1|   0|    1|          0|
    |ap_enable_reg_pp0_iter2                        |   1|   0|    1|          0|
    |ap_enable_reg_pp0_iter3                        |   1|   0|    1|          0|
    |ap_loop_exit_ready_pp0_iter1_reg               |   1|   0|    1|          0|
    |ap_loop_exit_ready_pp0_iter2_reg               |   1|   0|    1|          0|
    |conv_reg_1456                                  |  64|   0|   64|          0|
    |grp_generic_tanh_double_s_fu_229_ap_start_reg  |   1|   0|    1|          0|
    |i_fu_112                                       |   3|   0|    3|          0|
    |icmp_ln43_reg_1090                             |   1|   0|    1|          0|
    |icmp_ln44_reg_1094                             |   1|   0|    1|          0|
    |indvar_flatten12_fu_116                        |  10|   0|   10|          0|
    |indvar_flatten_fu_108                          |   8|   0|    8|          0|
    |j_fu_104                                       |   4|   0|    4|          0|
    |k_fu_100                                       |   4|   0|    4|          0|
    |mul4_reg_1471                                  |  64|   0|   64|          0|
    |mul_1_3_reg_1226                               |  32|   0|   32|          0|
    |mul_2_2_reg_1276                               |  32|   0|   32|          0|
    |mul_2_4_reg_1301                               |  32|   0|   32|          0|
    |mul_2_reg_1251                                 |  32|   0|   32|          0|
    |mul_3_1_reg_1331                               |  32|   0|   32|          0|
    |mul_3_2_reg_1346                               |  32|   0|   32|          0|
    |mul_3_3_reg_1361                               |  32|   0|   32|          0|
    |mul_3_4_reg_1376                               |  32|   0|   32|          0|
    |mul_3_reg_1316                                 |  32|   0|   32|          0|
    |mul_4_1_reg_1406                               |  32|   0|   32|          0|
    |mul_4_2_reg_1421                               |  32|   0|   32|          0|
    |mul_4_3_reg_1436                               |  32|   0|   32|          0|
    |mul_4_4_reg_1451                               |  32|   0|   32|          0|
    |mul_4_reg_1391                                 |  32|   0|   32|          0|
    |reg_262                                        |  32|   0|   32|          0|
    |reg_266                                        |  32|   0|   32|          0|
    |reg_270                                        |  32|   0|   32|          0|
    |reg_275                                        |  32|   0|   32|          0|
    |reg_280                                        |  32|   0|   32|          0|
    |reg_285                                        |  32|   0|   32|          0|
    |reg_290                                        |  32|   0|   32|          0|
    |reg_295                                        |  32|   0|   32|          0|
    |select_ln40_1_reg_1106                         |   4|   0|    4|          0|
    |tmp_reg_1466                                   |  64|   0|   64|          0|
    |x_assign_reg_1461                              |  64|   0|   64|          0|
    |add_ln58_reg_1161                              |  64|  32|   10|          0|
    |icmp_ln43_reg_1090                             |  64|  32|    1|          0|
    +-----------------------------------------------+----+----+-----+-----------+
    |Total                                          |1167|  64| 1050|          0|
    +-----------------------------------------------+----+----+-----+-----------+



================================================================
== Interface
================================================================
* Summary: 
+------------------------------------------+-----+-----+------------+-----------------------+--------------+
|                 RTL Ports                | Dir | Bits|  Protocol  |     Source Object     |    C Type    |
+------------------------------------------+-----+-----+------------+-----------------------+--------------+
|ap_clk                                    |   in|    1|  ap_ctrl_hs|        calculateLayer2|  return value|
|ap_rst                                    |   in|    1|  ap_ctrl_hs|        calculateLayer2|  return value|
|ap_start                                  |   in|    1|  ap_ctrl_hs|        calculateLayer2|  return value|
|ap_done                                   |  out|    1|  ap_ctrl_hs|        calculateLayer2|  return value|
|ap_idle                                   |  out|    1|  ap_ctrl_hs|        calculateLayer2|  return value|
|ap_ready                                  |  out|    1|  ap_ctrl_hs|        calculateLayer2|  return value|
|grp_fu_285_p_din0                         |  out|   32|  ap_ctrl_hs|        calculateLayer2|  return value|
|grp_fu_285_p_din1                         |  out|   32|  ap_ctrl_hs|        calculateLayer2|  return value|
|grp_fu_285_p_opcode                       |  out|    2|  ap_ctrl_hs|        calculateLayer2|  return value|
|grp_fu_285_p_dout0                        |   in|   32|  ap_ctrl_hs|        calculateLayer2|  return value|
|grp_fu_285_p_ce                           |  out|    1|  ap_ctrl_hs|        calculateLayer2|  return value|
|grp_fu_289_p_din0                         |  out|   32|  ap_ctrl_hs|        calculateLayer2|  return value|
|grp_fu_289_p_din1                         |  out|   32|  ap_ctrl_hs|        calculateLayer2|  return value|
|grp_fu_289_p_dout0                        |   in|   32|  ap_ctrl_hs|        calculateLayer2|  return value|
|grp_fu_289_p_ce                           |  out|    1|  ap_ctrl_hs|        calculateLayer2|  return value|
|grp_fu_163_p_din0                         |  out|   64|  ap_ctrl_hs|        calculateLayer2|  return value|
|grp_fu_163_p_din1                         |  out|   64|  ap_ctrl_hs|        calculateLayer2|  return value|
|grp_fu_163_p_dout0                        |   in|   64|  ap_ctrl_hs|        calculateLayer2|  return value|
|grp_fu_163_p_ce                           |  out|    1|  ap_ctrl_hs|        calculateLayer2|  return value|
|grp_generic_tanh_double_s_fu_146_p_din1   |  out|   64|  ap_ctrl_hs|        calculateLayer2|  return value|
|grp_generic_tanh_double_s_fu_146_p_dout0  |   in|   64|  ap_ctrl_hs|        calculateLayer2|  return value|
|grp_generic_tanh_double_s_fu_146_p_ce     |  out|    1|  ap_ctrl_hs|        calculateLayer2|  return value|
|grp_generic_tanh_double_s_fu_146_p_start  |  out|    1|  ap_ctrl_hs|        calculateLayer2|  return value|
|grp_generic_tanh_double_s_fu_146_p_ready  |   in|    1|  ap_ctrl_hs|        calculateLayer2|  return value|
|grp_generic_tanh_double_s_fu_146_p_done   |   in|    1|  ap_ctrl_hs|        calculateLayer2|  return value|
|grp_generic_tanh_double_s_fu_146_p_idle   |   in|    1|  ap_ctrl_hs|        calculateLayer2|  return value|
|Layer1_Neurons_stream_TVALID              |   in|    1|        axis|  Layer1_Neurons_stream|       pointer|
|Layer1_Neurons_stream_TDATA               |   in|   32|        axis|  Layer1_Neurons_stream|       pointer|
|Layer1_Neurons_stream_TREADY              |  out|    1|        axis|  Layer1_Neurons_stream|       pointer|
|Layer1_Weights_stream_TVALID              |   in|    1|        axis|  Layer1_Weights_stream|       pointer|
|Layer1_Weights_stream_TDATA               |   in|   32|        axis|  Layer1_Weights_stream|       pointer|
|Layer1_Weights_stream_TREADY              |  out|    1|        axis|  Layer1_Weights_stream|       pointer|
|Layer2_Neurons_CPU_address0               |  out|   10|   ap_memory|     Layer2_Neurons_CPU|         array|
|Layer2_Neurons_CPU_ce0                    |  out|    1|   ap_memory|     Layer2_Neurons_CPU|         array|
|Layer2_Neurons_CPU_we0                    |  out|    1|   ap_memory|     Layer2_Neurons_CPU|         array|
|Layer2_Neurons_CPU_d0                     |  out|   32|   ap_memory|     Layer2_Neurons_CPU|         array|
+------------------------------------------+-----+-----+------------+-----------------------+--------------+

