

================================================================
== Synthesis Summary Report of 'Lenet_HW'
================================================================
+ General Information: 
    * Date:           Mon Dec 30 16:17:49 2024
    * Version:        2023.2 (Build 4023990 on Oct 11 2023)
    * Project:        CNN_lenet5
    * Solution:       solution1 (Vivado IP Flow Target)
    * Product family: zynq
    * Target device:  xc7z010i-clg225-1L
    

+ Performance & Resource Estimates: 
    
    PS: '+' for module; 'o' for loop; '*' for dataflow
    +--------------------------------------------------------------------------+------+-------+---------+-----------+----------+---------+------+----------+---------+----------+-------------+-------------+-----+
    |                                  Modules                                 | Issue|       | Latency |  Latency  | Iteration|         | Trip |          |         |          |             |             |     |
    |                                  & Loops                                 | Type | Slack | (cycles)|    (ns)   |  Latency | Interval| Count| Pipelined|  BRAM   |    DSP   |      FF     |     LUT     | URAM|
    +--------------------------------------------------------------------------+------+-------+---------+-----------+----------+---------+------+----------+---------+----------+-------------+-------------+-----+
    |+ Lenet_HW                                                                |     -|   0.52|   187789|  9.389e+06|         -|   187790|     -|        no|  11 (9%)|  74 (92%)|  10105 (28%)|  14807 (84%)|    -|
    | + calculateLayer2                                                        |     -|   0.52|    26424|  1.321e+06|         -|    26424|     -|        no|        -|    2 (2%)|    1231 (3%)|    1154 (6%)|    -|
    |  o VITIS_LOOP_43_1_VITIS_LOOP_44_2_VITIS_LOOP_45_3                       |    II|  36.50|    26422|  1.321e+06|        85|       26|  1014|       yes|        -|         -|            -|            -|    -|
    |   + generic_tanh_double_s                                                |     -|   1.34|       23|  1.150e+03|         -|        1|     -|       yes|   5 (4%)|  55 (68%)|   6019 (17%)|   9629 (54%)|    -|
    |    + exp_generic_double_s                                                |    II|   1.92|        5|    250.000|         -|        1|     -|       yes|   5 (4%)|  29 (36%)|     751 (2%)|   2681 (15%)|    -|
    | + calculateLayer3                                                        |     -|   0.52|    32560|  1.628e+06|         -|    32560|     -|        no|        -|    1 (1%)|    1864 (5%)|   1858 (10%)|    -|
    |  o VITIS_LOOP_76_1_VITIS_LOOP_77_2_VITIS_LOOP_78_3                       |    II|  36.50|    32558|  1.628e+06|        85|       26|  1250|       yes|        -|         -|            -|            -|    -|
    |   + generic_tanh_double_s                                                |     -|   1.34|       23|  1.150e+03|         -|        1|     -|       yes|   5 (4%)|  55 (68%)|   6019 (17%)|   9629 (54%)|    -|
    |    + exp_generic_double_s                                                |    II|   1.92|        5|    250.000|         -|        1|     -|       yes|   5 (4%)|  29 (36%)|     751 (2%)|   2681 (15%)|    -|
    | o VITIS_LOOP_109_1                                                       |     -|  36.50|   128800|  6.440e+06|      1288|        -|   100|        no|        -|         -|            -|            -|    -|
    |  + Lenet_HW_Pipeline_VITIS_LOOP_112_2_VITIS_LOOP_114_3_VITIS_LOOP_115_4  |     -|   1.54|     1254|  6.270e+04|         -|     1254|     -|        no|        -|         -|    102 (~0%)|     304 (1%)|    -|
    |   o VITIS_LOOP_112_2_VITIS_LOOP_114_3_VITIS_LOOP_115_4                   |     -|  36.50|     1252|  6.260e+04|         4|        1|  1250|       yes|        -|         -|            -|            -|    -|
    |  + generic_tanh_double_s                                                 |     -|   1.34|       23|  1.150e+03|         -|        1|     -|       yes|   5 (4%)|  55 (68%)|   6019 (17%)|   9629 (54%)|    -|
    |   + exp_generic_double_s                                                 |    II|   1.92|        5|    250.000|         -|        1|     -|       yes|   5 (4%)|  29 (36%)|     751 (2%)|   2681 (15%)|    -|
    +--------------------------------------------------------------------------+------+-------+---------+-----------+----------+---------+------+----------+---------+----------+-------------+-------------+-----+


================================================================
== HW Interfaces
================================================================
* AXIS
+-----------------------+-----------+---------------+-------+--------+--------+
| Interface             | Direction | Register Mode | TDATA | TREADY | TVALID |
+-----------------------+-----------+---------------+-------+--------+--------+
| Layer1_Neurons_stream | in        | both          | 32    | 1      | 1      |
| Layer1_Weights_stream | in        | both          | 32    | 1      | 1      |
| Layer2_Weights_stream | in        | both          | 32    | 1      | 1      |
| Layer3_Weights_stream | in        | both          | 32    | 1      | 1      |
| Layer4_Neurons_stream | out       | both          | 32    | 1      | 1      |
+-----------------------+-----------+---------------+-------+--------+--------+

* TOP LEVEL CONTROL
+-----------+------------+-----------------------------------+
| Interface | Type       | Ports                             |
+-----------+------------+-----------------------------------+
| ap_clk    | clock      | ap_clk                            |
| ap_rst_n  | reset      | ap_rst_n                          |
| ap_ctrl   | ap_ctrl_hs | ap_done ap_idle ap_ready ap_start |
+-----------+------------+-----------------------------------+


================================================================
== SW I/O Information
================================================================
* Top Function Arguments
+-----------------------+-----------+-------------------+
| Argument              | Direction | Datatype          |
+-----------------------+-----------+-------------------+
| Layer1_Neurons_stream | in        | stream<float, 0>& |
| Layer1_Weights_stream | in        | stream<float, 0>& |
| Layer2_Weights_stream | in        | stream<float, 0>& |
| Layer3_Weights_stream | in        | stream<float, 0>& |
| Layer4_Neurons_stream | out       | stream<float, 0>& |
+-----------------------+-----------+-------------------+

* SW-to-HW Mapping
+-----------------------+-----------------------+-----------+
| Argument              | HW Interface          | HW Type   |
+-----------------------+-----------------------+-----------+
| Layer1_Neurons_stream | Layer1_Neurons_stream | interface |
| Layer1_Weights_stream | Layer1_Weights_stream | interface |
| Layer2_Weights_stream | Layer2_Weights_stream | interface |
| Layer3_Weights_stream | Layer3_Weights_stream | interface |
| Layer4_Neurons_stream | Layer4_Neurons_stream | interface |
+-----------------------+-----------------------+-----------+


================================================================
== Bind Op Report
================================================================
+-------------------------------------------------------------------------+-----+--------+---------------+------+-----------+---------+
| Name                                                                    | DSP | Pragma | Variable      | Op   | Impl      | Latency |
+-------------------------------------------------------------------------+-----+--------+---------------+------+-----------+---------+
| + Lenet_HW                                                              | 74  |        |               |      |           |         |
|   next_mul_fu_191_p2                                                    |     |        | next_mul      | add  | fabric    | 0       |
|   add_ln109_fu_203_p2                                                   |     |        | add_ln109     | add  | fabric    | 0       |
|   dmul_64ns_64ns_64_2_max_dsp_1_U67                                     | 11  |        | x_assign      | dmul | maxdsp    | 1       |
|   dmul_64ns_64ns_64_2_max_dsp_1_U67                                     | 11  |        | mul23_i       | dmul | maxdsp    | 1       |
|  + calculateLayer2                                                      | 2   |        |               |      |           |         |
|    add_ln43_fu_335_p2                                                   |     |        | add_ln43      | add  | fabric    | 0       |
|    add_ln43_1_fu_353_p2                                                 |     |        | add_ln43_1    | add  | fabric    | 0       |
|    add_ln44_fu_430_p2                                                   |     |        | add_ln44      | add  | fabric    | 0       |
|    mac_muladd_3ns_8ns_4ns_10_4_1_U35                                    | 1   |        | mul_ln44      | mul  | dsp_slice | 3       |
|    mac_muladd_4ns_4ns_10ns_10_4_1_U36                                   | 1   |        | empty         | mul  | dsp_slice | 3       |
|    mac_muladd_3ns_8ns_4ns_10_4_1_U35                                    | 1   |        | add_ln58_1    | add  | dsp_slice | 3       |
|    mac_muladd_4ns_4ns_10ns_10_4_1_U36                                   | 1   |        | add_ln58      | add  | dsp_slice | 3       |
|    add_ln45_fu_474_p2                                                   |     |        | add_ln45      | add  | fabric    | 0       |
|    add_ln44_1_fu_371_p2                                                 |     |        | add_ln44_1    | add  | fabric    | 0       |
|   + generic_tanh_double_s (grp_generic_tanh_double_s_fu_229)            | 55  |        |               |      |           |         |
|     dadddsub_64ns_64ns_64_2_full_dsp_1_U15                              | 3   |        | x             | dsub | fulldsp   | 1       |
|     dadd_64ns_64ns_64_2_full_dsp_1_U16                                  | 3   |        | x_1           | dadd | fulldsp   | 1       |
|     dadd_64ns_64ns_64_2_full_dsp_1_U17                                  | 3   |        | sub_i         | dadd | fulldsp   | 1       |
|     dadd_64ns_64ns_64_2_full_dsp_1_U18                                  | 3   |        | add2          | dadd | fulldsp   | 1       |
|     ddiv_64ns_64ns_64_10_no_dsp_1_U21                                   |     |        | div           | ddiv | fabric    | 9       |
|     dsub_64ns_64ns_64_2_full_dsp_1_U19                                  | 3   |        | resultf_2     | dsub | fulldsp   | 1       |
|     ddiv_64ns_64ns_64_10_no_dsp_1_U21                                   |     |        | resultf_1     | ddiv | fabric    | 9       |
|     dadddsub_64ns_64ns_64_2_full_dsp_1_U15                              | 3   |        | add           | dsub | fulldsp   | 1       |
|     dmul_64ns_64ns_64_2_max_dsp_1_U20                                   | 11  |        | resultf       | dmul | maxdsp    | 1       |
|   + exp_generic_double_s (grp_exp_generic_double_s_fu_89)               | 29  |        |               |      |           |         |
|     m_exp_fu_312_p2                                                     |     |        | m_exp         | add  | fabric    | 0       |
|     e_frac_1_fu_330_p2                                                  |     |        | e_frac_1      | sub  | fabric    | 0       |
|     sub_ln229_fu_364_p2                                                 |     |        | sub_ln229     | sub  | fabric    | 0       |
|     mac_muladd_16s_15ns_19s_31_4_1_U5                                   | 1   |        | mul_ln243     | mul  | dsp_slice | 3       |
|     mac_muladd_16s_15ns_19s_31_4_1_U5                                   | 1   |        | add_ln243     | add  | dsp_slice | 3       |
|     add_ln243_1_fu_526_p2                                               |     |        | add_ln243_1   | add  | fabric    | 0       |
|     mul_13s_71s_71_1_1_U1                                               | 4   |        | mul_ln249     | mul  | auto      | 0       |
|     m_diff_fu_571_p2                                                    |     |        | m_diff        | sub  | fabric    | 0       |
|     exp_Z4_m_1_fu_656_p2                                                |     |        | exp_Z4_m_1    | add  | fabric    | 0       |
|     mul_43ns_36ns_79_1_1_U2                                             | 6   |        | mul_ln123     | mul  | auto      | 0       |
|     add_ln130_fu_699_p2                                                 |     |        | add_ln130     | add  | fabric    | 0       |
|     exp_Z2P_m_1_fu_709_p2                                               |     |        | exp_Z2P_m_1   | add  | fabric    | 0       |
|     mul_49ns_44ns_93_1_1_U3                                             | 9   |        | mul_ln142     | mul  | auto      | 0       |
|     add_ln145_fu_758_p2                                                 |     |        | add_ln145     | add  | fabric    | 0       |
|     exp_Z1P_m_1_l_fu_828_p2                                             |     |        | exp_Z1P_m_1_l | add  | fabric    | 0       |
|     add_ln297_fu_854_p2                                                 |     |        | add_ln297     | add  | fabric    | 0       |
|     mul_50ns_50ns_100_1_1_U4                                            | 9   |        | mul_ln297     | mul  | auto      | 0       |
|     add_ln297_1_fu_882_p2                                               |     |        | add_ln297_1   | add  | fabric    | 0       |
|     r_exp_1_fu_896_p2                                                   |     |        | r_exp_1       | add  | fabric    | 0       |
|     out_exp_fu_954_p2                                                   |     |        | out_exp       | add  | fabric    | 0       |
|  + calculateLayer3                                                      | 1   |        |               |      |           |         |
|    add_ln76_fu_599_p2                                                   |     |        | add_ln76      | add  | fabric    | 0       |
|    add_ln76_1_fu_1409_p2                                                |     |        | add_ln76_1    | add  | fabric    | 0       |
|    add_ln77_fu_646_p2                                                   |     |        | add_ln77      | add  | fabric    | 0       |
|    mac_muladd_6ns_5ns_3ns_11_4_1_U51                                    | 1   |        | empty         | mul  | dsp_slice | 3       |
|    mul_3ns_6ns_8_1_1_U50                                                |     |        | empty_31      | mul  | auto      | 0       |
|    empty_33_fu_1065_p2                                                  |     |        | empty_33      | add  | fabric    | 0       |
|    empty_34_fu_819_p2                                                   |     |        | empty_34      | add  | fabric    | 0       |
|    empty_35_fu_955_p2                                                   |     |        | empty_35      | add  | fabric    | 0       |
|    empty_36_fu_1026_p2                                                  |     |        | empty_36      | add  | fabric    | 0       |
|    add_ln87_fu_700_p2                                                   |     |        | add_ln87      | add  | fabric    | 0       |
|    add_ln87_1_fu_721_p2                                                 |     |        | add_ln87_1    | add  | fabric    | 0       |
|    add_ln87_2_fu_781_p2                                                 |     |        | add_ln87_2    | add  | fabric    | 0       |
|    add_ln87_3_fu_790_p2                                                 |     |        | add_ln87_3    | add  | fabric    | 0       |
|    add_ln87_4_fu_800_p2                                                 |     |        | add_ln87_4    | add  | fabric    | 0       |
|    add_ln87_5_fu_809_p2                                                 |     |        | add_ln87_5    | add  | fabric    | 0       |
|    add_ln87_6_fu_839_p2                                                 |     |        | add_ln87_6    | add  | fabric    | 0       |
|    add_ln87_7_fu_848_p2                                                 |     |        | add_ln87_7    | add  | fabric    | 0       |
|    add_ln87_8_fu_858_p2                                                 |     |        | add_ln87_8    | add  | fabric    | 0       |
|    add_ln87_9_fu_894_p2                                                 |     |        | add_ln87_9    | add  | fabric    | 0       |
|    add_ln87_10_fu_905_p2                                                |     |        | add_ln87_10   | add  | fabric    | 0       |
|    add_ln87_11_fu_935_p2                                                |     |        | add_ln87_11   | add  | fabric    | 0       |
|    add_ln87_12_fu_945_p2                                                |     |        | add_ln87_12   | add  | fabric    | 0       |
|    add_ln87_13_fu_968_p2                                                |     |        | add_ln87_13   | add  | fabric    | 0       |
|    add_ln87_14_fu_979_p2                                                |     |        | add_ln87_14   | add  | fabric    | 0       |
|    add_ln87_15_fu_1007_p2                                               |     |        | add_ln87_15   | add  | fabric    | 0       |
|    add_ln87_16_fu_1017_p2                                               |     |        | add_ln87_16   | add  | fabric    | 0       |
|    add_ln87_17_fu_1046_p2                                               |     |        | add_ln87_17   | add  | fabric    | 0       |
|    add_ln87_18_fu_1055_p2                                               |     |        | add_ln87_18   | add  | fabric    | 0       |
|    add_ln87_19_fu_1085_p2                                               |     |        | add_ln87_19   | add  | fabric    | 0       |
|    add_ln87_20_fu_1094_p2                                               |     |        | add_ln87_20   | add  | fabric    | 0       |
|    add_ln87_21_fu_1113_p2                                               |     |        | add_ln87_21   | add  | fabric    | 0       |
|    add_ln87_22_fu_1122_p2                                               |     |        | add_ln87_22   | add  | fabric    | 0       |
|    add_ln87_23_fu_1131_p2                                               |     |        | add_ln87_23   | add  | fabric    | 0       |
|    add_ln87_24_fu_1135_p2                                               |     |        | add_ln87_24   | add  | fabric    | 0       |
|    add_ln87_25_fu_1103_p2                                               |     |        | add_ln87_25   | add  | fabric    | 0       |
|    add_ln87_26_fu_1139_p2                                               |     |        | add_ln87_26   | add  | fabric    | 0       |
|    add_ln87_27_fu_1143_p2                                               |     |        | add_ln87_27   | add  | fabric    | 0       |
|    add_ln91_1_fu_1444_p2                                                |     |        | add_ln91_1    | add  | fabric    | 0       |
|    mac_muladd_6ns_5ns_3ns_11_4_1_U51                                    | 1   |        | add_ln91_2    | add  | dsp_slice | 3       |
|    add_ln91_fu_1454_p2                                                  |     |        | add_ln91      | add  | fabric    | 0       |
|    add_ln78_fu_732_p2                                                   |     |        | add_ln78      | add  | fabric    | 0       |
|    add_ln77_1_fu_738_p2                                                 |     |        | add_ln77_1    | add  | fabric    | 0       |
|   + generic_tanh_double_s (grp_generic_tanh_double_s_fu_448)            | 55  |        |               |      |           |         |
|     dadddsub_64ns_64ns_64_2_full_dsp_1_U15                              | 3   |        | x             | dsub | fulldsp   | 1       |
|     dadd_64ns_64ns_64_2_full_dsp_1_U16                                  | 3   |        | x_1           | dadd | fulldsp   | 1       |
|     dadd_64ns_64ns_64_2_full_dsp_1_U17                                  | 3   |        | sub_i         | dadd | fulldsp   | 1       |
|     dadd_64ns_64ns_64_2_full_dsp_1_U18                                  | 3   |        | add2          | dadd | fulldsp   | 1       |
|     ddiv_64ns_64ns_64_10_no_dsp_1_U21                                   |     |        | div           | ddiv | fabric    | 9       |
|     dsub_64ns_64ns_64_2_full_dsp_1_U19                                  | 3   |        | resultf_2     | dsub | fulldsp   | 1       |
|     ddiv_64ns_64ns_64_10_no_dsp_1_U21                                   |     |        | resultf_1     | ddiv | fabric    | 9       |
|     dadddsub_64ns_64ns_64_2_full_dsp_1_U15                              | 3   |        | add           | dsub | fulldsp   | 1       |
|     dmul_64ns_64ns_64_2_max_dsp_1_U20                                   | 11  |        | resultf       | dmul | maxdsp    | 1       |
|   + exp_generic_double_s (grp_exp_generic_double_s_fu_89)               | 29  |        |               |      |           |         |
|     m_exp_fu_312_p2                                                     |     |        | m_exp         | add  | fabric    | 0       |
|     e_frac_1_fu_330_p2                                                  |     |        | e_frac_1      | sub  | fabric    | 0       |
|     sub_ln229_fu_364_p2                                                 |     |        | sub_ln229     | sub  | fabric    | 0       |
|     mac_muladd_16s_15ns_19s_31_4_1_U5                                   | 1   |        | mul_ln243     | mul  | dsp_slice | 3       |
|     mac_muladd_16s_15ns_19s_31_4_1_U5                                   | 1   |        | add_ln243     | add  | dsp_slice | 3       |
|     add_ln243_1_fu_526_p2                                               |     |        | add_ln243_1   | add  | fabric    | 0       |
|     mul_13s_71s_71_1_1_U1                                               | 4   |        | mul_ln249     | mul  | auto      | 0       |
|     m_diff_fu_571_p2                                                    |     |        | m_diff        | sub  | fabric    | 0       |
|     exp_Z4_m_1_fu_656_p2                                                |     |        | exp_Z4_m_1    | add  | fabric    | 0       |
|     mul_43ns_36ns_79_1_1_U2                                             | 6   |        | mul_ln123     | mul  | auto      | 0       |
|     add_ln130_fu_699_p2                                                 |     |        | add_ln130     | add  | fabric    | 0       |
|     exp_Z2P_m_1_fu_709_p2                                               |     |        | exp_Z2P_m_1   | add  | fabric    | 0       |
|     mul_49ns_44ns_93_1_1_U3                                             | 9   |        | mul_ln142     | mul  | auto      | 0       |
|     add_ln145_fu_758_p2                                                 |     |        | add_ln145     | add  | fabric    | 0       |
|     exp_Z1P_m_1_l_fu_828_p2                                             |     |        | exp_Z1P_m_1_l | add  | fabric    | 0       |
|     add_ln297_fu_854_p2                                                 |     |        | add_ln297     | add  | fabric    | 0       |
|     mul_50ns_50ns_100_1_1_U4                                            | 9   |        | mul_ln297     | mul  | auto      | 0       |
|     add_ln297_1_fu_882_p2                                               |     |        | add_ln297_1   | add  | fabric    | 0       |
|     r_exp_1_fu_896_p2                                                   |     |        | r_exp_1       | add  | fabric    | 0       |
|     out_exp_fu_954_p2                                                   |     |        | out_exp       | add  | fabric    | 0       |
|  + Lenet_HW_Pipeline_VITIS_LOOP_112_2_VITIS_LOOP_114_3_VITIS_LOOP_115_4 | 0   |        |               |      |           |         |
|    add_ln112_fu_179_p2                                                  |     |        | add_ln112     | add  | fabric    | 0       |
|    add_ln112_1_fu_229_p2                                                |     |        | add_ln112_1   | add  | fabric    | 0       |
|    add_ln114_fu_243_p2                                                  |     |        | add_ln114     | add  | fabric    | 0       |
|    tmp1_fu_269_p2                                                       |     |        | tmp1          | add  | fabric    | 0       |
|    add_ln115_fu_300_p2                                                  |     |        | add_ln115     | add  | fabric    | 0       |
|    add_ln114_1_fu_320_p2                                                |     |        | add_ln114_1   | add  | fabric    | 0       |
|  + generic_tanh_double_s (grp_generic_tanh_double_s_fu_146)             | 55  |        |               |      |           |         |
|    dadddsub_64ns_64ns_64_2_full_dsp_1_U15                               | 3   |        | x             | dsub | fulldsp   | 1       |
|    dadd_64ns_64ns_64_2_full_dsp_1_U16                                   | 3   |        | x_1           | dadd | fulldsp   | 1       |
|    dadd_64ns_64ns_64_2_full_dsp_1_U17                                   | 3   |        | sub_i         | dadd | fulldsp   | 1       |
|    dadd_64ns_64ns_64_2_full_dsp_1_U18                                   | 3   |        | add2          | dadd | fulldsp   | 1       |
|    ddiv_64ns_64ns_64_10_no_dsp_1_U21                                    |     |        | div           | ddiv | fabric    | 9       |
|    dsub_64ns_64ns_64_2_full_dsp_1_U19                                   | 3   |        | resultf_2     | dsub | fulldsp   | 1       |
|    ddiv_64ns_64ns_64_10_no_dsp_1_U21                                    |     |        | resultf_1     | ddiv | fabric    | 9       |
|    dadddsub_64ns_64ns_64_2_full_dsp_1_U15                               | 3   |        | add           | dsub | fulldsp   | 1       |
|    dmul_64ns_64ns_64_2_max_dsp_1_U20                                    | 11  |        | resultf       | dmul | maxdsp    | 1       |
|   + exp_generic_double_s (grp_exp_generic_double_s_fu_89)               | 29  |        |               |      |           |         |
|     m_exp_fu_312_p2                                                     |     |        | m_exp         | add  | fabric    | 0       |
|     e_frac_1_fu_330_p2                                                  |     |        | e_frac_1      | sub  | fabric    | 0       |
|     sub_ln229_fu_364_p2                                                 |     |        | sub_ln229     | sub  | fabric    | 0       |
|     mac_muladd_16s_15ns_19s_31_4_1_U5                                   | 1   |        | mul_ln243     | mul  | dsp_slice | 3       |
|     mac_muladd_16s_15ns_19s_31_4_1_U5                                   | 1   |        | add_ln243     | add  | dsp_slice | 3       |
|     add_ln243_1_fu_526_p2                                               |     |        | add_ln243_1   | add  | fabric    | 0       |
|     mul_13s_71s_71_1_1_U1                                               | 4   |        | mul_ln249     | mul  | auto      | 0       |
|     m_diff_fu_571_p2                                                    |     |        | m_diff        | sub  | fabric    | 0       |
|     exp_Z4_m_1_fu_656_p2                                                |     |        | exp_Z4_m_1    | add  | fabric    | 0       |
|     mul_43ns_36ns_79_1_1_U2                                             | 6   |        | mul_ln123     | mul  | auto      | 0       |
|     add_ln130_fu_699_p2                                                 |     |        | add_ln130     | add  | fabric    | 0       |
|     exp_Z2P_m_1_fu_709_p2                                               |     |        | exp_Z2P_m_1   | add  | fabric    | 0       |
|     mul_49ns_44ns_93_1_1_U3                                             | 9   |        | mul_ln142     | mul  | auto      | 0       |
|     add_ln145_fu_758_p2                                                 |     |        | add_ln145     | add  | fabric    | 0       |
|     exp_Z1P_m_1_l_fu_828_p2                                             |     |        | exp_Z1P_m_1_l | add  | fabric    | 0       |
|     add_ln297_fu_854_p2                                                 |     |        | add_ln297     | add  | fabric    | 0       |
|     mul_50ns_50ns_100_1_1_U4                                            | 9   |        | mul_ln297     | mul  | auto      | 0       |
|     add_ln297_1_fu_882_p2                                               |     |        | add_ln297_1   | add  | fabric    | 0       |
|     r_exp_1_fu_896_p2                                                   |     |        | r_exp_1       | add  | fabric    | 0       |
|     out_exp_fu_954_p2                                                   |     |        | out_exp       | add  | fabric    | 0       |
+-------------------------------------------------------------------------+-----+--------+---------------+------+-----------+---------+


================================================================
== Storage Report
================================================================
+-------------------------------------------------------------------+--------------+------+------+------+--------+-------------------------------------------------------------+------+---------+------------------+
| Name                                                              | Usage        | Type | BRAM | URAM | Pragma | Variable                                                    | Impl | Latency | Bitwidth, Depth, |
|                                                                   |              |      |      |      |        |                                                             |      |         | Banks            |
+-------------------------------------------------------------------+--------------+------+------+------+--------+-------------------------------------------------------------+------+---------+------------------+
| + Lenet_HW                                                        |              |      | 11   | 0    |        |                                                             |      |         |                  |
|   Layer2_Neurons_CPU_U                                            | rom_np array |      | 2    |      |        | Layer2_Neurons_CPU                                          | auto | 1       | 32, 1014, 1      |
|   Layer3_Neurons_CPU_U                                            | ram_1p array |      | 4    |      |        | Layer3_Neurons_CPU                                          | auto | 1       | 32, 1250, 1      |
|  + calculateLayer2                                                |              |      | 0    | 0    |        |                                                             |      |         |                  |
|    conv_buff_U                                                    | ram_1p array |      |      |      |        | conv_buff                                                   | auto | 0       | 32, 841, 1       |
|   + generic_tanh_double_s (grp_generic_tanh_double_s_fu_229)      |              |      | 5    | 0    |        |                                                             |      |         |                  |
|   + exp_generic_double_s (grp_exp_generic_double_s_fu_89)         |              |      | 5    | 0    |        |                                                             |      |         |                  |
|     table_exp_Z1_ap_ufixed_58_1_ap_q_mode_5_ap_o_mode_3_0_array_U | rom_1p       |      | 2    |      |        | table_exp_Z1_ap_ufixed_58_1_ap_q_mode_5_ap_o_mode_3_0_array | auto | 1       | 58, 256, 1       |
|     table_f_Z3_ap_ufixed_59_0_ap_q_mode_5_ap_o_mode_3_0_array_U   | rom_2p       |      | 1    |      |        | table_f_Z3_ap_ufixed_59_0_ap_q_mode_5_ap_o_mode_3_0_array   | auto | 1       | 26, 256, 1       |
|     table_f_Z2_ap_ufixed_59_0_ap_q_mode_5_ap_o_mode_3_0_array_U   | rom_1p       |      | 2    |      |        | table_f_Z2_ap_ufixed_59_0_ap_q_mode_5_ap_o_mode_3_0_array   | auto | 1       | 42, 256, 1       |
|  + calculateLayer3                                                |              |      | 0    | 0    |        |                                                             |      |         |                  |
|    conv_buff_U                                                    | ram_1p array |      |      |      |        | conv_buff                                                   | auto | 0       | 32, 169, 1       |
|   + generic_tanh_double_s (grp_generic_tanh_double_s_fu_448)      |              |      | 5    | 0    |        |                                                             |      |         |                  |
|   + exp_generic_double_s (grp_exp_generic_double_s_fu_89)         |              |      | 5    | 0    |        |                                                             |      |         |                  |
|     table_exp_Z1_ap_ufixed_58_1_ap_q_mode_5_ap_o_mode_3_0_array_U | rom_1p       |      | 2    |      |        | table_exp_Z1_ap_ufixed_58_1_ap_q_mode_5_ap_o_mode_3_0_array | auto | 1       | 58, 256, 1       |
|     table_f_Z3_ap_ufixed_59_0_ap_q_mode_5_ap_o_mode_3_0_array_U   | rom_2p       |      | 1    |      |        | table_f_Z3_ap_ufixed_59_0_ap_q_mode_5_ap_o_mode_3_0_array   | auto | 1       | 26, 256, 1       |
|     table_f_Z2_ap_ufixed_59_0_ap_q_mode_5_ap_o_mode_3_0_array_U   | rom_1p       |      | 2    |      |        | table_f_Z2_ap_ufixed_59_0_ap_q_mode_5_ap_o_mode_3_0_array   | auto | 1       | 42, 256, 1       |
|  + generic_tanh_double_s (grp_generic_tanh_double_s_fu_146)       |              |      | 5    | 0    |        |                                                             |      |         |                  |
|   + exp_generic_double_s (grp_exp_generic_double_s_fu_89)         |              |      | 5    | 0    |        |                                                             |      |         |                  |
|     table_exp_Z1_ap_ufixed_58_1_ap_q_mode_5_ap_o_mode_3_0_array_U | rom_1p       |      | 2    |      |        | table_exp_Z1_ap_ufixed_58_1_ap_q_mode_5_ap_o_mode_3_0_array | auto | 1       | 58, 256, 1       |
|     table_f_Z3_ap_ufixed_59_0_ap_q_mode_5_ap_o_mode_3_0_array_U   | rom_2p       |      | 1    |      |        | table_f_Z3_ap_ufixed_59_0_ap_q_mode_5_ap_o_mode_3_0_array   | auto | 1       | 26, 256, 1       |
|     table_f_Z2_ap_ufixed_59_0_ap_q_mode_5_ap_o_mode_3_0_array_U   | rom_1p       |      | 2    |      |        | table_f_Z2_ap_ufixed_59_0_ap_q_mode_5_ap_o_mode_3_0_array   | auto | 1       | 42, 256, 1       |
+-------------------------------------------------------------------+--------------+------+------+------+--------+-------------------------------------------------------------+------+---------+------------------+


================================================================
== Pragma Report
================================================================
* Valid Pragma Syntax
+-----------+------------------------------------------------------+----------------------------------------------------------+
| Type      | Options                                              | Location                                                 |
+-----------+------------------------------------------------------+----------------------------------------------------------+
| interface | mode=axis port=Layer1_Neurons_stream                 | HW_CNN.cpp:15 in lenet_hw, Layer1_Neurons_stream         |
| interface | mode=axis port=Layer1_Weights_stream                 | HW_CNN.cpp:16 in lenet_hw, Layer1_Weights_stream         |
| interface | mode=axis port=Layer2_Weights_stream                 | HW_CNN.cpp:17 in lenet_hw, Layer2_Weights_stream         |
| interface | mode=axis port=Layer3_Weights_stream                 | HW_CNN.cpp:18 in lenet_hw, Layer3_Weights_stream         |
| interface | mode=axis port=Layer4_Neurons_stream                 | HW_CNN.cpp:19 in lenet_hw, Layer4_Neurons_stream         |
| interface | mode=axis port=Layer1_Neurons_stream                 | HW_CNN.cpp:35 in calculatelayer2, Layer1_Neurons_stream  |
| interface | mode=axis port=Layer1_Weights_stream                 | HW_CNN.cpp:36 in calculatelayer2, Layer1_Weights_stream  |
| interface | mode=s_axilite port=Layer2_Neurons_CPU bundle=OUTPUT | HW_CNN.cpp:37 in calculatelayer2, Layer2_Neurons_CPU     |
| pipeline  | II=1                                                 | HW_CNN.cpp:46 in calculatelayer2                         |
| interface | mode=s_axilite port=Layer2_Neurons_CPU bundle=INPUT  | HW_CNN.cpp:68 in calculatelayer3, Layer2_Neurons_CPU     |
| interface | mode=axis port=Layer2_Weights_stream                 | HW_CNN.cpp:69 in calculatelayer3, Layer2_Weights_stream  |
| interface | mode=s_axilite port=Layer3_Neurons_CPU bundle=OUTPUT | HW_CNN.cpp:70 in calculatelayer3, Layer3_Neurons_CPU     |
| pipeline  | II=1                                                 | HW_CNN.cpp:79 in calculatelayer3                         |
| interface | mode=s_axilite port=Layer3_Neurons_CPU bundle=INPUT  | HW_CNN.cpp:101 in calculatelayer4, Layer3_Neurons_CPU    |
| interface | mode=axis port=Layer3_Weights_stream                 | HW_CNN.cpp:102 in calculatelayer4, Layer3_Weights_stream |
| interface | mode=axis port=Layer4_Neurons_stream                 | HW_CNN.cpp:103 in calculatelayer4, Layer4_Neurons_stream |
| pipeline  | II=1                                                 | HW_CNN.cpp:116 in calculatelayer4                        |
+-----------+------------------------------------------------------+----------------------------------------------------------+


