

================================================================
== Vitis HLS Report for 'exp_generic_double_s'
================================================================
* Date:           Thu Jan  9 17:24:03 2025

* Version:        2023.2 (Build 4023990 on Oct 11 2023)
* Project:        CNN_lenet5
* Solution:       solution1 (Vivado IP Flow Target)
* Product family: zynq
* Target device:  xc7z020-clg484-1


================================================================
== Performance Estimates
================================================================
+ Timing: 
    * Summary: 
    +--------+----------+----------+------------+
    |  Clock |  Target  | Estimated| Uncertainty|
    +--------+----------+----------+------------+
    |ap_clk  |  10.00 ns|  7.130 ns|     2.70 ns|
    +--------+----------+----------+------------+

+ Latency: 
    * Summary: 
    +---------+---------+----------+----------+-----+-----+---------+
    |  Latency (cycles) |  Latency (absolute) |  Interval | Pipeline|
    |   min   |   max   |    min   |    max   | min | max |   Type  |
    +---------+---------+----------+----------+-----+-----+---------+
    |       28|       28|  0.280 us|  0.280 us|    1|    1|      yes|
    +---------+---------+----------+----------+-----+-----+---------+

    + Detail: 
        * Instance: 
        N/A

        * Loop: 
        N/A



================================================================
== Utilization Estimates
================================================================
* Summary: 
+-----------------+---------+-----+--------+-------+-----+
|       Name      | BRAM_18K| DSP |   FF   |  LUT  | URAM|
+-----------------+---------+-----+--------+-------+-----+
|DSP              |        -|    1|       -|      -|    -|
|Expression       |        -|    -|       0|   2328|    -|
|FIFO             |        -|    -|       -|      -|    -|
|Instance         |        -|   28|    1345|    573|    -|
|Memory           |        5|    -|       0|      0|    -|
|Multiplexer      |        -|    -|       -|      -|    -|
|Register         |        -|    -|    2349|    512|    -|
+-----------------+---------+-----+--------+-------+-----+
|Total            |        5|   29|    3694|   3413|    0|
+-----------------+---------+-----+--------+-------+-----+
|Available        |      280|  220|  106400|  53200|    0|
+-----------------+---------+-----+--------+-------+-----+
|Utilization (%)  |        1|   13|       3|      6|    0|
+-----------------+---------+-----+--------+-------+-----+

+ Detail: 
    * Instance: 
    +--------------------------+-----------------------+---------+----+-----+-----+-----+
    |         Instance         |         Module        | BRAM_18K| DSP|  FF | LUT | URAM|
    +--------------------------+-----------------------+---------+----+-----+-----+-----+
    |mul_13s_71s_71_5_1_U1     |mul_13s_71s_71_5_1     |        0|   4|  441|  256|    0|
    |mul_43ns_36ns_79_3_1_U2   |mul_43ns_36ns_79_3_1   |        0|   6|  230|  147|    0|
    |mul_49ns_44ns_93_5_1_U3   |mul_49ns_44ns_93_5_1   |        0|   9|  334|   84|    0|
    |mul_50ns_50ns_100_5_1_U4  |mul_50ns_50ns_100_5_1  |        0|   9|  340|   86|    0|
    +--------------------------+-----------------------+---------+----+-----+-----+-----+
    |Total                     |                       |        0|  28| 1345|  573|    0|
    +--------------------------+-----------------------+---------+----+-----+-----+-----+

    * DSP: 
    +-----------------------------------+--------------------------------+--------------+
    |              Instance             |             Module             |  Expression  |
    +-----------------------------------+--------------------------------+--------------+
    |mac_muladd_16s_15ns_19s_31_4_1_U5  |mac_muladd_16s_15ns_19s_31_4_1  |  i0 + i1 * i2|
    +-----------------------------------+--------------------------------+--------------+

    * Memory: 
    +---------------------------------------------------------------+----------------------------------------------------------------------------------+---------+---+----+-----+------+-----+------+-------------+
    |                             Memory                            |                                      Module                                      | BRAM_18K| FF| LUT| URAM| Words| Bits| Banks| W*Bits*Banks|
    +---------------------------------------------------------------+----------------------------------------------------------------------------------+---------+---+----+-----+------+-----+------+-------------+
    |table_exp_Z1_ap_ufixed_58_1_ap_q_mode_5_ap_o_mode_3_0_array_U  |exp_generic_double_s_table_exp_Z1_ap_ufixed_58_1_ap_q_mode_5_ap_o_mode_3_0_arbkb  |        2|  0|   0|    0|   256|   58|     1|        14848|
    |table_f_Z2_ap_ufixed_59_0_ap_q_mode_5_ap_o_mode_3_0_array_U    |exp_generic_double_s_table_f_Z2_ap_ufixed_59_0_ap_q_mode_5_ap_o_mode_3_0_arradEe  |        2|  0|   0|    0|   256|   42|     1|        10752|
    |table_f_Z3_ap_ufixed_59_0_ap_q_mode_5_ap_o_mode_3_0_array_U    |exp_generic_double_s_table_f_Z3_ap_ufixed_59_0_ap_q_mode_5_ap_o_mode_3_0_arracud  |        1|  0|   0|    0|   256|   26|     1|         6656|
    +---------------------------------------------------------------+----------------------------------------------------------------------------------+---------+---+----+-----+------+-----+------+-------------+
    |Total                                                          |                                                                                  |        5|  0|   0|    0|   768|  126|     3|        32256|
    +---------------------------------------------------------------+----------------------------------------------------------------------------------+---------+---+----+-----+------+-----+------+-------------+

    * FIFO: 
    N/A

    * Expression: 
    +-------------------------+----------+----+---+-----+------------+------------+
    |      Variable Name      | Operation| DSP| FF| LUT | Bitwidth P0| Bitwidth P1|
    +-------------------------+----------+----+---+-----+------------+------------+
    |add_ln130_fu_678_p2      |         +|   0|  0|   43|          36|          36|
    |add_ln145_fu_751_p2      |         +|   0|  0|   51|          44|          44|
    |add_ln243_1_fu_516_p2    |         +|   0|  0|   14|          13|           1|
    |add_ln297_1_fu_809_p2    |         +|   0|  0|  114|         107|         107|
    |add_ln297_fu_794_p2      |         +|   0|  0|   65|          58|           5|
    |exp_Z1P_m_1_l_fu_760_p2  |         +|   0|  0|   59|          52|          52|
    |exp_Z2P_m_1_fu_687_p2    |         +|   0|  0|   51|          44|          44|
    |exp_Z4_m_1_fu_635_p2     |         +|   0|  0|   43|          36|          36|
    |m_exp_fu_312_p2          |         +|   0|  0|   12|          12|          11|
    |out_exp_fu_927_p2        |         +|   0|  0|   12|          11|          10|
    |r_exp_1_fu_823_p2        |         +|   0|  0|   14|          13|           2|
    |e_frac_1_fu_330_p2       |         -|   0|  0|   61|           1|          54|
    |m_diff_fu_559_p2         |         -|   0|  0|   66|          59|          59|
    |sub_ln229_fu_352_p2      |         -|   0|  0|   12|          10|          11|
    |and_ln182_1_fu_866_p2    |       and|   0|  0|    2|           1|           1|
    |and_ln182_fu_871_p2      |       and|   0|  0|    2|           1|           1|
    |and_ln18_fu_881_p2       |       and|   0|  0|    2|           1|           1|
    |and_ln309_1_fu_988_p2    |       and|   0|  0|    2|           1|           1|
    |and_ln309_2_fu_1004_p2   |       and|   0|  0|    2|           1|           1|
    |and_ln309_3_fu_1024_p2   |       and|   0|  0|    2|           1|           1|
    |and_ln309_4_fu_1045_p2   |       and|   0|  0|    2|           1|           1|
    |and_ln309_5_fu_1051_p2   |       and|   0|  0|    2|           1|           1|
    |and_ln309_fu_978_p2      |       and|   0|  0|    2|           1|           1|
    |ashr_ln229_fu_394_p2     |      ashr|   0|  0|  210|          71|          71|
    |ashr_ln230_fu_457_p2     |      ashr|   0|  0|  182|          64|          64|
    |icmp_ln18_1_fu_302_p2    |      icmp|   0|  0|   59|          52|           1|
    |icmp_ln18_fu_296_p2      |      icmp|   0|  0|   12|          11|           2|
    |icmp_ln243_fu_510_p2     |      icmp|   0|  0|   25|          18|           1|
    |icmp_ln309_1_fu_845_p2   |      icmp|   0|  0|   11|           3|           1|
    |icmp_ln309_2_fu_486_p2   |      icmp|   0|  0|   78|          71|          71|
    |icmp_ln309_fu_370_p2     |      icmp|   0|  0|   12|          12|           1|
    |icmp_ln326_fu_851_p2     |      icmp|   0|  0|   14|          13|          11|
    |or_ln185_fu_894_p2       |        or|   0|  0|    2|           1|           1|
    |or_ln309_1_fu_993_p2     |        or|   0|  0|    2|           1|           1|
    |or_ln309_2_fu_1029_p2    |        or|   0|  0|    2|           1|           1|
    |or_ln309_3_fu_1039_p2    |        or|   0|  0|    2|           1|           1|
    |or_ln309_fu_908_p2       |        or|   0|  0|    2|           1|           1|
    |ap_return                |    select|   0|  0|   64|           1|           1|
    |m_fix_fu_406_p3          |    select|   0|  0|   71|           1|          71|
    |r_exp_2_fu_828_p3        |    select|   0|  0|   13|           1|          13|
    |r_exp_fu_530_p3          |    select|   0|  0|   13|           1|          13|
    |select_ln185_fu_900_p3   |    select|   0|  0|   64|           1|          64|
    |select_ln18_1_fu_971_p3  |    select|   0|  0|   64|           1|          64|
    |select_ln18_fu_886_p3    |    select|   0|  0|   63|           1|          63|
    |select_ln224_fu_336_p3   |    select|   0|  0|   54|           1|          54|
    |select_ln229_fu_362_p3   |    select|   0|  0|   12|           1|          12|
    |select_ln230_fu_473_p3   |    select|   0|  0|   64|           1|          64|
    |select_ln243_fu_522_p3   |    select|   0|  0|   13|           1|          13|
    |select_ln303_fu_950_p3   |    select|   0|  0|   52|           1|          52|
    |select_ln309_fu_1010_p3  |    select|   0|  0|   64|           1|          64|
    |select_ln310_fu_919_p3   |    select|   0|  0|   63|           1|           1|
    |shl_ln229_fu_400_p2      |       shl|   0|  0|  210|          71|          71|
    |shl_ln230_fu_452_p2      |       shl|   0|  0|  182|          64|          64|
    |ap_enable_pp0            |       xor|   0|  0|    2|           1|           2|
    |xor_ln182_fu_861_p2      |       xor|   0|  0|    2|           1|           2|
    |xor_ln18_1_fu_999_p2     |       xor|   0|  0|    2|           1|           2|
    |xor_ln18_fu_876_p2       |       xor|   0|  0|    2|           1|           2|
    |xor_ln309_1_fu_1018_p2   |       xor|   0|  0|    2|           1|           2|
    |xor_ln309_2_fu_1033_p2   |       xor|   0|  0|    2|           1|           2|
    |xor_ln309_fu_983_p2      |       xor|   0|  0|    2|           1|           2|
    +-------------------------+----------+----+---+-----+------------+------------+
    |Total                    |          |   0|  0| 2328|         981|        1407|
    +-------------------------+----------+----+---+-----+------------+------------+

    * Multiplexer: 
    N/A

    * Register: 
    +-----------------------------------+-----+----+-----+-----------+
    |                Name               |  FF | LUT| Bits| Const Bits|
    +-----------------------------------+-----+----+-----+-----------+
    |Z2_reg_1192                        |    8|   0|    8|          0|
    |Z3_reg_1199                        |    8|   0|    8|          0|
    |Z3_reg_1199_pp0_iter11_reg         |    8|   0|    8|          0|
    |Z4_reg_1204                        |   35|   0|   35|          0|
    |add_ln297_1_reg_1322               |  107|   0|  107|          0|
    |add_ln297_reg_1312                 |   58|   0|   58|          0|
    |ap_CS_fsm                          |    1|   0|    1|          0|
    |ap_enable_reg_pp0_iter1            |    1|   0|    1|          0|
    |ap_enable_reg_pp0_iter10           |    1|   0|    1|          0|
    |ap_enable_reg_pp0_iter11           |    1|   0|    1|          0|
    |ap_enable_reg_pp0_iter12           |    1|   0|    1|          0|
    |ap_enable_reg_pp0_iter13           |    1|   0|    1|          0|
    |ap_enable_reg_pp0_iter14           |    1|   0|    1|          0|
    |ap_enable_reg_pp0_iter15           |    1|   0|    1|          0|
    |ap_enable_reg_pp0_iter16           |    1|   0|    1|          0|
    |ap_enable_reg_pp0_iter17           |    1|   0|    1|          0|
    |ap_enable_reg_pp0_iter18           |    1|   0|    1|          0|
    |ap_enable_reg_pp0_iter19           |    1|   0|    1|          0|
    |ap_enable_reg_pp0_iter2            |    1|   0|    1|          0|
    |ap_enable_reg_pp0_iter20           |    1|   0|    1|          0|
    |ap_enable_reg_pp0_iter21           |    1|   0|    1|          0|
    |ap_enable_reg_pp0_iter22           |    1|   0|    1|          0|
    |ap_enable_reg_pp0_iter23           |    1|   0|    1|          0|
    |ap_enable_reg_pp0_iter24           |    1|   0|    1|          0|
    |ap_enable_reg_pp0_iter25           |    1|   0|    1|          0|
    |ap_enable_reg_pp0_iter26           |    1|   0|    1|          0|
    |ap_enable_reg_pp0_iter27           |    1|   0|    1|          0|
    |ap_enable_reg_pp0_iter28           |    1|   0|    1|          0|
    |ap_enable_reg_pp0_iter3            |    1|   0|    1|          0|
    |ap_enable_reg_pp0_iter4            |    1|   0|    1|          0|
    |ap_enable_reg_pp0_iter5            |    1|   0|    1|          0|
    |ap_enable_reg_pp0_iter6            |    1|   0|    1|          0|
    |ap_enable_reg_pp0_iter7            |    1|   0|    1|          0|
    |ap_enable_reg_pp0_iter8            |    1|   0|    1|          0|
    |ap_enable_reg_pp0_iter9            |    1|   0|    1|          0|
    |ashr_ln230_reg_1155                |   64|   0|   64|          0|
    |es_sign_reg_1075                   |    1|   0|    1|          0|
    |exp_Z1P_m_1_reg_1292               |   50|   0|   50|          0|
    |exp_Z1_hi_reg_1297                 |   50|   0|   50|          0|
    |exp_Z1_reg_1287                    |   58|   0|   58|          0|
    |exp_Z2P_m_1_reg_1255               |   44|   0|   44|          0|
    |exp_Z3_m_1_reg_1230                |   34|   0|   43|          9|
    |exp_Z4_m_1_reg_1219                |   36|   0|   36|          0|
    |f_Z3_reg_1225                      |   26|   0|   26|          0|
    |icmp_ln18_1_reg_1088               |    1|   0|    1|          0|
    |icmp_ln18_reg_1080                 |    1|   0|    1|          0|
    |icmp_ln309_1_reg_1333              |    1|   0|    1|          0|
    |icmp_ln309_2_reg_1165              |    1|   0|    1|          0|
    |icmp_ln309_reg_1111                |    1|   0|    1|          0|
    |icmp_ln326_reg_1340                |    1|   0|    1|          0|
    |m_diff_hi_reg_1187                 |    8|   0|    8|          0|
    |m_fix_l_reg_1129                   |   64|   0|   64|          0|
    |mul_ln297_reg_1317                 |  100|   0|  100|          0|
    |r_exp_reg_1170                     |   13|   0|   13|          0|
    |select_ln224_reg_1094              |   54|   0|   54|          0|
    |select_ln229_reg_1106              |   12|   0|   12|          0|
    |sext_ln227_reg_1119                |   64|   0|   71|          7|
    |sext_ln227_reg_1119_pp0_iter2_reg  |   64|   0|   71|          7|
    |sext_ln229_1_reg_1124              |   32|   0|   32|          0|
    |shl_ln230_reg_1150                 |   64|   0|   64|          0|
    |tmp_1_reg_1182                     |   58|   0|   58|          0|
    |tmp_2_reg_1245                     |   20|   0|   20|          0|
    |tmp_3_reg_1261                     |   40|   0|   40|          0|
    |tmp_6_reg_1135                     |    1|   0|    1|          0|
    |tmp_6_reg_1135_pp0_iter2_reg       |    1|   0|    1|          0|
    |tmp_7_reg_1282                     |   36|   0|   36|          0|
    |tmp_9_reg_1328                     |    1|   0|    1|          0|
    |tmp_reg_1100                       |    1|   0|    1|          0|
    |trunc_ln255_reg_1145               |   59|   0|   59|          0|
    |trunc_ln336_reg_1345               |   11|   0|   11|          0|
    |Z2_reg_1192                        |   64|  32|    8|          0|
    |es_sign_reg_1075                   |   64|  32|    1|          0|
    |exp_Z1_reg_1287                    |   64|  32|   58|          0|
    |exp_Z2P_m_1_reg_1255               |   64|  32|   44|          0|
    |exp_Z3_m_1_reg_1230                |   64|  32|   43|          9|
    |exp_Z4_m_1_reg_1219                |   64|  32|   36|          0|
    |icmp_ln18_1_reg_1088               |   64|  32|    1|          0|
    |icmp_ln18_reg_1080                 |   64|  32|    1|          0|
    |icmp_ln309_2_reg_1165              |   64|  32|    1|          0|
    |icmp_ln309_reg_1111                |   64|  32|    1|          0|
    |m_diff_hi_reg_1187                 |   64|  32|    8|          0|
    |r_exp_reg_1170                     |   64|  32|   13|          0|
    |select_ln224_reg_1094              |   64|  32|   54|          0|
    |tmp_3_reg_1261                     |   64|  32|   40|          0|
    |tmp_reg_1100                       |   64|  32|    1|          0|
    |trunc_ln255_reg_1145               |   64|  32|   59|          0|
    +-----------------------------------+-----+----+-----+-----------+
    |Total                              | 2349| 512| 1717|         32|
    +-----------------------------------+-----+----+-----+-----------+



================================================================
== Interface
================================================================
* Summary: 
+-----------+-----+-----+------------+---------------------+--------------+
| RTL Ports | Dir | Bits|  Protocol  |    Source Object    |    C Type    |
+-----------+-----+-----+------------+---------------------+--------------+
|ap_clk     |   in|    1|  ap_ctrl_hs|  exp_generic<double>|  return value|
|ap_rst     |   in|    1|  ap_ctrl_hs|  exp_generic<double>|  return value|
|ap_start   |   in|    1|  ap_ctrl_hs|  exp_generic<double>|  return value|
|ap_done    |  out|    1|  ap_ctrl_hs|  exp_generic<double>|  return value|
|ap_idle    |  out|    1|  ap_ctrl_hs|  exp_generic<double>|  return value|
|ap_ready   |  out|    1|  ap_ctrl_hs|  exp_generic<double>|  return value|
|ap_return  |  out|   64|  ap_ctrl_hs|  exp_generic<double>|  return value|
|x          |   in|   64|     ap_none|                    x|        scalar|
+-----------+-----+-----+------------+---------------------+--------------+

