Layer 3 Test Passed!
0 : -0.976370
1 : -0.997622
2 : 0.931896
3 : -0.992557
4 : -1.099964
5 : -0.987101
6 : -0.982861
7 : -0.966175
8 : -1.010130
9 : -0.991189
Le resultat est : 2 
La moyenne des erreurs de la cosimulation swhw :0.000000Layer 3 Test Passed!
0 : -0.976370
1 : -0.997622
2 : 0.931896
3 : -0.992557
4 : -1.099964
5 : -0.987101
6 : -0.982861
7 : -0.966175
8 : -1.010130
9 : -0.991189
Le resultat est : 2 
La moyenne des erreurs de la cosimulation swhw :0.000006
Layer 3 Test Passed!
0 : -0.976370
1 : -0.997622
2 : 0.931896
3 : -0.992557
4 : -1.099964
5 : -0.987101
6 : -0.982861
7 : -0.966175
8 : -1.010130
9 : -0.991189
Le resultat est : 2 
La moyenne des erreurs de la cosimulation sw et hw :0.000006
Layer 3 Test Passed!
0 : -0.976370
1 : -0.997622
2 : 0.931896
3 : -0.992557
4 : -1.099964
5 : -0.987101
6 : -0.982861
7 : -0.966175
8 : -1.010130
9 : -0.991189
Le resultat est : 2 
