INFO: [SIM 2] *************** CSIM start ***************
INFO: [SIM 4] CSIM will launch GCC as the compiler.
   Compiling ../../../../calculateLayer3_tb.cpp in debug mode
csim.mk:79: recipe for target 'obj/calculateLayer3_tb.o' failed
In file included from C:/Xilinx/2023.2/Vitis_HLS/2023.2/include/floating_point_v7_1_bitacc_cmodel.h:150:0,
                 from C:/Xilinx/2023.2/Vitis_HLS/2023.2/include/hls_fpo.h:140,
                 from C:/Xilinx/2023.2/Vitis_HLS/2023.2/include/etc/hls_half_fpo.h:19,
                 from C:/Xilinx/2023.2/Vitis_HLS/2023.2/include/hls_half.h:26,
                 from C:/Xilinx/2023.2/Vitis_HLS/2023.2/include/hls_math.h:15,
                 from ../../../../calculateLayer2.h:5,
                 from ../../../../calculateLayer3.h:4,
                 from ../../../../calculateLayer3_tb.cpp:2:
C:/Xilinx/2023.2/Vitis_HLS/2023.2/include/gmp.h:58:0: warning: "__GMP_LIBGMP_DLL" redefined
 #define __GMP_LIBGMP_DLL  0
 
In file included from C:/Xilinx/2023.2/Vitis_HLS/2023.2/include/hls_fpo.h:140:0,
                 from C:/Xilinx/2023.2/Vitis_HLS/2023.2/include/etc/hls_half_fpo.h:19,
                 from C:/Xilinx/2023.2/Vitis_HLS/2023.2/include/hls_half.h:26,
                 from C:/Xilinx/2023.2/Vitis_HLS/2023.2/include/hls_math.h:15,
                 from ../../../../calculateLayer2.h:5,
                 from ../../../../calculateLayer3.h:4,
                 from ../../../../calculateLayer3_tb.cpp:2:
C:/Xilinx/2023.2/Vitis_HLS/2023.2/include/floating_point_v7_1_bitacc_cmodel.h:142:0: note: this is the location of the previous definition
 #define __GMP_LIBGMP_DLL 1
 
../../../../calculateLayer3_tb.cpp: In function 'int main(int, char**)':
../../../../calculateLayer3_tb.cpp:57:81: error: ambiguous overload for 'operator*' (operand types are 'fixed_p {aka ap_fixed<16, 5, (ap_q_mode)5u, (ap_o_mode)3u, 0>}' and 'float')
                             somme += Layer1_Weights_CPU[26 * i + 5 * m + n + 1] *
                                      ~~~~~~~~~~~~~~~~~~~~~~~~~~~~~~~~~~~~~~~~~~~^
                                      Layer1_Neurons_CPU[29 * (m + 2 * j) + n + 2 * k];
                                      ~~~~~~~~~~~~~~~~~~~~~~~~~~~~~~~~~~~~~~~~~~~~~~~~
../../../../calculateLayer3_tb.cpp:57:81: note: candidate: operator*(long double, float) <built-in>
../../../../calculateLayer3_tb.cpp:57:81: note: candidate: operator*(double, float) <built-in>
../../../../calculateLayer3_tb.cpp:57:81: note: candidate: operator*(float, float) <built-in>
../../../../calculateLayer3_tb.cpp:57:81: note: candidate: operator*(int, float) <built-in>
../../../../calculateLayer3_tb.cpp:57:81: note: candidate: operator*(unsigned int, float) <built-in>
../../../../calculateLayer3_tb.cpp:57:81: note: candidate: operator*(long int, float) <built-in>
../../../../calculateLayer3_tb.cpp:57:81: note: candidate: operator*(long unsigned int, float) <built-in>
../../../../calculateLayer3_tb.cpp:57:81: note: candidate: operator*(ap_ulong {aka long long unsigned int}, float) <built-in>
../../../../calculateLayer3_tb.cpp:57:81: note: candidate: operator*(ap_slong {aka long long int}, float) <built-in>
In file included from C:/Xilinx/2023.2/Vitis_HLS/2023.2/include/ap_fixed.h:10:0,
                 from C:/Xilinx/2023.2/Vitis_HLS/2023.2/include/etc/hls_hotbm_apfixed.h:16,
                 from C:/Xilinx/2023.2/Vitis_HLS/2023.2/include/hls_math.h:1039,
                 from ../../../../calculateLayer2.h:5,
                 from ../../../../calculateLayer3.h:4,
                 from ../../../../calculateLayer3_tb.cpp:2:
C:/Xilinx/2023.2/Vitis_HLS/2023.2/include/etc/ap_fixed_base.h:2293:3: note: candidate: typename ap_fixed_base<_AP_W, _AP_I, _AP_S>::RType<_AP_SIZE_ap_slong, _AP_SIZE_ap_slong, false>::mult operator*(const ap_fixed_base<_AP_W, _AP_I, _AP_S, _AP_Q, _AP_O, _AP_N>&, ap_ulong) [with int _AP_W = 16; int _AP_I = 5; bool _AP_S = true; ap_q_mode _AP_Q = (ap_q_mode)5u; ap_o_mode _AP_O = (ap_o_mode)3u; int _AP_N = 0; typename ap_fixed_base<_AP_W, _AP_I, _AP_S>::RType<_AP_SIZE_ap_slong, _AP_SIZE_ap_slong, false>::mult = ap_fixed<80, 69, (ap_q_mode)5u, (ap_o_mode)3u, 0>; ap_ulong = long long unsigned int]
   operator BIN_OP(                                                          \
   ^
C:/Xilinx/2023.2/Vitis_HLS/2023.2/include/etc/ap_fixed_base.h:2347:3: note: in expansion of macro 'AF_BIN_OP_WITH_INT'
   AF_BIN_OP_WITH_INT(*, C_TYPE, (BITS), (SIGN), mult)     \
   ^~~~~~~~~~~~~~~~~~
C:/Xilinx/2023.2/Vitis_HLS/2023.2/include/etc/ap_fixed_base.h:2383:1: note: in expansion of macro 'ALL_AF_OP_WITH_INT'
 ALL_AF_OP_WITH_INT(ap_ulong, _AP_SIZE_ap_slong, false)
 ^~~~~~~~~~~~~~~~~~
C:/Xilinx/2023.2/Vitis_HLS/2023.2/include/etc/ap_fixed_base.h:2293:3: note: candidate: typename ap_fixed_base<_AP_W, _AP_I, _AP_S>::RType<_AP_SIZE_ap_slong, _AP_SIZE_ap_slong, true>::mult operator*(const ap_fixed_base<_AP_W, _AP_I, _AP_S, _AP_Q, _AP_O, _AP_N>&, ap_slong) [with int _AP_W = 16; int _AP_I = 5; bool _AP_S = true; ap_q_mode _AP_Q = (ap_q_mode)5u; ap_o_mode _AP_O = (ap_o_mode)3u; int _AP_N = 0; typename ap_fixed_base<_AP_W, _AP_I, _AP_S>::RType<_AP_SIZE_ap_slong, _AP_SIZE_ap_slong, true>::mult = ap_fixed<80, 69, (ap_q_mode)5u, (ap_o_mode)3u, 0>; ap_slong = long long int]
   operator BIN_OP(                                                          \
   ^
C:/Xilinx/2023.2/Vitis_HLS/2023.2/include/etc/ap_fixed_base.h:2347:3: note: in expansion of macro 'AF_BIN_OP_WITH_INT'
   AF_BIN_OP_WITH_INT(*, C_TYPE, (BITS), (SIGN), mult)     \
   ^~~~~~~~~~~~~~~~~~
C:/Xilinx/2023.2/Vitis_HLS/2023.2/include/etc/ap_fixed_base.h:2382:1: note: in expansion of macro 'ALL_AF_OP_WITH_INT'
 ALL_AF_OP_WITH_INT(ap_slong, _AP_SIZE_ap_slong, true)
 ^~~~~~~~~~~~~~~~~~
C:/Xilinx/2023.2/Vitis_HLS/2023.2/include/etc/ap_fixed_base.h:2293:3: note: candidate: typename ap_fixed_base<_AP_W, _AP_I, _AP_S>::RType<_AP_SIZE_long, _AP_SIZE_long, false>::mult operator*(const ap_fixed_base<_AP_W, _AP_I, _AP_S, _AP_Q, _AP_O, _AP_N>&, long unsigned int) [with int _AP_W = 16; int _AP_I = 5; bool _AP_S = true; ap_q_mode _AP_Q = (ap_q_mode)5u; ap_o_mode _AP_O = (ap_o_mode)3u; int _AP_N = 0; typename ap_fixed_base<_AP_W, _AP_I, _AP_S>::RType<_AP_SIZE_long, _AP_SIZE_long, false>::mult = ap_fixed<48, 37, (ap_q_mode)5u, (ap_o_mode)3u, 0>]
   operator BIN_OP(                                                          \
   ^
C:/Xilinx/2023.2/Vitis_HLS/2023.2/include/etc/ap_fixed_base.h:2347:3: note: in expansion of macro 'AF_BIN_OP_WITH_INT'
   AF_BIN_OP_WITH_INT(*, C_TYPE, (BITS), (SIGN), mult)     \
   ^~~~~~~~~~~~~~~~~~
C:/Xilinx/2023.2/Vitis_HLS/2023.2/include/etc/ap_fixed_base.h:2381:1: note: in expansion of macro 'ALL_AF_OP_WITH_INT'
 ALL_AF_OP_WITH_INT(unsigned long, _AP_SIZE_long, false)
 ^~~~~~~~~~~~~~~~~~
C:/Xilinx/2023.2/Vitis_HLS/2023.2/include/etc/ap_fixed_base.h:2293:3: note: candidate: typename ap_fixed_base<_AP_W, _AP_I, _AP_S>::RType<_AP_SIZE_long, _AP_SIZE_long, true>::mult operator*(const ap_fixed_base<_AP_W, _AP_I, _AP_S, _AP_Q, _AP_O, _AP_N>&, long int) [with int _AP_W = 16; int _AP_I = 5; bool _AP_S = true; ap_q_mode _AP_Q = (ap_q_mode)5u; ap_o_mode _AP_O = (ap_o_mode)3u; int _AP_N = 0; typename ap_fixed_base<_AP_W, _AP_I, _AP_S>::RType<_AP_SIZE_long, _AP_SIZE_long, true>::mult = ap_fixed<48, 37, (ap_q_mode)5u, (ap_o_mode)3u, 0>]
   operator BIN_OP(                                                          \
   ^
C:/Xilinx/2023.2/Vitis_HLS/2023.2/include/etc/ap_fixed_base.h:2347:3: note: in expansion of macro 'AF_BIN_OP_WITH_INT'
   AF_BIN_OP_WITH_INT(*, C_TYPE, (BITS), (SIGN), mult)     \
   ^~~~~~~~~~~~~~~~~~
C:/Xilinx/2023.2/Vitis_HLS/2023.2/include/etc/ap_fixed_base.h:2380:1: note: in expansion of macro 'ALL_AF_OP_WITH_INT'
 ALL_AF_OP_WITH_INT(long, _AP_SIZE_long, true)
 ^~~~~~~~~~~~~~~~~~
C:/Xilinx/2023.2/Vitis_HLS/2023.2/include/etc/ap_fixed_base.h:2293:3: note: candidate: typename ap_fixed_base<_AP_W, _AP_I, _AP_S>::RType<_AP_SIZE_int, _AP_SIZE_int, false>::mult operator*(const ap_fixed_base<_AP_W, _AP_I, _AP_S, _AP_Q, _AP_O, _AP_N>&, unsigned int) [with int _AP_W = 16; int _AP_I = 5; bool _AP_S = true; ap_q_mode _AP_Q = (ap_q_mode)5u; ap_o_mode _AP_O = (ap_o_mode)3u; int _AP_N = 0; typename ap_fixed_base<_AP_W, _AP_I, _AP_S>::RType<_AP_SIZE_int, _AP_SIZE_int, false>::mult = ap_fixed<48, 37, (ap_q_mode)5u, (ap_o_mode)3u, 0>]
   operator BIN_OP(                                                          \
   ^
C:/Xilinx/2023.2/Vitis_HLS/2023.2/include/etc/ap_fixed_base.h:2347:3: note: in expansion of macro 'AF_BIN_OP_WITH_INT'
   AF_BIN_OP_WITH_INT(*, C_TYPE, (BITS), (SIGN), mult)     \
   ^~~~~~~~~~~~~~~~~~
C:/Xilinx/2023.2/Vitis_HLS/2023.2/include/etc/ap_fixed_base.h:2379:1: note: in expansion of macro 'ALL_AF_OP_WITH_INT'
 ALL_AF_OP_WITH_INT(unsigned int, _AP_SIZE_int, false)
 ^~~~~~~~~~~~~~~~~~
C:/Xilinx/2023.2/Vitis_HLS/2023.2/include/etc/ap_fixed_base.h:2293:3: note: candidate: typename ap_fixed_base<_AP_W, _AP_I, _AP_S>::RType<_AP_SIZE_int, _AP_SIZE_int, true>::mult operator*(const ap_fixed_base<_AP_W, _AP_I, _AP_S, _AP_Q, _AP_O, _AP_N>&, int) [with int _AP_W = 16; int _AP_I = 5; bool _AP_S = true; ap_q_mode _AP_Q = (ap_q_mode)5u; ap_o_mode _AP_O = (ap_o_mode)3u; int _AP_N = 0; typename ap_fixed_base<_AP_W, _AP_I, _AP_S>::RType<_AP_SIZE_int, _AP_SIZE_int, true>::mult = ap_fixed<48, 37, (ap_q_mode)5u, (ap_o_mode)3u, 0>]
   operator BIN_OP(                                                          \
   ^
C:/Xilinx/2023.2/Vitis_HLS/2023.2/include/etc/ap_fixed_base.h:2347:3: note: in expansion of macro 'AF_BIN_OP_WITH_INT'
   AF_BIN_OP_WITH_INT(*, C_TYPE, (BITS), (SIGN), mult)     \
   ^~~~~~~~~~~~~~~~~~
C:/Xilinx/2023.2/Vitis_HLS/2023.2/include/etc/ap_fixed_base.h:2378:1: note: in expansion of macro 'ALL_AF_OP_WITH_INT'
 ALL_AF_OP_WITH_INT(int, _AP_SIZE_int, true)
 ^~~~~~~~~~~~~~~~~~
C:/Xilinx/2023.2/Vitis_HLS/2023.2/include/etc/ap_fixed_base.h:2293:3: note: candidate: typename ap_fixed_base<_AP_W, _AP_I, _AP_S>::RType<_AP_SIZE_short, _AP_SIZE_short, false>::mult operator*(const ap_fixed_base<_AP_W, _AP_I, _AP_S, _AP_Q, _AP_O, _AP_N>&, short unsigned int) [with int _AP_W = 16; int _AP_I = 5; bool _AP_S = true; ap_q_mode _AP_Q = (ap_q_mode)5u; ap_o_mode _AP_O = (ap_o_mode)3u; int _AP_N = 0; typename ap_fixed_base<_AP_W, _AP_I, _AP_S>::RType<_AP_SIZE_short, _AP_SIZE_short, false>::mult = ap_fixed<32, 21, (ap_q_mode)5u, (ap_o_mode)3u, 0>]
   operator BIN_OP(                                                          \
   ^
C:/Xilinx/2023.2/Vitis_HLS/2023.2/include/etc/ap_fixed_base.h:2347:3: note: in expansion of macro 'AF_BIN_OP_WITH_INT'
   AF_BIN_OP_WITH_INT(*, C_TYPE, (BITS), (SIGN), mult)     \
   ^~~~~~~~~~~~~~~~~~
C:/Xilinx/2023.2/Vitis_HLS/2023.2/include/etc/ap_fixed_base.h:2377:1: note: in expansion of macro 'ALL_AF_OP_WITH_INT'
 ALL_AF_OP_WITH_INT(unsigned short, _AP_SIZE_short, false)
 ^~~~~~~~~~~~~~~~~~
C:/Xilinx/2023.2/Vitis_HLS/2023.2/include/etc/ap_fixed_base.h:2293:3: note: candidate: typename ap_fixed_base<_AP_W, _AP_I, _AP_S>::RType<_AP_SIZE_short, _AP_SIZE_short, true>::mult operator*(const ap_fixed_base<_AP_W, _AP_I, _AP_S, _AP_Q, _AP_O, _AP_N>&, short int) [with int _AP_W = 16; int _AP_I = 5; bool _AP_S = true; ap_q_mode _AP_Q = (ap_q_mode)5u; ap_o_mode _AP_O = (ap_o_mode)3u; int _AP_N = 0; typename ap_fixed_base<_AP_W, _AP_I, _AP_S>::RType<_AP_SIZE_short, _AP_SIZE_short, true>::mult = ap_fixed<32, 21, (ap_q_mode)5u, (ap_o_mode)3u, 0>]
   operator BIN_OP(                                                          \
   ^
C:/Xilinx/2023.2/Vitis_HLS/2023.2/include/etc/ap_fixed_base.h:2347:3: note: in expansion of macro 'AF_BIN_OP_WITH_INT'
   AF_BIN_OP_WITH_INT(*, C_TYPE, (BITS), (SIGN), mult)     \
   ^~~~~~~~~~~~~~~~~~
C:/Xilinx/2023.2/Vitis_HLS/2023.2/include/etc/ap_fixed_base.h:2376:1: note: in expansion of macro 'ALL_AF_OP_WITH_INT'
 ALL_AF_OP_WITH_INT(short, _AP_SIZE_short, true)
 ^~~~~~~~~~~~~~~~~~
C:/Xilinx/2023.2/Vitis_HLS/2023.2/include/etc/ap_fixed_base.h:2293:3: note: candidate: typename ap_fixed_base<_AP_W, _AP_I, _AP_S>::RType<8, 8, false>::mult operator*(const ap_fixed_base<_AP_W, _AP_I, _AP_S, _AP_Q, _AP_O, _AP_N>&, unsigned char) [with int _AP_W = 16; int _AP_I = 5; bool _AP_S = true; ap_q_mode _AP_Q = (ap_q_mode)5u; ap_o_mode _AP_O = (ap_o_mode)3u; int _AP_N = 0; typename ap_fixed_base<_AP_W, _AP_I, _AP_S>::RType<8, 8, false>::mult = ap_fixed<24, 13, (ap_q_mode)5u, (ap_o_mode)3u, 0>]
   operator BIN_OP(                                                          \
   ^
C:/Xilinx/2023.2/Vitis_HLS/2023.2/include/etc/ap_fixed_base.h:2347:3: note: in expansion of macro 'AF_BIN_OP_WITH_INT'
   AF_BIN_OP_WITH_INT(*, C_TYPE, (BITS), (SIGN), mult)     \
   ^~~~~~~~~~~~~~~~~~
C:/Xilinx/2023.2/Vitis_HLS/2023.2/include/etc/ap_fixed_base.h:2375:1: note: in expansion of macro 'ALL_AF_OP_WITH_INT'
 ALL_AF_OP_WITH_INT(unsigned char, 8, false)
 ^~~~~~~~~~~~~~~~~~
C:/Xilinx/2023.2/Vitis_HLS/2023.2/include/etc/ap_fixed_base.h:2293:3: note: candidate: typename ap_fixed_base<_AP_W, _AP_I, _AP_S>::RType<8, 8, true>::mult operator*(const ap_fixed_base<_AP_W, _AP_I, _AP_S, _AP_Q, _AP_O, _AP_N>&, signed char) [with int _AP_W = 16; int _AP_I = 5; bool _AP_S = true; ap_q_mode _AP_Q = (ap_q_mode)5u; ap_o_mode _AP_O = (ap_o_mode)3u; int _AP_N = 0; typename ap_fixed_base<_AP_W, _AP_I, _AP_S>::RType<8, 8, true>::mult = ap_fixed<24, 13, (ap_q_mode)5u, (ap_o_mode)3u, 0>]
   operator BIN_OP(                                                          \
   ^
C:/Xilinx/2023.2/Vitis_HLS/2023.2/include/etc/ap_fixed_base.h:2347:3: note: in expansion of macro 'AF_BIN_OP_WITH_INT'
   AF_BIN_OP_WITH_INT(*, C_TYPE, (BITS), (SIGN), mult)     \
   ^~~~~~~~~~~~~~~~~~
C:/Xilinx/2023.2/Vitis_HLS/2023.2/include/etc/ap_fixed_base.h:2374:1: note: in expansion of macro 'ALL_AF_OP_WITH_INT'
 ALL_AF_OP_WITH_INT(signed char, 8, true)
 ^~~~~~~~~~~~~~~~~~
C:/Xilinx/2023.2/Vitis_HLS/2023.2/include/etc/ap_fixed_base.h:2293:3: note: candidate: typename ap_fixed_base<_AP_W, _AP_I, _AP_S>::RType<8, 8, CHAR_IS_SIGNED>::mult operator*(const ap_fixed_base<_AP_W, _AP_I, _AP_S, _AP_Q, _AP_O, _AP_N>&, char) [with int _AP_W = 16; int _AP_I = 5; bool _AP_S = true; ap_q_mode _AP_Q = (ap_q_mode)5u; ap_o_mode _AP_O = (ap_o_mode)3u; int _AP_N = 0; typename ap_fixed_base<_AP_W, _AP_I, _AP_S>::RType<8, 8, CHAR_IS_SIGNED>::mult = ap_fixed<24, 13, (ap_q_mode)5u, (ap_o_mode)3u, 0>]
   operator BIN_OP(                                                          \
   ^
C:/Xilinx/2023.2/Vitis_HLS/2023.2/include/etc/ap_fixed_base.h:2347:3: note: in expansion of macro 'AF_BIN_OP_WITH_INT'
   AF_BIN_OP_WITH_INT(*, C_TYPE, (BITS), (SIGN), mult)     \
   ^~~~~~~~~~~~~~~~~~
C:/Xilinx/2023.2/Vitis_HLS/2023.2/include/etc/ap_fixed_base.h:2373:1: note: in expansion of macro 'ALL_AF_OP_WITH_INT'
 ALL_AF_OP_WITH_INT(char, 8, CHAR_IS_SIGNED)
 ^~~~~~~~~~~~~~~~~~
C:/Xilinx/2023.2/Vitis_HLS/2023.2/include/etc/ap_fixed_base.h:2293:3: note: candidate: typename ap_fixed_base<_AP_W, _AP_I, _AP_S>::RType<1, 1, false>::mult operator*(const ap_fixed_base<_AP_W, _AP_I, _AP_S, _AP_Q, _AP_O, _AP_N>&, bool) [with int _AP_W = 16; int _AP_I = 5; bool _AP_S = true; ap_q_mode _AP_Q = (ap_q_mode)5u; ap_o_mode _AP_O = (ap_o_mode)3u; int _AP_N = 0; typename ap_fixed_base<_AP_W, _AP_I, _AP_S>::RType<1, 1, false>::mult = ap_fixed<17, 6, (ap_q_mode)5u, (ap_o_mode)3u, 0>]
   operator BIN_OP(                                                          \
   ^
C:/Xilinx/2023.2/Vitis_HLS/2023.2/include/etc/ap_fixed_base.h:2347:3: note: in expansion of macro 'AF_BIN_OP_WITH_INT'
   AF_BIN_OP_WITH_INT(*, C_TYPE, (BITS), (SIGN), mult)     \
   ^~~~~~~~~~~~~~~~~~
C:/Xilinx/2023.2/Vitis_HLS/2023.2/include/etc/ap_fixed_base.h:2372:1: note: in expansion of macro 'ALL_AF_OP_WITH_INT'
 ALL_AF_OP_WITH_INT(bool, 1, false)
 ^~~~~~~~~~~~~~~~~~
In file included from ../../../../calculateLayer3_tb.cpp:2:0:
../../../../calculateLayer3.h:11:50: error: ambiguous overload for 'operator*' (operand types are 'double' and 'fixed_p {aka ap_fixed<16, 5, (ap_q_mode)5u, (ap_o_mode)3u, 0>}')
 #define  SIGMOID(x) (1.7159* hls::tanh(0.66666667*x))
                                                   
../../../../calculateLayer3_tb.cpp:62:64: note: in expansion of macro 'SIGMOID'
                 Layer2_Neurons_CPU[13 * 13 * i + 13 * j + k] = SIGMOID(somme);
                                                                ^~~~~~~
../../../../calculateLayer3.h:11:50: note: candidate: operator*(double, long double) <built-in>
 #define  SIGMOID(x) (1.7159* hls::tanh(0.66666667*x))
                                                   
../../../../calculateLayer3_tb.cpp:62:64: note: in expansion of macro 'SIGMOID'
                 Layer2_Neurons_CPU[13 * 13 * i + 13 * j + k] = SIGMOID(somme);
                                                                ^~~~~~~
../../../../calculateLayer3.h:11:50: note: candidate: operator*(double, double) <built-in>
 #define  SIGMOID(x) (1.7159* hls::tanh(0.66666667*x))
                                                   
../../../../calculateLayer3_tb.cpp:62:64: note: in expansion of macro 'SIGMOID'
                 Layer2_Neurons_CPU[13 * 13 * i + 13 * j + k] = SIGMOID(somme);
                                                                ^~~~~~~
../../../../calculateLayer3.h:11:50: note: candidate: operator*(double, float) <built-in>
 #define  SIGMOID(x) (1.7159* hls::tanh(0.66666667*x))
                                                   
../../../../calculateLayer3_tb.cpp:62:64: note: in expansion of macro 'SIGMOID'
                 Layer2_Neurons_CPU[13 * 13 * i + 13 * j + k] = SIGMOID(somme);
                                                                ^~~~~~~
../../../../calculateLayer3.h:11:50: note: candidate: operator*(double, int) <built-in>
 #define  SIGMOID(x) (1.7159* hls::tanh(0.66666667*x))
                                                   
../../../../calculateLayer3_tb.cpp:62:64: note: in expansion of macro 'SIGMOID'
                 Layer2_Neurons_CPU[13 * 13 * i + 13 * j + k] = SIGMOID(somme);
                                                                ^~~~~~~
../../../../calculateLayer3.h:11:50: note: candidate: operator*(double, unsigned int) <built-in>
 #define  SIGMOID(x) (1.7159* hls::tanh(0.66666667*x))
                                                   
../../../../calculateLayer3_tb.cpp:62:64: note: in expansion of macro 'SIGMOID'
                 Layer2_Neurons_CPU[13 * 13 * i + 13 * j + k] = SIGMOID(somme);
                                                                ^~~~~~~
../../../../calculateLayer3.h:11:50: note: candidate: operator*(double, long int) <built-in>
 #define  SIGMOID(x) (1.7159* hls::tanh(0.66666667*x))
                                                   
../../../../calculateLayer3_tb.cpp:62:64: note: in expansion of macro 'SIGMOID'
                 Layer2_Neurons_CPU[13 * 13 * i + 13 * j + k] = SIGMOID(somme);
                                                                ^~~~~~~
../../../../calculateLayer3.h:11:50: note: candidate: operator*(double, long unsigned int) <built-in>
 #define  SIGMOID(x) (1.7159* hls::tanh(0.66666667*x))
                                                   
../../../../calculateLayer3_tb.cpp:62:64: note: in expansion of macro 'SIGMOID'
                 Layer2_Neurons_CPU[13 * 13 * i + 13 * j + k] = SIGMOID(somme);
                                                                ^~~~~~~
../../../../calculateLayer3.h:11:50: note: candidate: operator*(double, ap_ulong {aka long long unsigned int}) <built-in>
 #define  SIGMOID(x) (1.7159* hls::tanh(0.66666667*x))
                                                   
../../../../calculateLayer3_tb.cpp:62:64: note: in expansion of macro 'SIGMOID'
                 Layer2_Neurons_CPU[13 * 13 * i + 13 * j + k] = SIGMOID(somme);
                                                                ^~~~~~~
../../../../calculateLayer3.h:11:50: note: candidate: operator*(double, ap_slong {aka long long int}) <built-in>
 #define  SIGMOID(x) (1.7159* hls::tanh(0.66666667*x))
                                                   
../../../../calculateLayer3_tb.cpp:62:64: note: in expansion of macro 'SIGMOID'
                 Layer2_Neurons_CPU[13 * 13 * i + 13 * j + k] = SIGMOID(somme);
                                                                ^~~~~~~
In file included from C:/Xilinx/2023.2/Vitis_HLS/2023.2/include/ap_fixed.h:10:0,
                 from C:/Xilinx/2023.2/Vitis_HLS/2023.2/include/etc/hls_hotbm_apfixed.h:16,
                 from C:/Xilinx/2023.2/Vitis_HLS/2023.2/include/hls_math.h:1039,
                 from ../../../../calculateLayer2.h:5,
                 from ../../../../calculateLayer3.h:4,
                 from ../../../../calculateLayer3_tb.cpp:2:
C:/Xilinx/2023.2/Vitis_HLS/2023.2/include/etc/ap_fixed_base.h:2302:3: note: candidate: typename ap_fixed_base<_AP_W, _AP_I, _AP_S>::RType<_AP_SIZE_ap_slong, _AP_SIZE_ap_slong, false>::mult operator*(ap_ulong, const ap_fixed_base<_AP_W, _AP_I, _AP_S, _AP_Q, _AP_O, _AP_N>&) [with int _AP_W = 16; int _AP_I = 5; bool _AP_S = true; ap_q_mode _AP_Q = (ap_q_mode)5u; ap_o_mode _AP_O = (ap_o_mode)3u; int _AP_N = 0; typename ap_fixed_base<_AP_W, _AP_I, _AP_S>::RType<_AP_SIZE_ap_slong, _AP_SIZE_ap_slong, false>::mult = ap_fixed<80, 69, (ap_q_mode)5u, (ap_o_mode)3u, 0>; ap_ulong = long long unsigned int]
   operator BIN_OP(                                                          \
   ^
C:/Xilinx/2023.2/Vitis_HLS/2023.2/include/etc/ap_fixed_base.h:2347:3: note: in expansion of macro 'AF_BIN_OP_WITH_INT'
   AF_BIN_OP_WITH_INT(*, C_TYPE, (BITS), (SIGN), mult)     \
   ^~~~~~~~~~~~~~~~~~
C:/Xilinx/2023.2/Vitis_HLS/2023.2/include/etc/ap_fixed_base.h:2383:1: note: in expansion of macro 'ALL_AF_OP_WITH_INT'
 ALL_AF_OP_WITH_INT(ap_ulong, _AP_SIZE_ap_slong, false)
 ^~~~~~~~~~~~~~~~~~
C:/Xilinx/2023.2/Vitis_HLS/2023.2/include/etc/ap_fixed_base.h:2302:3: note: candidate: typename ap_fixed_base<_AP_W, _AP_I, _AP_S>::RType<_AP_SIZE_ap_slong, _AP_SIZE_ap_slong, true>::mult operator*(ap_slong, const ap_fixed_base<_AP_W, _AP_I, _AP_S, _AP_Q, _AP_O, _AP_N>&) [with int _AP_W = 16; int _AP_I = 5; bool _AP_S = true; ap_q_mode _AP_Q = (ap_q_mode)5u; ap_o_mode _AP_O = (ap_o_mode)3u; int _AP_N = 0; typename ap_fixed_base<_AP_W, _AP_I, _AP_S>::RType<_AP_SIZE_ap_slong, _AP_SIZE_ap_slong, true>::mult = ap_fixed<80, 69, (ap_q_mode)5u, (ap_o_mode)3u, 0>; ap_slong = long long int]
   operator BIN_OP(                                                          \
   ^
C:/Xilinx/2023.2/Vitis_HLS/2023.2/include/etc/ap_fixed_base.h:2347:3: note: in expansion of macro 'AF_BIN_OP_WITH_INT'
   AF_BIN_OP_WITH_INT(*, C_TYPE, (BITS), (SIGN), mult)     \
   ^~~~~~~~~~~~~~~~~~
C:/Xilinx/2023.2/Vitis_HLS/2023.2/include/etc/ap_fixed_base.h:2382:1: note: in expansion of macro 'ALL_AF_OP_WITH_INT'
 ALL_AF_OP_WITH_INT(ap_slong, _AP_SIZE_ap_slong, true)
 ^~~~~~~~~~~~~~~~~~
C:/Xilinx/2023.2/Vitis_HLS/2023.2/include/etc/ap_fixed_base.h:2302:3: note: candidate: typename ap_fixed_base<_AP_W, _AP_I, _AP_S>::RType<_AP_SIZE_long, _AP_SIZE_long, false>::mult operator*(long unsigned int, const ap_fixed_base<_AP_W, _AP_I, _AP_S, _AP_Q, _AP_O, _AP_N>&) [with int _AP_W = 16; int _AP_I = 5; bool _AP_S = true; ap_q_mode _AP_Q = (ap_q_mode)5u; ap_o_mode _AP_O = (ap_o_mode)3u; int _AP_N = 0; typename ap_fixed_base<_AP_W, _AP_I, _AP_S>::RType<_AP_SIZE_long, _AP_SIZE_long, false>::mult = ap_fixed<48, 37, (ap_q_mode)5u, (ap_o_mode)3u, 0>]
   operator BIN_OP(                                                          \
   ^
C:/Xilinx/2023.2/Vitis_HLS/2023.2/include/etc/ap_fixed_base.h:2347:3: note: in expansion of macro 'AF_BIN_OP_WITH_INT'
   AF_BIN_OP_WITH_INT(*, C_TYPE, (BITS), (SIGN), mult)     \
   ^~~~~~~~~~~~~~~~~~
C:/Xilinx/2023.2/Vitis_HLS/2023.2/include/etc/ap_fixed_base.h:2381:1: note: in expansion of macro 'ALL_AF_OP_WITH_INT'
 ALL_AF_OP_WITH_INT(unsigned long, _AP_SIZE_long, false)
 ^~~~~~~~~~~~~~~~~~
C:/Xilinx/2023.2/Vitis_HLS/2023.2/include/etc/ap_fixed_base.h:2302:3: note: candidate: typename ap_fixed_base<_AP_W, _AP_I, _AP_S>::RType<_AP_SIZE_long, _AP_SIZE_long, true>::mult operator*(long int, const ap_fixed_base<_AP_W, _AP_I, _AP_S, _AP_Q, _AP_O, _AP_N>&) [with int _AP_W = 16; int _AP_I = 5; bool _AP_S = true; ap_q_mode _AP_Q = (ap_q_mode)5u; ap_o_mode _AP_O = (ap_o_mode)3u; int _AP_N = 0; typename ap_fixed_base<_AP_W, _AP_I, _AP_S>::RType<_AP_SIZE_long, _AP_SIZE_long, true>::mult = ap_fixed<48, 37, (ap_q_mode)5u, (ap_o_mode)3u, 0>]
   operator BIN_OP(                                                          \
   ^
C:/Xilinx/2023.2/Vitis_HLS/2023.2/include/etc/ap_fixed_base.h:2347:3: note: in expansion of macro 'AF_BIN_OP_WITH_INT'
   AF_BIN_OP_WITH_INT(*, C_TYPE, (BITS), (SIGN), mult)     \
   ^~~~~~~~~~~~~~~~~~
C:/Xilinx/2023.2/Vitis_HLS/2023.2/include/etc/ap_fixed_base.h:2380:1: note: in expansion of macro 'ALL_AF_OP_WITH_INT'
 ALL_AF_OP_WITH_INT(long, _AP_SIZE_long, true)
 ^~~~~~~~~~~~~~~~~~
C:/Xilinx/2023.2/Vitis_HLS/2023.2/include/etc/ap_fixed_base.h:2302:3: note: candidate: typename ap_fixed_base<_AP_W, _AP_I, _AP_S>::RType<_AP_SIZE_int, _AP_SIZE_int, false>::mult operator*(unsigned int, const ap_fixed_base<_AP_W, _AP_I, _AP_S, _AP_Q, _AP_O, _AP_N>&) [with int _AP_W = 16; int _AP_I = 5; bool _AP_S = true; ap_q_mode _AP_Q = (ap_q_mode)5u; ap_o_mode _AP_O = (ap_o_mode)3u; int _AP_N = 0; typename ap_fixed_base<_AP_W, _AP_I, _AP_S>::RType<_AP_SIZE_int, _AP_SIZE_int, false>::mult = ap_fixed<48, 37, (ap_q_mode)5u, (ap_o_mode)3u, 0>]
   operator BIN_OP(                                                          \
   ^
C:/Xilinx/2023.2/Vitis_HLS/2023.2/include/etc/ap_fixed_base.h:2347:3: note: in expansion of macro 'AF_BIN_OP_WITH_INT'
   AF_BIN_OP_WITH_INT(*, C_TYPE, (BITS), (SIGN), mult)     \
   ^~~~~~~~~~~~~~~~~~
C:/Xilinx/2023.2/Vitis_HLS/2023.2/include/etc/ap_fixed_base.h:2379:1: note: in expansion of macro 'ALL_AF_OP_WITH_INT'
 ALL_AF_OP_WITH_INT(unsigned int, _AP_SIZE_int, false)
 ^~~~~~~~~~~~~~~~~~
C:/Xilinx/2023.2/Vitis_HLS/2023.2/include/etc/ap_fixed_base.h:2302:3: note: candidate: typename ap_fixed_base<_AP_W, _AP_I, _AP_S>::RType<_AP_SIZE_int, _AP_SIZE_int, true>::mult operator*(int, const ap_fixed_base<_AP_W, _AP_I, _AP_S, _AP_Q, _AP_O, _AP_N>&) [with int _AP_W = 16; int _AP_I = 5; bool _AP_S = true; ap_q_mode _AP_Q = (ap_q_mode)5u; ap_o_mode _AP_O = (ap_o_mode)3u; int _AP_N = 0; typename ap_fixed_base<_AP_W, _AP_I, _AP_S>::RType<_AP_SIZE_int, _AP_SIZE_int, true>::mult = ap_fixed<48, 37, (ap_q_mode)5u, (ap_o_mode)3u, 0>]
   operator BIN_OP(                                                          \
   ^
C:/Xilinx/2023.2/Vitis_HLS/2023.2/include/etc/ap_fixed_base.h:2347:3: note: in expansion of macro 'AF_BIN_OP_WITH_INT'
   AF_BIN_OP_WITH_INT(*, C_TYPE, (BITS), (SIGN), mult)     \
   ^~~~~~~~~~~~~~~~~~
C:/Xilinx/2023.2/Vitis_HLS/2023.2/include/etc/ap_fixed_base.h:2378:1: note: in expansion of macro 'ALL_AF_OP_WITH_INT'
 ALL_AF_OP_WITH_INT(int, _AP_SIZE_int, true)
 ^~~~~~~~~~~~~~~~~~
C:/Xilinx/2023.2/Vitis_HLS/2023.2/include/etc/ap_fixed_base.h:2302:3: note: candidate: typename ap_fixed_base<_AP_W, _AP_I, _AP_S>::RType<_AP_SIZE_short, _AP_SIZE_short, false>::mult operator*(short unsigned int, const ap_fixed_base<_AP_W, _AP_I, _AP_S, _AP_Q, _AP_O, _AP_N>&) [with int _AP_W = 16; int _AP_I = 5; bool _AP_S = true; ap_q_mode _AP_Q = (ap_q_mode)5u; ap_o_mode _AP_O = (ap_o_mode)3u; int _AP_N = 0; typename ap_fixed_base<_AP_W, _AP_I, _AP_S>::RType<_AP_SIZE_short, _AP_SIZE_short, false>::mult = ap_fixed<32, 21, (ap_q_mode)5u, (ap_o_mode)3u, 0>]
   operator BIN_OP(                                                          \
   ^
C:/Xilinx/2023.2/Vitis_HLS/2023.2/include/etc/ap_fixed_base.h:2347:3: note: in expansion of macro 'AF_BIN_OP_WITH_INT'
   AF_BIN_OP_WITH_INT(*, C_TYPE, (BITS), (SIGN), mult)     \
   ^~~~~~~~~~~~~~~~~~
C:/Xilinx/2023.2/Vitis_HLS/2023.2/include/etc/ap_fixed_base.h:2377:1: note: in expansion of macro 'ALL_AF_OP_WITH_INT'
 ALL_AF_OP_WITH_INT(unsigned short, _AP_SIZE_short, false)
 ^~~~~~~~~~~~~~~~~~
C:/Xilinx/2023.2/Vitis_HLS/2023.2/include/etc/ap_fixed_base.h:2302:3: note: candidate: typename ap_fixed_base<_AP_W, _AP_I, _AP_S>::RType<_AP_SIZE_short, _AP_SIZE_short, true>::mult operator*(short int, const ap_fixed_base<_AP_W, _AP_I, _AP_S, _AP_Q, _AP_O, _AP_N>&) [with int _AP_W = 16; int _AP_I = 5; bool _AP_S = true; ap_q_mode _AP_Q = (ap_q_mode)5u; ap_o_mode _AP_O = (ap_o_mode)3u; int _AP_N = 0; typename ap_fixed_base<_AP_W, _AP_I, _AP_S>::RType<_AP_SIZE_short, _AP_SIZE_short, true>::mult = ap_fixed<32, 21, (ap_q_mode)5u, (ap_o_mode)3u, 0>]
   operator BIN_OP(                                                          \
   ^
C:/Xilinx/2023.2/Vitis_HLS/2023.2/include/etc/ap_fixed_base.h:2347:3: note: in expansion of macro 'AF_BIN_OP_WITH_INT'
   AF_BIN_OP_WITH_INT(*, C_TYPE, (BITS), (SIGN), mult)     \
   ^~~~~~~~~~~~~~~~~~
C:/Xilinx/2023.2/Vitis_HLS/2023.2/include/etc/ap_fixed_base.h:2376:1: note: in expansion of macro 'ALL_AF_OP_WITH_INT'
 ALL_AF_OP_WITH_INT(short, _AP_SIZE_short, true)
 ^~~~~~~~~~~~~~~~~~
C:/Xilinx/2023.2/Vitis_HLS/2023.2/include/etc/ap_fixed_base.h:2302:3: note: candidate: typename ap_fixed_base<_AP_W, _AP_I, _AP_S>::RType<8, 8, false>::mult operator*(unsigned char, const ap_fixed_base<_AP_W, _AP_I, _AP_S, _AP_Q, _AP_O, _AP_N>&) [with int _AP_W = 16; int _AP_I = 5; bool _AP_S = true; ap_q_mode _AP_Q = (ap_q_mode)5u; ap_o_mode _AP_O = (ap_o_mode)3u; int _AP_N = 0; typename ap_fixed_base<_AP_W, _AP_I, _AP_S>::RType<8, 8, false>::mult = ap_fixed<24, 13, (ap_q_mode)5u, (ap_o_mode)3u, 0>]
   operator BIN_OP(                                                          \
   ^
C:/Xilinx/2023.2/Vitis_HLS/2023.2/include/etc/ap_fixed_base.h:2347:3: note: in expansion of macro 'AF_BIN_OP_WITH_INT'
   AF_BIN_OP_WITH_INT(*, C_TYPE, (BITS), (SIGN), mult)     \
   ^~~~~~~~~~~~~~~~~~
C:/Xilinx/2023.2/Vitis_HLS/2023.2/include/etc/ap_fixed_base.h:2375:1: note: in expansion of macro 'ALL_AF_OP_WITH_INT'
 ALL_AF_OP_WITH_INT(unsigned char, 8, false)
 ^~~~~~~~~~~~~~~~~~
C:/Xilinx/2023.2/Vitis_HLS/2023.2/include/etc/ap_fixed_base.h:2302:3: note: candidate: typename ap_fixed_base<_AP_W, _AP_I, _AP_S>::RType<8, 8, true>::mult operator*(signed char, const ap_fixed_base<_AP_W, _AP_I, _AP_S, _AP_Q, _AP_O, _AP_N>&) [with int _AP_W = 16; int _AP_I = 5; bool _AP_S = true; ap_q_mode _AP_Q = (ap_q_mode)5u; ap_o_mode _AP_O = (ap_o_mode)3u; int _AP_N = 0; typename ap_fixed_base<_AP_W, _AP_I, _AP_S>::RType<8, 8, true>::mult = ap_fixed<24, 13, (ap_q_mode)5u, (ap_o_mode)3u, 0>]
   operator BIN_OP(                                                          \
   ^
C:/Xilinx/2023.2/Vitis_HLS/2023.2/include/etc/ap_fixed_base.h:2347:3: note: in expansion of macro 'AF_BIN_OP_WITH_INT'
   AF_BIN_OP_WITH_INT(*, C_TYPE, (BITS), (SIGN), mult)     \
   ^~~~~~~~~~~~~~~~~~
C:/Xilinx/2023.2/Vitis_HLS/2023.2/include/etc/ap_fixed_base.h:2374:1: note: in expansion of macro 'ALL_AF_OP_WITH_INT'
 ALL_AF_OP_WITH_INT(signed char, 8, true)
 ^~~~~~~~~~~~~~~~~~
C:/Xilinx/2023.2/Vitis_HLS/2023.2/include/etc/ap_fixed_base.h:2302:3: note: candidate: typename ap_fixed_base<_AP_W, _AP_I, _AP_S>::RType<8, 8, CHAR_IS_SIGNED>::mult operator*(char, const ap_fixed_base<_AP_W, _AP_I, _AP_S, _AP_Q, _AP_O, _AP_N>&) [with int _AP_W = 16; int _AP_I = 5; bool _AP_S = true; ap_q_mode _AP_Q = (ap_q_mode)5u; ap_o_mode _AP_O = (ap_o_mode)3u; int _AP_N = 0; typename ap_fixed_base<_AP_W, _AP_I, _AP_S>::RType<8, 8, CHAR_IS_SIGNED>::mult = ap_fixed<24, 13, (ap_q_mode)5u, (ap_o_mode)3u, 0>]
   operator BIN_OP(                                                          \
   ^
C:/Xilinx/2023.2/Vitis_HLS/2023.2/include/etc/ap_fixed_base.h:2347:3: note: in expansion of macro 'AF_BIN_OP_WITH_INT'
   AF_BIN_OP_WITH_INT(*, C_TYPE, (BITS), (SIGN), mult)     \
   ^~~~~~~~~~~~~~~~~~
C:/Xilinx/2023.2/Vitis_HLS/2023.2/include/etc/ap_fixed_base.h:2373:1: note: in expansion of macro 'ALL_AF_OP_WITH_INT'
 ALL_AF_OP_WITH_INT(char, 8, CHAR_IS_SIGNED)
 ^~~~~~~~~~~~~~~~~~
C:/Xilinx/2023.2/Vitis_HLS/2023.2/include/etc/ap_fixed_base.h:2302:3: note: candidate: typename ap_fixed_base<_AP_W, _AP_I, _AP_S>::RType<1, 1, false>::mult operator*(bool, const ap_fixed_base<_AP_W, _AP_I, _AP_S, _AP_Q, _AP_O, _AP_N>&) [with int _AP_W = 16; int _AP_I = 5; bool _AP_S = true; ap_q_mode _AP_Q = (ap_q_mode)5u; ap_o_mode _AP_O = (ap_o_mode)3u; int _AP_N = 0; typename ap_fixed_base<_AP_W, _AP_I, _AP_S>::RType<1, 1, false>::mult = ap_fixed<17, 6, (ap_q_mode)5u, (ap_o_mode)3u, 0>]
   operator BIN_OP(                                                          \
   ^
C:/Xilinx/2023.2/Vitis_HLS/2023.2/include/etc/ap_fixed_base.h:2347:3: note: in expansion of macro 'AF_BIN_OP_WITH_INT'
   AF_BIN_OP_WITH_INT(*, C_TYPE, (BITS), (SIGN), mult)     \
   ^~~~~~~~~~~~~~~~~~
C:/Xilinx/2023.2/Vitis_HLS/2023.2/include/etc/ap_fixed_base.h:2372:1: note: in expansion of macro 'ALL_AF_OP_WITH_INT'
 ALL_AF_OP_WITH_INT(bool, 1, false)
 ^~~~~~~~~~~~~~~~~~
In file included from ../../../../calculateLayer3_tb.cpp:2:0:
../../../../calculateLayer3.h:11:50: error: ambiguous overload for 'operator*' (operand types are 'double' and 'fixed_p {aka ap_fixed<16, 5, (ap_q_mode)5u, (ap_o_mode)3u, 0>}')
 #define  SIGMOID(x) (1.7159* hls::tanh(0.66666667*x))
                                                   
../../../../calculateLayer3_tb.cpp:81:49: note: in expansion of macro 'SIGMOID'
          expected_output[5*5*i+5*j+k] = (float) SIGMOID(somme);
                                                 ^~~~~~~
../../../../calculateLayer3.h:11:50: note: candidate: operator*(double, long double) <built-in>
 #define  SIGMOID(x) (1.7159* hls::tanh(0.66666667*x))
                                                   
../../../../calculateLayer3_tb.cpp:81:49: note: in expansion of macro 'SIGMOID'
          expected_output[5*5*i+5*j+k] = (float) SIGMOID(somme);
                                                 ^~~~~~~
../../../../calculateLayer3.h:11:50: note: candidate: operator*(double, double) <built-in>
 #define  SIGMOID(x) (1.7159* hls::tanh(0.66666667*x))
                                                   
../../../../calculateLayer3_tb.cpp:81:49: note: in expansion of macro 'SIGMOID'
          expected_output[5*5*i+5*j+k] = (float) SIGMOID(somme);
                                                 ^~~~~~~
../../../../calculateLayer3.h:11:50: note: candidate: operator*(double, float) <built-in>
 #define  SIGMOID(x) (1.7159* hls::tanh(0.66666667*x))
                                                   
../../../../calculateLayer3_tb.cpp:81:49: note: in expansion of macro 'SIGMOID'
          expected_output[5*5*i+5*j+k] = (float) SIGMOID(somme);
                                                 ^~~~~~~
../../../../calculateLayer3.h:11:50: note: candidate: operator*(double, int) <built-in>
 #define  SIGMOID(x) (1.7159* hls::tanh(0.66666667*x))
                                                   
../../../../calculateLayer3_tb.cpp:81:49: note: in expansion of macro 'SIGMOID'
          expected_output[5*5*i+5*j+k] = (float) SIGMOID(somme);
                                                 ^~~~~~~
../../../../calculateLayer3.h:11:50: note: candidate: operator*(double, unsigned int) <built-in>
 #define  SIGMOID(x) (1.7159* hls::tanh(0.66666667*x))
                                                   
../../../../calculateLayer3_tb.cpp:81:49: note: in expansion of macro 'SIGMOID'
          expected_output[5*5*i+5*j+k] = (float) SIGMOID(somme);
                                                 ^~~~~~~
../../../../calculateLayer3.h:11:50: note: candidate: operator*(double, long int) <built-in>
 #define  SIGMOID(x) (1.7159* hls::tanh(0.66666667*x))
                                                   
../../../../calculateLayer3_tb.cpp:81:49: note: in expansion of macro 'SIGMOID'
          expected_output[5*5*i+5*j+k] = (float) SIGMOID(somme);
                                                 ^~~~~~~
../../../../calculateLayer3.h:11:50: note: candidate: operator*(double, long unsigned int) <built-in>
 #define  SIGMOID(x) (1.7159* hls::tanh(0.66666667*x))
                                                   
../../../../calculateLayer3_tb.cpp:81:49: note: in expansion of macro 'SIGMOID'
          expected_output[5*5*i+5*j+k] = (float) SIGMOID(somme);
                                                 ^~~~~~~
../../../../calculateLayer3.h:11:50: note: candidate: operator*(double, ap_ulong {aka long long unsigned int}) <built-in>
 #define  SIGMOID(x) (1.7159* hls::tanh(0.66666667*x))
                                                   
../../../../calculateLayer3_tb.cpp:81:49: note: in expansion of macro 'SIGMOID'
          expected_output[5*5*i+5*j+k] = (float) SIGMOID(somme);
                                                 ^~~~~~~
../../../../calculateLayer3.h:11:50: note: candidate: operator*(double, ap_slong {aka long long int}) <built-in>
 #define  SIGMOID(x) (1.7159* hls::tanh(0.66666667*x))
                                                   
../../../../calculateLayer3_tb.cpp:81:49: note: in expansion of macro 'SIGMOID'
          expected_output[5*5*i+5*j+k] = (float) SIGMOID(somme);
                                                 ^~~~~~~
In file included from C:/Xilinx/2023.2/Vitis_HLS/2023.2/include/ap_fixed.h:10:0,
                 from C:/Xilinx/2023.2/Vitis_HLS/2023.2/include/etc/hls_hotbm_apfixed.h:16,
                 from C:/Xilinx/2023.2/Vitis_HLS/2023.2/include/hls_math.h:1039,
                 from ../../../../calculateLayer2.h:5,
                 from ../../../../calculateLayer3.h:4,
                 from ../../../../calculateLayer3_tb.cpp:2:
C:/Xilinx/2023.2/Vitis_HLS/2023.2/include/etc/ap_fixed_base.h:2302:3: note: candidate: typename ap_fixed_base<_AP_W, _AP_I, _AP_S>::RType<_AP_SIZE_ap_slong, _AP_SIZE_ap_slong, false>::mult operator*(ap_ulong, const ap_fixed_base<_AP_W, _AP_I, _AP_S, _AP_Q, _AP_O, _AP_N>&) [with int _AP_W = 16; int _AP_I = 5; bool _AP_S = true; ap_q_mode _AP_Q = (ap_q_mode)5u; ap_o_mode _AP_O = (ap_o_mode)3u; int _AP_N = 0; typename ap_fixed_base<_AP_W, _AP_I, _AP_S>::RType<_AP_SIZE_ap_slong, _AP_SIZE_ap_slong, false>::mult = ap_fixed<80, 69, (ap_q_mode)5u, (ap_o_mode)3u, 0>; ap_ulong = long long unsigned int]
   operator BIN_OP(                                                          \
   ^
C:/Xilinx/2023.2/Vitis_HLS/2023.2/include/etc/ap_fixed_base.h:2347:3: note: in expansion of macro 'AF_BIN_OP_WITH_INT'
   AF_BIN_OP_WITH_INT(*, C_TYPE, (BITS), (SIGN), mult)     \
   ^~~~~~~~~~~~~~~~~~
C:/Xilinx/2023.2/Vitis_HLS/2023.2/include/etc/ap_fixed_base.h:2383:1: note: in expansion of macro 'ALL_AF_OP_WITH_INT'
 ALL_AF_OP_WITH_INT(ap_ulong, _AP_SIZE_ap_slong, false)
 ^~~~~~~~~~~~~~~~~~
C:/Xilinx/2023.2/Vitis_HLS/2023.2/include/etc/ap_fixed_base.h:2302:3: note: candidate: typename ap_fixed_base<_AP_W, _AP_I, _AP_S>::RType<_AP_SIZE_ap_slong, _AP_SIZE_ap_slong, true>::mult operator*(ap_slong, const ap_fixed_base<_AP_W, _AP_I, _AP_S, _AP_Q, _AP_O, _AP_N>&) [with int _AP_W = 16; int _AP_I = 5; bool _AP_S = true; ap_q_mode _AP_Q = (ap_q_mode)5u; ap_o_mode _AP_O = (ap_o_mode)3u; int _AP_N = 0; typename ap_fixed_base<_AP_W, _AP_I, _AP_S>::RType<_AP_SIZE_ap_slong, _AP_SIZE_ap_slong, true>::mult = ap_fixed<80, 69, (ap_q_mode)5u, (ap_o_mode)3u, 0>; ap_slong = long long int]
   operator BIN_OP(                                                          \
   ^
C:/Xilinx/2023.2/Vitis_HLS/2023.2/include/etc/ap_fixed_base.h:2347:3: note: in expansion of macro 'AF_BIN_OP_WITH_INT'
   AF_BIN_OP_WITH_INT(*, C_TYPE, (BITS), (SIGN), mult)     \
   ^~~~~~~~~~~~~~~~~~
C:/Xilinx/2023.2/Vitis_HLS/2023.2/include/etc/ap_fixed_base.h:2382:1: note: in expansion of macro 'ALL_AF_OP_WITH_INT'
 ALL_AF_OP_WITH_INT(ap_slong, _AP_SIZE_ap_slong, true)
 ^~~~~~~~~~~~~~~~~~
C:/Xilinx/2023.2/Vitis_HLS/2023.2/include/etc/ap_fixed_base.h:2302:3: note: candidate: typename ap_fixed_base<_AP_W, _AP_I, _AP_S>::RType<_AP_SIZE_long, _AP_SIZE_long, false>::mult operator*(long unsigned int, const ap_fixed_base<_AP_W, _AP_I, _AP_S, _AP_Q, _AP_O, _AP_N>&) [with int _AP_W = 16; int _AP_I = 5; bool _AP_S = true; ap_q_mode _AP_Q = (ap_q_mode)5u; ap_o_mode _AP_O = (ap_o_mode)3u; int _AP_N = 0; typename ap_fixed_base<_AP_W, _AP_I, _AP_S>::RType<_AP_SIZE_long, _AP_SIZE_long, false>::mult = ap_fixed<48, 37, (ap_q_mode)5u, (ap_o_mode)3u, 0>]
   operator BIN_OP(                                                          \
   ^
C:/Xilinx/2023.2/Vitis_HLS/2023.2/include/etc/ap_fixed_base.h:2347:3: note: in expansion of macro 'AF_BIN_OP_WITH_INT'
   AF_BIN_OP_WITH_INT(*, C_TYPE, (BITS), (SIGN), mult)     \
   ^~~~~~~~~~~~~~~~~~
C:/Xilinx/2023.2/Vitis_HLS/2023.2/include/etc/ap_fixed_base.h:2381:1: note: in expansion of macro 'ALL_AF_OP_WITH_INT'
 ALL_AF_OP_WITH_INT(unsigned long, _AP_SIZE_long, false)
 ^~~~~~~~~~~~~~~~~~
C:/Xilinx/2023.2/Vitis_HLS/2023.2/include/etc/ap_fixed_base.h:2302:3: note: candidate: typename ap_fixed_base<_AP_W, _AP_I, _AP_S>::RType<_AP_SIZE_long, _AP_SIZE_long, true>::mult operator*(long int, const ap_fixed_base<_AP_W, _AP_I, _AP_S, _AP_Q, _AP_O, _AP_N>&) [with int _AP_W = 16; int _AP_I = 5; bool _AP_S = true; ap_q_mode _AP_Q = (ap_q_mode)5u; ap_o_mode _AP_O = (ap_o_mode)3u; int _AP_N = 0; typename ap_fixed_base<_AP_W, _AP_I, _AP_S>::RType<_AP_SIZE_long, _AP_SIZE_long, true>::mult = ap_fixed<48, 37, (ap_q_mode)5u, (ap_o_mode)3u, 0>]
   operator BIN_OP(                                                          \
   ^
C:/Xilinx/2023.2/Vitis_HLS/2023.2/include/etc/ap_fixed_base.h:2347:3: note: in expansion of macro 'AF_BIN_OP_WITH_INT'
   AF_BIN_OP_WITH_INT(*, C_TYPE, (BITS), (SIGN), mult)     \
   ^~~~~~~~~~~~~~~~~~
C:/Xilinx/2023.2/Vitis_HLS/2023.2/include/etc/ap_fixed_base.h:2380:1: note: in expansion of macro 'ALL_AF_OP_WITH_INT'
 ALL_AF_OP_WITH_INT(long, _AP_SIZE_long, true)
 ^~~~~~~~~~~~~~~~~~
C:/Xilinx/2023.2/Vitis_HLS/2023.2/include/etc/ap_fixed_base.h:2302:3: note: candidate: typename ap_fixed_base<_AP_W, _AP_I, _AP_S>::RType<_AP_SIZE_int, _AP_SIZE_int, false>::mult operator*(unsigned int, const ap_fixed_base<_AP_W, _AP_I, _AP_S, _AP_Q, _AP_O, _AP_N>&) [with int _AP_W = 16; int _AP_I = 5; bool _AP_S = true; ap_q_mode _AP_Q = (ap_q_mode)5u; ap_o_mode _AP_O = (ap_o_mode)3u; int _AP_N = 0; typename ap_fixed_base<_AP_W, _AP_I, _AP_S>::RType<_AP_SIZE_int, _AP_SIZE_int, false>::mult = ap_fixed<48, 37, (ap_q_mode)5u, (ap_o_mode)3u, 0>]
   operator BIN_OP(                                                          \
   ^
C:/Xilinx/2023.2/Vitis_HLS/2023.2/include/etc/ap_fixed_base.h:2347:3: note: in expansion of macro 'AF_BIN_OP_WITH_INT'
   AF_BIN_OP_WITH_INT(*, C_TYPE, (BITS), (SIGN), mult)     \
   ^~~~~~~~~~~~~~~~~~
C:/Xilinx/2023.2/Vitis_HLS/2023.2/include/etc/ap_fixed_base.h:2379:1: note: in expansion of macro 'ALL_AF_OP_WITH_INT'
 ALL_AF_OP_WITH_INT(unsigned int, _AP_SIZE_int, false)
 ^~~~~~~~~~~~~~~~~~
C:/Xilinx/2023.2/Vitis_HLS/2023.2/include/etc/ap_fixed_base.h:2302:3: note: candidate: typename ap_fixed_base<_AP_W, _AP_I, _AP_S>::RType<_AP_SIZE_int, _AP_SIZE_int, true>::mult operator*(int, const ap_fixed_base<_AP_W, _AP_I, _AP_S, _AP_Q, _AP_O, _AP_N>&) [with int _AP_W = 16; int _AP_I = 5; bool _AP_S = true; ap_q_mode _AP_Q = (ap_q_mode)5u; ap_o_mode _AP_O = (ap_o_mode)3u; int _AP_N = 0; typename ap_fixed_base<_AP_W, _AP_I, _AP_S>::RType<_AP_SIZE_int, _AP_SIZE_int, true>::mult = ap_fixed<48, 37, (ap_q_mode)5u, (ap_o_mode)3u, 0>]
   operator BIN_OP(                                                          \
   ^
C:/Xilinx/2023.2/Vitis_HLS/2023.2/include/etc/ap_fixed_base.h:2347:3: note: in expansion of macro 'AF_BIN_OP_WITH_INT'
   AF_BIN_OP_WITH_INT(*, C_TYPE, (BITS), (SIGN), mult)     \
   ^~~~~~~~~~~~~~~~~~
C:/Xilinx/2023.2/Vitis_HLS/2023.2/include/etc/ap_fixed_base.h:2378:1: note: in expansion of macro 'ALL_AF_OP_WITH_INT'
 ALL_AF_OP_WITH_INT(int, _AP_SIZE_int, true)
 ^~~~~~~~~~~~~~~~~~
C:/Xilinx/2023.2/Vitis_HLS/2023.2/include/etc/ap_fixed_base.h:2302:3: note: candidate: typename ap_fixed_base<_AP_W, _AP_I, _AP_S>::RType<_AP_SIZE_short, _AP_SIZE_short, false>::mult operator*(short unsigned int, const ap_fixed_base<_AP_W, _AP_I, _AP_S, _AP_Q, _AP_O, _AP_N>&) [with int _AP_W = 16; int _AP_I = 5; bool _AP_S = true; ap_q_mode _AP_Q = (ap_q_mode)5u; ap_o_mode _AP_O = (ap_o_mode)3u; int _AP_N = 0; typename ap_fixed_base<_AP_W, _AP_I, _AP_S>::RType<_AP_SIZE_short, _AP_SIZE_short, false>::mult = ap_fixed<32, 21, (ap_q_mode)5u, (ap_o_mode)3u, 0>]
   operator BIN_OP(                                                          \
   ^
C:/Xilinx/2023.2/Vitis_HLS/2023.2/include/etc/ap_fixed_base.h:2347:3: note: in expansion of macro 'AF_BIN_OP_WITH_INT'
   AF_BIN_OP_WITH_INT(*, C_TYPE, (BITS), (SIGN), mult)     \
   ^~~~~~~~~~~~~~~~~~
C:/Xilinx/2023.2/Vitis_HLS/2023.2/include/etc/ap_fixed_base.h:2377:1: note: in expansion of macro 'ALL_AF_OP_WITH_INT'
 ALL_AF_OP_WITH_INT(unsigned short, _AP_SIZE_short, false)
 ^~~~~~~~~~~~~~~~~~
C:/Xilinx/2023.2/Vitis_HLS/2023.2/include/etc/ap_fixed_base.h:2302:3: note: candidate: typename ap_fixed_base<_AP_W, _AP_I, _AP_S>::RType<_AP_SIZE_short, _AP_SIZE_short, true>::mult operator*(short int, const ap_fixed_base<_AP_W, _AP_I, _AP_S, _AP_Q, _AP_O, _AP_N>&) [with int _AP_W = 16; int _AP_I = 5; bool _AP_S = true; ap_q_mode _AP_Q = (ap_q_mode)5u; ap_o_mode _AP_O = (ap_o_mode)3u; int _AP_N = 0; typename ap_fixed_base<_AP_W, _AP_I, _AP_S>::RType<_AP_SIZE_short, _AP_SIZE_short, true>::mult = ap_fixed<32, 21, (ap_q_mode)5u, (ap_o_mode)3u, 0>]
   operator BIN_OP(                                                          \
   ^
C:/Xilinx/2023.2/Vitis_HLS/2023.2/include/etc/ap_fixed_base.h:2347:3: note: in expansion of macro 'AF_BIN_OP_WITH_INT'
   AF_BIN_OP_WITH_INT(*, C_TYPE, (BITS), (SIGN), mult)     \
   ^~~~~~~~~~~~~~~~~~
C:/Xilinx/2023.2/Vitis_HLS/2023.2/include/etc/ap_fixed_base.h:2376:1: note: in expansion of macro 'ALL_AF_OP_WITH_INT'
 ALL_AF_OP_WITH_INT(short, _AP_SIZE_short, true)
 ^~~~~~~~~~~~~~~~~~
C:/Xilinx/2023.2/Vitis_HLS/2023.2/include/etc/ap_fixed_base.h:2302:3: note: candidate: typename ap_fixed_base<_AP_W, _AP_I, _AP_S>::RType<8, 8, false>::mult operator*(unsigned char, const ap_fixed_base<_AP_W, _AP_I, _AP_S, _AP_Q, _AP_O, _AP_N>&) [with int _AP_W = 16; int _AP_I = 5; bool _AP_S = true; ap_q_mode _AP_Q = (ap_q_mode)5u; ap_o_mode _AP_O = (ap_o_mode)3u; int _AP_N = 0; typename ap_fixed_base<_AP_W, _AP_I, _AP_S>::RType<8, 8, false>::mult = ap_fixed<24, 13, (ap_q_mode)5u, (ap_o_mode)3u, 0>]
   operator BIN_OP(                                                          \
   ^
C:/Xilinx/2023.2/Vitis_HLS/2023.2/include/etc/ap_fixed_base.h:2347:3: note: in expansion of macro 'AF_BIN_OP_WITH_INT'
   AF_BIN_OP_WITH_INT(*, C_TYPE, (BITS), (SIGN), mult)     \
   ^~~~~~~~~~~~~~~~~~
C:/Xilinx/2023.2/Vitis_HLS/2023.2/include/etc/ap_fixed_base.h:2375:1: note: in expansion of macro 'ALL_AF_OP_WITH_INT'
 ALL_AF_OP_WITH_INT(unsigned char, 8, false)
 ^~~~~~~~~~~~~~~~~~
C:/Xilinx/2023.2/Vitis_HLS/2023.2/include/etc/ap_fixed_base.h:2302:3: note: candidate: typename ap_fixed_base<_AP_W, _AP_I, _AP_S>::RType<8, 8, true>::mult operator*(signed char, const ap_fixed_base<_AP_W, _AP_I, _AP_S, _AP_Q, _AP_O, _AP_N>&) [with int _AP_W = 16; int _AP_I = 5; bool _AP_S = true; ap_q_mode _AP_Q = (ap_q_mode)5u; ap_o_mode _AP_O = (ap_o_mode)3u; int _AP_N = 0; typename ap_fixed_base<_AP_W, _AP_I, _AP_S>::RType<8, 8, true>::mult = ap_fixed<24, 13, (ap_q_mode)5u, (ap_o_mode)3u, 0>]
   operator BIN_OP(                                                          \
   ^
C:/Xilinx/2023.2/Vitis_HLS/2023.2/include/etc/ap_fixed_base.h:2347:3: note: in expansion of macro 'AF_BIN_OP_WITH_INT'
   AF_BIN_OP_WITH_INT(*, C_TYPE, (BITS), (SIGN), mult)     \
   ^~~~~~~~~~~~~~~~~~
C:/Xilinx/2023.2/Vitis_HLS/2023.2/include/etc/ap_fixed_base.h:2374:1: note: in expansion of macro 'ALL_AF_OP_WITH_INT'
 ALL_AF_OP_WITH_INT(signed char, 8, true)
 ^~~~~~~~~~~~~~~~~~
C:/Xilinx/2023.2/Vitis_HLS/2023.2/include/etc/ap_fixed_base.h:2302:3: note: candidate: typename ap_fixed_base<_AP_W, _AP_I, _AP_S>::RType<8, 8, CHAR_IS_SIGNED>::mult operator*(char, const ap_fixed_base<_AP_W, _AP_I, _AP_S, _AP_Q, _AP_O, _AP_N>&) [with int _AP_W = 16; int _AP_I = 5; bool _AP_S = true; ap_q_mode _AP_Q = (ap_q_mode)5u; ap_o_mode _AP_O = (ap_o_mode)3u; int _AP_N = 0; typename ap_fixed_base<_AP_W, _AP_I, _AP_S>::RType<8, 8, CHAR_IS_SIGNED>::mult = ap_fixed<24, 13, (ap_q_mode)5u, (ap_o_mode)3u, 0>]
   operator BIN_OP(                                                          \
   ^
C:/Xilinx/2023.2/Vitis_HLS/2023.2/include/etc/ap_fixed_base.h:2347:3: note: in expansion of macro 'AF_BIN_OP_WITH_INT'
   AF_BIN_OP_WITH_INT(*, C_TYPE, (BITS), (SIGN), mult)     \
   ^~~~~~~~~~~~~~~~~~
C:/Xilinx/2023.2/Vitis_HLS/2023.2/include/etc/ap_fixed_base.h:2373:1: note: in expansion of macro 'ALL_AF_OP_WITH_INT'
 ALL_AF_OP_WITH_INT(char, 8, CHAR_IS_SIGNED)
 ^~~~~~~~~~~~~~~~~~
C:/Xilinx/2023.2/Vitis_HLS/2023.2/include/etc/ap_fixed_base.h:2302:3: note: candidate: typename ap_fixed_base<_AP_W, _AP_I, _AP_S>::RType<1, 1, false>::mult operator*(bool, const ap_fixed_base<_AP_W, _AP_I, _AP_S, _AP_Q, _AP_O, _AP_N>&) [with int _AP_W = 16; int _AP_I = 5; bool _AP_S = true; ap_q_mode _AP_Q = (ap_q_mode)5u; ap_o_mode _AP_O = (ap_o_mode)3u; int _AP_N = 0; typename ap_fixed_base<_AP_W, _AP_I, _AP_S>::RType<1, 1, false>::mult = ap_fixed<17, 6, (ap_q_mode)5u, (ap_o_mode)3u, 0>]
   operator BIN_OP(                                                          \
   ^
C:/Xilinx/2023.2/Vitis_HLS/2023.2/include/etc/ap_fixed_base.h:2347:3: note: in expansion of macro 'AF_BIN_OP_WITH_INT'
   AF_BIN_OP_WITH_INT(*, C_TYPE, (BITS), (SIGN), mult)     \
   ^~~~~~~~~~~~~~~~~~
C:/Xilinx/2023.2/Vitis_HLS/2023.2/include/etc/ap_fixed_base.h:2372:1: note: in expansion of macro 'ALL_AF_OP_WITH_INT'
 ALL_AF_OP_WITH_INT(bool, 1, false)
 ^~~~~~~~~~~~~~~~~~
../../../../calculateLayer3_tb.cpp:95:63: error: call of overloaded 'fabs(ap_fixed_base<16, 5, true, (ap_q_mode)5u, (ap_o_mode)3u, 0>::RType<16, 5, true>::minus)' is ambiguous
            if (fabs(Layer3_Neurons_CPU[i] - expected_output[i]) > (0.05f)) {
                                                               ^
In file included from C:/Xilinx/2023.2/Vitis_HLS/2023.2/tps/win64/msys64/mingw64/include/c++/6.2.0/cmath:45:0,
                 from C:/Xilinx/2023.2/Vitis_HLS/2023.2/tps/win64/msys64/mingw64/include/c++/6.2.0/math.h:37,
                 from ../../../../calculateLayer2.h:4,
                 from ../../../../calculateLayer3.h:4,
                 from ../../../../calculateLayer3_tb.cpp:2:
C:/Xilinx/2023.2/Vitis_HLS/2023.2/tps/win64/msys64/mingw64/x86_64-w64-mingw32/include/math.h:205:25: note: candidate: double fabs(double)
   extern double __cdecl fabs (double _X);
                         ^~~~
In file included from C:/Xilinx/2023.2/Vitis_HLS/2023.2/tps/win64/msys64/mingw64/include/c++/6.2.0/math.h:37:0,
                 from ../../../../calculateLayer2.h:4,
                 from ../../../../calculateLayer3.h:4,
                 from ../../../../calculateLayer3_tb.cpp:2:
C:/Xilinx/2023.2/Vitis_HLS/2023.2/tps/win64/msys64/mingw64/include/c++/6.2.0/cmath:268:3: note: candidate: constexpr long double std::fabs(long double)
   fabs(long double __x)
   ^~~~
C:/Xilinx/2023.2/Vitis_HLS/2023.2/tps/win64/msys64/mingw64/include/c++/6.2.0/cmath:264:3: note: candidate: constexpr float std::fabs(float)
   fabs(float __x)
   ^~~~
make: *** [obj/calculateLayer3_tb.o] Error 1
ERR: [SIM 100] 'csim_design' failed: compilation error(s).
INFO: [SIM 3] *************** CSIM finish ***************
