

================================================================
== Vitis HLS Report for 'calculateLayer3'
================================================================
* Date:           Thu Jan  9 17:52:04 2025

* Version:        2023.2 (Build 4023990 on Oct 11 2023)
* Project:        CNN_lenet5
* Solution:       solution2 (Vivado IP Flow Target)
* Product family: zynq
* Target device:  xc7z020-clg484-1


================================================================
== Performance Estimates
================================================================
+ Timing: 
    * Summary: 
    +--------+----------+-----------+------------+
    |  Clock |  Target  | Estimated | Uncertainty|
    +--------+----------+-----------+------------+
    |ap_clk  |  30.00 ns|  21.759 ns|     8.10 ns|
    +--------+----------+-----------+------------+

+ Latency: 
    * Summary: 
    +---------+---------+----------+----------+--------+--------+---------+
    |  Latency (cycles) |  Latency (absolute) |     Interval    | Pipeline|
    |   min   |   max   |    min   |    max   |   min  |   max  |   Type  |
    +---------+---------+----------+----------+--------+--------+---------+
    |   189106|   189106|  5.673 ms|  5.673 ms|  189107|  189107|       no|
    +---------+---------+----------+----------+--------+--------+---------+

    + Detail: 
        * Instance: 
        +-----------------------------------+-----------------------+---------+---------+----------+----------+-----+-----+---------+
        |                                   |                       |  Latency (cycles) |  Latency (absolute) |  Interval | Pipeline|
        |              Instance             |         Module        |   min   |   max   |    min   |    max   | min | max |   Type  |
        +-----------------------------------+-----------------------+---------+---------+----------+----------+-----+-----+---------+
        |grp_generic_tanh_double_s_fu_2919  |generic_tanh_double_s  |       40|       40|  1.200 us|  1.200 us|    8|    8|      yes|
        +-----------------------------------+-----------------------+---------+---------+----------+----------+-----+-----+---------+

        * Loop: 
        +------------------------------------------+---------+---------+----------+-----------+-----------+------+----------+
        |                                          |  Latency (cycles) | Iteration|  Initiation Interval  | Trip |          |
        |                 Loop Name                |   min   |   max   |  Latency |  achieved |   target  | Count| Pipelined|
        +------------------------------------------+---------+---------+----------+-----------+-----------+------+----------+
        |- calculateLayer3_loop_row_Loop_col_loop  |   189104|   189104|       506|        151|          8|  1250|       yes|
        +------------------------------------------+---------+---------+----------+-----------+-----------+------+----------+



================================================================
== Utilization Estimates
================================================================
* Summary: 
+-----------------+---------+-----+--------+-------+-----+
|       Name      | BRAM_18K| DSP |   FF   |  LUT  | URAM|
+-----------------+---------+-----+--------+-------+-----+
|DSP              |        -|    1|       -|      -|    -|
|Expression       |        -|    -|       0|   4778|    -|
|FIFO             |        -|    -|       -|      -|    -|
|Instance         |       27|   59|    4091|   7086|    -|
|Memory           |        -|    -|       -|      -|    -|
|Multiplexer      |        -|    -|       -|   4927|    -|
|Register         |        -|    -|    7806|     64|    -|
+-----------------+---------+-----+--------+-------+-----+
|Total            |       27|   60|   11897|  16855|    0|
+-----------------+---------+-----+--------+-------+-----+
|Available        |      280|  220|  106400|  53200|    0|
+-----------------+---------+-----+--------+-------+-----+
|Utilization (%)  |        9|   27|      11|     31|    0|
+-----------------+---------+-----+--------+-------+-----+

+ Detail: 
    * Instance: 
    +-------------------------------------+---------------------------------+---------+----+------+------+-----+
    |               Instance              |              Module             | BRAM_18K| DSP|  FF  |  LUT | URAM|
    +-------------------------------------+---------------------------------+---------+----+------+------+-----+
    |CTRL_bus_s_axi_U                     |CTRL_bus_s_axi                   |        0|   0|    36|    40|    0|
    |control_s_axi_U                      |control_s_axi                    |       22|   0|   270|   250|    0|
    |dmul_64ns_64ns_64_4_max_dsp_1_x_U28  |dmul_64ns_64ns_64_4_max_dsp_1_x  |        0|  11|   275|   558|    0|
    |fadd_32ns_32ns_32_3_full_dsp_1_U24   |fadd_32ns_32ns_32_3_full_dsp_1   |        0|   2|   177|   385|    0|
    |fmul_32ns_32ns_32_2_max_dsp_1_U25    |fmul_32ns_32ns_32_2_max_dsp_1    |        0|   3|   128|   320|    0|
    |fpext_32ns_64_1_no_dsp_1_U27         |fpext_32ns_64_1_no_dsp_1         |        0|   0|     0|     0|    0|
    |fptrunc_64ns_32_1_no_dsp_1_U26       |fptrunc_64ns_32_1_no_dsp_1       |        0|   0|     0|     0|    0|
    |grp_generic_tanh_double_s_fu_2919    |generic_tanh_double_s            |        5|  43|  3205|  5456|    0|
    |mul_3ns_6ns_8_1_1_U30                |mul_3ns_6ns_8_1_1                |        0|   0|     0|    26|    0|
    |mul_6ns_9ns_14_1_1_U29               |mul_6ns_9ns_14_1_1               |        0|   0|     0|    51|    0|
    +-------------------------------------+---------------------------------+---------+----+------+------+-----+
    |Total                                |                                 |       27|  59|  4091|  7086|    0|
    +-------------------------------------+---------------------------------+---------+----+------+------+-----+

    * DSP: 
    +-----------------------------------+-------------------------------+--------------+
    |              Instance             |             Module            |  Expression  |
    +-----------------------------------+-------------------------------+--------------+
    |mac_muladd_6ns_5ns_3ns_11_4_1_U31  |mac_muladd_6ns_5ns_3ns_11_4_1  |  i0 * i1 + i2|
    +-----------------------------------+-------------------------------+--------------+

    * Memory: 
    N/A

    * FIFO: 
    N/A

    * Expression: 
    +--------------------------+----------+----+---+----+------------+------------+
    |       Variable Name      | Operation| DSP| FF| LUT| Bitwidth P0| Bitwidth P1|
    +--------------------------+----------+----+---+----+------------+------------+
    |add_ln24_1_fu_3093_p2     |         +|   0|  0|  14|           6|           1|
    |add_ln24_fu_3075_p2       |         +|   0|  0|  12|          11|           1|
    |add_ln25_1_fu_3136_p2     |         +|   0|  0|  14|           6|           1|
    |add_ln25_fu_3195_p2       |         +|   0|  0|  11|           3|           1|
    |add_ln26_fu_3263_p2       |         +|   0|  0|  11|           3|           1|
    |add_ln34_10_fu_4542_p2    |         +|   0|  0|  14|           7|           7|
    |add_ln34_11_fu_4891_p2    |         +|   0|  0|  15|           8|           8|
    |add_ln34_12_fu_5073_p2    |         +|   0|  0|  15|           8|           8|
    |add_ln34_13_fu_5260_p2    |         +|   0|  0|  15|           8|           8|
    |add_ln34_14_fu_5470_p2    |         +|   0|  0|  15|           8|           8|
    |add_ln34_15_fu_5651_p2    |         +|   0|  0|  15|           8|           8|
    |add_ln34_16_fu_5830_p2    |         +|   0|  0|  15|           8|           8|
    |add_ln34_17_fu_6008_p2    |         +|   0|  0|  15|           8|           8|
    |add_ln34_18_fu_6191_p2    |         +|   0|  0|  15|           8|           8|
    |add_ln34_19_fu_6400_p2    |         +|   0|  0|  15|           8|           8|
    |add_ln34_1_fu_3536_p2     |         +|   0|  0|  14|           7|           7|
    |add_ln34_20_fu_6578_p2    |         +|   0|  0|  15|           8|           8|
    |add_ln34_21_fu_6756_p2    |         +|   0|  0|  15|           8|           8|
    |add_ln34_22_fu_6976_p2    |         +|   0|  0|  15|           8|           8|
    |add_ln34_23_fu_7144_p2    |         +|   0|  0|  15|           8|           8|
    |add_ln34_24_fu_7346_p2    |         +|   0|  0|  15|           8|           8|
    |add_ln34_25_fu_7523_p2    |         +|   0|  0|  15|           8|           8|
    |add_ln34_26_fu_7700_p2    |         +|   0|  0|  15|           8|           8|
    |add_ln34_27_fu_7770_p2    |         +|   0|  0|  15|           8|           8|
    |add_ln34_2_fu_3723_p2     |         +|   0|  0|  13|           4|           2|
    |add_ln34_3_fu_3732_p2     |         +|   0|  0|  14|           7|           7|
    |add_ln34_4_fu_3919_p2     |         +|   0|  0|  13|           4|           2|
    |add_ln34_5_fu_3928_p2     |         +|   0|  0|  14|           7|           7|
    |add_ln34_6_fu_4115_p2     |         +|   0|  0|  13|           4|           3|
    |add_ln34_7_fu_4124_p2     |         +|   0|  0|  14|           7|           7|
    |add_ln34_8_fu_4316_p2     |         +|   0|  0|  14|           7|           7|
    |add_ln34_9_fu_4531_p2     |         +|   0|  0|  15|           8|           8|
    |add_ln34_fu_3252_p2       |         +|   0|  0|  14|           7|           7|
    |add_ln35_10_fu_5296_p2    |         +|   0|  0|  14|           9|           9|
    |add_ln35_11_fu_5499_p2    |         +|   0|  0|  14|           9|           9|
    |add_ln35_12_fu_5681_p2    |         +|   0|  0|  14|           9|           9|
    |add_ln35_13_fu_5859_p2    |         +|   0|  0|  14|           9|           9|
    |add_ln35_14_fu_6037_p2    |         +|   0|  0|  14|           9|           9|
    |add_ln35_15_fu_6226_p2    |         +|   0|  0|  14|           9|           9|
    |add_ln35_16_fu_6429_p2    |         +|   0|  0|  14|           9|           9|
    |add_ln35_17_fu_6607_p2    |         +|   0|  0|  14|           9|           9|
    |add_ln35_18_fu_6785_p2    |         +|   0|  0|  14|           9|           9|
    |add_ln35_19_fu_6919_p2    |         +|   0|  0|  14|           9|           9|
    |add_ln35_1_fu_3569_p2     |         +|   0|  0|  14|           9|           9|
    |add_ln35_20_fu_6931_p2    |         +|   0|  0|  14|           9|           9|
    |add_ln35_21_fu_6936_p2    |         +|   0|  0|  14|           9|           9|
    |add_ln35_22_fu_6941_p2    |         +|   0|  0|  14|           9|           9|
    |add_ln35_23_fu_6946_p2    |         +|   0|  0|  14|           9|           9|
    |add_ln35_24_fu_6951_p2    |         +|   0|  0|  14|           9|           9|
    |add_ln35_2_fu_3765_p2     |         +|   0|  0|  14|           9|           9|
    |add_ln35_3_fu_3961_p2     |         +|   0|  0|  14|           9|           9|
    |add_ln35_4_fu_4157_p2     |         +|   0|  0|  14|           9|           9|
    |add_ln35_5_fu_4351_p2     |         +|   0|  0|  14|           9|           9|
    |add_ln35_6_fu_4566_p2     |         +|   0|  0|  14|           9|           9|
    |add_ln35_7_fu_4739_p2     |         +|   0|  0|  14|           9|           9|
    |add_ln35_8_fu_4921_p2     |         +|   0|  0|  14|           9|           9|
    |add_ln35_9_fu_5103_p2     |         +|   0|  0|  14|           9|           9|
    |add_ln35_fu_3314_p2       |         +|   0|  0|  14|           9|           9|
    |add_ln36_10_fu_5331_p2    |         +|   0|  0|  14|           9|           9|
    |add_ln36_11_fu_5528_p2    |         +|   0|  0|  14|           9|           9|
    |add_ln36_12_fu_5710_p2    |         +|   0|  0|  14|           9|           9|
    |add_ln36_13_fu_5888_p2    |         +|   0|  0|  14|           9|           9|
    |add_ln36_14_fu_6066_p2    |         +|   0|  0|  14|           9|           9|
    |add_ln36_15_fu_6261_p2    |         +|   0|  0|  14|           9|           9|
    |add_ln36_16_fu_6458_p2    |         +|   0|  0|  14|           9|           9|
    |add_ln36_17_fu_6636_p2    |         +|   0|  0|  14|           9|           9|
    |add_ln36_18_fu_6814_p2    |         +|   0|  0|  14|           9|           9|
    |add_ln36_19_fu_6923_p2    |         +|   0|  0|  14|           9|           9|
    |add_ln36_1_fu_3599_p2     |         +|   0|  0|  14|           9|           9|
    |add_ln36_20_fu_7203_p2    |         +|   0|  0|  15|           8|           8|
    |add_ln36_21_fu_7399_p2    |         +|   0|  0|  15|           8|           8|
    |add_ln36_22_fu_7576_p2    |         +|   0|  0|  15|           8|           8|
    |add_ln36_23_fu_7753_p2    |         +|   0|  0|  15|           8|           8|
    |add_ln36_24_fu_7774_p2    |         +|   0|  0|  15|           8|           8|
    |add_ln36_2_fu_3795_p2     |         +|   0|  0|  14|           9|           9|
    |add_ln36_3_fu_3991_p2     |         +|   0|  0|  14|           9|           9|
    |add_ln36_4_fu_4187_p2     |         +|   0|  0|  14|           9|           9|
    |add_ln36_5_fu_4386_p2     |         +|   0|  0|  14|           9|           9|
    |add_ln36_6_fu_4595_p2     |         +|   0|  0|  14|           9|           9|
    |add_ln36_7_fu_4768_p2     |         +|   0|  0|  14|           9|           9|
    |add_ln36_8_fu_4950_p2     |         +|   0|  0|  14|           9|           9|
    |add_ln36_9_fu_5132_p2     |         +|   0|  0|  14|           9|           9|
    |add_ln36_fu_3360_p2       |         +|   0|  0|  14|           9|           9|
    |add_ln37_10_fu_5366_p2    |         +|   0|  0|  13|          10|          10|
    |add_ln37_11_fu_5557_p2    |         +|   0|  0|  13|          10|          10|
    |add_ln37_12_fu_5739_p2    |         +|   0|  0|  13|          10|          10|
    |add_ln37_13_fu_5917_p2    |         +|   0|  0|  13|          10|          10|
    |add_ln37_14_fu_6095_p2    |         +|   0|  0|  13|          10|          10|
    |add_ln37_15_fu_6296_p2    |         +|   0|  0|  13|          10|          10|
    |add_ln37_16_fu_6487_p2    |         +|   0|  0|  13|          10|          10|
    |add_ln37_17_fu_6665_p2    |         +|   0|  0|  13|          10|          10|
    |add_ln37_18_fu_6843_p2    |         +|   0|  0|  13|          10|          10|
    |add_ln37_19_fu_7053_p2    |         +|   0|  0|  13|          10|          10|
    |add_ln37_1_fu_3631_p2     |         +|   0|  0|  13|          10|          10|
    |add_ln37_20_fu_7242_p2    |         +|   0|  0|  13|          10|          10|
    |add_ln37_21_fu_7432_p2    |         +|   0|  0|  13|          10|          10|
    |add_ln37_22_fu_7609_p2    |         +|   0|  0|  13|          10|          10|
    |add_ln37_23_fu_7802_p2    |         +|   0|  0|  13|          10|          10|
    |add_ln37_24_fu_7815_p2    |         +|   0|  0|  13|          10|          10|
    |add_ln37_2_fu_3827_p2     |         +|   0|  0|  13|          10|          10|
    |add_ln37_3_fu_4023_p2     |         +|   0|  0|  13|          10|          10|
    |add_ln37_4_fu_4219_p2     |         +|   0|  0|  13|          10|          10|
    |add_ln37_5_fu_4421_p2     |         +|   0|  0|  13|          10|          10|
    |add_ln37_6_fu_4624_p2     |         +|   0|  0|  13|          10|          10|
    |add_ln37_7_fu_4797_p2     |         +|   0|  0|  13|          10|          10|
    |add_ln37_8_fu_4979_p2     |         +|   0|  0|  13|          10|          10|
    |add_ln37_9_fu_5161_p2     |         +|   0|  0|  13|          10|          10|
    |add_ln37_fu_3422_p2       |         +|   0|  0|  13|          10|          10|
    |add_ln38_10_fu_5401_p2    |         +|   0|  0|  13|          10|          10|
    |add_ln38_11_fu_5586_p2    |         +|   0|  0|  13|          10|          10|
    |add_ln38_12_fu_5768_p2    |         +|   0|  0|  13|          10|          10|
    |add_ln38_13_fu_5946_p2    |         +|   0|  0|  13|          10|          10|
    |add_ln38_14_fu_6124_p2    |         +|   0|  0|  13|          10|          10|
    |add_ln38_15_fu_6331_p2    |         +|   0|  0|  13|          10|          10|
    |add_ln38_16_fu_6516_p2    |         +|   0|  0|  13|          10|          10|
    |add_ln38_17_fu_6694_p2    |         +|   0|  0|  13|          10|          10|
    |add_ln38_18_fu_6872_p2    |         +|   0|  0|  13|          10|          10|
    |add_ln38_19_fu_7082_p2    |         +|   0|  0|  13|          10|          10|
    |add_ln38_1_fu_3661_p2     |         +|   0|  0|  13|          10|          10|
    |add_ln38_20_fu_7277_p2    |         +|   0|  0|  13|          10|          10|
    |add_ln38_21_fu_7461_p2    |         +|   0|  0|  13|          10|          10|
    |add_ln38_22_fu_7638_p2    |         +|   0|  0|  13|          10|          10|
    |add_ln38_23_fu_7811_p2    |         +|   0|  0|  13|          10|          10|
    |add_ln38_24_fu_7819_p2    |         +|   0|  0|  13|          10|          10|
    |add_ln38_2_fu_3857_p2     |         +|   0|  0|  13|          10|          10|
    |add_ln38_3_fu_4053_p2     |         +|   0|  0|  13|          10|          10|
    |add_ln38_4_fu_4249_p2     |         +|   0|  0|  13|          10|          10|
    |add_ln38_5_fu_4456_p2     |         +|   0|  0|  13|          10|          10|
    |add_ln38_6_fu_4653_p2     |         +|   0|  0|  13|          10|          10|
    |add_ln38_7_fu_4826_p2     |         +|   0|  0|  13|          10|          10|
    |add_ln38_8_fu_5008_p2     |         +|   0|  0|  13|          10|          10|
    |add_ln38_9_fu_5190_p2     |         +|   0|  0|  13|          10|          10|
    |add_ln38_fu_3458_p2       |         +|   0|  0|  13|          10|          10|
    |add_ln39_10_fu_5436_p2    |         +|   0|  0|  14|           9|           9|
    |add_ln39_11_fu_5615_p2    |         +|   0|  0|  14|           9|           9|
    |add_ln39_12_fu_5797_p2    |         +|   0|  0|  14|           9|           9|
    |add_ln39_13_fu_5975_p2    |         +|   0|  0|  14|           9|           9|
    |add_ln39_14_fu_6153_p2    |         +|   0|  0|  14|           9|           9|
    |add_ln39_15_fu_6366_p2    |         +|   0|  0|  14|           9|           9|
    |add_ln39_16_fu_6545_p2    |         +|   0|  0|  14|           9|           9|
    |add_ln39_17_fu_6723_p2    |         +|   0|  0|  14|           9|           9|
    |add_ln39_18_fu_6906_p2    |         +|   0|  0|  14|           9|           9|
    |add_ln39_19_fu_6927_p2    |         +|   0|  0|  14|           9|           9|
    |add_ln39_1_fu_3690_p2     |         +|   0|  0|  14|           9|           9|
    |add_ln39_20_fu_7312_p2    |         +|   0|  0|  15|           8|           8|
    |add_ln39_21_fu_7490_p2    |         +|   0|  0|  15|           8|           8|
    |add_ln39_22_fu_7667_p2    |         +|   0|  0|  15|           8|           8|
    |add_ln39_23_fu_7766_p2    |         +|   0|  0|  15|           8|           8|
    |add_ln39_24_fu_7778_p2    |         +|   0|  0|  15|           8|           8|
    |add_ln39_2_fu_3886_p2     |         +|   0|  0|  14|           9|           9|
    |add_ln39_3_fu_4082_p2     |         +|   0|  0|  14|           9|           9|
    |add_ln39_4_fu_4278_p2     |         +|   0|  0|  14|           9|           9|
    |add_ln39_5_fu_4491_p2     |         +|   0|  0|  14|           9|           9|
    |add_ln39_6_fu_4682_p2     |         +|   0|  0|  14|           9|           9|
    |add_ln39_7_fu_4855_p2     |         +|   0|  0|  14|           9|           9|
    |add_ln39_8_fu_5037_p2     |         +|   0|  0|  14|           9|           9|
    |add_ln39_9_fu_5219_p2     |         +|   0|  0|  14|           9|           9|
    |add_ln39_fu_3493_p2       |         +|   0|  0|  14|           9|           9|
    |add_ln41_1_fu_3370_p2     |         +|   0|  0|  13|           5|           5|
    |add_ln41_fu_3380_p2       |         +|   0|  0|  12|          11|          11|
    |empty_100_fu_4331_p2      |         +|   0|  0|  14|          13|           6|
    |empty_102_fu_4366_p2      |         +|   0|  0|  14|          13|           6|
    |empty_104_fu_4401_p2      |         +|   0|  0|  14|          13|           6|
    |empty_106_fu_4436_p2      |         +|   0|  0|  14|          13|           6|
    |empty_108_fu_4471_p2      |         +|   0|  0|  14|          13|           6|
    |empty_110_fu_4510_p2      |         +|   0|  0|  14|          13|           6|
    |empty_112_fu_4551_p2      |         +|   0|  0|  14|          13|           6|
    |empty_114_fu_4580_p2      |         +|   0|  0|  14|          13|           6|
    |empty_116_fu_4609_p2      |         +|   0|  0|  14|          13|           6|
    |empty_118_fu_4638_p2      |         +|   0|  0|  14|          13|           6|
    |empty_120_fu_4667_p2      |         +|   0|  0|  14|          13|           6|
    |empty_122_fu_4700_p2      |         +|   0|  0|  14|          13|           6|
    |empty_124_fu_4724_p2      |         +|   0|  0|  14|          13|           6|
    |empty_126_fu_4753_p2      |         +|   0|  0|  14|          13|           6|
    |empty_128_fu_4782_p2      |         +|   0|  0|  14|          13|           6|
    |empty_130_fu_4811_p2      |         +|   0|  0|  14|          13|           6|
    |empty_132_fu_4840_p2      |         +|   0|  0|  14|          13|           6|
    |empty_134_fu_4873_p2      |         +|   0|  0|  14|          13|           6|
    |empty_136_fu_4906_p2      |         +|   0|  0|  14|          13|           6|
    |empty_138_fu_4935_p2      |         +|   0|  0|  14|          13|           6|
    |empty_140_fu_4964_p2      |         +|   0|  0|  14|          13|           6|
    |empty_142_fu_4993_p2      |         +|   0|  0|  14|          13|           6|
    |empty_144_fu_5022_p2      |         +|   0|  0|  14|          13|           6|
    |empty_146_fu_5055_p2      |         +|   0|  0|  14|          13|           6|
    |empty_148_fu_5088_p2      |         +|   0|  0|  14|          13|           6|
    |empty_150_fu_5117_p2      |         +|   0|  0|  14|          13|           6|
    |empty_152_fu_5146_p2      |         +|   0|  0|  14|          13|           6|
    |empty_154_fu_5175_p2      |         +|   0|  0|  14|          13|           6|
    |empty_156_fu_5204_p2      |         +|   0|  0|  14|          13|           6|
    |empty_158_fu_5237_p2      |         +|   0|  0|  14|          13|           6|
    |empty_160_fu_5276_p2      |         +|   0|  0|  14|          13|           6|
    |empty_162_fu_5311_p2      |         +|   0|  0|  14|          13|           6|
    |empty_164_fu_5346_p2      |         +|   0|  0|  14|          13|           7|
    |empty_166_fu_5381_p2      |         +|   0|  0|  14|          13|           7|
    |empty_168_fu_5416_p2      |         +|   0|  0|  14|          13|           7|
    |empty_170_fu_5455_p2      |         +|   0|  0|  14|          13|           7|
    |empty_172_fu_5484_p2      |         +|   0|  0|  14|          13|           7|
    |empty_174_fu_5513_p2      |         +|   0|  0|  14|          13|           7|
    |empty_176_fu_5542_p2      |         +|   0|  0|  14|          13|           7|
    |empty_178_fu_5571_p2      |         +|   0|  0|  14|          13|           7|
    |empty_180_fu_5600_p2      |         +|   0|  0|  14|          13|           7|
    |empty_182_fu_5633_p2      |         +|   0|  0|  14|          13|           7|
    |empty_184_fu_5666_p2      |         +|   0|  0|  14|          13|           7|
    |empty_186_fu_5695_p2      |         +|   0|  0|  14|          13|           7|
    |empty_188_fu_5724_p2      |         +|   0|  0|  14|          13|           7|
    |empty_190_fu_5753_p2      |         +|   0|  0|  14|          13|           7|
    |empty_192_fu_5782_p2      |         +|   0|  0|  14|          13|           7|
    |empty_194_fu_5815_p2      |         +|   0|  0|  14|          13|           7|
    |empty_196_fu_5844_p2      |         +|   0|  0|  14|          13|           7|
    |empty_198_fu_5873_p2      |         +|   0|  0|  14|          13|           7|
    |empty_200_fu_5902_p2      |         +|   0|  0|  14|          13|           7|
    |empty_202_fu_5931_p2      |         +|   0|  0|  14|          13|           7|
    |empty_204_fu_5960_p2      |         +|   0|  0|  14|          13|           7|
    |empty_206_fu_5993_p2      |         +|   0|  0|  14|          13|           7|
    |empty_208_fu_6022_p2      |         +|   0|  0|  14|          13|           7|
    |empty_210_fu_6051_p2      |         +|   0|  0|  14|          13|           7|
    |empty_212_fu_6080_p2      |         +|   0|  0|  14|          13|           7|
    |empty_214_fu_6109_p2      |         +|   0|  0|  14|          13|           7|
    |empty_216_fu_6138_p2      |         +|   0|  0|  14|          13|           7|
    |empty_218_fu_6171_p2      |         +|   0|  0|  14|          13|           7|
    |empty_220_fu_6206_p2      |         +|   0|  0|  14|          13|           7|
    |empty_222_fu_6241_p2      |         +|   0|  0|  14|          13|           7|
    |empty_224_fu_6276_p2      |         +|   0|  0|  14|          13|           7|
    |empty_226_fu_6311_p2      |         +|   0|  0|  14|          13|           7|
    |empty_228_fu_6346_p2      |         +|   0|  0|  14|          13|           7|
    |empty_230_fu_6385_p2      |         +|   0|  0|  14|          13|           7|
    |empty_232_fu_6414_p2      |         +|   0|  0|  14|          13|           7|
    |empty_234_fu_6443_p2      |         +|   0|  0|  14|          13|           7|
    |empty_236_fu_6472_p2      |         +|   0|  0|  14|          13|           7|
    |empty_238_fu_6501_p2      |         +|   0|  0|  14|          13|           7|
    |empty_240_fu_6530_p2      |         +|   0|  0|  14|          13|           7|
    |empty_242_fu_6563_p2      |         +|   0|  0|  14|          13|           7|
    |empty_244_fu_6592_p2      |         +|   0|  0|  14|          13|           7|
    |empty_246_fu_6621_p2      |         +|   0|  0|  14|          13|           7|
    |empty_248_fu_6650_p2      |         +|   0|  0|  14|          13|           7|
    |empty_250_fu_6679_p2      |         +|   0|  0|  14|          13|           7|
    |empty_252_fu_6708_p2      |         +|   0|  0|  14|          13|           7|
    |empty_254_fu_6741_p2      |         +|   0|  0|  14|          13|           7|
    |empty_256_fu_6770_p2      |         +|   0|  0|  14|          13|           7|
    |empty_258_fu_6799_p2      |         +|   0|  0|  14|          13|           7|
    |empty_260_fu_6828_p2      |         +|   0|  0|  14|          13|           7|
    |empty_262_fu_6857_p2      |         +|   0|  0|  14|          13|           7|
    |empty_264_fu_6886_p2      |         +|   0|  0|  14|          13|           7|
    |empty_266_fu_6961_p2      |         +|   0|  0|  14|          13|           7|
    |empty_268_fu_6990_p2      |         +|   0|  0|  14|          13|           7|
    |empty_270_fu_7014_p2      |         +|   0|  0|  14|          13|           7|
    |empty_272_fu_7038_p2      |         +|   0|  0|  14|          13|           7|
    |empty_274_fu_7067_p2      |         +|   0|  0|  14|          13|           7|
    |empty_276_fu_7096_p2      |         +|   0|  0|  14|          13|           7|
    |empty_279_fu_7159_p2      |         +|   0|  0|  14|          13|           7|
    |empty_281_fu_7183_p2      |         +|   0|  0|  14|          13|           7|
    |empty_283_fu_7222_p2      |         +|   0|  0|  14|          13|           7|
    |empty_285_fu_7257_p2      |         +|   0|  0|  14|          13|           7|
    |empty_287_fu_7292_p2      |         +|   0|  0|  14|          13|           7|
    |empty_289_fu_7331_p2      |         +|   0|  0|  14|          13|           7|
    |empty_291_fu_7360_p2      |         +|   0|  0|  14|          13|           8|
    |empty_293_fu_7384_p2      |         +|   0|  0|  14|          13|           8|
    |empty_295_fu_7417_p2      |         +|   0|  0|  14|          13|           8|
    |empty_297_fu_7446_p2      |         +|   0|  0|  14|          13|           8|
    |empty_299_fu_7475_p2      |         +|   0|  0|  14|          13|           8|
    |empty_301_fu_7508_p2      |         +|   0|  0|  14|          13|           8|
    |empty_303_fu_7537_p2      |         +|   0|  0|  14|          13|           8|
    |empty_305_fu_7561_p2      |         +|   0|  0|  14|          13|           8|
    |empty_307_fu_7594_p2      |         +|   0|  0|  14|          13|           8|
    |empty_309_fu_7623_p2      |         +|   0|  0|  14|          13|           8|
    |empty_311_fu_7652_p2      |         +|   0|  0|  14|          13|           8|
    |empty_313_fu_7685_p2      |         +|   0|  0|  14|          13|           8|
    |empty_315_fu_7714_p2      |         +|   0|  0|  14|          13|           8|
    |empty_317_fu_7738_p2      |         +|   0|  0|  14|          13|           8|
    |empty_319_fu_7787_p2      |         +|   0|  0|  14|          13|           8|
    |empty_321_fu_7828_p2      |         +|   0|  0|  14|          13|           8|
    |empty_323_fu_7852_p2      |         +|   0|  0|  14|          13|           8|
    |empty_325_fu_7880_p2      |         +|   0|  0|  14|          13|           8|
    |empty_327_fu_7904_p2      |         +|   0|  0|  14|          13|           8|
    |empty_329_fu_7928_p2      |         +|   0|  0|  14|          13|           8|
    |empty_331_fu_7956_p2      |         +|   0|  0|  14|          13|           8|
    |empty_333_fu_7980_p2      |         +|   0|  0|  14|          13|           8|
    |empty_335_fu_8004_p2      |         +|   0|  0|  14|          13|           8|
    |empty_339_fu_3297_p2      |         +|   0|  0|  14|           9|           8|
    |empty_340_fu_3350_p2      |         +|   0|  0|  14|           9|           9|
    |empty_341_fu_3408_p2      |         +|   0|  0|  13|          10|           9|
    |empty_342_fu_3448_p2      |         +|   0|  0|  13|          10|          10|
    |empty_343_fu_3483_p2      |         +|   0|  0|  14|           9|           9|
    |empty_344_fu_4306_p2      |         +|   0|  0|  14|           7|           4|
    |empty_345_fu_4341_p2      |         +|   0|  0|  14|           9|           8|
    |empty_346_fu_4376_p2      |         +|   0|  0|  14|           9|           9|
    |empty_347_fu_4411_p2      |         +|   0|  0|  13|          10|          10|
    |empty_348_fu_4446_p2      |         +|   0|  0|  13|          10|          10|
    |empty_349_fu_4481_p2      |         +|   0|  0|  14|           9|           9|
    |empty_350_fu_5247_p2      |         +|   0|  0|  15|           8|           5|
    |empty_351_fu_5286_p2      |         +|   0|  0|  14|           9|           8|
    |empty_352_fu_5321_p2      |         +|   0|  0|  14|           9|           9|
    |empty_353_fu_5356_p2      |         +|   0|  0|  13|          10|          10|
    |empty_354_fu_5391_p2      |         +|   0|  0|  13|          10|          10|
    |empty_355_fu_5426_p2      |         +|   0|  0|  14|           9|           9|
    |empty_356_fu_6181_p2      |         +|   0|  0|  15|           8|           6|
    |empty_357_fu_6216_p2      |         +|   0|  0|  14|           9|           8|
    |empty_358_fu_6251_p2      |         +|   0|  0|  14|           9|           9|
    |empty_359_fu_6286_p2      |         +|   0|  0|  13|          10|          10|
    |empty_360_fu_6321_p2      |         +|   0|  0|  13|          10|          10|
    |empty_361_fu_6356_p2      |         +|   0|  0|  14|           9|           9|
    |empty_362_fu_7134_p2      |         +|   0|  0|  15|           8|           6|
    |empty_363_fu_6896_p2      |         +|   0|  0|  14|           9|           8|
    |empty_364_fu_7193_p2      |         +|   0|  0|  15|           8|           8|
    |empty_365_fu_7232_p2      |         +|   0|  0|  13|          10|          10|
    |empty_366_fu_7267_p2      |         +|   0|  0|  13|          10|          10|
    |empty_367_fu_7302_p2      |         +|   0|  0|  15|           8|           8|
    |empty_38_fu_7119_p2       |         +|   0|  0|  14|          13|           7|
    |empty_44_fu_3395_p2       |         +|   0|  0|  14|          13|           3|
    |empty_46_fu_3438_p2       |         +|   0|  0|  14|          13|           3|
    |empty_48_fu_3473_p2       |         +|   0|  0|  14|          13|           3|
    |empty_50_fu_3512_p2       |         +|   0|  0|  14|          13|           3|
    |empty_52_fu_3551_p2       |         +|   0|  0|  14|          13|           4|
    |empty_54_fu_3584_p2       |         +|   0|  0|  14|          13|           4|
    |empty_56_fu_3613_p2       |         +|   0|  0|  14|          13|           4|
    |empty_58_fu_3646_p2       |         +|   0|  0|  14|          13|           4|
    |empty_60_fu_3675_p2       |         +|   0|  0|  14|          13|           4|
    |empty_62_fu_3708_p2       |         +|   0|  0|  14|          13|           4|
    |empty_64_fu_3747_p2       |         +|   0|  0|  14|          13|           4|
    |empty_66_fu_3780_p2       |         +|   0|  0|  14|          13|           4|
    |empty_68_fu_3809_p2       |         +|   0|  0|  14|          13|           5|
    |empty_70_fu_3842_p2       |         +|   0|  0|  14|          13|           5|
    |empty_72_fu_3871_p2       |         +|   0|  0|  14|          13|           5|
    |empty_74_fu_3904_p2       |         +|   0|  0|  14|          13|           5|
    |empty_76_fu_3943_p2       |         +|   0|  0|  14|          13|           5|
    |empty_78_fu_3976_p2       |         +|   0|  0|  14|          13|           5|
    |empty_80_fu_4005_p2       |         +|   0|  0|  14|          13|           5|
    |empty_82_fu_4038_p2       |         +|   0|  0|  14|          13|           5|
    |empty_84_fu_4067_p2       |         +|   0|  0|  14|          13|           5|
    |empty_86_fu_4100_p2       |         +|   0|  0|  14|          13|           5|
    |empty_88_fu_4139_p2       |         +|   0|  0|  14|          13|           5|
    |empty_90_fu_4172_p2       |         +|   0|  0|  14|          13|           5|
    |empty_92_fu_4201_p2       |         +|   0|  0|  14|          13|           5|
    |empty_94_fu_4234_p2       |         +|   0|  0|  14|          13|           5|
    |empty_96_fu_4263_p2       |         +|   0|  0|  14|          13|           5|
    |empty_98_fu_4296_p2       |         +|   0|  0|  14|          13|           5|
    |and_ln21_fu_3189_p2       |       and|   0|  0|   2|           1|           1|
    |ap_condition_10186        |       and|   0|  0|   2|           1|           1|
    |ap_condition_10189        |       and|   0|  0|   2|           1|           1|
    |ap_condition_5112         |       and|   0|  0|   2|           1|           1|
    |icmp_ln24_fu_3069_p2      |      icmp|   0|  0|  12|          11|          11|
    |icmp_ln25_fu_3087_p2      |      icmp|   0|  0|  14|           6|           5|
    |icmp_ln26_fu_3183_p2      |      icmp|   0|  0|  11|           3|           3|
    |empty_36_fu_3125_p2       |        or|   0|  0|  13|          13|           1|
    |empty_40_fu_3284_p2       |        or|   0|  0|  13|          13|           2|
    |empty_42_fu_3330_p2       |        or|   0|  0|  13|          13|           2|
    |or_ln21_fu_3201_p2        |        or|   0|  0|   2|           1|           1|
    |or_ln34_fu_3527_p2        |        or|   0|  0|   4|           4|           1|
    |select_ln21_1_fu_3206_p3  |    select|   0|  0|   3|           1|           1|
    |select_ln21_fu_3171_p3    |    select|   0|  0|   3|           1|           1|
    |select_ln24_fu_3099_p3    |    select|   0|  0|   6|           1|           6|
    |select_ln25_1_fu_3142_p3  |    select|   0|  0|   6|           1|           1|
    |select_ln25_fu_3214_p3    |    select|   0|  0|   3|           1|           3|
    |ap_enable_pp0             |       xor|   0|  0|   2|           1|           2|
    |xor_ln21_fu_3178_p2       |       xor|   0|  0|   2|           1|           2|
    +--------------------------+----------+----+---+----+------------+------------+
    |Total                     |          |   0|  0|4778|        3665|        2628|
    +--------------------------+----------+----+---+----+------------+------------+

    * Multiplexer: 
    +----------------------------------------+-----+-----------+-----+-----------+
    |                  Name                  | LUT | Input Size| Bits| Total Bits|
    +----------------------------------------+-----+-----------+-----+-----------+
    |Layer2_Neurons_CPU_address0             |  806|        151|   10|       1510|
    |Layer2_Weights_CPU_address0             |  811|        152|   13|       1976|
    |ap_NS_fsm                               |  811|        152|    1|        152|
    |ap_done_int                             |    9|          2|    1|          2|
    |ap_enable_reg_pp0_iter0                 |    9|          2|    1|          2|
    |ap_enable_reg_pp0_iter1                 |    9|          2|    1|          2|
    |ap_enable_reg_pp0_iter3                 |    9|          2|    1|          2|
    |ap_loop_exit_ready_pp0_iter1_reg        |    9|          2|    1|          2|
    |ap_loop_exit_ready_pp0_iter2_reg        |    9|          2|    1|          2|
    |ap_sig_allocacmp_i_load                 |    9|          2|    6|         12|
    |ap_sig_allocacmp_indvar_flatten12_load  |    9|          2|   11|         22|
    |ap_sig_allocacmp_indvar_flatten_load    |    9|          2|    6|         12|
    |grp_fu_2930_p0                          |   25|          5|   32|        160|
    |grp_fu_2930_p1                          |  708|        133|   32|       4256|
    |grp_fu_2934_p0                          |  806|        151|   32|       4832|
    |grp_fu_2934_p1                          |  806|        151|   32|       4832|
    |grp_fu_2944_p0                          |   14|          3|   64|        192|
    |grp_fu_2944_p1                          |   14|          3|   64|        192|
    |i_fu_480                                |    9|          2|    6|         12|
    |indvar_flatten12_fu_484                 |    9|          2|   11|         22|
    |indvar_flatten_fu_476                   |    9|          2|    6|         12|
    |j_fu_472                                |    9|          2|    3|          6|
    |k_fu_468                                |    9|          2|    3|          6|
    +----------------------------------------+-----+-----------+-----+-----------+
    |Total                                   | 4927|        929|  338|      18218|
    +----------------------------------------+-----+-----------+-----+-----------+

    * Register: 
    +------------------------------------------------+-----+----+-----+-----------+
    |                      Name                      |  FF | LUT| Bits| Const Bits|
    +------------------------------------------------+-----+----+-----+-----------+
    |add_ln34_10_reg_9423                            |    7|   0|    7|          0|
    |add_ln34_27_reg_12208                           |    8|   0|    8|          0|
    |add_ln34_2_reg_8709                             |    3|   0|    4|          1|
    |add_ln34_4_reg_8870                             |    3|   0|    4|          1|
    |add_ln34_6_reg_9041                             |    3|   0|    4|          1|
    |add_ln35_19_reg_11448                           |    9|   0|    9|          0|
    |add_ln35_20_reg_11463                           |    9|   0|    9|          0|
    |add_ln35_21_reg_11468                           |    9|   0|    9|          0|
    |add_ln35_22_reg_11473                           |    9|   0|    9|          0|
    |add_ln35_23_reg_11478                           |    9|   0|    9|          0|
    |add_ln35_24_reg_11483                           |    9|   0|    9|          0|
    |add_ln36_19_reg_11453                           |    9|   0|    9|          0|
    |add_ln36_24_reg_12213                           |    8|   0|    8|          0|
    |add_ln37_24_reg_12253                           |   10|   0|   10|          0|
    |add_ln38_23_reg_12248                           |   10|   0|   10|          0|
    |add_ln38_24_reg_12258                           |   10|   0|   10|          0|
    |add_ln39_19_reg_11458                           |    9|   0|    9|          0|
    |add_ln39_23_reg_12203                           |    8|   0|    8|          0|
    |add_ln39_24_reg_12218                           |    8|   0|    8|          0|
    |add_ln41_reg_8418                               |   11|   0|   11|          0|
    |ap_CS_fsm                                       |  151|   0|  151|          0|
    |ap_done_reg                                     |    1|   0|    1|          0|
    |ap_enable_reg_pp0_iter0_reg                     |    1|   0|    1|          0|
    |ap_enable_reg_pp0_iter1                         |    1|   0|    1|          0|
    |ap_enable_reg_pp0_iter2                         |    1|   0|    1|          0|
    |ap_enable_reg_pp0_iter3                         |    1|   0|    1|          0|
    |ap_loop_exit_ready_pp0_iter1_reg                |    1|   0|    1|          0|
    |ap_loop_exit_ready_pp0_iter2_reg                |    1|   0|    1|          0|
    |conv1_reg_12493                                 |   32|   0|   32|          0|
    |conv_reg_12483                                  |   64|   0|   64|          0|
    |empty_337_reg_8284                              |    8|   0|    8|          0|
    |empty_338_reg_8295                              |    7|   0|    7|          0|
    |empty_339_reg_8351                              |    9|   0|    9|          0|
    |empty_340_reg_8400                              |    9|   0|    9|          0|
    |empty_341_reg_8451                              |   10|   0|   10|          0|
    |empty_342_reg_8492                              |   10|   0|   10|          0|
    |empty_343_reg_8520                              |    9|   0|    9|          0|
    |empty_344_reg_9207                              |    7|   0|    7|          0|
    |empty_345_reg_9238                              |    9|   0|    9|          0|
    |empty_346_reg_9271                              |    9|   0|    9|          0|
    |empty_347_reg_9299                              |   10|   0|   10|          0|
    |empty_348_reg_9332                              |   10|   0|   10|          0|
    |empty_349_reg_9365                              |    9|   0|    9|          0|
    |empty_350_reg_9996                              |    8|   0|    8|          0|
    |empty_351_reg_10037                             |    9|   0|    9|          0|
    |empty_352_reg_10070                             |    9|   0|    9|          0|
    |empty_353_reg_10103                             |   10|   0|   10|          0|
    |empty_354_reg_10136                             |   10|   0|   10|          0|
    |empty_355_reg_10169                             |    9|   0|    9|          0|
    |empty_356_reg_10810                             |    8|   0|    8|          0|
    |empty_357_reg_10843                             |    9|   0|    9|          0|
    |empty_358_reg_10876                             |    9|   0|    9|          0|
    |empty_359_reg_10909                             |   10|   0|   10|          0|
    |empty_35_reg_8110                               |   13|   0|   13|          0|
    |empty_360_reg_10942                             |   10|   0|   10|          0|
    |empty_361_reg_10975                             |    9|   0|    9|          0|
    |empty_362_reg_11648                             |    8|   0|    8|          0|
    |empty_364_reg_11706                             |    8|   0|    8|          0|
    |empty_365_reg_11739                             |   10|   0|   10|          0|
    |empty_366_reg_11772                             |   10|   0|   10|          0|
    |empty_367_reg_11805                             |    8|   0|    8|          0|
    |empty_reg_8105                                  |   14|   0|   14|          0|
    |grp_generic_tanh_double_s_fu_2919_ap_start_reg  |    1|   0|    1|          0|
    |i_fu_480                                        |    6|   0|    6|          0|
    |icmp_ln24_reg_8089                              |    1|   0|    1|          0|
    |icmp_ln25_reg_8093                              |    1|   0|    1|          0|
    |indvar_flatten12_fu_484                         |   11|   0|   11|          0|
    |indvar_flatten_fu_476                           |    6|   0|    6|          0|
    |j_fu_472                                        |    3|   0|    3|          0|
    |k_fu_468                                        |    3|   0|    3|          0|
    |mul109_1_1_reg_9553                             |   32|   0|   32|          0|
    |mul109_1_2_reg_9702                             |   32|   0|   32|          0|
    |mul109_1_3_reg_9851                             |   32|   0|   32|          0|
    |mul109_1_4_reg_10012                            |   32|   0|   32|          0|
    |mul109_1_reg_9408                               |   32|   0|   32|          0|
    |mul109_2_1_reg_10360                            |   32|   0|   32|          0|
    |mul109_2_2_reg_10510                            |   32|   0|   32|          0|
    |mul109_2_2_reg_10510_pp0_iter1_reg              |   32|   0|   32|          0|
    |mul109_2_3_reg_10660                            |   32|   0|   32|          0|
    |mul109_2_3_reg_10660_pp0_iter1_reg              |   32|   0|   32|          0|
    |mul109_2_4_reg_10818                            |   32|   0|   32|          0|
    |mul109_2_4_reg_10818_pp0_iter1_reg              |   32|   0|   32|          0|
    |mul109_2_reg_10202                              |   32|   0|   32|          0|
    |mul109_3_1_reg_11158                            |   32|   0|   32|          0|
    |mul109_3_1_reg_11158_pp0_iter1_reg              |   32|   0|   32|          0|
    |mul109_3_2_reg_11308                            |   32|   0|   32|          0|
    |mul109_3_2_reg_11308_pp0_iter1_reg              |   32|   0|   32|          0|
    |mul109_3_3_reg_11498                            |   32|   0|   32|          0|
    |mul109_3_3_reg_11498_pp0_iter1_reg              |   32|   0|   32|          0|
    |mul109_3_4_reg_11656                            |   32|   0|   32|          0|
    |mul109_3_4_reg_11656_pp0_iter1_reg              |   32|   0|   32|          0|
    |mul109_3_reg_11008                              |   32|   0|   32|          0|
    |mul109_3_reg_11008_pp0_iter1_reg                |   32|   0|   32|          0|
    |mul109_4_1_reg_11988                            |   32|   0|   32|          0|
    |mul109_4_1_reg_11988_pp0_iter1_reg              |   32|   0|   32|          0|
    |mul109_4_2_reg_12138                            |   32|   0|   32|          0|
    |mul109_4_2_reg_12138_pp0_iter1_reg              |   32|   0|   32|          0|
    |mul109_4_3_reg_12323                            |   32|   0|   32|          0|
    |mul109_4_3_reg_12323_pp0_iter1_reg              |   32|   0|   32|          0|
    |mul109_4_4_reg_12468                            |   32|   0|   32|          0|
    |mul109_4_4_reg_12468_pp0_iter2_reg              |   32|   0|   32|          0|
    |mul109_4_reg_11838                              |   32|   0|   32|          0|
    |mul109_4_reg_11838_pp0_iter1_reg                |   32|   0|   32|          0|
    |mul109_6_reg_9031                               |   32|   0|   32|          0|
    |mul109_7_reg_9213                               |   32|   0|   32|          0|
    |mul129_1_1_reg_9578                             |   32|   0|   32|          0|
    |mul129_1_2_reg_9727                             |   32|   0|   32|          0|
    |mul129_1_3_reg_9876                             |   32|   0|   32|          0|
    |mul129_1_4_reg_10045                            |   32|   0|   32|          0|
    |mul129_1_reg_9438                               |   32|   0|   32|          0|
    |mul129_2_1_reg_10385                            |   32|   0|   32|          0|
    |mul129_2_2_reg_10535                            |   32|   0|   32|          0|
    |mul129_2_2_reg_10535_pp0_iter1_reg              |   32|   0|   32|          0|
    |mul129_2_3_reg_10685                            |   32|   0|   32|          0|
    |mul129_2_3_reg_10685_pp0_iter1_reg              |   32|   0|   32|          0|
    |mul129_2_4_reg_10851                            |   32|   0|   32|          0|
    |mul129_2_4_reg_10851_pp0_iter1_reg              |   32|   0|   32|          0|
    |mul129_2_reg_10227                              |   32|   0|   32|          0|
    |mul129_3_1_reg_11183                            |   32|   0|   32|          0|
    |mul129_3_1_reg_11183_pp0_iter1_reg              |   32|   0|   32|          0|
    |mul129_3_2_reg_11333                            |   32|   0|   32|          0|
    |mul129_3_2_reg_11333_pp0_iter1_reg              |   32|   0|   32|          0|
    |mul129_3_3_reg_11523                            |   32|   0|   32|          0|
    |mul129_3_3_reg_11523_pp0_iter1_reg              |   32|   0|   32|          0|
    |mul129_3_4_reg_11681                            |   32|   0|   32|          0|
    |mul129_3_4_reg_11681_pp0_iter1_reg              |   32|   0|   32|          0|
    |mul129_3_reg_11033                              |   32|   0|   32|          0|
    |mul129_3_reg_11033_pp0_iter1_reg                |   32|   0|   32|          0|
    |mul129_4_1_reg_12013                            |   32|   0|   32|          0|
    |mul129_4_1_reg_12013_pp0_iter1_reg              |   32|   0|   32|          0|
    |mul129_4_2_reg_12163                            |   32|   0|   32|          0|
    |mul129_4_2_reg_12163_pp0_iter1_reg              |   32|   0|   32|          0|
    |mul129_4_3_reg_12348                            |   32|   0|   32|          0|
    |mul129_4_3_reg_12348_pp0_iter1_reg              |   32|   0|   32|          0|
    |mul129_4_4_reg_12478                            |   32|   0|   32|          0|
    |mul129_4_4_reg_12478_pp0_iter2_reg              |   32|   0|   32|          0|
    |mul129_4_reg_11863                              |   32|   0|   32|          0|
    |mul129_4_reg_11863_pp0_iter1_reg                |   32|   0|   32|          0|
    |mul129_6_reg_9063                               |   32|   0|   32|          0|
    |mul129_7_reg_9246                               |   32|   0|   32|          0|
    |mul29_2_1_reg_10252                             |   32|   0|   32|          0|
    |mul29_2_2_reg_10410                             |   32|   0|   32|          0|
    |mul29_2_3_reg_10560                             |   32|   0|   32|          0|
    |mul29_2_3_reg_10560_pp0_iter1_reg               |   32|   0|   32|          0|
    |mul29_2_4_reg_10710                             |   32|   0|   32|          0|
    |mul29_2_4_reg_10710_pp0_iter1_reg               |   32|   0|   32|          0|
    |mul29_2_reg_10078                               |   32|   0|   32|          0|
    |mul29_3_1_reg_11058                             |   32|   0|   32|          0|
    |mul29_3_1_reg_11058_pp0_iter1_reg               |   32|   0|   32|          0|
    |mul29_3_2_reg_11208                             |   32|   0|   32|          0|
    |mul29_3_2_reg_11208_pp0_iter1_reg               |   32|   0|   32|          0|
    |mul29_3_3_reg_11358                             |   32|   0|   32|          0|
    |mul29_3_3_reg_11358_pp0_iter1_reg               |   32|   0|   32|          0|
    |mul29_3_4_reg_11548                             |   32|   0|   32|          0|
    |mul29_3_4_reg_11548_pp0_iter1_reg               |   32|   0|   32|          0|
    |mul29_3_reg_10884                               |   32|   0|   32|          0|
    |mul29_3_reg_10884_pp0_iter1_reg                 |   32|   0|   32|          0|
    |mul29_4_1_reg_11888                             |   32|   0|   32|          0|
    |mul29_4_1_reg_11888_pp0_iter1_reg               |   32|   0|   32|          0|
    |mul29_4_2_reg_12038                             |   32|   0|   32|          0|
    |mul29_4_2_reg_12038_pp0_iter1_reg               |   32|   0|   32|          0|
    |mul29_4_3_reg_12188                             |   32|   0|   32|          0|
    |mul29_4_3_reg_12188_pp0_iter1_reg               |   32|   0|   32|          0|
    |mul29_4_4_reg_12373                             |   32|   0|   32|          0|
    |mul29_4_4_reg_12373_pp0_iter1_reg               |   32|   0|   32|          0|
    |mul29_4_reg_11714                               |   32|   0|   32|          0|
    |mul29_4_reg_11714_pp0_iter1_reg                 |   32|   0|   32|          0|
    |mul49_1_1_reg_9483                              |   32|   0|   32|          0|
    |mul49_1_2_reg_9623                              |   32|   0|   32|          0|
    |mul49_1_3_reg_9772                              |   32|   0|   32|          0|
    |mul49_1_4_reg_9921                              |   32|   0|   32|          0|
    |mul49_1_reg_9307                                |   32|   0|   32|          0|
    |mul49_2_1_reg_10277                             |   32|   0|   32|          0|
    |mul49_2_2_reg_10435                             |   32|   0|   32|          0|
    |mul49_2_3_reg_10585                             |   32|   0|   32|          0|
    |mul49_2_3_reg_10585_pp0_iter1_reg               |   32|   0|   32|          0|
    |mul49_2_4_reg_10735                             |   32|   0|   32|          0|
    |mul49_2_4_reg_10735_pp0_iter1_reg               |   32|   0|   32|          0|
    |mul49_2_reg_10111                               |   32|   0|   32|          0|
    |mul49_3_1_reg_11083                             |   32|   0|   32|          0|
    |mul49_3_1_reg_11083_pp0_iter1_reg               |   32|   0|   32|          0|
    |mul49_3_2_reg_11233                             |   32|   0|   32|          0|
    |mul49_3_2_reg_11233_pp0_iter1_reg               |   32|   0|   32|          0|
    |mul49_3_3_reg_11383                             |   32|   0|   32|          0|
    |mul49_3_3_reg_11383_pp0_iter1_reg               |   32|   0|   32|          0|
    |mul49_3_4_reg_11573                             |   32|   0|   32|          0|
    |mul49_3_4_reg_11573_pp0_iter1_reg               |   32|   0|   32|          0|
    |mul49_3_reg_10917                               |   32|   0|   32|          0|
    |mul49_3_reg_10917_pp0_iter1_reg                 |   32|   0|   32|          0|
    |mul49_4_1_reg_11913                             |   32|   0|   32|          0|
    |mul49_4_1_reg_11913_pp0_iter1_reg               |   32|   0|   32|          0|
    |mul49_4_2_reg_12063                             |   32|   0|   32|          0|
    |mul49_4_2_reg_12063_pp0_iter1_reg               |   32|   0|   32|          0|
    |mul49_4_3_reg_12233                             |   32|   0|   32|          0|
    |mul49_4_3_reg_12233_pp0_iter1_reg               |   32|   0|   32|          0|
    |mul49_4_4_reg_12398                             |   32|   0|   32|          0|
    |mul49_4_4_reg_12398_pp0_iter1_reg               |   32|   0|   32|          0|
    |mul49_4_reg_11747                               |   32|   0|   32|          0|
    |mul49_4_reg_11747_pp0_iter1_reg                 |   32|   0|   32|          0|
    |mul49_6_reg_8961                                |   32|   0|   32|          0|
    |mul49_7_reg_9137                                |   32|   0|   32|          0|
    |mul69_1_1_reg_9508                              |   32|   0|   32|          0|
    |mul69_1_2_reg_9648                              |   32|   0|   32|          0|
    |mul69_1_3_reg_9797                              |   32|   0|   32|          0|
    |mul69_1_4_reg_9946                              |   32|   0|   32|          0|
    |mul69_1_reg_9340                                |   32|   0|   32|          0|
    |mul69_2_1_reg_10302                             |   32|   0|   32|          0|
    |mul69_2_2_reg_10460                             |   32|   0|   32|          0|
    |mul69_2_3_reg_10610                             |   32|   0|   32|          0|
    |mul69_2_3_reg_10610_pp0_iter1_reg               |   32|   0|   32|          0|
    |mul69_2_4_reg_10760                             |   32|   0|   32|          0|
    |mul69_2_4_reg_10760_pp0_iter1_reg               |   32|   0|   32|          0|
    |mul69_2_reg_10144                               |   32|   0|   32|          0|
    |mul69_3_1_reg_11108                             |   32|   0|   32|          0|
    |mul69_3_1_reg_11108_pp0_iter1_reg               |   32|   0|   32|          0|
    |mul69_3_2_reg_11258                             |   32|   0|   32|          0|
    |mul69_3_2_reg_11258_pp0_iter1_reg               |   32|   0|   32|          0|
    |mul69_3_3_reg_11408                             |   32|   0|   32|          0|
    |mul69_3_3_reg_11408_pp0_iter1_reg               |   32|   0|   32|          0|
    |mul69_3_4_reg_11598                             |   32|   0|   32|          0|
    |mul69_3_4_reg_11598_pp0_iter1_reg               |   32|   0|   32|          0|
    |mul69_3_reg_10950                               |   32|   0|   32|          0|
    |mul69_3_reg_10950_pp0_iter1_reg                 |   32|   0|   32|          0|
    |mul69_4_1_reg_11938                             |   32|   0|   32|          0|
    |mul69_4_1_reg_11938_pp0_iter1_reg               |   32|   0|   32|          0|
    |mul69_4_2_reg_12088                             |   32|   0|   32|          0|
    |mul69_4_2_reg_12088_pp0_iter1_reg               |   32|   0|   32|          0|
    |mul69_4_3_reg_12273                             |   32|   0|   32|          0|
    |mul69_4_3_reg_12273_pp0_iter1_reg               |   32|   0|   32|          0|
    |mul69_4_4_reg_12423                             |   32|   0|   32|          0|
    |mul69_4_4_reg_12423_pp0_iter1_reg               |   32|   0|   32|          0|
    |mul69_4_reg_11780                               |   32|   0|   32|          0|
    |mul69_4_reg_11780_pp0_iter1_reg                 |   32|   0|   32|          0|
    |mul69_6_reg_8986                                |   32|   0|   32|          0|
    |mul69_7_reg_9162                                |   32|   0|   32|          0|
    |mul89_1_4_reg_9971                              |   32|   0|   32|          0|
    |mul89_2_1_reg_10327                             |   32|   0|   32|          0|
    |mul89_2_2_reg_10485                             |   32|   0|   32|          0|
    |mul89_2_3_reg_10635                             |   32|   0|   32|          0|
    |mul89_2_3_reg_10635_pp0_iter1_reg               |   32|   0|   32|          0|
    |mul89_2_4_reg_10785                             |   32|   0|   32|          0|
    |mul89_2_4_reg_10785_pp0_iter1_reg               |   32|   0|   32|          0|
    |mul89_2_reg_10177                               |   32|   0|   32|          0|
    |mul89_3_1_reg_11133                             |   32|   0|   32|          0|
    |mul89_3_1_reg_11133_pp0_iter1_reg               |   32|   0|   32|          0|
    |mul89_3_2_reg_11283                             |   32|   0|   32|          0|
    |mul89_3_2_reg_11283_pp0_iter1_reg               |   32|   0|   32|          0|
    |mul89_3_3_reg_11433                             |   32|   0|   32|          0|
    |mul89_3_3_reg_11433_pp0_iter1_reg               |   32|   0|   32|          0|
    |mul89_3_4_reg_11623                             |   32|   0|   32|          0|
    |mul89_3_4_reg_11623_pp0_iter1_reg               |   32|   0|   32|          0|
    |mul89_3_reg_10983                               |   32|   0|   32|          0|
    |mul89_3_reg_10983_pp0_iter1_reg                 |   32|   0|   32|          0|
    |mul89_4_1_reg_11963                             |   32|   0|   32|          0|
    |mul89_4_1_reg_11963_pp0_iter1_reg               |   32|   0|   32|          0|
    |mul89_4_2_reg_12113                             |   32|   0|   32|          0|
    |mul89_4_2_reg_12113_pp0_iter1_reg               |   32|   0|   32|          0|
    |mul89_4_3_reg_12298                             |   32|   0|   32|          0|
    |mul89_4_3_reg_12298_pp0_iter1_reg               |   32|   0|   32|          0|
    |mul89_4_4_reg_12448                             |   32|   0|   32|          0|
    |mul89_4_4_reg_12448_pp0_iter1_reg               |   32|   0|   32|          0|
    |mul89_4_reg_11813                               |   32|   0|   32|          0|
    |mul89_4_reg_11813_pp0_iter1_reg                 |   32|   0|   32|          0|
    |or_ln34_reg_8553                                |    3|   0|    4|          1|
    |p_cast179_reg_8335                              |    8|   0|    9|          1|
    |p_cast20_reg_9393                               |    7|   0|    8|          1|
    |p_cast6_reg_8438                                |    8|   0|   10|          2|
    |reg_2950                                        |   32|   0|   32|          0|
    |reg_2954                                        |   32|   0|   32|          0|
    |reg_2959                                        |   32|   0|   32|          0|
    |reg_2964                                        |   32|   0|   32|          0|
    |reg_2969                                        |   32|   0|   32|          0|
    |reg_2974                                        |   32|   0|   32|          0|
    |reg_2979                                        |   32|   0|   32|          0|
    |reg_2984                                        |   32|   0|   32|          0|
    |reg_2989                                        |   32|   0|   32|          0|
    |reg_2994                                        |   32|   0|   32|          0|
    |reg_2999                                        |   32|   0|   32|          0|
    |reg_3004                                        |   32|   0|   32|          0|
    |reg_3009                                        |   32|   0|   32|          0|
    |reg_3014                                        |   32|   0|   32|          0|
    |reg_3019                                        |   32|   0|   32|          0|
    |reg_3024                                        |   32|   0|   32|          0|
    |reg_3029                                        |   32|   0|   32|          0|
    |reg_3035                                        |   64|   0|   64|          0|
    |select_ln21_1_reg_8268                          |    3|   0|    3|          0|
    |select_ln25_reg_8273                            |    3|   0|    3|          0|
    |tmp_8_reg_8304                                  |    3|   0|    4|          1|
    |tmp_reg_12488                                   |   64|   0|   64|          0|
    |zext_ln34_10_reg_10352                          |    3|   0|    8|          5|
    |zext_ln34_11_reg_8792                           |    3|   0|   10|          7|
    |zext_ln34_12_reg_8736                           |    3|   0|    9|          6|
    |zext_ln34_13_reg_8716                           |    3|   0|    7|          4|
    |zext_ln34_15_reg_9693                           |    3|   0|    8|          5|
    |zext_ln34_16_reg_8948                           |    3|   0|   10|          7|
    |zext_ln34_17_reg_8892                           |    3|   0|    9|          6|
    |zext_ln34_1_reg_8459                            |    3|   0|   10|          7|
    |zext_ln34_20_reg_9842                           |    3|   0|    8|          5|
    |zext_ln34_21_reg_9124                           |    3|   0|   10|          7|
    |zext_ln34_22_reg_9068                           |    3|   0|    9|          6|
    |zext_ln34_2_reg_8364                            |    3|   0|    9|          6|
    |zext_ln34_3_reg_8315                            |    3|   0|    7|          4|
    |zext_ln34_5_reg_9399                            |    3|   0|    8|          5|
    |zext_ln34_6_reg_8631                            |    3|   0|   10|          7|
    |zext_ln34_7_reg_8575                            |    3|   0|    9|          6|
    |zext_ln34_reg_10004                             |    3|   0|    8|          5|
    |add_ln41_reg_8418                               |   64|  32|   11|          0|
    |icmp_ln24_reg_8089                              |   64|  32|    1|          0|
    +------------------------------------------------+-----+----+-----+-----------+
    |Total                                           | 7806|  64| 7797|        107|
    +------------------------------------------------+-----+----+-----+-----------+



================================================================
== Interface
================================================================
* Summary: 
+------------------------+-----+-----+------------+-----------------+--------------+
|        RTL Ports       | Dir | Bits|  Protocol  |  Source Object  |    C Type    |
+------------------------+-----+-----+------------+-----------------+--------------+
|s_axi_CTRL_bus_AWVALID  |   in|    1|       s_axi|         CTRL_bus|   return void|
|s_axi_CTRL_bus_AWREADY  |  out|    1|       s_axi|         CTRL_bus|   return void|
|s_axi_CTRL_bus_AWADDR   |   in|    4|       s_axi|         CTRL_bus|   return void|
|s_axi_CTRL_bus_WVALID   |   in|    1|       s_axi|         CTRL_bus|   return void|
|s_axi_CTRL_bus_WREADY   |  out|    1|       s_axi|         CTRL_bus|   return void|
|s_axi_CTRL_bus_WDATA    |   in|   32|       s_axi|         CTRL_bus|   return void|
|s_axi_CTRL_bus_WSTRB    |   in|    4|       s_axi|         CTRL_bus|   return void|
|s_axi_CTRL_bus_ARVALID  |   in|    1|       s_axi|         CTRL_bus|   return void|
|s_axi_CTRL_bus_ARREADY  |  out|    1|       s_axi|         CTRL_bus|   return void|
|s_axi_CTRL_bus_ARADDR   |   in|    4|       s_axi|         CTRL_bus|   return void|
|s_axi_CTRL_bus_RVALID   |  out|    1|       s_axi|         CTRL_bus|   return void|
|s_axi_CTRL_bus_RREADY   |   in|    1|       s_axi|         CTRL_bus|   return void|
|s_axi_CTRL_bus_RDATA    |  out|   32|       s_axi|         CTRL_bus|   return void|
|s_axi_CTRL_bus_RRESP    |  out|    2|       s_axi|         CTRL_bus|   return void|
|s_axi_CTRL_bus_BVALID   |  out|    1|       s_axi|         CTRL_bus|   return void|
|s_axi_CTRL_bus_BREADY   |   in|    1|       s_axi|         CTRL_bus|   return void|
|s_axi_CTRL_bus_BRESP    |  out|    2|       s_axi|         CTRL_bus|   return void|
|s_axi_control_AWVALID   |   in|    1|       s_axi|          control|         array|
|s_axi_control_AWREADY   |  out|    1|       s_axi|          control|         array|
|s_axi_control_AWADDR    |   in|   16|       s_axi|          control|         array|
|s_axi_control_WVALID    |   in|    1|       s_axi|          control|         array|
|s_axi_control_WREADY    |  out|    1|       s_axi|          control|         array|
|s_axi_control_WDATA     |   in|   32|       s_axi|          control|         array|
|s_axi_control_WSTRB     |   in|    4|       s_axi|          control|         array|
|s_axi_control_ARVALID   |   in|    1|       s_axi|          control|         array|
|s_axi_control_ARREADY   |  out|    1|       s_axi|          control|         array|
|s_axi_control_ARADDR    |   in|   16|       s_axi|          control|         array|
|s_axi_control_RVALID    |  out|    1|       s_axi|          control|         array|
|s_axi_control_RREADY    |   in|    1|       s_axi|          control|         array|
|s_axi_control_RDATA     |  out|   32|       s_axi|          control|         array|
|s_axi_control_RRESP     |  out|    2|       s_axi|          control|         array|
|s_axi_control_BVALID    |  out|    1|       s_axi|          control|         array|
|s_axi_control_BREADY    |   in|    1|       s_axi|          control|         array|
|s_axi_control_BRESP     |  out|    2|       s_axi|          control|         array|
|ap_clk                  |   in|    1|  ap_ctrl_hs|  calculateLayer3|  return value|
|ap_rst_n                |   in|    1|  ap_ctrl_hs|  calculateLayer3|  return value|
|interrupt               |  out|    1|  ap_ctrl_hs|  calculateLayer3|  return value|
+------------------------+-----+-----+------------+-----------------+--------------+

