remark: calculateLayer3.cpp:29:20: Loop 'kernelRow_Loop' is marked as complete unroll implied by the pipeline pragma
remark: calculateLayer3.cpp:30:21: Loop 'kernelCol_Loop' is marked as complete unroll implied by the pipeline pragma
remark: calculateLayer3.cpp:10:0: Unrolling loop 'kernelRow_Loop' (calculateLayer3.cpp:29:20) in function 'calculateLayer3' completely with a factor of 5
remark: calculateLayer3.cpp:10:0: Unrolling loop 'kernelCol_Loop' (calculateLayer3.cpp:30:21) in function 'calculateLayer3' completely with a factor of 5
remark: calculateLayer3.cpp:10:0: Unrolling loop 'kernelCol_Loop' (calculateLayer3.cpp:30:21) in function 'calculateLayer3' completely with a factor of 5
remark: calculateLayer3.cpp:10:0: Unrolling loop 'kernelCol_Loop' (calculateLayer3.cpp:30:21) in function 'calculateLayer3' completely with a factor of 5
remark: calculateLayer3.cpp:10:0: Unrolling loop 'kernelCol_Loop' (calculateLayer3.cpp:30:21) in function 'calculateLayer3' completely with a factor of 5
remark: calculateLayer3.cpp:10:0: Unrolling loop 'kernelCol_Loop' (calculateLayer3.cpp:30:21) in function 'calculateLayer3' completely with a factor of 5
remark: C:\scratch\2023.2\hls_product\689\2023.2\src\shared\hls\clib/src/hls\utils/x_hls_utils.h:494:0: Inlining function 'fp_struct<double>::data() const (.34.44.53.64)' into 'fp_struct<double>::to_double() const (.31.41.50.61)'
remark: C:\scratch\2023.2\hls_product\689\2023.2\src\shared\hls\clib/src/hls\utils/x_hls_utils.h:509:0: Inlining function 'fp_struct<double>::to_double() const (.31.41.50.61)' into 'fp_struct<double>::to_ieee() const'
remark: C:\scratch\2023.2\hls_product\689\2023.2\src\shared\hls\clib/hlsmath/include/FloatingPoint/hls_copysign.h:10:0: Inlining function 'fp_struct<double>::fp_struct(double)' into 'double generic_copysign<double>(double, double)'
remark: C:\scratch\2023.2\hls_product\689\2023.2\src\shared\hls\clib/hlsmath/include/FloatingPoint/hls_copysign.h:10:0: Inlining function 'fp_struct<double>::to_ieee() const' into 'double generic_copysign<double>(double, double)'
remark: C:\scratch\2023.2\hls_product\689\2023.2\src\shared\hls\clib/hlsmath/include/FloatingPoint/hls_fabs.h:12:0: Inlining function 'double generic_copysign<double>(double, double)' into 'double generic_fabs<double>(double)'
remark: C:\scratch\2023.2\hls_product\689\2023.2\src\shared\hls\clib/hlsmath/include/FloatingPoint/hls_nan.h:10:0: Inlining function 'fp_struct<double>::to_ieee() const' into 'double generic_nan<double>(char const*)'
remark: C:\scratch\2023.2\hls_product\689\2023.2\src\shared\hls\clib/hlsmath/include/FloatingPoint/hls_isnan.h:16:0: Inlining function 'fp_struct<double>::fp_struct(double)' into 'int generic_isnan<double>(double)'
remark: C:\scratch\2023.2\hls_product\689\2023.2\src\shared\hls\clib/hlsmath/include/FloatingPoint/hls_isinf.h:16:0: Inlining function 'fp_struct<double>::fp_struct(double)' into 'int generic_isinf<double>(double)'
remark: C:\scratch\2023.2\hls_product\689\2023.2\src\shared\hls\clib/hlsmath/include/FloatingPoint\hls_exp_.h:157:0: Inlining function 'fp_struct<double>::fp_struct(double)' into 'double exp_reduce_::exp_generic<double>(double)'
remark: C:\scratch\2023.2\hls_product\689\2023.2\src\shared\hls\clib/hlsmath/include/FloatingPoint\hls_exp_.h:157:0: Inlining function 'int generic_isnan<double>(double)' into 'double exp_reduce_::exp_generic<double>(double)'
remark: C:\scratch\2023.2\hls_product\689\2023.2\src\shared\hls\clib/hlsmath/include/FloatingPoint\hls_exp_.h:157:0: Inlining function 'int generic_isinf<double>(double)' into 'double exp_reduce_::exp_generic<double>(double)'
remark: C:\scratch\2023.2\hls_product\689\2023.2\src\shared\hls\clib/hlsmath/include/FloatingPoint\hls_exp_.h:157:0: Inlining function 'fp_struct<double>::to_ieee() const' into 'double exp_reduce_::exp_generic<double>(double)'
remark: C:\scratch\2023.2\hls_product\689\2023.2\src\shared\hls\clib/hlsmath/include/FloatingPoint\hls_exp_.h:157:0: Inlining function 'fp_struct<double>::expv() const' into 'double exp_reduce_::exp_generic<double>(double)'
remark: C:\scratch\2023.2\hls_product\689\2023.2\src\shared\hls\clib/hlsmath/include/FloatingPoint\hls_exp_.h:157:0: Inlining function 'exp_reduce_::exp_traits<double>::exp_Z1P_m_1(ap_ufixed<51, -8, (ap_q_mode)5, (ap_o_mode)3, 0>)' into 'double exp_reduce_::exp_generic<double>(double)'
remark: C:\scratch\2023.2\hls_product\689\2023.2\src\shared\hls\clib\hlsmath\src\common\hls_exp_double.cpp:7:0: Inlining function 'fp_struct<double>::fp_struct(double)' into 'exp_reduce_::expm1(double)'
remark: C:\scratch\2023.2\hls_product\689\2023.2\src\shared\hls\clib/hlsmath/include/FloatingPoint\hls_tanh.h:28:0: Inlining function 'fp_struct<double>::fp_struct(double)' into 'double explog_based::generic_tanh<double>(double)'
remark: C:\scratch\2023.2\hls_product\689\2023.2\src\shared\hls\clib/hlsmath/include/FloatingPoint\hls_tanh.h:28:0: Inlining function 'double generic_fabs<double>(double)' into 'double explog_based::generic_tanh<double>(double)'
remark: C:\scratch\2023.2\hls_product\689\2023.2\src\shared\hls\clib/hlsmath/include/FloatingPoint\hls_tanh.h:28:0: Inlining function 'double generic_nan<double>(char const*)' into 'double explog_based::generic_tanh<double>(double)'
remark: C:\scratch\2023.2\hls_product\689\2023.2\src\shared\hls\clib/hlsmath/include/FloatingPoint\hls_tanh.h:28:0: Inlining function 'exp_reduce_::expm1(double)' into 'double explog_based::generic_tanh<double>(double)'
remark: calculateLayer3.cpp:10:0: Inlining function 'hls::tanh(double)' into 'calculateLayer3(float*, float*, float*)'
remark: calculateLayer3.cpp:10:0: Applying array_partition to 'Layer2_Weights_CPU': Complete partitioning on dimension 1.
