C:/Users/TRETEC/OneDrive/Documents/Master2/HLS-FPGA/cnn_hls/CNN_lenet5/solution1/csynth.tcl:16:9: warning: HLS pragma dump _XLX_SEP_ PragmaIsValid=1_XLX_SEP_ PragmaType=top_XLX_SEP_ PragmaContext=directive_XLX_SEP_ PragmaFunction=calculateLayer3_XLX_SEP_ PragmaOptions=name=calculateLayer3_XLX_SEP_ [-Wdump-hls-pragmas]
#pragma HLSDIRECTIVE TOP name=calculateLayer3
        ^
C:/Users/TRETEC/OneDrive/Documents/Master2/HLS-FPGA/cnn_hls/CNN_lenet5/solution1/directives.tcl:7:9: warning: HLS pragma dump _XLX_SEP_ PragmaIsValid=1_XLX_SEP_ PragmaType=top_XLX_SEP_ PragmaContext=directive_XLX_SEP_ PragmaFunction=calculateLayer3_XLX_SEP_ PragmaOptions=name=calculateLayer3_XLX_SEP_ [-Wdump-hls-pragmas]
#pragma HLSDIRECTIVE TOP name=calculateLayer3
        ^
calculateLayer3.cpp:9:9: warning: HLS pragma dump _XLX_SEP_ PragmaIsValid=1_XLX_SEP_ PragmaType=interface_XLX_SEP_ PragmaContext=_XLX_SEP_ PragmaFunction=calculateLayer3_XLX_SEP_ PragmaOptions=mode=axis port=Layer2_Neurons_CPU_XLX_SEP_ [-Wdump-hls-pragmas]
#pragma HLS INTERFACE mode=axis port=Layer2_Neurons_CPU
        ^
calculateLayer3.cpp:10:9: warning: HLS pragma dump _XLX_SEP_ PragmaIsValid=1_XLX_SEP_ PragmaType=interface_XLX_SEP_ PragmaContext=_XLX_SEP_ PragmaFunction=calculateLayer3_XLX_SEP_ PragmaOptions=mode=axis port=Layer2_Weights_CPU_XLX_SEP_ [-Wdump-hls-pragmas]
#pragma HLS INTERFACE mode=axis port=Layer2_Weights_CPU
        ^
calculateLayer3.cpp:11:9: warning: HLS pragma dump _XLX_SEP_ PragmaIsValid=1_XLX_SEP_ PragmaType=interface_XLX_SEP_ PragmaContext=_XLX_SEP_ PragmaFunction=calculateLayer3_XLX_SEP_ PragmaOptions=mode=axis port=Layer3_Neurons_CPU_XLX_SEP_ [-Wdump-hls-pragmas]
#pragma HLS INTERFACE mode=axis port=Layer3_Neurons_CPU
        ^
calculateLayer3.cpp:12:52: warning: unexpected pragma parameter 'bundle' [-Winvalid-hls-pragmas]
#pragma HLS INTERFACE mode=axis port=return bundle=CTRL_BUS
                                                   ^
calculateLayer3.cpp:12:9: warning: HLS pragma dump _XLX_SEP_ PragmaIsValid=0_XLX_SEP_ PragmaType=interface_XLX_SEP_ PragmaContext=_XLX_SEP_ PragmaFunction=calculateLayer3_XLX_SEP_ PragmaOptions=mode=axis port=return bundle=CTRL_BUS_XLX_SEP_ [-Wdump-hls-pragmas]
#pragma HLS INTERFACE mode=axis port=return bundle=CTRL_BUS
        ^
calculateLayer3.cpp:22:9: warning: HLS pragma dump _XLX_SEP_ PragmaIsValid=1_XLX_SEP_ PragmaType=pipeline_XLX_SEP_ PragmaContext=_XLX_SEP_ PragmaFunction=calculateLayer3_XLX_SEP_ PragmaOptions=II=1_XLX_SEP_ [-Wdump-hls-pragmas]
#pragma HLS PIPELINE II=1
        ^
calculateLayer3.cpp:28:9: warning: HLS pragma dump _XLX_SEP_ PragmaIsValid=1_XLX_SEP_ PragmaType=unroll_XLX_SEP_ PragmaContext=_XLX_SEP_ PragmaFunction=calculateLayer3_XLX_SEP_ PragmaOptions=factor=5_XLX_SEP_ [-Wdump-hls-pragmas]
#pragma HLS UNROLL factor=5
        ^
calculateLayer3.cpp:39:9: warning: HLS pragma dump _XLX_SEP_ PragmaIsValid=1_XLX_SEP_ PragmaType=unroll_XLX_SEP_ PragmaContext=_XLX_SEP_ PragmaFunction=calculateLayer3_XLX_SEP_ PragmaOptions=factor=6_XLX_SEP_ [-Wdump-hls-pragmas]
#pragma HLS UNROLL factor=6
        ^
10 warnings generated.
