

================================================================
== Vitis HLS Report for 'exp_generic_double_s'
================================================================
* Date:           Thu Jan  9 17:22:46 2025

* Version:        2023.2 (Build 4023990 on Oct 11 2023)
* Project:        CNN_lenet5
* Solution:       solution1 (Vivado IP Flow Target)
* Product family: zynq
* Target device:  xc7z020-clg484-1


================================================================
== Performance Estimates
================================================================
+ Timing: 
    * Summary: 
    +--------+----------+----------+------------+
    |  Clock |  Target  | Estimated| Uncertainty|
    +--------+----------+----------+------------+
    |ap_clk  |  10.00 ns|  7.130 ns|     2.70 ns|
    +--------+----------+----------+------------+

+ Latency: 
    * Summary: 
    +---------+---------+----------+----------+-----+-----+---------+
    |  Latency (cycles) |  Latency (absolute) |  Interval | Pipeline|
    |   min   |   max   |    min   |    max   | min | max |   Type  |
    +---------+---------+----------+----------+-----+-----+---------+
    |       28|       28|  0.280 us|  0.280 us|    1|    1|      yes|
    +---------+---------+----------+----------+-----+-----+---------+

    + Detail: 
        * Instance: 
        N/A

        * Loop: 
        N/A

============================================================
+ Verbose Summary: Synthesis Manager
============================================================
InlineROM: 1
ExposeGlobal: 0
============================================================
+ Verbose Summary: CDFG Model
============================================================
IsTopModel: 0
ResetActiveHigh: 1
IsCombinational: 0
IsDatapathOnly: 0
HasWiredReturn: 1
HasMFsm: 2
HasVarLatency: 0
IsPipeline: 1
IsRtlPipelined: 1
IsInstanceOverlapped: 0
IsDontTouch: 0
HasImplIP: 0
IsGatedGlobalClock: 0

+ Individual pipeline summary: 
  * Pipeline-0: initiation interval (II) = 1, depth = 29


============================================================
+ Verbose Summary: Schedule
============================================================
* Number of FSM states : 29
* Pipeline : 1
  Pipeline-0 : II = 1, D = 29, States = { 1 2 3 4 5 6 7 8 9 10 11 12 13 14 15 16 17 18 19 20 21 22 23 24 25 26 27 28 29 }
* Dataflow Pipeline: 0

* FSM state transitions: 
1 --> 2 
2 --> 3 
3 --> 4 
4 --> 5 
5 --> 6 
6 --> 7 
7 --> 8 
8 --> 9 
9 --> 10 
10 --> 11 
11 --> 12 
12 --> 13 
13 --> 14 
14 --> 15 
15 --> 16 
16 --> 17 
17 --> 18 
18 --> 19 
19 --> 20 
20 --> 21 
21 --> 22 
22 --> 23 
23 --> 24 
24 --> 25 
25 --> 26 
26 --> 27 
27 --> 28 
28 --> 29 
29 --> 

* FSM state operations: 

State 1 <SV = 0> <Delay = 4.18>
ST_1 : Operation 30 [1/1] (0.00ns)   --->   "%x_read = read i64 @_ssdm_op_Read.ap_auto.double, i64 %x" [C:\scratch\2023.2\hls_product\689\2023.2\src\shared\hls\clib/hlsmath/include/FloatingPoint\hls_exp_.h:156]   --->   Operation 30 'read' 'x_read' <Predicate = true> <Delay = 0.00>
ST_1 : Operation 31 [1/1] (0.00ns)   --->   "%data = bitcast i64 %x_read" [C:\scratch\2023.2\hls_product\689\2023.2\src\shared\hls\clib/src/hls\utils/x_hls_utils.h:459->C:\scratch\2023.2\hls_product\689\2023.2\src\shared\hls\clib/hlsmath/include/FloatingPoint\hls_exp_.h:160]   --->   Operation 31 'bitcast' 'data' <Predicate = true> <Delay = 0.00>
ST_1 : Operation 32 [1/1] (0.00ns)   --->   "%es_sign = bitselect i1 @_ssdm_op_BitSelect.i1.i64.i32, i64 %data, i32 63" [C:\scratch\2023.2\hls_product\689\2023.2\src\shared\hls\clib/src/hls\utils/x_hls_utils.h:460->C:\scratch\2023.2\hls_product\689\2023.2\src\shared\hls\clib/hlsmath/include/FloatingPoint\hls_exp_.h:160]   --->   Operation 32 'bitselect' 'es_sign' <Predicate = true> <Delay = 0.00>
ST_1 : Operation 33 [1/1] (0.00ns)   --->   "%es_exp = partselect i11 @_ssdm_op_PartSelect.i11.i64.i32.i32, i64 %data, i32 52, i32 62" [C:\scratch\2023.2\hls_product\689\2023.2\src\shared\hls\clib/src/hls\utils/x_hls_utils.h:461->C:\scratch\2023.2\hls_product\689\2023.2\src\shared\hls\clib/hlsmath/include/FloatingPoint\hls_exp_.h:160]   --->   Operation 33 'partselect' 'es_exp' <Predicate = true> <Delay = 0.00>
ST_1 : Operation 34 [1/1] (0.00ns)   --->   "%es_sig = trunc i64 %data" [C:\scratch\2023.2\hls_product\689\2023.2\src\shared\hls\clib/src/hls\utils/x_hls_utils.h:462->C:\scratch\2023.2\hls_product\689\2023.2\src\shared\hls\clib/hlsmath/include/FloatingPoint\hls_exp_.h:160]   --->   Operation 34 'trunc' 'es_sig' <Predicate = true> <Delay = 0.00>
ST_1 : Operation 35 [1/1] (1.63ns)   --->   "%icmp_ln18 = icmp_eq  i11 %es_exp, i11 2047" [C:\scratch\2023.2\hls_product\689\2023.2\src\shared\hls\clib/hlsmath/include/FloatingPoint/hls_isnan.h:18->C:\scratch\2023.2\hls_product\689\2023.2\src\shared\hls\clib/hlsmath/include/FloatingPoint\hls_exp_.h:180]   --->   Operation 35 'icmp' 'icmp_ln18' <Predicate = true> <Delay = 1.63> <CoreInst = "Cmp">   --->   Core 9 'Cmp' <Latency = 0> <II = 1> <Delay = 1.63> <FuncUnit> <Opcode : 'icmp'> <InPorts = 2> <OutPorts = 1>
ST_1 : Operation 36 [1/1] (3.21ns)   --->   "%icmp_ln18_1 = icmp_eq  i52 %es_sig, i52 0" [C:\scratch\2023.2\hls_product\689\2023.2\src\shared\hls\clib/hlsmath/include/FloatingPoint/hls_isinf.h:18->C:\scratch\2023.2\hls_product\689\2023.2\src\shared\hls\clib/hlsmath/include/FloatingPoint\hls_exp_.h:181]   --->   Operation 36 'icmp' 'icmp_ln18_1' <Predicate = true> <Delay = 3.21> <CoreInst = "Cmp">   --->   Core 9 'Cmp' <Latency = 0> <II = 1> <Delay = 3.21> <FuncUnit> <Opcode : 'icmp'> <InPorts = 2> <OutPorts = 1>
ST_1 : Operation 37 [1/1] (0.00ns)   --->   "%zext_ln486 = zext i11 %es_exp" [C:\scratch\2023.2\hls_product\689\2023.2\src\shared\hls\clib/src/hls\utils/x_hls_utils.h:486->C:\scratch\2023.2\hls_product\689\2023.2\src\shared\hls\clib/hlsmath/include/FloatingPoint\hls_exp_.h:208]   --->   Operation 37 'zext' 'zext_ln486' <Predicate = true> <Delay = 0.00>
ST_1 : Operation 38 [1/1] (1.63ns)   --->   "%m_exp = add i12 %zext_ln486, i12 3073" [C:\scratch\2023.2\hls_product\689\2023.2\src\shared\hls\clib/src/hls\utils/x_hls_utils.h:486->C:\scratch\2023.2\hls_product\689\2023.2\src\shared\hls\clib/hlsmath/include/FloatingPoint\hls_exp_.h:208]   --->   Operation 38 'add' 'm_exp' <Predicate = true> <Delay = 1.63> <CoreInst = "Adder">   --->   Core 1 'Adder' <Latency = 0> <II = 1> <Delay = 1.63> <FuncUnit> <Opcode : 'add' 'sub'> <InPorts = 2> <OutPorts = 1>
ST_1 : Operation 39 [1/1] (0.00ns)   --->   "%e_frac = bitconcatenate i53 @_ssdm_op_BitConcatenate.i53.i1.i52, i1 1, i52 %es_sig" [C:\scratch\2023.2\hls_product\689\2023.2\src\shared\hls\clib/hlsmath/include/FloatingPoint\hls_exp_.h:221]   --->   Operation 39 'bitconcatenate' 'e_frac' <Predicate = true> <Delay = 0.00>
ST_1 : Operation 40 [1/1] (0.00ns)   --->   "%zext_ln221 = zext i53 %e_frac" [C:\scratch\2023.2\hls_product\689\2023.2\src\shared\hls\clib/hlsmath/include/FloatingPoint\hls_exp_.h:221]   --->   Operation 40 'zext' 'zext_ln221' <Predicate = true> <Delay = 0.00>
ST_1 : Operation 41 [1/1] (3.23ns)   --->   "%e_frac_1 = sub i54 0, i54 %zext_ln221" [C:\scratch\2023.2\hls_product\689\2023.2\src\shared\hls\clib/hlsmath/include/FloatingPoint\hls_exp_.h:224]   --->   Operation 41 'sub' 'e_frac_1' <Predicate = true> <Delay = 3.23> <CoreInst = "Adder">   --->   Core 1 'Adder' <Latency = 0> <II = 1> <Delay = 3.23> <FuncUnit> <Opcode : 'add' 'sub'> <InPorts = 2> <OutPorts = 1>
ST_1 : Operation 42 [1/1] (0.94ns)   --->   "%select_ln224 = select i1 %es_sign, i54 %e_frac_1, i54 %zext_ln221" [C:\scratch\2023.2\hls_product\689\2023.2\src\shared\hls\clib/hlsmath/include/FloatingPoint\hls_exp_.h:224]   --->   Operation 42 'select' 'select_ln224' <Predicate = true> <Delay = 0.94> <CoreInst = "Sel">   --->   Core 73 'Sel' <Latency = 0> <II = 1> <Delay = 0.94> <FuncUnit> <Opcode : 'select'> <InPorts = 3> <OutPorts = 1>
ST_1 : Operation 43 [1/1] (0.00ns)   --->   "%tmp = bitselect i1 @_ssdm_op_BitSelect.i1.i12.i32, i12 %m_exp, i32 11" [C:\scratch\2023.2\hls_product\689\2023.2\src\shared\hls\clib/hlsmath/include/FloatingPoint\hls_exp_.h:229]   --->   Operation 43 'bitselect' 'tmp' <Predicate = true> <Delay = 0.00>
ST_1 : Operation 44 [1/1] (1.63ns)   --->   "%sub_ln229 = sub i11 1023, i11 %es_exp" [C:\scratch\2023.2\hls_product\689\2023.2\src\shared\hls\clib/hlsmath/include/FloatingPoint\hls_exp_.h:229]   --->   Operation 44 'sub' 'sub_ln229' <Predicate = true> <Delay = 1.63> <CoreInst = "Adder">   --->   Core 1 'Adder' <Latency = 0> <II = 1> <Delay = 1.63> <FuncUnit> <Opcode : 'add' 'sub'> <InPorts = 2> <OutPorts = 1>
ST_1 : Operation 45 [1/1] (0.00ns)   --->   "%sext_ln229 = sext i11 %sub_ln229" [C:\scratch\2023.2\hls_product\689\2023.2\src\shared\hls\clib/hlsmath/include/FloatingPoint\hls_exp_.h:229]   --->   Operation 45 'sext' 'sext_ln229' <Predicate = true> <Delay = 0.00>
ST_1 : Operation 46 [1/1] (0.69ns)   --->   "%select_ln229 = select i1 %tmp, i12 %sext_ln229, i12 %m_exp" [C:\scratch\2023.2\hls_product\689\2023.2\src\shared\hls\clib/hlsmath/include/FloatingPoint\hls_exp_.h:229]   --->   Operation 46 'select' 'select_ln229' <Predicate = true> <Delay = 0.69> <CoreInst = "Sel">   --->   Core 73 'Sel' <Latency = 0> <II = 1> <Delay = 0.69> <FuncUnit> <Opcode : 'select'> <InPorts = 3> <OutPorts = 1>
ST_1 : Operation 47 [1/1] (1.54ns)   --->   "%icmp_ln309 = icmp_sgt  i12 %m_exp, i12 0" [C:\scratch\2023.2\hls_product\689\2023.2\src\shared\hls\clib/hlsmath/include/FloatingPoint\hls_exp_.h:309]   --->   Operation 47 'icmp' 'icmp_ln309' <Predicate = true> <Delay = 1.54> <CoreInst = "Cmp">   --->   Core 9 'Cmp' <Latency = 0> <II = 1> <Delay = 1.54> <FuncUnit> <Opcode : 'icmp'> <InPorts = 2> <OutPorts = 1>

State 2 <SV = 1> <Delay = 6.93>
ST_2 : Operation 48 [1/1] (0.00ns)   --->   "%m_frac_l = bitconcatenate i61 @_ssdm_op_BitConcatenate.i61.i54.i7, i54 %select_ln224, i7 0" [C:\scratch\2023.2\hls_product\689\2023.2\src\shared\hls\clib/hlsmath/include/FloatingPoint\hls_exp_.h:227]   --->   Operation 48 'bitconcatenate' 'm_frac_l' <Predicate = true> <Delay = 0.00>
ST_2 : Operation 49 [1/1] (0.00ns)   --->   "%sext_ln227 = sext i61 %m_frac_l" [C:\scratch\2023.2\hls_product\689\2023.2\src\shared\hls\clib/hlsmath/include/FloatingPoint\hls_exp_.h:227]   --->   Operation 49 'sext' 'sext_ln227' <Predicate = true> <Delay = 0.00>
ST_2 : Operation 50 [1/1] (0.00ns)   --->   "%sext_ln229_1 = sext i12 %select_ln229" [C:\scratch\2023.2\hls_product\689\2023.2\src\shared\hls\clib/hlsmath/include/FloatingPoint\hls_exp_.h:229]   --->   Operation 50 'sext' 'sext_ln229_1' <Predicate = true> <Delay = 0.00>
ST_2 : Operation 51 [1/1] (0.00ns)   --->   "%zext_ln229 = zext i32 %sext_ln229_1" [C:\scratch\2023.2\hls_product\689\2023.2\src\shared\hls\clib/hlsmath/include/FloatingPoint\hls_exp_.h:229]   --->   Operation 51 'zext' 'zext_ln229' <Predicate = true> <Delay = 0.00>
ST_2 : Operation 52 [1/1] (4.60ns)   --->   "%ashr_ln229 = ashr i71 %sext_ln227, i71 %zext_ln229" [C:\scratch\2023.2\hls_product\689\2023.2\src\shared\hls\clib/hlsmath/include/FloatingPoint\hls_exp_.h:229]   --->   Operation 52 'ashr' 'ashr_ln229' <Predicate = (tmp)> <Delay = 4.60> <CoreInst = "Shifter">   --->   Core 75 'Shifter' <Latency = 0> <II = 1> <Delay = 4.60> <FuncUnit> <Opcode : 'shl' 'lshr' 'ashr'> <InPorts = 2> <OutPorts = 1>
ST_2 : Operation 53 [1/1] (4.60ns)   --->   "%shl_ln229 = shl i71 %sext_ln227, i71 %zext_ln229" [C:\scratch\2023.2\hls_product\689\2023.2\src\shared\hls\clib/hlsmath/include/FloatingPoint\hls_exp_.h:229]   --->   Operation 53 'shl' 'shl_ln229' <Predicate = (!tmp)> <Delay = 4.60> <CoreInst = "Shifter">   --->   Core 75 'Shifter' <Latency = 0> <II = 1> <Delay = 4.60> <FuncUnit> <Opcode : 'shl' 'lshr' 'ashr'> <InPorts = 2> <OutPorts = 1>
ST_2 : Operation 54 [1/1] (1.28ns)   --->   "%m_fix = select i1 %tmp, i71 %ashr_ln229, i71 %shl_ln229" [C:\scratch\2023.2\hls_product\689\2023.2\src\shared\hls\clib/hlsmath/include/FloatingPoint\hls_exp_.h:229]   --->   Operation 54 'select' 'm_fix' <Predicate = true> <Delay = 1.28> <CoreInst = "Sel">   --->   Core 73 'Sel' <Latency = 0> <II = 1> <Delay = 1.28> <FuncUnit> <Opcode : 'select'> <InPorts = 3> <OutPorts = 1>
ST_2 : Operation 55 [1/1] (0.00ns)   --->   "%m_fix_l = partselect i64 @_ssdm_op_PartSelect.i64.i71.i32.i32, i71 %m_fix, i32 7, i32 70" [C:\scratch\2023.2\hls_product\689\2023.2\src\shared\hls\clib/hlsmath/include/FloatingPoint\hls_exp_.h:229]   --->   Operation 55 'partselect' 'm_fix_l' <Predicate = true> <Delay = 0.00>
ST_2 : Operation 56 [1/1] (0.00ns)   --->   "%m_fix_hi = partselect i16 @_ssdm_op_PartSelect.i16.i71.i32.i32, i71 %m_fix, i32 55, i32 70" [C:\scratch\2023.2\hls_product\689\2023.2\src\shared\hls\clib/hlsmath/include/FloatingPoint\hls_exp_.h:235]   --->   Operation 56 'partselect' 'm_fix_hi' <Predicate = true> <Delay = 0.00>
ST_2 : Operation 57 [1/1] (0.00ns)   --->   "%tmp_6 = bitselect i1 @_ssdm_op_BitSelect.i1.i71.i32, i71 %m_fix, i32 70" [C:\scratch\2023.2\hls_product\689\2023.2\src\shared\hls\clib/hlsmath/include/FloatingPoint\hls_exp_.h:240]   --->   Operation 57 'bitselect' 'tmp_6' <Predicate = true> <Delay = 0.00>
ST_2 : Operation 58 [1/1] (0.00ns)   --->   "%sext_ln243 = sext i16 %m_fix_hi" [C:\scratch\2023.2\hls_product\689\2023.2\src\shared\hls\clib/hlsmath/include/FloatingPoint\hls_exp_.h:243]   --->   Operation 58 'sext' 'sext_ln243' <Predicate = true> <Delay = 0.00>
ST_2 : Operation 59 [3/3] (1.05ns) (grouped into DSP with root node add_ln243)   --->   "%mul_ln243 = mul i31 %sext_ln243, i31 23637" [C:\scratch\2023.2\hls_product\689\2023.2\src\shared\hls\clib/hlsmath/include/FloatingPoint\hls_exp_.h:243]   --->   Operation 59 'mul' 'mul_ln243' <Predicate = true> <Delay = 1.05> <CoreInst = "DSP48">   --->   Core 119 'DSP48' <Latency = 3> <II = 1> <Delay = 2.15> <IPBlock> <Opcode : '' 'add' 'sub' 'mul' 'select'> <InPorts = 0> <OutPorts = 1> <Sync> <CReg>
ST_2 : Operation 60 [1/1] (0.00ns)   --->   "%trunc_ln255 = trunc i71 %m_fix" [C:\scratch\2023.2\hls_product\689\2023.2\src\shared\hls\clib/hlsmath/include/FloatingPoint\hls_exp_.h:255]   --->   Operation 60 'trunc' 'trunc_ln255' <Predicate = true> <Delay = 0.00>

State 3 <SV = 2> <Delay = 4.59>
ST_3 : Operation 61 [1/1] (0.00ns)   --->   "%zext_ln230 = zext i32 %sext_ln229_1" [C:\scratch\2023.2\hls_product\689\2023.2\src\shared\hls\clib/hlsmath/include/FloatingPoint\hls_exp_.h:230]   --->   Operation 61 'zext' 'zext_ln230' <Predicate = true> <Delay = 0.00>
ST_3 : Operation 62 [1/1] (4.59ns)   --->   "%shl_ln230 = shl i64 %m_fix_l, i64 %zext_ln230" [C:\scratch\2023.2\hls_product\689\2023.2\src\shared\hls\clib/hlsmath/include/FloatingPoint\hls_exp_.h:230]   --->   Operation 62 'shl' 'shl_ln230' <Predicate = (tmp)> <Delay = 4.59> <CoreInst = "Shifter">   --->   Core 75 'Shifter' <Latency = 0> <II = 1> <Delay = 4.59> <FuncUnit> <Opcode : 'shl' 'lshr' 'ashr'> <InPorts = 2> <OutPorts = 1>
ST_3 : Operation 63 [1/1] (4.59ns)   --->   "%ashr_ln230 = ashr i64 %m_fix_l, i64 %zext_ln230" [C:\scratch\2023.2\hls_product\689\2023.2\src\shared\hls\clib/hlsmath/include/FloatingPoint\hls_exp_.h:230]   --->   Operation 63 'ashr' 'ashr_ln230' <Predicate = (!tmp)> <Delay = 4.59> <CoreInst = "Shifter">   --->   Core 75 'Shifter' <Latency = 0> <II = 1> <Delay = 4.59> <FuncUnit> <Opcode : 'shl' 'lshr' 'ashr'> <InPorts = 2> <OutPorts = 1>
ST_3 : Operation 64 [2/3] (1.05ns) (grouped into DSP with root node add_ln243)   --->   "%mul_ln243 = mul i31 %sext_ln243, i31 23637" [C:\scratch\2023.2\hls_product\689\2023.2\src\shared\hls\clib/hlsmath/include/FloatingPoint\hls_exp_.h:243]   --->   Operation 64 'mul' 'mul_ln243' <Predicate = true> <Delay = 1.05> <CoreInst = "DSP48">   --->   Core 119 'DSP48' <Latency = 3> <II = 1> <Delay = 2.15> <IPBlock> <Opcode : '' 'add' 'sub' 'mul' 'select'> <InPorts = 0> <OutPorts = 1> <Sync> <CReg>

State 4 <SV = 3> <Delay = 3.72>
ST_4 : Operation 65 [1/3] (0.00ns) (grouped into DSP with root node add_ln243)   --->   "%mul_ln243 = mul i31 %sext_ln243, i31 23637" [C:\scratch\2023.2\hls_product\689\2023.2\src\shared\hls\clib/hlsmath/include/FloatingPoint\hls_exp_.h:243]   --->   Operation 65 'mul' 'mul_ln243' <Predicate = true> <Delay = 0.00> <CoreInst = "DSP48">   --->   Core 119 'DSP48' <Latency = 3> <II = 1> <Delay = 2.15> <IPBlock> <Opcode : '' 'add' 'sub' 'mul' 'select'> <InPorts = 0> <OutPorts = 1> <Sync> <CReg>
ST_4 : Operation 66 [1/1] (0.00ns)   --->   "%shl_ln = bitconcatenate i19 @_ssdm_op_BitConcatenate.i19.i1.i18, i1 %tmp_6, i18 131072" [C:\scratch\2023.2\hls_product\689\2023.2\src\shared\hls\clib/hlsmath/include/FloatingPoint\hls_exp_.h:243]   --->   Operation 66 'bitconcatenate' 'shl_ln' <Predicate = true> <Delay = 0.00>
ST_4 : Operation 67 [1/1] (0.00ns)   --->   "%sext_ln243_1 = sext i19 %shl_ln" [C:\scratch\2023.2\hls_product\689\2023.2\src\shared\hls\clib/hlsmath/include/FloatingPoint\hls_exp_.h:243]   --->   Operation 67 'sext' 'sext_ln243_1' <Predicate = true> <Delay = 0.00>
ST_4 : Operation 68 [2/2] (2.10ns) (root node of the DSP)   --->   "%add_ln243 = add i31 %sext_ln243_1, i31 %mul_ln243" [C:\scratch\2023.2\hls_product\689\2023.2\src\shared\hls\clib/hlsmath/include/FloatingPoint\hls_exp_.h:243]   --->   Operation 68 'add' 'add_ln243' <Predicate = true> <Delay = 2.10> <CoreInst = "DSP48">   --->   Core 119 'DSP48' <Latency = 3> <II = 1> <Delay = 2.15> <IPBlock> <Opcode : '' 'add' 'sub' 'mul' 'select'> <InPorts = 0> <OutPorts = 1> <Sync> <CReg>
ST_4 : Operation 69 [1/1] (0.00ns) (grouped into LUT with out node icmp_ln309_2)   --->   "%select_ln230 = select i1 %tmp, i64 %shl_ln230, i64 %ashr_ln230" [C:\scratch\2023.2\hls_product\689\2023.2\src\shared\hls\clib/hlsmath/include/FloatingPoint\hls_exp_.h:230]   --->   Operation 69 'select' 'select_ln230' <Predicate = true> <Delay = 0.00> <CoreInst = "Sel">   --->   Core 73 'Sel' <Latency = 0> <II = 1> <Delay = 1.48> <FuncUnit> <Opcode : 'select'> <InPorts = 3> <OutPorts = 1>
ST_4 : Operation 70 [1/1] (0.00ns) (grouped into LUT with out node icmp_ln309_2)   --->   "%shl_ln2 = bitconcatenate i71 @_ssdm_op_BitConcatenate.i71.i64.i7, i64 %select_ln230, i7 0" [C:\scratch\2023.2\hls_product\689\2023.2\src\shared\hls\clib/hlsmath/include/FloatingPoint\hls_exp_.h:309]   --->   Operation 70 'bitconcatenate' 'shl_ln2' <Predicate = true> <Delay = 0.00>
ST_4 : Operation 71 [1/1] (3.72ns) (out node of the LUT)   --->   "%icmp_ln309_2 = icmp_ne  i71 %shl_ln2, i71 %sext_ln227" [C:\scratch\2023.2\hls_product\689\2023.2\src\shared\hls\clib/hlsmath/include/FloatingPoint\hls_exp_.h:309]   --->   Operation 71 'icmp' 'icmp_ln309_2' <Predicate = true> <Delay = 3.72> <CoreInst = "Cmp">   --->   Core 9 'Cmp' <Latency = 0> <II = 1> <Delay = 3.72> <FuncUnit> <Opcode : 'icmp'> <InPorts = 2> <OutPorts = 1>

State 5 <SV = 4> <Delay = 4.93>
ST_5 : Operation 72 [1/2] (2.10ns) (root node of the DSP)   --->   "%add_ln243 = add i31 %sext_ln243_1, i31 %mul_ln243" [C:\scratch\2023.2\hls_product\689\2023.2\src\shared\hls\clib/hlsmath/include/FloatingPoint\hls_exp_.h:243]   --->   Operation 72 'add' 'add_ln243' <Predicate = true> <Delay = 2.10> <CoreInst = "DSP48">   --->   Core 119 'DSP48' <Latency = 3> <II = 1> <Delay = 2.15> <IPBlock> <Opcode : '' 'add' 'sub' 'mul' 'select'> <InPorts = 0> <OutPorts = 1> <Sync> <CReg>
ST_5 : Operation 73 [1/1] (0.00ns)   --->   "%tmp_7_cast = partselect i13 @_ssdm_op_PartSelect.i13.i31.i32.i32, i31 %add_ln243, i32 18, i32 30" [C:\scratch\2023.2\hls_product\689\2023.2\src\shared\hls\clib/hlsmath/include/FloatingPoint\hls_exp_.h:243]   --->   Operation 73 'partselect' 'tmp_7_cast' <Predicate = true> <Delay = 0.00>
ST_5 : Operation 74 [1/1] (0.00ns) (grouped into LUT with out node r_exp)   --->   "%tmp_8 = bitselect i1 @_ssdm_op_BitSelect.i1.i31.i32, i31 %add_ln243, i32 30" [C:\scratch\2023.2\hls_product\689\2023.2\src\shared\hls\clib/hlsmath/include/FloatingPoint\hls_exp_.h:243]   --->   Operation 74 'bitselect' 'tmp_8' <Predicate = true> <Delay = 0.00>
ST_5 : Operation 75 [1/1] (0.00ns)   --->   "%trunc_ln243 = trunc i31 %add_ln243" [C:\scratch\2023.2\hls_product\689\2023.2\src\shared\hls\clib/hlsmath/include/FloatingPoint\hls_exp_.h:243]   --->   Operation 75 'trunc' 'trunc_ln243' <Predicate = true> <Delay = 0.00>
ST_5 : Operation 76 [1/1] (2.13ns)   --->   "%icmp_ln243 = icmp_eq  i18 %trunc_ln243, i18 0" [C:\scratch\2023.2\hls_product\689\2023.2\src\shared\hls\clib/hlsmath/include/FloatingPoint\hls_exp_.h:243]   --->   Operation 76 'icmp' 'icmp_ln243' <Predicate = true> <Delay = 2.13> <CoreInst = "Cmp">   --->   Core 9 'Cmp' <Latency = 0> <II = 1> <Delay = 2.13> <FuncUnit> <Opcode : 'icmp'> <InPorts = 2> <OutPorts = 1>
ST_5 : Operation 77 [1/1] (1.67ns)   --->   "%add_ln243_1 = add i13 %tmp_7_cast, i13 1" [C:\scratch\2023.2\hls_product\689\2023.2\src\shared\hls\clib/hlsmath/include/FloatingPoint\hls_exp_.h:243]   --->   Operation 77 'add' 'add_ln243_1' <Predicate = true> <Delay = 1.67> <CoreInst = "Adder">   --->   Core 1 'Adder' <Latency = 0> <II = 1> <Delay = 1.67> <FuncUnit> <Opcode : 'add' 'sub'> <InPorts = 2> <OutPorts = 1>
ST_5 : Operation 78 [1/1] (0.00ns) (grouped into LUT with out node r_exp)   --->   "%select_ln243 = select i1 %icmp_ln243, i13 %tmp_7_cast, i13 %add_ln243_1" [C:\scratch\2023.2\hls_product\689\2023.2\src\shared\hls\clib/hlsmath/include/FloatingPoint\hls_exp_.h:243]   --->   Operation 78 'select' 'select_ln243' <Predicate = true> <Delay = 0.00> <CoreInst = "Sel">   --->   Core 73 'Sel' <Latency = 0> <II = 1> <Delay = 0.69> <FuncUnit> <Opcode : 'select'> <InPorts = 3> <OutPorts = 1>
ST_5 : Operation 79 [1/1] (0.69ns) (out node of the LUT)   --->   "%r_exp = select i1 %tmp_8, i13 %select_ln243, i13 %tmp_7_cast" [C:\scratch\2023.2\hls_product\689\2023.2\src\shared\hls\clib/hlsmath/include/FloatingPoint\hls_exp_.h:243]   --->   Operation 79 'select' 'r_exp' <Predicate = true> <Delay = 0.69> <CoreInst = "Sel">   --->   Core 73 'Sel' <Latency = 0> <II = 1> <Delay = 0.69> <FuncUnit> <Opcode : 'select'> <InPorts = 3> <OutPorts = 1>

State 6 <SV = 5> <Delay = 6.97>
ST_6 : Operation 80 [1/1] (0.00ns)   --->   "%sext_ln249 = sext i13 %r_exp" [C:\scratch\2023.2\hls_product\689\2023.2\src\shared\hls\clib/hlsmath/include/FloatingPoint\hls_exp_.h:249]   --->   Operation 80 'sext' 'sext_ln249' <Predicate = true> <Delay = 0.00>
ST_6 : Operation 81 [5/5] (6.97ns)   --->   "%mul_ln249 = mul i71 %sext_ln249, i71 1636647506585939924452" [C:\scratch\2023.2\hls_product\689\2023.2\src\shared\hls\clib/hlsmath/include/FloatingPoint\hls_exp_.h:249]   --->   Operation 81 'mul' 'mul_ln249' <Predicate = true> <Delay = 6.97> <CoreInst = "Multiplier">   --->   Core 3 'Multiplier' <Latency = 4> <II = 1> <Delay = 6.97> <FuncUnit> <Opcode : 'mul'> <InPorts = 2> <OutPorts = 1>

State 7 <SV = 6> <Delay = 6.97>
ST_7 : Operation 82 [4/5] (6.97ns)   --->   "%mul_ln249 = mul i71 %sext_ln249, i71 1636647506585939924452" [C:\scratch\2023.2\hls_product\689\2023.2\src\shared\hls\clib/hlsmath/include/FloatingPoint\hls_exp_.h:249]   --->   Operation 82 'mul' 'mul_ln249' <Predicate = true> <Delay = 6.97> <CoreInst = "Multiplier">   --->   Core 3 'Multiplier' <Latency = 4> <II = 1> <Delay = 6.97> <FuncUnit> <Opcode : 'mul'> <InPorts = 2> <OutPorts = 1>

State 8 <SV = 7> <Delay = 6.97>
ST_8 : Operation 83 [3/5] (6.97ns)   --->   "%mul_ln249 = mul i71 %sext_ln249, i71 1636647506585939924452" [C:\scratch\2023.2\hls_product\689\2023.2\src\shared\hls\clib/hlsmath/include/FloatingPoint\hls_exp_.h:249]   --->   Operation 83 'mul' 'mul_ln249' <Predicate = true> <Delay = 6.97> <CoreInst = "Multiplier">   --->   Core 3 'Multiplier' <Latency = 4> <II = 1> <Delay = 6.97> <FuncUnit> <Opcode : 'mul'> <InPorts = 2> <OutPorts = 1>

State 9 <SV = 8> <Delay = 6.97>
ST_9 : Operation 84 [2/5] (6.97ns)   --->   "%mul_ln249 = mul i71 %sext_ln249, i71 1636647506585939924452" [C:\scratch\2023.2\hls_product\689\2023.2\src\shared\hls\clib/hlsmath/include/FloatingPoint\hls_exp_.h:249]   --->   Operation 84 'mul' 'mul_ln249' <Predicate = true> <Delay = 6.97> <CoreInst = "Multiplier">   --->   Core 3 'Multiplier' <Latency = 4> <II = 1> <Delay = 6.97> <FuncUnit> <Opcode : 'mul'> <InPorts = 2> <OutPorts = 1>

State 10 <SV = 9> <Delay = 6.97>
ST_10 : Operation 85 [1/5] (6.97ns)   --->   "%mul_ln249 = mul i71 %sext_ln249, i71 1636647506585939924452" [C:\scratch\2023.2\hls_product\689\2023.2\src\shared\hls\clib/hlsmath/include/FloatingPoint\hls_exp_.h:249]   --->   Operation 85 'mul' 'mul_ln249' <Predicate = true> <Delay = 6.97> <CoreInst = "Multiplier">   --->   Core 3 'Multiplier' <Latency = 4> <II = 1> <Delay = 6.97> <FuncUnit> <Opcode : 'mul'> <InPorts = 2> <OutPorts = 1>
ST_10 : Operation 86 [1/1] (0.00ns)   --->   "%tmp_1 = partselect i58 @_ssdm_op_PartSelect.i58.i71.i32.i32, i71 %mul_ln249, i32 13, i32 70" [C:\scratch\2023.2\hls_product\689\2023.2\src\shared\hls\clib/hlsmath/include/FloatingPoint\hls_exp_.h:255]   --->   Operation 86 'partselect' 'tmp_1' <Predicate = true> <Delay = 0.00>

State 11 <SV = 10> <Delay = 6.64>
ST_11 : Operation 87 [1/1] (0.00ns)   --->   "%and_ln = bitconcatenate i59 @_ssdm_op_BitConcatenate.i59.i58.i1, i58 %tmp_1, i1 0" [C:\scratch\2023.2\hls_product\689\2023.2\src\shared\hls\clib/hlsmath/include/FloatingPoint\hls_exp_.h:255]   --->   Operation 87 'bitconcatenate' 'and_ln' <Predicate = true> <Delay = 0.00>
ST_11 : Operation 88 [1/1] (3.39ns)   --->   "%m_diff = sub i59 %trunc_ln255, i59 %and_ln" [C:\scratch\2023.2\hls_product\689\2023.2\src\shared\hls\clib/hlsmath/include/FloatingPoint\hls_exp_.h:255]   --->   Operation 88 'sub' 'm_diff' <Predicate = true> <Delay = 3.39> <CoreInst = "Adder">   --->   Core 1 'Adder' <Latency = 0> <II = 1> <Delay = 3.39> <FuncUnit> <Opcode : 'add' 'sub'> <InPorts = 2> <OutPorts = 1>
ST_11 : Operation 89 [1/1] (0.00ns)   --->   "%m_diff_hi = partselect i8 @_ssdm_op_PartSelect.i8.i59.i32.i32, i59 %m_diff, i32 51, i32 58" [C:\scratch\2023.2\hls_product\689\2023.2\src\shared\hls\clib/hlsmath/include/FloatingPoint\hls_exp_.h:286]   --->   Operation 89 'partselect' 'm_diff_hi' <Predicate = true> <Delay = 0.00>
ST_11 : Operation 90 [1/1] (0.00ns)   --->   "%Z2 = partselect i8 @_ssdm_op_PartSelect.i8.i59.i32.i32, i59 %m_diff, i32 43, i32 50" [C:\scratch\2023.2\hls_product\689\2023.2\src\shared\hls\clib/hlsmath/include/FloatingPoint\hls_exp_.h:96->C:\scratch\2023.2\hls_product\689\2023.2\src\shared\hls\clib/hlsmath/include/FloatingPoint\hls_exp_.h:293]   --->   Operation 90 'partselect' 'Z2' <Predicate = true> <Delay = 0.00>
ST_11 : Operation 91 [1/1] (0.00ns)   --->   "%Z3 = partselect i8 @_ssdm_op_PartSelect.i8.i59.i32.i32, i59 %m_diff, i32 35, i32 42" [C:\scratch\2023.2\hls_product\689\2023.2\src\shared\hls\clib/hlsmath/include/FloatingPoint\hls_exp_.h:98->C:\scratch\2023.2\hls_product\689\2023.2\src\shared\hls\clib/hlsmath/include/FloatingPoint\hls_exp_.h:293]   --->   Operation 91 'partselect' 'Z3' <Predicate = true> <Delay = 0.00>
ST_11 : Operation 92 [1/1] (0.00ns)   --->   "%Z4 = trunc i59 %m_diff" [C:\scratch\2023.2\hls_product\689\2023.2\src\shared\hls\clib/hlsmath/include/FloatingPoint\hls_exp_.h:99->C:\scratch\2023.2\hls_product\689\2023.2\src\shared\hls\clib/hlsmath/include/FloatingPoint\hls_exp_.h:293]   --->   Operation 92 'trunc' 'Z4' <Predicate = true> <Delay = 0.00>
ST_11 : Operation 93 [1/1] (0.00ns)   --->   "%Z4_ind = partselect i8 @_ssdm_op_PartSelect.i8.i59.i32.i32, i59 %m_diff, i32 27, i32 34" [C:\scratch\2023.2\hls_product\689\2023.2\src\shared\hls\clib/hlsmath/include/FloatingPoint\hls_exp_.h:113->C:\scratch\2023.2\hls_product\689\2023.2\src\shared\hls\clib/hlsmath/include/FloatingPoint\hls_exp_.h:293]   --->   Operation 93 'partselect' 'Z4_ind' <Predicate = true> <Delay = 0.00>
ST_11 : Operation 94 [1/1] (0.00ns)   --->   "%zext_ln114 = zext i8 %Z4_ind" [C:\scratch\2023.2\hls_product\689\2023.2\src\shared\hls\clib/hlsmath/include/FloatingPoint\hls_exp_.h:114->C:\scratch\2023.2\hls_product\689\2023.2\src\shared\hls\clib/hlsmath/include/FloatingPoint\hls_exp_.h:293]   --->   Operation 94 'zext' 'zext_ln114' <Predicate = true> <Delay = 0.00>
ST_11 : Operation 95 [1/1] (0.00ns)   --->   "%table_f_Z3_ap_ufixed_59_0_ap_q_mode_5_ap_o_mode_3_0_array_addr = getelementptr i26 %table_f_Z3_ap_ufixed_59_0_ap_q_mode_5_ap_o_mode_3_0_array, i64 0, i64 %zext_ln114" [C:\scratch\2023.2\hls_product\689\2023.2\src\shared\hls\clib/hlsmath/include/FloatingPoint\hls_exp_.h:114->C:\scratch\2023.2\hls_product\689\2023.2\src\shared\hls\clib/hlsmath/include/FloatingPoint\hls_exp_.h:293]   --->   Operation 95 'getelementptr' 'table_f_Z3_ap_ufixed_59_0_ap_q_mode_5_ap_o_mode_3_0_array_addr' <Predicate = true> <Delay = 0.00>
ST_11 : Operation 96 [2/2] (3.25ns)   --->   "%table_f_Z3_ap_ufixed_59_0_ap_q_mode_5_ap_o_mode_3_0_array_load = load i8 %table_f_Z3_ap_ufixed_59_0_ap_q_mode_5_ap_o_mode_3_0_array_addr" [C:\scratch\2023.2\hls_product\689\2023.2\src\shared\hls\clib/hlsmath/include/FloatingPoint\hls_exp_.h:114->C:\scratch\2023.2\hls_product\689\2023.2\src\shared\hls\clib/hlsmath/include/FloatingPoint\hls_exp_.h:293]   --->   Operation 96 'load' 'table_f_Z3_ap_ufixed_59_0_ap_q_mode_5_ap_o_mode_3_0_array_load' <Predicate = true> <Delay = 3.25> <CoreInst = "ROM">   --->   Core 95 'ROM' <Latency = 1> <II = 1> <Delay = 3.25> <Storage> <Opcode : 'load'> <Ports = 0> <Width = 26> <Depth = 256> <ROM>
ST_11 : Operation 97 [1/1] (0.00ns)   --->   "%zext_ln119 = zext i8 %Z3" [C:\scratch\2023.2\hls_product\689\2023.2\src\shared\hls\clib/hlsmath/include/FloatingPoint\hls_exp_.h:119->C:\scratch\2023.2\hls_product\689\2023.2\src\shared\hls\clib/hlsmath/include/FloatingPoint\hls_exp_.h:293]   --->   Operation 97 'zext' 'zext_ln119' <Predicate = true> <Delay = 0.00>
ST_11 : Operation 98 [1/1] (0.00ns)   --->   "%table_f_Z3_ap_ufixed_59_0_ap_q_mode_5_ap_o_mode_3_0_array_addr_1 = getelementptr i26 %table_f_Z3_ap_ufixed_59_0_ap_q_mode_5_ap_o_mode_3_0_array, i64 0, i64 %zext_ln119" [C:\scratch\2023.2\hls_product\689\2023.2\src\shared\hls\clib/hlsmath/include/FloatingPoint\hls_exp_.h:119->C:\scratch\2023.2\hls_product\689\2023.2\src\shared\hls\clib/hlsmath/include/FloatingPoint\hls_exp_.h:293]   --->   Operation 98 'getelementptr' 'table_f_Z3_ap_ufixed_59_0_ap_q_mode_5_ap_o_mode_3_0_array_addr_1' <Predicate = true> <Delay = 0.00>
ST_11 : Operation 99 [2/2] (3.25ns)   --->   "%f_Z3 = load i8 %table_f_Z3_ap_ufixed_59_0_ap_q_mode_5_ap_o_mode_3_0_array_addr_1" [C:\scratch\2023.2\hls_product\689\2023.2\src\shared\hls\clib/hlsmath/include/FloatingPoint\hls_exp_.h:119->C:\scratch\2023.2\hls_product\689\2023.2\src\shared\hls\clib/hlsmath/include/FloatingPoint\hls_exp_.h:293]   --->   Operation 99 'load' 'f_Z3' <Predicate = true> <Delay = 3.25> <CoreInst = "ROM">   --->   Core 95 'ROM' <Latency = 1> <II = 1> <Delay = 3.25> <Storage> <Opcode : 'load'> <Ports = 0> <Width = 26> <Depth = 256> <ROM>

State 12 <SV = 11> <Delay = 5.92>
ST_12 : Operation 100 [1/2] (3.25ns)   --->   "%table_f_Z3_ap_ufixed_59_0_ap_q_mode_5_ap_o_mode_3_0_array_load = load i8 %table_f_Z3_ap_ufixed_59_0_ap_q_mode_5_ap_o_mode_3_0_array_addr" [C:\scratch\2023.2\hls_product\689\2023.2\src\shared\hls\clib/hlsmath/include/FloatingPoint\hls_exp_.h:114->C:\scratch\2023.2\hls_product\689\2023.2\src\shared\hls\clib/hlsmath/include/FloatingPoint\hls_exp_.h:293]   --->   Operation 100 'load' 'table_f_Z3_ap_ufixed_59_0_ap_q_mode_5_ap_o_mode_3_0_array_load' <Predicate = true> <Delay = 3.25> <CoreInst = "ROM">   --->   Core 95 'ROM' <Latency = 1> <II = 1> <Delay = 3.25> <Storage> <Opcode : 'load'> <Ports = 0> <Width = 26> <Depth = 256> <ROM>
ST_12 : Operation 101 [1/1] (0.00ns)   --->   "%f_Z4 = partselect i10 @_ssdm_op_PartSelect.i10.i26.i32.i32, i26 %table_f_Z3_ap_ufixed_59_0_ap_q_mode_5_ap_o_mode_3_0_array_load, i32 16, i32 25" [C:\scratch\2023.2\hls_product\689\2023.2\src\shared\hls\clib/hlsmath/include/FloatingPoint\hls_exp_.h:114->C:\scratch\2023.2\hls_product\689\2023.2\src\shared\hls\clib/hlsmath/include/FloatingPoint\hls_exp_.h:293]   --->   Operation 101 'partselect' 'f_Z4' <Predicate = true> <Delay = 0.00>
ST_12 : Operation 102 [1/1] (0.00ns)   --->   "%zext_ln115 = zext i35 %Z4" [C:\scratch\2023.2\hls_product\689\2023.2\src\shared\hls\clib/hlsmath/include/FloatingPoint\hls_exp_.h:115->C:\scratch\2023.2\hls_product\689\2023.2\src\shared\hls\clib/hlsmath/include/FloatingPoint\hls_exp_.h:293]   --->   Operation 102 'zext' 'zext_ln115' <Predicate = true> <Delay = 0.00>
ST_12 : Operation 103 [1/1] (0.00ns)   --->   "%zext_ln115_1 = zext i10 %f_Z4" [C:\scratch\2023.2\hls_product\689\2023.2\src\shared\hls\clib/hlsmath/include/FloatingPoint\hls_exp_.h:115->C:\scratch\2023.2\hls_product\689\2023.2\src\shared\hls\clib/hlsmath/include/FloatingPoint\hls_exp_.h:293]   --->   Operation 103 'zext' 'zext_ln115_1' <Predicate = true> <Delay = 0.00>
ST_12 : Operation 104 [1/1] (2.67ns)   --->   "%exp_Z4_m_1 = add i36 %zext_ln115, i36 %zext_ln115_1" [C:\scratch\2023.2\hls_product\689\2023.2\src\shared\hls\clib/hlsmath/include/FloatingPoint\hls_exp_.h:115->C:\scratch\2023.2\hls_product\689\2023.2\src\shared\hls\clib/hlsmath/include/FloatingPoint\hls_exp_.h:293]   --->   Operation 104 'add' 'exp_Z4_m_1' <Predicate = true> <Delay = 2.67> <CoreInst = "Adder">   --->   Core 1 'Adder' <Latency = 0> <II = 1> <Delay = 2.67> <FuncUnit> <Opcode : 'add' 'sub'> <InPorts = 2> <OutPorts = 1>
ST_12 : Operation 105 [1/2] (3.25ns)   --->   "%f_Z3 = load i8 %table_f_Z3_ap_ufixed_59_0_ap_q_mode_5_ap_o_mode_3_0_array_addr_1" [C:\scratch\2023.2\hls_product\689\2023.2\src\shared\hls\clib/hlsmath/include/FloatingPoint\hls_exp_.h:119->C:\scratch\2023.2\hls_product\689\2023.2\src\shared\hls\clib/hlsmath/include/FloatingPoint\hls_exp_.h:293]   --->   Operation 105 'load' 'f_Z3' <Predicate = true> <Delay = 3.25> <CoreInst = "ROM">   --->   Core 95 'ROM' <Latency = 1> <II = 1> <Delay = 3.25> <Storage> <Opcode : 'load'> <Ports = 0> <Width = 26> <Depth = 256> <ROM>

State 13 <SV = 12> <Delay = 7.08>
ST_13 : Operation 106 [1/1] (0.00ns)   --->   "%exp_Z3_m_1 = bitconcatenate i43 @_ssdm_op_BitConcatenate.i43.i8.i9.i26, i8 %Z3, i9 0, i26 %f_Z3" [C:\scratch\2023.2\hls_product\689\2023.2\src\shared\hls\clib/hlsmath/include/FloatingPoint\hls_exp_.h:120->C:\scratch\2023.2\hls_product\689\2023.2\src\shared\hls\clib/hlsmath/include/FloatingPoint\hls_exp_.h:293]   --->   Operation 106 'bitconcatenate' 'exp_Z3_m_1' <Predicate = true> <Delay = 0.00>
ST_13 : Operation 107 [1/1] (0.00ns)   --->   "%zext_ln123 = zext i43 %exp_Z3_m_1" [C:\scratch\2023.2\hls_product\689\2023.2\src\shared\hls\clib/hlsmath/include/FloatingPoint\hls_exp_.h:123->C:\scratch\2023.2\hls_product\689\2023.2\src\shared\hls\clib/hlsmath/include/FloatingPoint\hls_exp_.h:293]   --->   Operation 107 'zext' 'zext_ln123' <Predicate = true> <Delay = 0.00>
ST_13 : Operation 108 [1/1] (0.00ns)   --->   "%zext_ln123_1 = zext i36 %exp_Z4_m_1" [C:\scratch\2023.2\hls_product\689\2023.2\src\shared\hls\clib/hlsmath/include/FloatingPoint\hls_exp_.h:123->C:\scratch\2023.2\hls_product\689\2023.2\src\shared\hls\clib/hlsmath/include/FloatingPoint\hls_exp_.h:293]   --->   Operation 108 'zext' 'zext_ln123_1' <Predicate = true> <Delay = 0.00>
ST_13 : Operation 109 [3/3] (7.08ns)   --->   "%mul_ln123 = mul i79 %zext_ln123, i79 %zext_ln123_1" [C:\scratch\2023.2\hls_product\689\2023.2\src\shared\hls\clib/hlsmath/include/FloatingPoint\hls_exp_.h:123->C:\scratch\2023.2\hls_product\689\2023.2\src\shared\hls\clib/hlsmath/include/FloatingPoint\hls_exp_.h:293]   --->   Operation 109 'mul' 'mul_ln123' <Predicate = true> <Delay = 7.08> <CoreInst = "Multiplier">   --->   Core 3 'Multiplier' <Latency = 2> <II = 1> <Delay = 7.08> <FuncUnit> <Opcode : 'mul'> <InPorts = 2> <OutPorts = 1>

State 14 <SV = 13> <Delay = 7.08>
ST_14 : Operation 110 [2/3] (7.08ns)   --->   "%mul_ln123 = mul i79 %zext_ln123, i79 %zext_ln123_1" [C:\scratch\2023.2\hls_product\689\2023.2\src\shared\hls\clib/hlsmath/include/FloatingPoint\hls_exp_.h:123->C:\scratch\2023.2\hls_product\689\2023.2\src\shared\hls\clib/hlsmath/include/FloatingPoint\hls_exp_.h:293]   --->   Operation 110 'mul' 'mul_ln123' <Predicate = true> <Delay = 7.08> <CoreInst = "Multiplier">   --->   Core 3 'Multiplier' <Latency = 2> <II = 1> <Delay = 7.08> <FuncUnit> <Opcode : 'mul'> <InPorts = 2> <OutPorts = 1>

State 15 <SV = 14> <Delay = 7.08>
ST_15 : Operation 111 [1/3] (7.08ns)   --->   "%mul_ln123 = mul i79 %zext_ln123, i79 %zext_ln123_1" [C:\scratch\2023.2\hls_product\689\2023.2\src\shared\hls\clib/hlsmath/include/FloatingPoint\hls_exp_.h:123->C:\scratch\2023.2\hls_product\689\2023.2\src\shared\hls\clib/hlsmath/include/FloatingPoint\hls_exp_.h:293]   --->   Operation 111 'mul' 'mul_ln123' <Predicate = true> <Delay = 7.08> <CoreInst = "Multiplier">   --->   Core 3 'Multiplier' <Latency = 2> <II = 1> <Delay = 7.08> <FuncUnit> <Opcode : 'mul'> <InPorts = 2> <OutPorts = 1>
ST_15 : Operation 112 [1/1] (0.00ns)   --->   "%tmp_2 = partselect i20 @_ssdm_op_PartSelect.i20.i79.i32.i32, i79 %mul_ln123, i32 59, i32 78" [C:\scratch\2023.2\hls_product\689\2023.2\src\shared\hls\clib/hlsmath/include/FloatingPoint\hls_exp_.h:130->C:\scratch\2023.2\hls_product\689\2023.2\src\shared\hls\clib/hlsmath/include/FloatingPoint\hls_exp_.h:293]   --->   Operation 112 'partselect' 'tmp_2' <Predicate = true> <Delay = 0.00>
ST_15 : Operation 113 [1/1] (0.00ns)   --->   "%zext_ln138 = zext i8 %Z2" [C:\scratch\2023.2\hls_product\689\2023.2\src\shared\hls\clib/hlsmath/include/FloatingPoint\hls_exp_.h:138->C:\scratch\2023.2\hls_product\689\2023.2\src\shared\hls\clib/hlsmath/include/FloatingPoint\hls_exp_.h:293]   --->   Operation 113 'zext' 'zext_ln138' <Predicate = true> <Delay = 0.00>
ST_15 : Operation 114 [1/1] (0.00ns)   --->   "%table_f_Z2_ap_ufixed_59_0_ap_q_mode_5_ap_o_mode_3_0_array_addr = getelementptr i42 %table_f_Z2_ap_ufixed_59_0_ap_q_mode_5_ap_o_mode_3_0_array, i64 0, i64 %zext_ln138" [C:\scratch\2023.2\hls_product\689\2023.2\src\shared\hls\clib/hlsmath/include/FloatingPoint\hls_exp_.h:138->C:\scratch\2023.2\hls_product\689\2023.2\src\shared\hls\clib/hlsmath/include/FloatingPoint\hls_exp_.h:293]   --->   Operation 114 'getelementptr' 'table_f_Z2_ap_ufixed_59_0_ap_q_mode_5_ap_o_mode_3_0_array_addr' <Predicate = true> <Delay = 0.00>
ST_15 : Operation 115 [2/2] (3.25ns)   --->   "%f_Z2 = load i8 %table_f_Z2_ap_ufixed_59_0_ap_q_mode_5_ap_o_mode_3_0_array_addr" [C:\scratch\2023.2\hls_product\689\2023.2\src\shared\hls\clib/hlsmath/include/FloatingPoint\hls_exp_.h:138->C:\scratch\2023.2\hls_product\689\2023.2\src\shared\hls\clib/hlsmath/include/FloatingPoint\hls_exp_.h:293]   --->   Operation 115 'load' 'f_Z2' <Predicate = true> <Delay = 3.25> <CoreInst = "ROM">   --->   Core 95 'ROM' <Latency = 1> <II = 1> <Delay = 3.25> <Storage> <Opcode : 'load'> <Ports = 0> <Width = 42> <Depth = 256> <ROM>

State 16 <SV = 15> <Delay = 5.67>
ST_16 : Operation 116 [1/1] (0.00ns)   --->   "%zext_ln120 = zext i43 %exp_Z3_m_1" [C:\scratch\2023.2\hls_product\689\2023.2\src\shared\hls\clib/hlsmath/include/FloatingPoint\hls_exp_.h:120->C:\scratch\2023.2\hls_product\689\2023.2\src\shared\hls\clib/hlsmath/include/FloatingPoint\hls_exp_.h:293]   --->   Operation 116 'zext' 'zext_ln120' <Predicate = true> <Delay = 0.00>
ST_16 : Operation 117 [1/1] (0.00ns)   --->   "%zext_ln130_1 = zext i20 %tmp_2" [C:\scratch\2023.2\hls_product\689\2023.2\src\shared\hls\clib/hlsmath/include/FloatingPoint\hls_exp_.h:130->C:\scratch\2023.2\hls_product\689\2023.2\src\shared\hls\clib/hlsmath/include/FloatingPoint\hls_exp_.h:293]   --->   Operation 117 'zext' 'zext_ln130_1' <Predicate = true> <Delay = 0.00>
ST_16 : Operation 118 [1/1] (2.71ns)   --->   "%add_ln130 = add i36 %exp_Z4_m_1, i36 %zext_ln130_1" [C:\scratch\2023.2\hls_product\689\2023.2\src\shared\hls\clib/hlsmath/include/FloatingPoint\hls_exp_.h:130->C:\scratch\2023.2\hls_product\689\2023.2\src\shared\hls\clib/hlsmath/include/FloatingPoint\hls_exp_.h:293]   --->   Operation 118 'add' 'add_ln130' <Predicate = true> <Delay = 2.71> <CoreInst = "Adder">   --->   Core 1 'Adder' <Latency = 0> <II = 1> <Delay = 2.71> <FuncUnit> <Opcode : 'add' 'sub'> <InPorts = 2> <OutPorts = 1>
ST_16 : Operation 119 [1/1] (0.00ns)   --->   "%zext_ln130 = zext i36 %add_ln130" [C:\scratch\2023.2\hls_product\689\2023.2\src\shared\hls\clib/hlsmath/include/FloatingPoint\hls_exp_.h:130->C:\scratch\2023.2\hls_product\689\2023.2\src\shared\hls\clib/hlsmath/include/FloatingPoint\hls_exp_.h:293]   --->   Operation 119 'zext' 'zext_ln130' <Predicate = true> <Delay = 0.00>
ST_16 : Operation 120 [1/1] (2.96ns)   --->   "%exp_Z2P_m_1 = add i44 %zext_ln130, i44 %zext_ln120" [C:\scratch\2023.2\hls_product\689\2023.2\src\shared\hls\clib/hlsmath/include/FloatingPoint\hls_exp_.h:130->C:\scratch\2023.2\hls_product\689\2023.2\src\shared\hls\clib/hlsmath/include/FloatingPoint\hls_exp_.h:293]   --->   Operation 120 'add' 'exp_Z2P_m_1' <Predicate = true> <Delay = 2.96> <CoreInst = "Adder">   --->   Core 1 'Adder' <Latency = 0> <II = 1> <Delay = 2.96> <FuncUnit> <Opcode : 'add' 'sub'> <InPorts = 2> <OutPorts = 1>
ST_16 : Operation 121 [1/2] (3.25ns)   --->   "%f_Z2 = load i8 %table_f_Z2_ap_ufixed_59_0_ap_q_mode_5_ap_o_mode_3_0_array_addr" [C:\scratch\2023.2\hls_product\689\2023.2\src\shared\hls\clib/hlsmath/include/FloatingPoint\hls_exp_.h:138->C:\scratch\2023.2\hls_product\689\2023.2\src\shared\hls\clib/hlsmath/include/FloatingPoint\hls_exp_.h:293]   --->   Operation 121 'load' 'f_Z2' <Predicate = true> <Delay = 3.25> <CoreInst = "ROM">   --->   Core 95 'ROM' <Latency = 1> <II = 1> <Delay = 3.25> <Storage> <Opcode : 'load'> <Ports = 0> <Width = 42> <Depth = 256> <ROM>
ST_16 : Operation 122 [1/1] (0.00ns)   --->   "%tmp_3 = partselect i40 @_ssdm_op_PartSelect.i40.i42.i32.i32, i42 %f_Z2, i32 2, i32 41" [C:\scratch\2023.2\hls_product\689\2023.2\src\shared\hls\clib/hlsmath/include/FloatingPoint\hls_exp_.h:139->C:\scratch\2023.2\hls_product\689\2023.2\src\shared\hls\clib/hlsmath/include/FloatingPoint\hls_exp_.h:293]   --->   Operation 122 'partselect' 'tmp_3' <Predicate = true> <Delay = 0.00>

State 17 <SV = 16> <Delay = 5.66>
ST_17 : Operation 123 [1/1] (0.00ns)   --->   "%exp_Z2_m_1 = bitconcatenate i49 @_ssdm_op_BitConcatenate.i49.i8.i1.i40, i8 %Z2, i1 0, i40 %tmp_3" [C:\scratch\2023.2\hls_product\689\2023.2\src\shared\hls\clib/hlsmath/include/FloatingPoint\hls_exp_.h:139->C:\scratch\2023.2\hls_product\689\2023.2\src\shared\hls\clib/hlsmath/include/FloatingPoint\hls_exp_.h:293]   --->   Operation 123 'bitconcatenate' 'exp_Z2_m_1' <Predicate = true> <Delay = 0.00>
ST_17 : Operation 124 [1/1] (0.00ns)   --->   "%zext_ln142 = zext i49 %exp_Z2_m_1" [C:\scratch\2023.2\hls_product\689\2023.2\src\shared\hls\clib/hlsmath/include/FloatingPoint\hls_exp_.h:142->C:\scratch\2023.2\hls_product\689\2023.2\src\shared\hls\clib/hlsmath/include/FloatingPoint\hls_exp_.h:293]   --->   Operation 124 'zext' 'zext_ln142' <Predicate = true> <Delay = 0.00>
ST_17 : Operation 125 [1/1] (0.00ns)   --->   "%zext_ln142_1 = zext i44 %exp_Z2P_m_1" [C:\scratch\2023.2\hls_product\689\2023.2\src\shared\hls\clib/hlsmath/include/FloatingPoint\hls_exp_.h:142->C:\scratch\2023.2\hls_product\689\2023.2\src\shared\hls\clib/hlsmath/include/FloatingPoint\hls_exp_.h:293]   --->   Operation 125 'zext' 'zext_ln142_1' <Predicate = true> <Delay = 0.00>
ST_17 : Operation 126 [5/5] (5.66ns)   --->   "%mul_ln142 = mul i93 %zext_ln142, i93 %zext_ln142_1" [C:\scratch\2023.2\hls_product\689\2023.2\src\shared\hls\clib/hlsmath/include/FloatingPoint\hls_exp_.h:142->C:\scratch\2023.2\hls_product\689\2023.2\src\shared\hls\clib/hlsmath/include/FloatingPoint\hls_exp_.h:293]   --->   Operation 126 'mul' 'mul_ln142' <Predicate = true> <Delay = 5.66> <CoreInst = "Multiplier">   --->   Core 3 'Multiplier' <Latency = 4> <II = 1> <Delay = 5.66> <FuncUnit> <Opcode : 'mul'> <InPorts = 2> <OutPorts = 1>

State 18 <SV = 17> <Delay = 5.66>
ST_18 : Operation 127 [4/5] (5.66ns)   --->   "%mul_ln142 = mul i93 %zext_ln142, i93 %zext_ln142_1" [C:\scratch\2023.2\hls_product\689\2023.2\src\shared\hls\clib/hlsmath/include/FloatingPoint\hls_exp_.h:142->C:\scratch\2023.2\hls_product\689\2023.2\src\shared\hls\clib/hlsmath/include/FloatingPoint\hls_exp_.h:293]   --->   Operation 127 'mul' 'mul_ln142' <Predicate = true> <Delay = 5.66> <CoreInst = "Multiplier">   --->   Core 3 'Multiplier' <Latency = 4> <II = 1> <Delay = 5.66> <FuncUnit> <Opcode : 'mul'> <InPorts = 2> <OutPorts = 1>

State 19 <SV = 18> <Delay = 5.66>
ST_19 : Operation 128 [3/5] (5.66ns)   --->   "%mul_ln142 = mul i93 %zext_ln142, i93 %zext_ln142_1" [C:\scratch\2023.2\hls_product\689\2023.2\src\shared\hls\clib/hlsmath/include/FloatingPoint\hls_exp_.h:142->C:\scratch\2023.2\hls_product\689\2023.2\src\shared\hls\clib/hlsmath/include/FloatingPoint\hls_exp_.h:293]   --->   Operation 128 'mul' 'mul_ln142' <Predicate = true> <Delay = 5.66> <CoreInst = "Multiplier">   --->   Core 3 'Multiplier' <Latency = 4> <II = 1> <Delay = 5.66> <FuncUnit> <Opcode : 'mul'> <InPorts = 2> <OutPorts = 1>

State 20 <SV = 19> <Delay = 5.66>
ST_20 : Operation 129 [2/5] (5.66ns)   --->   "%mul_ln142 = mul i93 %zext_ln142, i93 %zext_ln142_1" [C:\scratch\2023.2\hls_product\689\2023.2\src\shared\hls\clib/hlsmath/include/FloatingPoint\hls_exp_.h:142->C:\scratch\2023.2\hls_product\689\2023.2\src\shared\hls\clib/hlsmath/include/FloatingPoint\hls_exp_.h:293]   --->   Operation 129 'mul' 'mul_ln142' <Predicate = true> <Delay = 5.66> <CoreInst = "Multiplier">   --->   Core 3 'Multiplier' <Latency = 4> <II = 1> <Delay = 5.66> <FuncUnit> <Opcode : 'mul'> <InPorts = 2> <OutPorts = 1>

State 21 <SV = 20> <Delay = 5.66>
ST_21 : Operation 130 [1/1] (0.00ns)   --->   "%zext_ln292 = zext i8 %m_diff_hi" [C:\scratch\2023.2\hls_product\689\2023.2\src\shared\hls\clib/hlsmath/include/FloatingPoint\hls_exp_.h:292]   --->   Operation 130 'zext' 'zext_ln292' <Predicate = true> <Delay = 0.00>
ST_21 : Operation 131 [1/1] (0.00ns)   --->   "%table_exp_Z1_ap_ufixed_58_1_ap_q_mode_5_ap_o_mode_3_0_array_addr = getelementptr i58 %table_exp_Z1_ap_ufixed_58_1_ap_q_mode_5_ap_o_mode_3_0_array, i64 0, i64 %zext_ln292" [C:\scratch\2023.2\hls_product\689\2023.2\src\shared\hls\clib/hlsmath/include/FloatingPoint\hls_exp_.h:292]   --->   Operation 131 'getelementptr' 'table_exp_Z1_ap_ufixed_58_1_ap_q_mode_5_ap_o_mode_3_0_array_addr' <Predicate = true> <Delay = 0.00>
ST_21 : Operation 132 [2/2] (3.25ns)   --->   "%exp_Z1 = load i8 %table_exp_Z1_ap_ufixed_58_1_ap_q_mode_5_ap_o_mode_3_0_array_addr" [C:\scratch\2023.2\hls_product\689\2023.2\src\shared\hls\clib/hlsmath/include/FloatingPoint\hls_exp_.h:292]   --->   Operation 132 'load' 'exp_Z1' <Predicate = true> <Delay = 3.25> <CoreInst = "ROM">   --->   Core 95 'ROM' <Latency = 1> <II = 1> <Delay = 3.25> <Storage> <Opcode : 'load'> <Ports = 0> <Width = 58> <Depth = 256> <ROM>
ST_21 : Operation 133 [1/5] (5.66ns)   --->   "%mul_ln142 = mul i93 %zext_ln142, i93 %zext_ln142_1" [C:\scratch\2023.2\hls_product\689\2023.2\src\shared\hls\clib/hlsmath/include/FloatingPoint\hls_exp_.h:142->C:\scratch\2023.2\hls_product\689\2023.2\src\shared\hls\clib/hlsmath/include/FloatingPoint\hls_exp_.h:293]   --->   Operation 133 'mul' 'mul_ln142' <Predicate = true> <Delay = 5.66> <CoreInst = "Multiplier">   --->   Core 3 'Multiplier' <Latency = 4> <II = 1> <Delay = 5.66> <FuncUnit> <Opcode : 'mul'> <InPorts = 2> <OutPorts = 1>
ST_21 : Operation 134 [1/1] (0.00ns)   --->   "%tmp_7 = partselect i36 @_ssdm_op_PartSelect.i36.i93.i32.i32, i93 %mul_ln142, i32 57, i32 92" [C:\scratch\2023.2\hls_product\689\2023.2\src\shared\hls\clib/hlsmath/include/FloatingPoint\hls_exp_.h:145->C:\scratch\2023.2\hls_product\689\2023.2\src\shared\hls\clib/hlsmath/include/FloatingPoint\hls_exp_.h:293]   --->   Operation 134 'partselect' 'tmp_7' <Predicate = true> <Delay = 0.00>

State 22 <SV = 21> <Delay = 6.17>
ST_22 : Operation 135 [1/2] (3.25ns)   --->   "%exp_Z1 = load i8 %table_exp_Z1_ap_ufixed_58_1_ap_q_mode_5_ap_o_mode_3_0_array_addr" [C:\scratch\2023.2\hls_product\689\2023.2\src\shared\hls\clib/hlsmath/include/FloatingPoint\hls_exp_.h:292]   --->   Operation 135 'load' 'exp_Z1' <Predicate = true> <Delay = 3.25> <CoreInst = "ROM">   --->   Core 95 'ROM' <Latency = 1> <II = 1> <Delay = 3.25> <Storage> <Opcode : 'load'> <Ports = 0> <Width = 58> <Depth = 256> <ROM>
ST_22 : Operation 136 [1/1] (0.00ns)   --->   "%and_ln1 = bitconcatenate i51 @_ssdm_op_BitConcatenate.i51.i8.i1.i40.i2, i8 %Z2, i1 0, i40 %tmp_3, i2 0" [C:\scratch\2023.2\hls_product\689\2023.2\src\shared\hls\clib/hlsmath/include/FloatingPoint\hls_exp_.h:145->C:\scratch\2023.2\hls_product\689\2023.2\src\shared\hls\clib/hlsmath/include/FloatingPoint\hls_exp_.h:293]   --->   Operation 136 'bitconcatenate' 'and_ln1' <Predicate = true> <Delay = 0.00>
ST_22 : Operation 137 [1/1] (0.00ns)   --->   "%zext_ln145 = zext i51 %and_ln1" [C:\scratch\2023.2\hls_product\689\2023.2\src\shared\hls\clib/hlsmath/include/FloatingPoint\hls_exp_.h:145->C:\scratch\2023.2\hls_product\689\2023.2\src\shared\hls\clib/hlsmath/include/FloatingPoint\hls_exp_.h:293]   --->   Operation 137 'zext' 'zext_ln145' <Predicate = true> <Delay = 0.00>
ST_22 : Operation 138 [1/1] (0.00ns)   --->   "%zext_ln145_2 = zext i36 %tmp_7" [C:\scratch\2023.2\hls_product\689\2023.2\src\shared\hls\clib/hlsmath/include/FloatingPoint\hls_exp_.h:145->C:\scratch\2023.2\hls_product\689\2023.2\src\shared\hls\clib/hlsmath/include/FloatingPoint\hls_exp_.h:293]   --->   Operation 138 'zext' 'zext_ln145_2' <Predicate = true> <Delay = 0.00>
ST_22 : Operation 139 [1/1] (2.98ns)   --->   "%add_ln145 = add i44 %exp_Z2P_m_1, i44 %zext_ln145_2" [C:\scratch\2023.2\hls_product\689\2023.2\src\shared\hls\clib/hlsmath/include/FloatingPoint\hls_exp_.h:145->C:\scratch\2023.2\hls_product\689\2023.2\src\shared\hls\clib/hlsmath/include/FloatingPoint\hls_exp_.h:293]   --->   Operation 139 'add' 'add_ln145' <Predicate = true> <Delay = 2.98> <CoreInst = "Adder">   --->   Core 1 'Adder' <Latency = 0> <II = 1> <Delay = 2.98> <FuncUnit> <Opcode : 'add' 'sub'> <InPorts = 2> <OutPorts = 1>
ST_22 : Operation 140 [1/1] (0.00ns)   --->   "%zext_ln145_1 = zext i44 %add_ln145" [C:\scratch\2023.2\hls_product\689\2023.2\src\shared\hls\clib/hlsmath/include/FloatingPoint\hls_exp_.h:145->C:\scratch\2023.2\hls_product\689\2023.2\src\shared\hls\clib/hlsmath/include/FloatingPoint\hls_exp_.h:293]   --->   Operation 140 'zext' 'zext_ln145_1' <Predicate = true> <Delay = 0.00>
ST_22 : Operation 141 [1/1] (3.18ns)   --->   "%exp_Z1P_m_1_l = add i52 %zext_ln145_1, i52 %zext_ln145" [C:\scratch\2023.2\hls_product\689\2023.2\src\shared\hls\clib/hlsmath/include/FloatingPoint\hls_exp_.h:145->C:\scratch\2023.2\hls_product\689\2023.2\src\shared\hls\clib/hlsmath/include/FloatingPoint\hls_exp_.h:293]   --->   Operation 141 'add' 'exp_Z1P_m_1_l' <Predicate = true> <Delay = 3.18> <CoreInst = "Adder">   --->   Core 1 'Adder' <Latency = 0> <II = 1> <Delay = 3.18> <FuncUnit> <Opcode : 'add' 'sub'> <InPorts = 2> <OutPorts = 1>
ST_22 : Operation 142 [1/1] (0.00ns)   --->   "%exp_Z1P_m_1 = partselect i50 @_ssdm_op_PartSelect.i50.i52.i32.i32, i52 %exp_Z1P_m_1_l, i32 2, i32 51" [C:\scratch\2023.2\hls_product\689\2023.2\src\shared\hls\clib/hlsmath/include/FloatingPoint\hls_exp_.h:149->C:\scratch\2023.2\hls_product\689\2023.2\src\shared\hls\clib/hlsmath/include/FloatingPoint\hls_exp_.h:293]   --->   Operation 142 'partselect' 'exp_Z1P_m_1' <Predicate = true> <Delay = 0.00>
ST_22 : Operation 143 [1/1] (0.00ns)   --->   "%exp_Z1_hi = partselect i50 @_ssdm_op_PartSelect.i50.i58.i32.i32, i58 %exp_Z1, i32 8, i32 57" [C:\scratch\2023.2\hls_product\689\2023.2\src\shared\hls\clib/hlsmath/include/FloatingPoint\hls_exp_.h:294]   --->   Operation 143 'partselect' 'exp_Z1_hi' <Predicate = true> <Delay = 0.00>

State 23 <SV = 22> <Delay = 5.66>
ST_23 : Operation 144 [1/1] (0.00ns)   --->   "%zext_ln297 = zext i50 %exp_Z1_hi" [C:\scratch\2023.2\hls_product\689\2023.2\src\shared\hls\clib/hlsmath/include/FloatingPoint\hls_exp_.h:297]   --->   Operation 144 'zext' 'zext_ln297' <Predicate = true> <Delay = 0.00>
ST_23 : Operation 145 [1/1] (0.00ns)   --->   "%zext_ln297_1 = zext i50 %exp_Z1P_m_1" [C:\scratch\2023.2\hls_product\689\2023.2\src\shared\hls\clib/hlsmath/include/FloatingPoint\hls_exp_.h:297]   --->   Operation 145 'zext' 'zext_ln297_1' <Predicate = true> <Delay = 0.00>
ST_23 : Operation 146 [5/5] (5.66ns)   --->   "%mul_ln297 = mul i100 %zext_ln297_1, i100 %zext_ln297" [C:\scratch\2023.2\hls_product\689\2023.2\src\shared\hls\clib/hlsmath/include/FloatingPoint\hls_exp_.h:297]   --->   Operation 146 'mul' 'mul_ln297' <Predicate = true> <Delay = 5.66> <CoreInst = "Multiplier">   --->   Core 3 'Multiplier' <Latency = 4> <II = 1> <Delay = 5.66> <FuncUnit> <Opcode : 'mul'> <InPorts = 2> <OutPorts = 1>

State 24 <SV = 23> <Delay = 5.66>
ST_24 : Operation 147 [4/5] (5.66ns)   --->   "%mul_ln297 = mul i100 %zext_ln297_1, i100 %zext_ln297" [C:\scratch\2023.2\hls_product\689\2023.2\src\shared\hls\clib/hlsmath/include/FloatingPoint\hls_exp_.h:297]   --->   Operation 147 'mul' 'mul_ln297' <Predicate = true> <Delay = 5.66> <CoreInst = "Multiplier">   --->   Core 3 'Multiplier' <Latency = 4> <II = 1> <Delay = 5.66> <FuncUnit> <Opcode : 'mul'> <InPorts = 2> <OutPorts = 1>

State 25 <SV = 24> <Delay = 5.66>
ST_25 : Operation 148 [3/5] (5.66ns)   --->   "%mul_ln297 = mul i100 %zext_ln297_1, i100 %zext_ln297" [C:\scratch\2023.2\hls_product\689\2023.2\src\shared\hls\clib/hlsmath/include/FloatingPoint\hls_exp_.h:297]   --->   Operation 148 'mul' 'mul_ln297' <Predicate = true> <Delay = 5.66> <CoreInst = "Multiplier">   --->   Core 3 'Multiplier' <Latency = 4> <II = 1> <Delay = 5.66> <FuncUnit> <Opcode : 'mul'> <InPorts = 2> <OutPorts = 1>

State 26 <SV = 25> <Delay = 5.66>
ST_26 : Operation 149 [2/5] (5.66ns)   --->   "%mul_ln297 = mul i100 %zext_ln297_1, i100 %zext_ln297" [C:\scratch\2023.2\hls_product\689\2023.2\src\shared\hls\clib/hlsmath/include/FloatingPoint\hls_exp_.h:297]   --->   Operation 149 'mul' 'mul_ln297' <Predicate = true> <Delay = 5.66> <CoreInst = "Multiplier">   --->   Core 3 'Multiplier' <Latency = 4> <II = 1> <Delay = 5.66> <FuncUnit> <Opcode : 'mul'> <InPorts = 2> <OutPorts = 1>

State 27 <SV = 26> <Delay = 5.66>
ST_27 : Operation 150 [1/1] (3.36ns)   --->   "%add_ln297 = add i58 %exp_Z1, i58 16" [C:\scratch\2023.2\hls_product\689\2023.2\src\shared\hls\clib/hlsmath/include/FloatingPoint\hls_exp_.h:297]   --->   Operation 150 'add' 'add_ln297' <Predicate = true> <Delay = 3.36> <CoreInst = "Adder">   --->   Core 1 'Adder' <Latency = 0> <II = 1> <Delay = 3.36> <FuncUnit> <Opcode : 'add' 'sub'> <InPorts = 2> <OutPorts = 1>
ST_27 : Operation 151 [1/5] (5.66ns)   --->   "%mul_ln297 = mul i100 %zext_ln297_1, i100 %zext_ln297" [C:\scratch\2023.2\hls_product\689\2023.2\src\shared\hls\clib/hlsmath/include/FloatingPoint\hls_exp_.h:297]   --->   Operation 151 'mul' 'mul_ln297' <Predicate = true> <Delay = 5.66> <CoreInst = "Multiplier">   --->   Core 3 'Multiplier' <Latency = 4> <II = 1> <Delay = 5.66> <FuncUnit> <Opcode : 'mul'> <InPorts = 2> <OutPorts = 1>

State 28 <SV = 27> <Delay = 7.13>
ST_28 : Operation 152 [1/1] (0.00ns)   --->   "%shl_ln1 = bitconcatenate i107 @_ssdm_op_BitConcatenate.i107.i58.i49, i58 %add_ln297, i49 0" [C:\scratch\2023.2\hls_product\689\2023.2\src\shared\hls\clib/hlsmath/include/FloatingPoint\hls_exp_.h:297]   --->   Operation 152 'bitconcatenate' 'shl_ln1' <Predicate = true> <Delay = 0.00>
ST_28 : Operation 153 [1/1] (0.00ns)   --->   "%zext_ln297_2 = zext i100 %mul_ln297" [C:\scratch\2023.2\hls_product\689\2023.2\src\shared\hls\clib/hlsmath/include/FloatingPoint\hls_exp_.h:297]   --->   Operation 153 'zext' 'zext_ln297_2' <Predicate = true> <Delay = 0.00>
ST_28 : Operation 154 [1/1] (4.75ns)   --->   "%add_ln297_1 = add i107 %shl_ln1, i107 %zext_ln297_2" [C:\scratch\2023.2\hls_product\689\2023.2\src\shared\hls\clib/hlsmath/include/FloatingPoint\hls_exp_.h:297]   --->   Operation 154 'add' 'add_ln297_1' <Predicate = true> <Delay = 4.75> <CoreInst = "Adder">   --->   Core 1 'Adder' <Latency = 0> <II = 1> <Delay = 4.75> <FuncUnit> <Opcode : 'add' 'sub'> <InPorts = 2> <OutPorts = 1>
ST_28 : Operation 155 [1/1] (0.00ns)   --->   "%tmp_9 = bitselect i1 @_ssdm_op_BitSelect.i1.i107.i32, i107 %add_ln297_1, i32 106" [C:\scratch\2023.2\hls_product\689\2023.2\src\shared\hls\clib/hlsmath/include/FloatingPoint\hls_exp_.h:303]   --->   Operation 155 'bitselect' 'tmp_9' <Predicate = true> <Delay = 0.00>
ST_28 : Operation 156 [1/1] (1.67ns)   --->   "%r_exp_1 = add i13 %r_exp, i13 8191" [C:\scratch\2023.2\hls_product\689\2023.2\src\shared\hls\clib/hlsmath/include/FloatingPoint\hls_exp_.h:305]   --->   Operation 156 'add' 'r_exp_1' <Predicate = true> <Delay = 1.67> <CoreInst = "Adder">   --->   Core 1 'Adder' <Latency = 0> <II = 1> <Delay = 1.67> <FuncUnit> <Opcode : 'add' 'sub'> <InPorts = 2> <OutPorts = 1>
ST_28 : Operation 157 [1/1] (0.69ns)   --->   "%r_exp_2 = select i1 %tmp_9, i13 %r_exp, i13 %r_exp_1" [C:\scratch\2023.2\hls_product\689\2023.2\src\shared\hls\clib/hlsmath/include/FloatingPoint\hls_exp_.h:303]   --->   Operation 157 'select' 'r_exp_2' <Predicate = true> <Delay = 0.69> <CoreInst = "Sel">   --->   Core 73 'Sel' <Latency = 0> <II = 1> <Delay = 0.69> <FuncUnit> <Opcode : 'select'> <InPorts = 3> <OutPorts = 1>
ST_28 : Operation 158 [1/1] (0.00ns)   --->   "%tmp_10 = partselect i3 @_ssdm_op_PartSelect.i3.i13.i32.i32, i13 %r_exp_2, i32 10, i32 12" [C:\scratch\2023.2\hls_product\689\2023.2\src\shared\hls\clib/hlsmath/include/FloatingPoint\hls_exp_.h:309]   --->   Operation 158 'partselect' 'tmp_10' <Predicate = true> <Delay = 0.00>
ST_28 : Operation 159 [1/1] (1.65ns)   --->   "%icmp_ln309_1 = icmp_sgt  i3 %tmp_10, i3 0" [C:\scratch\2023.2\hls_product\689\2023.2\src\shared\hls\clib/hlsmath/include/FloatingPoint\hls_exp_.h:309]   --->   Operation 159 'icmp' 'icmp_ln309_1' <Predicate = true> <Delay = 1.65> <CoreInst = "Cmp">   --->   Core 9 'Cmp' <Latency = 0> <II = 1> <Delay = 1.65> <FuncUnit> <Opcode : 'icmp'> <InPorts = 2> <OutPorts = 1>
ST_28 : Operation 160 [1/1] (1.67ns)   --->   "%icmp_ln326 = icmp_slt  i13 %r_exp_2, i13 7170" [C:\scratch\2023.2\hls_product\689\2023.2\src\shared\hls\clib/hlsmath/include/FloatingPoint\hls_exp_.h:326]   --->   Operation 160 'icmp' 'icmp_ln326' <Predicate = true> <Delay = 1.67> <CoreInst = "Cmp">   --->   Core 9 'Cmp' <Latency = 0> <II = 1> <Delay = 1.67> <FuncUnit> <Opcode : 'icmp'> <InPorts = 2> <OutPorts = 1>
ST_28 : Operation 161 [1/1] (0.00ns)   --->   "%trunc_ln336 = trunc i13 %r_exp_2" [C:\scratch\2023.2\hls_product\689\2023.2\src\shared\hls\clib/hlsmath/include/FloatingPoint\hls_exp_.h:336]   --->   Operation 161 'trunc' 'trunc_ln336' <Predicate = (!icmp_ln18)> <Delay = 0.00>

State 29 <SV = 28> <Delay = 5.42>
ST_29 : Operation 162 [1/1] (0.00ns)   --->   "%specpipeline_ln158 = specpipeline void @_ssdm_op_SpecPipeline, i32 4294967295, i32 0, i32 0, i32 0, void @empty_0" [C:\scratch\2023.2\hls_product\689\2023.2\src\shared\hls\clib/hlsmath/include/FloatingPoint\hls_exp_.h:158]   --->   Operation 162 'specpipeline' 'specpipeline_ln158' <Predicate = true> <Delay = 0.00>
ST_29 : Operation 163 [1/1] (0.00ns) (grouped into LUT with out node select_ln185)   --->   "%xor_ln182 = xor i1 %es_sign, i1 1" [C:\scratch\2023.2\hls_product\689\2023.2\src\shared\hls\clib/hlsmath/include/FloatingPoint\hls_exp_.h:182]   --->   Operation 163 'xor' 'xor_ln182' <Predicate = (icmp_ln18)> <Delay = 0.00> <CoreInst = "LogicGate">   --->   Core 74 'LogicGate' <Latency = 0> <II = 1> <Delay = 0.97> <FuncUnit> <Opcode : 'and' 'or' 'xor'> <InPorts = 2> <OutPorts = 1>
ST_29 : Operation 164 [1/1] (0.00ns) (grouped into LUT with out node select_ln185)   --->   "%and_ln182_1 = and i1 %icmp_ln18_1, i1 %xor_ln182" [C:\scratch\2023.2\hls_product\689\2023.2\src\shared\hls\clib/hlsmath/include/FloatingPoint\hls_exp_.h:182]   --->   Operation 164 'and' 'and_ln182_1' <Predicate = (icmp_ln18)> <Delay = 0.00> <CoreInst = "LogicGate">   --->   Core 74 'LogicGate' <Latency = 0> <II = 1> <Delay = 0.97> <FuncUnit> <Opcode : 'and' 'or' 'xor'> <InPorts = 2> <OutPorts = 1>
ST_29 : Operation 165 [1/1] (0.00ns) (grouped into LUT with out node select_ln185)   --->   "%and_ln182 = and i1 %and_ln182_1, i1 %icmp_ln18" [C:\scratch\2023.2\hls_product\689\2023.2\src\shared\hls\clib/hlsmath/include/FloatingPoint\hls_exp_.h:182]   --->   Operation 165 'and' 'and_ln182' <Predicate = (icmp_ln18)> <Delay = 0.00> <CoreInst = "LogicGate">   --->   Core 74 'LogicGate' <Latency = 0> <II = 1> <Delay = 0.97> <FuncUnit> <Opcode : 'and' 'or' 'xor'> <InPorts = 2> <OutPorts = 1>
ST_29 : Operation 166 [1/1] (0.00ns) (grouped into LUT with out node and_ln18)   --->   "%xor_ln18 = xor i1 %icmp_ln18_1, i1 1" [C:\scratch\2023.2\hls_product\689\2023.2\src\shared\hls\clib/hlsmath/include/FloatingPoint/hls_isnan.h:18->C:\scratch\2023.2\hls_product\689\2023.2\src\shared\hls\clib/hlsmath/include/FloatingPoint\hls_exp_.h:180]   --->   Operation 166 'xor' 'xor_ln18' <Predicate = (icmp_ln18)> <Delay = 0.00> <CoreInst = "LogicGate">   --->   Core 74 'LogicGate' <Latency = 0> <II = 1> <Delay = 0.97> <FuncUnit> <Opcode : 'and' 'or' 'xor'> <InPorts = 2> <OutPorts = 1>
ST_29 : Operation 167 [1/1] (0.97ns) (out node of the LUT)   --->   "%and_ln18 = and i1 %icmp_ln18, i1 %xor_ln18" [C:\scratch\2023.2\hls_product\689\2023.2\src\shared\hls\clib/hlsmath/include/FloatingPoint/hls_isnan.h:18->C:\scratch\2023.2\hls_product\689\2023.2\src\shared\hls\clib/hlsmath/include/FloatingPoint\hls_exp_.h:180]   --->   Operation 167 'and' 'and_ln18' <Predicate = (icmp_ln18)> <Delay = 0.97> <CoreInst = "LogicGate">   --->   Core 74 'LogicGate' <Latency = 0> <II = 1> <Delay = 0.97> <FuncUnit> <Opcode : 'and' 'or' 'xor'> <InPorts = 2> <OutPorts = 1>
ST_29 : Operation 168 [1/1] (0.00ns) (grouped into LUT with out node select_ln185)   --->   "%select_ln18 = select i1 %and_ln18, i64 nan, i64 inf" [C:\scratch\2023.2\hls_product\689\2023.2\src\shared\hls\clib/hlsmath/include/FloatingPoint/hls_isnan.h:18->C:\scratch\2023.2\hls_product\689\2023.2\src\shared\hls\clib/hlsmath/include/FloatingPoint\hls_exp_.h:180]   --->   Operation 168 'select' 'select_ln18' <Predicate = (icmp_ln18)> <Delay = 0.00> <CoreInst = "Sel">   --->   Core 73 'Sel' <Latency = 0> <II = 1> <Delay = 1.48> <FuncUnit> <Opcode : 'select'> <InPorts = 3> <OutPorts = 1>
ST_29 : Operation 169 [1/1] (0.00ns) (grouped into LUT with out node select_ln185)   --->   "%or_ln185 = or i1 %and_ln18, i1 %and_ln182" [C:\scratch\2023.2\hls_product\689\2023.2\src\shared\hls\clib/hlsmath/include/FloatingPoint\hls_exp_.h:185]   --->   Operation 169 'or' 'or_ln185' <Predicate = (icmp_ln18)> <Delay = 0.00> <CoreInst = "LogicGate">   --->   Core 74 'LogicGate' <Latency = 0> <II = 1> <Delay = 0.97> <FuncUnit> <Opcode : 'and' 'or' 'xor'> <InPorts = 2> <OutPorts = 1>
ST_29 : Operation 170 [1/1] (1.48ns) (out node of the LUT)   --->   "%select_ln185 = select i1 %or_ln185, i64 %select_ln18, i64 0" [C:\scratch\2023.2\hls_product\689\2023.2\src\shared\hls\clib/hlsmath/include/FloatingPoint\hls_exp_.h:185]   --->   Operation 170 'select' 'select_ln185' <Predicate = (icmp_ln18)> <Delay = 1.48> <CoreInst = "Sel">   --->   Core 73 'Sel' <Latency = 0> <II = 1> <Delay = 1.48> <FuncUnit> <Opcode : 'select'> <InPorts = 3> <OutPorts = 1>
ST_29 : Operation 171 [1/1] (0.97ns)   --->   "%or_ln309 = or i1 %icmp_ln309_2, i1 %icmp_ln309_1" [C:\scratch\2023.2\hls_product\689\2023.2\src\shared\hls\clib/hlsmath/include/FloatingPoint\hls_exp_.h:309]   --->   Operation 171 'or' 'or_ln309' <Predicate = true> <Delay = 0.97> <CoreInst = "LogicGate">   --->   Core 74 'LogicGate' <Latency = 0> <II = 1> <Delay = 0.97> <FuncUnit> <Opcode : 'and' 'or' 'xor'> <InPorts = 2> <OutPorts = 1>
ST_29 : Operation 172 [1/1] (0.00ns) (grouped into LUT with out node select_ln309_1)   --->   "%tmp_11 = bitselect i1 @_ssdm_op_BitSelect.i1.i54.i32, i54 %select_ln224, i32 53" [C:\scratch\2023.2\hls_product\689\2023.2\src\shared\hls\clib/hlsmath/include/FloatingPoint\hls_exp_.h:310]   --->   Operation 172 'bitselect' 'tmp_11' <Predicate = true> <Delay = 0.00>
ST_29 : Operation 173 [1/1] (0.00ns) (grouped into LUT with out node select_ln309_1)   --->   "%select_ln310 = select i1 %tmp_11, i64 0, i64 inf" [C:\scratch\2023.2\hls_product\689\2023.2\src\shared\hls\clib/hlsmath/include/FloatingPoint\hls_exp_.h:310]   --->   Operation 173 'select' 'select_ln310' <Predicate = true> <Delay = 0.00> <CoreInst = "Sel">   --->   Core 73 'Sel' <Latency = 0> <II = 1> <Delay = 1.48> <FuncUnit> <Opcode : 'select'> <InPorts = 3> <OutPorts = 1>
ST_29 : Operation 174 [1/1] (1.63ns)   --->   "%out_exp = add i11 %trunc_ln336, i11 1023" [C:\scratch\2023.2\hls_product\689\2023.2\src\shared\hls\clib/hlsmath/include/FloatingPoint\hls_exp_.h:336]   --->   Operation 174 'add' 'out_exp' <Predicate = (!icmp_ln18)> <Delay = 1.63> <CoreInst = "Adder">   --->   Core 1 'Adder' <Latency = 0> <II = 1> <Delay = 1.63> <FuncUnit> <Opcode : 'add' 'sub'> <InPorts = 2> <OutPorts = 1>
ST_29 : Operation 175 [1/1] (0.00ns) (grouped into LUT with out node select_ln18_1)   --->   "%tmp_4 = partselect i52 @_ssdm_op_PartSelect.i52.i107.i32.i32, i107 %add_ln297_1, i32 54, i32 105" [C:\scratch\2023.2\hls_product\689\2023.2\src\shared\hls\clib/src/hls\utils/x_hls_utils.h:479->C:\scratch\2023.2\hls_product\689\2023.2\src\shared\hls\clib/src/hls\utils/x_hls_utils.h:496->C:\scratch\2023.2\hls_product\689\2023.2\src\shared\hls\clib/src/hls\utils/x_hls_utils.h:510->C:\scratch\2023.2\hls_product\689\2023.2\src\shared\hls\clib/hlsmath/include/FloatingPoint\hls_exp_.h:337]   --->   Operation 175 'partselect' 'tmp_4' <Predicate = (!icmp_ln18 & tmp_9)> <Delay = 0.00>
ST_29 : Operation 176 [1/1] (0.00ns) (grouped into LUT with out node select_ln18_1)   --->   "%tmp_5 = partselect i52 @_ssdm_op_PartSelect.i52.i107.i32.i32, i107 %add_ln297_1, i32 53, i32 104" [C:\scratch\2023.2\hls_product\689\2023.2\src\shared\hls\clib/src/hls\utils/x_hls_utils.h:479->C:\scratch\2023.2\hls_product\689\2023.2\src\shared\hls\clib/src/hls\utils/x_hls_utils.h:496->C:\scratch\2023.2\hls_product\689\2023.2\src\shared\hls\clib/src/hls\utils/x_hls_utils.h:510->C:\scratch\2023.2\hls_product\689\2023.2\src\shared\hls\clib/hlsmath/include/FloatingPoint\hls_exp_.h:337]   --->   Operation 176 'partselect' 'tmp_5' <Predicate = (!icmp_ln18 & !tmp_9)> <Delay = 0.00>
ST_29 : Operation 177 [1/1] (0.00ns) (grouped into LUT with out node select_ln18_1)   --->   "%select_ln303 = select i1 %tmp_9, i52 %tmp_4, i52 %tmp_5" [C:\scratch\2023.2\hls_product\689\2023.2\src\shared\hls\clib/hlsmath/include/FloatingPoint\hls_exp_.h:303]   --->   Operation 177 'select' 'select_ln303' <Predicate = (!icmp_ln18)> <Delay = 0.00> <CoreInst = "Sel">   --->   Core 73 'Sel' <Latency = 0> <II = 1> <Delay = 0.95> <FuncUnit> <Opcode : 'select'> <InPorts = 3> <OutPorts = 1>
ST_29 : Operation 178 [1/1] (0.00ns) (grouped into LUT with out node select_ln18_1)   --->   "%t = bitconcatenate i64 @_ssdm_op_BitConcatenate.i64.i1.i11.i52, i1 0, i11 %out_exp, i52 %select_ln303" [C:\scratch\2023.2\hls_product\689\2023.2\src\shared\hls\clib/src/hls\utils/x_hls_utils.h:479->C:\scratch\2023.2\hls_product\689\2023.2\src\shared\hls\clib/src/hls\utils/x_hls_utils.h:496->C:\scratch\2023.2\hls_product\689\2023.2\src\shared\hls\clib/src/hls\utils/x_hls_utils.h:510->C:\scratch\2023.2\hls_product\689\2023.2\src\shared\hls\clib/hlsmath/include/FloatingPoint\hls_exp_.h:337]   --->   Operation 178 'bitconcatenate' 't' <Predicate = (!icmp_ln18)> <Delay = 0.00>
ST_29 : Operation 179 [1/1] (0.00ns) (grouped into LUT with out node select_ln18_1)   --->   "%bitcast_ln497 = bitcast i64 %t" [C:\scratch\2023.2\hls_product\689\2023.2\src\shared\hls\clib/src/hls\utils/x_hls_utils.h:497->C:\scratch\2023.2\hls_product\689\2023.2\src\shared\hls\clib/src/hls\utils/x_hls_utils.h:510->C:\scratch\2023.2\hls_product\689\2023.2\src\shared\hls\clib/hlsmath/include/FloatingPoint\hls_exp_.h:337]   --->   Operation 179 'bitcast' 'bitcast_ln497' <Predicate = (!icmp_ln18)> <Delay = 0.00>
ST_29 : Operation 180 [1/1] (1.48ns) (out node of the LUT)   --->   "%select_ln18_1 = select i1 %icmp_ln18, i64 %select_ln185, i64 %bitcast_ln497" [C:\scratch\2023.2\hls_product\689\2023.2\src\shared\hls\clib/hlsmath/include/FloatingPoint/hls_isnan.h:18->C:\scratch\2023.2\hls_product\689\2023.2\src\shared\hls\clib/hlsmath/include/FloatingPoint\hls_exp_.h:180]   --->   Operation 180 'select' 'select_ln18_1' <Predicate = true> <Delay = 1.48> <CoreInst = "Sel">   --->   Core 73 'Sel' <Latency = 0> <II = 1> <Delay = 1.48> <FuncUnit> <Opcode : 'select'> <InPorts = 3> <OutPorts = 1>
ST_29 : Operation 181 [1/1] (0.00ns) (grouped into LUT with out node and_ln309_2)   --->   "%and_ln309 = and i1 %icmp_ln309, i1 %or_ln309" [C:\scratch\2023.2\hls_product\689\2023.2\src\shared\hls\clib/hlsmath/include/FloatingPoint\hls_exp_.h:309]   --->   Operation 181 'and' 'and_ln309' <Predicate = true> <Delay = 0.00> <CoreInst = "LogicGate">   --->   Core 74 'LogicGate' <Latency = 0> <II = 1> <Delay = 0.97> <FuncUnit> <Opcode : 'and' 'or' 'xor'> <InPorts = 2> <OutPorts = 1>
ST_29 : Operation 182 [1/1] (0.00ns) (grouped into LUT with out node and_ln309_2)   --->   "%xor_ln309 = xor i1 %icmp_ln309, i1 1" [C:\scratch\2023.2\hls_product\689\2023.2\src\shared\hls\clib/hlsmath/include/FloatingPoint\hls_exp_.h:309]   --->   Operation 182 'xor' 'xor_ln309' <Predicate = true> <Delay = 0.00> <CoreInst = "LogicGate">   --->   Core 74 'LogicGate' <Latency = 0> <II = 1> <Delay = 0.97> <FuncUnit> <Opcode : 'and' 'or' 'xor'> <InPorts = 2> <OutPorts = 1>
ST_29 : Operation 183 [1/1] (0.00ns) (grouped into LUT with out node and_ln309_2)   --->   "%and_ln309_1 = and i1 %icmp_ln309_1, i1 %xor_ln309" [C:\scratch\2023.2\hls_product\689\2023.2\src\shared\hls\clib/hlsmath/include/FloatingPoint\hls_exp_.h:309]   --->   Operation 183 'and' 'and_ln309_1' <Predicate = true> <Delay = 0.00> <CoreInst = "LogicGate">   --->   Core 74 'LogicGate' <Latency = 0> <II = 1> <Delay = 0.97> <FuncUnit> <Opcode : 'and' 'or' 'xor'> <InPorts = 2> <OutPorts = 1>
ST_29 : Operation 184 [1/1] (0.00ns) (grouped into LUT with out node and_ln309_2)   --->   "%or_ln309_1 = or i1 %and_ln309, i1 %and_ln309_1" [C:\scratch\2023.2\hls_product\689\2023.2\src\shared\hls\clib/hlsmath/include/FloatingPoint\hls_exp_.h:309]   --->   Operation 184 'or' 'or_ln309_1' <Predicate = true> <Delay = 0.00> <CoreInst = "LogicGate">   --->   Core 74 'LogicGate' <Latency = 0> <II = 1> <Delay = 0.97> <FuncUnit> <Opcode : 'and' 'or' 'xor'> <InPorts = 2> <OutPorts = 1>
ST_29 : Operation 185 [1/1] (0.97ns)   --->   "%xor_ln18_1 = xor i1 %icmp_ln18, i1 1" [C:\scratch\2023.2\hls_product\689\2023.2\src\shared\hls\clib/hlsmath/include/FloatingPoint/hls_isnan.h:18->C:\scratch\2023.2\hls_product\689\2023.2\src\shared\hls\clib/hlsmath/include/FloatingPoint\hls_exp_.h:180]   --->   Operation 185 'xor' 'xor_ln18_1' <Predicate = true> <Delay = 0.97> <CoreInst = "LogicGate">   --->   Core 74 'LogicGate' <Latency = 0> <II = 1> <Delay = 0.97> <FuncUnit> <Opcode : 'and' 'or' 'xor'> <InPorts = 2> <OutPorts = 1>
ST_29 : Operation 186 [1/1] (0.97ns) (out node of the LUT)   --->   "%and_ln309_2 = and i1 %or_ln309_1, i1 %xor_ln18_1" [C:\scratch\2023.2\hls_product\689\2023.2\src\shared\hls\clib/hlsmath/include/FloatingPoint\hls_exp_.h:309]   --->   Operation 186 'and' 'and_ln309_2' <Predicate = true> <Delay = 0.97> <CoreInst = "LogicGate">   --->   Core 74 'LogicGate' <Latency = 0> <II = 1> <Delay = 0.97> <FuncUnit> <Opcode : 'and' 'or' 'xor'> <InPorts = 2> <OutPorts = 1>
ST_29 : Operation 187 [1/1] (0.00ns) (grouped into LUT with out node select_ln309_1)   --->   "%select_ln309 = select i1 %and_ln309_2, i64 %select_ln310, i64 %select_ln18_1" [C:\scratch\2023.2\hls_product\689\2023.2\src\shared\hls\clib/hlsmath/include/FloatingPoint\hls_exp_.h:309]   --->   Operation 187 'select' 'select_ln309' <Predicate = true> <Delay = 0.00> <CoreInst = "Sel">   --->   Core 73 'Sel' <Latency = 0> <II = 1> <Delay = 1.48> <FuncUnit> <Opcode : 'select'> <InPorts = 3> <OutPorts = 1>
ST_29 : Operation 188 [1/1] (0.00ns) (grouped into LUT with out node and_ln309_5)   --->   "%xor_ln309_1 = xor i1 %or_ln309, i1 1" [C:\scratch\2023.2\hls_product\689\2023.2\src\shared\hls\clib/hlsmath/include/FloatingPoint\hls_exp_.h:309]   --->   Operation 188 'xor' 'xor_ln309_1' <Predicate = true> <Delay = 0.00> <CoreInst = "LogicGate">   --->   Core 74 'LogicGate' <Latency = 0> <II = 1> <Delay = 0.97> <FuncUnit> <Opcode : 'and' 'or' 'xor'> <InPorts = 2> <OutPorts = 1>
ST_29 : Operation 189 [1/1] (0.00ns) (grouped into LUT with out node and_ln309_5)   --->   "%and_ln309_3 = and i1 %icmp_ln309, i1 %xor_ln309_1" [C:\scratch\2023.2\hls_product\689\2023.2\src\shared\hls\clib/hlsmath/include/FloatingPoint\hls_exp_.h:309]   --->   Operation 189 'and' 'and_ln309_3' <Predicate = true> <Delay = 0.00> <CoreInst = "LogicGate">   --->   Core 74 'LogicGate' <Latency = 0> <II = 1> <Delay = 0.97> <FuncUnit> <Opcode : 'and' 'or' 'xor'> <InPorts = 2> <OutPorts = 1>
ST_29 : Operation 190 [1/1] (0.00ns) (grouped into LUT with out node and_ln309_5)   --->   "%or_ln309_2 = or i1 %icmp_ln309, i1 %icmp_ln309_1" [C:\scratch\2023.2\hls_product\689\2023.2\src\shared\hls\clib/hlsmath/include/FloatingPoint\hls_exp_.h:309]   --->   Operation 190 'or' 'or_ln309_2' <Predicate = true> <Delay = 0.00> <CoreInst = "LogicGate">   --->   Core 74 'LogicGate' <Latency = 0> <II = 1> <Delay = 0.97> <FuncUnit> <Opcode : 'and' 'or' 'xor'> <InPorts = 2> <OutPorts = 1>
ST_29 : Operation 191 [1/1] (0.00ns) (grouped into LUT with out node and_ln309_5)   --->   "%xor_ln309_2 = xor i1 %or_ln309_2, i1 1" [C:\scratch\2023.2\hls_product\689\2023.2\src\shared\hls\clib/hlsmath/include/FloatingPoint\hls_exp_.h:309]   --->   Operation 191 'xor' 'xor_ln309_2' <Predicate = true> <Delay = 0.00> <CoreInst = "LogicGate">   --->   Core 74 'LogicGate' <Latency = 0> <II = 1> <Delay = 0.97> <FuncUnit> <Opcode : 'and' 'or' 'xor'> <InPorts = 2> <OutPorts = 1>
ST_29 : Operation 192 [1/1] (0.00ns) (grouped into LUT with out node and_ln309_5)   --->   "%or_ln309_3 = or i1 %and_ln309_3, i1 %xor_ln309_2" [C:\scratch\2023.2\hls_product\689\2023.2\src\shared\hls\clib/hlsmath/include/FloatingPoint\hls_exp_.h:309]   --->   Operation 192 'or' 'or_ln309_3' <Predicate = true> <Delay = 0.00> <CoreInst = "LogicGate">   --->   Core 74 'LogicGate' <Latency = 0> <II = 1> <Delay = 0.97> <FuncUnit> <Opcode : 'and' 'or' 'xor'> <InPorts = 2> <OutPorts = 1>
ST_29 : Operation 193 [1/1] (0.00ns) (grouped into LUT with out node and_ln309_5)   --->   "%and_ln309_4 = and i1 %or_ln309_3, i1 %xor_ln18_1" [C:\scratch\2023.2\hls_product\689\2023.2\src\shared\hls\clib/hlsmath/include/FloatingPoint\hls_exp_.h:309]   --->   Operation 193 'and' 'and_ln309_4' <Predicate = true> <Delay = 0.00> <CoreInst = "LogicGate">   --->   Core 74 'LogicGate' <Latency = 0> <II = 1> <Delay = 0.97> <FuncUnit> <Opcode : 'and' 'or' 'xor'> <InPorts = 2> <OutPorts = 1>
ST_29 : Operation 194 [1/1] (0.97ns) (out node of the LUT)   --->   "%and_ln309_5 = and i1 %and_ln309_4, i1 %icmp_ln326" [C:\scratch\2023.2\hls_product\689\2023.2\src\shared\hls\clib/hlsmath/include/FloatingPoint\hls_exp_.h:309]   --->   Operation 194 'and' 'and_ln309_5' <Predicate = true> <Delay = 0.97> <CoreInst = "LogicGate">   --->   Core 74 'LogicGate' <Latency = 0> <II = 1> <Delay = 0.97> <FuncUnit> <Opcode : 'and' 'or' 'xor'> <InPorts = 2> <OutPorts = 1>
ST_29 : Operation 195 [1/1] (1.48ns) (out node of the LUT)   --->   "%select_ln309_1 = select i1 %and_ln309_5, i64 0, i64 %select_ln309" [C:\scratch\2023.2\hls_product\689\2023.2\src\shared\hls\clib/hlsmath/include/FloatingPoint\hls_exp_.h:309]   --->   Operation 195 'select' 'select_ln309_1' <Predicate = true> <Delay = 1.48> <CoreInst = "Sel">   --->   Core 73 'Sel' <Latency = 0> <II = 1> <Delay = 1.48> <FuncUnit> <Opcode : 'select'> <InPorts = 3> <OutPorts = 1>
ST_29 : Operation 196 [1/1] (0.00ns)   --->   "%ret_ln339 = ret i64 %select_ln309_1" [C:\scratch\2023.2\hls_product\689\2023.2\src\shared\hls\clib/hlsmath/include/FloatingPoint\hls_exp_.h:339]   --->   Operation 196 'ret' 'ret_ln339' <Predicate = true> <Delay = 0.00>


============================================================
+ Verbose Summary: Timing violations
============================================================
Target clock period: 10.000ns, clock uncertainty: 2.700ns.

 <State 1>: 4.185ns
The critical path consists of the following:
	wire read operation ('x', C:\scratch\2023.2\hls_product\689\2023.2\src\shared\hls\clib/hlsmath/include/FloatingPoint\hls_exp_.h:156) on port 'x' (C:\scratch\2023.2\hls_product\689\2023.2\src\shared\hls\clib/hlsmath/include/FloatingPoint\hls_exp_.h:156) [6]  (0.000 ns)
	'sub' operation 54 bit ('e_frac', C:\scratch\2023.2\hls_product\689\2023.2\src\shared\hls\clib/hlsmath/include/FloatingPoint\hls_exp_.h:224) [25]  (3.236 ns)
	'select' operation 54 bit ('select_ln224', C:\scratch\2023.2\hls_product\689\2023.2\src\shared\hls\clib/hlsmath/include/FloatingPoint\hls_exp_.h:224) [26]  (0.948 ns)

 <State 2>: 6.940ns
The critical path consists of the following:
	'ashr' operation 71 bit ('ashr_ln229', C:\scratch\2023.2\hls_product\689\2023.2\src\shared\hls\clib/hlsmath/include/FloatingPoint\hls_exp_.h:229) [35]  (4.600 ns)
	'select' operation 71 bit ('m_fix', C:\scratch\2023.2\hls_product\689\2023.2\src\shared\hls\clib/hlsmath/include/FloatingPoint\hls_exp_.h:229) [37]  (1.290 ns)
	'mul' operation 31 bit of DSP[48] ('mul_ln243', C:\scratch\2023.2\hls_product\689\2023.2\src\shared\hls\clib/hlsmath/include/FloatingPoint\hls_exp_.h:243) [45]  (1.050 ns)

 <State 3>: 4.595ns
The critical path consists of the following:
	'shl' operation 64 bit ('shl_ln230', C:\scratch\2023.2\hls_product\689\2023.2\src\shared\hls\clib/hlsmath/include/FloatingPoint\hls_exp_.h:230) [40]  (4.595 ns)

 <State 4>: 3.721ns
The critical path consists of the following:
	'select' operation 64 bit ('select_ln230', C:\scratch\2023.2\hls_product\689\2023.2\src\shared\hls\clib/hlsmath/include/FloatingPoint\hls_exp_.h:230) [120]  (0.000 ns)
	'icmp' operation 1 bit ('icmp_ln309_2', C:\scratch\2023.2\hls_product\689\2023.2\src\shared\hls\clib/hlsmath/include/FloatingPoint\hls_exp_.h:309) [122]  (3.721 ns)

 <State 5>: 4.936ns
The critical path consists of the following:
	'add' operation 31 bit of DSP[48] ('add_ln243', C:\scratch\2023.2\hls_product\689\2023.2\src\shared\hls\clib/hlsmath/include/FloatingPoint\hls_exp_.h:243) [48]  (2.100 ns)
	'icmp' operation 1 bit ('icmp_ln243', C:\scratch\2023.2\hls_product\689\2023.2\src\shared\hls\clib/hlsmath/include/FloatingPoint\hls_exp_.h:243) [52]  (2.136 ns)
	'select' operation 13 bit ('select_ln243', C:\scratch\2023.2\hls_product\689\2023.2\src\shared\hls\clib/hlsmath/include/FloatingPoint\hls_exp_.h:243) [54]  (0.000 ns)
	'select' operation 13 bit ('r_exp', C:\scratch\2023.2\hls_product\689\2023.2\src\shared\hls\clib/hlsmath/include/FloatingPoint\hls_exp_.h:243) [55]  (0.700 ns)

 <State 6>: 6.978ns
The critical path consists of the following:
	'mul' operation 71 bit ('mul_ln249', C:\scratch\2023.2\hls_product\689\2023.2\src\shared\hls\clib/hlsmath/include/FloatingPoint\hls_exp_.h:249) [57]  (6.978 ns)

 <State 7>: 6.978ns
The critical path consists of the following:
	'mul' operation 71 bit ('mul_ln249', C:\scratch\2023.2\hls_product\689\2023.2\src\shared\hls\clib/hlsmath/include/FloatingPoint\hls_exp_.h:249) [57]  (6.978 ns)

 <State 8>: 6.978ns
The critical path consists of the following:
	'mul' operation 71 bit ('mul_ln249', C:\scratch\2023.2\hls_product\689\2023.2\src\shared\hls\clib/hlsmath/include/FloatingPoint\hls_exp_.h:249) [57]  (6.978 ns)

 <State 9>: 6.978ns
The critical path consists of the following:
	'mul' operation 71 bit ('mul_ln249', C:\scratch\2023.2\hls_product\689\2023.2\src\shared\hls\clib/hlsmath/include/FloatingPoint\hls_exp_.h:249) [57]  (6.978 ns)

 <State 10>: 6.978ns
The critical path consists of the following:
	'mul' operation 71 bit ('mul_ln249', C:\scratch\2023.2\hls_product\689\2023.2\src\shared\hls\clib/hlsmath/include/FloatingPoint\hls_exp_.h:249) [57]  (6.978 ns)

 <State 11>: 6.645ns
The critical path consists of the following:
	'sub' operation 59 bit ('m_diff', C:\scratch\2023.2\hls_product\689\2023.2\src\shared\hls\clib/hlsmath/include/FloatingPoint\hls_exp_.h:255) [61]  (3.391 ns)
	'getelementptr' operation 8 bit ('table_f_Z3_ap_ufixed_59_0_ap_q_mode_5_ap_o_mode_3_0_array_addr', C:\scratch\2023.2\hls_product\689\2023.2\src\shared\hls\clib/hlsmath/include/FloatingPoint\hls_exp_.h:114->C:\scratch\2023.2\hls_product\689\2023.2\src\shared\hls\clib/hlsmath/include/FloatingPoint\hls_exp_.h:293) [71]  (0.000 ns)
	'load' operation 26 bit ('table_f_Z3_ap_ufixed_59_0_ap_q_mode_5_ap_o_mode_3_0_array_load', C:\scratch\2023.2\hls_product\689\2023.2\src\shared\hls\clib/hlsmath/include/FloatingPoint\hls_exp_.h:114->C:\scratch\2023.2\hls_product\689\2023.2\src\shared\hls\clib/hlsmath/include/FloatingPoint\hls_exp_.h:293) on array 'table_f_Z3_ap_ufixed_59_0_ap_q_mode_5_ap_o_mode_3_0_array' [72]  (3.254 ns)

 <State 12>: 5.928ns
The critical path consists of the following:
	'load' operation 26 bit ('table_f_Z3_ap_ufixed_59_0_ap_q_mode_5_ap_o_mode_3_0_array_load', C:\scratch\2023.2\hls_product\689\2023.2\src\shared\hls\clib/hlsmath/include/FloatingPoint\hls_exp_.h:114->C:\scratch\2023.2\hls_product\689\2023.2\src\shared\hls\clib/hlsmath/include/FloatingPoint\hls_exp_.h:293) on array 'table_f_Z3_ap_ufixed_59_0_ap_q_mode_5_ap_o_mode_3_0_array' [72]  (3.254 ns)
	'add' operation 36 bit ('exp_Z4_m_1', C:\scratch\2023.2\hls_product\689\2023.2\src\shared\hls\clib/hlsmath/include/FloatingPoint\hls_exp_.h:115->C:\scratch\2023.2\hls_product\689\2023.2\src\shared\hls\clib/hlsmath/include/FloatingPoint\hls_exp_.h:293) [76]  (2.674 ns)

 <State 13>: 7.080ns
The critical path consists of the following:
	'mul' operation 79 bit ('mul_ln123', C:\scratch\2023.2\hls_product\689\2023.2\src\shared\hls\clib/hlsmath/include/FloatingPoint\hls_exp_.h:123->C:\scratch\2023.2\hls_product\689\2023.2\src\shared\hls\clib/hlsmath/include/FloatingPoint\hls_exp_.h:293) [84]  (7.080 ns)

 <State 14>: 7.080ns
The critical path consists of the following:
	'mul' operation 79 bit ('mul_ln123', C:\scratch\2023.2\hls_product\689\2023.2\src\shared\hls\clib/hlsmath/include/FloatingPoint\hls_exp_.h:123->C:\scratch\2023.2\hls_product\689\2023.2\src\shared\hls\clib/hlsmath/include/FloatingPoint\hls_exp_.h:293) [84]  (7.080 ns)

 <State 15>: 7.080ns
The critical path consists of the following:
	'mul' operation 79 bit ('mul_ln123', C:\scratch\2023.2\hls_product\689\2023.2\src\shared\hls\clib/hlsmath/include/FloatingPoint\hls_exp_.h:123->C:\scratch\2023.2\hls_product\689\2023.2\src\shared\hls\clib/hlsmath/include/FloatingPoint\hls_exp_.h:293) [84]  (7.080 ns)

 <State 16>: 5.677ns
The critical path consists of the following:
	'add' operation 36 bit ('add_ln130', C:\scratch\2023.2\hls_product\689\2023.2\src\shared\hls\clib/hlsmath/include/FloatingPoint\hls_exp_.h:130->C:\scratch\2023.2\hls_product\689\2023.2\src\shared\hls\clib/hlsmath/include/FloatingPoint\hls_exp_.h:293) [87]  (2.715 ns)
	'add' operation 44 bit ('exp_Z2P_m_1', C:\scratch\2023.2\hls_product\689\2023.2\src\shared\hls\clib/hlsmath/include/FloatingPoint\hls_exp_.h:130->C:\scratch\2023.2\hls_product\689\2023.2\src\shared\hls\clib/hlsmath/include/FloatingPoint\hls_exp_.h:293) [89]  (2.962 ns)

 <State 17>: 5.663ns
The critical path consists of the following:
	'mul' operation 93 bit ('mul_ln142', C:\scratch\2023.2\hls_product\689\2023.2\src\shared\hls\clib/hlsmath/include/FloatingPoint\hls_exp_.h:142->C:\scratch\2023.2\hls_product\689\2023.2\src\shared\hls\clib/hlsmath/include/FloatingPoint\hls_exp_.h:293) [97]  (5.663 ns)

 <State 18>: 5.663ns
The critical path consists of the following:
	'mul' operation 93 bit ('mul_ln142', C:\scratch\2023.2\hls_product\689\2023.2\src\shared\hls\clib/hlsmath/include/FloatingPoint\hls_exp_.h:142->C:\scratch\2023.2\hls_product\689\2023.2\src\shared\hls\clib/hlsmath/include/FloatingPoint\hls_exp_.h:293) [97]  (5.663 ns)

 <State 19>: 5.663ns
The critical path consists of the following:
	'mul' operation 93 bit ('mul_ln142', C:\scratch\2023.2\hls_product\689\2023.2\src\shared\hls\clib/hlsmath/include/FloatingPoint\hls_exp_.h:142->C:\scratch\2023.2\hls_product\689\2023.2\src\shared\hls\clib/hlsmath/include/FloatingPoint\hls_exp_.h:293) [97]  (5.663 ns)

 <State 20>: 5.663ns
The critical path consists of the following:
	'mul' operation 93 bit ('mul_ln142', C:\scratch\2023.2\hls_product\689\2023.2\src\shared\hls\clib/hlsmath/include/FloatingPoint\hls_exp_.h:142->C:\scratch\2023.2\hls_product\689\2023.2\src\shared\hls\clib/hlsmath/include/FloatingPoint\hls_exp_.h:293) [97]  (5.663 ns)

 <State 21>: 5.663ns
The critical path consists of the following:
	'mul' operation 93 bit ('mul_ln142', C:\scratch\2023.2\hls_product\689\2023.2\src\shared\hls\clib/hlsmath/include/FloatingPoint\hls_exp_.h:142->C:\scratch\2023.2\hls_product\689\2023.2\src\shared\hls\clib/hlsmath/include/FloatingPoint\hls_exp_.h:293) [97]  (5.663 ns)

 <State 22>: 6.175ns
The critical path consists of the following:
	'add' operation 44 bit ('add_ln145', C:\scratch\2023.2\hls_product\689\2023.2\src\shared\hls\clib/hlsmath/include/FloatingPoint\hls_exp_.h:145->C:\scratch\2023.2\hls_product\689\2023.2\src\shared\hls\clib/hlsmath/include/FloatingPoint\hls_exp_.h:293) [102]  (2.990 ns)
	'add' operation 52 bit ('exp_Z1P_m_1_l', C:\scratch\2023.2\hls_product\689\2023.2\src\shared\hls\clib/hlsmath/include/FloatingPoint\hls_exp_.h:145->C:\scratch\2023.2\hls_product\689\2023.2\src\shared\hls\clib/hlsmath/include/FloatingPoint\hls_exp_.h:293) [104]  (3.185 ns)

 <State 23>: 5.663ns
The critical path consists of the following:
	'mul' operation 100 bit ('mul_ln297', C:\scratch\2023.2\hls_product\689\2023.2\src\shared\hls\clib/hlsmath/include/FloatingPoint\hls_exp_.h:297) [110]  (5.663 ns)

 <State 24>: 5.663ns
The critical path consists of the following:
	'mul' operation 100 bit ('mul_ln297', C:\scratch\2023.2\hls_product\689\2023.2\src\shared\hls\clib/hlsmath/include/FloatingPoint\hls_exp_.h:297) [110]  (5.663 ns)

 <State 25>: 5.663ns
The critical path consists of the following:
	'mul' operation 100 bit ('mul_ln297', C:\scratch\2023.2\hls_product\689\2023.2\src\shared\hls\clib/hlsmath/include/FloatingPoint\hls_exp_.h:297) [110]  (5.663 ns)

 <State 26>: 5.663ns
The critical path consists of the following:
	'mul' operation 100 bit ('mul_ln297', C:\scratch\2023.2\hls_product\689\2023.2\src\shared\hls\clib/hlsmath/include/FloatingPoint\hls_exp_.h:297) [110]  (5.663 ns)

 <State 27>: 5.663ns
The critical path consists of the following:
	'mul' operation 100 bit ('mul_ln297', C:\scratch\2023.2\hls_product\689\2023.2\src\shared\hls\clib/hlsmath/include/FloatingPoint\hls_exp_.h:297) [110]  (5.663 ns)

 <State 28>: 7.130ns
The critical path consists of the following:
	'add' operation 107 bit ('add_ln297_1', C:\scratch\2023.2\hls_product\689\2023.2\src\shared\hls\clib/hlsmath/include/FloatingPoint\hls_exp_.h:297) [113]  (4.751 ns)
	'select' operation 13 bit ('r_exp', C:\scratch\2023.2\hls_product\689\2023.2\src\shared\hls\clib/hlsmath/include/FloatingPoint\hls_exp_.h:303) [116]  (0.700 ns)
	'icmp' operation 1 bit ('icmp_ln326', C:\scratch\2023.2\hls_product\689\2023.2\src\shared\hls\clib/hlsmath/include/FloatingPoint\hls_exp_.h:326) [126]  (1.679 ns)

 <State 29>: 5.421ns
The critical path consists of the following:
	'xor' operation 1 bit ('xor_ln18', C:\scratch\2023.2\hls_product\689\2023.2\src\shared\hls\clib/hlsmath/include/FloatingPoint/hls_isnan.h:18->C:\scratch\2023.2\hls_product\689\2023.2\src\shared\hls\clib/hlsmath/include/FloatingPoint\hls_exp_.h:180) [16]  (0.000 ns)
	'and' operation 1 bit ('and_ln18', C:\scratch\2023.2\hls_product\689\2023.2\src\shared\hls\clib/hlsmath/include/FloatingPoint/hls_isnan.h:18->C:\scratch\2023.2\hls_product\689\2023.2\src\shared\hls\clib/hlsmath/include/FloatingPoint\hls_exp_.h:180) [17]  (0.978 ns)
	'select' operation 64 bit ('select_ln18', C:\scratch\2023.2\hls_product\689\2023.2\src\shared\hls\clib/hlsmath/include/FloatingPoint/hls_isnan.h:18->C:\scratch\2023.2\hls_product\689\2023.2\src\shared\hls\clib/hlsmath/include/FloatingPoint\hls_exp_.h:180) [18]  (0.000 ns)
	'select' operation 64 bit ('select_ln185', C:\scratch\2023.2\hls_product\689\2023.2\src\shared\hls\clib/hlsmath/include/FloatingPoint\hls_exp_.h:185) [20]  (1.481 ns)
	'select' operation 64 bit ('select_ln18_1', C:\scratch\2023.2\hls_product\689\2023.2\src\shared\hls\clib/hlsmath/include/FloatingPoint/hls_isnan.h:18->C:\scratch\2023.2\hls_product\689\2023.2\src\shared\hls\clib/hlsmath/include/FloatingPoint\hls_exp_.h:180) [134]  (1.481 ns)
	'select' operation 64 bit ('select_ln309', C:\scratch\2023.2\hls_product\689\2023.2\src\shared\hls\clib/hlsmath/include/FloatingPoint\hls_exp_.h:309) [141]  (0.000 ns)
	'select' operation 64 bit ('select_ln309_1', C:\scratch\2023.2\hls_product\689\2023.2\src\shared\hls\clib/hlsmath/include/FloatingPoint\hls_exp_.h:309) [149]  (1.481 ns)


============================================================
+ Verbose Summary: Binding
============================================================
N/A
* FSMD analyzer results:
  - Output states:
 - Input state : 
  - Chain level:
	State 1
	State 2
	State 3
	State 4
	State 5
	State 6
	State 7
	State 8
	State 9
	State 10
	State 11
	State 12
	State 13
	State 14
	State 15
	State 16
	State 17
	State 18
	State 19
	State 20
	State 21
	State 22
	State 23
	State 24
	State 25
	State 26
	State 27
	State 28
	State 29


============================================================
+ Verbose Summary: Datapath Resource usage 
============================================================
N/A
