

================================================================
== Vitis HLS Report for 'generic_tanh_double_s'
================================================================
* Date:           Mon Dec 30 16:17:39 2024

* Version:        2023.2 (Build 4023990 on Oct 11 2023)
* Project:        CNN_lenet5
* Solution:       solution1 (Vivado IP Flow Target)
* Product family: zynq
* Target device:  xc7z010i-clg225-1L


================================================================
== Performance Estimates
================================================================
+ Timing: 
    * Summary: 
    +--------+----------+-----------+------------+
    |  Clock |  Target  | Estimated | Uncertainty|
    +--------+----------+-----------+------------+
    |ap_clk  |  50.00 ns|  35.160 ns|    13.50 ns|
    +--------+----------+-----------+------------+

+ Latency: 
    * Summary: 
    +---------+---------+----------+----------+-----+-----+---------+
    |  Latency (cycles) |  Latency (absolute) |  Interval | Pipeline|
    |   min   |   max   |    min   |    max   | min | max |   Type  |
    +---------+---------+----------+----------+-----+-----+---------+
    |       23|       23|  1.150 us|  1.150 us|    1|    1|      yes|
    +---------+---------+----------+----------+-----+-----+---------+

    + Detail: 
        * Instance: 
        N/A

        * Loop: 
        N/A

============================================================
+ Verbose Summary: Synthesis Manager
============================================================
InlineROM: 1
ExposeGlobal: 0
============================================================
+ Verbose Summary: CDFG Model
============================================================
IsTopModel: 0
ResetActiveHigh: 1
IsCombinational: 0
IsDatapathOnly: 0
HasWiredReturn: 1
HasMFsm: 2
HasVarLatency: 0
IsPipeline: 1
IsRtlPipelined: 1
IsInstanceOverlapped: 0
IsDontTouch: 0
HasImplIP: 0
IsGatedGlobalClock: 0

+ Individual pipeline summary: 
  * Pipeline-0: initiation interval (II) = 1, depth = 24


============================================================
+ Verbose Summary: Schedule
============================================================
* Number of FSM states : 24
* Pipeline : 1
  Pipeline-0 : II = 1, D = 24, States = { 1 2 3 4 5 6 7 8 9 10 11 12 13 14 15 16 17 18 19 20 21 22 23 24 }
* Dataflow Pipeline: 0

* FSM state transitions: 
1 --> 2 
2 --> 3 
3 --> 4 
4 --> 5 
5 --> 6 
6 --> 7 
7 --> 8 
8 --> 9 
9 --> 10 
10 --> 11 
11 --> 12 
12 --> 13 
13 --> 14 
14 --> 15 
15 --> 16 
16 --> 17 
17 --> 18 
18 --> 19 
19 --> 20 
20 --> 21 
21 --> 22 
22 --> 23 
23 --> 24 
24 --> 

* FSM state operations: 

State 1 <SV = 0> <Delay = 31.0>
ST_1 : Operation 25 [1/1] (0.00ns)   --->   "%t_in_read = read i64 @_ssdm_op_Read.ap_auto.double, i64 %t_in" [C:\scratch\2023.2\hls_product\689\2023.2\src\shared\hls\clib/hlsmath/include/FloatingPoint\hls_tanh.h:28]   --->   Operation 25 'read' 't_in_read' <Predicate = true> <Delay = 0.00>
ST_1 : Operation 26 [1/1] (0.00ns)   --->   "%data = bitcast i64 %t_in_read" [C:\scratch\2023.2\hls_product\689\2023.2\src\shared\hls\clib/src/hls\utils/x_hls_utils.h:459->C:\scratch\2023.2\hls_product\689\2023.2\src\shared\hls\clib/hlsmath/include/FloatingPoint\hls_tanh.h:32]   --->   Operation 26 'bitcast' 'data' <Predicate = true> <Delay = 0.00>
ST_1 : Operation 27 [1/1] (0.00ns)   --->   "%din_sign = bitselect i1 @_ssdm_op_BitSelect.i1.i64.i32, i64 %data, i32 63" [C:\scratch\2023.2\hls_product\689\2023.2\src\shared\hls\clib/src/hls\utils/x_hls_utils.h:460->C:\scratch\2023.2\hls_product\689\2023.2\src\shared\hls\clib/hlsmath/include/FloatingPoint\hls_tanh.h:32]   --->   Operation 27 'bitselect' 'din_sign' <Predicate = true> <Delay = 0.00>
ST_1 : Operation 28 [1/1] (0.00ns)   --->   "%din_exp = partselect i11 @_ssdm_op_PartSelect.i11.i64.i32.i32, i64 %data, i32 52, i32 62" [C:\scratch\2023.2\hls_product\689\2023.2\src\shared\hls\clib/src/hls\utils/x_hls_utils.h:461->C:\scratch\2023.2\hls_product\689\2023.2\src\shared\hls\clib/hlsmath/include/FloatingPoint\hls_tanh.h:32]   --->   Operation 28 'partselect' 'din_exp' <Predicate = true> <Delay = 0.00>
ST_1 : Operation 29 [1/1] (0.00ns)   --->   "%din_sig = trunc i64 %data" [C:\scratch\2023.2\hls_product\689\2023.2\src\shared\hls\clib/src/hls\utils/x_hls_utils.h:462->C:\scratch\2023.2\hls_product\689\2023.2\src\shared\hls\clib/hlsmath/include/FloatingPoint\hls_tanh.h:32]   --->   Operation 29 'trunc' 'din_sig' <Predicate = true> <Delay = 0.00>
ST_1 : Operation 30 [1/1] (0.00ns)   --->   "%trunc_ln479 = trunc i64 %data" [C:\scratch\2023.2\hls_product\689\2023.2\src\shared\hls\clib/src/hls\utils/x_hls_utils.h:479->C:\scratch\2023.2\hls_product\689\2023.2\src\shared\hls\clib/src/hls\utils/x_hls_utils.h:496->C:\scratch\2023.2\hls_product\689\2023.2\src\shared\hls\clib/src/hls\utils/x_hls_utils.h:510->C:\scratch\2023.2\hls_product\689\2023.2\src\shared\hls\clib/hlsmath/include/FloatingPoint/hls_copysign.h:14->C:\scratch\2023.2\hls_product\689\2023.2\src\shared\hls\clib/hlsmath/include/FloatingPoint/hls_fabs.h:13->C:\scratch\2023.2\hls_product\689\2023.2\src\shared\hls\clib/hlsmath/include/FloatingPoint\hls_tanh.h:33]   --->   Operation 30 'trunc' 'trunc_ln479' <Predicate = true> <Delay = 0.00>
ST_1 : Operation 31 [1/1] (0.00ns)   --->   "%t = bitconcatenate i64 @_ssdm_op_BitConcatenate.i64.i1.i63, i1 0, i63 %trunc_ln479" [C:\scratch\2023.2\hls_product\689\2023.2\src\shared\hls\clib/src/hls\utils/x_hls_utils.h:479->C:\scratch\2023.2\hls_product\689\2023.2\src\shared\hls\clib/src/hls\utils/x_hls_utils.h:496->C:\scratch\2023.2\hls_product\689\2023.2\src\shared\hls\clib/src/hls\utils/x_hls_utils.h:510->C:\scratch\2023.2\hls_product\689\2023.2\src\shared\hls\clib/hlsmath/include/FloatingPoint/hls_copysign.h:14->C:\scratch\2023.2\hls_product\689\2023.2\src\shared\hls\clib/hlsmath/include/FloatingPoint/hls_fabs.h:13->C:\scratch\2023.2\hls_product\689\2023.2\src\shared\hls\clib/hlsmath/include/FloatingPoint\hls_tanh.h:33]   --->   Operation 31 'bitconcatenate' 't' <Predicate = true> <Delay = 0.00>
ST_1 : Operation 32 [1/1] (0.00ns)   --->   "%abst_in = bitcast i64 %t" [C:\scratch\2023.2\hls_product\689\2023.2\src\shared\hls\clib/src/hls\utils/x_hls_utils.h:497->C:\scratch\2023.2\hls_product\689\2023.2\src\shared\hls\clib/src/hls\utils/x_hls_utils.h:510->C:\scratch\2023.2\hls_product\689\2023.2\src\shared\hls\clib/hlsmath/include/FloatingPoint/hls_copysign.h:14->C:\scratch\2023.2\hls_product\689\2023.2\src\shared\hls\clib/hlsmath/include/FloatingPoint/hls_fabs.h:13->C:\scratch\2023.2\hls_product\689\2023.2\src\shared\hls\clib/hlsmath/include/FloatingPoint\hls_tanh.h:33]   --->   Operation 32 'bitcast' 'abst_in' <Predicate = true> <Delay = 0.00>
ST_1 : Operation 33 [1/1] (1.63ns)   --->   "%icmp_ln36 = icmp_eq  i11 %din_exp, i11 2047" [C:\scratch\2023.2\hls_product\689\2023.2\src\shared\hls\clib/hlsmath/include/FloatingPoint\hls_tanh.h:36]   --->   Operation 33 'icmp' 'icmp_ln36' <Predicate = true> <Delay = 1.63> <CoreInst = "Cmp">   --->   Core 9 'Cmp' <Latency = 0> <II = 1> <Delay = 1.63> <FuncUnit> <Opcode : 'icmp'> <InPorts = 2> <OutPorts = 1>
ST_1 : Operation 34 [1/1] (0.00ns)   --->   "%br_ln36 = br i1 %icmp_ln36, void %if.else5, void %if.then" [C:\scratch\2023.2\hls_product\689\2023.2\src\shared\hls\clib/hlsmath/include/FloatingPoint\hls_tanh.h:36]   --->   Operation 34 'br' 'br_ln36' <Predicate = true> <Delay = 0.00>
ST_1 : Operation 35 [1/1] (1.63ns)   --->   "%icmp_ln45 = icmp_ult  i11 %din_exp, i11 968" [C:\scratch\2023.2\hls_product\689\2023.2\src\shared\hls\clib/hlsmath/include/FloatingPoint\hls_tanh.h:45]   --->   Operation 35 'icmp' 'icmp_ln45' <Predicate = (!icmp_ln36)> <Delay = 1.63> <CoreInst = "Cmp">   --->   Core 9 'Cmp' <Latency = 0> <II = 1> <Delay = 1.63> <FuncUnit> <Opcode : 'icmp'> <InPorts = 2> <OutPorts = 1>
ST_1 : Operation 36 [1/1] (0.00ns)   --->   "%br_ln45 = br i1 %icmp_ln45, void %lor.lhs.false, void %if.then12" [C:\scratch\2023.2\hls_product\689\2023.2\src\shared\hls\clib/hlsmath/include/FloatingPoint\hls_tanh.h:45]   --->   Operation 36 'br' 'br_ln45' <Predicate = (!icmp_ln36)> <Delay = 0.00>
ST_1 : Operation 37 [1/1] (1.63ns)   --->   "%icmp_ln46 = icmp_eq  i11 %din_exp, i11 968" [C:\scratch\2023.2\hls_product\689\2023.2\src\shared\hls\clib/hlsmath/include/FloatingPoint\hls_tanh.h:46]   --->   Operation 37 'icmp' 'icmp_ln46' <Predicate = (!icmp_ln36 & !icmp_ln45)> <Delay = 1.63> <CoreInst = "Cmp">   --->   Core 9 'Cmp' <Latency = 0> <II = 1> <Delay = 1.63> <FuncUnit> <Opcode : 'icmp'> <InPorts = 2> <OutPorts = 1>
ST_1 : Operation 38 [1/1] (3.21ns)   --->   "%icmp_ln46_1 = icmp_eq  i52 %din_sig, i52 0" [C:\scratch\2023.2\hls_product\689\2023.2\src\shared\hls\clib/hlsmath/include/FloatingPoint\hls_tanh.h:46]   --->   Operation 38 'icmp' 'icmp_ln46_1' <Predicate = (!icmp_ln36 & !icmp_ln45)> <Delay = 3.21> <CoreInst = "Cmp">   --->   Core 9 'Cmp' <Latency = 0> <II = 1> <Delay = 3.21> <FuncUnit> <Opcode : 'icmp'> <InPorts = 2> <OutPorts = 1>
ST_1 : Operation 39 [1/1] (0.97ns)   --->   "%and_ln46 = and i1 %icmp_ln46, i1 %icmp_ln46_1" [C:\scratch\2023.2\hls_product\689\2023.2\src\shared\hls\clib/hlsmath/include/FloatingPoint\hls_tanh.h:46]   --->   Operation 39 'and' 'and_ln46' <Predicate = (!icmp_ln36 & !icmp_ln45)> <Delay = 0.97> <CoreInst = "LogicGate">   --->   Core 74 'LogicGate' <Latency = 0> <II = 1> <Delay = 0.97> <FuncUnit> <Opcode : 'and' 'or' 'xor'> <InPorts = 2> <OutPorts = 1>
ST_1 : Operation 40 [1/1] (0.00ns)   --->   "%br_ln46 = br i1 %and_ln46, void %if.else13, void %if.then12" [C:\scratch\2023.2\hls_product\689\2023.2\src\shared\hls\clib/hlsmath/include/FloatingPoint\hls_tanh.h:46]   --->   Operation 40 'br' 'br_ln46' <Predicate = (!icmp_ln36 & !icmp_ln45)> <Delay = 0.00>
ST_1 : Operation 41 [1/1] (22.7ns)   --->   "%tmp_2 = fcmp_olt  i64 %abst_in, i64 22" [C:\scratch\2023.2\hls_product\689\2023.2\src\shared\hls\clib/hlsmath/include/FloatingPoint\hls_tanh.h:51]   --->   Operation 41 'dcmp' 'tmp_2' <Predicate = (!icmp_ln36 & !icmp_ln45 & !and_ln46)> <Delay = 22.7> <CoreInst = "DCompare">   --->   Core 38 'DCompare' <Latency = 0> <II = 1> <Delay = 22.7> <FuncUnit> <Opcode : 'dcmp'> <InPorts = 2> <OutPorts = 1>
ST_1 : Operation 42 [1/1] (1.94ns)   --->   "%br_ln51 = br i1 %tmp_2, void %if.end38, void %if.then14" [C:\scratch\2023.2\hls_product\689\2023.2\src\shared\hls\clib/hlsmath/include/FloatingPoint\hls_tanh.h:51]   --->   Operation 42 'br' 'br_ln51' <Predicate = (!icmp_ln36 & !icmp_ln45 & !and_ln46)> <Delay = 1.94>
ST_1 : Operation 43 [1/1] (1.63ns)   --->   "%icmp_ln54 = icmp_ult  i11 %din_exp, i11 1023" [C:\scratch\2023.2\hls_product\689\2023.2\src\shared\hls\clib/hlsmath/include/FloatingPoint\hls_tanh.h:54]   --->   Operation 43 'icmp' 'icmp_ln54' <Predicate = (!icmp_ln36 & !icmp_ln45 & !and_ln46 & tmp_2)> <Delay = 1.63> <CoreInst = "Cmp">   --->   Core 9 'Cmp' <Latency = 0> <II = 1> <Delay = 1.63> <FuncUnit> <Opcode : 'icmp'> <InPorts = 2> <OutPorts = 1>
ST_1 : Operation 44 [1/1] (0.00ns)   --->   "%or_ln55 = or i64 %t, i64 9223372036854775808" [C:\scratch\2023.2\hls_product\689\2023.2\src\shared\hls\clib/hlsmath/include/FloatingPoint\hls_tanh.h:55]   --->   Operation 44 'or' 'or_ln55' <Predicate = (!icmp_ln36 & !icmp_ln45 & !and_ln46 & tmp_2)> <Delay = 0.00>
ST_1 : Operation 45 [1/1] (0.00ns)   --->   "%bitcast_ln55 = bitcast i64 %or_ln55" [C:\scratch\2023.2\hls_product\689\2023.2\src\shared\hls\clib/hlsmath/include/FloatingPoint\hls_tanh.h:55]   --->   Operation 45 'bitcast' 'bitcast_ln55' <Predicate = (!icmp_ln36 & !icmp_ln45 & !and_ln46 & tmp_2)> <Delay = 0.00>
ST_1 : Operation 46 [2/2] (31.0ns)   --->   "%x = dsub i64 %bitcast_ln55, i64 %abst_in" [C:\scratch\2023.2\hls_product\689\2023.2\src\shared\hls\clib/hlsmath/include/FloatingPoint\hls_tanh.h:55]   --->   Operation 46 'dsub' 'x' <Predicate = (!icmp_ln36 & !icmp_ln45 & !and_ln46 & tmp_2)> <Delay = 31.0> <CoreInst = "DAddSub_fulldsp">   --->   Core 37 'DAddSub_fulldsp' <Latency = 1> <II = 1> <Delay = 31.0> <FuncUnit> <Opcode : 'dadd' 'dsub'> <InPorts = 2> <OutPorts = 1>
ST_1 : Operation 47 [2/2] (31.0ns)   --->   "%x_1 = dadd i64 %abst_in, i64 %abst_in" [C:\scratch\2023.2\hls_product\689\2023.2\src\shared\hls\clib/hlsmath/include/FloatingPoint\hls_tanh.h:58]   --->   Operation 47 'dadd' 'x_1' <Predicate = (!icmp_ln36 & !icmp_ln45 & !and_ln46 & tmp_2)> <Delay = 31.0> <CoreInst = "DAddSub_fulldsp">   --->   Core 37 'DAddSub_fulldsp' <Latency = 1> <II = 1> <Delay = 31.0> <FuncUnit> <Opcode : 'dadd' 'dsub'> <InPorts = 2> <OutPorts = 1>
ST_1 : Operation 48 [1/1] (0.00ns)   --->   "%br_ln63 = br i1 %icmp_ln54, void %if.else28, void %if.then25" [C:\scratch\2023.2\hls_product\689\2023.2\src\shared\hls\clib/hlsmath/include/FloatingPoint\hls_tanh.h:63]   --->   Operation 48 'br' 'br_ln63' <Predicate = (!icmp_ln36 & !icmp_ln45 & !and_ln46 & tmp_2)> <Delay = 0.00>
ST_1 : Operation 49 [2/2] (31.0ns)   --->   "%add = dadd i64 %abst_in, i64 1" [C:\scratch\2023.2\hls_product\689\2023.2\src\shared\hls\clib/hlsmath/include/FloatingPoint\hls_tanh.h:49]   --->   Operation 49 'dadd' 'add' <Predicate = (!icmp_ln36 & and_ln46) | (!icmp_ln36 & icmp_ln45)> <Delay = 31.0> <CoreInst = "DAddSub_fulldsp">   --->   Core 37 'DAddSub_fulldsp' <Latency = 1> <II = 1> <Delay = 31.0> <FuncUnit> <Opcode : 'dadd' 'dsub'> <InPorts = 2> <OutPorts = 1>
ST_1 : Operation 50 [1/1] (3.21ns)   --->   "%icmp_ln38 = icmp_ne  i52 %din_sig, i52 0" [C:\scratch\2023.2\hls_product\689\2023.2\src\shared\hls\clib/hlsmath/include/FloatingPoint\hls_tanh.h:38]   --->   Operation 50 'icmp' 'icmp_ln38' <Predicate = (icmp_ln36)> <Delay = 3.21> <CoreInst = "Cmp">   --->   Core 9 'Cmp' <Latency = 0> <II = 1> <Delay = 3.21> <FuncUnit> <Opcode : 'icmp'> <InPorts = 2> <OutPorts = 1>

State 2 <SV = 1> <Delay = 35.1>
ST_2 : Operation 51 [1/2] (31.0ns)   --->   "%x = dsub i64 %bitcast_ln55, i64 %abst_in" [C:\scratch\2023.2\hls_product\689\2023.2\src\shared\hls\clib/hlsmath/include/FloatingPoint\hls_tanh.h:55]   --->   Operation 51 'dsub' 'x' <Predicate = (!icmp_ln36 & !icmp_ln45 & !and_ln46 & tmp_2)> <Delay = 31.0> <CoreInst = "DAddSub_fulldsp">   --->   Core 37 'DAddSub_fulldsp' <Latency = 1> <II = 1> <Delay = 31.0> <FuncUnit> <Opcode : 'dadd' 'dsub'> <InPorts = 2> <OutPorts = 1>
ST_2 : Operation 52 [1/2] (31.0ns)   --->   "%x_1 = dadd i64 %abst_in, i64 %abst_in" [C:\scratch\2023.2\hls_product\689\2023.2\src\shared\hls\clib/hlsmath/include/FloatingPoint\hls_tanh.h:58]   --->   Operation 52 'dadd' 'x_1' <Predicate = (!icmp_ln36 & !icmp_ln45 & !and_ln46 & tmp_2)> <Delay = 31.0> <CoreInst = "DAddSub_fulldsp">   --->   Core 37 'DAddSub_fulldsp' <Latency = 1> <II = 1> <Delay = 31.0> <FuncUnit> <Opcode : 'dadd' 'dsub'> <InPorts = 2> <OutPorts = 1>
ST_2 : Operation 53 [1/1] (1.48ns)   --->   "%x_3 = select i1 %icmp_ln54, i64 %x, i64 %x_1" [C:\scratch\2023.2\hls_product\689\2023.2\src\shared\hls\clib/hlsmath/include/FloatingPoint\hls_tanh.h:54]   --->   Operation 53 'select' 'x_3' <Predicate = (!icmp_ln36 & !icmp_ln45 & !and_ln46 & tmp_2)> <Delay = 1.48> <CoreInst = "Sel">   --->   Core 73 'Sel' <Latency = 0> <II = 1> <Delay = 1.48> <FuncUnit> <Opcode : 'select'> <InPorts = 3> <OutPorts = 1>
ST_2 : Operation 54 [1/1] (0.00ns)   --->   "%data_1 = bitcast i64 %x_3" [C:\scratch\2023.2\hls_product\689\2023.2\src\shared\hls\clib/src/hls\utils/x_hls_utils.h:459->C:\scratch\2023.2\hls_product\689\2023.2\src\shared\hls\clib\hlsmath\src\common\hls_exp_double.cpp:8->C:\scratch\2023.2\hls_product\689\2023.2\src\shared\hls\clib/hlsmath/include/FloatingPoint\hls_tanh.h:61]   --->   Operation 54 'bitcast' 'data_1' <Predicate = (!icmp_ln36 & !icmp_ln45 & !and_ln46 & tmp_2)> <Delay = 0.00>
ST_2 : Operation 55 [1/1] (0.00ns)   --->   "%xs_sign = bitselect i1 @_ssdm_op_BitSelect.i1.i64.i32, i64 %data_1, i32 63" [C:\scratch\2023.2\hls_product\689\2023.2\src\shared\hls\clib/src/hls\utils/x_hls_utils.h:460->C:\scratch\2023.2\hls_product\689\2023.2\src\shared\hls\clib\hlsmath\src\common\hls_exp_double.cpp:8->C:\scratch\2023.2\hls_product\689\2023.2\src\shared\hls\clib/hlsmath/include/FloatingPoint\hls_tanh.h:61]   --->   Operation 55 'bitselect' 'xs_sign' <Predicate = (!icmp_ln36 & !icmp_ln45 & !and_ln46 & tmp_2)> <Delay = 0.00>
ST_2 : Operation 56 [1/1] (0.00ns)   --->   "%xs_exp_1 = partselect i11 @_ssdm_op_PartSelect.i11.i64.i32.i32, i64 %data_1, i32 52, i32 62" [C:\scratch\2023.2\hls_product\689\2023.2\src\shared\hls\clib/src/hls\utils/x_hls_utils.h:461->C:\scratch\2023.2\hls_product\689\2023.2\src\shared\hls\clib\hlsmath\src\common\hls_exp_double.cpp:8->C:\scratch\2023.2\hls_product\689\2023.2\src\shared\hls\clib/hlsmath/include/FloatingPoint\hls_tanh.h:61]   --->   Operation 56 'partselect' 'xs_exp_1' <Predicate = (!icmp_ln36 & !icmp_ln45 & !and_ln46 & tmp_2)> <Delay = 0.00>
ST_2 : Operation 57 [1/1] (1.63ns)   --->   "%icmp_ln9 = icmp_ult  i11 %xs_exp_1, i11 996" [C:\scratch\2023.2\hls_product\689\2023.2\src\shared\hls\clib\hlsmath\src\common\hls_exp_double.cpp:9->C:\scratch\2023.2\hls_product\689\2023.2\src\shared\hls\clib/hlsmath/include/FloatingPoint\hls_tanh.h:61]   --->   Operation 57 'icmp' 'icmp_ln9' <Predicate = (!icmp_ln36 & !icmp_ln45 & !and_ln46 & tmp_2)> <Delay = 1.63> <CoreInst = "Cmp">   --->   Core 9 'Cmp' <Latency = 0> <II = 1> <Delay = 1.63> <FuncUnit> <Opcode : 'icmp'> <InPorts = 2> <OutPorts = 1>
ST_2 : Operation 58 [1/1] (1.63ns)   --->   "%icmp_ln9_1 = icmp_ne  i11 %xs_exp_1, i11 0" [C:\scratch\2023.2\hls_product\689\2023.2\src\shared\hls\clib\hlsmath\src\common\hls_exp_double.cpp:9->C:\scratch\2023.2\hls_product\689\2023.2\src\shared\hls\clib/hlsmath/include/FloatingPoint\hls_tanh.h:61]   --->   Operation 58 'icmp' 'icmp_ln9_1' <Predicate = (!icmp_ln36 & !icmp_ln45 & !and_ln46 & tmp_2)> <Delay = 1.63> <CoreInst = "Cmp">   --->   Core 9 'Cmp' <Latency = 0> <II = 1> <Delay = 1.63> <FuncUnit> <Opcode : 'icmp'> <InPorts = 2> <OutPorts = 1>
ST_2 : Operation 59 [1/1] (0.00ns) (grouped into LUT with out node and_ln9_1)   --->   "%and_ln9 = and i1 %icmp_ln9, i1 %icmp_ln9_1" [C:\scratch\2023.2\hls_product\689\2023.2\src\shared\hls\clib\hlsmath\src\common\hls_exp_double.cpp:9->C:\scratch\2023.2\hls_product\689\2023.2\src\shared\hls\clib/hlsmath/include/FloatingPoint\hls_tanh.h:61]   --->   Operation 59 'and' 'and_ln9' <Predicate = (!icmp_ln36 & !icmp_ln45 & !and_ln46 & tmp_2)> <Delay = 0.00> <CoreInst = "LogicGate">   --->   Core 74 'LogicGate' <Latency = 0> <II = 1> <Delay = 0.97> <FuncUnit> <Opcode : 'and' 'or' 'xor'> <InPorts = 2> <OutPorts = 1>
ST_2 : Operation 60 [1/1] (0.97ns) (out node of the LUT)   --->   "%and_ln9_1 = and i1 %and_ln9, i1 %xs_sign" [C:\scratch\2023.2\hls_product\689\2023.2\src\shared\hls\clib\hlsmath\src\common\hls_exp_double.cpp:9->C:\scratch\2023.2\hls_product\689\2023.2\src\shared\hls\clib/hlsmath/include/FloatingPoint\hls_tanh.h:61]   --->   Operation 60 'and' 'and_ln9_1' <Predicate = (!icmp_ln36 & !icmp_ln45 & !and_ln46 & tmp_2)> <Delay = 0.97> <CoreInst = "LogicGate">   --->   Core 74 'LogicGate' <Latency = 0> <II = 1> <Delay = 0.97> <FuncUnit> <Opcode : 'and' 'or' 'xor'> <InPorts = 2> <OutPorts = 1>
ST_2 : Operation 61 [1/1] (0.00ns) (grouped into LUT with out node and_ln10_1)   --->   "%xor_ln10 = xor i1 %xs_sign, i1 1" [C:\scratch\2023.2\hls_product\689\2023.2\src\shared\hls\clib\hlsmath\src\common\hls_exp_double.cpp:10->C:\scratch\2023.2\hls_product\689\2023.2\src\shared\hls\clib/hlsmath/include/FloatingPoint\hls_tanh.h:61]   --->   Operation 61 'xor' 'xor_ln10' <Predicate = (!icmp_ln36 & !icmp_ln45 & !and_ln46 & tmp_2 & !and_ln9_1)> <Delay = 0.00> <CoreInst = "LogicGate">   --->   Core 74 'LogicGate' <Latency = 0> <II = 1> <Delay = 0.97> <FuncUnit> <Opcode : 'and' 'or' 'xor'> <InPorts = 2> <OutPorts = 1>
ST_2 : Operation 62 [1/1] (1.63ns)   --->   "%icmp_ln10 = icmp_ult  i11 %xs_exp_1, i11 997" [C:\scratch\2023.2\hls_product\689\2023.2\src\shared\hls\clib\hlsmath\src\common\hls_exp_double.cpp:10->C:\scratch\2023.2\hls_product\689\2023.2\src\shared\hls\clib/hlsmath/include/FloatingPoint\hls_tanh.h:61]   --->   Operation 62 'icmp' 'icmp_ln10' <Predicate = (!icmp_ln36 & !icmp_ln45 & !and_ln46 & tmp_2 & !and_ln9_1)> <Delay = 1.63> <CoreInst = "Cmp">   --->   Core 9 'Cmp' <Latency = 0> <II = 1> <Delay = 1.63> <FuncUnit> <Opcode : 'icmp'> <InPorts = 2> <OutPorts = 1>
ST_2 : Operation 63 [1/1] (0.00ns) (grouped into LUT with out node and_ln10_1)   --->   "%and_ln10 = and i1 %icmp_ln9_1, i1 %xor_ln10" [C:\scratch\2023.2\hls_product\689\2023.2\src\shared\hls\clib\hlsmath\src\common\hls_exp_double.cpp:10->C:\scratch\2023.2\hls_product\689\2023.2\src\shared\hls\clib/hlsmath/include/FloatingPoint\hls_tanh.h:61]   --->   Operation 63 'and' 'and_ln10' <Predicate = (!icmp_ln36 & !icmp_ln45 & !and_ln46 & tmp_2 & !and_ln9_1)> <Delay = 0.00> <CoreInst = "LogicGate">   --->   Core 74 'LogicGate' <Latency = 0> <II = 1> <Delay = 0.97> <FuncUnit> <Opcode : 'and' 'or' 'xor'> <InPorts = 2> <OutPorts = 1>
ST_2 : Operation 64 [1/1] (0.97ns) (out node of the LUT)   --->   "%and_ln10_1 = and i1 %and_ln10, i1 %icmp_ln10" [C:\scratch\2023.2\hls_product\689\2023.2\src\shared\hls\clib\hlsmath\src\common\hls_exp_double.cpp:10->C:\scratch\2023.2\hls_product\689\2023.2\src\shared\hls\clib/hlsmath/include/FloatingPoint\hls_tanh.h:61]   --->   Operation 64 'and' 'and_ln10_1' <Predicate = (!icmp_ln36 & !icmp_ln45 & !and_ln46 & tmp_2 & !and_ln9_1)> <Delay = 0.97> <CoreInst = "LogicGate">   --->   Core 74 'LogicGate' <Latency = 0> <II = 1> <Delay = 0.97> <FuncUnit> <Opcode : 'and' 'or' 'xor'> <InPorts = 2> <OutPorts = 1>
ST_2 : Operation 65 [1/2] (31.0ns)   --->   "%add = dadd i64 %abst_in, i64 1" [C:\scratch\2023.2\hls_product\689\2023.2\src\shared\hls\clib/hlsmath/include/FloatingPoint\hls_tanh.h:49]   --->   Operation 65 'dadd' 'add' <Predicate = (!icmp_ln36 & and_ln46) | (!icmp_ln36 & icmp_ln45)> <Delay = 31.0> <CoreInst = "DAddSub_fulldsp">   --->   Core 37 'DAddSub_fulldsp' <Latency = 1> <II = 1> <Delay = 31.0> <FuncUnit> <Opcode : 'dadd' 'dsub'> <InPorts = 2> <OutPorts = 1>

State 3 <SV = 2> <Delay = 32.3>
ST_3 : Operation 66 [1/1] (1.58ns)   --->   "%br_ln9 = br i1 %and_ln9_1, void %if.end.i, void %_ZN11exp_reduce_5expm1Ed.exit" [C:\scratch\2023.2\hls_product\689\2023.2\src\shared\hls\clib\hlsmath\src\common\hls_exp_double.cpp:9->C:\scratch\2023.2\hls_product\689\2023.2\src\shared\hls\clib/hlsmath/include/FloatingPoint\hls_tanh.h:61]   --->   Operation 66 'br' 'br_ln9' <Predicate = (!icmp_ln36 & !icmp_ln45 & !and_ln46 & tmp_2)> <Delay = 1.58>
ST_3 : Operation 67 [1/1] (1.58ns)   --->   "%br_ln10 = br i1 %and_ln10_1, void %if.end15.i, void %_ZN11exp_reduce_5expm1Ed.exit" [C:\scratch\2023.2\hls_product\689\2023.2\src\shared\hls\clib\hlsmath\src\common\hls_exp_double.cpp:10->C:\scratch\2023.2\hls_product\689\2023.2\src\shared\hls\clib/hlsmath/include/FloatingPoint\hls_tanh.h:61]   --->   Operation 67 'br' 'br_ln10' <Predicate = (!icmp_ln36 & !icmp_ln45 & !and_ln46 & tmp_2 & !and_ln9_1)> <Delay = 1.58>
ST_3 : Operation 68 [6/6] (18.3ns)   --->   "%tmp_4 = call i64 @exp_generic<double>, i64 %x_3, i58 %table_exp_Z1_ap_ufixed_58_1_ap_q_mode_5_ap_o_mode_3_0_array, i26 %table_f_Z3_ap_ufixed_59_0_ap_q_mode_5_ap_o_mode_3_0_array, i42 %table_f_Z2_ap_ufixed_59_0_ap_q_mode_5_ap_o_mode_3_0_array" [C:\scratch\2023.2\hls_product\689\2023.2\src\shared\hls\clib\hlsmath\src\common\hls_exp_double.cpp:11->C:\scratch\2023.2\hls_product\689\2023.2\src\shared\hls\clib/hlsmath/include/FloatingPoint\hls_tanh.h:61]   --->   Operation 68 'call' 'tmp_4' <Predicate = (!icmp_ln36 & !icmp_ln45 & !and_ln46 & tmp_2 & !and_ln9_1 & !and_ln10_1)> <Delay = 18.3> <CoreType = "Generic">   --->   Core 0 '' <Latency = 0> <II = 1> <Delay = 1.00> <Generic> <Opcode : >
ST_3 : Operation 69 [2/2] (32.3ns)   --->   "%resultf = dmul i64 %abst_in, i64 %add" [C:\scratch\2023.2\hls_product\689\2023.2\src\shared\hls\clib/hlsmath/include/FloatingPoint\hls_tanh.h:49]   --->   Operation 69 'dmul' 'resultf' <Predicate = (!icmp_ln36 & and_ln46) | (!icmp_ln36 & icmp_ln45)> <Delay = 32.3> <CoreInst = "DMul_maxdsp">   --->   Core 49 'DMul_maxdsp' <Latency = 1> <II = 1> <Delay = 32.3> <FuncUnit> <Opcode : 'dmul'> <InPorts = 2> <OutPorts = 1>

State 4 <SV = 3> <Delay = 34.5>
ST_4 : Operation 70 [5/6] (34.5ns)   --->   "%tmp_4 = call i64 @exp_generic<double>, i64 %x_3, i58 %table_exp_Z1_ap_ufixed_58_1_ap_q_mode_5_ap_o_mode_3_0_array, i26 %table_f_Z3_ap_ufixed_59_0_ap_q_mode_5_ap_o_mode_3_0_array, i42 %table_f_Z2_ap_ufixed_59_0_ap_q_mode_5_ap_o_mode_3_0_array" [C:\scratch\2023.2\hls_product\689\2023.2\src\shared\hls\clib\hlsmath\src\common\hls_exp_double.cpp:11->C:\scratch\2023.2\hls_product\689\2023.2\src\shared\hls\clib/hlsmath/include/FloatingPoint\hls_tanh.h:61]   --->   Operation 70 'call' 'tmp_4' <Predicate = (!icmp_ln36 & !icmp_ln45 & !and_ln46 & tmp_2 & !and_ln9_1 & !and_ln10_1)> <Delay = 34.5> <CoreType = "Generic">   --->   Core 0 '' <Latency = 0> <II = 1> <Delay = 1.00> <Generic> <Opcode : >
ST_4 : Operation 71 [1/2] (32.3ns)   --->   "%resultf = dmul i64 %abst_in, i64 %add" [C:\scratch\2023.2\hls_product\689\2023.2\src\shared\hls\clib/hlsmath/include/FloatingPoint\hls_tanh.h:49]   --->   Operation 71 'dmul' 'resultf' <Predicate = (!icmp_ln36 & and_ln46) | (!icmp_ln36 & icmp_ln45)> <Delay = 32.3> <CoreInst = "DMul_maxdsp">   --->   Core 49 'DMul_maxdsp' <Latency = 1> <II = 1> <Delay = 32.3> <FuncUnit> <Opcode : 'dmul'> <InPorts = 2> <OutPorts = 1>
ST_4 : Operation 72 [1/1] (1.94ns)   --->   "%br_ln50 = br void %if.end38" [C:\scratch\2023.2\hls_product\689\2023.2\src\shared\hls\clib/hlsmath/include/FloatingPoint\hls_tanh.h:50]   --->   Operation 72 'br' 'br_ln50' <Predicate = (!icmp_ln36 & and_ln46) | (!icmp_ln36 & icmp_ln45)> <Delay = 1.94>

State 5 <SV = 4> <Delay = 34.5>
ST_5 : Operation 73 [4/6] (34.5ns)   --->   "%tmp_4 = call i64 @exp_generic<double>, i64 %x_3, i58 %table_exp_Z1_ap_ufixed_58_1_ap_q_mode_5_ap_o_mode_3_0_array, i26 %table_f_Z3_ap_ufixed_59_0_ap_q_mode_5_ap_o_mode_3_0_array, i42 %table_f_Z2_ap_ufixed_59_0_ap_q_mode_5_ap_o_mode_3_0_array" [C:\scratch\2023.2\hls_product\689\2023.2\src\shared\hls\clib\hlsmath\src\common\hls_exp_double.cpp:11->C:\scratch\2023.2\hls_product\689\2023.2\src\shared\hls\clib/hlsmath/include/FloatingPoint\hls_tanh.h:61]   --->   Operation 73 'call' 'tmp_4' <Predicate = (!icmp_ln36 & !icmp_ln45 & !and_ln46 & tmp_2 & !and_ln9_1 & !and_ln10_1)> <Delay = 34.5> <CoreType = "Generic">   --->   Core 0 '' <Latency = 0> <II = 1> <Delay = 1.00> <Generic> <Opcode : >

State 6 <SV = 5> <Delay = 34.5>
ST_6 : Operation 74 [3/6] (34.5ns)   --->   "%tmp_4 = call i64 @exp_generic<double>, i64 %x_3, i58 %table_exp_Z1_ap_ufixed_58_1_ap_q_mode_5_ap_o_mode_3_0_array, i26 %table_f_Z3_ap_ufixed_59_0_ap_q_mode_5_ap_o_mode_3_0_array, i42 %table_f_Z2_ap_ufixed_59_0_ap_q_mode_5_ap_o_mode_3_0_array" [C:\scratch\2023.2\hls_product\689\2023.2\src\shared\hls\clib\hlsmath\src\common\hls_exp_double.cpp:11->C:\scratch\2023.2\hls_product\689\2023.2\src\shared\hls\clib/hlsmath/include/FloatingPoint\hls_tanh.h:61]   --->   Operation 74 'call' 'tmp_4' <Predicate = (!icmp_ln36 & !icmp_ln45 & !and_ln46 & tmp_2 & !and_ln9_1 & !and_ln10_1)> <Delay = 34.5> <CoreType = "Generic">   --->   Core 0 '' <Latency = 0> <II = 1> <Delay = 1.00> <Generic> <Opcode : >

State 7 <SV = 6> <Delay = 34.5>
ST_7 : Operation 75 [2/6] (34.5ns)   --->   "%tmp_4 = call i64 @exp_generic<double>, i64 %x_3, i58 %table_exp_Z1_ap_ufixed_58_1_ap_q_mode_5_ap_o_mode_3_0_array, i26 %table_f_Z3_ap_ufixed_59_0_ap_q_mode_5_ap_o_mode_3_0_array, i42 %table_f_Z2_ap_ufixed_59_0_ap_q_mode_5_ap_o_mode_3_0_array" [C:\scratch\2023.2\hls_product\689\2023.2\src\shared\hls\clib\hlsmath\src\common\hls_exp_double.cpp:11->C:\scratch\2023.2\hls_product\689\2023.2\src\shared\hls\clib/hlsmath/include/FloatingPoint\hls_tanh.h:61]   --->   Operation 75 'call' 'tmp_4' <Predicate = (!icmp_ln36 & !icmp_ln45 & !and_ln46 & tmp_2 & !and_ln9_1 & !and_ln10_1)> <Delay = 34.5> <CoreType = "Generic">   --->   Core 0 '' <Latency = 0> <II = 1> <Delay = 1.00> <Generic> <Opcode : >

State 8 <SV = 7> <Delay = 24.2>
ST_8 : Operation 76 [1/6] (24.2ns)   --->   "%tmp_4 = call i64 @exp_generic<double>, i64 %x_3, i58 %table_exp_Z1_ap_ufixed_58_1_ap_q_mode_5_ap_o_mode_3_0_array, i26 %table_f_Z3_ap_ufixed_59_0_ap_q_mode_5_ap_o_mode_3_0_array, i42 %table_f_Z2_ap_ufixed_59_0_ap_q_mode_5_ap_o_mode_3_0_array" [C:\scratch\2023.2\hls_product\689\2023.2\src\shared\hls\clib\hlsmath\src\common\hls_exp_double.cpp:11->C:\scratch\2023.2\hls_product\689\2023.2\src\shared\hls\clib/hlsmath/include/FloatingPoint\hls_tanh.h:61]   --->   Operation 76 'call' 'tmp_4' <Predicate = (!icmp_ln36 & !icmp_ln45 & !and_ln46 & tmp_2 & !and_ln9_1 & !and_ln10_1)> <Delay = 24.2> <CoreType = "Generic">   --->   Core 0 '' <Latency = 0> <II = 1> <Delay = 1.00> <Generic> <Opcode : >

State 9 <SV = 8> <Delay = 31.0>
ST_9 : Operation 77 [2/2] (31.0ns)   --->   "%sub_i = dadd i64 %tmp_4, i64 -1" [C:\scratch\2023.2\hls_product\689\2023.2\src\shared\hls\clib\hlsmath\src\common\hls_exp_double.cpp:11->C:\scratch\2023.2\hls_product\689\2023.2\src\shared\hls\clib/hlsmath/include/FloatingPoint\hls_tanh.h:61]   --->   Operation 77 'dadd' 'sub_i' <Predicate = (!icmp_ln36 & !icmp_ln45 & !and_ln46 & tmp_2 & !and_ln9_1 & !and_ln10_1)> <Delay = 31.0> <CoreInst = "DAddSub_fulldsp">   --->   Core 37 'DAddSub_fulldsp' <Latency = 1> <II = 1> <Delay = 31.0> <FuncUnit> <Opcode : 'dadd' 'dsub'> <InPorts = 2> <OutPorts = 1>

State 10 <SV = 9> <Delay = 32.6>
ST_10 : Operation 78 [1/2] (31.0ns)   --->   "%sub_i = dadd i64 %tmp_4, i64 -1" [C:\scratch\2023.2\hls_product\689\2023.2\src\shared\hls\clib\hlsmath\src\common\hls_exp_double.cpp:11->C:\scratch\2023.2\hls_product\689\2023.2\src\shared\hls\clib/hlsmath/include/FloatingPoint\hls_tanh.h:61]   --->   Operation 78 'dadd' 'sub_i' <Predicate = (!icmp_ln36 & !icmp_ln45 & !and_ln46 & tmp_2 & !and_ln9_1 & !and_ln10_1)> <Delay = 31.0> <CoreInst = "DAddSub_fulldsp">   --->   Core 37 'DAddSub_fulldsp' <Latency = 1> <II = 1> <Delay = 31.0> <FuncUnit> <Opcode : 'dadd' 'dsub'> <InPorts = 2> <OutPorts = 1>
ST_10 : Operation 79 [1/1] (1.58ns)   --->   "%br_ln11 = br void %_ZN11exp_reduce_5expm1Ed.exit" [C:\scratch\2023.2\hls_product\689\2023.2\src\shared\hls\clib\hlsmath\src\common\hls_exp_double.cpp:11->C:\scratch\2023.2\hls_product\689\2023.2\src\shared\hls\clib/hlsmath/include/FloatingPoint\hls_tanh.h:61]   --->   Operation 79 'br' 'br_ln11' <Predicate = (!icmp_ln36 & !icmp_ln45 & !and_ln46 & tmp_2 & !and_ln9_1 & !and_ln10_1)> <Delay = 1.58>

State 11 <SV = 10> <Delay = 31.0>
ST_11 : Operation 80 [1/1] (0.00ns)   --->   "%expx = phi i64 %sub_i, void %if.end15.i, i64 %x_3, void %if.then14, i64 %x_3, void %if.end.i"   --->   Operation 80 'phi' 'expx' <Predicate = (!icmp_ln36 & !icmp_ln45 & !and_ln46 & tmp_2)> <Delay = 0.00>
ST_11 : Operation 81 [2/2] (31.0ns)   --->   "%add2 = dadd i64 %expx, i64 2" [C:\scratch\2023.2\hls_product\689\2023.2\src\shared\hls\clib/hlsmath/include/FloatingPoint\hls_tanh.h:71]   --->   Operation 81 'dadd' 'add2' <Predicate = (!icmp_ln36 & !icmp_ln45 & !and_ln46 & tmp_2)> <Delay = 31.0> <CoreInst = "DAddSub_fulldsp">   --->   Core 37 'DAddSub_fulldsp' <Latency = 1> <II = 1> <Delay = 31.0> <FuncUnit> <Opcode : 'dadd' 'dsub'> <InPorts = 2> <OutPorts = 1>

State 12 <SV = 11> <Delay = 31.0>
ST_12 : Operation 82 [1/2] (31.0ns)   --->   "%add2 = dadd i64 %expx, i64 2" [C:\scratch\2023.2\hls_product\689\2023.2\src\shared\hls\clib/hlsmath/include/FloatingPoint\hls_tanh.h:71]   --->   Operation 82 'dadd' 'add2' <Predicate = (!icmp_ln36 & !icmp_ln45 & !and_ln46 & tmp_2)> <Delay = 31.0> <CoreInst = "DAddSub_fulldsp">   --->   Core 37 'DAddSub_fulldsp' <Latency = 1> <II = 1> <Delay = 31.0> <FuncUnit> <Opcode : 'dadd' 'dsub'> <InPorts = 2> <OutPorts = 1>

State 13 <SV = 12> <Delay = 31.1>
ST_13 : Operation 83 [10/10] (30.1ns)   --->   "%div = ddiv i64 2, i64 %add2" [C:\scratch\2023.2\hls_product\689\2023.2\src\shared\hls\clib/hlsmath/include/FloatingPoint\hls_tanh.h:71]   --->   Operation 83 'ddiv' 'div' <Predicate = (!icmp_ln36 & !icmp_ln45 & !and_ln46 & tmp_2 & !icmp_ln54)> <Delay = 30.1> <CoreInst = "DDiv">   --->   Core 39 'DDiv' <Latency = 9> <II = 1> <Delay = 30.1> <FuncUnit> <Opcode : 'ddiv' 'drem'> <InPorts = 2> <OutPorts = 1>
ST_13 : Operation 84 [1/1] (0.00ns)   --->   "%bitcast_ln66 = bitcast i64 %expx" [C:\scratch\2023.2\hls_product\689\2023.2\src\shared\hls\clib/hlsmath/include/FloatingPoint\hls_tanh.h:66]   --->   Operation 84 'bitcast' 'bitcast_ln66' <Predicate = (!icmp_ln36 & !icmp_ln45 & !and_ln46 & tmp_2 & icmp_ln54)> <Delay = 0.00>
ST_13 : Operation 85 [1/1] (0.99ns)   --->   "%xor_ln66 = xor i64 %bitcast_ln66, i64 9223372036854775808" [C:\scratch\2023.2\hls_product\689\2023.2\src\shared\hls\clib/hlsmath/include/FloatingPoint\hls_tanh.h:66]   --->   Operation 85 'xor' 'xor_ln66' <Predicate = (!icmp_ln36 & !icmp_ln45 & !and_ln46 & tmp_2 & icmp_ln54)> <Delay = 0.99> <CoreInst = "LogicGate">   --->   Core 74 'LogicGate' <Latency = 0> <II = 1> <Delay = 0.99> <FuncUnit> <Opcode : 'and' 'or' 'xor'> <InPorts = 2> <OutPorts = 1>
ST_13 : Operation 86 [1/1] (0.00ns)   --->   "%bitcast_ln66_1 = bitcast i64 %xor_ln66" [C:\scratch\2023.2\hls_product\689\2023.2\src\shared\hls\clib/hlsmath/include/FloatingPoint\hls_tanh.h:66]   --->   Operation 86 'bitcast' 'bitcast_ln66_1' <Predicate = (!icmp_ln36 & !icmp_ln45 & !and_ln46 & tmp_2 & icmp_ln54)> <Delay = 0.00>
ST_13 : Operation 87 [10/10] (30.1ns)   --->   "%resultf_1 = ddiv i64 %bitcast_ln66_1, i64 %add2" [C:\scratch\2023.2\hls_product\689\2023.2\src\shared\hls\clib/hlsmath/include/FloatingPoint\hls_tanh.h:66]   --->   Operation 87 'ddiv' 'resultf_1' <Predicate = (!icmp_ln36 & !icmp_ln45 & !and_ln46 & tmp_2 & icmp_ln54)> <Delay = 30.1> <CoreInst = "DDiv">   --->   Core 39 'DDiv' <Latency = 9> <II = 1> <Delay = 30.1> <FuncUnit> <Opcode : 'ddiv' 'drem'> <InPorts = 2> <OutPorts = 1>

State 14 <SV = 13> <Delay = 30.1>
ST_14 : Operation 88 [9/10] (30.1ns)   --->   "%div = ddiv i64 2, i64 %add2" [C:\scratch\2023.2\hls_product\689\2023.2\src\shared\hls\clib/hlsmath/include/FloatingPoint\hls_tanh.h:71]   --->   Operation 88 'ddiv' 'div' <Predicate = (!icmp_ln36 & !icmp_ln45 & !and_ln46 & tmp_2 & !icmp_ln54)> <Delay = 30.1> <CoreInst = "DDiv">   --->   Core 39 'DDiv' <Latency = 9> <II = 1> <Delay = 30.1> <FuncUnit> <Opcode : 'ddiv' 'drem'> <InPorts = 2> <OutPorts = 1>
ST_14 : Operation 89 [9/10] (30.1ns)   --->   "%resultf_1 = ddiv i64 %bitcast_ln66_1, i64 %add2" [C:\scratch\2023.2\hls_product\689\2023.2\src\shared\hls\clib/hlsmath/include/FloatingPoint\hls_tanh.h:66]   --->   Operation 89 'ddiv' 'resultf_1' <Predicate = (!icmp_ln36 & !icmp_ln45 & !and_ln46 & tmp_2 & icmp_ln54)> <Delay = 30.1> <CoreInst = "DDiv">   --->   Core 39 'DDiv' <Latency = 9> <II = 1> <Delay = 30.1> <FuncUnit> <Opcode : 'ddiv' 'drem'> <InPorts = 2> <OutPorts = 1>

State 15 <SV = 14> <Delay = 30.1>
ST_15 : Operation 90 [8/10] (30.1ns)   --->   "%div = ddiv i64 2, i64 %add2" [C:\scratch\2023.2\hls_product\689\2023.2\src\shared\hls\clib/hlsmath/include/FloatingPoint\hls_tanh.h:71]   --->   Operation 90 'ddiv' 'div' <Predicate = (!icmp_ln36 & !icmp_ln45 & !and_ln46 & tmp_2 & !icmp_ln54)> <Delay = 30.1> <CoreInst = "DDiv">   --->   Core 39 'DDiv' <Latency = 9> <II = 1> <Delay = 30.1> <FuncUnit> <Opcode : 'ddiv' 'drem'> <InPorts = 2> <OutPorts = 1>
ST_15 : Operation 91 [8/10] (30.1ns)   --->   "%resultf_1 = ddiv i64 %bitcast_ln66_1, i64 %add2" [C:\scratch\2023.2\hls_product\689\2023.2\src\shared\hls\clib/hlsmath/include/FloatingPoint\hls_tanh.h:66]   --->   Operation 91 'ddiv' 'resultf_1' <Predicate = (!icmp_ln36 & !icmp_ln45 & !and_ln46 & tmp_2 & icmp_ln54)> <Delay = 30.1> <CoreInst = "DDiv">   --->   Core 39 'DDiv' <Latency = 9> <II = 1> <Delay = 30.1> <FuncUnit> <Opcode : 'ddiv' 'drem'> <InPorts = 2> <OutPorts = 1>

State 16 <SV = 15> <Delay = 30.1>
ST_16 : Operation 92 [7/10] (30.1ns)   --->   "%div = ddiv i64 2, i64 %add2" [C:\scratch\2023.2\hls_product\689\2023.2\src\shared\hls\clib/hlsmath/include/FloatingPoint\hls_tanh.h:71]   --->   Operation 92 'ddiv' 'div' <Predicate = (!icmp_ln36 & !icmp_ln45 & !and_ln46 & tmp_2 & !icmp_ln54)> <Delay = 30.1> <CoreInst = "DDiv">   --->   Core 39 'DDiv' <Latency = 9> <II = 1> <Delay = 30.1> <FuncUnit> <Opcode : 'ddiv' 'drem'> <InPorts = 2> <OutPorts = 1>
ST_16 : Operation 93 [7/10] (30.1ns)   --->   "%resultf_1 = ddiv i64 %bitcast_ln66_1, i64 %add2" [C:\scratch\2023.2\hls_product\689\2023.2\src\shared\hls\clib/hlsmath/include/FloatingPoint\hls_tanh.h:66]   --->   Operation 93 'ddiv' 'resultf_1' <Predicate = (!icmp_ln36 & !icmp_ln45 & !and_ln46 & tmp_2 & icmp_ln54)> <Delay = 30.1> <CoreInst = "DDiv">   --->   Core 39 'DDiv' <Latency = 9> <II = 1> <Delay = 30.1> <FuncUnit> <Opcode : 'ddiv' 'drem'> <InPorts = 2> <OutPorts = 1>

State 17 <SV = 16> <Delay = 30.1>
ST_17 : Operation 94 [6/10] (30.1ns)   --->   "%div = ddiv i64 2, i64 %add2" [C:\scratch\2023.2\hls_product\689\2023.2\src\shared\hls\clib/hlsmath/include/FloatingPoint\hls_tanh.h:71]   --->   Operation 94 'ddiv' 'div' <Predicate = (!icmp_ln36 & !icmp_ln45 & !and_ln46 & tmp_2 & !icmp_ln54)> <Delay = 30.1> <CoreInst = "DDiv">   --->   Core 39 'DDiv' <Latency = 9> <II = 1> <Delay = 30.1> <FuncUnit> <Opcode : 'ddiv' 'drem'> <InPorts = 2> <OutPorts = 1>
ST_17 : Operation 95 [6/10] (30.1ns)   --->   "%resultf_1 = ddiv i64 %bitcast_ln66_1, i64 %add2" [C:\scratch\2023.2\hls_product\689\2023.2\src\shared\hls\clib/hlsmath/include/FloatingPoint\hls_tanh.h:66]   --->   Operation 95 'ddiv' 'resultf_1' <Predicate = (!icmp_ln36 & !icmp_ln45 & !and_ln46 & tmp_2 & icmp_ln54)> <Delay = 30.1> <CoreInst = "DDiv">   --->   Core 39 'DDiv' <Latency = 9> <II = 1> <Delay = 30.1> <FuncUnit> <Opcode : 'ddiv' 'drem'> <InPorts = 2> <OutPorts = 1>

State 18 <SV = 17> <Delay = 30.1>
ST_18 : Operation 96 [5/10] (30.1ns)   --->   "%div = ddiv i64 2, i64 %add2" [C:\scratch\2023.2\hls_product\689\2023.2\src\shared\hls\clib/hlsmath/include/FloatingPoint\hls_tanh.h:71]   --->   Operation 96 'ddiv' 'div' <Predicate = (!icmp_ln36 & !icmp_ln45 & !and_ln46 & tmp_2 & !icmp_ln54)> <Delay = 30.1> <CoreInst = "DDiv">   --->   Core 39 'DDiv' <Latency = 9> <II = 1> <Delay = 30.1> <FuncUnit> <Opcode : 'ddiv' 'drem'> <InPorts = 2> <OutPorts = 1>
ST_18 : Operation 97 [5/10] (30.1ns)   --->   "%resultf_1 = ddiv i64 %bitcast_ln66_1, i64 %add2" [C:\scratch\2023.2\hls_product\689\2023.2\src\shared\hls\clib/hlsmath/include/FloatingPoint\hls_tanh.h:66]   --->   Operation 97 'ddiv' 'resultf_1' <Predicate = (!icmp_ln36 & !icmp_ln45 & !and_ln46 & tmp_2 & icmp_ln54)> <Delay = 30.1> <CoreInst = "DDiv">   --->   Core 39 'DDiv' <Latency = 9> <II = 1> <Delay = 30.1> <FuncUnit> <Opcode : 'ddiv' 'drem'> <InPorts = 2> <OutPorts = 1>

State 19 <SV = 18> <Delay = 30.1>
ST_19 : Operation 98 [4/10] (30.1ns)   --->   "%div = ddiv i64 2, i64 %add2" [C:\scratch\2023.2\hls_product\689\2023.2\src\shared\hls\clib/hlsmath/include/FloatingPoint\hls_tanh.h:71]   --->   Operation 98 'ddiv' 'div' <Predicate = (!icmp_ln36 & !icmp_ln45 & !and_ln46 & tmp_2 & !icmp_ln54)> <Delay = 30.1> <CoreInst = "DDiv">   --->   Core 39 'DDiv' <Latency = 9> <II = 1> <Delay = 30.1> <FuncUnit> <Opcode : 'ddiv' 'drem'> <InPorts = 2> <OutPorts = 1>
ST_19 : Operation 99 [4/10] (30.1ns)   --->   "%resultf_1 = ddiv i64 %bitcast_ln66_1, i64 %add2" [C:\scratch\2023.2\hls_product\689\2023.2\src\shared\hls\clib/hlsmath/include/FloatingPoint\hls_tanh.h:66]   --->   Operation 99 'ddiv' 'resultf_1' <Predicate = (!icmp_ln36 & !icmp_ln45 & !and_ln46 & tmp_2 & icmp_ln54)> <Delay = 30.1> <CoreInst = "DDiv">   --->   Core 39 'DDiv' <Latency = 9> <II = 1> <Delay = 30.1> <FuncUnit> <Opcode : 'ddiv' 'drem'> <InPorts = 2> <OutPorts = 1>

State 20 <SV = 19> <Delay = 30.1>
ST_20 : Operation 100 [3/10] (30.1ns)   --->   "%div = ddiv i64 2, i64 %add2" [C:\scratch\2023.2\hls_product\689\2023.2\src\shared\hls\clib/hlsmath/include/FloatingPoint\hls_tanh.h:71]   --->   Operation 100 'ddiv' 'div' <Predicate = (!icmp_ln36 & !icmp_ln45 & !and_ln46 & tmp_2 & !icmp_ln54)> <Delay = 30.1> <CoreInst = "DDiv">   --->   Core 39 'DDiv' <Latency = 9> <II = 1> <Delay = 30.1> <FuncUnit> <Opcode : 'ddiv' 'drem'> <InPorts = 2> <OutPorts = 1>
ST_20 : Operation 101 [3/10] (30.1ns)   --->   "%resultf_1 = ddiv i64 %bitcast_ln66_1, i64 %add2" [C:\scratch\2023.2\hls_product\689\2023.2\src\shared\hls\clib/hlsmath/include/FloatingPoint\hls_tanh.h:66]   --->   Operation 101 'ddiv' 'resultf_1' <Predicate = (!icmp_ln36 & !icmp_ln45 & !and_ln46 & tmp_2 & icmp_ln54)> <Delay = 30.1> <CoreInst = "DDiv">   --->   Core 39 'DDiv' <Latency = 9> <II = 1> <Delay = 30.1> <FuncUnit> <Opcode : 'ddiv' 'drem'> <InPorts = 2> <OutPorts = 1>

State 21 <SV = 20> <Delay = 30.1>
ST_21 : Operation 102 [2/10] (30.1ns)   --->   "%div = ddiv i64 2, i64 %add2" [C:\scratch\2023.2\hls_product\689\2023.2\src\shared\hls\clib/hlsmath/include/FloatingPoint\hls_tanh.h:71]   --->   Operation 102 'ddiv' 'div' <Predicate = (!icmp_ln36 & !icmp_ln45 & !and_ln46 & tmp_2 & !icmp_ln54)> <Delay = 30.1> <CoreInst = "DDiv">   --->   Core 39 'DDiv' <Latency = 9> <II = 1> <Delay = 30.1> <FuncUnit> <Opcode : 'ddiv' 'drem'> <InPorts = 2> <OutPorts = 1>
ST_21 : Operation 103 [2/10] (30.1ns)   --->   "%resultf_1 = ddiv i64 %bitcast_ln66_1, i64 %add2" [C:\scratch\2023.2\hls_product\689\2023.2\src\shared\hls\clib/hlsmath/include/FloatingPoint\hls_tanh.h:66]   --->   Operation 103 'ddiv' 'resultf_1' <Predicate = (!icmp_ln36 & !icmp_ln45 & !and_ln46 & tmp_2 & icmp_ln54)> <Delay = 30.1> <CoreInst = "DDiv">   --->   Core 39 'DDiv' <Latency = 9> <II = 1> <Delay = 30.1> <FuncUnit> <Opcode : 'ddiv' 'drem'> <InPorts = 2> <OutPorts = 1>

State 22 <SV = 21> <Delay = 32.1>
ST_22 : Operation 104 [1/10] (30.1ns)   --->   "%div = ddiv i64 2, i64 %add2" [C:\scratch\2023.2\hls_product\689\2023.2\src\shared\hls\clib/hlsmath/include/FloatingPoint\hls_tanh.h:71]   --->   Operation 104 'ddiv' 'div' <Predicate = (!icmp_ln36 & !icmp_ln45 & !and_ln46 & tmp_2 & !icmp_ln54)> <Delay = 30.1> <CoreInst = "DDiv">   --->   Core 39 'DDiv' <Latency = 9> <II = 1> <Delay = 30.1> <FuncUnit> <Opcode : 'ddiv' 'drem'> <InPorts = 2> <OutPorts = 1>
ST_22 : Operation 105 [1/10] (30.1ns)   --->   "%resultf_1 = ddiv i64 %bitcast_ln66_1, i64 %add2" [C:\scratch\2023.2\hls_product\689\2023.2\src\shared\hls\clib/hlsmath/include/FloatingPoint\hls_tanh.h:66]   --->   Operation 105 'ddiv' 'resultf_1' <Predicate = (!icmp_ln36 & !icmp_ln45 & !and_ln46 & tmp_2 & icmp_ln54)> <Delay = 30.1> <CoreInst = "DDiv">   --->   Core 39 'DDiv' <Latency = 9> <II = 1> <Delay = 30.1> <FuncUnit> <Opcode : 'ddiv' 'drem'> <InPorts = 2> <OutPorts = 1>
ST_22 : Operation 106 [1/1] (1.94ns)   --->   "%br_ln67 = br void %if.end38" [C:\scratch\2023.2\hls_product\689\2023.2\src\shared\hls\clib/hlsmath/include/FloatingPoint\hls_tanh.h:67]   --->   Operation 106 'br' 'br_ln67' <Predicate = (!icmp_ln36 & !icmp_ln45 & !and_ln46 & tmp_2 & icmp_ln54)> <Delay = 1.94>

State 23 <SV = 22> <Delay = 31.0>
ST_23 : Operation 107 [2/2] (31.0ns)   --->   "%resultf_2 = dsub i64 1, i64 %div" [C:\scratch\2023.2\hls_product\689\2023.2\src\shared\hls\clib/hlsmath/include/FloatingPoint\hls_tanh.h:71]   --->   Operation 107 'dsub' 'resultf_2' <Predicate = (!icmp_ln36 & !icmp_ln45 & !and_ln46 & tmp_2 & !icmp_ln54)> <Delay = 31.0> <CoreInst = "DAddSub_fulldsp">   --->   Core 37 'DAddSub_fulldsp' <Latency = 1> <II = 1> <Delay = 31.0> <FuncUnit> <Opcode : 'dadd' 'dsub'> <InPorts = 2> <OutPorts = 1>
ST_23 : Operation 108 [1/1] (1.48ns)   --->   "%select_ln38 = select i1 %icmp_ln38, i64 nan, i64 1" [C:\scratch\2023.2\hls_product\689\2023.2\src\shared\hls\clib/hlsmath/include/FloatingPoint\hls_tanh.h:38]   --->   Operation 108 'select' 'select_ln38' <Predicate = (icmp_ln36)> <Delay = 1.48> <CoreInst = "Sel">   --->   Core 73 'Sel' <Latency = 0> <II = 1> <Delay = 1.48> <FuncUnit> <Opcode : 'select'> <InPorts = 3> <OutPorts = 1>
ST_23 : Operation 109 [1/1] (1.94ns)   --->   "%br_ln38 = br void %if.end38" [C:\scratch\2023.2\hls_product\689\2023.2\src\shared\hls\clib/hlsmath/include/FloatingPoint\hls_tanh.h:38]   --->   Operation 109 'br' 'br_ln38' <Predicate = (icmp_ln36)> <Delay = 1.94>

State 24 <SV = 23> <Delay = 34.4>
ST_24 : Operation 110 [1/2] (31.0ns)   --->   "%resultf_2 = dsub i64 1, i64 %div" [C:\scratch\2023.2\hls_product\689\2023.2\src\shared\hls\clib/hlsmath/include/FloatingPoint\hls_tanh.h:71]   --->   Operation 110 'dsub' 'resultf_2' <Predicate = (!icmp_ln36 & !icmp_ln45 & !and_ln46 & tmp_2 & !icmp_ln54)> <Delay = 31.0> <CoreInst = "DAddSub_fulldsp">   --->   Core 37 'DAddSub_fulldsp' <Latency = 1> <II = 1> <Delay = 31.0> <FuncUnit> <Opcode : 'dadd' 'dsub'> <InPorts = 2> <OutPorts = 1>
ST_24 : Operation 111 [1/1] (1.94ns)   --->   "%br_ln0 = br void %if.end38"   --->   Operation 111 'br' 'br_ln0' <Predicate = (!icmp_ln36 & !icmp_ln45 & !and_ln46 & tmp_2 & !icmp_ln54)> <Delay = 1.94>
ST_24 : Operation 112 [1/1] (0.00ns)   --->   "%resultf_3 = phi i64 %resultf, void %if.then12, i64 %resultf_1, void %if.then25, i64 %resultf_2, void %if.else28, i64 %select_ln38, void %if.then, i64 1, void %if.else13"   --->   Operation 112 'phi' 'resultf_3' <Predicate = true> <Delay = 0.00>
ST_24 : Operation 113 [1/1] (0.00ns) (grouped into LUT with out node select_ln79)   --->   "%bitcast_ln83 = bitcast i64 %resultf_3" [C:\scratch\2023.2\hls_product\689\2023.2\src\shared\hls\clib/hlsmath/include/FloatingPoint\hls_tanh.h:83]   --->   Operation 113 'bitcast' 'bitcast_ln83' <Predicate = (din_sign)> <Delay = 0.00>
ST_24 : Operation 114 [1/1] (0.00ns) (grouped into LUT with out node select_ln79)   --->   "%xor_ln83 = xor i64 %bitcast_ln83, i64 9223372036854775808" [C:\scratch\2023.2\hls_product\689\2023.2\src\shared\hls\clib/hlsmath/include/FloatingPoint\hls_tanh.h:83]   --->   Operation 114 'xor' 'xor_ln83' <Predicate = (din_sign)> <Delay = 0.00> <CoreInst = "LogicGate">   --->   Core 74 'LogicGate' <Latency = 0> <II = 1> <Delay = 0.99> <FuncUnit> <Opcode : 'and' 'or' 'xor'> <InPorts = 2> <OutPorts = 1>
ST_24 : Operation 115 [1/1] (0.00ns) (grouped into LUT with out node select_ln79)   --->   "%bitcast_ln83_1 = bitcast i64 %xor_ln83" [C:\scratch\2023.2\hls_product\689\2023.2\src\shared\hls\clib/hlsmath/include/FloatingPoint\hls_tanh.h:83]   --->   Operation 115 'bitcast' 'bitcast_ln83_1' <Predicate = (din_sign)> <Delay = 0.00>
ST_24 : Operation 116 [1/1] (1.48ns) (out node of the LUT)   --->   "%select_ln79 = select i1 %din_sign, i64 %bitcast_ln83_1, i64 %resultf_3" [C:\scratch\2023.2\hls_product\689\2023.2\src\shared\hls\clib/hlsmath/include/FloatingPoint\hls_tanh.h:79]   --->   Operation 116 'select' 'select_ln79' <Predicate = true> <Delay = 1.48> <CoreInst = "Sel">   --->   Core 73 'Sel' <Latency = 0> <II = 1> <Delay = 1.48> <FuncUnit> <Opcode : 'select'> <InPorts = 3> <OutPorts = 1>
ST_24 : Operation 117 [1/1] (0.00ns)   --->   "%ret_ln85 = ret i64 %select_ln79" [C:\scratch\2023.2\hls_product\689\2023.2\src\shared\hls\clib/hlsmath/include/FloatingPoint\hls_tanh.h:85]   --->   Operation 117 'ret' 'ret_ln85' <Predicate = true> <Delay = 0.00>


============================================================
+ Verbose Summary: Timing violations
============================================================
Target clock period: 50.000ns, clock uncertainty: 13.500ns.

 <State 1>: 31.062ns
The critical path consists of the following:
	wire read operation ('t_in', C:\scratch\2023.2\hls_product\689\2023.2\src\shared\hls\clib/hlsmath/include/FloatingPoint\hls_tanh.h:28) on port 't_in' (C:\scratch\2023.2\hls_product\689\2023.2\src\shared\hls\clib/hlsmath/include/FloatingPoint\hls_tanh.h:28) [5]  (0.000 ns)
	'dadd' operation 64 bit ('add', C:\scratch\2023.2\hls_product\689\2023.2\src\shared\hls\clib/hlsmath/include/FloatingPoint\hls_tanh.h:49) [66]  (31.062 ns)

 <State 2>: 35.160ns
The critical path consists of the following:
	'dsub' operation 64 bit ('x', C:\scratch\2023.2\hls_product\689\2023.2\src\shared\hls\clib/hlsmath/include/FloatingPoint\hls_tanh.h:55) [30]  (31.062 ns)
	'select' operation 64 bit ('x', C:\scratch\2023.2\hls_product\689\2023.2\src\shared\hls\clib/hlsmath/include/FloatingPoint\hls_tanh.h:54) [32]  (1.481 ns)
	'icmp' operation 1 bit ('icmp_ln10', C:\scratch\2023.2\hls_product\689\2023.2\src\shared\hls\clib\hlsmath\src\common\hls_exp_double.cpp:10->C:\scratch\2023.2\hls_product\689\2023.2\src\shared\hls\clib/hlsmath/include/FloatingPoint\hls_tanh.h:61) [43]  (1.639 ns)
	'and' operation 1 bit ('and_ln10_1', C:\scratch\2023.2\hls_product\689\2023.2\src\shared\hls\clib\hlsmath\src\common\hls_exp_double.cpp:10->C:\scratch\2023.2\hls_product\689\2023.2\src\shared\hls\clib/hlsmath/include/FloatingPoint\hls_tanh.h:61) [45]  (0.978 ns)

 <State 3>: 32.353ns
The critical path consists of the following:
	'dmul' operation 64 bit ('resultf', C:\scratch\2023.2\hls_product\689\2023.2\src\shared\hls\clib/hlsmath/include/FloatingPoint\hls_tanh.h:49) [67]  (32.353 ns)

 <State 4>: 34.575ns
The critical path consists of the following:
	'call' operation 64 bit ('tmp_4', C:\scratch\2023.2\hls_product\689\2023.2\src\shared\hls\clib\hlsmath\src\common\hls_exp_double.cpp:11->C:\scratch\2023.2\hls_product\689\2023.2\src\shared\hls\clib/hlsmath/include/FloatingPoint\hls_tanh.h:61) to 'exp_generic<double>' [48]  (34.575 ns)

 <State 5>: 34.575ns
The critical path consists of the following:
	'call' operation 64 bit ('tmp_4', C:\scratch\2023.2\hls_product\689\2023.2\src\shared\hls\clib\hlsmath\src\common\hls_exp_double.cpp:11->C:\scratch\2023.2\hls_product\689\2023.2\src\shared\hls\clib/hlsmath/include/FloatingPoint\hls_tanh.h:61) to 'exp_generic<double>' [48]  (34.575 ns)

 <State 6>: 34.575ns
The critical path consists of the following:
	'call' operation 64 bit ('tmp_4', C:\scratch\2023.2\hls_product\689\2023.2\src\shared\hls\clib\hlsmath\src\common\hls_exp_double.cpp:11->C:\scratch\2023.2\hls_product\689\2023.2\src\shared\hls\clib/hlsmath/include/FloatingPoint\hls_tanh.h:61) to 'exp_generic<double>' [48]  (34.575 ns)

 <State 7>: 34.575ns
The critical path consists of the following:
	'call' operation 64 bit ('tmp_4', C:\scratch\2023.2\hls_product\689\2023.2\src\shared\hls\clib\hlsmath\src\common\hls_exp_double.cpp:11->C:\scratch\2023.2\hls_product\689\2023.2\src\shared\hls\clib/hlsmath/include/FloatingPoint\hls_tanh.h:61) to 'exp_generic<double>' [48]  (34.575 ns)

 <State 8>: 24.232ns
The critical path consists of the following:
	'call' operation 64 bit ('tmp_4', C:\scratch\2023.2\hls_product\689\2023.2\src\shared\hls\clib\hlsmath\src\common\hls_exp_double.cpp:11->C:\scratch\2023.2\hls_product\689\2023.2\src\shared\hls\clib/hlsmath/include/FloatingPoint\hls_tanh.h:61) to 'exp_generic<double>' [48]  (24.232 ns)

 <State 9>: 31.062ns
The critical path consists of the following:
	'dadd' operation 64 bit ('sub_i', C:\scratch\2023.2\hls_product\689\2023.2\src\shared\hls\clib\hlsmath\src\common\hls_exp_double.cpp:11->C:\scratch\2023.2\hls_product\689\2023.2\src\shared\hls\clib/hlsmath/include/FloatingPoint\hls_tanh.h:61) [49]  (31.062 ns)

 <State 10>: 32.650ns
The critical path consists of the following:
	'dadd' operation 64 bit ('sub_i', C:\scratch\2023.2\hls_product\689\2023.2\src\shared\hls\clib\hlsmath\src\common\hls_exp_double.cpp:11->C:\scratch\2023.2\hls_product\689\2023.2\src\shared\hls\clib/hlsmath/include/FloatingPoint\hls_tanh.h:61) [49]  (31.062 ns)
	multiplexor before 'phi' operation 64 bit ('x') with incoming values : ('x', C:\scratch\2023.2\hls_product\689\2023.2\src\shared\hls\clib/hlsmath/include/FloatingPoint\hls_tanh.h:54) ('sub_i', C:\scratch\2023.2\hls_product\689\2023.2\src\shared\hls\clib\hlsmath\src\common\hls_exp_double.cpp:11->C:\scratch\2023.2\hls_product\689\2023.2\src\shared\hls\clib/hlsmath/include/FloatingPoint\hls_tanh.h:61) [52]  (1.588 ns)

 <State 11>: 31.062ns
The critical path consists of the following:
	'phi' operation 64 bit ('x') with incoming values : ('x', C:\scratch\2023.2\hls_product\689\2023.2\src\shared\hls\clib/hlsmath/include/FloatingPoint\hls_tanh.h:54) ('sub_i', C:\scratch\2023.2\hls_product\689\2023.2\src\shared\hls\clib\hlsmath\src\common\hls_exp_double.cpp:11->C:\scratch\2023.2\hls_product\689\2023.2\src\shared\hls\clib/hlsmath/include/FloatingPoint\hls_tanh.h:61) [52]  (0.000 ns)
	'dadd' operation 64 bit ('add2', C:\scratch\2023.2\hls_product\689\2023.2\src\shared\hls\clib/hlsmath/include/FloatingPoint\hls_tanh.h:71) [53]  (31.062 ns)

 <State 12>: 31.062ns
The critical path consists of the following:
	'dadd' operation 64 bit ('add2', C:\scratch\2023.2\hls_product\689\2023.2\src\shared\hls\clib/hlsmath/include/FloatingPoint\hls_tanh.h:71) [53]  (31.062 ns)

 <State 13>: 31.149ns
The critical path consists of the following:
	'xor' operation 64 bit ('xor_ln66', C:\scratch\2023.2\hls_product\689\2023.2\src\shared\hls\clib/hlsmath/include/FloatingPoint\hls_tanh.h:66) [61]  (0.990 ns)
	'ddiv' operation 64 bit ('resultf', C:\scratch\2023.2\hls_product\689\2023.2\src\shared\hls\clib/hlsmath/include/FloatingPoint\hls_tanh.h:66) [63]  (30.159 ns)

 <State 14>: 30.159ns
The critical path consists of the following:
	'ddiv' operation 64 bit ('div', C:\scratch\2023.2\hls_product\689\2023.2\src\shared\hls\clib/hlsmath/include/FloatingPoint\hls_tanh.h:71) [56]  (30.159 ns)

 <State 15>: 30.159ns
The critical path consists of the following:
	'ddiv' operation 64 bit ('div', C:\scratch\2023.2\hls_product\689\2023.2\src\shared\hls\clib/hlsmath/include/FloatingPoint\hls_tanh.h:71) [56]  (30.159 ns)

 <State 16>: 30.159ns
The critical path consists of the following:
	'ddiv' operation 64 bit ('div', C:\scratch\2023.2\hls_product\689\2023.2\src\shared\hls\clib/hlsmath/include/FloatingPoint\hls_tanh.h:71) [56]  (30.159 ns)

 <State 17>: 30.159ns
The critical path consists of the following:
	'ddiv' operation 64 bit ('div', C:\scratch\2023.2\hls_product\689\2023.2\src\shared\hls\clib/hlsmath/include/FloatingPoint\hls_tanh.h:71) [56]  (30.159 ns)

 <State 18>: 30.159ns
The critical path consists of the following:
	'ddiv' operation 64 bit ('div', C:\scratch\2023.2\hls_product\689\2023.2\src\shared\hls\clib/hlsmath/include/FloatingPoint\hls_tanh.h:71) [56]  (30.159 ns)

 <State 19>: 30.159ns
The critical path consists of the following:
	'ddiv' operation 64 bit ('div', C:\scratch\2023.2\hls_product\689\2023.2\src\shared\hls\clib/hlsmath/include/FloatingPoint\hls_tanh.h:71) [56]  (30.159 ns)

 <State 20>: 30.159ns
The critical path consists of the following:
	'ddiv' operation 64 bit ('div', C:\scratch\2023.2\hls_product\689\2023.2\src\shared\hls\clib/hlsmath/include/FloatingPoint\hls_tanh.h:71) [56]  (30.159 ns)

 <State 21>: 30.159ns
The critical path consists of the following:
	'ddiv' operation 64 bit ('div', C:\scratch\2023.2\hls_product\689\2023.2\src\shared\hls\clib/hlsmath/include/FloatingPoint\hls_tanh.h:71) [56]  (30.159 ns)

 <State 22>: 32.105ns
The critical path consists of the following:
	'ddiv' operation 64 bit ('resultf', C:\scratch\2023.2\hls_product\689\2023.2\src\shared\hls\clib/hlsmath/include/FloatingPoint\hls_tanh.h:66) [63]  (30.159 ns)
	multiplexor before 'phi' operation 64 bit ('resultf') with incoming values : ('resultf', C:\scratch\2023.2\hls_product\689\2023.2\src\shared\hls\clib/hlsmath/include/FloatingPoint\hls_tanh.h:71) ('resultf', C:\scratch\2023.2\hls_product\689\2023.2\src\shared\hls\clib/hlsmath/include/FloatingPoint\hls_tanh.h:66) ('resultf', C:\scratch\2023.2\hls_product\689\2023.2\src\shared\hls\clib/hlsmath/include/FloatingPoint\hls_tanh.h:49) ('select_ln38', C:\scratch\2023.2\hls_product\689\2023.2\src\shared\hls\clib/hlsmath/include/FloatingPoint\hls_tanh.h:38) [74]  (1.946 ns)

 <State 23>: 31.062ns
The critical path consists of the following:
	'dsub' operation 64 bit ('resultf', C:\scratch\2023.2\hls_product\689\2023.2\src\shared\hls\clib/hlsmath/include/FloatingPoint\hls_tanh.h:71) [57]  (31.062 ns)

 <State 24>: 34.489ns
The critical path consists of the following:
	'dsub' operation 64 bit ('resultf', C:\scratch\2023.2\hls_product\689\2023.2\src\shared\hls\clib/hlsmath/include/FloatingPoint\hls_tanh.h:71) [57]  (31.062 ns)
	multiplexor before 'phi' operation 64 bit ('resultf') with incoming values : ('resultf', C:\scratch\2023.2\hls_product\689\2023.2\src\shared\hls\clib/hlsmath/include/FloatingPoint\hls_tanh.h:71) ('resultf', C:\scratch\2023.2\hls_product\689\2023.2\src\shared\hls\clib/hlsmath/include/FloatingPoint\hls_tanh.h:66) ('resultf', C:\scratch\2023.2\hls_product\689\2023.2\src\shared\hls\clib/hlsmath/include/FloatingPoint\hls_tanh.h:49) ('select_ln38', C:\scratch\2023.2\hls_product\689\2023.2\src\shared\hls\clib/hlsmath/include/FloatingPoint\hls_tanh.h:38) [74]  (1.946 ns)
	'phi' operation 64 bit ('resultf') with incoming values : ('resultf', C:\scratch\2023.2\hls_product\689\2023.2\src\shared\hls\clib/hlsmath/include/FloatingPoint\hls_tanh.h:71) ('resultf', C:\scratch\2023.2\hls_product\689\2023.2\src\shared\hls\clib/hlsmath/include/FloatingPoint\hls_tanh.h:66) ('resultf', C:\scratch\2023.2\hls_product\689\2023.2\src\shared\hls\clib/hlsmath/include/FloatingPoint\hls_tanh.h:49) ('select_ln38', C:\scratch\2023.2\hls_product\689\2023.2\src\shared\hls\clib/hlsmath/include/FloatingPoint\hls_tanh.h:38) [74]  (0.000 ns)
	'select' operation 64 bit ('select_ln79', C:\scratch\2023.2\hls_product\689\2023.2\src\shared\hls\clib/hlsmath/include/FloatingPoint\hls_tanh.h:79) [78]  (1.481 ns)


============================================================
+ Verbose Summary: Binding
============================================================
N/A
* FSMD analyzer results:
  - Output states:
 - Input state : 
  - Chain level:
	State 1
	State 2
	State 3
	State 4
	State 5
	State 6
	State 7
	State 8
	State 9
	State 10
	State 11
	State 12
	State 13
	State 14
	State 15
	State 16
	State 17
	State 18
	State 19
	State 20
	State 21
	State 22
	State 23
	State 24


============================================================
+ Verbose Summary: Datapath Resource usage 
============================================================
N/A
