Mismatch at index 0: Expected 38687300269692823000000000.000000, Got -0.134305
Mismatch at index 2: Expected 127409598823550480000000000000.000000, Got 0.663435
Mismatch at index 6: Expected 0.000000, Got 0.319231
Mismatch at index 7: Expected 0.000000, Got -0.370882
Mismatch at index 8: Expected -6554440.000000, Got -0.954546
Mismatch at index 9: Expected 0.000000, Got -0.837231
Mismatch at index 10: Expected 3.846052, Got -0.187659
Mismatch at index 11: Expected 0.000000, Got -1.092857
Mismatch at index 12: Expected 3.846062, Got 0.000000
Mismatch at index 14: Expected -22110210.000000, Got -0.187659
Mismatch at index 15: Expected 0.000000, Got 0.730836
Mismatch at index 18: Expected 0.000000, Got -0.319231
Mismatch at index 19: Expected 0.000000, Got 0.370882
Mismatch at index 25: Expected 0.000000, Got 0.991069
Mismatch at index 26: Expected 0.000000, Got -0.370882
Mismatch at index 27: Expected 0.000000, Got 0.447027
Mismatch at index 28: Expected 4.343750, Got -0.496783
Mismatch at index 29: Expected 0.000000, Got 0.396452
Mismatch at index 30: Expected -22127762.000000, Got -0.187659
Mismatch at index 31: Expected 0.000000, Got 0.345138
Mismatch at index 32: Expected 4.343750, Got -0.026914
Mismatch at index 33: Expected 0.000000, Got 0.708657
Mismatch at index 34: Expected 0.000000, Got 0.345138
Mismatch at index 35: Expected 0.000000, Got 0.593538
Mismatch at index 36: Expected 0.000000, Got -0.521329
Mismatch at index 38: Expected 0.000000, Got 0.545643
Mismatch at index 39: Expected 0.000000, Got 0.837231
Mismatch at index 40: Expected 4.344147, Got -0.026914
Mismatch at index 42: Expected 3.374733, Got 0.396452
Mismatch at index 45: Expected 0.000000, Got 0.396452
Mismatch at index 46: Expected -6735104.000000, Got 0.161021
Mismatch at index 49: Expected 0.000000, Got 1.434546
Mismatch at index 50: Expected 129016969592790750000000000000.000000, Got -0.214205
Mismatch at index 52: Expected 129722576147928170000000000000.000000, Got 0.053815
Mismatch at index 54: Expected 0.000000, Got 0.795590
Mismatch at index 55: Expected 0.000000, Got 0.319231
Mismatch at index 56: Expected 3.374790, Got -0.214205
Mismatch at index 58: Expected 3.374790, Got 0.187659
Mismatch at index 60: Expected 129117508775211050000000000000.000000, Got -0.214205
Mismatch at index 61: Expected 0.000000, Got 0.370882
Mismatch at index 62: Expected 129659712005308210000000000000.000000, Got 0.134305
Mismatch at index 64: Expected 129117508775211050000000000000.000000, Got 0.080689
Mismatch at index 65: Expected 0.000000, Got -0.545643
Mismatch at index 66: Expected 3.374756, Got -0.293173
Mismatch at index 67: Expected 0.000000, Got 0.396452
Mismatch at index 68: Expected 129117508775211050000000000000.000000, Got 0.053815
Mismatch at index 70: Expected 0.000000, Got 0.954546
Mismatch at index 74: Expected 21885812094559788000000.000000, Got 0.319231
Mismatch at index 75: Expected 0.000000, Got -1.043419
Mismatch at index 76: Expected 3.374790, Got -0.617104
Mismatch at index 78: Expected 129174252730869210000000000000.000000, Got -0.370882
Mismatch at index 82: Expected 0.000000, Got -1.237229
Mismatch at index 83: Expected 0.000000, Got 1.043419
Mismatch at index 87: Expected 0.000000, Got 1.043419
Mismatch at index 92: Expected 3.374870, Got 0.053815
Mismatch at index 94: Expected -6481344.000000, Got -0.187659
Mismatch at index 96: Expected 0.000000, Got 0.730836
Layer 4 Test Failed with 57 errors!
Mismatch at index 0: Expected -1.715765, Got -0.134305
Mismatch at index 1: Expected -0.696465, Got -0.214205
Mismatch at index 2: Expected 1.701039, Got 0.663435
Mismatch at index 3: Expected 1.675808, Got -0.053815
Mismatch at index 4: Expected 0.914167, Got -0.161021
Mismatch at index 5: Expected -1.715900, Got -0.134305
Mismatch at index 6: Expected -1.006879, Got 0.319231
Mismatch at index 7: Expected -1.674873, Got -0.370882
Mismatch at index 8: Expected -1.552081, Got -0.954546
Mismatch at index 9: Expected -1.715900, Got -0.837231
Mismatch at index 10: Expected 0.692276, Got -0.187659
Mismatch at index 11: Expected -1.715729, Got -1.092857
Mismatch at index 13: Expected 1.715900, Got -0.293173
Mismatch at index 14: Expected 1.668072, Got -0.187659
Mismatch at index 15: Expected 1.715538, Got 0.730836
Mismatch at index 16: Expected 0.395529, Got -0.240648
Mismatch at index 17: Expected 0.507796, Got 0.026914
Mismatch at index 18: Expected -1.657798, Got -0.319231
Mismatch at index 19: Expected 1.116264, Got 0.370882
Mismatch at index 20: Expected -0.201401, Got 0.214205
Mismatch at index 21: Expected 0.971463, Got -0.053815
Mismatch at index 23: Expected -1.534098, Got 0.187659
Mismatch at index 25: Expected 1.715900, Got 0.991069
Mismatch at index 26: Expected 0.759345, Got -0.370882
Mismatch at index 27: Expected -1.715900, Got 0.447027
Mismatch at index 28: Expected -1.706410, Got -0.496783
Mismatch at index 29: Expected 1.683708, Got 0.396452
Mismatch at index 30: Expected -0.699347, Got -0.187659
Mismatch at index 31: Expected 1.710323, Got 0.345138
Mismatch at index 32: Expected -1.456388, Got -0.026914
Mismatch at index 33: Expected 1.715896, Got 0.708657
Mismatch at index 35: Expected 1.715899, Got 0.593538
Mismatch at index 36: Expected -1.715763, Got -0.521329
Mismatch at index 37: Expected 0.651551, Got 0.240648
Mismatch at index 38: Expected -1.239298, Got 0.545643
Mismatch at index 39: Expected 1.669992, Got 0.837231
Mismatch at index 40: Expected 1.709422, Got -0.026914
Mismatch at index 41: Expected 1.518385, Got -0.214205
Mismatch at index 43: Expected -0.745050, Got 0.161021
Mismatch at index 44: Expected -1.448342, Got 0.187659
Mismatch at index 46: Expected 1.691940, Got 0.161021
Mismatch at index 47: Expected -1.687982, Got 0.161021
Mismatch at index 48: Expected -1.162059, Got 0.053815
Mismatch at index 50: Expected -0.978359, Got -0.214205
Mismatch at index 51: Expected 0.854589, Got -0.000000
Mismatch at index 52: Expected 1.715899, Got 0.053815
Mismatch at index 53: Expected -0.813373, Got -0.053815
Mismatch at index 54: Expected 1.701596, Got 0.795590
Mismatch at index 55: Expected 1.715897, Got 0.319231
Mismatch at index 56: Expected 1.662827, Got -0.214205
Mismatch at index 57: Expected -1.715900, Got 0.214205
Mismatch at index 58: Expected 1.387211, Got 0.187659
Mismatch at index 59: Expected 1.501705, Got 0.000000
Mismatch at index 60: Expected 1.253237, Got -0.214205
Mismatch at index 61: Expected 1.715897, Got 0.370882
Mismatch at index 62: Expected 1.492548, Got 0.134305
Mismatch at index 64: Expected 0.635848, Got 0.080689
Mismatch at index 65: Expected 0.978234, Got -0.545643
Mismatch at index 66: Expected 0.597996, Got -0.293173
Mismatch at index 67: Expected -0.354149, Got 0.396452
Mismatch at index 68: Expected -0.299678, Got 0.053815
Mismatch at index 70: Expected 1.715900, Got 0.954546
Mismatch at index 71: Expected -1.406483, Got 0.161021
Mismatch at index 75: Expected -1.715600, Got -1.043419
Mismatch at index 76: Expected -1.616478, Got -0.617104
Mismatch at index 77: Expected 1.715900, Got -0.161021
Mismatch at index 78: Expected -1.715474, Got -0.370882
Mismatch at index 79: Expected -1.709805, Got -0.080689
Mismatch at index 80: Expected -1.715900, Got -0.053815
Mismatch at index 81: Expected -0.321267, Got 0.161021
Mismatch at index 82: Expected -1.715900, Got -1.237229
Mismatch at index 83: Expected 1.714804, Got 1.043419
Mismatch at index 84: Expected 0.701230, Got -0.293173
Mismatch at index 85: Expected -1.239383, Got -0.107523
Mismatch at index 86: Expected -0.615365, Got -0.026914
Mismatch at index 87: Expected 1.715900, Got 1.043419
Mismatch at index 88: Expected -0.909460, Got 0.026914
Mismatch at index 89: Expected 0.661894, Got -0.107523
Mismatch at index 90: Expected 1.300284, Got -0.266975
Mismatch at index 91: Expected -0.512228, Got 0.107523
Mismatch at index 92: Expected 1.447501, Got 0.053815
Mismatch at index 94: Expected 1.568655, Got -0.187659
Mismatch at index 95: Expected -1.715856, Got -0.240648
Mismatch at index 96: Expected 1.715558, Got 0.730836
Mismatch at index 97: Expected 0.216902, Got -0.161021
Mismatch at index 98: Expected 0.372161, Got -0.161021
Mismatch at index 99: Expected -1.715900, Got -0.161021
Layer 4 Test Failed with 87 errors!
Mismatch at index 0: Expected -1.715765, Got -0.134305
Mismatch at index 1: Expected -0.696465, Got -0.214205
Mismatch at index 2: Expected 1.701039, Got 0.663435
Mismatch at index 3: Expected 1.675808, Got -0.053815
Mismatch at index 4: Expected 0.914167, Got -0.161021
Mismatch at index 5: Expected -1.715900, Got -0.134305
Mismatch at index 6: Expected -1.006879, Got 0.319231
Mismatch at index 7: Expected -1.674873, Got -0.370882
Mismatch at index 8: Expected -1.552081, Got -0.954546
Mismatch at index 9: Expected -1.715900, Got -0.837231
Mismatch at index 10: Expected 0.692276, Got -0.187659
Mismatch at index 11: Expected -1.715729, Got -1.092857
Mismatch at index 13: Expected 1.715900, Got -0.293173
Mismatch at index 14: Expected 1.668072, Got -0.187659
Mismatch at index 15: Expected 1.715538, Got 0.730836
Mismatch at index 16: Expected 0.395529, Got -0.240648
Mismatch at index 17: Expected 0.507796, Got 0.026914
Mismatch at index 18: Expected -1.657798, Got -0.319231
Mismatch at index 19: Expected 1.116264, Got 0.370882
Mismatch at index 20: Expected -0.201401, Got 0.214205
Mismatch at index 21: Expected 0.971463, Got -0.053815
Mismatch at index 23: Expected -1.534098, Got 0.187659
Mismatch at index 25: Expected 1.715900, Got 0.991069
Mismatch at index 26: Expected 0.759345, Got -0.370882
Mismatch at index 27: Expected -1.715900, Got 0.447027
Mismatch at index 28: Expected -1.706410, Got -0.496783
Mismatch at index 29: Expected 1.683708, Got 0.396452
Mismatch at index 30: Expected -0.699347, Got -0.187659
Mismatch at index 31: Expected 1.710323, Got 0.345138
Mismatch at index 32: Expected -1.456388, Got -0.026914
Mismatch at index 33: Expected 1.715896, Got 0.708657
Mismatch at index 35: Expected 1.715899, Got 0.593538
Mismatch at index 36: Expected -1.715763, Got -0.521329
Mismatch at index 37: Expected 0.651551, Got 0.240648
Mismatch at index 38: Expected -1.239298, Got 0.545643
Mismatch at index 39: Expected 1.669992, Got 0.837231
Mismatch at index 40: Expected 1.709422, Got -0.026914
Mismatch at index 41: Expected 1.518385, Got -0.214205
Mismatch at index 43: Expected -0.745050, Got 0.161021
Mismatch at index 44: Expected -1.448342, Got 0.187659
Mismatch at index 46: Expected 1.691940, Got 0.161021
Mismatch at index 47: Expected -1.687982, Got 0.161021
Mismatch at index 48: Expected -1.162059, Got 0.053815
Mismatch at index 50: Expected -0.978359, Got -0.214205
Mismatch at index 51: Expected 0.854589, Got -0.000000
Mismatch at index 52: Expected 1.715899, Got 0.053815
Mismatch at index 53: Expected -0.813373, Got -0.053815
Mismatch at index 54: Expected 1.701596, Got 0.795590
Mismatch at index 55: Expected 1.715897, Got 0.319231
Mismatch at index 56: Expected 1.662827, Got -0.214205
Mismatch at index 57: Expected -1.715900, Got 0.214205
Mismatch at index 58: Expected 1.387211, Got 0.187659
Mismatch at index 59: Expected 1.501705, Got 0.000000
Mismatch at index 60: Expected 1.253237, Got -0.214205
Mismatch at index 61: Expected 1.715897, Got 0.370882
Mismatch at index 62: Expected 1.492548, Got 0.134305
Mismatch at index 64: Expected 0.635848, Got 0.080689
Mismatch at index 65: Expected 0.978234, Got -0.545643
Mismatch at index 66: Expected 0.597996, Got -0.293173
Mismatch at index 67: Expected -0.354149, Got 0.396452
Mismatch at index 68: Expected -0.299678, Got 0.053815
Mismatch at index 70: Expected 1.715900, Got 0.954546
Mismatch at index 71: Expected -1.406483, Got 0.161021
Mismatch at index 75: Expected -1.715600, Got -1.043419
Mismatch at index 76: Expected -1.616478, Got -0.617104
Mismatch at index 77: Expected 1.715900, Got -0.161021
Mismatch at index 78: Expected -1.715474, Got -0.370882
Mismatch at index 79: Expected -1.709805, Got -0.080689
Mismatch at index 80: Expected -1.715900, Got -0.053815
Mismatch at index 81: Expected -0.321267, Got 0.161021
Mismatch at index 82: Expected -1.715900, Got -1.237229
Mismatch at index 83: Expected 1.714804, Got 1.043419
Mismatch at index 84: Expected 0.701230, Got -0.293173
Mismatch at index 85: Expected -1.239383, Got -0.107523
Mismatch at index 86: Expected -0.615365, Got -0.026914
Mismatch at index 87: Expected 1.715900, Got 1.043419
Mismatch at index 88: Expected -0.909460, Got 0.026914
Mismatch at index 89: Expected 0.661894, Got -0.107523
Mismatch at index 90: Expected 1.300284, Got -0.266975
Mismatch at index 91: Expected -0.512228, Got 0.107523
Mismatch at index 92: Expected 1.447501, Got 0.053815
Mismatch at index 94: Expected 1.568655, Got -0.187659
Mismatch at index 95: Expected -1.715856, Got -0.240648
Mismatch at index 96: Expected 1.715558, Got 0.730836
Mismatch at index 97: Expected 0.216902, Got -0.161021
Mismatch at index 98: Expected 0.372161, Got -0.161021
Mismatch at index 99: Expected -1.715900, Got -0.161021
Layer 4 Test Failed with 87 errors!
Mismatch at index 0: Expected -1.715765, Got -0.134305
Mismatch at index 1: Expected -0.696465, Got -0.214205
Mismatch at index 2: Expected 1.701039, Got 0.663435
Mismatch at index 3: Expected 1.675808, Got -0.053815
Mismatch at index 4: Expected 0.914167, Got -0.161021
Mismatch at index 5: Expected -1.715900, Got -0.134305
Mismatch at index 6: Expected -1.006879, Got 0.319231
Mismatch at index 7: Expected -1.674873, Got -0.370882
Mismatch at index 8: Expected -1.552081, Got -0.954546
Mismatch at index 9: Expected -1.715900, Got -0.837231
Mismatch at index 10: Expected 0.692276, Got -0.187659
Mismatch at index 11: Expected -1.715729, Got -1.092857
Mismatch at index 13: Expected 1.715900, Got -0.293173
Mismatch at index 14: Expected 1.668072, Got -0.187659
Mismatch at index 15: Expected 1.715538, Got 0.730836
Mismatch at index 16: Expected 0.395529, Got -0.240648
Mismatch at index 17: Expected 0.507796, Got 0.026914
Mismatch at index 18: Expected -1.657798, Got -0.319231
Mismatch at index 19: Expected 1.116264, Got 0.370882
Mismatch at index 20: Expected -0.201401, Got 0.214205
Mismatch at index 21: Expected 0.971463, Got -0.053815
Mismatch at index 23: Expected -1.534098, Got 0.187659
Mismatch at index 25: Expected 1.715900, Got 0.991069
Mismatch at index 26: Expected 0.759345, Got -0.370882
Mismatch at index 27: Expected -1.715900, Got 0.447027
Mismatch at index 28: Expected -1.706410, Got -0.496783
Mismatch at index 29: Expected 1.683708, Got 0.396452
Mismatch at index 30: Expected -0.699347, Got -0.187659
Mismatch at index 31: Expected 1.710323, Got 0.345138
Mismatch at index 32: Expected -1.456388, Got -0.026914
Mismatch at index 33: Expected 1.715896, Got 0.708657
Mismatch at index 35: Expected 1.715899, Got 0.593538
Mismatch at index 36: Expected -1.715763, Got -0.521329
Mismatch at index 37: Expected 0.651551, Got 0.240648
Mismatch at index 38: Expected -1.239298, Got 0.545643
Mismatch at index 39: Expected 1.669992, Got 0.837231
Mismatch at index 40: Expected 1.709422, Got -0.026914
Mismatch at index 41: Expected 1.518385, Got -0.214205
Mismatch at index 43: Expected -0.745050, Got 0.161021
Mismatch at index 44: Expected -1.448342, Got 0.187659
Mismatch at index 46: Expected 1.691940, Got 0.161021
Mismatch at index 47: Expected -1.687982, Got 0.161021
Mismatch at index 48: Expected -1.162059, Got 0.053815
Mismatch at index 50: Expected -0.978359, Got -0.214205
Mismatch at index 51: Expected 0.854589, Got -0.000000
Mismatch at index 52: Expected 1.715899, Got 0.053815
Mismatch at index 53: Expected -0.813373, Got -0.053815
Mismatch at index 54: Expected 1.701596, Got 0.795590
Mismatch at index 55: Expected 1.715897, Got 0.319231
Mismatch at index 56: Expected 1.662827, Got -0.214205
Mismatch at index 57: Expected -1.715900, Got 0.214205
Mismatch at index 58: Expected 1.387211, Got 0.187659
Mismatch at index 59: Expected 1.501705, Got 0.000000
Mismatch at index 60: Expected 1.253237, Got -0.214205
Mismatch at index 61: Expected 1.715897, Got 0.370882
Mismatch at index 62: Expected 1.492548, Got 0.134305
Mismatch at index 64: Expected 0.635848, Got 0.080689
Mismatch at index 65: Expected 0.978234, Got -0.545643
Mismatch at index 66: Expected 0.597996, Got -0.293173
Mismatch at index 67: Expected -0.354149, Got 0.396452
Mismatch at index 68: Expected -0.299678, Got 0.053815
Mismatch at index 70: Expected 1.715900, Got 0.954546
Mismatch at index 71: Expected -1.406483, Got 0.161021
Mismatch at index 75: Expected -1.715600, Got -1.043419
Mismatch at index 76: Expected -1.616478, Got -0.617104
Mismatch at index 77: Expected 1.715900, Got -0.161021
Mismatch at index 78: Expected -1.715474, Got -0.370882
Mismatch at index 79: Expected -1.709805, Got -0.080689
Mismatch at index 80: Expected -1.715900, Got -0.053815
Mismatch at index 81: Expected -0.321267, Got 0.161021
Mismatch at index 82: Expected -1.715900, Got -1.237229
Mismatch at index 83: Expected 1.714804, Got 1.043419
Mismatch at index 84: Expected 0.701230, Got -0.293173
Mismatch at index 85: Expected -1.239383, Got -0.107523
Mismatch at index 86: Expected -0.615365, Got -0.026914
Mismatch at index 87: Expected 1.715900, Got 1.043419
Mismatch at index 88: Expected -0.909460, Got 0.026914
Mismatch at index 89: Expected 0.661894, Got -0.107523
Mismatch at index 90: Expected 1.300284, Got -0.266975
Mismatch at index 91: Expected -0.512228, Got 0.107523
Mismatch at index 92: Expected 1.447501, Got 0.053815
Mismatch at index 94: Expected 1.568655, Got -0.187659
Mismatch at index 95: Expected -1.715856, Got -0.240648
Mismatch at index 96: Expected 1.715558, Got 0.730836
Mismatch at index 97: Expected 0.216902, Got -0.161021
Mismatch at index 98: Expected 0.372161, Got -0.161021
Mismatch at index 99: Expected -1.715900, Got -0.161021
Layer 4 Test Failed with 87 errors!
Mismatch at index 0: Expected -1.715765, Got -0.134305
Mismatch at index 1: Expected -0.696465, Got -0.214205
Mismatch at index 2: Expected 1.701039, Got 0.663435
Mismatch at index 3: Expected 1.675808, Got -0.053815
Mismatch at index 4: Expected 0.914167, Got -0.161021
Mismatch at index 5: Expected -1.715900, Got -0.134305
Mismatch at index 6: Expected -1.006879, Got 0.319231
Mismatch at index 7: Expected -1.674873, Got -0.370882
Mismatch at index 8: Expected -1.552081, Got -0.954546
Mismatch at index 9: Expected -1.715900, Got -0.837231
Mismatch at index 10: Expected 0.692276, Got -0.187659
Mismatch at index 11: Expected -1.715729, Got -1.092857
Mismatch at index 13: Expected 1.715900, Got -0.293173
Mismatch at index 14: Expected 1.668072, Got -0.187659
Mismatch at index 15: Expected 1.715538, Got 0.730836
Mismatch at index 16: Expected 0.395529, Got -0.240648
Mismatch at index 17: Expected 0.507796, Got 0.026914
Mismatch at index 18: Expected -1.657798, Got -0.319231
Mismatch at index 19: Expected 1.116264, Got 0.370882
Mismatch at index 20: Expected -0.201401, Got 0.214205
Mismatch at index 21: Expected 0.971463, Got -0.053815
Mismatch at index 23: Expected -1.534098, Got 0.187659
Mismatch at index 25: Expected 1.715900, Got 0.991069
Mismatch at index 26: Expected 0.759345, Got -0.370882
Mismatch at index 27: Expected -1.715900, Got 0.447027
Mismatch at index 28: Expected -1.706410, Got -0.496783
Mismatch at index 29: Expected 1.683708, Got 0.396452
Mismatch at index 30: Expected -0.699347, Got -0.187659
Mismatch at index 31: Expected 1.710323, Got 0.345138
Mismatch at index 32: Expected -1.456388, Got -0.026914
Mismatch at index 33: Expected 1.715896, Got 0.708657
Mismatch at index 35: Expected 1.715899, Got 0.593538
Mismatch at index 36: Expected -1.715763, Got -0.521329
Mismatch at index 37: Expected 0.651551, Got 0.240648
Mismatch at index 38: Expected -1.239298, Got 0.545643
Mismatch at index 39: Expected 1.669992, Got 0.837231
Mismatch at index 40: Expected 1.709422, Got -0.026914
Mismatch at index 41: Expected 1.518385, Got -0.214205
Mismatch at index 43: Expected -0.745050, Got 0.161021
Mismatch at index 44: Expected -1.448342, Got 0.187659
Mismatch at index 46: Expected 1.691940, Got 0.161021
Mismatch at index 47: Expected -1.687982, Got 0.161021
Mismatch at index 48: Expected -1.162059, Got 0.053815
Mismatch at index 50: Expected -0.978359, Got -0.214205
Mismatch at index 51: Expected 0.854589, Got -0.000000
Mismatch at index 52: Expected 1.715899, Got 0.053815
Mismatch at index 53: Expected -0.813373, Got -0.053815
Mismatch at index 54: Expected 1.701596, Got 0.795590
Mismatch at index 55: Expected 1.715897, Got 0.319231
Mismatch at index 56: Expected 1.662827, Got -0.214205
Mismatch at index 57: Expected -1.715900, Got 0.214205
Mismatch at index 58: Expected 1.387211, Got 0.187659
Mismatch at index 59: Expected 1.501705, Got 0.000000
Mismatch at index 60: Expected 1.253237, Got -0.214205
Mismatch at index 61: Expected 1.715897, Got 0.370882
Mismatch at index 62: Expected 1.492548, Got 0.134305
Mismatch at index 64: Expected 0.635848, Got 0.080689
Mismatch at index 65: Expected 0.978234, Got -0.545643
Mismatch at index 66: Expected 0.597996, Got -0.293173
Mismatch at index 67: Expected -0.354149, Got 0.396452
Mismatch at index 68: Expected -0.299678, Got 0.053815
Mismatch at index 70: Expected 1.715900, Got 0.954546
Mismatch at index 71: Expected -1.406483, Got 0.161021
Mismatch at index 75: Expected -1.715600, Got -1.043419
Mismatch at index 76: Expected -1.616478, Got -0.617104
Mismatch at index 77: Expected 1.715900, Got -0.161021
Mismatch at index 78: Expected -1.715474, Got -0.370882
Mismatch at index 79: Expected -1.709805, Got -0.080689
Mismatch at index 80: Expected -1.715900, Got -0.053815
Mismatch at index 81: Expected -0.321267, Got 0.161021
Mismatch at index 82: Expected -1.715900, Got -1.237229
Mismatch at index 83: Expected 1.714804, Got 1.043419
Mismatch at index 84: Expected 0.701230, Got -0.293173
Mismatch at index 85: Expected -1.239383, Got -0.107523
Mismatch at index 86: Expected -0.615365, Got -0.026914
Mismatch at index 87: Expected 1.715900, Got 1.043419
Mismatch at index 88: Expected -0.909460, Got 0.026914
Mismatch at index 89: Expected 0.661894, Got -0.107523
Mismatch at index 90: Expected 1.300284, Got -0.266975
Mismatch at index 91: Expected -0.512228, Got 0.107523
Mismatch at index 92: Expected 1.447501, Got 0.053815
Mismatch at index 94: Expected 1.568655, Got -0.187659
Mismatch at index 95: Expected -1.715856, Got -0.240648
Mismatch at index 96: Expected 1.715558, Got 0.730836
Mismatch at index 97: Expected 0.216902, Got -0.161021
Mismatch at index 98: Expected 0.372161, Got -0.161021
Mismatch at index 99: Expected -1.715900, Got -0.161021
Layer 4 Test Failed with 87 errors!
0 : -0.774308
1 : -0.319231
2 : 0.447027
3 : -0.991069
4 : -0.897331
5 : -0.266975
6 : -0.795590
7 : -0.521329
8 : -0.816566
9 : -1.026294
Le resultat est : 2 
Mismatch at index 0: Expected -1.715765, Got -0.134305
Mismatch at index 1: Expected -0.696465, Got -0.214205
Mismatch at index 2: Expected 1.701039, Got 0.663435
Mismatch at index 3: Expected 1.675808, Got -0.053815
Mismatch at index 4: Expected 0.914167, Got -0.161021
Mismatch at index 5: Expected -1.715900, Got -0.134305
Mismatch at index 6: Expected -1.006879, Got 0.319231
Mismatch at index 7: Expected -1.674873, Got -0.370882
Mismatch at index 8: Expected -1.552081, Got -0.954546
Mismatch at index 9: Expected -1.715900, Got -0.837231
Mismatch at index 10: Expected 0.692276, Got -0.187659
Mismatch at index 11: Expected -1.715729, Got -1.092857
Mismatch at index 13: Expected 1.715900, Got -0.293173
Mismatch at index 14: Expected 1.668072, Got -0.187659
Mismatch at index 15: Expected 1.715538, Got 0.730836
Mismatch at index 16: Expected 0.395529, Got -0.240648
Mismatch at index 17: Expected 0.507796, Got 0.026914
Mismatch at index 18: Expected -1.657798, Got -0.319231
Mismatch at index 19: Expected 1.116264, Got 0.370882
Mismatch at index 20: Expected -0.201401, Got 0.214205
Mismatch at index 21: Expected 0.971463, Got -0.053815
Mismatch at index 23: Expected -1.534098, Got 0.187659
Mismatch at index 25: Expected 1.715900, Got 0.991069
Mismatch at index 26: Expected 0.759345, Got -0.370882
Mismatch at index 27: Expected -1.715900, Got 0.447027
Mismatch at index 28: Expected -1.706410, Got -0.496783
Mismatch at index 29: Expected 1.683708, Got 0.396452
Mismatch at index 30: Expected -0.699347, Got -0.187659
Mismatch at index 31: Expected 1.710323, Got 0.345138
Mismatch at index 32: Expected -1.456388, Got -0.026914
Mismatch at index 33: Expected 1.715896, Got 0.708657
Mismatch at index 35: Expected 1.715899, Got 0.593538
Mismatch at index 36: Expected -1.715763, Got -0.521329
Mismatch at index 37: Expected 0.651551, Got 0.240648
Mismatch at index 38: Expected -1.239298, Got 0.545643
Mismatch at index 39: Expected 1.669992, Got 0.837231
Mismatch at index 40: Expected 1.709422, Got -0.026914
Mismatch at index 41: Expected 1.518385, Got -0.214205
Mismatch at index 43: Expected -0.745050, Got 0.161021
Mismatch at index 44: Expected -1.448342, Got 0.187659
Mismatch at index 46: Expected 1.691940, Got 0.161021
Mismatch at index 47: Expected -1.687982, Got 0.161021
Mismatch at index 48: Expected -1.162059, Got 0.053815
Mismatch at index 50: Expected -0.978359, Got -0.214205
Mismatch at index 51: Expected 0.854589, Got -0.000000
Mismatch at index 52: Expected 1.715899, Got 0.053815
Mismatch at index 53: Expected -0.813373, Got -0.053815
Mismatch at index 54: Expected 1.701596, Got 0.795590
Mismatch at index 55: Expected 1.715897, Got 0.319231
Mismatch at index 56: Expected 1.662827, Got -0.214205
Mismatch at index 57: Expected -1.715900, Got 0.214205
Mismatch at index 58: Expected 1.387211, Got 0.187659
Mismatch at index 59: Expected 1.501705, Got 0.000000
Mismatch at index 60: Expected 1.253237, Got -0.214205
Mismatch at index 61: Expected 1.715897, Got 0.370882
Mismatch at index 62: Expected 1.492548, Got 0.134305
Mismatch at index 64: Expected 0.635848, Got 0.080689
Mismatch at index 65: Expected 0.978234, Got -0.545643
Mismatch at index 66: Expected 0.597996, Got -0.293173
Mismatch at index 67: Expected -0.354149, Got 0.396452
Mismatch at index 68: Expected -0.299678, Got 0.053815
Mismatch at index 70: Expected 1.715900, Got 0.954546
Mismatch at index 71: Expected -1.406483, Got 0.161021
Mismatch at index 75: Expected -1.715600, Got -1.043419
Mismatch at index 76: Expected -1.616478, Got -0.617104
Mismatch at index 77: Expected 1.715900, Got -0.161021
Mismatch at index 78: Expected -1.715474, Got -0.370882
Mismatch at index 79: Expected -1.709805, Got -0.080689
Mismatch at index 80: Expected -1.715900, Got -0.053815
Mismatch at index 81: Expected -0.321267, Got 0.161021
Mismatch at index 82: Expected -1.715900, Got -1.237229
Mismatch at index 83: Expected 1.714804, Got 1.043419
Mismatch at index 84: Expected 0.701230, Got -0.293173
Mismatch at index 85: Expected -1.239383, Got -0.107523
Mismatch at index 86: Expected -0.615365, Got -0.026914
Mismatch at index 87: Expected 1.715900, Got 1.043419
Mismatch at index 88: Expected -0.909460, Got 0.026914
Mismatch at index 89: Expected 0.661894, Got -0.107523
Mismatch at index 90: Expected 1.300284, Got -0.266975
Mismatch at index 91: Expected -0.512228, Got 0.107523
Mismatch at index 92: Expected 1.447501, Got 0.053815
Mismatch at index 94: Expected 1.568655, Got -0.187659
Mismatch at index 95: Expected -1.715856, Got -0.240648
Mismatch at index 96: Expected 1.715558, Got 0.730836
Mismatch at index 97: Expected 0.216902, Got -0.161021
Mismatch at index 98: Expected 0.372161, Got -0.161021
Mismatch at index 99: Expected -1.715900, Got -0.161021
Layer 4 Test Failed with 87 errors!
0 : -0.791731
1 : -0.330385
2 : 0.451176
3 : -0.996576
4 : -0.908507
5 : -0.283169
6 : -0.809346
7 : -0.535735
8 : -0.817486
9 : -1.039867
Le resultat est : 2 
Mismatch at index 0: Expected -1.715765, Got -0.134305
Mismatch at index 1: Expected -0.696465, Got -0.214205
Mismatch at index 2: Expected 1.701039, Got 0.663435
Mismatch at index 3: Expected 1.675808, Got -0.053815
Mismatch at index 4: Expected 0.914167, Got -0.161021
Mismatch at index 5: Expected -1.715900, Got -0.134305
Mismatch at index 6: Expected -1.006879, Got 0.319231
Mismatch at index 7: Expected -1.674873, Got -0.370882
Mismatch at index 8: Expected -1.552081, Got -0.954546
Mismatch at index 9: Expected -1.715900, Got -0.837231
Mismatch at index 10: Expected 0.692276, Got -0.187659
Mismatch at index 11: Expected -1.715729, Got -1.092857
Mismatch at index 13: Expected 1.715900, Got -0.293173
Mismatch at index 14: Expected 1.668072, Got -0.187659
Mismatch at index 15: Expected 1.715538, Got 0.730836
Mismatch at index 16: Expected 0.395529, Got -0.240648
Mismatch at index 17: Expected 0.507796, Got 0.026914
Mismatch at index 18: Expected -1.657798, Got -0.319231
Mismatch at index 19: Expected 1.116264, Got 0.370882
Mismatch at index 20: Expected -0.201401, Got 0.214205
Mismatch at index 21: Expected 0.971463, Got -0.053815
Mismatch at index 23: Expected -1.534098, Got 0.187659
Mismatch at index 25: Expected 1.715900, Got 0.991069
Mismatch at index 26: Expected 0.759345, Got -0.370882
Mismatch at index 27: Expected -1.715900, Got 0.447027
Mismatch at index 28: Expected -1.706410, Got -0.496783
Mismatch at index 29: Expected 1.683708, Got 0.396452
Mismatch at index 30: Expected -0.699347, Got -0.187659
Mismatch at index 31: Expected 1.710323, Got 0.345138
Mismatch at index 32: Expected -1.456388, Got -0.026914
Mismatch at index 33: Expected 1.715896, Got 0.708657
Mismatch at index 35: Expected 1.715899, Got 0.593538
Mismatch at index 36: Expected -1.715763, Got -0.521329
Mismatch at index 37: Expected 0.651551, Got 0.240648
Mismatch at index 38: Expected -1.239298, Got 0.545643
Mismatch at index 39: Expected 1.669992, Got 0.837231
Mismatch at index 40: Expected 1.709422, Got -0.026914
Mismatch at index 41: Expected 1.518385, Got -0.214205
Mismatch at index 43: Expected -0.745050, Got 0.161021
Mismatch at index 44: Expected -1.448342, Got 0.187659
Mismatch at index 46: Expected 1.691940, Got 0.161021
Mismatch at index 47: Expected -1.687982, Got 0.161021
Mismatch at index 48: Expected -1.162059, Got 0.053815
Mismatch at index 50: Expected -0.978359, Got -0.214205
Mismatch at index 51: Expected 0.854589, Got -0.000000
Mismatch at index 52: Expected 1.715899, Got 0.053815
Mismatch at index 53: Expected -0.813373, Got -0.053815
Mismatch at index 54: Expected 1.701596, Got 0.795590
Mismatch at index 55: Expected 1.715897, Got 0.319231
Mismatch at index 56: Expected 1.662827, Got -0.214205
Mismatch at index 57: Expected -1.715900, Got 0.214205
Mismatch at index 58: Expected 1.387211, Got 0.187659
Mismatch at index 59: Expected 1.501705, Got 0.000000
Mismatch at index 60: Expected 1.253237, Got -0.214205
Mismatch at index 61: Expected 1.715897, Got 0.370882
Mismatch at index 62: Expected 1.492548, Got 0.134305
Mismatch at index 64: Expected 0.635848, Got 0.080689
Mismatch at index 65: Expected 0.978234, Got -0.545643
Mismatch at index 66: Expected 0.597996, Got -0.293173
Mismatch at index 67: Expected -0.354149, Got 0.396452
Mismatch at index 68: Expected -0.299678, Got 0.053815
Mismatch at index 70: Expected 1.715900, Got 0.954546
Mismatch at index 71: Expected -1.406483, Got 0.161021
Mismatch at index 75: Expected -1.715600, Got -1.043419
Mismatch at index 76: Expected -1.616478, Got -0.617104
Mismatch at index 77: Expected 1.715900, Got -0.161021
Mismatch at index 78: Expected -1.715474, Got -0.370882
Mismatch at index 79: Expected -1.709805, Got -0.080689
Mismatch at index 80: Expected -1.715900, Got -0.053815
Mismatch at index 81: Expected -0.321267, Got 0.161021
Mismatch at index 82: Expected -1.715900, Got -1.237229
Mismatch at index 83: Expected 1.714804, Got 1.043419
Mismatch at index 84: Expected 0.701230, Got -0.293173
Mismatch at index 85: Expected -1.239383, Got -0.107523
Mismatch at index 86: Expected -0.615365, Got -0.026914
Mismatch at index 87: Expected 1.715900, Got 1.043419
Mismatch at index 88: Expected -0.909460, Got 0.026914
Mismatch at index 89: Expected 0.661894, Got -0.107523
Mismatch at index 90: Expected 1.300284, Got -0.266975
Mismatch at index 91: Expected -0.512228, Got 0.107523
Mismatch at index 92: Expected 1.447501, Got 0.053815
Mismatch at index 94: Expected 1.568655, Got -0.187659
Mismatch at index 95: Expected -1.715856, Got -0.240648
Mismatch at index 96: Expected 1.715558, Got 0.730836
Mismatch at index 97: Expected 0.216902, Got -0.161021
Mismatch at index 98: Expected 0.372161, Got -0.161021
Mismatch at index 99: Expected -1.715900, Got -0.161021
Layer 4 Test Failed with 87 errors!
0 : -1.592398
1 : -0.655999
2 : 0.593023
3 : -1.015682
4 : -0.835816
5 : -0.340681
6 : -0.677601
7 : 0.483093
8 : 0.054090
9 : -0.103000
Le resultat est : 2 
Mismatch at index 0: Expected -1.715765, Got -0.134305
Mismatch at index 2: Expected 1.701039, Got 0.663435
Mismatch at index 3: Expected 1.675808, Got -0.053815
Mismatch at index 4: Expected 0.914167, Got -0.161021
Mismatch at index 5: Expected -1.715900, Got -0.134305
Mismatch at index 6: Expected -1.006879, Got 0.319231
Mismatch at index 7: Expected -1.674873, Got -0.370882
Mismatch at index 8: Expected -1.552081, Got -0.954546
Mismatch at index 9: Expected -1.715900, Got -0.837231
Mismatch at index 10: Expected 0.692276, Got -0.187659
Mismatch at index 11: Expected -1.715729, Got -1.092857
Mismatch at index 13: Expected 1.715900, Got -0.293173
Mismatch at index 14: Expected 1.668072, Got -0.187659
Mismatch at index 15: Expected 1.715538, Got 0.730836
Mismatch at index 16: Expected 0.395529, Got -0.240648
Mismatch at index 18: Expected -1.657798, Got -0.319231
Mismatch at index 19: Expected 1.116264, Got 0.370882
Mismatch at index 21: Expected 0.971463, Got -0.053815
Mismatch at index 23: Expected -1.534098, Got 0.187659
Mismatch at index 25: Expected 1.715900, Got 0.991069
Mismatch at index 26: Expected 0.759345, Got -0.370882
Mismatch at index 27: Expected -1.715900, Got 0.447027
Mismatch at index 28: Expected -1.706410, Got -0.496783
Mismatch at index 29: Expected 1.683708, Got 0.396452
Mismatch at index 30: Expected -0.699347, Got -0.187659
Mismatch at index 31: Expected 1.710323, Got 0.345138
Mismatch at index 32: Expected -1.456388, Got -0.026914
Mismatch at index 33: Expected 1.715896, Got 0.708657
Mismatch at index 35: Expected 1.715899, Got 0.593538
Mismatch at index 36: Expected -1.715763, Got -0.521329
Mismatch at index 38: Expected -1.239298, Got 0.545643
Mismatch at index 39: Expected 1.669992, Got 0.837231
Mismatch at index 40: Expected 1.709422, Got -0.026914
Mismatch at index 41: Expected 1.518385, Got -0.214205
Mismatch at index 43: Expected -0.745050, Got 0.161021
Mismatch at index 44: Expected -1.448342, Got 0.187659
Mismatch at index 46: Expected 1.691940, Got 0.161021
Mismatch at index 47: Expected -1.687982, Got 0.161021
Mismatch at index 48: Expected -1.162059, Got 0.053815
Mismatch at index 50: Expected -0.978359, Got -0.214205
Mismatch at index 51: Expected 0.854589, Got -0.000000
Mismatch at index 52: Expected 1.715899, Got 0.053815
Mismatch at index 53: Expected -0.813373, Got -0.053815
Mismatch at index 54: Expected 1.701596, Got 0.795590
Mismatch at index 55: Expected 1.715897, Got 0.319231
Mismatch at index 56: Expected 1.662827, Got -0.214205
Mismatch at index 57: Expected -1.715900, Got 0.214205
Mismatch at index 58: Expected 1.387211, Got 0.187659
Mismatch at index 59: Expected 1.501705, Got 0.000000
Mismatch at index 60: Expected 1.253237, Got -0.214205
Mismatch at index 61: Expected 1.715897, Got 0.370882
Mismatch at index 62: Expected 1.492548, Got 0.134305
Mismatch at index 64: Expected 0.635848, Got 0.080689
Mismatch at index 65: Expected 0.978234, Got -0.545643
Mismatch at index 66: Expected 0.597996, Got -0.293173
Mismatch at index 67: Expected -0.354149, Got 0.396452
Mismatch at index 70: Expected 1.715900, Got 0.954546
Mismatch at index 71: Expected -1.406483, Got 0.161021
Mismatch at index 75: Expected -1.715600, Got -1.043419
Mismatch at index 76: Expected -1.616478, Got -0.617104
Mismatch at index 77: Expected 1.715900, Got -0.161021
Mismatch at index 78: Expected -1.715474, Got -0.370882
Mismatch at index 79: Expected -1.709805, Got -0.080689
Mismatch at index 80: Expected -1.715900, Got -0.053815
Mismatch at index 83: Expected 1.714804, Got 1.043419
Mismatch at index 84: Expected 0.701230, Got -0.293173
Mismatch at index 85: Expected -1.239383, Got -0.107523
Mismatch at index 86: Expected -0.615365, Got -0.026914
Mismatch at index 87: Expected 1.715900, Got 1.043419
Mismatch at index 88: Expected -0.909460, Got 0.026914
Mismatch at index 89: Expected 0.661894, Got -0.107523
Mismatch at index 90: Expected 1.300284, Got -0.266975
Mismatch at index 91: Expected -0.512228, Got 0.107523
Mismatch at index 92: Expected 1.447501, Got 0.053815
Mismatch at index 94: Expected 1.568655, Got -0.187659
Mismatch at index 95: Expected -1.715856, Got -0.240648
Mismatch at index 96: Expected 1.715558, Got 0.730836
Mismatch at index 98: Expected 0.372161, Got -0.161021
Mismatch at index 99: Expected -1.715900, Got -0.161021
Layer 4 Test Failed with 79 errors!
0 : -1.623050
1 : -1.205225
2 : 1.033812
3 : -1.010681
4 : -1.042068
5 : -1.025913
6 : -0.869386
7 : -0.822067
8 : -0.947335
9 : -0.812383
Le resultat est : 2 
Mismatch at index 0: Expected -1.715765, Got -0.134305
Mismatch at index 2: Expected 1.701039, Got 0.663435
Mismatch at index 3: Expected 1.675808, Got -0.053815
Mismatch at index 4: Expected 0.914167, Got -0.161021
Mismatch at index 5: Expected -1.715900, Got -0.134305
Mismatch at index 6: Expected -1.006879, Got 0.319231
Mismatch at index 7: Expected -1.674873, Got -0.370882
Mismatch at index 8: Expected -1.552081, Got -0.954546
Mismatch at index 9: Expected -1.715900, Got -0.837231
Mismatch at index 10: Expected 0.692276, Got -0.187659
Mismatch at index 11: Expected -1.715729, Got -1.092857
Mismatch at index 13: Expected 1.715900, Got -0.293173
Mismatch at index 14: Expected 1.668072, Got -0.187659
Mismatch at index 15: Expected 1.715538, Got 0.730836
Mismatch at index 16: Expected 0.395529, Got -0.240648
Mismatch at index 18: Expected -1.657798, Got -0.319231
Mismatch at index 19: Expected 1.116264, Got 0.370882
Mismatch at index 21: Expected 0.971463, Got -0.053815
Mismatch at index 23: Expected -1.534098, Got 0.187659
Mismatch at index 25: Expected 1.715900, Got 0.991069
Mismatch at index 26: Expected 0.759345, Got -0.370882
Mismatch at index 27: Expected -1.715900, Got 0.447027
Mismatch at index 28: Expected -1.706410, Got -0.496783
Mismatch at index 29: Expected 1.683708, Got 0.396452
Mismatch at index 30: Expected -0.699347, Got -0.187659
Mismatch at index 31: Expected 1.710323, Got 0.345138
Mismatch at index 32: Expected -1.456388, Got -0.026914
Mismatch at index 33: Expected 1.715896, Got 0.708657
Mismatch at index 35: Expected 1.715899, Got 0.593538
Mismatch at index 36: Expected -1.715763, Got -0.521329
Mismatch at index 38: Expected -1.239298, Got 0.545643
Mismatch at index 39: Expected 1.669992, Got 0.837231
Mismatch at index 40: Expected 1.709422, Got -0.026914
Mismatch at index 41: Expected 1.518385, Got -0.214205
Mismatch at index 43: Expected -0.745050, Got 0.161021
Mismatch at index 44: Expected -1.448342, Got 0.187659
Mismatch at index 46: Expected 1.691940, Got 0.161021
Mismatch at index 47: Expected -1.687982, Got 0.161021
Mismatch at index 48: Expected -1.162059, Got 0.053815
Mismatch at index 50: Expected -0.978359, Got -0.214205
Mismatch at index 51: Expected 0.854589, Got -0.000000
Mismatch at index 52: Expected 1.715899, Got 0.053815
Mismatch at index 53: Expected -0.813373, Got -0.053815
Mismatch at index 54: Expected 1.701596, Got 0.795590
Mismatch at index 55: Expected 1.715897, Got 0.319231
Mismatch at index 56: Expected 1.662827, Got -0.214205
Mismatch at index 57: Expected -1.715900, Got 0.214205
Mismatch at index 58: Expected 1.387211, Got 0.187659
Mismatch at index 59: Expected 1.501705, Got 0.000000
Mismatch at index 60: Expected 1.253237, Got -0.214205
Mismatch at index 61: Expected 1.715897, Got 0.370882
Mismatch at index 62: Expected 1.492548, Got 0.134305
Mismatch at index 64: Expected 0.635848, Got 0.080689
Mismatch at index 65: Expected 0.978234, Got -0.545643
Mismatch at index 66: Expected 0.597996, Got -0.293173
Mismatch at index 67: Expected -0.354149, Got 0.396452
Mismatch at index 70: Expected 1.715900, Got 0.954546
Mismatch at index 71: Expected -1.406483, Got 0.161021
Mismatch at index 75: Expected -1.715600, Got -1.043419
Mismatch at index 76: Expected -1.616478, Got -0.617104
Mismatch at index 77: Expected 1.715900, Got -0.161021
Mismatch at index 78: Expected -1.715474, Got -0.370882
Mismatch at index 79: Expected -1.709805, Got -0.080689
Mismatch at index 80: Expected -1.715900, Got -0.053815
Mismatch at index 83: Expected 1.714804, Got 1.043419
Mismatch at index 84: Expected 0.701230, Got -0.293173
Mismatch at index 85: Expected -1.239383, Got -0.107523
Mismatch at index 86: Expected -0.615365, Got -0.026914
Mismatch at index 87: Expected 1.715900, Got 1.043419
Mismatch at index 88: Expected -0.909460, Got 0.026914
Mismatch at index 89: Expected 0.661894, Got -0.107523
Mismatch at index 90: Expected 1.300284, Got -0.266975
Mismatch at index 91: Expected -0.512228, Got 0.107523
Mismatch at index 92: Expected 1.447501, Got 0.053815
Mismatch at index 94: Expected 1.568655, Got -0.187659
Mismatch at index 95: Expected -1.715856, Got -0.240648
Mismatch at index 96: Expected 1.715558, Got 0.730836
Mismatch at index 98: Expected 0.372161, Got -0.161021
Mismatch at index 99: Expected -1.715900, Got -0.161021
Layer 4 Test Failed with 79 errors!
0 : -0.908826
1 : -0.436272
2 : 0.593023
3 : -1.015682
4 : -0.835816
5 : -0.340681
6 : 1.715900
7 : 0.483093
8 : 0.054090
9 : -0.103000
Le resultat est : 6 
Mismatch at index 0: Expected -1.714749, Got -0.134305
Mismatch at index 2: Expected 1.701795, Got 0.663435
Mismatch at index 3: Expected 1.673954, Got -0.053815
Mismatch at index 4: Expected 0.897331, Got -0.161021
Mismatch at index 5: Expected -1.714749, Got -0.134305
Mismatch at index 6: Expected -1.008844, Got 0.319231
Mismatch at index 7: Expected -1.672634, Got -0.370882
Mismatch at index 8: Expected -1.550077, Got -0.954546
Mismatch at index 9: Expected -1.714749, Got -0.837231
Mismatch at index 10: Expected 0.663435, Got -0.187659
Mismatch at index 11: Expected -1.714749, Got -1.092857
Mismatch at index 13: Expected 1.714749, Got -0.293173
Mismatch at index 14: Expected 1.665394, Got -0.187659
Mismatch at index 15: Expected 1.714749, Got 0.730836
Mismatch at index 16: Expected 0.396452, Got -0.240648
Mismatch at index 18: Expected -1.656964, Got -0.319231
Mismatch at index 19: Expected 1.108696, Got 0.370882
Mismatch at index 21: Expected 0.972970, Got -0.053815
Mismatch at index 23: Expected -1.523493, Got 0.187659
Mismatch at index 25: Expected 1.714749, Got 0.991069
Mismatch at index 26: Expected 0.752722, Got -0.370882
Mismatch at index 27: Expected -1.714749, Got 0.447027
Mismatch at index 28: Expected -1.707076, Got -0.496783
Mismatch at index 29: Expected 1.683176, Got 0.396452
Mismatch at index 31: Expected 1.710026, Got 0.345138
Mismatch at index 32: Expected -1.457919, Got -0.026914
Mismatch at index 33: Expected 1.714749, Got 0.708657
Mismatch at index 35: Expected 1.714749, Got 0.593538
Mismatch at index 36: Expected -1.714749, Got -0.521329
Mismatch at index 38: Expected -1.237229, Got 0.545643
Mismatch at index 39: Expected 1.675234, Got 0.837231
Mismatch at index 40: Expected 1.709242, Got -0.026914
Mismatch at index 41: Expected 1.511775, Got -0.214205
Mismatch at index 43: Expected -0.730836, Got 0.161021
Mismatch at index 44: Expected -1.450333, Got 0.187659
Mismatch at index 46: Expected 1.691167, Got 0.161021
Mismatch at index 47: Expected -1.687002, Got 0.161021
Mismatch at index 48: Expected -1.154312, Got 0.053815
Mismatch at index 50: Expected -0.954546, Got -0.214205
Mismatch at index 51: Expected 0.857581, Got -0.000000
Mismatch at index 52: Expected 1.714749, Got 0.053815
Mismatch at index 53: Expected -0.795590, Got -0.053815
Mismatch at index 54: Expected 1.700409, Got 0.795590
Mismatch at index 55: Expected 1.714749, Got 0.319231
Mismatch at index 56: Expected 1.662175, Got -0.214205
Mismatch at index 57: Expected -1.714749, Got 0.214205
Mismatch at index 58: Expected 1.381944, Got 0.187659
Mismatch at index 59: Expected 1.492939, Got 0.000000
Mismatch at index 60: Expected 1.250006, Got -0.214205
Mismatch at index 61: Expected 1.714749, Got 0.370882
Mismatch at index 62: Expected 1.492939, Got 0.134305
Mismatch at index 64: Expected 0.617104, Got 0.080689
Mismatch at index 65: Expected 0.972970, Got -0.545643
Mismatch at index 66: Expected 0.569715, Got -0.293173
Mismatch at index 67: Expected -0.319231, Got 0.396452
Mismatch at index 70: Expected 1.714749, Got 0.954546
Mismatch at index 71: Expected -1.400387, Got 0.161021
Mismatch at index 75: Expected -1.714749, Got -1.043419
Mismatch at index 76: Expected -1.610408, Got -0.617104
Mismatch at index 77: Expected 1.714749, Got -0.161021
Mismatch at index 78: Expected -1.714749, Got -0.370882
Mismatch at index 79: Expected -1.709448, Got -0.080689
Mismatch at index 80: Expected -1.714749, Got -0.053815
Mismatch at index 83: Expected 1.714749, Got 1.043419
Mismatch at index 84: Expected 0.663435, Got -0.293173
Mismatch at index 85: Expected -1.237229, Got -0.107523
Mismatch at index 86: Expected -0.617104, Got -0.026914
Mismatch at index 87: Expected 1.714749, Got 1.043419
Mismatch at index 88: Expected -0.916725, Got 0.026914
Mismatch at index 89: Expected 0.663435, Got -0.107523
Mismatch at index 90: Expected 1.298265, Got -0.266975
Mismatch at index 91: Expected -0.496783, Got 0.107523
Mismatch at index 92: Expected 1.442544, Got 0.053815
Mismatch at index 94: Expected 1.559703, Got -0.187659
Mismatch at index 95: Expected -1.714749, Got -0.240648
Mismatch at index 96: Expected 1.714749, Got 0.730836
Mismatch at index 99: Expected -1.714749, Got -0.161021
Layer 4 Test Failed with 77 errors!
0 : -1.622840
1 : -1.205138
2 : 1.037550
3 : -1.010798
4 : -1.039216
5 : -1.024966
6 : -0.867257
7 : -0.044343
8 : -0.219396
9 : -0.024028
Le resultat est : 2 
