

================================================================
== Vitis HLS Report for 'cnn_lenet'
================================================================
* Date:           Thu Jan 30 18:34:55 2025

* Version:        2023.2 (Build 4023990 on Oct 11 2023)
* Project:        CNN_lenet5
* Solution:       solution8 (Vivado IP Flow Target)
* Product family: zynq
* Target device:  xc7z020-clg484-1


================================================================
== Performance Estimates
================================================================
+ Timing: 
    * Summary: 
    +--------+----------+-----------+------------+
    |  Clock |  Target  | Estimated | Uncertainty|
    +--------+----------+-----------+------------+
    |ap_clk  |  20.00 ns|  15.327 ns|     5.40 ns|
    +--------+----------+-----------+------------+

+ Latency: 
    * Summary: 
    +---------+---------+-----------+-----------+--------+--------+---------+
    |  Latency (cycles) |   Latency (absolute)  |     Interval    | Pipeline|
    |   min   |   max   |    min    |    max    |   min  |   max  |   Type  |
    +---------+---------+-----------+-----------+--------+--------+---------+
    |   595147|   595147|  11.903 ms|  11.903 ms|  595148|  595148|       no|
    +---------+---------+-----------+-----------+--------+--------+---------+

    + Detail: 
        * Instance: 
        +-------------------------------------------------------------------------------------+--------------------------------------------------------------------------+---------+---------+-----------+-----------+--------+--------+---------+
        |                                                                                     |                                                                          |  Latency (cycles) |   Latency (absolute)  |     Interval    | Pipeline|
        |                                       Instance                                      |                                  Module                                  |   min   |   max   |    min    |    max    |   min  |   max  |   Type  |
        +-------------------------------------------------------------------------------------+--------------------------------------------------------------------------+---------+---------+-----------+-----------+--------+--------+---------+
        |grp_cnn_lenet_Pipeline_calculateLayer2_loop_OutputRow_Loop_OutputColumn_Loop_fu_207  |cnn_lenet_Pipeline_calculateLayer2_loop_OutputRow_Loop_OutputColumn_Loop  |    26463|    26463|   0.529 ms|   0.529 ms|   26463|   26463|       no|
        |grp_cnn_lenet_Pipeline_calculateLayer3_loop_row_Loop_col_loop_fu_223                 |cnn_lenet_Pipeline_calculateLayer3_loop_row_Loop_col_loop                 |   190475|   190475|   3.809 ms|   3.809 ms|  190475|  190475|       no|
        |grp_cnn_lenet_Pipeline_col_loop2_kernelRow_Loop2_kernelCol_loop2_fu_234              |cnn_lenet_Pipeline_col_loop2_kernelRow_Loop2_kernelCol_loop2              |     3759|     3759|  75.180 us|  75.180 us|    3759|    3759|       no|
        |grp_SIGMOID_fu_244                                                                   |SIGMOID                                                                   |        9|        9|   0.180 us|   0.180 us|       1|       1|      yes|
        +-------------------------------------------------------------------------------------+--------------------------------------------------------------------------+---------+---------+-----------+-----------+--------+--------+---------+

        * Loop: 
        +------------------------+---------+---------+----------+-----------+-----------+------+----------+
        |                        |  Latency (cycles) | Iteration|  Initiation Interval  | Trip |          |
        |        Loop Name       |   min   |   max   |  Latency |  achieved |   target  | Count| Pipelined|
        +------------------------+---------+---------+----------+-----------+-----------+------+----------+
        |- calculateLayer4_loop  |   378200|   378200|      3782|          -|          -|   100|        no|
        +------------------------+---------+---------+----------+-----------+-----------+------+----------+



================================================================
== Utilization Estimates
================================================================
* Summary: 
+-----------------+---------+-----+--------+-------+-----+
|       Name      | BRAM_18K| DSP |   FF   |  LUT  | URAM|
+-----------------+---------+-----+--------+-------+-----+
|DSP              |        -|    -|       -|      -|    -|
|Expression       |        -|    -|       0|    222|    -|
|FIFO             |        -|    -|       -|      -|    -|
|Instance         |        9|   21|   19308|  16288|    -|
|Memory           |        6|    -|       0|      0|    0|
|Multiplexer      |        -|    -|       -|    591|    -|
|Register         |        -|    -|     604|      -|    -|
+-----------------+---------+-----+--------+-------+-----+
|Total            |       15|   21|   19912|  17101|    0|
+-----------------+---------+-----+--------+-------+-----+
|Available        |      280|  220|  106400|  53200|    0|
+-----------------+---------+-----+--------+-------+-----+
|Utilization (%)  |        5|    9|      18|     32|    0|
+-----------------+---------+-----+--------+-------+-----+

+ Detail: 
    * Instance: 
    +-------------------------------------------------------------------------------------+--------------------------------------------------------------------------+---------+----+-------+------+-----+
    |                                       Instance                                      |                                  Module                                  | BRAM_18K| DSP|   FF  |  LUT | URAM|
    +-------------------------------------------------------------------------------------+--------------------------------------------------------------------------+---------+----+-------+------+-----+
    |CTRL_bus_s_axi_U                                                                     |CTRL_bus_s_axi                                                            |        0|   0|     36|    40|    0|
    |Layer_Neurons_m_axi_U                                                                |Layer_Neurons_m_axi                                                       |        4|   0|    830|   734|    0|
    |Layer_Weights_m_axi_U                                                                |Layer_Weights_m_axi                                                       |        4|   0|    830|   734|    0|
    |grp_SIGMOID_fu_244                                                                   |SIGMOID                                                                   |        1|  11|    778|  2001|    0|
    |grp_cnn_lenet_Pipeline_calculateLayer2_loop_OutputRow_Loop_OutputColumn_Loop_fu_207  |cnn_lenet_Pipeline_calculateLayer2_loop_OutputRow_Loop_OutputColumn_Loop  |        0|   2|   2624|  2053|    0|
    |grp_cnn_lenet_Pipeline_calculateLayer3_loop_row_Loop_col_loop_fu_223                 |cnn_lenet_Pipeline_calculateLayer3_loop_row_Loop_col_loop                 |        0|   2|  13241|  8963|    0|
    |grp_cnn_lenet_Pipeline_col_loop2_kernelRow_Loop2_kernelCol_loop2_fu_234              |cnn_lenet_Pipeline_col_loop2_kernelRow_Loop2_kernelCol_loop2              |        0|   1|    234|   360|    0|
    |control_s_axi_U                                                                      |control_s_axi                                                             |        0|   0|    380|   680|    0|
    |fadd_32ns_32ns_32_4_full_dsp_1_U46                                                   |fadd_32ns_32ns_32_4_full_dsp_1                                            |        0|   2|    227|   403|    0|
    |fmul_32ns_32ns_32_2_max_dsp_1_U47                                                    |fmul_32ns_32ns_32_2_max_dsp_1                                             |        0|   3|    128|   320|    0|
    +-------------------------------------------------------------------------------------+--------------------------------------------------------------------------+---------+----+-------+------+-----+
    |Total                                                                                |                                                                          |        9|  21|  19308| 16288|    0|
    +-------------------------------------------------------------------------------------+--------------------------------------------------------------------------+---------+----+-------+------+-----+

    * DSP: 
    N/A

    * Memory: 
    +----------------------+---------------------------------------+---------+---+----+-----+------+-----+------+-------------+
    |        Memory        |                 Module                | BRAM_18K| FF| LUT| URAM| Words| Bits| Banks| W*Bits*Banks|
    +----------------------+---------------------------------------+---------+---+----+-----+------+-----+------+-------------+
    |Layer2_Neurons_CPU_U  |Layer2_Neurons_CPU_RAM_1WNR_AUTO_1R1W  |        2|  0|   0|    0|  1014|   32|     1|        32448|
    |Layer3_Neurons_CPU_U  |Layer3_Neurons_CPU_RAM_AUTO_1R1W       |        4|  0|   0|    0|  1250|   32|     1|        40000|
    +----------------------+---------------------------------------+---------+---+----+-----+------+-----+------+-------------+
    |Total                 |                                       |        6|  0|   0|    0|  2264|   64|     2|        72448|
    +----------------------+---------------------------------------+---------+---+----+-----+------+-----+------+-------------+

    * FIFO: 
    N/A

    * Expression: 
    +----------------------+----------+----+---+----+------------+------------+
    |     Variable Name    | Operation| DSP| FF| LUT| Bitwidth P0| Bitwidth P1|
    +----------------------+----------+----+---+----+------------+------------+
    |add_ln73_1_fu_287_p2  |         +|   0|  0|  26|          19|          13|
    |add_ln73_fu_299_p2    |         +|   0|  0|  14|           7|           1|
    |add_ln74_1_fu_319_p2  |         +|   0|  0|  71|          64|          64|
    |add_ln74_2_fu_324_p2  |         +|   0|  0|  71|          64|          64|
    |add_ln74_fu_309_p2    |         +|   0|  0|  26|          19|           3|
    |icmp_ln73_fu_293_p2   |      icmp|   0|  0|  14|           7|           6|
    +----------------------+----------+----+---+----+------------+------------+
    |Total                 |          |   0|  0| 222|         180|         151|
    +----------------------+----------+----+---+----+------------+------------+

    * Multiplexer: 
    +-----------------------------+-----+-----------+-----+-----------+
    |             Name            | LUT | Input Size| Bits| Total Bits|
    +-----------------------------+-----+-----------+-----+-----------+
    |Layer2_Neurons_CPU_address0  |   14|          3|   10|         30|
    |Layer2_Neurons_CPU_ce0       |   14|          3|    1|          3|
    |Layer2_Neurons_CPU_ce1       |    9|          2|    1|          2|
    |Layer2_Neurons_CPU_we0       |    9|          2|    1|          2|
    |Layer3_Neurons_CPU_address0  |   14|          3|   11|         33|
    |Layer3_Neurons_CPU_ce0       |   14|          3|    1|          3|
    |Layer3_Neurons_CPU_we0       |    9|          2|    1|          2|
    |Layer_Neurons_ARVALID        |    9|          2|    1|          2|
    |Layer_Neurons_RREADY         |    9|          2|    1|          2|
    |Layer_Neurons_blk_n_AW       |    9|          2|    1|          2|
    |Layer_Neurons_blk_n_B        |    9|          2|    1|          2|
    |Layer_Neurons_blk_n_W        |    9|          2|    1|          2|
    |Layer_Weights_ARADDR         |   31|          6|   64|        384|
    |Layer_Weights_ARLEN          |   31|          6|   32|        192|
    |Layer_Weights_ARVALID        |   25|          5|    1|          5|
    |Layer_Weights_RREADY         |   25|          5|    1|          5|
    |Layer_Weights_blk_n_AR       |    9|          2|    1|          2|
    |Layer_Weights_blk_n_R        |    9|          2|    1|          2|
    |ap_NS_fsm                    |  147|         33|    1|         33|
    |grp_SIGMOID_fu_244_ap_ce     |   14|          3|    1|          3|
    |grp_SIGMOID_fu_244_ap_start  |   14|          3|    1|          3|
    |grp_SIGMOID_fu_244_x         |   20|          4|   32|        128|
    |grp_fu_473_ce                |   20|          4|    1|          4|
    |grp_fu_473_p0                |   20|          4|   32|        128|
    |grp_fu_473_p1                |   20|          4|   32|        128|
    |grp_fu_477_ce                |   20|          4|    1|          4|
    |grp_fu_477_p0                |   20|          4|   32|        128|
    |grp_fu_477_p1                |   20|          4|   32|        128|
    |i_fu_126                     |    9|          2|    7|         14|
    |phi_mul_fu_122               |    9|          2|   19|         38|
    +-----------------------------+-----+-----------+-----+-----------+
    |Total                        |  591|        125|  322|       1414|
    +-----------------------------+-----+-----------+-----+-----------+

    * Register: 
    +--------------------------------------------------------------------------------------------------+----+----+-----+-----------+
    |                                               Name                                               | FF | LUT| Bits| Const Bits|
    +--------------------------------------------------------------------------------------------------+----+----+-----+-----------+
    |Layer1_Neurons_CPU_read_reg_421                                                                   |  64|   0|   64|          0|
    |Layer1_Weights_CPU_read_reg_416                                                                   |  64|   0|   64|          0|
    |Layer2_Weights_CPU_read_reg_411                                                                   |  64|   0|   64|          0|
    |Layer3_Weights_CPU_read_reg_405                                                                   |  64|   0|   64|          0|
    |Layer_Neurons_addr_reg_432                                                                        |  64|   0|   64|          0|
    |Layer_Weights_addr_2_read_reg_458                                                                 |  32|   0|   32|          0|
    |Layer_Weights_addr_2_reg_441                                                                      |  64|   0|   64|          0|
    |ap_CS_fsm                                                                                         |  32|   0|   32|          0|
    |grp_SIGMOID_fu_244_ap_start_reg                                                                   |   1|   0|    1|          0|
    |grp_cnn_lenet_Pipeline_calculateLayer2_loop_OutputRow_Loop_OutputColumn_Loop_fu_207_ap_start_reg  |   1|   0|    1|          0|
    |grp_cnn_lenet_Pipeline_calculateLayer3_loop_row_Loop_col_loop_fu_223_ap_start_reg                 |   1|   0|    1|          0|
    |grp_cnn_lenet_Pipeline_col_loop2_kernelRow_Loop2_kernelCol_loop2_fu_234_ap_start_reg              |   1|   0|    1|          0|
    |i_fu_126                                                                                          |   7|   0|    7|          0|
    |phi_mul_fu_122                                                                                    |  19|   0|   19|          0|
    |somme_reg_463                                                                                     |  32|   0|   32|          0|
    |tmp_1_reg_468                                                                                     |  32|   0|   32|          0|
    |trunc_ln4_reg_447                                                                                 |  62|   0|   62|          0|
    +--------------------------------------------------------------------------------------------------+----+----+-----+-----------+
    |Total                                                                                             | 604|   0|  604|          0|
    +--------------------------------------------------------------------------------------------------+----+----+-----+-----------+



================================================================
== Interface
================================================================
* Summary: 
+------------------------------+-----+-----+------------+---------------+--------------+
|           RTL Ports          | Dir | Bits|  Protocol  | Source Object |    C Type    |
+------------------------------+-----+-----+------------+---------------+--------------+
|s_axi_CTRL_bus_AWVALID        |   in|    1|       s_axi|       CTRL_bus|   return void|
|s_axi_CTRL_bus_AWREADY        |  out|    1|       s_axi|       CTRL_bus|   return void|
|s_axi_CTRL_bus_AWADDR         |   in|    4|       s_axi|       CTRL_bus|   return void|
|s_axi_CTRL_bus_WVALID         |   in|    1|       s_axi|       CTRL_bus|   return void|
|s_axi_CTRL_bus_WREADY         |  out|    1|       s_axi|       CTRL_bus|   return void|
|s_axi_CTRL_bus_WDATA          |   in|   32|       s_axi|       CTRL_bus|   return void|
|s_axi_CTRL_bus_WSTRB          |   in|    4|       s_axi|       CTRL_bus|   return void|
|s_axi_CTRL_bus_ARVALID        |   in|    1|       s_axi|       CTRL_bus|   return void|
|s_axi_CTRL_bus_ARREADY        |  out|    1|       s_axi|       CTRL_bus|   return void|
|s_axi_CTRL_bus_ARADDR         |   in|    4|       s_axi|       CTRL_bus|   return void|
|s_axi_CTRL_bus_RVALID         |  out|    1|       s_axi|       CTRL_bus|   return void|
|s_axi_CTRL_bus_RREADY         |   in|    1|       s_axi|       CTRL_bus|   return void|
|s_axi_CTRL_bus_RDATA          |  out|   32|       s_axi|       CTRL_bus|   return void|
|s_axi_CTRL_bus_RRESP          |  out|    2|       s_axi|       CTRL_bus|   return void|
|s_axi_CTRL_bus_BVALID         |  out|    1|       s_axi|       CTRL_bus|   return void|
|s_axi_CTRL_bus_BREADY         |   in|    1|       s_axi|       CTRL_bus|   return void|
|s_axi_CTRL_bus_BRESP          |  out|    2|       s_axi|       CTRL_bus|   return void|
|s_axi_control_AWVALID         |   in|    1|       s_axi|        control|        scalar|
|s_axi_control_AWREADY         |  out|    1|       s_axi|        control|        scalar|
|s_axi_control_AWADDR          |   in|    7|       s_axi|        control|        scalar|
|s_axi_control_WVALID          |   in|    1|       s_axi|        control|        scalar|
|s_axi_control_WREADY          |  out|    1|       s_axi|        control|        scalar|
|s_axi_control_WDATA           |   in|   32|       s_axi|        control|        scalar|
|s_axi_control_WSTRB           |   in|    4|       s_axi|        control|        scalar|
|s_axi_control_ARVALID         |   in|    1|       s_axi|        control|        scalar|
|s_axi_control_ARREADY         |  out|    1|       s_axi|        control|        scalar|
|s_axi_control_ARADDR          |   in|    7|       s_axi|        control|        scalar|
|s_axi_control_RVALID          |  out|    1|       s_axi|        control|        scalar|
|s_axi_control_RREADY          |   in|    1|       s_axi|        control|        scalar|
|s_axi_control_RDATA           |  out|   32|       s_axi|        control|        scalar|
|s_axi_control_RRESP           |  out|    2|       s_axi|        control|        scalar|
|s_axi_control_BVALID          |  out|    1|       s_axi|        control|        scalar|
|s_axi_control_BREADY          |   in|    1|       s_axi|        control|        scalar|
|s_axi_control_BRESP           |  out|    2|       s_axi|        control|        scalar|
|ap_clk                        |   in|    1|  ap_ctrl_hs|      cnn_lenet|  return value|
|ap_rst_n                      |   in|    1|  ap_ctrl_hs|      cnn_lenet|  return value|
|interrupt                     |  out|    1|  ap_ctrl_hs|      cnn_lenet|  return value|
|m_axi_Layer_Neurons_AWVALID   |  out|    1|       m_axi|  Layer_Neurons|       pointer|
|m_axi_Layer_Neurons_AWREADY   |   in|    1|       m_axi|  Layer_Neurons|       pointer|
|m_axi_Layer_Neurons_AWADDR    |  out|   64|       m_axi|  Layer_Neurons|       pointer|
|m_axi_Layer_Neurons_AWID      |  out|    1|       m_axi|  Layer_Neurons|       pointer|
|m_axi_Layer_Neurons_AWLEN     |  out|    8|       m_axi|  Layer_Neurons|       pointer|
|m_axi_Layer_Neurons_AWSIZE    |  out|    3|       m_axi|  Layer_Neurons|       pointer|
|m_axi_Layer_Neurons_AWBURST   |  out|    2|       m_axi|  Layer_Neurons|       pointer|
|m_axi_Layer_Neurons_AWLOCK    |  out|    2|       m_axi|  Layer_Neurons|       pointer|
|m_axi_Layer_Neurons_AWCACHE   |  out|    4|       m_axi|  Layer_Neurons|       pointer|
|m_axi_Layer_Neurons_AWPROT    |  out|    3|       m_axi|  Layer_Neurons|       pointer|
|m_axi_Layer_Neurons_AWQOS     |  out|    4|       m_axi|  Layer_Neurons|       pointer|
|m_axi_Layer_Neurons_AWREGION  |  out|    4|       m_axi|  Layer_Neurons|       pointer|
|m_axi_Layer_Neurons_AWUSER    |  out|    1|       m_axi|  Layer_Neurons|       pointer|
|m_axi_Layer_Neurons_WVALID    |  out|    1|       m_axi|  Layer_Neurons|       pointer|
|m_axi_Layer_Neurons_WREADY    |   in|    1|       m_axi|  Layer_Neurons|       pointer|
|m_axi_Layer_Neurons_WDATA     |  out|   32|       m_axi|  Layer_Neurons|       pointer|
|m_axi_Layer_Neurons_WSTRB     |  out|    4|       m_axi|  Layer_Neurons|       pointer|
|m_axi_Layer_Neurons_WLAST     |  out|    1|       m_axi|  Layer_Neurons|       pointer|
|m_axi_Layer_Neurons_WID       |  out|    1|       m_axi|  Layer_Neurons|       pointer|
|m_axi_Layer_Neurons_WUSER     |  out|    1|       m_axi|  Layer_Neurons|       pointer|
|m_axi_Layer_Neurons_ARVALID   |  out|    1|       m_axi|  Layer_Neurons|       pointer|
|m_axi_Layer_Neurons_ARREADY   |   in|    1|       m_axi|  Layer_Neurons|       pointer|
|m_axi_Layer_Neurons_ARADDR    |  out|   64|       m_axi|  Layer_Neurons|       pointer|
|m_axi_Layer_Neurons_ARID      |  out|    1|       m_axi|  Layer_Neurons|       pointer|
|m_axi_Layer_Neurons_ARLEN     |  out|    8|       m_axi|  Layer_Neurons|       pointer|
|m_axi_Layer_Neurons_ARSIZE    |  out|    3|       m_axi|  Layer_Neurons|       pointer|
|m_axi_Layer_Neurons_ARBURST   |  out|    2|       m_axi|  Layer_Neurons|       pointer|
|m_axi_Layer_Neurons_ARLOCK    |  out|    2|       m_axi|  Layer_Neurons|       pointer|
|m_axi_Layer_Neurons_ARCACHE   |  out|    4|       m_axi|  Layer_Neurons|       pointer|
|m_axi_Layer_Neurons_ARPROT    |  out|    3|       m_axi|  Layer_Neurons|       pointer|
|m_axi_Layer_Neurons_ARQOS     |  out|    4|       m_axi|  Layer_Neurons|       pointer|
|m_axi_Layer_Neurons_ARREGION  |  out|    4|       m_axi|  Layer_Neurons|       pointer|
|m_axi_Layer_Neurons_ARUSER    |  out|    1|       m_axi|  Layer_Neurons|       pointer|
|m_axi_Layer_Neurons_RVALID    |   in|    1|       m_axi|  Layer_Neurons|       pointer|
|m_axi_Layer_Neurons_RREADY    |  out|    1|       m_axi|  Layer_Neurons|       pointer|
|m_axi_Layer_Neurons_RDATA     |   in|   32|       m_axi|  Layer_Neurons|       pointer|
|m_axi_Layer_Neurons_RLAST     |   in|    1|       m_axi|  Layer_Neurons|       pointer|
|m_axi_Layer_Neurons_RID       |   in|    1|       m_axi|  Layer_Neurons|       pointer|
|m_axi_Layer_Neurons_RUSER     |   in|    1|       m_axi|  Layer_Neurons|       pointer|
|m_axi_Layer_Neurons_RRESP     |   in|    2|       m_axi|  Layer_Neurons|       pointer|
|m_axi_Layer_Neurons_BVALID    |   in|    1|       m_axi|  Layer_Neurons|       pointer|
|m_axi_Layer_Neurons_BREADY    |  out|    1|       m_axi|  Layer_Neurons|       pointer|
|m_axi_Layer_Neurons_BRESP     |   in|    2|       m_axi|  Layer_Neurons|       pointer|
|m_axi_Layer_Neurons_BID       |   in|    1|       m_axi|  Layer_Neurons|       pointer|
|m_axi_Layer_Neurons_BUSER     |   in|    1|       m_axi|  Layer_Neurons|       pointer|
|m_axi_Layer_Weights_AWVALID   |  out|    1|       m_axi|  Layer_Weights|       pointer|
|m_axi_Layer_Weights_AWREADY   |   in|    1|       m_axi|  Layer_Weights|       pointer|
|m_axi_Layer_Weights_AWADDR    |  out|   64|       m_axi|  Layer_Weights|       pointer|
|m_axi_Layer_Weights_AWID      |  out|    1|       m_axi|  Layer_Weights|       pointer|
|m_axi_Layer_Weights_AWLEN     |  out|    8|       m_axi|  Layer_Weights|       pointer|
|m_axi_Layer_Weights_AWSIZE    |  out|    3|       m_axi|  Layer_Weights|       pointer|
|m_axi_Layer_Weights_AWBURST   |  out|    2|       m_axi|  Layer_Weights|       pointer|
|m_axi_Layer_Weights_AWLOCK    |  out|    2|       m_axi|  Layer_Weights|       pointer|
|m_axi_Layer_Weights_AWCACHE   |  out|    4|       m_axi|  Layer_Weights|       pointer|
|m_axi_Layer_Weights_AWPROT    |  out|    3|       m_axi|  Layer_Weights|       pointer|
|m_axi_Layer_Weights_AWQOS     |  out|    4|       m_axi|  Layer_Weights|       pointer|
|m_axi_Layer_Weights_AWREGION  |  out|    4|       m_axi|  Layer_Weights|       pointer|
|m_axi_Layer_Weights_AWUSER    |  out|    1|       m_axi|  Layer_Weights|       pointer|
|m_axi_Layer_Weights_WVALID    |  out|    1|       m_axi|  Layer_Weights|       pointer|
|m_axi_Layer_Weights_WREADY    |   in|    1|       m_axi|  Layer_Weights|       pointer|
|m_axi_Layer_Weights_WDATA     |  out|   32|       m_axi|  Layer_Weights|       pointer|
|m_axi_Layer_Weights_WSTRB     |  out|    4|       m_axi|  Layer_Weights|       pointer|
|m_axi_Layer_Weights_WLAST     |  out|    1|       m_axi|  Layer_Weights|       pointer|
|m_axi_Layer_Weights_WID       |  out|    1|       m_axi|  Layer_Weights|       pointer|
|m_axi_Layer_Weights_WUSER     |  out|    1|       m_axi|  Layer_Weights|       pointer|
|m_axi_Layer_Weights_ARVALID   |  out|    1|       m_axi|  Layer_Weights|       pointer|
|m_axi_Layer_Weights_ARREADY   |   in|    1|       m_axi|  Layer_Weights|       pointer|
|m_axi_Layer_Weights_ARADDR    |  out|   64|       m_axi|  Layer_Weights|       pointer|
|m_axi_Layer_Weights_ARID      |  out|    1|       m_axi|  Layer_Weights|       pointer|
|m_axi_Layer_Weights_ARLEN     |  out|    8|       m_axi|  Layer_Weights|       pointer|
|m_axi_Layer_Weights_ARSIZE    |  out|    3|       m_axi|  Layer_Weights|       pointer|
|m_axi_Layer_Weights_ARBURST   |  out|    2|       m_axi|  Layer_Weights|       pointer|
|m_axi_Layer_Weights_ARLOCK    |  out|    2|       m_axi|  Layer_Weights|       pointer|
|m_axi_Layer_Weights_ARCACHE   |  out|    4|       m_axi|  Layer_Weights|       pointer|
|m_axi_Layer_Weights_ARPROT    |  out|    3|       m_axi|  Layer_Weights|       pointer|
|m_axi_Layer_Weights_ARQOS     |  out|    4|       m_axi|  Layer_Weights|       pointer|
|m_axi_Layer_Weights_ARREGION  |  out|    4|       m_axi|  Layer_Weights|       pointer|
|m_axi_Layer_Weights_ARUSER    |  out|    1|       m_axi|  Layer_Weights|       pointer|
|m_axi_Layer_Weights_RVALID    |   in|    1|       m_axi|  Layer_Weights|       pointer|
|m_axi_Layer_Weights_RREADY    |  out|    1|       m_axi|  Layer_Weights|       pointer|
|m_axi_Layer_Weights_RDATA     |   in|   32|       m_axi|  Layer_Weights|       pointer|
|m_axi_Layer_Weights_RLAST     |   in|    1|       m_axi|  Layer_Weights|       pointer|
|m_axi_Layer_Weights_RID       |   in|    1|       m_axi|  Layer_Weights|       pointer|
|m_axi_Layer_Weights_RUSER     |   in|    1|       m_axi|  Layer_Weights|       pointer|
|m_axi_Layer_Weights_RRESP     |   in|    2|       m_axi|  Layer_Weights|       pointer|
|m_axi_Layer_Weights_BVALID    |   in|    1|       m_axi|  Layer_Weights|       pointer|
|m_axi_Layer_Weights_BREADY    |  out|    1|       m_axi|  Layer_Weights|       pointer|
|m_axi_Layer_Weights_BRESP     |   in|    2|       m_axi|  Layer_Weights|       pointer|
|m_axi_Layer_Weights_BID       |   in|    1|       m_axi|  Layer_Weights|       pointer|
|m_axi_Layer_Weights_BUSER     |   in|    1|       m_axi|  Layer_Weights|       pointer|
+------------------------------+-----+-----+------------+---------------+--------------+

