

================================================================
== Vitis HLS Report for 'cnn_lenet_Pipeline_col_loop2_kernelRow_Loop2_kernelCol_loop2'
================================================================
* Date:           Thu Jan 30 18:34:54 2025

* Version:        2023.2 (Build 4023990 on Oct 11 2023)
* Project:        CNN_lenet5
* Solution:       solution8 (Vivado IP Flow Target)
* Product family: zynq
* Target device:  xc7z020-clg484-1


================================================================
== Performance Estimates
================================================================
+ Timing: 
    * Summary: 
    +--------+----------+-----------+------------+
    |  Clock |  Target  | Estimated | Uncertainty|
    +--------+----------+-----------+------------+
    |ap_clk  |  20.00 ns|  14.600 ns|     5.40 ns|
    +--------+----------+-----------+------------+

+ Latency: 
    * Summary: 
    +---------+---------+-----------+-----------+------+------+---------+
    |  Latency (cycles) |   Latency (absolute)  |   Interval  | Pipeline|
    |   min   |   max   |    min    |    max    |  min |  max |   Type  |
    +---------+---------+-----------+-----------+------+------+---------+
    |     3759|     3759|  75.180 us|  75.180 us|  3759|  3759|       no|
    +---------+---------+-----------+-----------+------+------+---------+

    + Detail: 
        * Instance: 
        N/A

        * Loop: 
        +---------------------------------------------+---------+---------+----------+-----------+-----------+------+----------+
        |                                             |  Latency (cycles) | Iteration|  Initiation Interval  | Trip |          |
        |                  Loop Name                  |   min   |   max   |  Latency |  achieved |   target  | Count| Pipelined|
        +---------------------------------------------+---------+---------+----------+-----------+-----------+------+----------+
        |- col_loop2_kernelRow_Loop2_kernelCol_loop2  |     3757|     3757|        11|          3|          3|  1250|       yes|
        +---------------------------------------------+---------+---------+----------+-----------+-----------+------+----------+



================================================================
== Utilization Estimates
================================================================
* Summary: 
+-----------------+---------+-----+--------+-------+-----+
|       Name      | BRAM_18K| DSP |   FF   |  LUT  | URAM|
+-----------------+---------+-----+--------+-------+-----+
|DSP              |        -|    1|       -|      -|    -|
|Expression       |        -|    -|       0|    155|    -|
|FIFO             |        -|    -|       -|      -|    -|
|Instance         |        -|    -|       -|      -|    -|
|Memory           |        -|    -|       -|      -|    -|
|Multiplexer      |        -|    -|       -|    173|    -|
|Register         |        -|    -|     234|     32|    -|
+-----------------+---------+-----+--------+-------+-----+
|Total            |        0|    1|     234|    360|    0|
+-----------------+---------+-----+--------+-------+-----+
|Available        |      280|  220|  106400|  53200|    0|
+-----------------+---------+-----+--------+-------+-----+
|Utilization (%)  |        0|   ~0|      ~0|     ~0|    0|
+-----------------+---------+-----+--------+-------+-----+

+ Detail: 
    * Instance: 
    N/A

    * DSP: 
    +-----------------------------------+-------------------------------+--------------+
    |              Instance             |             Module            |  Expression  |
    +-----------------------------------+-------------------------------+--------------+
    |mac_muladd_6ns_5ns_3ns_11_4_1_U40  |mac_muladd_6ns_5ns_3ns_11_4_1  |  i0 * i1 + i2|
    +-----------------------------------+-------------------------------+--------------+

    * Memory: 
    N/A

    * FIFO: 
    N/A

    * Expression: 
    +---------------------------+----------+----+---+----+------------+------------+
    |       Variable Name       | Operation| DSP| FF| LUT| Bitwidth P0| Bitwidth P1|
    +---------------------------+----------+----+---+----+------------+------------+
    |add_ln75_1_fu_210_p2       |         +|   0|  0|  14|           6|           1|
    |add_ln75_fu_192_p2         |         +|   0|  0|  12|          11|           1|
    |add_ln76_1_fu_228_p2       |         +|   0|  0|  14|           6|           1|
    |add_ln76_fu_315_p2         |         +|   0|  0|  11|           3|           1|
    |add_ln77_fu_294_p2         |         +|   0|  0|  11|           3|           1|
    |add_ln79_1_fu_350_p2       |         +|   0|  0|  12|          11|          11|
    |add_ln79_fu_340_p2         |         +|   0|  0|  13|           5|           5|
    |and_ln29_fu_271_p2         |       and|   0|  0|   2|           1|           1|
    |ap_block_pp0_stage1_00001  |       and|   0|  0|   2|           1|           1|
    |icmp_ln75_fu_186_p2        |      icmp|   0|  0|  12|          11|          11|
    |icmp_ln76_fu_204_p2        |      icmp|   0|  0|  14|           6|           5|
    |icmp_ln77_fu_265_p2        |      icmp|   0|  0|  11|           3|           3|
    |or_ln29_fu_277_p2          |        or|   0|  0|   2|           1|           1|
    |select_ln29_1_fu_282_p3    |    select|   0|  0|   3|           1|           1|
    |select_ln29_fu_308_p3      |    select|   0|  0|   3|           1|           1|
    |select_ln75_fu_216_p3      |    select|   0|  0|   6|           1|           6|
    |select_ln76_1_fu_234_p3    |    select|   0|  0|   6|           1|           1|
    |select_ln76_fu_321_p3      |    select|   0|  0|   3|           1|           3|
    |ap_enable_pp0              |       xor|   0|  0|   2|           1|           2|
    |xor_ln29_fu_260_p2         |       xor|   0|  0|   2|           1|           2|
    +---------------------------+----------+----+---+----+------------+------------+
    |Total                      |          |   0|  0| 155|          75|          59|
    +---------------------------+----------+----+---+----+------------+------------+

    * Multiplexer: 
    +----------------------------------------+----+-----------+-----+-----------+
    |                  Name                  | LUT| Input Size| Bits| Total Bits|
    +----------------------------------------+----+-----------+-----+-----------+
    |Layer_Weights_blk_n_R                   |   9|          2|    1|          2|
    |ap_NS_fsm                               |  20|          4|    1|          4|
    |ap_done_int                             |   9|          2|    1|          2|
    |ap_enable_reg_pp0_iter0                 |   9|          2|    1|          2|
    |ap_enable_reg_pp0_iter1                 |   9|          2|    1|          2|
    |ap_enable_reg_pp0_iter3                 |   9|          2|    1|          2|
    |ap_loop_exit_ready_pp0_iter1_reg        |   9|          2|    1|          2|
    |ap_loop_exit_ready_pp0_iter2_reg        |   9|          2|    1|          2|
    |ap_sig_allocacmp_indvar_flatten51_load  |   9|          2|    6|         12|
    |ap_sig_allocacmp_indvar_flatten66_load  |   9|          2|   11|         22|
    |ap_sig_allocacmp_j_load                 |   9|          2|    6|         12|
    |ap_sig_allocacmp_somme_1_load_1         |   9|          2|   32|         64|
    |indvar_flatten51_fu_92                  |   9|          2|    6|         12|
    |indvar_flatten66_fu_100                 |   9|          2|   11|         22|
    |j_fu_96                                 |   9|          2|    6|         12|
    |k_fu_88                                 |   9|          2|    3|          6|
    |m_fu_84                                 |   9|          2|    3|          6|
    |somme_1_fu_80                           |   9|          2|   32|         64|
    +----------------------------------------+----+-----------+-----+-----------+
    |Total                                   | 173|         38|  124|        250|
    +----------------------------------------+----+-----------+-----+-----------+

    * Register: 
    +----------------------------------+----+----+-----+-----------+
    |               Name               | FF | LUT| Bits| Const Bits|
    +----------------------------------+----+----+-----+-----------+
    |Layer3_Neurons_CPU_load_reg_481   |  32|   0|   32|          0|
    |Layer_Weights_addr_read_reg_476   |  32|   0|   32|          0|
    |and_ln29_reg_461                  |   1|   0|    1|          0|
    |ap_CS_fsm                         |   3|   0|    3|          0|
    |ap_done_reg                       |   1|   0|    1|          0|
    |ap_enable_reg_pp0_iter0_reg       |   1|   0|    1|          0|
    |ap_enable_reg_pp0_iter1           |   1|   0|    1|          0|
    |ap_enable_reg_pp0_iter2           |   1|   0|    1|          0|
    |ap_enable_reg_pp0_iter3           |   1|   0|    1|          0|
    |ap_loop_exit_ready_pp0_iter1_reg  |   1|   0|    1|          0|
    |ap_loop_exit_ready_pp0_iter2_reg  |   1|   0|    1|          0|
    |icmp_ln75_reg_445                 |   1|   0|    1|          0|
    |icmp_ln76_reg_449                 |   1|   0|    1|          0|
    |indvar_flatten51_fu_92            |   6|   0|    6|          0|
    |indvar_flatten66_fu_100           |  11|   0|   11|          0|
    |j_fu_96                           |   6|   0|    6|          0|
    |k_fu_88                           |   3|   0|    3|          0|
    |m_fu_84                           |   3|   0|    3|          0|
    |mul7_reg_491                      |  32|   0|   32|          0|
    |somme_1_fu_80                     |  32|   0|   32|          0|
    |icmp_ln75_reg_445                 |  64|  32|    1|          0|
    +----------------------------------+----+----+-----+-----------+
    |Total                             | 234|  32|  171|          0|
    +----------------------------------+----+----+-----+-----------+



================================================================
== Interface
================================================================
* Summary: 
+------------------------------+-----+-----+------------+--------------------------------------------------------------+--------------+
|           RTL Ports          | Dir | Bits|  Protocol  |                         Source Object                        |    C Type    |
+------------------------------+-----+-----+------------+--------------------------------------------------------------+--------------+
|ap_clk                        |   in|    1|  ap_ctrl_hs|  cnn_lenet_Pipeline_col_loop2_kernelRow_Loop2_kernelCol_loop2|  return value|
|ap_rst                        |   in|    1|  ap_ctrl_hs|  cnn_lenet_Pipeline_col_loop2_kernelRow_Loop2_kernelCol_loop2|  return value|
|ap_start                      |   in|    1|  ap_ctrl_hs|  cnn_lenet_Pipeline_col_loop2_kernelRow_Loop2_kernelCol_loop2|  return value|
|ap_done                       |  out|    1|  ap_ctrl_hs|  cnn_lenet_Pipeline_col_loop2_kernelRow_Loop2_kernelCol_loop2|  return value|
|ap_idle                       |  out|    1|  ap_ctrl_hs|  cnn_lenet_Pipeline_col_loop2_kernelRow_Loop2_kernelCol_loop2|  return value|
|ap_ready                      |  out|    1|  ap_ctrl_hs|  cnn_lenet_Pipeline_col_loop2_kernelRow_Loop2_kernelCol_loop2|  return value|
|grp_fu_473_p_din0             |  out|   32|  ap_ctrl_hs|  cnn_lenet_Pipeline_col_loop2_kernelRow_Loop2_kernelCol_loop2|  return value|
|grp_fu_473_p_din1             |  out|   32|  ap_ctrl_hs|  cnn_lenet_Pipeline_col_loop2_kernelRow_Loop2_kernelCol_loop2|  return value|
|grp_fu_473_p_opcode           |  out|    2|  ap_ctrl_hs|  cnn_lenet_Pipeline_col_loop2_kernelRow_Loop2_kernelCol_loop2|  return value|
|grp_fu_473_p_dout0            |   in|   32|  ap_ctrl_hs|  cnn_lenet_Pipeline_col_loop2_kernelRow_Loop2_kernelCol_loop2|  return value|
|grp_fu_473_p_ce               |  out|    1|  ap_ctrl_hs|  cnn_lenet_Pipeline_col_loop2_kernelRow_Loop2_kernelCol_loop2|  return value|
|grp_fu_477_p_din0             |  out|   32|  ap_ctrl_hs|  cnn_lenet_Pipeline_col_loop2_kernelRow_Loop2_kernelCol_loop2|  return value|
|grp_fu_477_p_din1             |  out|   32|  ap_ctrl_hs|  cnn_lenet_Pipeline_col_loop2_kernelRow_Loop2_kernelCol_loop2|  return value|
|grp_fu_477_p_dout0            |   in|   32|  ap_ctrl_hs|  cnn_lenet_Pipeline_col_loop2_kernelRow_Loop2_kernelCol_loop2|  return value|
|grp_fu_477_p_ce               |  out|    1|  ap_ctrl_hs|  cnn_lenet_Pipeline_col_loop2_kernelRow_Loop2_kernelCol_loop2|  return value|
|somme                         |   in|   32|     ap_none|                                                         somme|        scalar|
|m_axi_Layer_Weights_AWVALID   |  out|    1|       m_axi|                                                 Layer_Weights|       pointer|
|m_axi_Layer_Weights_AWREADY   |   in|    1|       m_axi|                                                 Layer_Weights|       pointer|
|m_axi_Layer_Weights_AWADDR    |  out|   64|       m_axi|                                                 Layer_Weights|       pointer|
|m_axi_Layer_Weights_AWID      |  out|    1|       m_axi|                                                 Layer_Weights|       pointer|
|m_axi_Layer_Weights_AWLEN     |  out|   32|       m_axi|                                                 Layer_Weights|       pointer|
|m_axi_Layer_Weights_AWSIZE    |  out|    3|       m_axi|                                                 Layer_Weights|       pointer|
|m_axi_Layer_Weights_AWBURST   |  out|    2|       m_axi|                                                 Layer_Weights|       pointer|
|m_axi_Layer_Weights_AWLOCK    |  out|    2|       m_axi|                                                 Layer_Weights|       pointer|
|m_axi_Layer_Weights_AWCACHE   |  out|    4|       m_axi|                                                 Layer_Weights|       pointer|
|m_axi_Layer_Weights_AWPROT    |  out|    3|       m_axi|                                                 Layer_Weights|       pointer|
|m_axi_Layer_Weights_AWQOS     |  out|    4|       m_axi|                                                 Layer_Weights|       pointer|
|m_axi_Layer_Weights_AWREGION  |  out|    4|       m_axi|                                                 Layer_Weights|       pointer|
|m_axi_Layer_Weights_AWUSER    |  out|    1|       m_axi|                                                 Layer_Weights|       pointer|
|m_axi_Layer_Weights_WVALID    |  out|    1|       m_axi|                                                 Layer_Weights|       pointer|
|m_axi_Layer_Weights_WREADY    |   in|    1|       m_axi|                                                 Layer_Weights|       pointer|
|m_axi_Layer_Weights_WDATA     |  out|   32|       m_axi|                                                 Layer_Weights|       pointer|
|m_axi_Layer_Weights_WSTRB     |  out|    4|       m_axi|                                                 Layer_Weights|       pointer|
|m_axi_Layer_Weights_WLAST     |  out|    1|       m_axi|                                                 Layer_Weights|       pointer|
|m_axi_Layer_Weights_WID       |  out|    1|       m_axi|                                                 Layer_Weights|       pointer|
|m_axi_Layer_Weights_WUSER     |  out|    1|       m_axi|                                                 Layer_Weights|       pointer|
|m_axi_Layer_Weights_ARVALID   |  out|    1|       m_axi|                                                 Layer_Weights|       pointer|
|m_axi_Layer_Weights_ARREADY   |   in|    1|       m_axi|                                                 Layer_Weights|       pointer|
|m_axi_Layer_Weights_ARADDR    |  out|   64|       m_axi|                                                 Layer_Weights|       pointer|
|m_axi_Layer_Weights_ARID      |  out|    1|       m_axi|                                                 Layer_Weights|       pointer|
|m_axi_Layer_Weights_ARLEN     |  out|   32|       m_axi|                                                 Layer_Weights|       pointer|
|m_axi_Layer_Weights_ARSIZE    |  out|    3|       m_axi|                                                 Layer_Weights|       pointer|
|m_axi_Layer_Weights_ARBURST   |  out|    2|       m_axi|                                                 Layer_Weights|       pointer|
|m_axi_Layer_Weights_ARLOCK    |  out|    2|       m_axi|                                                 Layer_Weights|       pointer|
|m_axi_Layer_Weights_ARCACHE   |  out|    4|       m_axi|                                                 Layer_Weights|       pointer|
|m_axi_Layer_Weights_ARPROT    |  out|    3|       m_axi|                                                 Layer_Weights|       pointer|
|m_axi_Layer_Weights_ARQOS     |  out|    4|       m_axi|                                                 Layer_Weights|       pointer|
|m_axi_Layer_Weights_ARREGION  |  out|    4|       m_axi|                                                 Layer_Weights|       pointer|
|m_axi_Layer_Weights_ARUSER    |  out|    1|       m_axi|                                                 Layer_Weights|       pointer|
|m_axi_Layer_Weights_RVALID    |   in|    1|       m_axi|                                                 Layer_Weights|       pointer|
|m_axi_Layer_Weights_RREADY    |  out|    1|       m_axi|                                                 Layer_Weights|       pointer|
|m_axi_Layer_Weights_RDATA     |   in|   32|       m_axi|                                                 Layer_Weights|       pointer|
|m_axi_Layer_Weights_RLAST     |   in|    1|       m_axi|                                                 Layer_Weights|       pointer|
|m_axi_Layer_Weights_RID       |   in|    1|       m_axi|                                                 Layer_Weights|       pointer|
|m_axi_Layer_Weights_RFIFONUM  |   in|    9|       m_axi|                                                 Layer_Weights|       pointer|
|m_axi_Layer_Weights_RUSER     |   in|    1|       m_axi|                                                 Layer_Weights|       pointer|
|m_axi_Layer_Weights_RRESP     |   in|    2|       m_axi|                                                 Layer_Weights|       pointer|
|m_axi_Layer_Weights_BVALID    |   in|    1|       m_axi|                                                 Layer_Weights|       pointer|
|m_axi_Layer_Weights_BREADY    |  out|    1|       m_axi|                                                 Layer_Weights|       pointer|
|m_axi_Layer_Weights_BRESP     |   in|    2|       m_axi|                                                 Layer_Weights|       pointer|
|m_axi_Layer_Weights_BID       |   in|    1|       m_axi|                                                 Layer_Weights|       pointer|
|m_axi_Layer_Weights_BUSER     |   in|    1|       m_axi|                                                 Layer_Weights|       pointer|
|sext_ln75                     |   in|   62|     ap_none|                                                     sext_ln75|        scalar|
|Layer3_Neurons_CPU_address0   |  out|   11|   ap_memory|                                            Layer3_Neurons_CPU|         array|
|Layer3_Neurons_CPU_ce0        |  out|    1|   ap_memory|                                            Layer3_Neurons_CPU|         array|
|Layer3_Neurons_CPU_q0         |   in|   32|   ap_memory|                                            Layer3_Neurons_CPU|         array|
|somme_61_out                  |  out|   32|      ap_vld|                                                  somme_61_out|       pointer|
|somme_61_out_ap_vld           |  out|    1|      ap_vld|                                                  somme_61_out|       pointer|
+------------------------------+-----+-----+------------+--------------------------------------------------------------+--------------+

