

================================================================
== Vitis HLS Report for 'cnn_lenet_Pipeline_calculateLayer3_loop_row_Loop_col_loop'
================================================================
* Date:           Thu Jan 30 18:34:48 2025

* Version:        2023.2 (Build 4023990 on Oct 11 2023)
* Project:        CNN_lenet5
* Solution:       solution8 (Vivado IP Flow Target)
* Product family: zynq
* Target device:  xc7z020-clg484-1


================================================================
== Performance Estimates
================================================================
+ Timing: 
    * Summary: 
    +--------+----------+-----------+------------+
    |  Clock |  Target  | Estimated | Uncertainty|
    +--------+----------+-----------+------------+
    |ap_clk  |  20.00 ns|  15.327 ns|     5.40 ns|
    +--------+----------+-----------+------------+

+ Latency: 
    * Summary: 
    +---------+---------+----------+----------+--------+--------+---------+
    |  Latency (cycles) |  Latency (absolute) |     Interval    | Pipeline|
    |   min   |   max   |    min   |    max   |   min  |   max  |   Type  |
    +---------+---------+----------+----------+--------+--------+---------+
    |   190475|   190475|  3.809 ms|  3.809 ms|  190475|  190475|       no|
    +---------+---------+----------+----------+--------+--------+---------+

    + Detail: 
        * Instance: 
        +---------------------+---------+---------+---------+----------+----------+-----+-----+---------+
        |                     |         |  Latency (cycles) |  Latency (absolute) |  Interval | Pipeline|
        |       Instance      |  Module |   min   |   max   |    min   |    max   | min | max |   Type  |
        +---------------------+---------+---------+---------+----------+----------+-----+-----+---------+
        |grp_SIGMOID_fu_1463  |SIGMOID  |        9|        9|  0.180 us|  0.180 us|    1|    1|      yes|
        +---------------------+---------+---------+---------+----------+----------+-----+-----+---------+

        * Loop: 
        +------------------------------------------+---------+---------+----------+-----------+-----------+------+----------+
        |                                          |  Latency (cycles) | Iteration|  Initiation Interval  | Trip |          |
        |                 Loop Name                |   min   |   max   |  Latency |  achieved |   target  | Count| Pipelined|
        +------------------------------------------+---------+---------+----------+-----------+-----------+------+----------+
        |- calculateLayer3_loop_row_Loop_col_loop  |   190473|   190473|       626|        152|        152|  1250|       yes|
        +------------------------------------------+---------+---------+----------+-----------+-----------+------+----------+



================================================================
== Utilization Estimates
================================================================
* Summary: 
+-----------------+---------+-----+--------+-------+-----+
|       Name      | BRAM_18K| DSP |   FF   |  LUT  | URAM|
+-----------------+---------+-----+--------+-------+-----+
|DSP              |        -|    1|       -|      -|    -|
|Expression       |        -|    -|       0|   3184|    -|
|FIFO             |        -|    -|       -|      -|    -|
|Instance         |        -|    1|       0|     32|    -|
|Memory           |        -|    -|       -|      -|    -|
|Multiplexer      |        -|    -|       -|   4083|    -|
|Register         |        -|    -|   13241|   1664|    -|
+-----------------+---------+-----+--------+-------+-----+
|Total            |        0|    2|   13241|   8963|    0|
+-----------------+---------+-----+--------+-------+-----+
|Available        |      280|  220|  106400|  53200|    0|
+-----------------+---------+-----+--------+-------+-----+
|Utilization (%)  |        0|   ~0|      12|     16|    0|
+-----------------+---------+-----+--------+-------+-----+

+ Detail: 
    * Instance: 
    +-------------------------+---------------------+---------+----+---+----+-----+
    |         Instance        |        Module       | BRAM_18K| DSP| FF| LUT| URAM|
    +-------------------------+---------------------+---------+----+---+----+-----+
    |mul_3ns_6ns_8_1_1_U29    |mul_3ns_6ns_8_1_1    |        0|   0|  0|  26|    0|
    |mul_6ns_11ns_16_1_1_U28  |mul_6ns_11ns_16_1_1  |        0|   1|  0|   6|    0|
    +-------------------------+---------------------+---------+----+---+----+-----+
    |Total                    |                     |        0|   1|  0|  32|    0|
    +-------------------------+---------------------+---------+----+---+----+-----+

    * DSP: 
    +-----------------------------------+-------------------------------+--------------+
    |              Instance             |             Module            |  Expression  |
    +-----------------------------------+-------------------------------+--------------+
    |mac_muladd_6ns_5ns_3ns_11_4_1_U30  |mac_muladd_6ns_5ns_3ns_11_4_1  |  i0 * i1 + i2|
    +-----------------------------------+-------------------------------+--------------+

    * Memory: 
    N/A

    * FIFO: 
    N/A

    * Expression: 
    +---------------------------------------------+----------+----+---+----+------------+------------+
    |                Variable Name                | Operation| DSP| FF| LUT| Bitwidth P0| Bitwidth P1|
    +---------------------------------------------+----------+----+---+----+------------+------------+
    |add_ln51_1_fu_1860_p2                        |         +|   0|  0|  14|           6|           1|
    |add_ln51_fu_1818_p2                          |         +|   0|  0|  12|          11|           1|
    |add_ln52_1_fu_1962_p2                        |         +|   0|  0|  14|           6|           1|
    |add_ln52_fu_2006_p2                          |         +|   0|  0|  11|           3|           1|
    |add_ln53_fu_1956_p2                          |         +|   0|  0|  11|           3|           1|
    |add_ln59_10_fu_2709_p2                       |         +|   0|  0|  14|           7|           7|
    |add_ln59_11_fu_2839_p2                       |         +|   0|  0|  15|           8|           8|
    |add_ln59_12_fu_2916_p2                       |         +|   0|  0|  15|           8|           8|
    |add_ln59_13_fu_3003_p2                       |         +|   0|  0|  15|           8|           8|
    |add_ln59_14_fu_3103_p2                       |         +|   0|  0|  15|           8|           8|
    |add_ln59_15_fu_3179_p2                       |         +|   0|  0|  15|           8|           8|
    |add_ln59_16_fu_3253_p2                       |         +|   0|  0|  15|           8|           8|
    |add_ln59_17_fu_3326_p2                       |         +|   0|  0|  15|           8|           8|
    |add_ln59_18_fu_3409_p2                       |         +|   0|  0|  15|           8|           8|
    |add_ln59_19_fu_3508_p2                       |         +|   0|  0|  15|           8|           8|
    |add_ln59_1_fu_2236_p2                        |         +|   0|  0|  14|           7|           7|
    |add_ln59_20_fu_3581_p2                       |         +|   0|  0|  15|           8|           8|
    |add_ln59_21_fu_3654_p2                       |         +|   0|  0|  15|           8|           8|
    |add_ln59_22_fu_3769_p2                       |         +|   0|  0|  15|           8|           8|
    |add_ln59_23_fu_3832_p2                       |         +|   0|  0|  15|           8|           8|
    |add_ln59_24_fu_3929_p2                       |         +|   0|  0|  15|           8|           8|
    |add_ln59_25_fu_4001_p2                       |         +|   0|  0|  15|           8|           8|
    |add_ln59_26_fu_4073_p2                       |         +|   0|  0|  15|           8|           8|
    |add_ln59_27_fu_4121_p2                       |         +|   0|  0|  15|           8|           8|
    |add_ln59_2_fu_2300_p2                        |         +|   0|  0|  13|           4|           2|
    |add_ln59_3_fu_2313_p2                        |         +|   0|  0|  14|           7|           7|
    |add_ln59_4_fu_2382_p2                        |         +|   0|  0|  13|           4|           2|
    |add_ln59_5_fu_2395_p2                        |         +|   0|  0|  14|           7|           7|
    |add_ln59_6_fu_2482_p2                        |         +|   0|  0|  13|           4|           3|
    |add_ln59_7_fu_2495_p2                        |         +|   0|  0|  14|           7|           7|
    |add_ln59_8_fu_2584_p2                        |         +|   0|  0|  14|           7|           7|
    |add_ln59_9_fu_2689_p2                        |         +|   0|  0|  15|           8|           8|
    |add_ln59_fu_2096_p2                          |         +|   0|  0|  14|           7|           7|
    |add_ln60_10_fu_3014_p2                       |         +|   0|  0|  14|           9|           9|
    |add_ln60_11_fu_3112_p2                       |         +|   0|  0|  14|           9|           9|
    |add_ln60_12_fu_3189_p2                       |         +|   0|  0|  14|           9|           9|
    |add_ln60_13_fu_3262_p2                       |         +|   0|  0|  14|           9|           9|
    |add_ln60_14_fu_3335_p2                       |         +|   0|  0|  14|           9|           9|
    |add_ln60_15_fu_3419_p2                       |         +|   0|  0|  14|           9|           9|
    |add_ln60_16_fu_3517_p2                       |         +|   0|  0|  14|           9|           9|
    |add_ln60_17_fu_3590_p2                       |         +|   0|  0|  14|           9|           9|
    |add_ln60_18_fu_3663_p2                       |         +|   0|  0|  14|           9|           9|
    |add_ln60_19_fu_3727_p2                       |         +|   0|  0|  14|           9|           9|
    |add_ln60_1_fu_2246_p2                        |         +|   0|  0|  14|           9|           9|
    |add_ln60_20_fu_3739_p2                       |         +|   0|  0|  14|           9|           9|
    |add_ln60_21_fu_3744_p2                       |         +|   0|  0|  14|           9|           9|
    |add_ln60_22_fu_3749_p2                       |         +|   0|  0|  14|           9|           9|
    |add_ln60_23_fu_3754_p2                       |         +|   0|  0|  14|           9|           9|
    |add_ln60_24_fu_3759_p2                       |         +|   0|  0|  14|           9|           9|
    |add_ln60_2_fu_2323_p2                        |         +|   0|  0|  14|           9|           9|
    |add_ln60_3_fu_2405_p2                        |         +|   0|  0|  14|           9|           9|
    |add_ln60_4_fu_2505_p2                        |         +|   0|  0|  14|           9|           9|
    |add_ln60_5_fu_2594_p2                        |         +|   0|  0|  14|           9|           9|
    |add_ln60_6_fu_2700_p2                        |         +|   0|  0|  14|           9|           9|
    |add_ln60_7_fu_2772_p2                        |         +|   0|  0|  14|           9|           9|
    |add_ln60_8_fu_2849_p2                        |         +|   0|  0|  14|           9|           9|
    |add_ln60_9_fu_2926_p2                        |         +|   0|  0|  14|           9|           9|
    |add_ln60_fu_2107_p2                          |         +|   0|  0|  14|           9|           9|
    |add_ln61_10_fu_3039_p2                       |         +|   0|  0|  14|           9|           9|
    |add_ln61_11_fu_3126_p2                       |         +|   0|  0|  14|           9|           9|
    |add_ln61_12_fu_3203_p2                       |         +|   0|  0|  14|           9|           9|
    |add_ln61_13_fu_3276_p2                       |         +|   0|  0|  14|           9|           9|
    |add_ln61_14_fu_3349_p2                       |         +|   0|  0|  14|           9|           9|
    |add_ln61_15_fu_3444_p2                       |         +|   0|  0|  14|           9|           9|
    |add_ln61_16_fu_3531_p2                       |         +|   0|  0|  14|           9|           9|
    |add_ln61_17_fu_3604_p2                       |         +|   0|  0|  14|           9|           9|
    |add_ln61_18_fu_3677_p2                       |         +|   0|  0|  14|           9|           9|
    |add_ln61_19_fu_3731_p2                       |         +|   0|  0|  14|           9|           9|
    |add_ln61_1_fu_2259_p2                        |         +|   0|  0|  14|           9|           9|
    |add_ln61_20_fu_3861_p2                       |         +|   0|  0|  15|           8|           8|
    |add_ln61_21_fu_3947_p2                       |         +|   0|  0|  15|           8|           8|
    |add_ln61_22_fu_4019_p2                       |         +|   0|  0|  15|           8|           8|
    |add_ln61_23_fu_4091_p2                       |         +|   0|  0|  15|           8|           8|
    |add_ln61_24_fu_4125_p2                       |         +|   0|  0|  15|           8|           8|
    |add_ln61_2_fu_2336_p2                        |         +|   0|  0|  14|           9|           9|
    |add_ln61_3_fu_2423_p2                        |         +|   0|  0|  14|           9|           9|
    |add_ln61_4_fu_2523_p2                        |         +|   0|  0|  14|           9|           9|
    |add_ln61_5_fu_2619_p2                        |         +|   0|  0|  14|           9|           9|
    |add_ln61_6_fu_2718_p2                        |         +|   0|  0|  14|           9|           9|
    |add_ln61_7_fu_2786_p2                        |         +|   0|  0|  14|           9|           9|
    |add_ln61_8_fu_2863_p2                        |         +|   0|  0|  14|           9|           9|
    |add_ln61_9_fu_2940_p2                        |         +|   0|  0|  14|           9|           9|
    |add_ln61_fu_2143_p2                          |         +|   0|  0|  14|           9|           9|
    |add_ln62_10_fu_3049_p2                       |         +|   0|  0|  13|          10|          10|
    |add_ln62_11_fu_3135_p2                       |         +|   0|  0|  13|          10|          10|
    |add_ln62_12_fu_3212_p2                       |         +|   0|  0|  13|          10|          10|
    |add_ln62_13_fu_3285_p2                       |         +|   0|  0|  13|          10|          10|
    |add_ln62_14_fu_3358_p2                       |         +|   0|  0|  13|          10|          10|
    |add_ln62_15_fu_3454_p2                       |         +|   0|  0|  13|          10|          10|
    |add_ln62_16_fu_3540_p2                       |         +|   0|  0|  13|          10|          10|
    |add_ln62_17_fu_3613_p2                       |         +|   0|  0|  13|          10|          10|
    |add_ln62_18_fu_3686_p2                       |         +|   0|  0|  13|          10|          10|
    |add_ln62_19_fu_3791_p2                       |         +|   0|  0|  13|          10|          10|
    |add_ln62_1_fu_2268_p2                        |         +|   0|  0|  13|          10|          10|
    |add_ln62_20_fu_3875_p2                       |         +|   0|  0|  13|          10|          10|
    |add_ln62_21_fu_3960_p2                       |         +|   0|  0|  13|          10|          10|
    |add_ln62_22_fu_4032_p2                       |         +|   0|  0|  13|          10|          10|
    |add_ln62_23_fu_4104_p2                       |         +|   0|  0|  13|          10|          10|
    |add_ln62_24_fu_4129_p2                       |         +|   0|  0|  13|          10|          10|
    |add_ln62_2_fu_2345_p2                        |         +|   0|  0|  13|          10|          10|
    |add_ln62_3_fu_2432_p2                        |         +|   0|  0|  13|          10|          10|
    |add_ln62_4_fu_2532_p2                        |         +|   0|  0|  13|          10|          10|
    |add_ln62_5_fu_2629_p2                        |         +|   0|  0|  13|          10|          10|
    |add_ln62_6_fu_2727_p2                        |         +|   0|  0|  13|          10|          10|
    |add_ln62_7_fu_2795_p2                        |         +|   0|  0|  13|          10|          10|
    |add_ln62_8_fu_2872_p2                        |         +|   0|  0|  13|          10|          10|
    |add_ln62_9_fu_2949_p2                        |         +|   0|  0|  13|          10|          10|
    |add_ln62_fu_2153_p2                          |         +|   0|  0|  13|          10|          10|
    |add_ln63_10_fu_3074_p2                       |         +|   0|  0|  13|          10|          10|
    |add_ln63_11_fu_3149_p2                       |         +|   0|  0|  13|          10|          10|
    |add_ln63_12_fu_3226_p2                       |         +|   0|  0|  13|          10|          10|
    |add_ln63_13_fu_3299_p2                       |         +|   0|  0|  13|          10|          10|
    |add_ln63_14_fu_3372_p2                       |         +|   0|  0|  13|          10|          10|
    |add_ln63_15_fu_3479_p2                       |         +|   0|  0|  13|          10|          10|
    |add_ln63_16_fu_3554_p2                       |         +|   0|  0|  13|          10|          10|
    |add_ln63_17_fu_3627_p2                       |         +|   0|  0|  13|          10|          10|
    |add_ln63_18_fu_3705_p2                       |         +|   0|  0|  13|          10|          10|
    |add_ln63_19_fu_3805_p2                       |         +|   0|  0|  13|          10|          10|
    |add_ln63_1_fu_2278_p2                        |         +|   0|  0|  13|          10|          10|
    |add_ln63_20_fu_3900_p2                       |         +|   0|  0|  13|          10|          10|
    |add_ln63_21_fu_3974_p2                       |         +|   0|  0|  13|          10|          10|
    |add_ln63_22_fu_4046_p2                       |         +|   0|  0|  13|          10|          10|
    |add_ln63_23_fu_4113_p2                       |         +|   0|  0|  13|          10|          10|
    |add_ln63_24_fu_4133_p2                       |         +|   0|  0|  13|          10|          10|
    |add_ln63_2_fu_2360_p2                        |         +|   0|  0|  13|          10|          10|
    |add_ln63_3_fu_2447_p2                        |         +|   0|  0|  13|          10|          10|
    |add_ln63_4_fu_2547_p2                        |         +|   0|  0|  13|          10|          10|
    |add_ln63_5_fu_2654_p2                        |         +|   0|  0|  13|          10|          10|
    |add_ln63_6_fu_2741_p2                        |         +|   0|  0|  13|          10|          10|
    |add_ln63_7_fu_2809_p2                        |         +|   0|  0|  13|          10|          10|
    |add_ln63_8_fu_2886_p2                        |         +|   0|  0|  13|          10|          10|
    |add_ln63_9_fu_2963_p2                        |         +|   0|  0|  13|          10|          10|
    |add_ln63_fu_2184_p2                          |         +|   0|  0|  13|          10|          10|
    |add_ln64_10_fu_3084_p2                       |         +|   0|  0|  14|           9|           9|
    |add_ln64_11_fu_3158_p2                       |         +|   0|  0|  14|           9|           9|
    |add_ln64_12_fu_3235_p2                       |         +|   0|  0|  14|           9|           9|
    |add_ln64_13_fu_3308_p2                       |         +|   0|  0|  14|           9|           9|
    |add_ln64_14_fu_3381_p2                       |         +|   0|  0|  14|           9|           9|
    |add_ln64_15_fu_3489_p2                       |         +|   0|  0|  14|           9|           9|
    |add_ln64_16_fu_3563_p2                       |         +|   0|  0|  14|           9|           9|
    |add_ln64_17_fu_3636_p2                       |         +|   0|  0|  14|           9|           9|
    |add_ln64_18_fu_3714_p2                       |         +|   0|  0|  14|           9|           9|
    |add_ln64_19_fu_3735_p2                       |         +|   0|  0|  14|           9|           9|
    |add_ln64_1_fu_2287_p2                        |         +|   0|  0|  14|           9|           9|
    |add_ln64_20_fu_3910_p2                       |         +|   0|  0|  15|           8|           8|
    |add_ln64_21_fu_3983_p2                       |         +|   0|  0|  15|           8|           8|
    |add_ln64_22_fu_4055_p2                       |         +|   0|  0|  15|           8|           8|
    |add_ln64_23_fu_4117_p2                       |         +|   0|  0|  15|           8|           8|
    |add_ln64_24_fu_4137_p2                       |         +|   0|  0|  15|           8|           8|
    |add_ln64_2_fu_2369_p2                        |         +|   0|  0|  14|           9|           9|
    |add_ln64_3_fu_2456_p2                        |         +|   0|  0|  14|           9|           9|
    |add_ln64_4_fu_2556_p2                        |         +|   0|  0|  14|           9|           9|
    |add_ln64_5_fu_2664_p2                        |         +|   0|  0|  14|           9|           9|
    |add_ln64_6_fu_2750_p2                        |         +|   0|  0|  14|           9|           9|
    |add_ln64_7_fu_2818_p2                        |         +|   0|  0|  14|           9|           9|
    |add_ln64_8_fu_2895_p2                        |         +|   0|  0|  14|           9|           9|
    |add_ln64_9_fu_2972_p2                        |         +|   0|  0|  14|           9|           9|
    |add_ln64_fu_2194_p2                          |         +|   0|  0|  14|           9|           9|
    |add_ln67_1_fu_2208_p2                        |         +|   0|  0|  13|           5|           5|
    |add_ln67_fu_2218_p2                          |         +|   0|  0|  12|          11|          11|
    |empty_26_fu_2032_p2                          |         +|   0|  0|  71|          64|          64|
    |empty_30_fu_2055_p2                          |         +|   0|  0|  14|           9|           8|
    |empty_31_fu_2126_p2                          |         +|   0|  0|  14|           9|           9|
    |empty_32_fu_2131_p2                          |         +|   0|  0|  13|          10|           9|
    |empty_33_fu_2174_p2                          |         +|   0|  0|  13|          10|          10|
    |empty_34_fu_2179_p2                          |         +|   0|  0|  14|           9|           9|
    |empty_35_fu_2569_p2                          |         +|   0|  0|  14|           7|           4|
    |empty_36_fu_2574_p2                          |         +|   0|  0|  14|           9|           8|
    |empty_37_fu_2604_p2                          |         +|   0|  0|  14|           9|           9|
    |empty_38_fu_2609_p2                          |         +|   0|  0|  13|          10|          10|
    |empty_39_fu_2639_p2                          |         +|   0|  0|  13|          10|          10|
    |empty_40_fu_2644_p2                          |         +|   0|  0|  14|           9|           9|
    |empty_41_fu_2985_p2                          |         +|   0|  0|  15|           8|           5|
    |empty_42_fu_2990_p2                          |         +|   0|  0|  14|           9|           8|
    |empty_43_fu_3024_p2                          |         +|   0|  0|  14|           9|           9|
    |empty_44_fu_3029_p2                          |         +|   0|  0|  13|          10|          10|
    |empty_45_fu_3059_p2                          |         +|   0|  0|  13|          10|          10|
    |empty_46_fu_3064_p2                          |         +|   0|  0|  14|           9|           9|
    |empty_47_fu_3394_p2                          |         +|   0|  0|  15|           8|           6|
    |empty_48_fu_3399_p2                          |         +|   0|  0|  14|           9|           8|
    |empty_49_fu_3429_p2                          |         +|   0|  0|  14|           9|           9|
    |empty_50_fu_3434_p2                          |         +|   0|  0|  13|          10|          10|
    |empty_51_fu_3464_p2                          |         +|   0|  0|  13|          10|          10|
    |empty_52_fu_3469_p2                          |         +|   0|  0|  14|           9|           9|
    |empty_53_fu_3822_p2                          |         +|   0|  0|  15|           8|           6|
    |empty_54_fu_3695_p2                          |         +|   0|  0|  14|           9|           8|
    |empty_55_fu_3846_p2                          |         +|   0|  0|  15|           8|           8|
    |empty_56_fu_3851_p2                          |         +|   0|  0|  13|          10|          10|
    |empty_57_fu_3885_p2                          |         +|   0|  0|  13|          10|          10|
    |empty_58_fu_3890_p2                          |         +|   0|  0|  15|           8|           8|
    |empty_61_fu_1926_p2                          |         +|   0|  0|  71|          64|          64|
    |and_ln30_fu_1854_p2                          |       and|   0|  0|   2|           1|           1|
    |and_ln52_fu_1900_p2                          |       and|   0|  0|   2|           1|           1|
    |ap_block_pp0_stage0_00001                    |       and|   0|  0|   2|           1|           1|
    |ap_block_pp0_stage100_00001                  |       and|   0|  0|   2|           1|           1|
    |ap_block_pp0_stage101_00001                  |       and|   0|  0|   2|           1|           1|
    |ap_block_pp0_stage102_00001                  |       and|   0|  0|   2|           1|           1|
    |ap_block_pp0_stage103_00001                  |       and|   0|  0|   2|           1|           1|
    |ap_block_pp0_stage104_00001                  |       and|   0|  0|   2|           1|           1|
    |ap_block_pp0_stage105_00001                  |       and|   0|  0|   2|           1|           1|
    |ap_block_pp0_stage106_00001                  |       and|   0|  0|   2|           1|           1|
    |ap_block_pp0_stage107_00001                  |       and|   0|  0|   2|           1|           1|
    |ap_block_pp0_stage108_00001                  |       and|   0|  0|   2|           1|           1|
    |ap_block_pp0_stage109_00001                  |       and|   0|  0|   2|           1|           1|
    |ap_block_pp0_stage10_00001                   |       and|   0|  0|   2|           1|           1|
    |ap_block_pp0_stage10_11001_ignoreCallOp2772  |       and|   0|  0|   2|           1|           1|
    |ap_block_pp0_stage110_00001                  |       and|   0|  0|   2|           1|           1|
    |ap_block_pp0_stage111_00001                  |       and|   0|  0|   2|           1|           1|
    |ap_block_pp0_stage112_00001                  |       and|   0|  0|   2|           1|           1|
    |ap_block_pp0_stage113_00001                  |       and|   0|  0|   2|           1|           1|
    |ap_block_pp0_stage114_00001                  |       and|   0|  0|   2|           1|           1|
    |ap_block_pp0_stage115_00001                  |       and|   0|  0|   2|           1|           1|
    |ap_block_pp0_stage116_00001                  |       and|   0|  0|   2|           1|           1|
    |ap_block_pp0_stage117_00001                  |       and|   0|  0|   2|           1|           1|
    |ap_block_pp0_stage118_00001                  |       and|   0|  0|   2|           1|           1|
    |ap_block_pp0_stage119_00001                  |       and|   0|  0|   2|           1|           1|
    |ap_block_pp0_stage11_00001                   |       and|   0|  0|   2|           1|           1|
    |ap_block_pp0_stage11_11001_ignoreCallOp2773  |       and|   0|  0|   2|           1|           1|
    |ap_block_pp0_stage120_00001                  |       and|   0|  0|   2|           1|           1|
    |ap_block_pp0_stage121_00001                  |       and|   0|  0|   2|           1|           1|
    |ap_block_pp0_stage122_00001                  |       and|   0|  0|   2|           1|           1|
    |ap_block_pp0_stage123_00001                  |       and|   0|  0|   2|           1|           1|
    |ap_block_pp0_stage124_00001                  |       and|   0|  0|   2|           1|           1|
    |ap_block_pp0_stage125_00001                  |       and|   0|  0|   2|           1|           1|
    |ap_block_pp0_stage126_00001                  |       and|   0|  0|   2|           1|           1|
    |ap_block_pp0_stage127_00001                  |       and|   0|  0|   2|           1|           1|
    |ap_block_pp0_stage128_00001                  |       and|   0|  0|   2|           1|           1|
    |ap_block_pp0_stage129_00001                  |       and|   0|  0|   2|           1|           1|
    |ap_block_pp0_stage12_11001                   |       and|   0|  0|   2|           1|           1|
    |ap_block_pp0_stage12_11001_ignoreCallOp2774  |       and|   0|  0|   2|           1|           1|
    |ap_block_pp0_stage130_00001                  |       and|   0|  0|   2|           1|           1|
    |ap_block_pp0_stage131_00001                  |       and|   0|  0|   2|           1|           1|
    |ap_block_pp0_stage132_00001                  |       and|   0|  0|   2|           1|           1|
    |ap_block_pp0_stage133_00001                  |       and|   0|  0|   2|           1|           1|
    |ap_block_pp0_stage134_00001                  |       and|   0|  0|   2|           1|           1|
    |ap_block_pp0_stage135_00001                  |       and|   0|  0|   2|           1|           1|
    |ap_block_pp0_stage136_00001                  |       and|   0|  0|   2|           1|           1|
    |ap_block_pp0_stage137_00001                  |       and|   0|  0|   2|           1|           1|
    |ap_block_pp0_stage138_00001                  |       and|   0|  0|   2|           1|           1|
    |ap_block_pp0_stage139_00001                  |       and|   0|  0|   2|           1|           1|
    |ap_block_pp0_stage13_00001                   |       and|   0|  0|   2|           1|           1|
    |ap_block_pp0_stage13_11001_ignoreCallOp2775  |       and|   0|  0|   2|           1|           1|
    |ap_block_pp0_stage140_00001                  |       and|   0|  0|   2|           1|           1|
    |ap_block_pp0_stage141_00001                  |       and|   0|  0|   2|           1|           1|
    |ap_block_pp0_stage142_00001                  |       and|   0|  0|   2|           1|           1|
    |ap_block_pp0_stage143_00001                  |       and|   0|  0|   2|           1|           1|
    |ap_block_pp0_stage144_00001                  |       and|   0|  0|   2|           1|           1|
    |ap_block_pp0_stage145_00001                  |       and|   0|  0|   2|           1|           1|
    |ap_block_pp0_stage146_00001                  |       and|   0|  0|   2|           1|           1|
    |ap_block_pp0_stage147_00001                  |       and|   0|  0|   2|           1|           1|
    |ap_block_pp0_stage148_00001                  |       and|   0|  0|   2|           1|           1|
    |ap_block_pp0_stage149_00001                  |       and|   0|  0|   2|           1|           1|
    |ap_block_pp0_stage14_00001                   |       and|   0|  0|   2|           1|           1|
    |ap_block_pp0_stage14_11001_ignoreCallOp2776  |       and|   0|  0|   2|           1|           1|
    |ap_block_pp0_stage150_00001                  |       and|   0|  0|   2|           1|           1|
    |ap_block_pp0_stage151_00001                  |       and|   0|  0|   2|           1|           1|
    |ap_block_pp0_stage15_00001                   |       and|   0|  0|   2|           1|           1|
    |ap_block_pp0_stage15_11001_ignoreCallOp2777  |       and|   0|  0|   2|           1|           1|
    |ap_block_pp0_stage16_00001                   |       and|   0|  0|   2|           1|           1|
    |ap_block_pp0_stage16_11001_ignoreCallOp2778  |       and|   0|  0|   2|           1|           1|
    |ap_block_pp0_stage17_00001                   |       and|   0|  0|   2|           1|           1|
    |ap_block_pp0_stage17_11001_ignoreCallOp2780  |       and|   0|  0|   2|           1|           1|
    |ap_block_pp0_stage18_00001                   |       and|   0|  0|   2|           1|           1|
    |ap_block_pp0_stage19_00001                   |       and|   0|  0|   2|           1|           1|
    |ap_block_pp0_stage1_00001                    |       and|   0|  0|   2|           1|           1|
    |ap_block_pp0_stage20_00001                   |       and|   0|  0|   2|           1|           1|
    |ap_block_pp0_stage21_00001                   |       and|   0|  0|   2|           1|           1|
    |ap_block_pp0_stage22_00001                   |       and|   0|  0|   2|           1|           1|
    |ap_block_pp0_stage23_00001                   |       and|   0|  0|   2|           1|           1|
    |ap_block_pp0_stage24_00001                   |       and|   0|  0|   2|           1|           1|
    |ap_block_pp0_stage25_00001                   |       and|   0|  0|   2|           1|           1|
    |ap_block_pp0_stage26_00001                   |       and|   0|  0|   2|           1|           1|
    |ap_block_pp0_stage27_00001                   |       and|   0|  0|   2|           1|           1|
    |ap_block_pp0_stage28_00001                   |       and|   0|  0|   2|           1|           1|
    |ap_block_pp0_stage29_00001                   |       and|   0|  0|   2|           1|           1|
    |ap_block_pp0_stage2_00001                    |       and|   0|  0|   2|           1|           1|
    |ap_block_pp0_stage30_00001                   |       and|   0|  0|   2|           1|           1|
    |ap_block_pp0_stage31_00001                   |       and|   0|  0|   2|           1|           1|
    |ap_block_pp0_stage32_00001                   |       and|   0|  0|   2|           1|           1|
    |ap_block_pp0_stage33_00001                   |       and|   0|  0|   2|           1|           1|
    |ap_block_pp0_stage34_00001                   |       and|   0|  0|   2|           1|           1|
    |ap_block_pp0_stage35_00001                   |       and|   0|  0|   2|           1|           1|
    |ap_block_pp0_stage36_00001                   |       and|   0|  0|   2|           1|           1|
    |ap_block_pp0_stage37_00001                   |       and|   0|  0|   2|           1|           1|
    |ap_block_pp0_stage38_00001                   |       and|   0|  0|   2|           1|           1|
    |ap_block_pp0_stage39_00001                   |       and|   0|  0|   2|           1|           1|
    |ap_block_pp0_stage3_00001                    |       and|   0|  0|   2|           1|           1|
    |ap_block_pp0_stage40_00001                   |       and|   0|  0|   2|           1|           1|
    |ap_block_pp0_stage41_00001                   |       and|   0|  0|   2|           1|           1|
    |ap_block_pp0_stage42_00001                   |       and|   0|  0|   2|           1|           1|
    |ap_block_pp0_stage43_00001                   |       and|   0|  0|   2|           1|           1|
    |ap_block_pp0_stage44_00001                   |       and|   0|  0|   2|           1|           1|
    |ap_block_pp0_stage45_00001                   |       and|   0|  0|   2|           1|           1|
    |ap_block_pp0_stage46_00001                   |       and|   0|  0|   2|           1|           1|
    |ap_block_pp0_stage47_00001                   |       and|   0|  0|   2|           1|           1|
    |ap_block_pp0_stage48_00001                   |       and|   0|  0|   2|           1|           1|
    |ap_block_pp0_stage49_00001                   |       and|   0|  0|   2|           1|           1|
    |ap_block_pp0_stage4_00001                    |       and|   0|  0|   2|           1|           1|
    |ap_block_pp0_stage50_00001                   |       and|   0|  0|   2|           1|           1|
    |ap_block_pp0_stage51_00001                   |       and|   0|  0|   2|           1|           1|
    |ap_block_pp0_stage52_00001                   |       and|   0|  0|   2|           1|           1|
    |ap_block_pp0_stage53_00001                   |       and|   0|  0|   2|           1|           1|
    |ap_block_pp0_stage54_00001                   |       and|   0|  0|   2|           1|           1|
    |ap_block_pp0_stage55_00001                   |       and|   0|  0|   2|           1|           1|
    |ap_block_pp0_stage56_00001                   |       and|   0|  0|   2|           1|           1|
    |ap_block_pp0_stage57_00001                   |       and|   0|  0|   2|           1|           1|
    |ap_block_pp0_stage58_00001                   |       and|   0|  0|   2|           1|           1|
    |ap_block_pp0_stage59_00001                   |       and|   0|  0|   2|           1|           1|
    |ap_block_pp0_stage5_00001                    |       and|   0|  0|   2|           1|           1|
    |ap_block_pp0_stage60_00001                   |       and|   0|  0|   2|           1|           1|
    |ap_block_pp0_stage61_00001                   |       and|   0|  0|   2|           1|           1|
    |ap_block_pp0_stage62_00001                   |       and|   0|  0|   2|           1|           1|
    |ap_block_pp0_stage63_00001                   |       and|   0|  0|   2|           1|           1|
    |ap_block_pp0_stage64_00001                   |       and|   0|  0|   2|           1|           1|
    |ap_block_pp0_stage65_00001                   |       and|   0|  0|   2|           1|           1|
    |ap_block_pp0_stage66_00001                   |       and|   0|  0|   2|           1|           1|
    |ap_block_pp0_stage67_00001                   |       and|   0|  0|   2|           1|           1|
    |ap_block_pp0_stage68_00001                   |       and|   0|  0|   2|           1|           1|
    |ap_block_pp0_stage69_00001                   |       and|   0|  0|   2|           1|           1|
    |ap_block_pp0_stage6_00001                    |       and|   0|  0|   2|           1|           1|
    |ap_block_pp0_stage70_00001                   |       and|   0|  0|   2|           1|           1|
    |ap_block_pp0_stage71_00001                   |       and|   0|  0|   2|           1|           1|
    |ap_block_pp0_stage72_00001                   |       and|   0|  0|   2|           1|           1|
    |ap_block_pp0_stage73_00001                   |       and|   0|  0|   2|           1|           1|
    |ap_block_pp0_stage74_00001                   |       and|   0|  0|   2|           1|           1|
    |ap_block_pp0_stage75_00001                   |       and|   0|  0|   2|           1|           1|
    |ap_block_pp0_stage76_00001                   |       and|   0|  0|   2|           1|           1|
    |ap_block_pp0_stage77_00001                   |       and|   0|  0|   2|           1|           1|
    |ap_block_pp0_stage78_00001                   |       and|   0|  0|   2|           1|           1|
    |ap_block_pp0_stage79_00001                   |       and|   0|  0|   2|           1|           1|
    |ap_block_pp0_stage7_00001                    |       and|   0|  0|   2|           1|           1|
    |ap_block_pp0_stage80_00001                   |       and|   0|  0|   2|           1|           1|
    |ap_block_pp0_stage81_00001                   |       and|   0|  0|   2|           1|           1|
    |ap_block_pp0_stage82_00001                   |       and|   0|  0|   2|           1|           1|
    |ap_block_pp0_stage83_00001                   |       and|   0|  0|   2|           1|           1|
    |ap_block_pp0_stage84_00001                   |       and|   0|  0|   2|           1|           1|
    |ap_block_pp0_stage85_00001                   |       and|   0|  0|   2|           1|           1|
    |ap_block_pp0_stage86_00001                   |       and|   0|  0|   2|           1|           1|
    |ap_block_pp0_stage87_00001                   |       and|   0|  0|   2|           1|           1|
    |ap_block_pp0_stage88_00001                   |       and|   0|  0|   2|           1|           1|
    |ap_block_pp0_stage89_00001                   |       and|   0|  0|   2|           1|           1|
    |ap_block_pp0_stage90_00001                   |       and|   0|  0|   2|           1|           1|
    |ap_block_pp0_stage91_00001                   |       and|   0|  0|   2|           1|           1|
    |ap_block_pp0_stage92_00001                   |       and|   0|  0|   2|           1|           1|
    |ap_block_pp0_stage93_00001                   |       and|   0|  0|   2|           1|           1|
    |ap_block_pp0_stage94_00001                   |       and|   0|  0|   2|           1|           1|
    |ap_block_pp0_stage95_00001                   |       and|   0|  0|   2|           1|           1|
    |ap_block_pp0_stage96_00001                   |       and|   0|  0|   2|           1|           1|
    |ap_block_pp0_stage97_00001                   |       and|   0|  0|   2|           1|           1|
    |ap_block_pp0_stage98_00001                   |       and|   0|  0|   2|           1|           1|
    |ap_block_pp0_stage99_00001                   |       and|   0|  0|   2|           1|           1|
    |ap_block_pp0_stage9_00001                    |       and|   0|  0|   2|           1|           1|
    |ap_block_pp0_stage9_11001_ignoreCallOp2771   |       and|   0|  0|   2|           1|           1|
    |ap_block_state100_pp0_stage99_iter0          |       and|   0|  0|   2|           1|           1|
    |ap_block_state10_pp0_stage9_iter0            |       and|   0|  0|   2|           1|           1|
    |ap_block_state154_pp0_stage1_iter1           |       and|   0|  0|   2|           1|           1|
    |ap_block_state2_io                           |       and|   0|  0|   2|           1|           1|
    |ap_block_state3_io                           |       and|   0|  0|   2|           1|           1|
    |ap_condition_10576                           |       and|   0|  0|   2|           1|           1|
    |ap_condition_10581                           |       and|   0|  0|   2|           1|           1|
    |ap_condition_10585                           |       and|   0|  0|   2|           1|           1|
    |ap_predicate_op691_readreq_state2            |       and|   0|  0|   2|           1|           1|
    |icmp_ln51_fu_1812_p2                         |      icmp|   0|  0|  12|          11|          11|
    |icmp_ln52_fu_1830_p2                         |      icmp|   0|  0|  14|           6|           5|
    |icmp_ln53_fu_1848_p2                         |      icmp|   0|  0|  11|           3|           3|
    |ap_block_pp0_stage1_11001                    |        or|   0|  0|   2|           1|           1|
    |ap_block_pp0_stage2_11001                    |        or|   0|  0|   2|           1|           1|
    |empty_25_fu_2022_p2                          |        or|   0|  0|  15|          15|           3|
    |or_ln30_1_fu_1874_p2                         |        or|   0|  0|   2|           1|           1|
    |or_ln30_2_fu_1880_p2                         |        or|   0|  0|   2|           1|           1|
    |or_ln30_fu_1836_p2                           |        or|   0|  0|   2|           1|           1|
    |or_ln52_fu_1906_p2                           |        or|   0|  0|   2|           1|           1|
    |or_ln59_fu_2223_p2                           |        or|   0|  0|   4|           4|           1|
    |select_ln30_1_fu_1886_p3                     |    select|   0|  0|   3|           1|           1|
    |select_ln30_fu_1999_p3                       |    select|   0|  0|   3|           1|           1|
    |select_ln51_fu_1866_p3                       |    select|   0|  0|   6|           1|           6|
    |select_ln52_1_fu_1968_p3                     |    select|   0|  0|   6|           1|           1|
    |select_ln52_fu_2012_p3                       |    select|   0|  0|   3|           1|           3|
    |ap_enable_pp0                                |       xor|   0|  0|   2|           1|           2|
    |xor_ln30_fu_1842_p2                          |       xor|   0|  0|   2|           1|           2|
    |xor_ln52_fu_1894_p2                          |       xor|   0|  0|   2|           1|           2|
    +---------------------------------------------+----------+----+---+----+------------+------------+
    |Total                                        |          |   0|  0|3184|        2031|        1980|
    +---------------------------------------------+----------+----+---+----+------------+------------+

    * Multiplexer: 
    +----------------------------------------+-----+-----------+-----+-----------+
    |                  Name                  | LUT | Input Size| Bits| Total Bits|
    +----------------------------------------+-----+-----------+-----+-----------+
    |Layer2_Neurons_CPU_address0             |  369|         76|   10|        760|
    |Layer2_Neurons_CPU_address1             |  369|         76|   10|        760|
    |Layer_Weights_blk_n_AR                  |    9|          2|    1|          2|
    |Layer_Weights_blk_n_R                   |    9|          2|    1|          2|
    |ap_NS_fsm                               |  817|        153|    1|        153|
    |ap_done_int                             |    9|          2|    1|          2|
    |ap_enable_reg_pp0_iter0                 |    9|          2|    1|          2|
    |ap_enable_reg_pp0_iter1                 |    9|          2|    1|          2|
    |ap_enable_reg_pp0_iter4                 |    9|          2|    1|          2|
    |ap_loop_exit_ready_pp0_iter1_reg        |    9|          2|    1|          2|
    |ap_loop_exit_ready_pp0_iter2_reg        |    9|          2|    1|          2|
    |ap_loop_exit_ready_pp0_iter3_reg        |    9|          2|    1|          2|
    |ap_phi_mux_first_iter_3_phi_fu_1445_p4  |    9|          2|    1|          2|
    |ap_sig_allocacmp_i_load                 |    9|          2|    6|         12|
    |ap_sig_allocacmp_indvar_flatten29_load  |    9|          2|    6|         12|
    |ap_sig_allocacmp_indvar_flatten44_load  |    9|          2|   11|         22|
    |ap_sig_allocacmp_k_load                 |    9|          2|    3|          6|
    |grp_fu_1471_p0                          |   37|          7|   32|        224|
    |grp_fu_1471_p1                          |  759|        142|   32|       4544|
    |grp_fu_1475_p0                          |  806|        151|   32|       4832|
    |grp_fu_1475_p1                          |  439|         87|   32|       2784|
    |i_fu_178                                |    9|          2|    6|         12|
    |indvar_flatten29_fu_174                 |    9|          2|    6|         12|
    |indvar_flatten44_fu_182                 |    9|          2|   11|         22|
    |j_fu_170                                |    9|          2|    3|          6|
    |k_fu_166                                |    9|          2|    3|          6|
    |m_axi_Layer_Weights_ARADDR              |   14|          3|   64|        192|
    |m_axi_Layer_Weights_ARLEN               |   14|          3|   32|         96|
    |reg_1484                                |    9|          2|   32|         64|
    |reg_1495                                |    9|          2|   32|         64|
    |reg_1506                                |    9|          2|   32|         64|
    |reg_1517                                |    9|          2|   32|         64|
    |reg_1528                                |    9|          2|   32|         64|
    |reg_1539                                |    9|          2|   32|         64|
    |reg_1550                                |    9|          2|   32|         64|
    |reg_1561                                |    9|          2|   32|         64|
    |reg_1576                                |    9|          2|   32|         64|
    |reg_1587                                |    9|          2|   32|         64|
    |reg_1598                                |    9|          2|   32|         64|
    |reg_1609                                |    9|          2|   32|         64|
    |reg_1620                                |    9|          2|   32|         64|
    |reg_1631                                |    9|          2|   32|         64|
    |reg_1642                                |    9|          2|   32|         64|
    |reg_1653                                |    9|          2|   32|         64|
    |reg_1664                                |    9|          2|   32|         64|
    |reg_1675                                |    9|          2|   32|         64|
    |reg_1681                                |    9|          2|   32|         64|
    |reg_1687                                |    9|          2|   32|         64|
    |reg_1693                                |    9|          2|   32|         64|
    |reg_1699                                |    9|          2|   32|         64|
    |reg_1705                                |    9|          2|   32|         64|
    |reg_1711                                |    9|          2|   32|         64|
    |reg_1717                                |    9|          2|   32|         64|
    |reg_1723                                |    9|          2|   32|         64|
    |reg_1729                                |    9|          2|   32|         64|
    |reg_1735                                |    9|          2|   32|         64|
    |reg_1741                                |    9|          2|   32|         64|
    |reg_1747                                |    9|          2|   32|         64|
    |reg_1753                                |    9|          2|   32|         64|
    |reg_1759                                |    9|          2|   32|         64|
    +----------------------------------------+-----+-----------+-----+-----------+
    |Total                                   | 4083|        800| 1334|      16523|
    +----------------------------------------+-----+-----------+-----+-----------+

    * Register: 
    +--------------------------------------+-----+----+-----+-----------+
    |                 Name                 |  FF | LUT| Bits| Const Bits|
    +--------------------------------------+-----+----+-----+-----------+
    |Layer2_Neurons_CPU_load_101_reg_6169  |   32|   0|   32|          0|
    |Layer2_Neurons_CPU_load_103_reg_6194  |   32|   0|   32|          0|
    |Layer2_Neurons_CPU_load_105_reg_6219  |   32|   0|   32|          0|
    |Layer2_Neurons_CPU_load_107_reg_6244  |   32|   0|   32|          0|
    |Layer2_Neurons_CPU_load_109_reg_6269  |   32|   0|   32|          0|
    |Layer2_Neurons_CPU_load_111_reg_6294  |   32|   0|   32|          0|
    |Layer2_Neurons_CPU_load_113_reg_6359  |   32|   0|   32|          0|
    |Layer2_Neurons_CPU_load_115_reg_6384  |   32|   0|   32|          0|
    |Layer2_Neurons_CPU_load_117_reg_6409  |   32|   0|   32|          0|
    |Layer2_Neurons_CPU_load_119_reg_6442  |   32|   0|   32|          0|
    |Layer2_Neurons_CPU_load_121_reg_6483  |   32|   0|   32|          0|
    |Layer2_Neurons_CPU_load_123_reg_6524  |   32|   0|   32|          0|
    |Layer2_Neurons_CPU_load_125_reg_6549  |   32|   0|   32|          0|
    |Layer2_Neurons_CPU_load_127_reg_6574  |   32|   0|   32|          0|
    |Layer2_Neurons_CPU_load_129_reg_6599  |   32|   0|   32|          0|
    |Layer2_Neurons_CPU_load_131_reg_6624  |   32|   0|   32|          0|
    |Layer2_Neurons_CPU_load_133_reg_6649  |   32|   0|   32|          0|
    |Layer2_Neurons_CPU_load_135_reg_6674  |   32|   0|   32|          0|
    |Layer2_Neurons_CPU_load_137_reg_6699  |   32|   0|   32|          0|
    |Layer2_Neurons_CPU_load_139_reg_6724  |   32|   0|   32|          0|
    |Layer2_Neurons_CPU_load_141_reg_6784  |   32|   0|   32|          0|
    |Layer2_Neurons_CPU_load_143_reg_6809  |   32|   0|   32|          0|
    |Layer2_Neurons_CPU_load_145_reg_6834  |   32|   0|   32|          0|
    |Layer2_Neurons_CPU_load_147_reg_6859  |   32|   0|   32|          0|
    |Layer2_Neurons_CPU_load_148_reg_6884  |   32|   0|   32|          0|
    |Layer2_Neurons_CPU_load_149_reg_6889  |   32|   0|   32|          0|
    |Layer2_Neurons_CPU_load_65_reg_5683   |   32|   0|   32|          0|
    |Layer2_Neurons_CPU_load_67_reg_5708   |   32|   0|   32|          0|
    |Layer2_Neurons_CPU_load_69_reg_5728   |   32|   0|   32|          0|
    |Layer2_Neurons_CPU_load_71_reg_5761   |   32|   0|   32|          0|
    |Layer2_Neurons_CPU_load_73_reg_5786   |   32|   0|   32|          0|
    |Layer2_Neurons_CPU_load_75_reg_5811   |   32|   0|   32|          0|
    |Layer2_Neurons_CPU_load_77_reg_5831   |   32|   0|   32|          0|
    |Layer2_Neurons_CPU_load_79_reg_5856   |   32|   0|   32|          0|
    |Layer2_Neurons_CPU_load_81_reg_5881   |   32|   0|   32|          0|
    |Layer2_Neurons_CPU_load_83_reg_5906   |   32|   0|   32|          0|
    |Layer2_Neurons_CPU_load_85_reg_5926   |   32|   0|   32|          0|
    |Layer2_Neurons_CPU_load_87_reg_5951   |   32|   0|   32|          0|
    |Layer2_Neurons_CPU_load_89_reg_5992   |   32|   0|   32|          0|
    |Layer2_Neurons_CPU_load_91_reg_6033   |   32|   0|   32|          0|
    |Layer2_Neurons_CPU_load_93_reg_6069   |   32|   0|   32|          0|
    |Layer2_Neurons_CPU_load_95_reg_6094   |   32|   0|   32|          0|
    |Layer2_Neurons_CPU_load_97_reg_6119   |   32|   0|   32|          0|
    |Layer2_Neurons_CPU_load_99_reg_6144   |   32|   0|   32|          0|
    |Layer_Weights_addr_1_reg_4814         |   64|   0|   64|          0|
    |Layer_Weights_addr_reg_4723           |   64|   0|   64|          0|
    |Layer_Weights_load_16_fu_186          |   32|   0|   32|          0|
    |add_ln59_10_reg_5334                  |    7|   0|    7|          0|
    |add_ln59_27_reg_6749                  |    8|   0|    8|          0|
    |add_ln59_2_reg_4983                   |    3|   0|    4|          1|
    |add_ln59_4_reg_5053                   |    3|   0|    4|          1|
    |add_ln59_6_reg_5138                   |    3|   0|    4|          1|
    |add_ln60_19_reg_6309                  |    9|   0|    9|          0|
    |add_ln60_20_reg_6324                  |    9|   0|    9|          0|
    |add_ln60_21_reg_6329                  |    9|   0|    9|          0|
    |add_ln60_22_reg_6334                  |    9|   0|    9|          0|
    |add_ln60_23_reg_6339                  |    9|   0|    9|          0|
    |add_ln60_24_reg_6344                  |    9|   0|    9|          0|
    |add_ln61_19_reg_6314                  |    9|   0|    9|          0|
    |add_ln61_24_reg_6754                  |    8|   0|    8|          0|
    |add_ln62_24_reg_6759                  |   10|   0|   10|          0|
    |add_ln63_23_reg_6739                  |   10|   0|   10|          0|
    |add_ln63_24_reg_6764                  |   10|   0|   10|          0|
    |add_ln64_19_reg_6319                  |    9|   0|    9|          0|
    |add_ln64_23_reg_6744                  |    8|   0|    8|          0|
    |add_ln64_24_reg_6769                  |    8|   0|    8|          0|
    |add_ln67_reg_4913                     |   11|   0|   11|          0|
    |and_ln30_reg_4698                     |    1|   0|    1|          0|
    |ap_CS_fsm                             |  152|   0|  152|          0|
    |ap_done_reg                           |    1|   0|    1|          0|
    |ap_enable_reg_pp0_iter0_reg           |    1|   0|    1|          0|
    |ap_enable_reg_pp0_iter1               |    1|   0|    1|          0|
    |ap_enable_reg_pp0_iter2               |    1|   0|    1|          0|
    |ap_enable_reg_pp0_iter3               |    1|   0|    1|          0|
    |ap_enable_reg_pp0_iter4               |    1|   0|    1|          0|
    |ap_loop_exit_ready_pp0_iter1_reg      |    1|   0|    1|          0|
    |ap_loop_exit_ready_pp0_iter2_reg      |    1|   0|    1|          0|
    |ap_loop_exit_ready_pp0_iter3_reg      |    1|   0|    1|          0|
    |empty_28_reg_4740                     |    8|   0|    8|          0|
    |empty_29_reg_4750                     |    7|   0|    7|          0|
    |empty_30_reg_4775                     |    9|   0|    9|          0|
    |empty_31_reg_4843                     |    9|   0|    9|          0|
    |empty_32_reg_4851                     |   10|   0|   10|          0|
    |empty_33_reg_4887                     |   10|   0|   10|          0|
    |empty_34_reg_4895                     |    9|   0|    9|          0|
    |empty_35_reg_5213                     |    7|   0|    7|          0|
    |empty_36_reg_5219                     |    9|   0|    9|          0|
    |empty_37_reg_5242                     |    9|   0|    9|          0|
    |empty_38_reg_5250                     |   10|   0|   10|          0|
    |empty_39_reg_5273                     |   10|   0|   10|          0|
    |empty_40_reg_5281                     |    9|   0|    9|          0|
    |empty_41_reg_5562                     |    8|   0|    8|          0|
    |empty_42_reg_5570                     |    9|   0|    9|          0|
    |empty_43_reg_5606                     |    9|   0|    9|          0|
    |empty_44_reg_5614                     |   10|   0|   10|          0|
    |empty_45_reg_5637                     |   10|   0|   10|          0|
    |empty_46_reg_5645                     |    9|   0|    9|          0|
    |empty_47_reg_5966                     |    8|   0|    8|          0|
    |empty_48_reg_5974                     |    9|   0|    9|          0|
    |empty_49_reg_6007                     |    9|   0|    9|          0|
    |empty_50_reg_6015                     |   10|   0|   10|          0|
    |empty_51_reg_6048                     |   10|   0|   10|          0|
    |empty_52_reg_6056                     |    9|   0|    9|          0|
    |empty_53_reg_6424                     |    8|   0|    8|          0|
    |empty_55_reg_6457                     |    8|   0|    8|          0|
    |empty_56_reg_6465                     |   10|   0|   10|          0|
    |empty_57_reg_6498                     |   10|   0|   10|          0|
    |empty_58_reg_6506                     |    8|   0|    8|          0|
    |empty_60_reg_4718                     |   16|   0|   16|          0|
    |grp_SIGMOID_fu_1463_ap_start_reg      |    1|   0|    1|          0|
    |i_fu_178                              |    6|   0|    6|          0|
    |icmp_ln51_reg_4689                    |    1|   0|    1|          0|
    |icmp_ln52_reg_4693                    |    1|   0|    1|          0|
    |indvar_flatten29_fu_174               |    6|   0|    6|          0|
    |indvar_flatten44_fu_182               |   11|   0|   11|          0|
    |j_fu_170                              |    3|   0|    3|          0|
    |k_fu_166                              |    3|   0|    3|          0|
    |mul102_1_1_reg_6089                   |   32|   0|   32|          0|
    |mul102_1_2_reg_6239                   |   32|   0|   32|          0|
    |mul102_1_3_reg_6437                   |   32|   0|   32|          0|
    |mul102_1_4_reg_6619                   |   32|   0|   32|          0|
    |mul102_1_4_reg_6619_pp0_iter1_reg     |   32|   0|   32|          0|
    |mul102_1_reg_5901                     |   32|   0|   32|          0|
    |mul102_2_1_reg_6919                   |   32|   0|   32|          0|
    |mul102_2_1_reg_6919_pp0_iter1_reg     |   32|   0|   32|          0|
    |mul102_2_2_reg_6979                   |   32|   0|   32|          0|
    |mul102_2_2_reg_6979_pp0_iter1_reg     |   32|   0|   32|          0|
    |mul102_2_3_reg_7039                   |   32|   0|   32|          0|
    |mul102_2_3_reg_7039_pp0_iter1_reg     |   32|   0|   32|          0|
    |mul102_2_4_reg_7099                   |   32|   0|   32|          0|
    |mul102_2_4_reg_7099_pp0_iter1_reg     |   32|   0|   32|          0|
    |mul102_2_reg_6804                     |   32|   0|   32|          0|
    |mul102_2_reg_6804_pp0_iter1_reg       |   32|   0|   32|          0|
    |mul102_3_1_reg_7219                   |   32|   0|   32|          0|
    |mul102_3_1_reg_7219_pp0_iter1_reg     |   32|   0|   32|          0|
    |mul102_3_2_reg_7279                   |   32|   0|   32|          0|
    |mul102_3_3_reg_7339                   |   32|   0|   32|          0|
    |mul102_3_4_reg_7399                   |   32|   0|   32|          0|
    |mul102_3_reg_7159                     |   32|   0|   32|          0|
    |mul102_3_reg_7159_pp0_iter1_reg       |   32|   0|   32|          0|
    |mul102_4_1_reg_7519                   |   32|   0|   32|          0|
    |mul102_4_2_reg_7579                   |   32|   0|   32|          0|
    |mul102_4_3_reg_7639                   |   32|   0|   32|          0|
    |mul102_4_4_reg_7699                   |   32|   0|   32|          0|
    |mul102_4_reg_7459                     |   32|   0|   32|          0|
    |mul102_5_reg_5434                     |   32|   0|   32|          0|
    |mul102_6_reg_5591                     |   32|   0|   32|          0|
    |mul102_7_reg_5756                     |   32|   0|   32|          0|
    |mul122_1_1_reg_6114                   |   32|   0|   32|          0|
    |mul122_1_2_reg_6264                   |   32|   0|   32|          0|
    |mul122_1_3_reg_6478                   |   32|   0|   32|          0|
    |mul122_1_4_reg_6644                   |   32|   0|   32|          0|
    |mul122_1_4_reg_6644_pp0_iter1_reg     |   32|   0|   32|          0|
    |mul122_2_1_reg_6929                   |   32|   0|   32|          0|
    |mul122_2_1_reg_6929_pp0_iter1_reg     |   32|   0|   32|          0|
    |mul122_2_2_reg_6989                   |   32|   0|   32|          0|
    |mul122_2_2_reg_6989_pp0_iter1_reg     |   32|   0|   32|          0|
    |mul122_2_3_reg_7049                   |   32|   0|   32|          0|
    |mul122_2_3_reg_7049_pp0_iter1_reg     |   32|   0|   32|          0|
    |mul122_2_4_reg_7109                   |   32|   0|   32|          0|
    |mul122_2_4_reg_7109_pp0_iter1_reg     |   32|   0|   32|          0|
    |mul122_2_reg_6829                     |   32|   0|   32|          0|
    |mul122_2_reg_6829_pp0_iter1_reg       |   32|   0|   32|          0|
    |mul122_3_1_reg_7229                   |   32|   0|   32|          0|
    |mul122_3_1_reg_7229_pp0_iter1_reg     |   32|   0|   32|          0|
    |mul122_3_2_reg_7289                   |   32|   0|   32|          0|
    |mul122_3_3_reg_7349                   |   32|   0|   32|          0|
    |mul122_3_4_reg_7409                   |   32|   0|   32|          0|
    |mul122_3_reg_7169                     |   32|   0|   32|          0|
    |mul122_3_reg_7169_pp0_iter1_reg       |   32|   0|   32|          0|
    |mul122_4_1_reg_7529                   |   32|   0|   32|          0|
    |mul122_4_2_reg_7589                   |   32|   0|   32|          0|
    |mul122_4_3_reg_7649                   |   32|   0|   32|          0|
    |mul122_4_4_reg_7709                   |   32|   0|   32|          0|
    |mul122_4_reg_7469                     |   32|   0|   32|          0|
    |mul122_5_reg_5463                     |   32|   0|   32|          0|
    |mul122_7_reg_5781                     |   32|   0|   32|          0|
    |mul142_1_1_reg_6139                   |   32|   0|   32|          0|
    |mul142_1_2_reg_6289                   |   32|   0|   32|          0|
    |mul142_1_3_reg_6519                   |   32|   0|   32|          0|
    |mul142_1_3_reg_6519_pp0_iter1_reg     |   32|   0|   32|          0|
    |mul142_1_4_reg_6669                   |   32|   0|   32|          0|
    |mul142_1_4_reg_6669_pp0_iter1_reg     |   32|   0|   32|          0|
    |mul142_1_reg_5946                     |   32|   0|   32|          0|
    |mul142_2_1_reg_6939                   |   32|   0|   32|          0|
    |mul142_2_1_reg_6939_pp0_iter1_reg     |   32|   0|   32|          0|
    |mul142_2_2_reg_6999                   |   32|   0|   32|          0|
    |mul142_2_2_reg_6999_pp0_iter1_reg     |   32|   0|   32|          0|
    |mul142_2_3_reg_7059                   |   32|   0|   32|          0|
    |mul142_2_3_reg_7059_pp0_iter1_reg     |   32|   0|   32|          0|
    |mul142_2_4_reg_7119                   |   32|   0|   32|          0|
    |mul142_2_4_reg_7119_pp0_iter1_reg     |   32|   0|   32|          0|
    |mul142_2_reg_6854                     |   32|   0|   32|          0|
    |mul142_2_reg_6854_pp0_iter1_reg       |   32|   0|   32|          0|
    |mul142_3_1_reg_7239                   |   32|   0|   32|          0|
    |mul142_3_1_reg_7239_pp0_iter1_reg     |   32|   0|   32|          0|
    |mul142_3_2_reg_7299                   |   32|   0|   32|          0|
    |mul142_3_3_reg_7359                   |   32|   0|   32|          0|
    |mul142_3_4_reg_7419                   |   32|   0|   32|          0|
    |mul142_3_reg_7179                     |   32|   0|   32|          0|
    |mul142_3_reg_7179_pp0_iter1_reg       |   32|   0|   32|          0|
    |mul142_4_1_reg_7539                   |   32|   0|   32|          0|
    |mul142_4_2_reg_7599                   |   32|   0|   32|          0|
    |mul142_4_3_reg_7659                   |   32|   0|   32|          0|
    |mul142_4_4_reg_7719                   |   32|   0|   32|          0|
    |mul142_4_reg_7479                     |   32|   0|   32|          0|
    |mul142_5_reg_5483                     |   32|   0|   32|          0|
    |mul142_6_reg_5658                     |   32|   0|   32|          0|
    |mul142_7_reg_5806                     |   32|   0|   32|          0|
    |mul142_s_reg_5359                     |   32|   0|   32|          0|
    |mul162_1_1_reg_6164                   |   32|   0|   32|          0|
    |mul162_1_2_reg_6354                   |   32|   0|   32|          0|
    |mul162_1_3_reg_6544                   |   32|   0|   32|          0|
    |mul162_1_3_reg_6544_pp0_iter1_reg     |   32|   0|   32|          0|
    |mul162_1_4_reg_6694                   |   32|   0|   32|          0|
    |mul162_1_4_reg_6694_pp0_iter1_reg     |   32|   0|   32|          0|
    |mul162_1_reg_5987                     |   32|   0|   32|          0|
    |mul162_2_1_reg_6949                   |   32|   0|   32|          0|
    |mul162_2_1_reg_6949_pp0_iter1_reg     |   32|   0|   32|          0|
    |mul162_2_2_reg_7009                   |   32|   0|   32|          0|
    |mul162_2_2_reg_7009_pp0_iter1_reg     |   32|   0|   32|          0|
    |mul162_2_3_reg_7069                   |   32|   0|   32|          0|
    |mul162_2_3_reg_7069_pp0_iter1_reg     |   32|   0|   32|          0|
    |mul162_2_4_reg_7129                   |   32|   0|   32|          0|
    |mul162_2_4_reg_7129_pp0_iter1_reg     |   32|   0|   32|          0|
    |mul162_2_reg_6879                     |   32|   0|   32|          0|
    |mul162_2_reg_6879_pp0_iter1_reg       |   32|   0|   32|          0|
    |mul162_3_1_reg_7249                   |   32|   0|   32|          0|
    |mul162_3_2_reg_7309                   |   32|   0|   32|          0|
    |mul162_3_3_reg_7369                   |   32|   0|   32|          0|
    |mul162_3_4_reg_7429                   |   32|   0|   32|          0|
    |mul162_3_reg_7189                     |   32|   0|   32|          0|
    |mul162_3_reg_7189_pp0_iter1_reg       |   32|   0|   32|          0|
    |mul162_4_1_reg_7549                   |   32|   0|   32|          0|
    |mul162_4_2_reg_7609                   |   32|   0|   32|          0|
    |mul162_4_3_reg_7669                   |   32|   0|   32|          0|
    |mul162_4_4_reg_7729                   |   32|   0|   32|          0|
    |mul162_4_reg_7489                     |   32|   0|   32|          0|
    |mul162_6_reg_5678                     |   32|   0|   32|          0|
    |mul162_s_reg_5379                     |   32|   0|   32|          0|
    |mul182_1_1_reg_6189                   |   32|   0|   32|          0|
    |mul182_1_2_reg_6379                   |   32|   0|   32|          0|
    |mul182_1_3_reg_6569                   |   32|   0|   32|          0|
    |mul182_1_3_reg_6569_pp0_iter1_reg     |   32|   0|   32|          0|
    |mul182_1_4_reg_6719                   |   32|   0|   32|          0|
    |mul182_1_4_reg_6719_pp0_iter1_reg     |   32|   0|   32|          0|
    |mul182_1_reg_6028                     |   32|   0|   32|          0|
    |mul182_2_1_reg_6959                   |   32|   0|   32|          0|
    |mul182_2_1_reg_6959_pp0_iter1_reg     |   32|   0|   32|          0|
    |mul182_2_2_reg_7019                   |   32|   0|   32|          0|
    |mul182_2_2_reg_7019_pp0_iter1_reg     |   32|   0|   32|          0|
    |mul182_2_3_reg_7079                   |   32|   0|   32|          0|
    |mul182_2_3_reg_7079_pp0_iter1_reg     |   32|   0|   32|          0|
    |mul182_2_4_reg_7139                   |   32|   0|   32|          0|
    |mul182_2_4_reg_7139_pp0_iter1_reg     |   32|   0|   32|          0|
    |mul182_2_reg_6899                     |   32|   0|   32|          0|
    |mul182_2_reg_6899_pp0_iter1_reg       |   32|   0|   32|          0|
    |mul182_3_1_reg_7259                   |   32|   0|   32|          0|
    |mul182_3_2_reg_7319                   |   32|   0|   32|          0|
    |mul182_3_3_reg_7379                   |   32|   0|   32|          0|
    |mul182_3_4_reg_7439                   |   32|   0|   32|          0|
    |mul182_3_reg_7199                     |   32|   0|   32|          0|
    |mul182_3_reg_7199_pp0_iter1_reg       |   32|   0|   32|          0|
    |mul182_4_1_reg_7559                   |   32|   0|   32|          0|
    |mul182_4_2_reg_7619                   |   32|   0|   32|          0|
    |mul182_4_3_reg_7679                   |   32|   0|   32|          0|
    |mul182_4_4_reg_7734                   |   32|   0|   32|          0|
    |mul182_4_reg_7499                     |   32|   0|   32|          0|
    |mul182_5_reg_5527                     |   32|   0|   32|          0|
    |mul182_6_reg_5703                     |   32|   0|   32|          0|
    |mul182_7_reg_5851                     |   32|   0|   32|          0|
    |mul182_s_reg_5399                     |   32|   0|   32|          0|
    |mul82_1_2_reg_6214                    |   32|   0|   32|          0|
    |mul82_1_3_reg_6404                    |   32|   0|   32|          0|
    |mul82_1_4_reg_6594                    |   32|   0|   32|          0|
    |mul82_1_4_reg_6594_pp0_iter1_reg      |   32|   0|   32|          0|
    |mul82_1_reg_5876                      |   32|   0|   32|          0|
    |mul82_2_1_reg_6909                    |   32|   0|   32|          0|
    |mul82_2_1_reg_6909_pp0_iter1_reg      |   32|   0|   32|          0|
    |mul82_2_2_reg_6969                    |   32|   0|   32|          0|
    |mul82_2_2_reg_6969_pp0_iter1_reg      |   32|   0|   32|          0|
    |mul82_2_3_reg_7029                    |   32|   0|   32|          0|
    |mul82_2_3_reg_7029_pp0_iter1_reg      |   32|   0|   32|          0|
    |mul82_2_4_reg_7089                    |   32|   0|   32|          0|
    |mul82_2_4_reg_7089_pp0_iter1_reg      |   32|   0|   32|          0|
    |mul82_2_reg_6779                      |   32|   0|   32|          0|
    |mul82_2_reg_6779_pp0_iter1_reg        |   32|   0|   32|          0|
    |mul82_3_1_reg_7209                    |   32|   0|   32|          0|
    |mul82_3_1_reg_7209_pp0_iter1_reg      |   32|   0|   32|          0|
    |mul82_3_2_reg_7269                    |   32|   0|   32|          0|
    |mul82_3_3_reg_7329                    |   32|   0|   32|          0|
    |mul82_3_4_reg_7389                    |   32|   0|   32|          0|
    |mul82_3_reg_7149                      |   32|   0|   32|          0|
    |mul82_3_reg_7149_pp0_iter1_reg        |   32|   0|   32|          0|
    |mul82_4_1_reg_7509                    |   32|   0|   32|          0|
    |mul82_4_2_reg_7569                    |   32|   0|   32|          0|
    |mul82_4_3_reg_7629                    |   32|   0|   32|          0|
    |mul82_4_4_reg_7689                    |   32|   0|   32|          0|
    |mul82_4_reg_7449                      |   32|   0|   32|          0|
    |mul82_6_reg_5547                      |   32|   0|   32|          0|
    |or_ln30_1_reg_4703                    |    1|   0|    1|          0|
    |or_ln52_reg_4713                      |    1|   0|    1|          0|
    |or_ln59_reg_4918                      |    3|   0|    4|          1|
    |p_cast18_reg_4830                     |    8|   0|   10|          2|
    |p_cast44_reg_5304                     |    7|   0|    8|          1|
    |p_cast66_reg_4759                     |    8|   0|    9|          1|
    |reg_1479                              |   32|   0|   32|          0|
    |reg_1484                              |   32|   0|   32|          0|
    |reg_1490                              |   32|   0|   32|          0|
    |reg_1495                              |   32|   0|   32|          0|
    |reg_1501                              |   32|   0|   32|          0|
    |reg_1506                              |   32|   0|   32|          0|
    |reg_1512                              |   32|   0|   32|          0|
    |reg_1517                              |   32|   0|   32|          0|
    |reg_1523                              |   32|   0|   32|          0|
    |reg_1528                              |   32|   0|   32|          0|
    |reg_1534                              |   32|   0|   32|          0|
    |reg_1539                              |   32|   0|   32|          0|
    |reg_1545                              |   32|   0|   32|          0|
    |reg_1550                              |   32|   0|   32|          0|
    |reg_1556                              |   32|   0|   32|          0|
    |reg_1561                              |   32|   0|   32|          0|
    |reg_1567                              |   32|   0|   32|          0|
    |reg_1571                              |   32|   0|   32|          0|
    |reg_1576                              |   32|   0|   32|          0|
    |reg_1582                              |   32|   0|   32|          0|
    |reg_1587                              |   32|   0|   32|          0|
    |reg_1593                              |   32|   0|   32|          0|
    |reg_1598                              |   32|   0|   32|          0|
    |reg_1604                              |   32|   0|   32|          0|
    |reg_1609                              |   32|   0|   32|          0|
    |reg_1615                              |   32|   0|   32|          0|
    |reg_1620                              |   32|   0|   32|          0|
    |reg_1626                              |   32|   0|   32|          0|
    |reg_1631                              |   32|   0|   32|          0|
    |reg_1637                              |   32|   0|   32|          0|
    |reg_1642                              |   32|   0|   32|          0|
    |reg_1648                              |   32|   0|   32|          0|
    |reg_1653                              |   32|   0|   32|          0|
    |reg_1659                              |   32|   0|   32|          0|
    |reg_1664                              |   32|   0|   32|          0|
    |reg_1670                              |   32|   0|   32|          0|
    |reg_1675                              |   32|   0|   32|          0|
    |reg_1681                              |   32|   0|   32|          0|
    |reg_1687                              |   32|   0|   32|          0|
    |reg_1693                              |   32|   0|   32|          0|
    |reg_1699                              |   32|   0|   32|          0|
    |reg_1705                              |   32|   0|   32|          0|
    |reg_1711                              |   32|   0|   32|          0|
    |reg_1717                              |   32|   0|   32|          0|
    |reg_1723                              |   32|   0|   32|          0|
    |reg_1729                              |   32|   0|   32|          0|
    |reg_1735                              |   32|   0|   32|          0|
    |reg_1741                              |   32|   0|   32|          0|
    |reg_1747                              |   32|   0|   32|          0|
    |reg_1753                              |   32|   0|   32|          0|
    |reg_1759                              |   32|   0|   32|          0|
    |reg_1765                              |   32|   0|   32|          0|
    |reg_1770                              |   32|   0|   32|          0|
    |reg_1776                              |   32|   0|   32|          0|
    |select_ln30_1_reg_4707                |    3|   0|    3|          0|
    |select_ln52_reg_4734                  |    3|   0|    3|          0|
    |somme_151_reg_7739                    |   32|   0|   32|          0|
    |tmp_9_reg_4783                        |    3|   0|    4|          1|
    |zext_ln59_10_reg_5748                 |    3|   0|    8|          5|
    |zext_ln59_11_reg_5020                 |    3|   0|   10|          7|
    |zext_ln59_12_reg_4989                 |    3|   0|    9|          6|
    |zext_ln59_13_reg_5005                 |    3|   0|    7|          4|
    |zext_ln59_15_reg_5439                 |    3|   0|    8|          5|
    |zext_ln59_16_reg_5090                 |    3|   0|   10|          7|
    |zext_ln59_17_reg_5059                 |    3|   0|    9|          6|
    |zext_ln59_1_reg_4864                  |    3|   0|   10|          7|
    |zext_ln59_20_reg_5503                 |    3|   0|    8|          5|
    |zext_ln59_21_reg_5175                 |    3|   0|   10|          7|
    |zext_ln59_22_reg_5144                 |    3|   0|    9|          6|
    |zext_ln59_2_reg_4793                  |    3|   0|    9|          6|
    |zext_ln59_3_reg_4809                  |    3|   0|    7|          4|
    |zext_ln59_5_reg_5315                  |    3|   0|    8|          5|
    |zext_ln59_6_reg_4950                  |    3|   0|   10|          7|
    |zext_ln59_7_reg_4924                  |    3|   0|    9|          6|
    |zext_ln59_reg_5578                    |    3|   0|    8|          5|
    |add_ln67_reg_4913                     |   64|  32|   11|          0|
    |icmp_ln51_reg_4689                    |   64|  32|    1|          0|
    |mul102_3_2_reg_7279                   |   64|  32|   32|          0|
    |mul102_3_3_reg_7339                   |   64|  32|   32|          0|
    |mul102_3_4_reg_7399                   |   64|  32|   32|          0|
    |mul102_4_1_reg_7519                   |   64|  32|   32|          0|
    |mul102_4_2_reg_7579                   |   64|  32|   32|          0|
    |mul102_4_3_reg_7639                   |   64|  32|   32|          0|
    |mul102_4_4_reg_7699                   |   64|  32|   32|          0|
    |mul102_4_reg_7459                     |   64|  32|   32|          0|
    |mul122_3_2_reg_7289                   |   64|  32|   32|          0|
    |mul122_3_3_reg_7349                   |   64|  32|   32|          0|
    |mul122_3_4_reg_7409                   |   64|  32|   32|          0|
    |mul122_4_1_reg_7529                   |   64|  32|   32|          0|
    |mul122_4_2_reg_7589                   |   64|  32|   32|          0|
    |mul122_4_3_reg_7649                   |   64|  32|   32|          0|
    |mul122_4_4_reg_7709                   |   64|  32|   32|          0|
    |mul122_4_reg_7469                     |   64|  32|   32|          0|
    |mul142_3_2_reg_7299                   |   64|  32|   32|          0|
    |mul142_3_3_reg_7359                   |   64|  32|   32|          0|
    |mul142_3_4_reg_7419                   |   64|  32|   32|          0|
    |mul142_4_1_reg_7539                   |   64|  32|   32|          0|
    |mul142_4_2_reg_7599                   |   64|  32|   32|          0|
    |mul142_4_3_reg_7659                   |   64|  32|   32|          0|
    |mul142_4_4_reg_7719                   |   64|  32|   32|          0|
    |mul142_4_reg_7479                     |   64|  32|   32|          0|
    |mul162_3_1_reg_7249                   |   64|  32|   32|          0|
    |mul162_3_2_reg_7309                   |   64|  32|   32|          0|
    |mul162_3_3_reg_7369                   |   64|  32|   32|          0|
    |mul162_3_4_reg_7429                   |   64|  32|   32|          0|
    |mul162_4_1_reg_7549                   |   64|  32|   32|          0|
    |mul162_4_2_reg_7609                   |   64|  32|   32|          0|
    |mul162_4_3_reg_7669                   |   64|  32|   32|          0|
    |mul162_4_4_reg_7729                   |   64|  32|   32|          0|
    |mul162_4_reg_7489                     |   64|  32|   32|          0|
    |mul182_3_1_reg_7259                   |   64|  32|   32|          0|
    |mul182_3_2_reg_7319                   |   64|  32|   32|          0|
    |mul182_3_3_reg_7379                   |   64|  32|   32|          0|
    |mul182_3_4_reg_7439                   |   64|  32|   32|          0|
    |mul182_4_1_reg_7559                   |   64|  32|   32|          0|
    |mul182_4_2_reg_7619                   |   64|  32|   32|          0|
    |mul182_4_3_reg_7679                   |   64|  32|   32|          0|
    |mul182_4_4_reg_7734                   |   64|  32|   32|          0|
    |mul182_4_reg_7499                     |   64|  32|   32|          0|
    |mul82_3_2_reg_7269                    |   64|  32|   32|          0|
    |mul82_3_3_reg_7329                    |   64|  32|   32|          0|
    |mul82_3_4_reg_7389                    |   64|  32|   32|          0|
    |mul82_4_1_reg_7509                    |   64|  32|   32|          0|
    |mul82_4_2_reg_7569                    |   64|  32|   32|          0|
    |mul82_4_3_reg_7629                    |   64|  32|   32|          0|
    |mul82_4_4_reg_7689                    |   64|  32|   32|          0|
    |mul82_4_reg_7449                      |   64|  32|   32|          0|
    +--------------------------------------+-----+----+-----+-----------+
    |Total                                 |13241|1664|11632|        107|
    +--------------------------------------+-----+----+-----+-----------+



================================================================
== Interface
================================================================
* Summary: 
+------------------------------+-----+-----+------------+-----------------------------------------------------------+--------------+
|           RTL Ports          | Dir | Bits|  Protocol  |                       Source Object                       |    C Type    |
+------------------------------+-----+-----+------------+-----------------------------------------------------------+--------------+
|ap_clk                        |   in|    1|  ap_ctrl_hs|  cnn_lenet_Pipeline_calculateLayer3_loop_row_Loop_col_loop|  return value|
|ap_rst                        |   in|    1|  ap_ctrl_hs|  cnn_lenet_Pipeline_calculateLayer3_loop_row_Loop_col_loop|  return value|
|ap_start                      |   in|    1|  ap_ctrl_hs|  cnn_lenet_Pipeline_calculateLayer3_loop_row_Loop_col_loop|  return value|
|ap_done                       |  out|    1|  ap_ctrl_hs|  cnn_lenet_Pipeline_calculateLayer3_loop_row_Loop_col_loop|  return value|
|ap_idle                       |  out|    1|  ap_ctrl_hs|  cnn_lenet_Pipeline_calculateLayer3_loop_row_Loop_col_loop|  return value|
|ap_ready                      |  out|    1|  ap_ctrl_hs|  cnn_lenet_Pipeline_calculateLayer3_loop_row_Loop_col_loop|  return value|
|grp_SIGMOID_fu_244_p_din1     |  out|   32|  ap_ctrl_hs|  cnn_lenet_Pipeline_calculateLayer3_loop_row_Loop_col_loop|  return value|
|grp_SIGMOID_fu_244_p_dout0    |   in|   32|  ap_ctrl_hs|  cnn_lenet_Pipeline_calculateLayer3_loop_row_Loop_col_loop|  return value|
|grp_SIGMOID_fu_244_p_ce       |  out|    1|  ap_ctrl_hs|  cnn_lenet_Pipeline_calculateLayer3_loop_row_Loop_col_loop|  return value|
|grp_SIGMOID_fu_244_p_start    |  out|    1|  ap_ctrl_hs|  cnn_lenet_Pipeline_calculateLayer3_loop_row_Loop_col_loop|  return value|
|grp_SIGMOID_fu_244_p_ready    |   in|    1|  ap_ctrl_hs|  cnn_lenet_Pipeline_calculateLayer3_loop_row_Loop_col_loop|  return value|
|grp_SIGMOID_fu_244_p_done     |   in|    1|  ap_ctrl_hs|  cnn_lenet_Pipeline_calculateLayer3_loop_row_Loop_col_loop|  return value|
|grp_SIGMOID_fu_244_p_idle     |   in|    1|  ap_ctrl_hs|  cnn_lenet_Pipeline_calculateLayer3_loop_row_Loop_col_loop|  return value|
|grp_fu_473_p_din0             |  out|   32|  ap_ctrl_hs|  cnn_lenet_Pipeline_calculateLayer3_loop_row_Loop_col_loop|  return value|
|grp_fu_473_p_din1             |  out|   32|  ap_ctrl_hs|  cnn_lenet_Pipeline_calculateLayer3_loop_row_Loop_col_loop|  return value|
|grp_fu_473_p_opcode           |  out|    2|  ap_ctrl_hs|  cnn_lenet_Pipeline_calculateLayer3_loop_row_Loop_col_loop|  return value|
|grp_fu_473_p_dout0            |   in|   32|  ap_ctrl_hs|  cnn_lenet_Pipeline_calculateLayer3_loop_row_Loop_col_loop|  return value|
|grp_fu_473_p_ce               |  out|    1|  ap_ctrl_hs|  cnn_lenet_Pipeline_calculateLayer3_loop_row_Loop_col_loop|  return value|
|grp_fu_477_p_din0             |  out|   32|  ap_ctrl_hs|  cnn_lenet_Pipeline_calculateLayer3_loop_row_Loop_col_loop|  return value|
|grp_fu_477_p_din1             |  out|   32|  ap_ctrl_hs|  cnn_lenet_Pipeline_calculateLayer3_loop_row_Loop_col_loop|  return value|
|grp_fu_477_p_dout0            |   in|   32|  ap_ctrl_hs|  cnn_lenet_Pipeline_calculateLayer3_loop_row_Loop_col_loop|  return value|
|grp_fu_477_p_ce               |  out|    1|  ap_ctrl_hs|  cnn_lenet_Pipeline_calculateLayer3_loop_row_Loop_col_loop|  return value|
|m_axi_Layer_Weights_AWVALID   |  out|    1|       m_axi|                                              Layer_Weights|       pointer|
|m_axi_Layer_Weights_AWREADY   |   in|    1|       m_axi|                                              Layer_Weights|       pointer|
|m_axi_Layer_Weights_AWADDR    |  out|   64|       m_axi|                                              Layer_Weights|       pointer|
|m_axi_Layer_Weights_AWID      |  out|    1|       m_axi|                                              Layer_Weights|       pointer|
|m_axi_Layer_Weights_AWLEN     |  out|   32|       m_axi|                                              Layer_Weights|       pointer|
|m_axi_Layer_Weights_AWSIZE    |  out|    3|       m_axi|                                              Layer_Weights|       pointer|
|m_axi_Layer_Weights_AWBURST   |  out|    2|       m_axi|                                              Layer_Weights|       pointer|
|m_axi_Layer_Weights_AWLOCK    |  out|    2|       m_axi|                                              Layer_Weights|       pointer|
|m_axi_Layer_Weights_AWCACHE   |  out|    4|       m_axi|                                              Layer_Weights|       pointer|
|m_axi_Layer_Weights_AWPROT    |  out|    3|       m_axi|                                              Layer_Weights|       pointer|
|m_axi_Layer_Weights_AWQOS     |  out|    4|       m_axi|                                              Layer_Weights|       pointer|
|m_axi_Layer_Weights_AWREGION  |  out|    4|       m_axi|                                              Layer_Weights|       pointer|
|m_axi_Layer_Weights_AWUSER    |  out|    1|       m_axi|                                              Layer_Weights|       pointer|
|m_axi_Layer_Weights_WVALID    |  out|    1|       m_axi|                                              Layer_Weights|       pointer|
|m_axi_Layer_Weights_WREADY    |   in|    1|       m_axi|                                              Layer_Weights|       pointer|
|m_axi_Layer_Weights_WDATA     |  out|   32|       m_axi|                                              Layer_Weights|       pointer|
|m_axi_Layer_Weights_WSTRB     |  out|    4|       m_axi|                                              Layer_Weights|       pointer|
|m_axi_Layer_Weights_WLAST     |  out|    1|       m_axi|                                              Layer_Weights|       pointer|
|m_axi_Layer_Weights_WID       |  out|    1|       m_axi|                                              Layer_Weights|       pointer|
|m_axi_Layer_Weights_WUSER     |  out|    1|       m_axi|                                              Layer_Weights|       pointer|
|m_axi_Layer_Weights_ARVALID   |  out|    1|       m_axi|                                              Layer_Weights|       pointer|
|m_axi_Layer_Weights_ARREADY   |   in|    1|       m_axi|                                              Layer_Weights|       pointer|
|m_axi_Layer_Weights_ARADDR    |  out|   64|       m_axi|                                              Layer_Weights|       pointer|
|m_axi_Layer_Weights_ARID      |  out|    1|       m_axi|                                              Layer_Weights|       pointer|
|m_axi_Layer_Weights_ARLEN     |  out|   32|       m_axi|                                              Layer_Weights|       pointer|
|m_axi_Layer_Weights_ARSIZE    |  out|    3|       m_axi|                                              Layer_Weights|       pointer|
|m_axi_Layer_Weights_ARBURST   |  out|    2|       m_axi|                                              Layer_Weights|       pointer|
|m_axi_Layer_Weights_ARLOCK    |  out|    2|       m_axi|                                              Layer_Weights|       pointer|
|m_axi_Layer_Weights_ARCACHE   |  out|    4|       m_axi|                                              Layer_Weights|       pointer|
|m_axi_Layer_Weights_ARPROT    |  out|    3|       m_axi|                                              Layer_Weights|       pointer|
|m_axi_Layer_Weights_ARQOS     |  out|    4|       m_axi|                                              Layer_Weights|       pointer|
|m_axi_Layer_Weights_ARREGION  |  out|    4|       m_axi|                                              Layer_Weights|       pointer|
|m_axi_Layer_Weights_ARUSER    |  out|    1|       m_axi|                                              Layer_Weights|       pointer|
|m_axi_Layer_Weights_RVALID    |   in|    1|       m_axi|                                              Layer_Weights|       pointer|
|m_axi_Layer_Weights_RREADY    |  out|    1|       m_axi|                                              Layer_Weights|       pointer|
|m_axi_Layer_Weights_RDATA     |   in|   32|       m_axi|                                              Layer_Weights|       pointer|
|m_axi_Layer_Weights_RLAST     |   in|    1|       m_axi|                                              Layer_Weights|       pointer|
|m_axi_Layer_Weights_RID       |   in|    1|       m_axi|                                              Layer_Weights|       pointer|
|m_axi_Layer_Weights_RFIFONUM  |   in|    9|       m_axi|                                              Layer_Weights|       pointer|
|m_axi_Layer_Weights_RUSER     |   in|    1|       m_axi|                                              Layer_Weights|       pointer|
|m_axi_Layer_Weights_RRESP     |   in|    2|       m_axi|                                              Layer_Weights|       pointer|
|m_axi_Layer_Weights_BVALID    |   in|    1|       m_axi|                                              Layer_Weights|       pointer|
|m_axi_Layer_Weights_BREADY    |  out|    1|       m_axi|                                              Layer_Weights|       pointer|
|m_axi_Layer_Weights_BRESP     |   in|    2|       m_axi|                                              Layer_Weights|       pointer|
|m_axi_Layer_Weights_BID       |   in|    1|       m_axi|                                              Layer_Weights|       pointer|
|m_axi_Layer_Weights_BUSER     |   in|    1|       m_axi|                                              Layer_Weights|       pointer|
|Layer2_Weights_CPU            |   in|   64|     ap_none|                                         Layer2_Weights_CPU|        scalar|
|Layer2_Neurons_CPU_address0   |  out|   10|   ap_memory|                                         Layer2_Neurons_CPU|         array|
|Layer2_Neurons_CPU_ce0        |  out|    1|   ap_memory|                                         Layer2_Neurons_CPU|         array|
|Layer2_Neurons_CPU_q0         |   in|   32|   ap_memory|                                         Layer2_Neurons_CPU|         array|
|Layer2_Neurons_CPU_address1   |  out|   10|   ap_memory|                                         Layer2_Neurons_CPU|         array|
|Layer2_Neurons_CPU_ce1        |  out|    1|   ap_memory|                                         Layer2_Neurons_CPU|         array|
|Layer2_Neurons_CPU_q1         |   in|   32|   ap_memory|                                         Layer2_Neurons_CPU|         array|
|Layer3_Neurons_CPU_address0   |  out|   11|   ap_memory|                                         Layer3_Neurons_CPU|         array|
|Layer3_Neurons_CPU_ce0        |  out|    1|   ap_memory|                                         Layer3_Neurons_CPU|         array|
|Layer3_Neurons_CPU_we0        |  out|    1|   ap_memory|                                         Layer3_Neurons_CPU|         array|
|Layer3_Neurons_CPU_d0         |  out|   32|   ap_memory|                                         Layer3_Neurons_CPU|         array|
+------------------------------+-----+-----+------------+-----------------------------------------------------------+--------------+

