

================================================================
== Synthesis Summary Report of 'cnn_lenet'
================================================================
+ General Information: 
    * Date:           Thu Jan 30 18:34:55 2025
    * Version:        2023.2 (Build 4023990 on Oct 11 2023)
    * Project:        CNN_lenet5
    * Solution:       solution8 (Vivado IP Flow Target)
    * Product family: zynq
    * Target device:  xc7z020-clg484-1
    

+ Performance & Resource Estimates: 
    
    PS: '+' for module; 'o' for loop; '*' for dataflow
    +-----------------------------------------------------------------------------+--------+-------+---------+-----------+----------+---------+------+----------+---------+---------+-------------+-------------+-----+
    |                                   Modules                                   |  Issue |       | Latency |  Latency  | Iteration|         | Trip |          |         |         |             |             |     |
    |                                   & Loops                                   |  Type  | Slack | (cycles)|    (ns)   |  Latency | Interval| Count| Pipelined|  BRAM   |   DSP   |      FF     |     LUT     | URAM|
    +-----------------------------------------------------------------------------+--------+-------+---------+-----------+----------+---------+------+----------+---------+---------+-------------+-------------+-----+
    |+ cnn_lenet                                                                  |  Timing|  -0.73|   595147|  1.190e+07|         -|   595148|     -|        no|  15 (5%)|  21 (9%)|  19912 (18%)|  17101 (32%)|    -|
    | + cnn_lenet_Pipeline_calculateLayer2_loop_OutputRow_Loop_OutputColumn_Loop  |       -|   0.00|    26463|  5.293e+05|         -|    26463|     -|        no|        -|  2 (~0%)|    2624 (2%)|    2053 (3%)|    -|
    |  o calculateLayer2_loop_OutputRow_Loop_OutputColumn_Loop                    |       -|  14.60|    26461|  5.292e+05|       124|       26|  1014|       yes|        -|        -|            -|            -|    -|
    |   + SIGMOID                                                                 |       -|   0.63|        9|    180.000|         -|        1|     -|       yes|  1 (~0%)|  11 (5%)|    778 (~0%)|    2001 (3%)|    -|
    | + cnn_lenet_Pipeline_calculateLayer3_loop_row_Loop_col_loop                 |  Timing|  -0.73|   190475|  3.810e+06|         -|   190475|     -|        no|        -|  2 (~0%)|  13241 (12%)|   8963 (16%)|    -|
    |  o calculateLayer3_loop_row_Loop_col_loop                                   |       -|  14.60|   190473|  3.809e+06|       626|      152|  1250|       yes|        -|        -|            -|            -|    -|
    |   + SIGMOID                                                                 |       -|   0.63|        9|    180.000|         -|        1|     -|       yes|  1 (~0%)|  11 (5%)|    778 (~0%)|    2001 (3%)|    -|
    | o calculateLayer4_loop                                                      |       -|  14.60|   378200|  7.564e+06|      3782|        -|   100|        no|        -|        -|            -|            -|    -|
    |  + cnn_lenet_Pipeline_col_loop2_kernelRow_Loop2_kernelCol_loop2             |       -|   0.00|     3759|  7.518e+04|         -|     3759|     -|        no|        -|  1 (~0%)|    234 (~0%)|    360 (~0%)|    -|
    |   o col_loop2_kernelRow_Loop2_kernelCol_loop2                               |       -|  14.60|     3757|  7.514e+04|        11|        3|  1250|       yes|        -|        -|            -|            -|    -|
    |  + SIGMOID                                                                  |       -|   0.63|        9|    180.000|         -|        1|     -|       yes|  1 (~0%)|  11 (5%)|    778 (~0%)|    2001 (3%)|    -|
    +-----------------------------------------------------------------------------+--------+-------+---------+-----------+----------+---------+------+----------+---------+---------+-------------+-------------+-----+


================================================================
== HW Interfaces
================================================================
* M_AXI
+---------------------+------------+---------------+---------+--------+----------+-----------+--------------+--------------+-------------+-------------+-------------------+
| Interface           | Data Width | Address Width | Latency | Offset | Register | Max Widen | Max Read     | Max Write    | Num Read    | Num Write   | Resource Estimate |
|                     | (SW->HW)   |               |         |        |          | Bitwidth  | Burst Length | Burst Length | Outstanding | Outstanding |                   |
+---------------------+------------+---------------+---------+--------+----------+-----------+--------------+--------------+-------------+-------------+-------------------+
| m_axi_Layer_Neurons | 32 -> 32   | 64            | 0       | slave  | 0        | 0         | 16           | 16           | 16          | 16          | BRAM=4            |
| m_axi_Layer_Weights | 32 -> 32   | 64            | 0       | slave  | 0        | 0         | 16           | 16           | 16          | 16          | BRAM=4            |
+---------------------+------------+---------------+---------+--------+----------+-----------+--------------+--------------+-------------+-------------+-------------------+

* S_AXILITE Interfaces
+----------------+------------+---------------+--------+----------+
| Interface      | Data Width | Address Width | Offset | Register |
+----------------+------------+---------------+--------+----------+
| s_axi_CTRL_bus | 32         | 4             |        |          |
| s_axi_control  | 32         | 7             | 16     | 0        |
+----------------+------------+---------------+--------+----------+

* S_AXILITE Registers
+----------------+----------------------+--------+-------+--------+-----------------------------------+----------------------------------------------------------------------+
| Interface      | Register             | Offset | Width | Access | Description                       | Bit Fields                                                           |
+----------------+----------------------+--------+-------+--------+-----------------------------------+----------------------------------------------------------------------+
| s_axi_CTRL_bus | CTRL                 | 0x00   | 32    | RW     | Control signals                   | 0=AP_START 1=AP_DONE 2=AP_IDLE 3=AP_READY 7=AUTO_RESTART 9=INTERRUPT |
| s_axi_CTRL_bus | GIER                 | 0x04   | 32    | RW     | Global Interrupt Enable Register  | 0=Enable                                                             |
| s_axi_CTRL_bus | IP_IER               | 0x08   | 32    | RW     | IP Interrupt Enable Register      | 0=CHAN0_INT_EN 1=CHAN1_INT_EN                                        |
| s_axi_CTRL_bus | IP_ISR               | 0x0c   | 32    | RW     | IP Interrupt Status Register      | 0=CHAN0_INT_ST 1=CHAN1_INT_ST                                        |
| s_axi_control  | Layer1_Neurons_CPU_1 | 0x10   | 32    | W      | Data signal of Layer1_Neurons_CPU |                                                                      |
| s_axi_control  | Layer1_Neurons_CPU_2 | 0x14   | 32    | W      | Data signal of Layer1_Neurons_CPU |                                                                      |
| s_axi_control  | Layer1_Weights_CPU_1 | 0x1c   | 32    | W      | Data signal of Layer1_Weights_CPU |                                                                      |
| s_axi_control  | Layer1_Weights_CPU_2 | 0x20   | 32    | W      | Data signal of Layer1_Weights_CPU |                                                                      |
| s_axi_control  | Layer2_Weights_CPU_1 | 0x28   | 32    | W      | Data signal of Layer2_Weights_CPU |                                                                      |
| s_axi_control  | Layer2_Weights_CPU_2 | 0x2c   | 32    | W      | Data signal of Layer2_Weights_CPU |                                                                      |
| s_axi_control  | Layer3_Weights_CPU_1 | 0x34   | 32    | W      | Data signal of Layer3_Weights_CPU |                                                                      |
| s_axi_control  | Layer3_Weights_CPU_2 | 0x38   | 32    | W      | Data signal of Layer3_Weights_CPU |                                                                      |
| s_axi_control  | Layer4_Neurons_CPU_1 | 0x40   | 32    | W      | Data signal of Layer4_Neurons_CPU |                                                                      |
| s_axi_control  | Layer4_Neurons_CPU_2 | 0x44   | 32    | W      | Data signal of Layer4_Neurons_CPU |                                                                      |
+----------------+----------------------+--------+-------+--------+-----------------------------------+----------------------------------------------------------------------+

* TOP LEVEL CONTROL
+-----------+------------+-----------+
| Interface | Type       | Ports     |
+-----------+------------+-----------+
| ap_clk    | clock      | ap_clk    |
| ap_rst_n  | reset      | ap_rst_n  |
| interrupt | interrupt  | interrupt |
| ap_ctrl   | ap_ctrl_hs |           |
+-----------+------------+-----------+


================================================================
== SW I/O Information
================================================================
* Top Function Arguments
+--------------------+-----------+----------+
| Argument           | Direction | Datatype |
+--------------------+-----------+----------+
| Layer1_Neurons_CPU | inout     | float*   |
| Layer1_Weights_CPU | in        | float*   |
| Layer2_Weights_CPU | in        | float*   |
| Layer3_Weights_CPU | in        | float*   |
| Layer4_Neurons_CPU | inout     | float*   |
+--------------------+-----------+----------+

* SW-to-HW Mapping
+--------------------+---------------------+-----------+----------+------------------------------------------------+
| Argument           | HW Interface        | HW Type   | HW Usage | HW Info                                        |
+--------------------+---------------------+-----------+----------+------------------------------------------------+
| Layer1_Neurons_CPU | m_axi_Layer_Neurons | interface |          |                                                |
| Layer1_Neurons_CPU | s_axi_control       | register  | offset   | name=Layer1_Neurons_CPU_1 offset=0x10 range=32 |
| Layer1_Neurons_CPU | s_axi_control       | register  | offset   | name=Layer1_Neurons_CPU_2 offset=0x14 range=32 |
| Layer1_Weights_CPU | m_axi_Layer_Weights | interface |          |                                                |
| Layer1_Weights_CPU | s_axi_control       | register  | offset   | name=Layer1_Weights_CPU_1 offset=0x1c range=32 |
| Layer1_Weights_CPU | s_axi_control       | register  | offset   | name=Layer1_Weights_CPU_2 offset=0x20 range=32 |
| Layer2_Weights_CPU | m_axi_Layer_Weights | interface |          |                                                |
| Layer2_Weights_CPU | s_axi_control       | register  | offset   | name=Layer2_Weights_CPU_1 offset=0x28 range=32 |
| Layer2_Weights_CPU | s_axi_control       | register  | offset   | name=Layer2_Weights_CPU_2 offset=0x2c range=32 |
| Layer3_Weights_CPU | m_axi_Layer_Weights | interface |          |                                                |
| Layer3_Weights_CPU | s_axi_control       | register  | offset   | name=Layer3_Weights_CPU_1 offset=0x34 range=32 |
| Layer3_Weights_CPU | s_axi_control       | register  | offset   | name=Layer3_Weights_CPU_2 offset=0x38 range=32 |
| Layer4_Neurons_CPU | m_axi_Layer_Neurons | interface |          |                                                |
| Layer4_Neurons_CPU | s_axi_control       | register  | offset   | name=Layer4_Neurons_CPU_1 offset=0x40 range=32 |
| Layer4_Neurons_CPU | s_axi_control       | register  | offset   | name=Layer4_Neurons_CPU_2 offset=0x44 range=32 |
+--------------------+---------------------+-----------+----------+------------------------------------------------+


================================================================
== M_AXI Burst Information
================================================================
 Note: All burst requests might be further partitioned into multiple requests during RTL generation based on max_read_burst_length or max_write_burst_length settings.

* Inferred Burst Summary
+---------------------+-----------+--------+-------+----------------------+---------------------+
| HW Interface        | Direction | Length | Width | Loop                 | Loop Location       |
+---------------------+-----------+--------+-------+----------------------+---------------------+
| m_axi_Layer_Neurons | read      | 5      | 32    |                      |                     |
| m_axi_Layer_Neurons | write     | 100    | 32    | calculateLayer4_loop | cnn_lenet.cpp:73:23 |
| m_axi_Layer_Weights | read      | 25     | 32    |                      |                     |
| m_axi_Layer_Weights | read      | 150    | 32    |                      |                     |
| m_axi_Layer_Weights | read      | 1250   | 32    | col_loop2            | cnn_lenet.cpp:75:13 |
+---------------------+-----------+--------+-------+----------------------+---------------------+

* All M_AXI Variable Accesses
+---------------------+--------------------+---------------------+-----------+--------------+--------+----------------------+---------------------+------------+---------------------------------------------------------------------------------------------------------+
| HW Interface        | Variable           | Access Location     | Direction | Burst Status | Length | Loop                 | Loop Location       | Resolution | Problem                                                                                                 |
+---------------------+--------------------+---------------------+-----------+--------------+--------+----------------------+---------------------+------------+---------------------------------------------------------------------------------------------------------+
| m_axi_Layer_Neurons | Layer1_Neurons_CPU | cnn_lenet.cpp:42:34 | read      | Widen Fail   |        |                      |                     | 214-353    | Could not widen since type float size is greater than or equal to the max_widen_bitwidth threshold of 0 |
| m_axi_Layer_Neurons | Layer1_Neurons_CPU | cnn_lenet.cpp:42:34 | read      | Inferred     | 5      | OutputColumn_Loop    | cnn_lenet.cpp:35:32 |            |                                                                                                         |
| m_axi_Layer_Neurons | Layer4_Neurons_CPU | cnn_lenet.cpp:80:24 | write     | Widen Fail   |        | calculateLayer4_loop | cnn_lenet.cpp:73:23 | 214-353    | Could not widen since type float size is greater than or equal to the max_widen_bitwidth threshold of 0 |
| m_axi_Layer_Neurons | Layer4_Neurons_CPU | cnn_lenet.cpp:80:24 | write     | Inferred     | 100    | calculateLayer4_loop | cnn_lenet.cpp:73:23 |            |                                                                                                         |
| m_axi_Layer_Weights | Layer1_Weights_CPU | cnn_lenet.cpp:41:11 | read      | Widen Fail   |        |                      |                     | 214-353    | Could not widen since type float size is greater than or equal to the max_widen_bitwidth threshold of 0 |
| m_axi_Layer_Weights | Layer1_Weights_CPU | cnn_lenet.cpp:41:11 | read      | Fail         |        | OutputColumn_Loop    | cnn_lenet.cpp:35:32 | 214-230    | Stride is incompatible                                                                                  |
| m_axi_Layer_Weights | Layer1_Weights_CPU | cnn_lenet.cpp:41:11 | read      | Inferred     | 25     | OutputColumn_Loop    | cnn_lenet.cpp:35:32 |            |                                                                                                         |
| m_axi_Layer_Weights | Layer2_Weights_CPU | cnn_lenet.cpp:59:11 | read      | Widen Fail   |        |                      |                     | 214-353    | Could not widen since type float size is greater than or equal to the max_widen_bitwidth threshold of 0 |
| m_axi_Layer_Weights | Layer2_Weights_CPU | cnn_lenet.cpp:59:11 | read      | Fail         |        | col_loop             | cnn_lenet.cpp:53:23 | 214-230    | Stride is incompatible                                                                                  |
| m_axi_Layer_Weights | Layer2_Weights_CPU | cnn_lenet.cpp:59:11 | read      | Inferred     | 150    | col_loop             | cnn_lenet.cpp:53:23 |            |                                                                                                         |
| m_axi_Layer_Weights | Layer2_Weights_CPU | cnn_lenet.cpp:60:34 | read      | Widen Fail   |        |                      |                     | 214-353    | Could not widen since type float size is greater than or equal to the max_widen_bitwidth threshold of 0 |
| m_axi_Layer_Weights | Layer2_Weights_CPU | cnn_lenet.cpp:60:34 | read      | Fail         |        | col_loop             | cnn_lenet.cpp:53:23 | 214-230    | Stride is incompatible                                                                                  |
| m_axi_Layer_Weights | Layer2_Weights_CPU | cnn_lenet.cpp:60:34 | read      | Inferred     | 150    | col_loop             | cnn_lenet.cpp:53:23 |            |                                                                                                         |
| m_axi_Layer_Weights | Layer2_Weights_CPU | cnn_lenet.cpp:61:34 | read      | Widen Fail   |        |                      |                     | 214-353    | Could not widen since type float size is greater than or equal to the max_widen_bitwidth threshold of 0 |
| m_axi_Layer_Weights | Layer2_Weights_CPU | cnn_lenet.cpp:61:34 | read      | Fail         |        | col_loop             | cnn_lenet.cpp:53:23 | 214-230    | Stride is incompatible                                                                                  |
| m_axi_Layer_Weights | Layer2_Weights_CPU | cnn_lenet.cpp:61:34 | read      | Inferred     | 150    | col_loop             | cnn_lenet.cpp:53:23 |            |                                                                                                         |
| m_axi_Layer_Weights | Layer2_Weights_CPU | cnn_lenet.cpp:62:34 | read      | Widen Fail   |        |                      |                     | 214-353    | Could not widen since type float size is greater than or equal to the max_widen_bitwidth threshold of 0 |
| m_axi_Layer_Weights | Layer2_Weights_CPU | cnn_lenet.cpp:62:34 | read      | Fail         |        | col_loop             | cnn_lenet.cpp:53:23 | 214-230    | Stride is incompatible                                                                                  |
| m_axi_Layer_Weights | Layer2_Weights_CPU | cnn_lenet.cpp:62:34 | read      | Inferred     | 150    | col_loop             | cnn_lenet.cpp:53:23 |            |                                                                                                         |
| m_axi_Layer_Weights | Layer2_Weights_CPU | cnn_lenet.cpp:63:34 | read      | Widen Fail   |        |                      |                     | 214-353    | Could not widen since type float size is greater than or equal to the max_widen_bitwidth threshold of 0 |
| m_axi_Layer_Weights | Layer2_Weights_CPU | cnn_lenet.cpp:63:34 | read      | Fail         |        | col_loop             | cnn_lenet.cpp:53:23 | 214-230    | Stride is incompatible                                                                                  |
| m_axi_Layer_Weights | Layer2_Weights_CPU | cnn_lenet.cpp:63:34 | read      | Inferred     | 150    | col_loop             | cnn_lenet.cpp:53:23 |            |                                                                                                         |
| m_axi_Layer_Weights | Layer2_Weights_CPU | cnn_lenet.cpp:64:34 | read      | Widen Fail   |        |                      |                     | 214-353    | Could not widen since type float size is greater than or equal to the max_widen_bitwidth threshold of 0 |
| m_axi_Layer_Weights | Layer2_Weights_CPU | cnn_lenet.cpp:64:34 | read      | Fail         |        | col_loop             | cnn_lenet.cpp:53:23 | 214-230    | Stride is incompatible                                                                                  |
| m_axi_Layer_Weights | Layer2_Weights_CPU | cnn_lenet.cpp:64:34 | read      | Inferred     | 150    | col_loop             | cnn_lenet.cpp:53:23 |            |                                                                                                         |
| m_axi_Layer_Weights | Layer3_Weights_CPU | cnn_lenet.cpp:74:10 | read      | Fail         |        | calculateLayer4_loop | cnn_lenet.cpp:73:23 | 214-230    | Stride is incompatible                                                                                  |
| m_axi_Layer_Weights | Layer3_Weights_CPU | cnn_lenet.cpp:79:11 | read      | Widen Fail   |        | kernelCol_loop2      | cnn_lenet.cpp:77:22 | 214-353    | Could not widen since type float size is greater than or equal to the max_widen_bitwidth threshold of 0 |
| m_axi_Layer_Weights | Layer3_Weights_CPU | cnn_lenet.cpp:79:11 | read      | Fail         |        | calculateLayer4_loop | cnn_lenet.cpp:73:23 | 214-230    | Stride is incompatible                                                                                  |
| m_axi_Layer_Weights | Layer3_Weights_CPU | cnn_lenet.cpp:79:11 | read      | Inferred     | 1250   | col_loop2            | cnn_lenet.cpp:75:13 |            |                                                                                                         |
+---------------------+--------------------+---------------------+-----------+--------------+--------+----------------------+---------------------+------------+---------------------------------------------------------------------------------------------------------+

    * Resolution URL: docs.xilinx.com/access/sources/dita/topic?Doc_Version=2023.2%20English&url=ug1448-hls-guidance&resourceid=XXX-YYY.html (replace XXX-YYY with column value)

================================================================
== Bind Op Report
================================================================
+-----------------------------------------------------------------------------+-----+--------+-------------+------+-----------+---------+
| Name                                                                        | DSP | Pragma | Variable    | Op   | Impl      | Latency |
+-----------------------------------------------------------------------------+-----+--------+-------------+------+-----------+---------+
| + cnn_lenet                                                                 | 21  |        |             |      |           |         |
|   add_ln73_1_fu_287_p2                                                      |     |        | add_ln73_1  | add  | fabric    | 0       |
|   add_ln73_fu_299_p2                                                        |     |        | add_ln73    | add  | fabric    | 0       |
|   add_ln74_fu_309_p2                                                        |     |        | add_ln74    | add  | fabric    | 0       |
|   add_ln74_1_fu_319_p2                                                      |     |        | add_ln74_1  | add  | fabric    | 0       |
|   add_ln74_2_fu_324_p2                                                      |     |        | add_ln74_2  | add  | fabric    | 0       |
|  + cnn_lenet_Pipeline_calculateLayer2_loop_OutputRow_Loop_OutputColumn_Loop | 2   |        |             |      |           |         |
|    add_ln33_fu_381_p2                                                       |     |        | add_ln33    | add  | fabric    | 0       |
|    add_ln33_1_fu_423_p2                                                     |     |        | add_ln33_1  | add  | fabric    | 0       |
|    add_ln34_fu_565_p2                                                       |     |        | add_ln34    | add  | fabric    | 0       |
|    mul_3ns_8ns_10_1_1_U13                                                   |     |        | empty_81    | mul  | auto      | 0       |
|    empty_82_fu_489_p2                                                       |     |        | empty_82    | add  | fabric    | 0       |
|    empty_62_fu_587_p2                                                       |     |        | empty_62    | add  | fabric    | 0       |
|    mac_muladd_3ns_8ns_4ns_10_4_1_U15                                        | 1   |        | mul_ln34    | mul  | dsp_slice | 3       |
|    mul_4ns_7ns_10_1_1_U14                                                   |     |        | empty_63    | mul  | auto      | 0       |
|    mac_muladd_4ns_4ns_10ns_10_4_1_U16                                       | 1   |        | empty_64    | mul  | dsp_slice | 3       |
|    tmp1_fu_754_p2                                                           |     |        | tmp1        | add  | fabric    | 0       |
|    empty_65_fu_764_p2                                                       |     |        | empty_65    | add  | fabric    | 0       |
|    empty_66_fu_991_p2                                                       |     |        | empty_66    | add  | fabric    | 0       |
|    tmp2_fu_769_p2                                                           |     |        | tmp2        | add  | fabric    | 0       |
|    empty_67_fu_779_p2                                                       |     |        | empty_67    | add  | fabric    | 0       |
|    empty_68_fu_905_p2                                                       |     |        | empty_68    | add  | fabric    | 0       |
|    tmp3_fu_784_p2                                                           |     |        | tmp3        | add  | fabric    | 0       |
|    empty_69_fu_794_p2                                                       |     |        | empty_69    | add  | fabric    | 0       |
|    empty_70_fu_811_p2                                                       |     |        | empty_70    | add  | fabric    | 0       |
|    tmp4_fu_691_p2                                                           |     |        | tmp4        | add  | fabric    | 0       |
|    empty_71_fu_701_p2                                                       |     |        | empty_71    | add  | fabric    | 0       |
|    empty_72_fu_718_p2                                                       |     |        | empty_72    | add  | fabric    | 0       |
|    empty_73_fu_617_p2                                                       |     |        | empty_73    | add  | fabric    | 0       |
|    empty_74_fu_635_p2                                                       |     |        | empty_74    | add  | fabric    | 0       |
|    mac_muladd_3ns_8ns_4ns_10_4_1_U15                                        | 1   |        | add_ln45_1  | add  | dsp_slice | 3       |
|    mac_muladd_4ns_4ns_10ns_10_4_1_U16                                       | 1   |        | add_ln45    | add  | dsp_slice | 3       |
|    add_ln35_fu_515_p2                                                       |     |        | add_ln35    | add  | fabric    | 0       |
|    add_ln34_1_fu_521_p2                                                     |     |        | add_ln34_1  | add  | fabric    | 0       |
|   + SIGMOID (grp_SIGMOID_fu_278)                                            | 11  |        |             |      |           |         |
|     dmul_64ns_64ns_64_4_max_dsp_1_U5                                        | 11  |        | p_op        | dmul | maxdsp    | 3       |
|     add_ln486_fu_269_p2                                                     |     |        | add_ln486   | add  | fabric    | 0       |
|     sub_ln18_fu_283_p2                                                      |     |        | sub_ln18    | sub  | fabric    | 0       |
|     result_2_fu_349_p2                                                      |     |        | result_2    | sub  | fabric    | 0       |
|  + cnn_lenet_Pipeline_calculateLayer3_loop_row_Loop_col_loop                | 2   |        |             |      |           |         |
|    add_ln51_fu_1818_p2                                                      |     |        | add_ln51    | add  | fabric    | 0       |
|    add_ln51_1_fu_1860_p2                                                    |     |        | add_ln51_1  | add  | fabric    | 0       |
|    add_ln52_fu_2006_p2                                                      |     |        | add_ln52    | add  | fabric    | 0       |
|    mul_6ns_11ns_16_1_1_U28                                                  | 1   |        | empty_60    | mul  | auto      | 0       |
|    empty_61_fu_1926_p2                                                      |     |        | empty_61    | add  | fabric    | 0       |
|    empty_26_fu_2032_p2                                                      |     |        | empty_26    | add  | fabric    | 0       |
|    mac_muladd_6ns_5ns_3ns_11_4_1_U30                                        | 1   |        | empty_27    | mul  | dsp_slice | 3       |
|    mul_3ns_6ns_8_1_1_U29                                                    |     |        | empty_28    | mul  | auto      | 0       |
|    empty_30_fu_2055_p2                                                      |     |        | empty_30    | add  | fabric    | 0       |
|    empty_31_fu_2126_p2                                                      |     |        | empty_31    | add  | fabric    | 0       |
|    empty_32_fu_2131_p2                                                      |     |        | empty_32    | add  | fabric    | 0       |
|    empty_33_fu_2174_p2                                                      |     |        | empty_33    | add  | fabric    | 0       |
|    empty_34_fu_2179_p2                                                      |     |        | empty_34    | add  | fabric    | 0       |
|    empty_35_fu_2569_p2                                                      |     |        | empty_35    | add  | fabric    | 0       |
|    empty_36_fu_2574_p2                                                      |     |        | empty_36    | add  | fabric    | 0       |
|    empty_37_fu_2604_p2                                                      |     |        | empty_37    | add  | fabric    | 0       |
|    empty_38_fu_2609_p2                                                      |     |        | empty_38    | add  | fabric    | 0       |
|    empty_39_fu_2639_p2                                                      |     |        | empty_39    | add  | fabric    | 0       |
|    empty_40_fu_2644_p2                                                      |     |        | empty_40    | add  | fabric    | 0       |
|    empty_41_fu_2985_p2                                                      |     |        | empty_41    | add  | fabric    | 0       |
|    empty_42_fu_2990_p2                                                      |     |        | empty_42    | add  | fabric    | 0       |
|    empty_43_fu_3024_p2                                                      |     |        | empty_43    | add  | fabric    | 0       |
|    empty_44_fu_3029_p2                                                      |     |        | empty_44    | add  | fabric    | 0       |
|    empty_45_fu_3059_p2                                                      |     |        | empty_45    | add  | fabric    | 0       |
|    empty_46_fu_3064_p2                                                      |     |        | empty_46    | add  | fabric    | 0       |
|    empty_47_fu_3394_p2                                                      |     |        | empty_47    | add  | fabric    | 0       |
|    empty_48_fu_3399_p2                                                      |     |        | empty_48    | add  | fabric    | 0       |
|    empty_49_fu_3429_p2                                                      |     |        | empty_49    | add  | fabric    | 0       |
|    empty_50_fu_3434_p2                                                      |     |        | empty_50    | add  | fabric    | 0       |
|    empty_51_fu_3464_p2                                                      |     |        | empty_51    | add  | fabric    | 0       |
|    empty_52_fu_3469_p2                                                      |     |        | empty_52    | add  | fabric    | 0       |
|    empty_53_fu_3822_p2                                                      |     |        | empty_53    | add  | fabric    | 0       |
|    empty_54_fu_3695_p2                                                      |     |        | empty_54    | add  | fabric    | 0       |
|    empty_55_fu_3846_p2                                                      |     |        | empty_55    | add  | fabric    | 0       |
|    empty_56_fu_3851_p2                                                      |     |        | empty_56    | add  | fabric    | 0       |
|    empty_57_fu_3885_p2                                                      |     |        | empty_57    | add  | fabric    | 0       |
|    empty_58_fu_3890_p2                                                      |     |        | empty_58    | add  | fabric    | 0       |
|    add_ln59_fu_2096_p2                                                      |     |        | add_ln59    | add  | fabric    | 0       |
|    add_ln60_fu_2107_p2                                                      |     |        | add_ln60    | add  | fabric    | 0       |
|    add_ln61_fu_2143_p2                                                      |     |        | add_ln61    | add  | fabric    | 0       |
|    add_ln62_fu_2153_p2                                                      |     |        | add_ln62    | add  | fabric    | 0       |
|    add_ln63_fu_2184_p2                                                      |     |        | add_ln63    | add  | fabric    | 0       |
|    add_ln64_fu_2194_p2                                                      |     |        | add_ln64    | add  | fabric    | 0       |
|    add_ln59_1_fu_2236_p2                                                    |     |        | add_ln59_1  | add  | fabric    | 0       |
|    add_ln60_1_fu_2246_p2                                                    |     |        | add_ln60_1  | add  | fabric    | 0       |
|    add_ln61_1_fu_2259_p2                                                    |     |        | add_ln61_1  | add  | fabric    | 0       |
|    add_ln62_1_fu_2268_p2                                                    |     |        | add_ln62_1  | add  | fabric    | 0       |
|    add_ln63_1_fu_2278_p2                                                    |     |        | add_ln63_1  | add  | fabric    | 0       |
|    add_ln64_1_fu_2287_p2                                                    |     |        | add_ln64_1  | add  | fabric    | 0       |
|    add_ln59_2_fu_2300_p2                                                    |     |        | add_ln59_2  | add  | fabric    | 0       |
|    add_ln59_3_fu_2313_p2                                                    |     |        | add_ln59_3  | add  | fabric    | 0       |
|    add_ln60_2_fu_2323_p2                                                    |     |        | add_ln60_2  | add  | fabric    | 0       |
|    add_ln61_2_fu_2336_p2                                                    |     |        | add_ln61_2  | add  | fabric    | 0       |
|    add_ln62_2_fu_2345_p2                                                    |     |        | add_ln62_2  | add  | fabric    | 0       |
|    add_ln63_2_fu_2360_p2                                                    |     |        | add_ln63_2  | add  | fabric    | 0       |
|    add_ln64_2_fu_2369_p2                                                    |     |        | add_ln64_2  | add  | fabric    | 0       |
|    add_ln59_4_fu_2382_p2                                                    |     |        | add_ln59_4  | add  | fabric    | 0       |
|    add_ln59_5_fu_2395_p2                                                    |     |        | add_ln59_5  | add  | fabric    | 0       |
|    add_ln60_3_fu_2405_p2                                                    |     |        | add_ln60_3  | add  | fabric    | 0       |
|    add_ln61_3_fu_2423_p2                                                    |     |        | add_ln61_3  | add  | fabric    | 0       |
|    add_ln62_3_fu_2432_p2                                                    |     |        | add_ln62_3  | add  | fabric    | 0       |
|    add_ln63_3_fu_2447_p2                                                    |     |        | add_ln63_3  | add  | fabric    | 0       |
|    add_ln64_3_fu_2456_p2                                                    |     |        | add_ln64_3  | add  | fabric    | 0       |
|    add_ln59_6_fu_2482_p2                                                    |     |        | add_ln59_6  | add  | fabric    | 0       |
|    add_ln59_7_fu_2495_p2                                                    |     |        | add_ln59_7  | add  | fabric    | 0       |
|    add_ln60_4_fu_2505_p2                                                    |     |        | add_ln60_4  | add  | fabric    | 0       |
|    add_ln61_4_fu_2523_p2                                                    |     |        | add_ln61_4  | add  | fabric    | 0       |
|    add_ln62_4_fu_2532_p2                                                    |     |        | add_ln62_4  | add  | fabric    | 0       |
|    add_ln63_4_fu_2547_p2                                                    |     |        | add_ln63_4  | add  | fabric    | 0       |
|    add_ln64_4_fu_2556_p2                                                    |     |        | add_ln64_4  | add  | fabric    | 0       |
|    add_ln59_8_fu_2584_p2                                                    |     |        | add_ln59_8  | add  | fabric    | 0       |
|    add_ln60_5_fu_2594_p2                                                    |     |        | add_ln60_5  | add  | fabric    | 0       |
|    add_ln61_5_fu_2619_p2                                                    |     |        | add_ln61_5  | add  | fabric    | 0       |
|    add_ln62_5_fu_2629_p2                                                    |     |        | add_ln62_5  | add  | fabric    | 0       |
|    add_ln63_5_fu_2654_p2                                                    |     |        | add_ln63_5  | add  | fabric    | 0       |
|    add_ln64_5_fu_2664_p2                                                    |     |        | add_ln64_5  | add  | fabric    | 0       |
|    add_ln59_9_fu_2689_p2                                                    |     |        | add_ln59_9  | add  | fabric    | 0       |
|    add_ln60_6_fu_2700_p2                                                    |     |        | add_ln60_6  | add  | fabric    | 0       |
|    add_ln61_6_fu_2718_p2                                                    |     |        | add_ln61_6  | add  | fabric    | 0       |
|    add_ln62_6_fu_2727_p2                                                    |     |        | add_ln62_6  | add  | fabric    | 0       |
|    add_ln63_6_fu_2741_p2                                                    |     |        | add_ln63_6  | add  | fabric    | 0       |
|    add_ln64_6_fu_2750_p2                                                    |     |        | add_ln64_6  | add  | fabric    | 0       |
|    add_ln59_10_fu_2709_p2                                                   |     |        | add_ln59_10 | add  | fabric    | 0       |
|    add_ln60_7_fu_2772_p2                                                    |     |        | add_ln60_7  | add  | fabric    | 0       |
|    add_ln61_7_fu_2786_p2                                                    |     |        | add_ln61_7  | add  | fabric    | 0       |
|    add_ln62_7_fu_2795_p2                                                    |     |        | add_ln62_7  | add  | fabric    | 0       |
|    add_ln63_7_fu_2809_p2                                                    |     |        | add_ln63_7  | add  | fabric    | 0       |
|    add_ln64_7_fu_2818_p2                                                    |     |        | add_ln64_7  | add  | fabric    | 0       |
|    add_ln59_11_fu_2839_p2                                                   |     |        | add_ln59_11 | add  | fabric    | 0       |
|    add_ln60_8_fu_2849_p2                                                    |     |        | add_ln60_8  | add  | fabric    | 0       |
|    add_ln61_8_fu_2863_p2                                                    |     |        | add_ln61_8  | add  | fabric    | 0       |
|    add_ln62_8_fu_2872_p2                                                    |     |        | add_ln62_8  | add  | fabric    | 0       |
|    add_ln63_8_fu_2886_p2                                                    |     |        | add_ln63_8  | add  | fabric    | 0       |
|    add_ln64_8_fu_2895_p2                                                    |     |        | add_ln64_8  | add  | fabric    | 0       |
|    add_ln59_12_fu_2916_p2                                                   |     |        | add_ln59_12 | add  | fabric    | 0       |
|    add_ln60_9_fu_2926_p2                                                    |     |        | add_ln60_9  | add  | fabric    | 0       |
|    add_ln61_9_fu_2940_p2                                                    |     |        | add_ln61_9  | add  | fabric    | 0       |
|    add_ln62_9_fu_2949_p2                                                    |     |        | add_ln62_9  | add  | fabric    | 0       |
|    add_ln63_9_fu_2963_p2                                                    |     |        | add_ln63_9  | add  | fabric    | 0       |
|    add_ln64_9_fu_2972_p2                                                    |     |        | add_ln64_9  | add  | fabric    | 0       |
|    add_ln59_13_fu_3003_p2                                                   |     |        | add_ln59_13 | add  | fabric    | 0       |
|    add_ln60_10_fu_3014_p2                                                   |     |        | add_ln60_10 | add  | fabric    | 0       |
|    add_ln61_10_fu_3039_p2                                                   |     |        | add_ln61_10 | add  | fabric    | 0       |
|    add_ln62_10_fu_3049_p2                                                   |     |        | add_ln62_10 | add  | fabric    | 0       |
|    add_ln63_10_fu_3074_p2                                                   |     |        | add_ln63_10 | add  | fabric    | 0       |
|    add_ln64_10_fu_3084_p2                                                   |     |        | add_ln64_10 | add  | fabric    | 0       |
|    add_ln59_14_fu_3103_p2                                                   |     |        | add_ln59_14 | add  | fabric    | 0       |
|    add_ln60_11_fu_3112_p2                                                   |     |        | add_ln60_11 | add  | fabric    | 0       |
|    add_ln61_11_fu_3126_p2                                                   |     |        | add_ln61_11 | add  | fabric    | 0       |
|    add_ln62_11_fu_3135_p2                                                   |     |        | add_ln62_11 | add  | fabric    | 0       |
|    add_ln63_11_fu_3149_p2                                                   |     |        | add_ln63_11 | add  | fabric    | 0       |
|    add_ln64_11_fu_3158_p2                                                   |     |        | add_ln64_11 | add  | fabric    | 0       |
|    add_ln59_15_fu_3179_p2                                                   |     |        | add_ln59_15 | add  | fabric    | 0       |
|    add_ln60_12_fu_3189_p2                                                   |     |        | add_ln60_12 | add  | fabric    | 0       |
|    add_ln61_12_fu_3203_p2                                                   |     |        | add_ln61_12 | add  | fabric    | 0       |
|    add_ln62_12_fu_3212_p2                                                   |     |        | add_ln62_12 | add  | fabric    | 0       |
|    add_ln63_12_fu_3226_p2                                                   |     |        | add_ln63_12 | add  | fabric    | 0       |
|    add_ln64_12_fu_3235_p2                                                   |     |        | add_ln64_12 | add  | fabric    | 0       |
|    add_ln59_16_fu_3253_p2                                                   |     |        | add_ln59_16 | add  | fabric    | 0       |
|    add_ln60_13_fu_3262_p2                                                   |     |        | add_ln60_13 | add  | fabric    | 0       |
|    add_ln61_13_fu_3276_p2                                                   |     |        | add_ln61_13 | add  | fabric    | 0       |
|    add_ln62_13_fu_3285_p2                                                   |     |        | add_ln62_13 | add  | fabric    | 0       |
|    add_ln63_13_fu_3299_p2                                                   |     |        | add_ln63_13 | add  | fabric    | 0       |
|    add_ln64_13_fu_3308_p2                                                   |     |        | add_ln64_13 | add  | fabric    | 0       |
|    add_ln59_17_fu_3326_p2                                                   |     |        | add_ln59_17 | add  | fabric    | 0       |
|    add_ln60_14_fu_3335_p2                                                   |     |        | add_ln60_14 | add  | fabric    | 0       |
|    add_ln61_14_fu_3349_p2                                                   |     |        | add_ln61_14 | add  | fabric    | 0       |
|    add_ln62_14_fu_3358_p2                                                   |     |        | add_ln62_14 | add  | fabric    | 0       |
|    add_ln63_14_fu_3372_p2                                                   |     |        | add_ln63_14 | add  | fabric    | 0       |
|    add_ln64_14_fu_3381_p2                                                   |     |        | add_ln64_14 | add  | fabric    | 0       |
|    add_ln59_18_fu_3409_p2                                                   |     |        | add_ln59_18 | add  | fabric    | 0       |
|    add_ln60_15_fu_3419_p2                                                   |     |        | add_ln60_15 | add  | fabric    | 0       |
|    add_ln61_15_fu_3444_p2                                                   |     |        | add_ln61_15 | add  | fabric    | 0       |
|    add_ln62_15_fu_3454_p2                                                   |     |        | add_ln62_15 | add  | fabric    | 0       |
|    add_ln63_15_fu_3479_p2                                                   |     |        | add_ln63_15 | add  | fabric    | 0       |
|    add_ln64_15_fu_3489_p2                                                   |     |        | add_ln64_15 | add  | fabric    | 0       |
|    add_ln59_19_fu_3508_p2                                                   |     |        | add_ln59_19 | add  | fabric    | 0       |
|    add_ln60_16_fu_3517_p2                                                   |     |        | add_ln60_16 | add  | fabric    | 0       |
|    add_ln61_16_fu_3531_p2                                                   |     |        | add_ln61_16 | add  | fabric    | 0       |
|    add_ln62_16_fu_3540_p2                                                   |     |        | add_ln62_16 | add  | fabric    | 0       |
|    add_ln63_16_fu_3554_p2                                                   |     |        | add_ln63_16 | add  | fabric    | 0       |
|    add_ln64_16_fu_3563_p2                                                   |     |        | add_ln64_16 | add  | fabric    | 0       |
|    add_ln59_20_fu_3581_p2                                                   |     |        | add_ln59_20 | add  | fabric    | 0       |
|    add_ln60_17_fu_3590_p2                                                   |     |        | add_ln60_17 | add  | fabric    | 0       |
|    add_ln61_17_fu_3604_p2                                                   |     |        | add_ln61_17 | add  | fabric    | 0       |
|    add_ln62_17_fu_3613_p2                                                   |     |        | add_ln62_17 | add  | fabric    | 0       |
|    add_ln63_17_fu_3627_p2                                                   |     |        | add_ln63_17 | add  | fabric    | 0       |
|    add_ln64_17_fu_3636_p2                                                   |     |        | add_ln64_17 | add  | fabric    | 0       |
|    add_ln59_21_fu_3654_p2                                                   |     |        | add_ln59_21 | add  | fabric    | 0       |
|    add_ln60_18_fu_3663_p2                                                   |     |        | add_ln60_18 | add  | fabric    | 0       |
|    add_ln61_18_fu_3677_p2                                                   |     |        | add_ln61_18 | add  | fabric    | 0       |
|    add_ln62_18_fu_3686_p2                                                   |     |        | add_ln62_18 | add  | fabric    | 0       |
|    add_ln63_18_fu_3705_p2                                                   |     |        | add_ln63_18 | add  | fabric    | 0       |
|    add_ln64_18_fu_3714_p2                                                   |     |        | add_ln64_18 | add  | fabric    | 0       |
|    add_ln59_22_fu_3769_p2                                                   |     |        | add_ln59_22 | add  | fabric    | 0       |
|    add_ln60_19_fu_3727_p2                                                   |     |        | add_ln60_19 | add  | fabric    | 0       |
|    add_ln61_19_fu_3731_p2                                                   |     |        | add_ln61_19 | add  | fabric    | 0       |
|    add_ln62_19_fu_3791_p2                                                   |     |        | add_ln62_19 | add  | fabric    | 0       |
|    add_ln63_19_fu_3805_p2                                                   |     |        | add_ln63_19 | add  | fabric    | 0       |
|    add_ln64_19_fu_3735_p2                                                   |     |        | add_ln64_19 | add  | fabric    | 0       |
|    add_ln59_23_fu_3832_p2                                                   |     |        | add_ln59_23 | add  | fabric    | 0       |
|    add_ln60_20_fu_3739_p2                                                   |     |        | add_ln60_20 | add  | fabric    | 0       |
|    add_ln61_20_fu_3861_p2                                                   |     |        | add_ln61_20 | add  | fabric    | 0       |
|    add_ln62_20_fu_3875_p2                                                   |     |        | add_ln62_20 | add  | fabric    | 0       |
|    add_ln63_20_fu_3900_p2                                                   |     |        | add_ln63_20 | add  | fabric    | 0       |
|    add_ln64_20_fu_3910_p2                                                   |     |        | add_ln64_20 | add  | fabric    | 0       |
|    add_ln59_24_fu_3929_p2                                                   |     |        | add_ln59_24 | add  | fabric    | 0       |
|    add_ln60_21_fu_3744_p2                                                   |     |        | add_ln60_21 | add  | fabric    | 0       |
|    add_ln61_21_fu_3947_p2                                                   |     |        | add_ln61_21 | add  | fabric    | 0       |
|    add_ln62_21_fu_3960_p2                                                   |     |        | add_ln62_21 | add  | fabric    | 0       |
|    add_ln63_21_fu_3974_p2                                                   |     |        | add_ln63_21 | add  | fabric    | 0       |
|    add_ln64_21_fu_3983_p2                                                   |     |        | add_ln64_21 | add  | fabric    | 0       |
|    add_ln59_25_fu_4001_p2                                                   |     |        | add_ln59_25 | add  | fabric    | 0       |
|    add_ln60_22_fu_3749_p2                                                   |     |        | add_ln60_22 | add  | fabric    | 0       |
|    add_ln61_22_fu_4019_p2                                                   |     |        | add_ln61_22 | add  | fabric    | 0       |
|    add_ln62_22_fu_4032_p2                                                   |     |        | add_ln62_22 | add  | fabric    | 0       |
|    add_ln63_22_fu_4046_p2                                                   |     |        | add_ln63_22 | add  | fabric    | 0       |
|    add_ln64_22_fu_4055_p2                                                   |     |        | add_ln64_22 | add  | fabric    | 0       |
|    add_ln59_26_fu_4073_p2                                                   |     |        | add_ln59_26 | add  | fabric    | 0       |
|    add_ln60_23_fu_3754_p2                                                   |     |        | add_ln60_23 | add  | fabric    | 0       |
|    add_ln61_23_fu_4091_p2                                                   |     |        | add_ln61_23 | add  | fabric    | 0       |
|    add_ln62_23_fu_4104_p2                                                   |     |        | add_ln62_23 | add  | fabric    | 0       |
|    add_ln63_23_fu_4113_p2                                                   |     |        | add_ln63_23 | add  | fabric    | 0       |
|    add_ln64_23_fu_4117_p2                                                   |     |        | add_ln64_23 | add  | fabric    | 0       |
|    add_ln59_27_fu_4121_p2                                                   |     |        | add_ln59_27 | add  | fabric    | 0       |
|    add_ln60_24_fu_3759_p2                                                   |     |        | add_ln60_24 | add  | fabric    | 0       |
|    add_ln61_24_fu_4125_p2                                                   |     |        | add_ln61_24 | add  | fabric    | 0       |
|    add_ln62_24_fu_4129_p2                                                   |     |        | add_ln62_24 | add  | fabric    | 0       |
|    add_ln63_24_fu_4133_p2                                                   |     |        | add_ln63_24 | add  | fabric    | 0       |
|    add_ln64_24_fu_4137_p2                                                   |     |        | add_ln64_24 | add  | fabric    | 0       |
|    add_ln67_1_fu_2208_p2                                                    |     |        | add_ln67_1  | add  | fabric    | 0       |
|    mac_muladd_6ns_5ns_3ns_11_4_1_U30                                        | 1   |        | add_ln67_2  | add  | dsp_slice | 3       |
|    add_ln67_fu_2218_p2                                                      |     |        | add_ln67    | add  | fabric    | 0       |
|    add_ln53_fu_1956_p2                                                      |     |        | add_ln53    | add  | fabric    | 0       |
|    add_ln52_1_fu_1962_p2                                                    |     |        | add_ln52_1  | add  | fabric    | 0       |
|   + SIGMOID (grp_SIGMOID_fu_1463)                                           | 11  |        |             |      |           |         |
|     dmul_64ns_64ns_64_4_max_dsp_1_U5                                        | 11  |        | p_op        | dmul | maxdsp    | 3       |
|     add_ln486_fu_269_p2                                                     |     |        | add_ln486   | add  | fabric    | 0       |
|     sub_ln18_fu_283_p2                                                      |     |        | sub_ln18    | sub  | fabric    | 0       |
|     result_2_fu_349_p2                                                      |     |        | result_2    | sub  | fabric    | 0       |
|  + cnn_lenet_Pipeline_col_loop2_kernelRow_Loop2_kernelCol_loop2             | 1   |        |             |      |           |         |
|    add_ln75_fu_192_p2                                                       |     |        | add_ln75    | add  | fabric    | 0       |
|    add_ln75_1_fu_210_p2                                                     |     |        | add_ln75_1  | add  | fabric    | 0       |
|    add_ln76_fu_315_p2                                                       |     |        | add_ln76    | add  | fabric    | 0       |
|    mac_muladd_6ns_5ns_3ns_11_4_1_U40                                        | 1   |        | empty       | mul  | dsp_slice | 3       |
|    add_ln79_fu_340_p2                                                       |     |        | add_ln79    | add  | fabric    | 0       |
|    mac_muladd_6ns_5ns_3ns_11_4_1_U40                                        | 1   |        | add_ln79_2  | add  | dsp_slice | 3       |
|    add_ln79_1_fu_350_p2                                                     |     |        | add_ln79_1  | add  | fabric    | 0       |
|    add_ln77_fu_294_p2                                                       |     |        | add_ln77    | add  | fabric    | 0       |
|    add_ln76_1_fu_228_p2                                                     |     |        | add_ln76_1  | add  | fabric    | 0       |
|  + SIGMOID (grp_SIGMOID_fu_244)                                             | 11  |        |             |      |           |         |
|    dmul_64ns_64ns_64_4_max_dsp_1_U5                                         | 11  |        | p_op        | dmul | maxdsp    | 3       |
|    add_ln486_fu_269_p2                                                      |     |        | add_ln486   | add  | fabric    | 0       |
|    sub_ln18_fu_283_p2                                                       |     |        | sub_ln18    | sub  | fabric    | 0       |
|    result_2_fu_349_p2                                                       |     |        | result_2    | sub  | fabric    | 0       |
+-----------------------------------------------------------------------------+-----+--------+-------------+------+-----------+---------+


================================================================
== Storage Report
================================================================
+-----------------------------------------------------------------------------+--------------+-----------+------+------+--------+--------------------+------+---------+------------------+
| Name                                                                        | Usage        | Type      | BRAM | URAM | Pragma | Variable           | Impl | Latency | Bitwidth, Depth, |
|                                                                             |              |           |      |      |        |                    |      |         | Banks            |
+-----------------------------------------------------------------------------+--------------+-----------+------+------+--------+--------------------+------+---------+------------------+
| + cnn_lenet                                                                 |              |           | 15   | 0    |        |                    |      |         |                  |
|   CTRL_bus_s_axi_U                                                          | interface    | s_axilite |      |      |        |                    |      |         |                  |
|   control_s_axi_U                                                           | interface    | s_axilite |      |      |        |                    |      |         |                  |
|   Layer_Neurons_m_axi_U                                                     | interface    | m_axi     | 4    |      |        |                    |      |         |                  |
|   Layer_Weights_m_axi_U                                                     | interface    | m_axi     | 4    |      |        |                    |      |         |                  |
|   Layer2_Neurons_CPU_U                                                      | rom_np array |           | 2    |      |        | Layer2_Neurons_CPU | auto | 1       | 32, 1014, 1      |
|   Layer3_Neurons_CPU_U                                                      | ram_1p array |           | 4    |      |        | Layer3_Neurons_CPU | auto | 1       | 32, 1250, 1      |
|  + cnn_lenet_Pipeline_calculateLayer2_loop_OutputRow_Loop_OutputColumn_Loop |              |           | 0    | 0    |        |                    |      |         |                  |
|   + SIGMOID (grp_SIGMOID_fu_278)                                            |              |           | 1    | 0    |        |                    |      |         |                  |
|     sigmoidLUT_1_U                                                          | ram_1p       |           | 1    |      | pragma | sigmoidLUT_1       | bram | 1       | 32, 256, 1       |
|  + cnn_lenet_Pipeline_calculateLayer3_loop_row_Loop_col_loop                |              |           | 0    | 0    |        |                    |      |         |                  |
|   + SIGMOID (grp_SIGMOID_fu_1463)                                           |              |           | 1    | 0    |        |                    |      |         |                  |
|     sigmoidLUT_1_U                                                          | ram_1p       |           | 1    |      | pragma | sigmoidLUT_1       | bram | 1       | 32, 256, 1       |
|  + SIGMOID (grp_SIGMOID_fu_244)                                             |              |           | 1    | 0    |        |                    |      |         |                  |
|    sigmoidLUT_1_U                                                           | ram_1p       |           | 1    |      | pragma | sigmoidLUT_1       | bram | 1       | 32, 256, 1       |
+-----------------------------------------------------------------------------+--------------+-----------+------+------+--------+--------------------+------+---------+------------------+


================================================================
== Pragma Report
================================================================
* Valid Pragma Syntax
+--------------+-----------------------------------------------------------------------------------+---------------------------------------------------+
| Type         | Options                                                                           | Location                                          |
+--------------+-----------------------------------------------------------------------------------+---------------------------------------------------+
| interface    | mode=m_axi port=Layer1_Neurons_CPU depth=841 offset=slave bundle=Layer_Neurons    | cnn_lenet.cpp:16 in cnn_lenet, Layer1_Neurons_CPU |
| interface    | mode=m_axi port=Layer1_Weights_CPU depth=156 offset=slave bundle=Layer_Weights    | cnn_lenet.cpp:17 in cnn_lenet, Layer1_Weights_CPU |
| interface    | mode=m_axi port=Layer2_Weights_CPU depth=7800 offset=slave bundle=Layer_Weights   | cnn_lenet.cpp:18 in cnn_lenet, Layer2_Weights_CPU |
| interface    | mode=m_axi port=Layer3_Weights_CPU depth=125100 offset=slave bundle=Layer_Weights | cnn_lenet.cpp:19 in cnn_lenet, Layer3_Weights_CPU |
| interface    | mode=m_axi port=Layer4_Neurons_CPU depth=100 offset=slave bundle=Layer_Neurons    | cnn_lenet.cpp:20 in cnn_lenet, Layer4_Neurons_CPU |
| interface    | mode=s_axilite port=return bundle=CTRL_bus                                        | cnn_lenet.cpp:21 in cnn_lenet, return             |
| pipeline     | II=26                                                                             | cnn_lenet.cpp:36 in cnn_lenet                     |
| pipeline     | II=2                                                                              | cnn_lenet.cpp:40 in cnn_lenet                     |
| pipeline     | II=152                                                                            | cnn_lenet.cpp:54 in cnn_lenet                     |
| pipeline     | II=2                                                                              | cnn_lenet.cpp:58 in cnn_lenet                     |
| pipeline     | II=3                                                                              | cnn_lenet.cpp:78 in cnn_lenet                     |
| bind_storage | variable=sigmoidLUT type=RAM_1P impl=BRAM                                         | sigmoid.cpp:10 in sigmoid, sigmoidLUT             |
| pipeline     | II=1                                                                              | sigmoid.cpp:17 in sigmoid                         |
+--------------+-----------------------------------------------------------------------------------+---------------------------------------------------+


