C:/Users/TRETEC/OneDrive/Documents/Master2/HLS-FPGA/cnn_hls/CNN_lenet5/solution8/csynth.tcl:21:9: warning: HLS pragma dump _XLX_SEP_ PragmaIsValid=1_XLX_SEP_ PragmaType=top_XLX_SEP_ PragmaContext=directive_XLX_SEP_ PragmaFunction=cnn_lenet_XLX_SEP_ PragmaOptions=name=cnn_lenet_XLX_SEP_ [-Wdump-hls-pragmas]
#pragma HLSDIRECTIVE TOP name=cnn_lenet
        ^
C:/Users/TRETEC/OneDrive/Documents/Master2/HLS-FPGA/cnn_hls/CNN_lenet5/solution8/directives.tcl:7:9: warning: HLS pragma dump _XLX_SEP_ PragmaIsValid=1_XLX_SEP_ PragmaType=top_XLX_SEP_ PragmaContext=directive_XLX_SEP_ PragmaFunction=cnn_lenet_XLX_SEP_ PragmaOptions=name=cnn_lenet_XLX_SEP_ [-Wdump-hls-pragmas]
#pragma HLSDIRECTIVE TOP name=cnn_lenet
        ^
cnn_lenet.cpp:16:9: warning: HLS pragma dump _XLX_SEP_ PragmaIsValid=1_XLX_SEP_ PragmaType=interface_XLX_SEP_ PragmaContext=_XLX_SEP_ PragmaFunction=cnn_lenet_XLX_SEP_ PragmaOptions=mode=m_axi port=Layer1_Neurons_CPU depth=841 offset=slave bundle=Layer_Neurons_XLX_SEP_ [-Wdump-hls-pragmas]
#pragma HLS INTERFACE mode=m_axi port=Layer1_Neurons_CPU depth=841 offset=slave bundle=Layer_Neurons
        ^
cnn_lenet.cpp:17:9: warning: HLS pragma dump _XLX_SEP_ PragmaIsValid=1_XLX_SEP_ PragmaType=interface_XLX_SEP_ PragmaContext=_XLX_SEP_ PragmaFunction=cnn_lenet_XLX_SEP_ PragmaOptions=mode=m_axi port=Layer1_Weights_CPU depth=156 offset=slave bundle=Layer_Weights_XLX_SEP_ [-Wdump-hls-pragmas]
#pragma HLS INTERFACE mode=m_axi port=Layer1_Weights_CPU depth=156 offset=slave bundle=Layer_Weights
        ^
cnn_lenet.cpp:18:9: warning: HLS pragma dump _XLX_SEP_ PragmaIsValid=1_XLX_SEP_ PragmaType=interface_XLX_SEP_ PragmaContext=_XLX_SEP_ PragmaFunction=cnn_lenet_XLX_SEP_ PragmaOptions=mode=m_axi port=Layer2_Weights_CPU depth=7800 offset=slave bundle=Layer_Weights_XLX_SEP_ [-Wdump-hls-pragmas]
#pragma HLS INTERFACE mode=m_axi port=Layer2_Weights_CPU depth=7800 offset=slave bundle=Layer_Weights
        ^
cnn_lenet.cpp:19:9: warning: HLS pragma dump _XLX_SEP_ PragmaIsValid=1_XLX_SEP_ PragmaType=interface_XLX_SEP_ PragmaContext=_XLX_SEP_ PragmaFunction=cnn_lenet_XLX_SEP_ PragmaOptions=mode=m_axi port=Layer3_Weights_CPU depth=125100 offset=slave bundle=Layer_Weights_XLX_SEP_ [-Wdump-hls-pragmas]
#pragma HLS INTERFACE mode=m_axi port=Layer3_Weights_CPU depth=125100 offset=slave bundle=Layer_Weights
        ^
cnn_lenet.cpp:20:9: warning: HLS pragma dump _XLX_SEP_ PragmaIsValid=1_XLX_SEP_ PragmaType=interface_XLX_SEP_ PragmaContext=_XLX_SEP_ PragmaFunction=cnn_lenet_XLX_SEP_ PragmaOptions=mode=m_axi port=Layer4_Neurons_CPU depth=100 offset=slave bundle=Layer_Neurons_XLX_SEP_ [-Wdump-hls-pragmas]
#pragma HLS INTERFACE mode=m_axi port=Layer4_Neurons_CPU depth=100 offset=slave bundle=Layer_Neurons
        ^
cnn_lenet.cpp:21:9: warning: HLS pragma dump _XLX_SEP_ PragmaIsValid=1_XLX_SEP_ PragmaType=interface_XLX_SEP_ PragmaContext=_XLX_SEP_ PragmaFunction=cnn_lenet_XLX_SEP_ PragmaOptions=mode=s_axilite port=return bundle=CTRL_bus_XLX_SEP_ [-Wdump-hls-pragmas]
#pragma HLS INTERFACE mode=s_axilite port=return bundle=CTRL_bus
        ^
cnn_lenet.cpp:36:9: warning: HLS pragma dump _XLX_SEP_ PragmaIsValid=1_XLX_SEP_ PragmaType=pipeline_XLX_SEP_ PragmaContext=_XLX_SEP_ PragmaFunction=cnn_lenet_XLX_SEP_ PragmaOptions=II=26_XLX_SEP_ [-Wdump-hls-pragmas]
#pragma HLS PIPELINE II=26
        ^
cnn_lenet.cpp:40:9: warning: HLS pragma dump _XLX_SEP_ PragmaIsValid=1_XLX_SEP_ PragmaType=pipeline_XLX_SEP_ PragmaContext=_XLX_SEP_ PragmaFunction=cnn_lenet_XLX_SEP_ PragmaOptions=II=2_XLX_SEP_ [-Wdump-hls-pragmas]
#pragma HLS PIPELINE II=2
        ^
cnn_lenet.cpp:54:9: warning: HLS pragma dump _XLX_SEP_ PragmaIsValid=1_XLX_SEP_ PragmaType=pipeline_XLX_SEP_ PragmaContext=_XLX_SEP_ PragmaFunction=cnn_lenet_XLX_SEP_ PragmaOptions=II=152_XLX_SEP_ [-Wdump-hls-pragmas]
#pragma HLS PIPELINE II=152
        ^
cnn_lenet.cpp:58:9: warning: HLS pragma dump _XLX_SEP_ PragmaIsValid=1_XLX_SEP_ PragmaType=pipeline_XLX_SEP_ PragmaContext=_XLX_SEP_ PragmaFunction=cnn_lenet_XLX_SEP_ PragmaOptions=II=2_XLX_SEP_ [-Wdump-hls-pragmas]
#pragma HLS PIPELINE II=2
        ^
cnn_lenet.cpp:78:9: warning: HLS pragma dump _XLX_SEP_ PragmaIsValid=1_XLX_SEP_ PragmaType=pipeline_XLX_SEP_ PragmaContext=_XLX_SEP_ PragmaFunction=cnn_lenet_XLX_SEP_ PragmaOptions=II=3_XLX_SEP_ [-Wdump-hls-pragmas]
#pragma HLS PIPELINE II=3
        ^
13 warnings generated.
