

================================================================
== Vitis HLS Report for 'cnn_lenet_Pipeline_calculateLayer2_loop_OutputRow_Loop_OutputColumn_Loop'
================================================================
* Date:           Wed Feb  5 16:21:32 2025

* Version:        2023.2 (Build 4023990 on Oct 11 2023)
* Project:        CNN_lenet5
* Solution:       solution9 (Vivado IP Flow Target)
* Product family: zynq
* Target device:  xc7z020-clg484-1


================================================================
== Performance Estimates
================================================================
+ Timing: 
    * Summary: 
    +--------+----------+-----------+------------+
    |  Clock |  Target  | Estimated | Uncertainty|
    +--------+----------+-----------+------------+
    |ap_clk  |  20.00 ns|  13.966 ns|     5.40 ns|
    +--------+----------+-----------+------------+

+ Latency: 
    * Summary: 
    +---------+---------+----------+----------+-------+-------+---------+
    |  Latency (cycles) |  Latency (absolute) |    Interval   | Pipeline|
    |   min   |   max   |    min   |    max   |  min  |  max  |   Type  |
    +---------+---------+----------+----------+-------+-------+---------+
    |    26455|    26455|  0.529 ms|  0.529 ms|  26455|  26455|       no|
    +---------+---------+----------+----------+-------+-------+---------+

    + Detail: 
        * Instance: 
        +--------------------+---------+---------+---------+----------+----------+-----+-----+---------+
        |                    |         |  Latency (cycles) |  Latency (absolute) |  Interval | Pipeline|
        |      Instance      |  Module |   min   |   max   |    min   |    max   | min | max |   Type  |
        +--------------------+---------+---------+---------+----------+----------+-----+-----+---------+
        |grp_SIGMOID_fu_625  |SIGMOID  |        9|        9|  0.180 us|  0.180 us|    1|    1|      yes|
        +--------------------+---------+---------+---------+----------+----------+-----+-----+---------+

        * Loop: 
        +---------------------------------------------------------+---------+---------+----------+-----------+-----------+------+----------+
        |                                                         |  Latency (cycles) | Iteration|  Initiation Interval  | Trip |          |
        |                        Loop Name                        |   min   |   max   |  Latency |  achieved |   target  | Count| Pipelined|
        +---------------------------------------------------------+---------+---------+----------+-----------+-----------+------+----------+
        |- calculateLayer2_loop_OutputRow_Loop_OutputColumn_Loop  |    26453|    26453|       116|         26|         26|  1014|       yes|
        +---------------------------------------------------------+---------+---------+----------+-----------+-----------+------+----------+



================================================================
== Utilization Estimates
================================================================
* Summary: 
+-----------------+---------+-----+--------+-------+-----+
|       Name      | BRAM_18K| DSP |   FF   |  LUT  | URAM|
+-----------------+---------+-----+--------+-------+-----+
|DSP              |        -|    2|       -|      -|    -|
|Expression       |        -|    -|       0|   1141|    -|
|FIFO             |        -|    -|       -|      -|    -|
|Instance         |        -|    0|       0|     59|    -|
|Memory           |        1|    -|       0|      0|    -|
|Multiplexer      |        -|    -|       -|    775|    -|
|Register         |        -|    -|    2081|    352|    -|
+-----------------+---------+-----+--------+-------+-----+
|Total            |        1|    2|    2081|   2327|    0|
+-----------------+---------+-----+--------+-------+-----+
|Available        |      280|  220|  106400|  53200|    0|
+-----------------+---------+-----+--------+-------+-----+
|Utilization (%)  |       ~0|   ~0|       1|      4|    0|
+-----------------+---------+-----+--------+-------+-----+

+ Detail: 
    * Instance: 
    +------------------------+--------------------+---------+----+---+----+-----+
    |        Instance        |       Module       | BRAM_18K| DSP| FF| LUT| URAM|
    +------------------------+--------------------+---------+----+---+----+-----+
    |mul_3ns_6ns_8_1_1_U13   |mul_3ns_6ns_8_1_1   |        0|   0|  0|  26|    0|
    |mul_4ns_7ns_10_1_1_U14  |mul_4ns_7ns_10_1_1  |        0|   0|  0|  33|    0|
    +------------------------+--------------------+---------+----+---+----+-----+
    |Total                   |                    |        0|   0|  0|  59|    0|
    +------------------------+--------------------+---------+----+---+----+-----+

    * DSP: 
    +------------------------------------+--------------------------------+--------------+
    |              Instance              |             Module             |  Expression  |
    +------------------------------------+--------------------------------+--------------+
    |mac_muladd_3ns_8ns_4ns_10_4_1_U15   |mac_muladd_3ns_8ns_4ns_10_4_1   |  i0 * i1 + i2|
    |mac_muladd_4ns_4ns_10ns_10_4_1_U16  |mac_muladd_4ns_4ns_10ns_10_4_1  |  i0 + i1 * i2|
    +------------------------------------+--------------------------------+--------------+

    * Memory: 
    +----------------------+----------------------------------------------------------------------------------+---------+---+----+-----+------+-----+------+-------------+
    |        Memory        |                                      Module                                      | BRAM_18K| FF| LUT| URAM| Words| Bits| Banks| W*Bits*Banks|
    +----------------------+----------------------------------------------------------------------------------+---------+---+----+-----+------+-----+------+-------------+
    |Layer1_Weights_CPU_U  |cnn_lenet_Pipeline_calculateLayer2_loop_OutputRow_Loop_OutputColumn_Loop_Layebkb  |        1|  0|   0|    0|   156|   32|     1|         4992|
    +----------------------+----------------------------------------------------------------------------------+---------+---+----+-----+------+-----+------+-------------+
    |Total                 |                                                                                  |        1|  0|   0|    0|   156|   32|     1|         4992|
    +----------------------+----------------------------------------------------------------------------------+---------+---+----+-----+------+-----+------+-------------+

    * FIFO: 
    N/A

    * Expression: 
    +-------------------------+----------+----+---+----+------------+------------+
    |      Variable Name      | Operation| DSP| FF| LUT| Bitwidth P0| Bitwidth P1|
    +-------------------------+----------+----+---+----+------------+------------+
    |add_ln32_1_fu_739_p2     |         +|   0|  0|  11|           3|           1|
    |add_ln32_fu_721_p2       |         +|   0|  0|  13|          10|           1|
    |add_ln33_1_fu_778_p2     |         +|   0|  0|  15|           8|           1|
    |add_ln33_fu_837_p2       |         +|   0|  0|  13|           4|           1|
    |add_ln34_fu_905_p2       |         +|   0|  0|  13|           4|           1|
    |add_ln41_10_fu_1265_p2   |         +|   0|  0|  13|          10|          10|
    |add_ln41_11_fu_1299_p2   |         +|   0|  0|  13|          10|          10|
    |add_ln41_12_fu_1333_p2   |         +|   0|  0|  13|          10|          10|
    |add_ln41_13_fu_1367_p2   |         +|   0|  0|  13|          10|          10|
    |add_ln41_14_fu_1401_p2   |         +|   0|  0|  13|          10|          10|
    |add_ln41_15_fu_1435_p2   |         +|   0|  0|  13|          10|          10|
    |add_ln41_16_fu_1469_p2   |         +|   0|  0|  13|          10|          10|
    |add_ln41_17_fu_1503_p2   |         +|   0|  0|  13|          10|          10|
    |add_ln41_18_fu_1537_p2   |         +|   0|  0|  13|          10|          10|
    |add_ln41_19_fu_1571_p2   |         +|   0|  0|  13|          10|          10|
    |add_ln41_1_fu_939_p2     |         +|   0|  0|  13|          10|          10|
    |add_ln41_20_fu_1609_p2   |         +|   0|  0|  13|          10|          10|
    |add_ln41_21_fu_1643_p2   |         +|   0|  0|  13|          10|          10|
    |add_ln41_22_fu_1677_p2   |         +|   0|  0|  13|          10|          10|
    |add_ln41_23_fu_1711_p2   |         +|   0|  0|  13|          10|          10|
    |add_ln41_24_fu_1730_p2   |         +|   0|  0|  13|          10|          10|
    |add_ln41_25_fu_964_p2    |         +|   0|  0|  13|           5|           2|
    |add_ln41_26_fu_998_p2    |         +|   0|  0|  13|           5|           2|
    |add_ln41_27_fu_1032_p2   |         +|   0|  0|  13|           5|           3|
    |add_ln41_28_fu_1069_p2   |         +|   0|  0|  14|           6|           5|
    |add_ln41_29_fu_1104_p2   |         +|   0|  0|  14|           6|           5|
    |add_ln41_2_fu_973_p2     |         +|   0|  0|  13|          10|          10|
    |add_ln41_30_fu_1138_p2   |         +|   0|  0|  14|           6|           5|
    |add_ln41_31_fu_1255_p2   |         +|   0|  0|  14|           7|           6|
    |add_ln41_32_fu_1290_p2   |         +|   0|  0|  14|           7|           6|
    |add_ln41_33_fu_1324_p2   |         +|   0|  0|  14|           7|           6|
    |add_ln41_34_fu_1358_p2   |         +|   0|  0|  14|           7|           6|
    |add_ln41_35_fu_1392_p2   |         +|   0|  0|  14|           7|           6|
    |add_ln41_36_fu_1426_p2   |         +|   0|  0|  14|           7|           7|
    |add_ln41_37_fu_1460_p2   |         +|   0|  0|  14|           7|           7|
    |add_ln41_38_fu_1494_p2   |         +|   0|  0|  14|           7|           7|
    |add_ln41_39_fu_1528_p2   |         +|   0|  0|  14|           7|           7|
    |add_ln41_3_fu_1007_p2    |         +|   0|  0|  13|          10|          10|
    |add_ln41_40_fu_1562_p2   |         +|   0|  0|  14|           7|           7|
    |add_ln41_41_fu_1599_p2   |         +|   0|  0|  15|           8|           7|
    |add_ln41_42_fu_1634_p2   |         +|   0|  0|  15|           8|           7|
    |add_ln41_43_fu_1668_p2   |         +|   0|  0|  15|           8|           7|
    |add_ln41_44_fu_1702_p2   |         +|   0|  0|  15|           8|           7|
    |add_ln41_45_fu_1721_p2   |         +|   0|  0|  15|           8|           7|
    |add_ln41_4_fu_1041_p2    |         +|   0|  0|  13|          10|          10|
    |add_ln41_5_fu_1079_p2    |         +|   0|  0|  13|          10|          10|
    |add_ln41_6_fu_1113_p2    |         +|   0|  0|  13|          10|          10|
    |add_ln41_7_fu_1147_p2    |         +|   0|  0|  13|          10|          10|
    |add_ln41_8_fu_1185_p2    |         +|   0|  0|  13|          10|          10|
    |add_ln41_9_fu_1227_p2    |         +|   0|  0|  13|          10|          10|
    |add_ln41_fu_894_p2       |         +|   0|  0|  13|          10|          10|
    |empty_200_fu_1581_p2     |         +|   0|  0|  15|           8|           5|
    |empty_202_fu_921_p2      |         +|   0|  0|  15|           8|           2|
    |empty_203_fu_949_p2      |         +|   0|  0|  15|           8|           2|
    |empty_204_fu_983_p2      |         +|   0|  0|  15|           8|           3|
    |empty_205_fu_1017_p2     |         +|   0|  0|  15|           8|           3|
    |empty_206_fu_1051_p2     |         +|   0|  0|  15|           8|           3|
    |empty_207_fu_1089_p2     |         +|   0|  0|  15|           8|           3|
    |empty_208_fu_1123_p2     |         +|   0|  0|  15|           8|           4|
    |empty_209_fu_1157_p2     |         +|   0|  0|  15|           8|           4|
    |empty_210_fu_1195_p2     |         +|   0|  0|  15|           8|           4|
    |empty_211_fu_1237_p2     |         +|   0|  0|  15|           8|           4|
    |empty_212_fu_1275_p2     |         +|   0|  0|  15|           8|           4|
    |empty_213_fu_1309_p2     |         +|   0|  0|  15|           8|           4|
    |empty_214_fu_1343_p2     |         +|   0|  0|  15|           8|           4|
    |empty_215_fu_1377_p2     |         +|   0|  0|  15|           8|           4|
    |empty_216_fu_1411_p2     |         +|   0|  0|  15|           8|           5|
    |empty_217_fu_1445_p2     |         +|   0|  0|  15|           8|           5|
    |empty_218_fu_1479_p2     |         +|   0|  0|  15|           8|           5|
    |empty_219_fu_1513_p2     |         +|   0|  0|  15|           8|           5|
    |empty_220_fu_1547_p2     |         +|   0|  0|  15|           8|           5|
    |empty_221_fu_1619_p2     |         +|   0|  0|  15|           8|           5|
    |empty_222_fu_1653_p2     |         +|   0|  0|  15|           8|           5|
    |empty_223_fu_1687_p2     |         +|   0|  0|  15|           8|           5|
    |empty_224_fu_1735_p2     |         +|   0|  0|  15|           8|           5|
    |and_ln29_fu_831_p2       |       and|   0|  0|   2|           1|           1|
    |icmp_ln32_fu_715_p2      |      icmp|   0|  0|  13|          10|           5|
    |icmp_ln33_fu_733_p2      |      icmp|   0|  0|  15|           8|           8|
    |icmp_ln34_fu_825_p2      |      icmp|   0|  0|  13|           4|           3|
    |empty_201_fu_767_p2      |        or|   0|  0|   8|           8|           1|
    |empty_227_fu_931_p2      |        or|   0|  0|  10|          10|           1|
    |or_ln29_fu_843_p2        |        or|   0|  0|   2|           1|           1|
    |or_ln41_fu_1210_p2       |        or|   0|  0|   5|           5|           1|
    |select_ln29_1_fu_848_p3  |    select|   0|  0|   4|           1|           1|
    |select_ln29_fu_813_p3    |    select|   0|  0|   4|           1|           1|
    |select_ln32_fu_745_p3    |    select|   0|  0|   3|           1|           3|
    |select_ln33_1_fu_784_p3  |    select|   0|  0|   8|           1|           1|
    |select_ln33_fu_856_p3    |    select|   0|  0|   4|           1|           4|
    |ap_enable_pp0            |       xor|   0|  0|   2|           1|           2|
    |xor_ln29_fu_820_p2       |       xor|   0|  0|   2|           1|           2|
    +-------------------------+----------+----+---+----+------------+------------+
    |Total                    |          |   0|  0|1141|         668|         510|
    +-------------------------+----------+----+---+----+------------+------------+

    * Multiplexer: 
    +----------------------------------------+-----+-----------+-----+-----------+
    |                  Name                  | LUT | Input Size| Bits| Total Bits|
    +----------------------------------------+-----+-----------+-----+-----------+
    |Layer1_Neurons_CPU_address0             |  117|         26|   10|        260|
    |Layer1_Weights_CPU_address0             |  121|         27|    8|        216|
    |ap_NS_fsm                               |  121|         27|    1|         27|
    |ap_done_int                             |    9|          2|    1|          2|
    |ap_enable_reg_pp0_iter0                 |    9|          2|    1|          2|
    |ap_enable_reg_pp0_iter1                 |    9|          2|    1|          2|
    |ap_enable_reg_pp0_iter4                 |    9|          2|    1|          2|
    |ap_loop_exit_ready_pp0_iter1_reg        |    9|          2|    1|          2|
    |ap_loop_exit_ready_pp0_iter2_reg        |    9|          2|    1|          2|
    |ap_loop_exit_ready_pp0_iter3_reg        |    9|          2|    1|          2|
    |ap_sig_allocacmp_i_load                 |    9|          2|    3|          6|
    |ap_sig_allocacmp_indvar_flatten12_load  |    9|          2|   10|         20|
    |ap_sig_allocacmp_indvar_flatten_load    |    9|          2|    8|         16|
    |grp_fu_633_p0                           |   31|          6|   32|        192|
    |grp_fu_633_p1                           |  113|         25|   32|        800|
    |grp_fu_637_p0                           |   20|          4|   32|        128|
    |grp_fu_637_p1                           |  117|         26|   32|        832|
    |i_fu_186                                |    9|          2|    3|          6|
    |indvar_flatten12_fu_190                 |    9|          2|   10|         20|
    |indvar_flatten_fu_182                   |    9|          2|    8|         16|
    |j_fu_178                                |    9|          2|    4|          8|
    |k_fu_174                                |    9|          2|    4|          8|
    +----------------------------------------+-----+-----------+-----+-----------+
    |Total                                   |  775|        171|  204|       2569|
    +----------------------------------------+-----+-----------+-----+-----------+

    * Register: 
    +----------------------------------+----+----+-----+-----------+
    |               Name               | FF | LUT| Bits| Const Bits|
    +----------------------------------+----+----+-----+-----------+
    |add_ln41_24_reg_2411              |  10|   0|   10|          0|
    |add_ln44_reg_1984                 |  10|   0|   10|          0|
    |ap_CS_fsm                         |  26|   0|   26|          0|
    |ap_done_reg                       |   1|   0|    1|          0|
    |ap_enable_reg_pp0_iter0_reg       |   1|   0|    1|          0|
    |ap_enable_reg_pp0_iter1           |   1|   0|    1|          0|
    |ap_enable_reg_pp0_iter2           |   1|   0|    1|          0|
    |ap_enable_reg_pp0_iter3           |   1|   0|    1|          0|
    |ap_enable_reg_pp0_iter4           |   1|   0|    1|          0|
    |ap_loop_exit_ready_pp0_iter1_reg  |   1|   0|    1|          0|
    |ap_loop_exit_ready_pp0_iter2_reg  |   1|   0|    1|          0|
    |ap_loop_exit_ready_pp0_iter3_reg  |   1|   0|    1|          0|
    |empty_226_reg_1885                |  10|   0|   10|          0|
    |empty_reg_1835                    |   8|   0|    8|          0|
    |grp_SIGMOID_fu_625_ap_start_reg   |   1|   0|    1|          0|
    |i_fu_186                          |   3|   0|    3|          0|
    |icmp_ln32_reg_1819                |   1|   0|    1|          0|
    |icmp_ln33_reg_1823                |   1|   0|    1|          0|
    |indvar_flatten12_fu_190           |  10|   0|   10|          0|
    |indvar_flatten_fu_182             |   8|   0|    8|          0|
    |j_fu_178                          |   4|   0|    4|          0|
    |k_fu_174                          |   4|   0|    4|          0|
    |mul27_1_1_reg_2095                |  32|   0|   32|          0|
    |mul27_1_2_reg_2128                |  32|   0|   32|          0|
    |mul27_1_3_reg_2148                |  32|   0|   32|          0|
    |mul27_1_4_reg_2168                |  32|   0|   32|          0|
    |mul27_1_4_reg_2168_pp0_iter1_reg  |  32|   0|   32|          0|
    |mul27_1_reg_2075                  |  32|   0|   32|          0|
    |mul27_2_1_reg_2208                |  32|   0|   32|          0|
    |mul27_2_1_reg_2208_pp0_iter1_reg  |  32|   0|   32|          0|
    |mul27_2_2_reg_2228                |  32|   0|   32|          0|
    |mul27_2_2_reg_2228_pp0_iter1_reg  |  32|   0|   32|          0|
    |mul27_2_3_reg_2248                |  32|   0|   32|          0|
    |mul27_2_3_reg_2248_pp0_iter1_reg  |  32|   0|   32|          0|
    |mul27_2_4_reg_2268                |  32|   0|   32|          0|
    |mul27_2_4_reg_2268_pp0_iter1_reg  |  32|   0|   32|          0|
    |mul27_2_reg_2188                  |  32|   0|   32|          0|
    |mul27_2_reg_2188_pp0_iter1_reg    |  32|   0|   32|          0|
    |mul27_3_1_reg_2308                |  32|   0|   32|          0|
    |mul27_3_2_reg_2336                |  32|   0|   32|          0|
    |mul27_3_3_reg_2356                |  32|   0|   32|          0|
    |mul27_3_4_reg_2376                |  32|   0|   32|          0|
    |mul27_3_reg_2288                  |  32|   0|   32|          0|
    |mul27_3_reg_2288_pp0_iter1_reg    |  32|   0|   32|          0|
    |mul27_4_1_reg_2421                |  32|   0|   32|          0|
    |mul27_4_2_reg_2436                |  32|   0|   32|          0|
    |mul27_4_3_reg_2446                |  32|   0|   32|          0|
    |mul27_4_4_reg_2456                |  32|   0|   32|          0|
    |mul27_4_reg_2396                  |  32|   0|   32|          0|
    |mul27_5_reg_2020                  |  32|   0|   32|          0|
    |mul27_6_reg_2040                  |  32|   0|   32|          0|
    |mul27_s_reg_1994                  |  32|   0|   32|          0|
    |reg_641                           |  32|   0|   32|          0|
    |reg_646                           |  32|   0|   32|          0|
    |reg_652                           |  32|   0|   32|          0|
    |reg_656                           |  32|   0|   32|          0|
    |reg_661                           |  32|   0|   32|          0|
    |reg_666                           |  32|   0|   32|          0|
    |reg_671                           |  32|   0|   32|          0|
    |reg_676                           |  32|   0|   32|          0|
    |reg_681                           |  32|   0|   32|          0|
    |select_ln29_1_reg_1869            |   4|   0|    4|          0|
    |tmp_2_reg_1913                    |   4|   0|    5|          1|
    |zext_ln41_1_reg_2115              |   4|   0|    7|          3|
    |zext_ln41_2_reg_2014              |   4|   0|    6|          2|
    |zext_ln41_3_reg_1924              |   4|   0|   10|          6|
    |zext_ln41_reg_2328                |   4|   0|    8|          4|
    |add_ln44_reg_1984                 |  64|  32|   10|          0|
    |icmp_ln32_reg_1819                |  64|  32|    1|          0|
    |mul27_3_1_reg_2308                |  64|  32|   32|          0|
    |mul27_3_2_reg_2336                |  64|  32|   32|          0|
    |mul27_3_3_reg_2356                |  64|  32|   32|          0|
    |mul27_3_4_reg_2376                |  64|  32|   32|          0|
    |mul27_4_1_reg_2421                |  64|  32|   32|          0|
    |mul27_4_2_reg_2436                |  64|  32|   32|          0|
    |mul27_4_3_reg_2446                |  64|  32|   32|          0|
    |mul27_4_4_reg_2456                |  64|  32|   32|          0|
    |mul27_4_reg_2396                  |  64|  32|   32|          0|
    +----------------------------------+----+----+-----+-----------+
    |Total                             |2081| 352| 1692|         16|
    +----------------------------------+----+----+-----+-----------+



================================================================
== Interface
================================================================
* Summary: 
+-----------------------------+-----+-----+------------+--------------------------------------------------------------------------+--------------+
|          RTL Ports          | Dir | Bits|  Protocol  |                               Source Object                              |    C Type    |
+-----------------------------+-----+-----+------------+--------------------------------------------------------------------------+--------------+
|ap_clk                       |   in|    1|  ap_ctrl_hs|  cnn_lenet_Pipeline_calculateLayer2_loop_OutputRow_Loop_OutputColumn_Loop|  return value|
|ap_rst                       |   in|    1|  ap_ctrl_hs|  cnn_lenet_Pipeline_calculateLayer2_loop_OutputRow_Loop_OutputColumn_Loop|  return value|
|ap_start                     |   in|    1|  ap_ctrl_hs|  cnn_lenet_Pipeline_calculateLayer2_loop_OutputRow_Loop_OutputColumn_Loop|  return value|
|ap_done                      |  out|    1|  ap_ctrl_hs|  cnn_lenet_Pipeline_calculateLayer2_loop_OutputRow_Loop_OutputColumn_Loop|  return value|
|ap_idle                      |  out|    1|  ap_ctrl_hs|  cnn_lenet_Pipeline_calculateLayer2_loop_OutputRow_Loop_OutputColumn_Loop|  return value|
|ap_ready                     |  out|    1|  ap_ctrl_hs|  cnn_lenet_Pipeline_calculateLayer2_loop_OutputRow_Loop_OutputColumn_Loop|  return value|
|grp_SIGMOID_fu_77_p_din1     |  out|   32|  ap_ctrl_hs|  cnn_lenet_Pipeline_calculateLayer2_loop_OutputRow_Loop_OutputColumn_Loop|  return value|
|grp_SIGMOID_fu_77_p_dout0    |   in|   32|  ap_ctrl_hs|  cnn_lenet_Pipeline_calculateLayer2_loop_OutputRow_Loop_OutputColumn_Loop|  return value|
|grp_SIGMOID_fu_77_p_start    |  out|    1|  ap_ctrl_hs|  cnn_lenet_Pipeline_calculateLayer2_loop_OutputRow_Loop_OutputColumn_Loop|  return value|
|grp_SIGMOID_fu_77_p_ready    |   in|    1|  ap_ctrl_hs|  cnn_lenet_Pipeline_calculateLayer2_loop_OutputRow_Loop_OutputColumn_Loop|  return value|
|grp_SIGMOID_fu_77_p_done     |   in|    1|  ap_ctrl_hs|  cnn_lenet_Pipeline_calculateLayer2_loop_OutputRow_Loop_OutputColumn_Loop|  return value|
|grp_SIGMOID_fu_77_p_idle     |   in|    1|  ap_ctrl_hs|  cnn_lenet_Pipeline_calculateLayer2_loop_OutputRow_Loop_OutputColumn_Loop|  return value|
|grp_fu_82_p_din0             |  out|   32|  ap_ctrl_hs|  cnn_lenet_Pipeline_calculateLayer2_loop_OutputRow_Loop_OutputColumn_Loop|  return value|
|grp_fu_82_p_din1             |  out|   32|  ap_ctrl_hs|  cnn_lenet_Pipeline_calculateLayer2_loop_OutputRow_Loop_OutputColumn_Loop|  return value|
|grp_fu_82_p_opcode           |  out|    2|  ap_ctrl_hs|  cnn_lenet_Pipeline_calculateLayer2_loop_OutputRow_Loop_OutputColumn_Loop|  return value|
|grp_fu_82_p_dout0            |   in|   32|  ap_ctrl_hs|  cnn_lenet_Pipeline_calculateLayer2_loop_OutputRow_Loop_OutputColumn_Loop|  return value|
|grp_fu_82_p_ce               |  out|    1|  ap_ctrl_hs|  cnn_lenet_Pipeline_calculateLayer2_loop_OutputRow_Loop_OutputColumn_Loop|  return value|
|grp_fu_86_p_din0             |  out|   32|  ap_ctrl_hs|  cnn_lenet_Pipeline_calculateLayer2_loop_OutputRow_Loop_OutputColumn_Loop|  return value|
|grp_fu_86_p_din1             |  out|   32|  ap_ctrl_hs|  cnn_lenet_Pipeline_calculateLayer2_loop_OutputRow_Loop_OutputColumn_Loop|  return value|
|grp_fu_86_p_dout0            |   in|   32|  ap_ctrl_hs|  cnn_lenet_Pipeline_calculateLayer2_loop_OutputRow_Loop_OutputColumn_Loop|  return value|
|grp_fu_86_p_ce               |  out|    1|  ap_ctrl_hs|  cnn_lenet_Pipeline_calculateLayer2_loop_OutputRow_Loop_OutputColumn_Loop|  return value|
|Layer1_Neurons_CPU_address0  |  out|   10|   ap_memory|                                                        Layer1_Neurons_CPU|         array|
|Layer1_Neurons_CPU_ce0       |  out|    1|   ap_memory|                                                        Layer1_Neurons_CPU|         array|
|Layer1_Neurons_CPU_q0        |   in|   32|   ap_memory|                                                        Layer1_Neurons_CPU|         array|
|Layer2_Neurons_CPU_address0  |  out|   10|   ap_memory|                                                        Layer2_Neurons_CPU|         array|
|Layer2_Neurons_CPU_ce0       |  out|    1|   ap_memory|                                                        Layer2_Neurons_CPU|         array|
|Layer2_Neurons_CPU_we0       |  out|    1|   ap_memory|                                                        Layer2_Neurons_CPU|         array|
|Layer2_Neurons_CPU_d0        |  out|   32|   ap_memory|                                                        Layer2_Neurons_CPU|         array|
+-----------------------------+-----+-----+------------+--------------------------------------------------------------------------+--------------+

