

================================================================
== Vitis HLS Report for 'SIGMOID'
================================================================
* Date:           Tue Jan 28 12:12:40 2025

* Version:        2023.2 (Build 4023990 on Oct 11 2023)
* Project:        CNN_lenet5
* Solution:       solution5 (Vivado IP Flow Target)
* Product family: zynq
* Target device:  xc7z020-clg484-1


================================================================
== Performance Estimates
================================================================
+ Timing: 
    * Summary: 
    +--------+----------+----------+------------+
    |  Clock |  Target  | Estimated| Uncertainty|
    +--------+----------+----------+------------+
    |ap_clk  |  10.00 ns|  6.424 ns|     2.70 ns|
    +--------+----------+----------+------------+

+ Latency: 
    * Summary: 
    +---------+---------+----------+----------+-----+-----+---------+
    |  Latency (cycles) |  Latency (absolute) |  Interval | Pipeline|
    |   min   |   max   |    min   |    max   | min | max |   Type  |
    +---------+---------+----------+----------+-----+-----+---------+
    |       28|       28|  0.280 us|  0.280 us|    4|    4|      yes|
    +---------+---------+----------+----------+-----+-----+---------+

    + Detail: 
        * Instance: 
        N/A

        * Loop: 
        N/A



================================================================
== Utilization Estimates
================================================================
* Summary: 
+-----------------+---------+-----+--------+-------+-----+
|       Name      | BRAM_18K| DSP |   FF   |  LUT  | URAM|
+-----------------+---------+-----+--------+-------+-----+
|DSP              |        -|    -|       -|      -|    -|
|Expression       |        -|    -|       0|    817|    -|
|FIFO             |        -|    -|       -|      -|    -|
|Instance         |        -|    3|     143|    321|    -|
|Memory           |        1|    -|       0|      0|    -|
|Multiplexer      |        -|    -|       -|     91|    -|
|Register         |        -|    -|     407|     64|    -|
+-----------------+---------+-----+--------+-------+-----+
|Total            |        1|    3|     550|   1293|    0|
+-----------------+---------+-----+--------+-------+-----+
|Available        |      280|  220|  106400|  53200|    0|
+-----------------+---------+-----+--------+-------+-----+
|Utilization (%)  |       ~0|    1|      ~0|      2|    0|
+-----------------+---------+-----+--------+-------+-----+

+ Detail: 
    * Instance: 
    +----------------------------------+-------------------------------+---------+----+-----+-----+-----+
    |             Instance             |             Module            | BRAM_18K| DSP|  FF | LUT | URAM|
    +----------------------------------+-------------------------------+---------+----+-----+-----+-----+
    |fcmp_32ns_32ns_1_2_no_dsp_1_U3    |fcmp_32ns_32ns_1_2_no_dsp_1    |        0|   0|    0|    0|    0|
    |fdiv_32ns_32ns_32_16_no_dsp_1_U2  |fdiv_32ns_32ns_32_16_no_dsp_1  |        0|   0|    0|    0|    0|
    |fmul_32ns_32ns_32_4_max_dsp_1_U1  |fmul_32ns_32ns_32_4_max_dsp_1  |        0|   3|  143|  321|    0|
    +----------------------------------+-------------------------------+---------+----+-----+-----+-----+
    |Total                             |                               |        0|   3|  143|  321|    0|
    +----------------------------------+-------------------------------+---------+----+-----+-----+-----+

    * DSP: 
    N/A

    * Memory: 
    +----------------+----------------------------------+---------+---+----+-----+------+-----+------+-------------+
    |     Memory     |              Module              | BRAM_18K| FF| LUT| URAM| Words| Bits| Banks| W*Bits*Banks|
    +----------------+----------------------------------+---------+---+----+-----+------+-----+------+-------------+
    |sigmoidLUT_1_U  |SIGMOID_sigmoidLUT_1_ROM_AUTO_1R  |        1|  0|   0|    0|   256|   32|     1|         8192|
    +----------------+----------------------------------+---------+---+----+-----+------+-----+------+-------------+
    |Total           |                                  |        1|  0|   0|    0|   256|   32|     1|         8192|
    +----------------+----------------------------------+---------+---+----+-----+------+-----+------+-------------+

    * FIFO: 
    N/A

    * Expression: 
    +-----------------------+----------+----+---+-----+------------+------------+
    |     Variable Name     | Operation| DSP| FF| LUT | Bitwidth P0| Bitwidth P1|
    +-----------------------+----------+----+---+-----+------------+------------+
    |add_ln317_fu_229_p2    |         +|   0|  0|   14|           9|           8|
    |result_2_fu_317_p2     |         -|   0|  0|   15|           1|           8|
    |sub_ln18_fu_243_p2     |         -|   0|  0|   15|           7|           8|
    |and_ln12_fu_129_p2     |       and|   0|  0|    2|           1|           1|
    |and_ln15_fu_187_p2     |       and|   0|  0|    2|           1|           1|
    |and_ln19_fu_333_p2     |       and|   0|  0|    2|           1|           1|
    |icmp_ln12_1_fu_117_p2  |      icmp|   0|  0|   30|          23|           1|
    |icmp_ln12_fu_111_p2    |      icmp|   0|  0|   15|           8|           2|
    |icmp_ln15_1_fu_175_p2  |      icmp|   0|  0|   30|          23|           1|
    |icmp_ln15_fu_169_p2    |      icmp|   0|  0|   15|           8|           2|
    |lshr_ln18_fu_281_p2    |      lshr|   0|  0|  242|          79|          79|
    |or_ln12_fu_123_p2      |        or|   0|  0|    2|           1|           1|
    |or_ln15_fu_181_p2      |        or|   0|  0|    2|           1|           1|
    |ap_return              |    select|   0|  0|   32|           1|          32|
    |result_fu_322_p3       |    select|   0|  0|    8|           1|           8|
    |select_ln12_fu_145_p3  |    select|   0|  0|   32|           1|          32|
    |select_ln15_fu_193_p3  |    select|   0|  0|   32|           1|          31|
    |select_ln18_fu_253_p3  |    select|   0|  0|    9|           1|           9|
    |val_fu_311_p3          |    select|   0|  0|    8|           1|           8|
    |shl_ln18_fu_297_p2     |       shl|   0|  0|  242|          79|          79|
    |ap_enable_pp0          |       xor|   0|  0|    2|           1|           2|
    |xor_ln12_fu_135_p2     |       xor|   0|  0|   33|          32|          33|
    |xor_ln20_fu_341_p2     |       xor|   0|  0|   33|          32|          33|
    +-----------------------+----------+----+---+-----+------------+------------+
    |Total                  |          |   0|  0|  817|         313|         381|
    +-----------------------+----------+----+---+-----+------------+------------+

    * Multiplexer: 
    +-------------------------+----+-----------+-----+-----------+
    |           Name          | LUT| Input Size| Bits| Total Bits|
    +-------------------------+----+-----------+-----+-----------+
    |ap_NS_fsm                |  25|          5|    1|          5|
    |ap_enable_reg_pp0_iter0  |   9|          2|    1|          2|
    |ap_enable_reg_pp0_iter7  |   9|          2|    1|          2|
    |grp_fu_87_opcode         |  14|          3|    5|         15|
    |grp_fu_87_p0             |  20|          4|   32|        128|
    |grp_fu_87_p1             |  14|          3|   32|         96|
    +-------------------------+----+-----------+-----+-----------+
    |Total                    |  91|         19|   72|        248|
    +-------------------------+----+-----------+-----+-----------+

    * Register: 
    +-----------------------------+----+----+-----+-----------+
    |             Name            | FF | LUT| Bits| Const Bits|
    +-----------------------------+----+----+-----+-----------+
    |ap_CS_fsm                    |   4|   0|    4|          0|
    |ap_enable_reg_pp0_iter0_reg  |   1|   0|    1|          0|
    |ap_enable_reg_pp0_iter1      |   1|   0|    1|          0|
    |ap_enable_reg_pp0_iter2      |   1|   0|    1|          0|
    |ap_enable_reg_pp0_iter3      |   1|   0|    1|          0|
    |ap_enable_reg_pp0_iter4      |   1|   0|    1|          0|
    |ap_enable_reg_pp0_iter5      |   1|   0|    1|          0|
    |ap_enable_reg_pp0_iter6      |   1|   0|    1|          0|
    |ap_enable_reg_pp0_iter7      |   1|   0|    1|          0|
    |dc_reg_393                   |  32|   0|   32|          0|
    |div_reg_388                  |  32|   0|   32|          0|
    |or_ln12_reg_366              |   1|   0|    1|          0|
    |select_ln12_reg_371          |  32|   0|   32|          0|
    |select_ln15_reg_383          |  32|   0|   32|          0|
    |select_ln18_reg_413          |   9|   0|    9|          0|
    |tmp_6_reg_378                |   1|   0|    1|          0|
    |tmp_7_reg_428                |   8|   0|    8|          0|
    |tmp_reg_408                  |   1|   0|    1|          0|
    |trunc_ln342_reg_403          |  23|   0|   23|          0|
    |val_reg_433                  |   8|   0|    8|          0|
    |x_read_reg_359               |  32|   0|   32|          0|
    |xs_sign_reg_398              |   1|   0|    1|          0|
    |zext_ln15_reg_418            |  23|   0|   79|         56|
    |zext_ln18_reg_423            |  32|   0|   79|         47|
    |or_ln12_reg_366              |  64|  32|    1|          0|
    |tmp_6_reg_378                |  64|  32|    1|          0|
    +-----------------------------+----+----+-----+-----------+
    |Total                        | 407|  64|  384|        103|
    +-----------------------------+----+----+-----+-----------+



================================================================
== Interface
================================================================
* Summary: 
+-----------+-----+-----+------------+--------------+--------------+
| RTL Ports | Dir | Bits|  Protocol  | Source Object|    C Type    |
+-----------+-----+-----+------------+--------------+--------------+
|ap_clk     |   in|    1|  ap_ctrl_hs|       SIGMOID|  return value|
|ap_rst     |   in|    1|  ap_ctrl_hs|       SIGMOID|  return value|
|ap_start   |   in|    1|  ap_ctrl_hs|       SIGMOID|  return value|
|ap_done    |  out|    1|  ap_ctrl_hs|       SIGMOID|  return value|
|ap_idle    |  out|    1|  ap_ctrl_hs|       SIGMOID|  return value|
|ap_ready   |  out|    1|  ap_ctrl_hs|       SIGMOID|  return value|
|ap_ce      |   in|    1|  ap_ctrl_hs|       SIGMOID|  return value|
|ap_return  |  out|   32|  ap_ctrl_hs|       SIGMOID|  return value|
|x          |   in|   32|     ap_none|             x|        scalar|
+-----------+-----+-----+------------+--------------+--------------+

