

================================================================
== Vitis HLS Report for 'cnn_lenet'
================================================================
* Date:           Thu Jan 30 14:34:36 2025

* Version:        2023.2 (Build 4023990 on Oct 11 2023)
* Project:        CNN_lenet5
* Solution:       solution7 (Vivado IP Flow Target)
* Product family: zynq
* Target device:  xc7z020-clg484-1


================================================================
== Performance Estimates
================================================================
+ Timing: 
    * Summary: 
    +--------+----------+-----------+------------+
    |  Clock |  Target  | Estimated | Uncertainty|
    +--------+----------+-----------+------------+
    |ap_clk  |  20.00 ns|  15.327 ns|     5.40 ns|
    +--------+----------+-----------+------------+

+ Latency: 
    * Summary: 
    +---------+---------+----------+----------+--------+--------+---------+
    |  Latency (cycles) |  Latency (absolute) |     Interval    | Pipeline|
    |   min   |   max   |    min   |    max   |   min  |   max  |   Type  |
    +---------+---------+----------+----------+--------+--------+---------+
    |   218617|   218617|  4.372 ms|  4.372 ms|  218618|  218618|       no|
    +---------+---------+----------+----------+--------+--------+---------+

    + Detail: 
        * Instance: 
        +------------------------------------------------------------------------------------+--------------------------------------------------------------------------+---------+---------+-----------+-----------+--------+--------+---------+
        |                                                                                    |                                                                          |  Latency (cycles) |   Latency (absolute)  |     Interval    | Pipeline|
        |                                      Instance                                      |                                  Module                                  |   min   |   max   |    min    |    max    |   min  |   max  |   Type  |
        +------------------------------------------------------------------------------------+--------------------------------------------------------------------------+---------+---------+-----------+-----------+--------+--------+---------+
        |grp_cnn_lenet_Pipeline_calculateLayer2_loop_OutputRow_Loop_OutputColumn_Loop_fu_96  |cnn_lenet_Pipeline_calculateLayer2_loop_OutputRow_Loop_OutputColumn_Loop  |    25449|    25449|   0.509 ms|   0.509 ms|   25449|   25449|       no|
        |grp_cnn_lenet_Pipeline_calculateLayer3_loop_row_Loop_col_loop_fu_110                |cnn_lenet_Pipeline_calculateLayer3_loop_row_Loop_col_loop                 |   190467|   190467|   3.809 ms|   3.809 ms|  190467|  190467|       no|
        |grp_cnn_lenet_Pipeline_calculateLayer4_loop_fu_122                                  |cnn_lenet_Pipeline_calculateLayer4_loop                                   |     2691|     2691|  53.820 us|  53.820 us|    2691|    2691|       no|
        +------------------------------------------------------------------------------------+--------------------------------------------------------------------------+---------+---------+-----------+-----------+--------+--------+---------+

        * Loop: 
        N/A



================================================================
== Utilization Estimates
================================================================
* Summary: 
+-----------------+---------+-----+--------+-------+-----+
|       Name      | BRAM_18K| DSP |   FF   |  LUT  | URAM|
+-----------------+---------+-----+--------+-------+-----+
|DSP              |        -|    -|       -|      -|    -|
|Expression       |        -|    -|       -|      -|    -|
|FIFO             |        -|    -|       -|      -|    -|
|Instance         |        5|   19|   23292|  20068|    -|
|Memory           |        -|    -|       -|      -|    -|
|Multiplexer      |        -|    -|       -|    438|    -|
|Register         |        -|    -|     140|      -|    -|
+-----------------+---------+-----+--------+-------+-----+
|Total            |        5|   19|   23432|  20506|    0|
+-----------------+---------+-----+--------+-------+-----+
|Available        |      280|  220|  106400|  53200|    0|
+-----------------+---------+-----+--------+-------+-----+
|Utilization (%)  |        1|    8|      22|     38|    0|
+-----------------+---------+-----+--------+-------+-----+

+ Detail: 
    * Instance: 
    +------------------------------------------------------------------------------------+--------------------------------------------------------------------------+---------+----+-------+-------+-----+
    |                                      Instance                                      |                                  Module                                  | BRAM_18K| DSP|   FF  |  LUT  | URAM|
    +------------------------------------------------------------------------------------+--------------------------------------------------------------------------+---------+----+-------+-------+-----+
    |CTRL_bus_s_axi_U                                                                    |CTRL_bus_s_axi                                                            |        0|   0|    106|    168|    0|
    |grp_SIGMOID_fu_171                                                                  |SIGMOID                                                                   |        1|  11|    778|   2001|    0|
    |grp_cnn_lenet_Pipeline_calculateLayer2_loop_OutputRow_Loop_OutputColumn_Loop_fu_96  |cnn_lenet_Pipeline_calculateLayer2_loop_OutputRow_Loop_OutputColumn_Loop  |        0|   2|   3266|   2327|    0|
    |grp_cnn_lenet_Pipeline_calculateLayer3_loop_row_Loop_col_loop_fu_110                |cnn_lenet_Pipeline_calculateLayer3_loop_row_Loop_col_loop                 |        0|   1|  15155|  12014|    0|
    |grp_cnn_lenet_Pipeline_calculateLayer4_loop_fu_122                                  |cnn_lenet_Pipeline_calculateLayer4_loop                                   |        0|   0|   2702|   1933|    0|
    |control_s_axi_U                                                                     |control_s_axi                                                             |        0|   0|    100|    168|    0|
    |fadd_32ns_32ns_32_4_full_dsp_1_U38                                                  |fadd_32ns_32ns_32_4_full_dsp_1                                            |        0|   2|    227|    403|    0|
    |fmul_32ns_32ns_32_2_max_dsp_1_U39                                                   |fmul_32ns_32ns_32_2_max_dsp_1                                             |        0|   3|    128|    320|    0|
    |gmem_m_axi_U                                                                        |gmem_m_axi                                                                |        4|   0|    830|    734|    0|
    +------------------------------------------------------------------------------------+--------------------------------------------------------------------------+---------+----+-------+-------+-----+
    |Total                                                                               |                                                                          |        5|  19|  23292|  20068|    0|
    +------------------------------------------------------------------------------------+--------------------------------------------------------------------------+---------+----+-------+-------+-----+

    * DSP: 
    N/A

    * Memory: 
    N/A

    * FIFO: 
    N/A

    * Expression: 
    N/A

    * Multiplexer: 
    +-----------------------------+----+-----------+-----+-----------+
    |             Name            | LUT| Input Size| Bits| Total Bits|
    +-----------------------------+----+-----------+-----+-----------+
    |Layer2_Neurons_CPU_address0  |  14|          3|   10|         30|
    |Layer2_Neurons_CPU_ce0       |  14|          3|    1|          3|
    |Layer2_Neurons_CPU_ce1       |   9|          2|    1|          2|
    |Layer2_Neurons_CPU_we0       |   9|          2|    1|          2|
    |Layer3_Neurons_CPU_address0  |  14|          3|   11|         33|
    |Layer3_Neurons_CPU_ce0       |  14|          3|    1|          3|
    |Layer3_Neurons_CPU_ce1       |   9|          2|    1|          2|
    |Layer3_Neurons_CPU_we0       |   9|          2|    1|          2|
    |ap_NS_fsm                    |  65|         12|    1|         12|
    |gmem_ARVALID                 |   9|          2|    1|          2|
    |gmem_AWADDR                  |  14|          3|   64|        192|
    |gmem_AWLEN                   |  14|          3|   32|         96|
    |gmem_AWVALID                 |  14|          3|    1|          3|
    |gmem_BREADY                  |  14|          3|    1|          3|
    |gmem_RREADY                  |   9|          2|    1|          2|
    |gmem_WVALID                  |   9|          2|    1|          2|
    |gmem_blk_n_AW                |   9|          2|    1|          2|
    |gmem_blk_n_B                 |   9|          2|    1|          2|
    |grp_SIGMOID_fu_171_ap_ce     |  20|          4|    1|          4|
    |grp_SIGMOID_fu_171_ap_start  |  20|          4|    1|          4|
    |grp_SIGMOID_fu_171_x         |  20|          4|   32|        128|
    |grp_fu_176_ce                |  20|          4|    1|          4|
    |grp_fu_176_p0                |  20|          4|   32|        128|
    |grp_fu_176_p1                |  20|          4|   32|        128|
    |grp_fu_180_ce                |  20|          4|    1|          4|
    |grp_fu_180_p0                |  20|          4|   32|        128|
    |grp_fu_180_p1                |  20|          4|   32|        128|
    +-----------------------------+----+-----------+-----+-----------+
    |Total                        | 438|         90|  295|       1049|
    +-----------------------------+----+-----------+-----+-----------+

    * Register: 
    +-------------------------------------------------------------------------------------------------+----+----+-----+-----------+
    |                                               Name                                              | FF | LUT| Bits| Const Bits|
    +-------------------------------------------------------------------------------------------------+----+----+-----+-----------+
    |Layer1_Neurons_CPU_read_reg_155                                                                  |  64|   0|   64|          0|
    |ap_CS_fsm                                                                                        |  11|   0|   11|          0|
    |grp_cnn_lenet_Pipeline_calculateLayer2_loop_OutputRow_Loop_OutputColumn_Loop_fu_96_ap_start_reg  |   1|   0|    1|          0|
    |grp_cnn_lenet_Pipeline_calculateLayer3_loop_row_Loop_col_loop_fu_110_ap_start_reg                |   1|   0|    1|          0|
    |grp_cnn_lenet_Pipeline_calculateLayer4_loop_fu_122_ap_start_reg                                  |   1|   0|    1|          0|
    |trunc_ln_reg_160                                                                                 |  62|   0|   62|          0|
    +-------------------------------------------------------------------------------------------------+----+----+-----+-----------+
    |Total                                                                                            | 140|   0|  140|          0|
    +-------------------------------------------------------------------------------------------------+----+----+-----+-----------+



================================================================
== Interface
================================================================
* Summary: 
+-----------------------------+-----+-----+------------+--------------------+--------------+
|          RTL Ports          | Dir | Bits|  Protocol  |    Source Object   |    C Type    |
+-----------------------------+-----+-----+------------+--------------------+--------------+
|s_axi_CTRL_bus_AWVALID       |   in|    1|       s_axi|            CTRL_bus|        scalar|
|s_axi_CTRL_bus_AWREADY       |  out|    1|       s_axi|            CTRL_bus|        scalar|
|s_axi_CTRL_bus_AWADDR        |   in|    5|       s_axi|            CTRL_bus|        scalar|
|s_axi_CTRL_bus_WVALID        |   in|    1|       s_axi|            CTRL_bus|        scalar|
|s_axi_CTRL_bus_WREADY        |  out|    1|       s_axi|            CTRL_bus|        scalar|
|s_axi_CTRL_bus_WDATA         |   in|   32|       s_axi|            CTRL_bus|        scalar|
|s_axi_CTRL_bus_WSTRB         |   in|    4|       s_axi|            CTRL_bus|        scalar|
|s_axi_CTRL_bus_ARVALID       |   in|    1|       s_axi|            CTRL_bus|        scalar|
|s_axi_CTRL_bus_ARREADY       |  out|    1|       s_axi|            CTRL_bus|        scalar|
|s_axi_CTRL_bus_ARADDR        |   in|    5|       s_axi|            CTRL_bus|        scalar|
|s_axi_CTRL_bus_RVALID        |  out|    1|       s_axi|            CTRL_bus|        scalar|
|s_axi_CTRL_bus_RREADY        |   in|    1|       s_axi|            CTRL_bus|        scalar|
|s_axi_CTRL_bus_RDATA         |  out|   32|       s_axi|            CTRL_bus|        scalar|
|s_axi_CTRL_bus_RRESP         |  out|    2|       s_axi|            CTRL_bus|        scalar|
|s_axi_CTRL_bus_BVALID        |  out|    1|       s_axi|            CTRL_bus|        scalar|
|s_axi_CTRL_bus_BREADY        |   in|    1|       s_axi|            CTRL_bus|        scalar|
|s_axi_CTRL_bus_BRESP         |  out|    2|       s_axi|            CTRL_bus|        scalar|
|s_axi_control_AWVALID        |   in|    1|       s_axi|             control|        scalar|
|s_axi_control_AWREADY        |  out|    1|       s_axi|             control|        scalar|
|s_axi_control_AWADDR         |   in|    5|       s_axi|             control|        scalar|
|s_axi_control_WVALID         |   in|    1|       s_axi|             control|        scalar|
|s_axi_control_WREADY         |  out|    1|       s_axi|             control|        scalar|
|s_axi_control_WDATA          |   in|   32|       s_axi|             control|        scalar|
|s_axi_control_WSTRB          |   in|    4|       s_axi|             control|        scalar|
|s_axi_control_ARVALID        |   in|    1|       s_axi|             control|        scalar|
|s_axi_control_ARREADY        |  out|    1|       s_axi|             control|        scalar|
|s_axi_control_ARADDR         |   in|    5|       s_axi|             control|        scalar|
|s_axi_control_RVALID         |  out|    1|       s_axi|             control|        scalar|
|s_axi_control_RREADY         |   in|    1|       s_axi|             control|        scalar|
|s_axi_control_RDATA          |  out|   32|       s_axi|             control|        scalar|
|s_axi_control_RRESP          |  out|    2|       s_axi|             control|        scalar|
|s_axi_control_BVALID         |  out|    1|       s_axi|             control|        scalar|
|s_axi_control_BREADY         |   in|    1|       s_axi|             control|        scalar|
|s_axi_control_BRESP          |  out|    2|       s_axi|             control|        scalar|
|ap_clk                       |   in|    1|  ap_ctrl_hs|           cnn_lenet|  return value|
|ap_rst_n                     |   in|    1|  ap_ctrl_hs|           cnn_lenet|  return value|
|interrupt                    |  out|    1|  ap_ctrl_hs|           cnn_lenet|  return value|
|m_axi_gmem_AWVALID           |  out|    1|       m_axi|                gmem|       pointer|
|m_axi_gmem_AWREADY           |   in|    1|       m_axi|                gmem|       pointer|
|m_axi_gmem_AWADDR            |  out|   64|       m_axi|                gmem|       pointer|
|m_axi_gmem_AWID              |  out|    1|       m_axi|                gmem|       pointer|
|m_axi_gmem_AWLEN             |  out|    8|       m_axi|                gmem|       pointer|
|m_axi_gmem_AWSIZE            |  out|    3|       m_axi|                gmem|       pointer|
|m_axi_gmem_AWBURST           |  out|    2|       m_axi|                gmem|       pointer|
|m_axi_gmem_AWLOCK            |  out|    2|       m_axi|                gmem|       pointer|
|m_axi_gmem_AWCACHE           |  out|    4|       m_axi|                gmem|       pointer|
|m_axi_gmem_AWPROT            |  out|    3|       m_axi|                gmem|       pointer|
|m_axi_gmem_AWQOS             |  out|    4|       m_axi|                gmem|       pointer|
|m_axi_gmem_AWREGION          |  out|    4|       m_axi|                gmem|       pointer|
|m_axi_gmem_AWUSER            |  out|    1|       m_axi|                gmem|       pointer|
|m_axi_gmem_WVALID            |  out|    1|       m_axi|                gmem|       pointer|
|m_axi_gmem_WREADY            |   in|    1|       m_axi|                gmem|       pointer|
|m_axi_gmem_WDATA             |  out|   32|       m_axi|                gmem|       pointer|
|m_axi_gmem_WSTRB             |  out|    4|       m_axi|                gmem|       pointer|
|m_axi_gmem_WLAST             |  out|    1|       m_axi|                gmem|       pointer|
|m_axi_gmem_WID               |  out|    1|       m_axi|                gmem|       pointer|
|m_axi_gmem_WUSER             |  out|    1|       m_axi|                gmem|       pointer|
|m_axi_gmem_ARVALID           |  out|    1|       m_axi|                gmem|       pointer|
|m_axi_gmem_ARREADY           |   in|    1|       m_axi|                gmem|       pointer|
|m_axi_gmem_ARADDR            |  out|   64|       m_axi|                gmem|       pointer|
|m_axi_gmem_ARID              |  out|    1|       m_axi|                gmem|       pointer|
|m_axi_gmem_ARLEN             |  out|    8|       m_axi|                gmem|       pointer|
|m_axi_gmem_ARSIZE            |  out|    3|       m_axi|                gmem|       pointer|
|m_axi_gmem_ARBURST           |  out|    2|       m_axi|                gmem|       pointer|
|m_axi_gmem_ARLOCK            |  out|    2|       m_axi|                gmem|       pointer|
|m_axi_gmem_ARCACHE           |  out|    4|       m_axi|                gmem|       pointer|
|m_axi_gmem_ARPROT            |  out|    3|       m_axi|                gmem|       pointer|
|m_axi_gmem_ARQOS             |  out|    4|       m_axi|                gmem|       pointer|
|m_axi_gmem_ARREGION          |  out|    4|       m_axi|                gmem|       pointer|
|m_axi_gmem_ARUSER            |  out|    1|       m_axi|                gmem|       pointer|
|m_axi_gmem_RVALID            |   in|    1|       m_axi|                gmem|       pointer|
|m_axi_gmem_RREADY            |  out|    1|       m_axi|                gmem|       pointer|
|m_axi_gmem_RDATA             |   in|   32|       m_axi|                gmem|       pointer|
|m_axi_gmem_RLAST             |   in|    1|       m_axi|                gmem|       pointer|
|m_axi_gmem_RID               |   in|    1|       m_axi|                gmem|       pointer|
|m_axi_gmem_RUSER             |   in|    1|       m_axi|                gmem|       pointer|
|m_axi_gmem_RRESP             |   in|    2|       m_axi|                gmem|       pointer|
|m_axi_gmem_BVALID            |   in|    1|       m_axi|                gmem|       pointer|
|m_axi_gmem_BREADY            |  out|    1|       m_axi|                gmem|       pointer|
|m_axi_gmem_BRESP             |   in|    2|       m_axi|                gmem|       pointer|
|m_axi_gmem_BID               |   in|    1|       m_axi|                gmem|       pointer|
|m_axi_gmem_BUSER             |   in|    1|       m_axi|                gmem|       pointer|
|Layer2_Neurons_CPU_address0  |  out|   10|   ap_memory|  Layer2_Neurons_CPU|         array|
|Layer2_Neurons_CPU_ce0       |  out|    1|   ap_memory|  Layer2_Neurons_CPU|         array|
|Layer2_Neurons_CPU_we0       |  out|    1|   ap_memory|  Layer2_Neurons_CPU|         array|
|Layer2_Neurons_CPU_d0        |  out|   32|   ap_memory|  Layer2_Neurons_CPU|         array|
|Layer2_Neurons_CPU_q0        |   in|   32|   ap_memory|  Layer2_Neurons_CPU|         array|
|Layer2_Neurons_CPU_address1  |  out|   10|   ap_memory|  Layer2_Neurons_CPU|         array|
|Layer2_Neurons_CPU_ce1       |  out|    1|   ap_memory|  Layer2_Neurons_CPU|         array|
|Layer2_Neurons_CPU_q1        |   in|   32|   ap_memory|  Layer2_Neurons_CPU|         array|
|Layer3_Neurons_CPU_address0  |  out|   11|   ap_memory|  Layer3_Neurons_CPU|         array|
|Layer3_Neurons_CPU_ce0       |  out|    1|   ap_memory|  Layer3_Neurons_CPU|         array|
|Layer3_Neurons_CPU_we0       |  out|    1|   ap_memory|  Layer3_Neurons_CPU|         array|
|Layer3_Neurons_CPU_d0        |  out|   32|   ap_memory|  Layer3_Neurons_CPU|         array|
|Layer3_Neurons_CPU_q0        |   in|   32|   ap_memory|  Layer3_Neurons_CPU|         array|
|Layer3_Neurons_CPU_address1  |  out|   11|   ap_memory|  Layer3_Neurons_CPU|         array|
|Layer3_Neurons_CPU_ce1       |  out|    1|   ap_memory|  Layer3_Neurons_CPU|         array|
|Layer3_Neurons_CPU_q1        |   in|   32|   ap_memory|  Layer3_Neurons_CPU|         array|
|Layer1_Weights_CPU_Addr_A    |  out|   32|        bram|  Layer1_Weights_CPU|         array|
|Layer1_Weights_CPU_EN_A      |  out|    1|        bram|  Layer1_Weights_CPU|         array|
|Layer1_Weights_CPU_WEN_A     |  out|    4|        bram|  Layer1_Weights_CPU|         array|
|Layer1_Weights_CPU_Din_A     |  out|   32|        bram|  Layer1_Weights_CPU|         array|
|Layer1_Weights_CPU_Dout_A    |   in|   32|        bram|  Layer1_Weights_CPU|         array|
|Layer1_Weights_CPU_Clk_A     |  out|    1|        bram|  Layer1_Weights_CPU|         array|
|Layer1_Weights_CPU_Rst_A     |  out|    1|        bram|  Layer1_Weights_CPU|         array|
|Layer1_Weights_CPU_Addr_B    |  out|   32|        bram|  Layer1_Weights_CPU|         array|
|Layer1_Weights_CPU_EN_B      |  out|    1|        bram|  Layer1_Weights_CPU|         array|
|Layer1_Weights_CPU_WEN_B     |  out|    4|        bram|  Layer1_Weights_CPU|         array|
|Layer1_Weights_CPU_Din_B     |  out|   32|        bram|  Layer1_Weights_CPU|         array|
|Layer1_Weights_CPU_Dout_B    |   in|   32|        bram|  Layer1_Weights_CPU|         array|
|Layer1_Weights_CPU_Clk_B     |  out|    1|        bram|  Layer1_Weights_CPU|         array|
|Layer1_Weights_CPU_Rst_B     |  out|    1|        bram|  Layer1_Weights_CPU|         array|
|Layer2_Weights_CPU_Addr_A    |  out|   32|        bram|  Layer2_Weights_CPU|         array|
|Layer2_Weights_CPU_EN_A      |  out|    1|        bram|  Layer2_Weights_CPU|         array|
|Layer2_Weights_CPU_WEN_A     |  out|    4|        bram|  Layer2_Weights_CPU|         array|
|Layer2_Weights_CPU_Din_A     |  out|   32|        bram|  Layer2_Weights_CPU|         array|
|Layer2_Weights_CPU_Dout_A    |   in|   32|        bram|  Layer2_Weights_CPU|         array|
|Layer2_Weights_CPU_Clk_A     |  out|    1|        bram|  Layer2_Weights_CPU|         array|
|Layer2_Weights_CPU_Rst_A     |  out|    1|        bram|  Layer2_Weights_CPU|         array|
|Layer2_Weights_CPU_Addr_B    |  out|   32|        bram|  Layer2_Weights_CPU|         array|
|Layer2_Weights_CPU_EN_B      |  out|    1|        bram|  Layer2_Weights_CPU|         array|
|Layer2_Weights_CPU_WEN_B     |  out|    4|        bram|  Layer2_Weights_CPU|         array|
|Layer2_Weights_CPU_Din_B     |  out|   32|        bram|  Layer2_Weights_CPU|         array|
|Layer2_Weights_CPU_Dout_B    |   in|   32|        bram|  Layer2_Weights_CPU|         array|
|Layer2_Weights_CPU_Clk_B     |  out|    1|        bram|  Layer2_Weights_CPU|         array|
|Layer2_Weights_CPU_Rst_B     |  out|    1|        bram|  Layer2_Weights_CPU|         array|
|Layer3_Weights_CPU_Addr_A    |  out|   32|        bram|  Layer3_Weights_CPU|         array|
|Layer3_Weights_CPU_EN_A      |  out|    1|        bram|  Layer3_Weights_CPU|         array|
|Layer3_Weights_CPU_WEN_A     |  out|    4|        bram|  Layer3_Weights_CPU|         array|
|Layer3_Weights_CPU_Din_A     |  out|   32|        bram|  Layer3_Weights_CPU|         array|
|Layer3_Weights_CPU_Dout_A    |   in|   32|        bram|  Layer3_Weights_CPU|         array|
|Layer3_Weights_CPU_Clk_A     |  out|    1|        bram|  Layer3_Weights_CPU|         array|
|Layer3_Weights_CPU_Rst_A     |  out|    1|        bram|  Layer3_Weights_CPU|         array|
|Layer3_Weights_CPU_Addr_B    |  out|   32|        bram|  Layer3_Weights_CPU|         array|
|Layer3_Weights_CPU_EN_B      |  out|    1|        bram|  Layer3_Weights_CPU|         array|
|Layer3_Weights_CPU_WEN_B     |  out|    4|        bram|  Layer3_Weights_CPU|         array|
|Layer3_Weights_CPU_Din_B     |  out|   32|        bram|  Layer3_Weights_CPU|         array|
|Layer3_Weights_CPU_Dout_B    |   in|   32|        bram|  Layer3_Weights_CPU|         array|
|Layer3_Weights_CPU_Clk_B     |  out|    1|        bram|  Layer3_Weights_CPU|         array|
|Layer3_Weights_CPU_Rst_B     |  out|    1|        bram|  Layer3_Weights_CPU|         array|
+-----------------------------+-----+-----+------------+--------------------+--------------+

============================================================
+ Verbose Summary: Synthesis Manager
============================================================
InlineROM: 1
ExposeGlobal: 0
============================================================
+ Verbose Summary: CDFG Model
============================================================
IsTopModel: 1
ResetActiveHigh: 1
IsCombinational: 2
IsDatapathOnly: 2
HasWiredReturn: 1
HasMFsm: 0
HasVarLatency: 1
IsPipeline: 0
IsRtlPipelined: 0
IsInstanceOverlapped: 0
IsDontTouch: 0
HasImplIP: 0
IsGatedGlobalClock: 0


============================================================
+ Verbose Summary: Schedule
============================================================
* Number of FSM states : 11
* Pipeline : 0
* Dataflow Pipeline: 0

* FSM state transitions: 
1 --> 2 
2 --> 3 
3 --> 4 
4 --> 5 
5 --> 6 
6 --> 7 
7 --> 8 
8 --> 9 
9 --> 10 
10 --> 11 
11 --> 

* FSM state operations: 

State 1 <SV = 0> <Delay = 1.00>
ST_1 : Operation 12 [1/1] (1.00ns)   --->   "%Layer4_Neurons_CPU_read = read i64 @_ssdm_op_Read.s_axilite.i64, i64 %Layer4_Neurons_CPU" [cnn_lenet.cpp:6]   --->   Operation 12 'read' 'Layer4_Neurons_CPU_read' <Predicate = true> <Delay = 1.00> <CoreInst = "s_axilite">   --->   Core 114 's_axilite' <Latency = 0> <II = 1> <Delay = 1.00> <Adapter> <Opcode : 'read' 'write'>
ST_1 : Operation 13 [1/1] (1.00ns)   --->   "%Layer1_Neurons_CPU_read = read i64 @_ssdm_op_Read.s_axilite.i64, i64 %Layer1_Neurons_CPU" [cnn_lenet.cpp:6]   --->   Operation 13 'read' 'Layer1_Neurons_CPU_read' <Predicate = true> <Delay = 1.00> <CoreInst = "s_axilite">   --->   Core 114 's_axilite' <Latency = 0> <II = 1> <Delay = 1.00> <Adapter> <Opcode : 'read' 'write'>
ST_1 : Operation 14 [2/2] (0.00ns)   --->   "%call_ln6 = call void @cnn_lenet_Pipeline_calculateLayer2_loop_OutputRow_Loop_OutputColumn_Loop, i32 %gmem, i32 %Layer1_Weights_CPU, i64 %Layer1_Neurons_CPU_read, i32 %Layer2_Neurons_CPU, i32 %sigmoidLUT_1" [cnn_lenet.cpp:6]   --->   Operation 14 'call' 'call_ln6' <Predicate = true> <Delay = 0.00> <CoreType = "Generic">   --->   Core 0 '' <Latency = 0> <II = 1> <Delay = 1.00> <Generic> <Opcode : >
ST_1 : Operation 15 [1/1] (0.00ns)   --->   "%trunc_ln = partselect i62 @_ssdm_op_PartSelect.i62.i64.i32.i32, i64 %Layer4_Neurons_CPU_read, i32 2, i32 63" [cnn_lenet.cpp:70]   --->   Operation 15 'partselect' 'trunc_ln' <Predicate = true> <Delay = 0.00>

State 2 <SV = 1> <Delay = 0.00>
ST_2 : Operation 16 [1/2] (0.00ns)   --->   "%call_ln6 = call void @cnn_lenet_Pipeline_calculateLayer2_loop_OutputRow_Loop_OutputColumn_Loop, i32 %gmem, i32 %Layer1_Weights_CPU, i64 %Layer1_Neurons_CPU_read, i32 %Layer2_Neurons_CPU, i32 %sigmoidLUT_1" [cnn_lenet.cpp:6]   --->   Operation 16 'call' 'call_ln6' <Predicate = true> <Delay = 0.00> <CoreType = "Generic">   --->   Core 0 '' <Latency = 0> <II = 1> <Delay = 1.00> <Generic> <Opcode : >

State 3 <SV = 2> <Delay = 0.00>
ST_3 : Operation 17 [2/2] (0.00ns)   --->   "%call_ln0 = call void @cnn_lenet_Pipeline_calculateLayer3_loop_row_Loop_col_loop, i32 %Layer2_Weights_CPU, i32 %Layer2_Neurons_CPU, i32 %Layer3_Neurons_CPU, i32 %sigmoidLUT_1"   --->   Operation 17 'call' 'call_ln0' <Predicate = true> <Delay = 0.00> <CoreType = "Generic">   --->   Core 0 '' <Latency = 0> <II = 1> <Delay = 1.00> <Generic> <Opcode : >

State 4 <SV = 3> <Delay = 14.6>
ST_4 : Operation 18 [1/2] (0.00ns)   --->   "%call_ln0 = call void @cnn_lenet_Pipeline_calculateLayer3_loop_row_Loop_col_loop, i32 %Layer2_Weights_CPU, i32 %Layer2_Neurons_CPU, i32 %Layer3_Neurons_CPU, i32 %sigmoidLUT_1"   --->   Operation 18 'call' 'call_ln0' <Predicate = true> <Delay = 0.00> <CoreType = "Generic">   --->   Core 0 '' <Latency = 0> <II = 1> <Delay = 1.00> <Generic> <Opcode : >
ST_4 : Operation 19 [1/1] (0.00ns)   --->   "%sext_ln70 = sext i62 %trunc_ln" [cnn_lenet.cpp:70]   --->   Operation 19 'sext' 'sext_ln70' <Predicate = true> <Delay = 0.00>
ST_4 : Operation 20 [1/1] (0.00ns)   --->   "%gmem_addr = getelementptr i32 %gmem, i64 %sext_ln70" [cnn_lenet.cpp:70]   --->   Operation 20 'getelementptr' 'gmem_addr' <Predicate = true> <Delay = 0.00>
ST_4 : Operation 21 [1/1] (14.6ns)   --->   "%empty = writereq i1 @_ssdm_op_WriteReq.m_axi.p1i32, i64 %gmem_addr, i32 100" [cnn_lenet.cpp:70]   --->   Operation 21 'writereq' 'empty' <Predicate = true> <Delay = 14.6> <CoreInst = "m_axi">   --->   Core 113 'm_axi' <Latency = 0> <II = 1> <Delay = 1.00> <Adapter> <Opcode : 'read' 'write' 'readreq' 'writereq' 'writeresp'>

State 5 <SV = 4> <Delay = 0.00>
ST_5 : Operation 22 [2/2] (0.00ns)   --->   "%call_ln70 = call void @cnn_lenet_Pipeline_calculateLayer4_loop, i32 %gmem, i32 %Layer3_Neurons_CPU, i62 %trunc_ln, i32 %Layer3_Weights_CPU, i32 %sigmoidLUT_1" [cnn_lenet.cpp:70]   --->   Operation 22 'call' 'call_ln70' <Predicate = true> <Delay = 0.00> <CoreType = "Generic">   --->   Core 0 '' <Latency = 0> <II = 1> <Delay = 1.00> <Generic> <Opcode : >

State 6 <SV = 5> <Delay = 0.00>
ST_6 : Operation 23 [1/2] (0.00ns)   --->   "%call_ln70 = call void @cnn_lenet_Pipeline_calculateLayer4_loop, i32 %gmem, i32 %Layer3_Neurons_CPU, i62 %trunc_ln, i32 %Layer3_Weights_CPU, i32 %sigmoidLUT_1" [cnn_lenet.cpp:70]   --->   Operation 23 'call' 'call_ln70' <Predicate = true> <Delay = 0.00> <CoreType = "Generic">   --->   Core 0 '' <Latency = 0> <II = 1> <Delay = 1.00> <Generic> <Opcode : >

State 7 <SV = 6> <Delay = 14.6>
ST_7 : Operation 24 [5/5] (14.6ns)   --->   "%empty_248 = writeresp i1 @_ssdm_op_WriteResp.m_axi.p1i32, i64 %gmem_addr" [cnn_lenet.cpp:82]   --->   Operation 24 'writeresp' 'empty_248' <Predicate = true> <Delay = 14.6> <CoreInst = "m_axi">   --->   Core 113 'm_axi' <Latency = 0> <II = 1> <Delay = 1.00> <Adapter> <Opcode : 'read' 'write' 'readreq' 'writereq' 'writeresp'>

State 8 <SV = 7> <Delay = 14.6>
ST_8 : Operation 25 [4/5] (14.6ns)   --->   "%empty_248 = writeresp i1 @_ssdm_op_WriteResp.m_axi.p1i32, i64 %gmem_addr" [cnn_lenet.cpp:82]   --->   Operation 25 'writeresp' 'empty_248' <Predicate = true> <Delay = 14.6> <CoreInst = "m_axi">   --->   Core 113 'm_axi' <Latency = 0> <II = 1> <Delay = 1.00> <Adapter> <Opcode : 'read' 'write' 'readreq' 'writereq' 'writeresp'>

State 9 <SV = 8> <Delay = 14.6>
ST_9 : Operation 26 [3/5] (14.6ns)   --->   "%empty_248 = writeresp i1 @_ssdm_op_WriteResp.m_axi.p1i32, i64 %gmem_addr" [cnn_lenet.cpp:82]   --->   Operation 26 'writeresp' 'empty_248' <Predicate = true> <Delay = 14.6> <CoreInst = "m_axi">   --->   Core 113 'm_axi' <Latency = 0> <II = 1> <Delay = 1.00> <Adapter> <Opcode : 'read' 'write' 'readreq' 'writereq' 'writeresp'>

State 10 <SV = 9> <Delay = 14.6>
ST_10 : Operation 27 [2/5] (14.6ns)   --->   "%empty_248 = writeresp i1 @_ssdm_op_WriteResp.m_axi.p1i32, i64 %gmem_addr" [cnn_lenet.cpp:82]   --->   Operation 27 'writeresp' 'empty_248' <Predicate = true> <Delay = 14.6> <CoreInst = "m_axi">   --->   Core 113 'm_axi' <Latency = 0> <II = 1> <Delay = 1.00> <Adapter> <Opcode : 'read' 'write' 'readreq' 'writereq' 'writeresp'>

State 11 <SV = 10> <Delay = 14.6>
ST_11 : Operation 28 [1/1] (0.00ns)   --->   "%spectopmodule_ln5 = spectopmodule void @_ssdm_op_SpecTopModule, void @empty_11" [cnn_lenet.cpp:5]   --->   Operation 28 'spectopmodule' 'spectopmodule_ln5' <Predicate = true> <Delay = 0.00>
ST_11 : Operation 29 [1/1] (0.00ns)   --->   "%specinterface_ln0 = specinterface void @_ssdm_op_SpecInterface, i32 %gmem, void @empty, i32 0, i32 0, void @empty_0, i32 0, i32 0, void @empty_1, void @empty_2, void @empty_0, i32 16, i32 16, i32 16, i32 16, void @empty_0, void @empty_0, i32 4294967295, i32 0"   --->   Operation 29 'specinterface' 'specinterface_ln0' <Predicate = true> <Delay = 0.00>
ST_11 : Operation 30 [1/1] (0.00ns)   --->   "%specbitsmap_ln0 = specbitsmap void @_ssdm_op_SpecBitsMap, i32 %gmem"   --->   Operation 30 'specbitsmap' 'specbitsmap_ln0' <Predicate = true> <Delay = 0.00>
ST_11 : Operation 31 [1/1] (0.00ns)   --->   "%specinterface_ln0 = specinterface void @_ssdm_op_SpecInterface, i64 %Layer1_Neurons_CPU, void @empty_3, i32 0, i32 0, void @empty_0, i32 0, i32 0, void @empty_4, void @empty_5, void @empty_0, i32 0, i32 0, i32 0, i32 0, void @empty_0, void @empty_6, i32 4294967295, i32 0"   --->   Operation 31 'specinterface' 'specinterface_ln0' <Predicate = true> <Delay = 0.00>
ST_11 : Operation 32 [1/1] (0.00ns)   --->   "%specinterface_ln0 = specinterface void @_ssdm_op_SpecInterface, i64 %Layer1_Neurons_CPU, void @empty_7, i32 0, i32 0, void @empty_0, i32 0, i32 0, void @empty_0, void @empty_0, void @empty_0, i32 0, i32 0, i32 0, i32 0, void @empty_0, void @empty_6, i32 4294967295, i32 0"   --->   Operation 32 'specinterface' 'specinterface_ln0' <Predicate = true> <Delay = 0.00>
ST_11 : Operation 33 [1/1] (0.00ns)   --->   "%specinterface_ln0 = specinterface void @_ssdm_op_SpecInterface, i32 %Layer2_Neurons_CPU, void @empty_8, i32 0, i32 0, void @empty_0, i32 4294967295, i32 0, void @empty_0, void @empty_0, void @empty_0, i32 0, i32 0, i32 0, i32 0, void @empty_0, void @empty_0, i32 4294967295, i32 0"   --->   Operation 33 'specinterface' 'specinterface_ln0' <Predicate = true> <Delay = 0.00>
ST_11 : Operation 34 [1/1] (0.00ns)   --->   "%specbitsmap_ln0 = specbitsmap void @_ssdm_op_SpecBitsMap, i32 %Layer2_Neurons_CPU"   --->   Operation 34 'specbitsmap' 'specbitsmap_ln0' <Predicate = true> <Delay = 0.00>
ST_11 : Operation 35 [1/1] (0.00ns)   --->   "%specinterface_ln0 = specinterface void @_ssdm_op_SpecInterface, i32 %Layer3_Neurons_CPU, void @empty_8, i32 0, i32 0, void @empty_0, i32 4294967295, i32 0, void @empty_0, void @empty_0, void @empty_0, i32 0, i32 0, i32 0, i32 0, void @empty_0, void @empty_0, i32 4294967295, i32 0"   --->   Operation 35 'specinterface' 'specinterface_ln0' <Predicate = true> <Delay = 0.00>
ST_11 : Operation 36 [1/1] (0.00ns)   --->   "%specbitsmap_ln0 = specbitsmap void @_ssdm_op_SpecBitsMap, i32 %Layer3_Neurons_CPU"   --->   Operation 36 'specbitsmap' 'specbitsmap_ln0' <Predicate = true> <Delay = 0.00>
ST_11 : Operation 37 [1/1] (0.00ns)   --->   "%specinterface_ln0 = specinterface void @_ssdm_op_SpecInterface, i32 %Layer1_Weights_CPU, void @empty_9, i32 0, i32 0, void @empty_0, i32 4294967295, i32 0, void @empty_0, void @empty_0, void @empty_0, i32 0, i32 0, i32 0, i32 0, void @empty_0, void @empty_0, i32 4294967295, i32 0"   --->   Operation 37 'specinterface' 'specinterface_ln0' <Predicate = true> <Delay = 0.00>
ST_11 : Operation 38 [1/1] (0.00ns)   --->   "%specbitsmap_ln0 = specbitsmap void @_ssdm_op_SpecBitsMap, i32 %Layer1_Weights_CPU"   --->   Operation 38 'specbitsmap' 'specbitsmap_ln0' <Predicate = true> <Delay = 0.00>
ST_11 : Operation 39 [1/1] (0.00ns)   --->   "%specinterface_ln0 = specinterface void @_ssdm_op_SpecInterface, i32 %Layer2_Weights_CPU, void @empty_9, i32 0, i32 0, void @empty_0, i32 4294967295, i32 0, void @empty_0, void @empty_0, void @empty_0, i32 0, i32 0, i32 0, i32 0, void @empty_0, void @empty_0, i32 4294967295, i32 0"   --->   Operation 39 'specinterface' 'specinterface_ln0' <Predicate = true> <Delay = 0.00>
ST_11 : Operation 40 [1/1] (0.00ns)   --->   "%specbitsmap_ln0 = specbitsmap void @_ssdm_op_SpecBitsMap, i32 %Layer2_Weights_CPU"   --->   Operation 40 'specbitsmap' 'specbitsmap_ln0' <Predicate = true> <Delay = 0.00>
ST_11 : Operation 41 [1/1] (0.00ns)   --->   "%specinterface_ln0 = specinterface void @_ssdm_op_SpecInterface, i32 %Layer3_Weights_CPU, void @empty_9, i32 0, i32 0, void @empty_0, i32 4294967295, i32 0, void @empty_0, void @empty_0, void @empty_0, i32 0, i32 0, i32 0, i32 0, void @empty_0, void @empty_0, i32 4294967295, i32 0"   --->   Operation 41 'specinterface' 'specinterface_ln0' <Predicate = true> <Delay = 0.00>
ST_11 : Operation 42 [1/1] (0.00ns)   --->   "%specbitsmap_ln0 = specbitsmap void @_ssdm_op_SpecBitsMap, i32 %Layer3_Weights_CPU"   --->   Operation 42 'specbitsmap' 'specbitsmap_ln0' <Predicate = true> <Delay = 0.00>
ST_11 : Operation 43 [1/1] (0.00ns)   --->   "%specinterface_ln0 = specinterface void @_ssdm_op_SpecInterface, i64 %Layer4_Neurons_CPU, void @empty_3, i32 0, i32 0, void @empty_0, i32 0, i32 0, void @empty_10, void @empty_5, void @empty_0, i32 0, i32 0, i32 0, i32 0, void @empty_0, void @empty_6, i32 4294967295, i32 0"   --->   Operation 43 'specinterface' 'specinterface_ln0' <Predicate = true> <Delay = 0.00>
ST_11 : Operation 44 [1/1] (0.00ns)   --->   "%specinterface_ln0 = specinterface void @_ssdm_op_SpecInterface, i64 %Layer4_Neurons_CPU, void @empty_7, i32 0, i32 0, void @empty_0, i32 0, i32 0, void @empty_0, void @empty_0, void @empty_0, i32 0, i32 0, i32 0, i32 0, void @empty_0, void @empty_6, i32 4294967295, i32 0"   --->   Operation 44 'specinterface' 'specinterface_ln0' <Predicate = true> <Delay = 0.00>
ST_11 : Operation 45 [1/1] (0.00ns)   --->   "%specinterface_ln0 = specinterface void @_ssdm_op_SpecInterface, i32 0, void @empty_3, i32 0, i32 0, void @empty_0, i32 0, i32 0, void @empty_10, void @empty_0, void @empty_0, i32 0, i32 0, i32 0, i32 0, void @empty_0, void @empty_0, i32 4294967295, i32 0"   --->   Operation 45 'specinterface' 'specinterface_ln0' <Predicate = true> <Delay = 0.00>
ST_11 : Operation 46 [1/5] (14.6ns)   --->   "%empty_248 = writeresp i1 @_ssdm_op_WriteResp.m_axi.p1i32, i64 %gmem_addr" [cnn_lenet.cpp:82]   --->   Operation 46 'writeresp' 'empty_248' <Predicate = true> <Delay = 14.6> <CoreInst = "m_axi">   --->   Core 113 'm_axi' <Latency = 0> <II = 1> <Delay = 1.00> <Adapter> <Opcode : 'read' 'write' 'readreq' 'writereq' 'writeresp'>
ST_11 : Operation 47 [1/1] (0.00ns)   --->   "%ret_ln82 = ret" [cnn_lenet.cpp:82]   --->   Operation 47 'ret' 'ret_ln82' <Predicate = true> <Delay = 0.00>


============================================================
+ Verbose Summary: Binding
============================================================
STG Binding: 
---------------- STG Properties BEGIN ----------------
- Is combinational: 0
- Is one-state seq: 0
- Is datapath-only: 0
- Is pipelined: 0
- Is top level: 1
Port [ Return ] is wired: 1; IO mode=ap_ctrl_hs:ce=0
Port [ gmem]:  wired=1; compound=1; hidden=0; nouse=0; global=0; static=0; extern=0; dir=2; type=4; pingpong=0; private_global=0; IO mode=m_axi:ce=0
Port [ Layer1_Neurons_CPU]:  wired=1; compound=0; hidden=0; nouse=0; global=0; static=0; extern=0; dir=0; type=0; pingpong=0; private_global=0; IO mode=ap_none:ce=0
Port [ Layer2_Neurons_CPU]:  wired=1; compound=1; hidden=0; nouse=0; global=0; static=0; extern=0; dir=2; type=1; pingpong=0; private_global=0; MemPort=[21]; IO mode=ap_memory:ce=0
Port [ Layer3_Neurons_CPU]:  wired=1; compound=1; hidden=0; nouse=0; global=0; static=0; extern=0; dir=2; type=1; pingpong=0; private_global=0; MemPort=[21]; IO mode=ap_memory:ce=0
Port [ Layer1_Weights_CPU]:  wired=1; compound=1; hidden=0; nouse=0; global=0; static=0; extern=0; dir=0; type=1; pingpong=0; private_global=0; MemPort=[11]; IO mode=bram:ce=0
Port [ Layer2_Weights_CPU]:  wired=1; compound=1; hidden=0; nouse=0; global=0; static=0; extern=0; dir=0; type=1; pingpong=0; private_global=0; MemPort=[11]; IO mode=bram:ce=0
Port [ Layer3_Weights_CPU]:  wired=1; compound=1; hidden=0; nouse=0; global=0; static=0; extern=0; dir=0; type=1; pingpong=0; private_global=0; MemPort=[11]; IO mode=bram:ce=0
Port [ Layer4_Neurons_CPU]:  wired=1; compound=0; hidden=0; nouse=0; global=0; static=0; extern=0; dir=0; type=0; pingpong=0; private_global=0; IO mode=ap_none:ce=0
Port [ sigmoidLUT_1]:  wired=0; compound=1; hidden=1; nouse=1; global=1; static=1; extern=0; dir=0; type=1; pingpong=0; private_global=1; MemPort=[1]; IO mode=ap_memory:ce=0
---------------- STG Properties END ------------------

---------------- Datapath Model BEGIN ----------------

<LifeTime>
<method=bitvector/>
Layer4_Neurons_CPU_read (read         ) [ 000000000000]
Layer1_Neurons_CPU_read (read         ) [ 001000000000]
trunc_ln                (partselect   ) [ 001111100000]
call_ln6                (call         ) [ 000000000000]
call_ln0                (call         ) [ 000000000000]
sext_ln70               (sext         ) [ 000000000000]
gmem_addr               (getelementptr) [ 000001111111]
empty                   (writereq     ) [ 000000000000]
call_ln70               (call         ) [ 000000000000]
spectopmodule_ln5       (spectopmodule) [ 000000000000]
specinterface_ln0       (specinterface) [ 000000000000]
specbitsmap_ln0         (specbitsmap  ) [ 000000000000]
specinterface_ln0       (specinterface) [ 000000000000]
specinterface_ln0       (specinterface) [ 000000000000]
specinterface_ln0       (specinterface) [ 000000000000]
specbitsmap_ln0         (specbitsmap  ) [ 000000000000]
specinterface_ln0       (specinterface) [ 000000000000]
specbitsmap_ln0         (specbitsmap  ) [ 000000000000]
specinterface_ln0       (specinterface) [ 000000000000]
specbitsmap_ln0         (specbitsmap  ) [ 000000000000]
specinterface_ln0       (specinterface) [ 000000000000]
specbitsmap_ln0         (specbitsmap  ) [ 000000000000]
specinterface_ln0       (specinterface) [ 000000000000]
specbitsmap_ln0         (specbitsmap  ) [ 000000000000]
specinterface_ln0       (specinterface) [ 000000000000]
specinterface_ln0       (specinterface) [ 000000000000]
specinterface_ln0       (specinterface) [ 000000000000]
empty_248               (writeresp    ) [ 000000000000]
ret_ln82                (ret          ) [ 000000000000]
</LifeTime>

<model>

<comp_list>
<comp id="0" class="1000" name="gmem">
<pin_list>
<pin id="1" dir="1" index="0" bw="1" slack="0"/>
</pin_list>
<bind>
<StgValue><ssdm name="gmem"/></StgValue>
</bind>
</comp>

<comp id="2" class="1000" name="Layer1_Neurons_CPU">
<pin_list>
<pin id="3" dir="1" index="0" bw="1" slack="0"/>
</pin_list>
<bind>
<StgValue><ssdm name="Layer1_Neurons_CPU"/></StgValue>
</bind>
</comp>

<comp id="4" class="1000" name="Layer2_Neurons_CPU">
<pin_list>
<pin id="5" dir="1" index="0" bw="1" slack="0"/>
</pin_list>
<bind>
<StgValue><ssdm name="Layer2_Neurons_CPU"/><MemPortTyVec>2 1 </MemPortTyVec>
</StgValue>
</bind>
</comp>

<comp id="6" class="1000" name="Layer3_Neurons_CPU">
<pin_list>
<pin id="7" dir="1" index="0" bw="1" slack="0"/>
</pin_list>
<bind>
<StgValue><ssdm name="Layer3_Neurons_CPU"/><MemPortTyVec>2 1 </MemPortTyVec>
</StgValue>
</bind>
</comp>

<comp id="8" class="1000" name="Layer1_Weights_CPU">
<pin_list>
<pin id="9" dir="1" index="0" bw="1" slack="0"/>
</pin_list>
<bind>
<StgValue><ssdm name="Layer1_Weights_CPU"/><MemPortTyVec>1 1 </MemPortTyVec>
</StgValue>
</bind>
</comp>

<comp id="10" class="1000" name="Layer2_Weights_CPU">
<pin_list>
<pin id="11" dir="1" index="0" bw="1" slack="0"/>
</pin_list>
<bind>
<StgValue><ssdm name="Layer2_Weights_CPU"/><MemPortTyVec>1 1 </MemPortTyVec>
</StgValue>
</bind>
</comp>

<comp id="12" class="1000" name="Layer3_Weights_CPU">
<pin_list>
<pin id="13" dir="1" index="0" bw="1" slack="0"/>
</pin_list>
<bind>
<StgValue><ssdm name="Layer3_Weights_CPU"/><MemPortTyVec>1 1 </MemPortTyVec>
</StgValue>
</bind>
</comp>

<comp id="14" class="1000" name="Layer4_Neurons_CPU">
<pin_list>
<pin id="15" dir="1" index="0" bw="1" slack="0"/>
</pin_list>
<bind>
<StgValue><ssdm name="Layer4_Neurons_CPU"/></StgValue>
</bind>
</comp>

<comp id="16" class="1000" name="sigmoidLUT_1">
<pin_list>
<pin id="17" dir="1" index="0" bw="1" slack="0"/>
</pin_list>
<bind>
<StgValue><ssdm name="sigmoidLUT_1"/><MemPortTyVec>1 </MemPortTyVec>
</StgValue>
</bind>
</comp>

<comp id="18" class="1001" name="const_18">
<pin_list>
<pin id="19" dir="1" index="0" bw="1" slack="0"/>
</pin_list>
<bind>
<StgValue><ssdm name="_ssdm_op_Read.s_axilite.i64"/></StgValue>
</bind>
</comp>

<comp id="20" class="1001" name="const_20">
<pin_list>
<pin id="21" dir="1" index="0" bw="1" slack="0"/>
</pin_list>
<bind>
<StgValue><ssdm name="cnn_lenet_Pipeline_calculateLayer2_loop_OutputRow_Loop_OutputColumn_Loop"/></StgValue>
</bind>
</comp>

<comp id="22" class="1001" name="const_22">
<pin_list>
<pin id="23" dir="1" index="0" bw="1" slack="0"/>
</pin_list>
<bind>
<StgValue><ssdm name="_ssdm_op_PartSelect.i62.i64.i32.i32"/></StgValue>
</bind>
</comp>

<comp id="24" class="1001" name="const_24">
<pin_list>
<pin id="25" dir="1" index="0" bw="1" slack="0"/>
</pin_list>
<bind>
<StgValue><ssdm name=""/></StgValue>
</bind>
</comp>

<comp id="26" class="1001" name="const_26">
<pin_list>
<pin id="27" dir="1" index="0" bw="1" slack="0"/>
</pin_list>
<bind>
<StgValue><ssdm name=""/></StgValue>
</bind>
</comp>

<comp id="28" class="1001" name="const_28">
<pin_list>
<pin id="29" dir="1" index="0" bw="1" slack="0"/>
</pin_list>
<bind>
<StgValue><ssdm name="cnn_lenet_Pipeline_calculateLayer3_loop_row_Loop_col_loop"/></StgValue>
</bind>
</comp>

<comp id="30" class="1001" name="const_30">
<pin_list>
<pin id="31" dir="1" index="0" bw="1" slack="0"/>
</pin_list>
<bind>
<StgValue><ssdm name="_ssdm_op_WriteReq.m_axi.p1i32"/></StgValue>
</bind>
</comp>

<comp id="32" class="1001" name="const_32">
<pin_list>
<pin id="33" dir="1" index="0" bw="1" slack="0"/>
</pin_list>
<bind>
<StgValue><ssdm name=""/></StgValue>
</bind>
</comp>

<comp id="34" class="1001" name="const_34">
<pin_list>
<pin id="35" dir="1" index="0" bw="1" slack="0"/>
</pin_list>
<bind>
<StgValue><ssdm name="cnn_lenet_Pipeline_calculateLayer4_loop"/></StgValue>
</bind>
</comp>

<comp id="36" class="1001" name="const_36">
<pin_list>
<pin id="37" dir="1" index="0" bw="1" slack="0"/>
</pin_list>
<bind>
<StgValue><ssdm name="_ssdm_op_WriteResp.m_axi.p1i32"/></StgValue>
</bind>
</comp>

<comp id="38" class="1001" name="const_38">
<pin_list>
<pin id="39" dir="1" index="0" bw="1" slack="2147483647"/>
</pin_list>
<bind>
<StgValue><ssdm name="_ssdm_op_SpecTopModule"/></StgValue>
</bind>
</comp>

<comp id="40" class="1001" name="const_40">
<pin_list>
<pin id="41" dir="1" index="0" bw="1" slack="2147483647"/>
</pin_list>
<bind>
<StgValue><ssdm name="empty_11"/></StgValue>
</bind>
</comp>

<comp id="42" class="1001" name="const_42">
<pin_list>
<pin id="43" dir="1" index="0" bw="1" slack="2147483647"/>
</pin_list>
<bind>
<StgValue><ssdm name="_ssdm_op_SpecInterface"/></StgValue>
</bind>
</comp>

<comp id="44" class="1001" name="const_44">
<pin_list>
<pin id="45" dir="1" index="0" bw="1" slack="2147483647"/>
</pin_list>
<bind>
<StgValue><ssdm name="empty"/></StgValue>
</bind>
</comp>

<comp id="46" class="1001" name="const_46">
<pin_list>
<pin id="47" dir="1" index="0" bw="1" slack="2147483647"/>
</pin_list>
<bind>
<StgValue><ssdm name=""/></StgValue>
</bind>
</comp>

<comp id="48" class="1001" name="const_48">
<pin_list>
<pin id="49" dir="1" index="0" bw="1" slack="2147483647"/>
</pin_list>
<bind>
<StgValue><ssdm name="empty_0"/></StgValue>
</bind>
</comp>

<comp id="50" class="1001" name="const_50">
<pin_list>
<pin id="51" dir="1" index="0" bw="1" slack="2147483647"/>
</pin_list>
<bind>
<StgValue><ssdm name="empty_1"/></StgValue>
</bind>
</comp>

<comp id="52" class="1001" name="const_52">
<pin_list>
<pin id="53" dir="1" index="0" bw="1" slack="2147483647"/>
</pin_list>
<bind>
<StgValue><ssdm name="empty_2"/></StgValue>
</bind>
</comp>

<comp id="54" class="1001" name="const_54">
<pin_list>
<pin id="55" dir="1" index="0" bw="1" slack="2147483647"/>
</pin_list>
<bind>
<StgValue><ssdm name=""/></StgValue>
</bind>
</comp>

<comp id="56" class="1001" name="const_56">
<pin_list>
<pin id="57" dir="1" index="0" bw="1" slack="2147483647"/>
</pin_list>
<bind>
<StgValue><ssdm name=""/></StgValue>
</bind>
</comp>

<comp id="58" class="1001" name="const_58">
<pin_list>
<pin id="59" dir="1" index="0" bw="1" slack="2147483647"/>
</pin_list>
<bind>
<StgValue><ssdm name="_ssdm_op_SpecBitsMap"/></StgValue>
</bind>
</comp>

<comp id="60" class="1001" name="const_60">
<pin_list>
<pin id="61" dir="1" index="0" bw="1" slack="2147483647"/>
</pin_list>
<bind>
<StgValue><ssdm name="empty_3"/></StgValue>
</bind>
</comp>

<comp id="62" class="1001" name="const_62">
<pin_list>
<pin id="63" dir="1" index="0" bw="1" slack="2147483647"/>
</pin_list>
<bind>
<StgValue><ssdm name="empty_4"/></StgValue>
</bind>
</comp>

<comp id="64" class="1001" name="const_64">
<pin_list>
<pin id="65" dir="1" index="0" bw="1" slack="2147483647"/>
</pin_list>
<bind>
<StgValue><ssdm name="empty_5"/></StgValue>
</bind>
</comp>

<comp id="66" class="1001" name="const_66">
<pin_list>
<pin id="67" dir="1" index="0" bw="1" slack="2147483647"/>
</pin_list>
<bind>
<StgValue><ssdm name="empty_6"/></StgValue>
</bind>
</comp>

<comp id="68" class="1001" name="const_68">
<pin_list>
<pin id="69" dir="1" index="0" bw="1" slack="2147483647"/>
</pin_list>
<bind>
<StgValue><ssdm name="empty_7"/></StgValue>
</bind>
</comp>

<comp id="70" class="1001" name="const_70">
<pin_list>
<pin id="71" dir="1" index="0" bw="1" slack="2147483647"/>
</pin_list>
<bind>
<StgValue><ssdm name="empty_8"/></StgValue>
</bind>
</comp>

<comp id="72" class="1001" name="const_72">
<pin_list>
<pin id="73" dir="1" index="0" bw="1" slack="2147483647"/>
</pin_list>
<bind>
<StgValue><ssdm name="empty_9"/></StgValue>
</bind>
</comp>

<comp id="74" class="1001" name="const_74">
<pin_list>
<pin id="75" dir="1" index="0" bw="1" slack="2147483647"/>
</pin_list>
<bind>
<StgValue><ssdm name="empty_10"/></StgValue>
</bind>
</comp>

<comp id="76" class="1004" name="Layer4_Neurons_CPU_read_read_fu_76">
<pin_list>
<pin id="77" dir="0" index="0" bw="64" slack="0"/>
<pin id="78" dir="0" index="1" bw="64" slack="0"/>
<pin id="79" dir="1" index="2" bw="64" slack="0"/>
</pin_list>
<bind>
<opcode="read(1150) " fcode="read"/>
<opset="Layer4_Neurons_CPU_read/1 "/>
</bind>
</comp>

<comp id="82" class="1004" name="Layer1_Neurons_CPU_read_read_fu_82">
<pin_list>
<pin id="83" dir="0" index="0" bw="64" slack="0"/>
<pin id="84" dir="0" index="1" bw="64" slack="0"/>
<pin id="85" dir="1" index="2" bw="64" slack="0"/>
</pin_list>
<bind>
<opcode="read(1150) " fcode="read"/>
<opset="Layer1_Neurons_CPU_read/1 "/>
</bind>
</comp>

<comp id="88" class="1004" name="grp_writeresp_fu_88">
<pin_list>
<pin id="89" dir="0" index="0" bw="1" slack="0"/>
<pin id="90" dir="0" index="1" bw="32" slack="0"/>
<pin id="91" dir="0" index="2" bw="8" slack="0"/>
<pin id="92" dir="1" index="3" bw="1" slack="2147483647"/>
</pin_list>
<bind>
<opcode="writereq(1155) writeresp(1158) " fcode="writeresp"/>
<opset="empty/4 empty_248/7 "/>
</bind>
</comp>

<comp id="96" class="1004" name="grp_cnn_lenet_Pipeline_calculateLayer2_loop_OutputRow_Loop_OutputColumn_Loop_fu_96">
<pin_list>
<pin id="97" dir="0" index="0" bw="0" slack="0"/>
<pin id="98" dir="0" index="1" bw="32" slack="0"/>
<pin id="99" dir="0" index="2" bw="32" slack="0"/>
<pin id="100" dir="0" index="3" bw="64" slack="0"/>
<pin id="101" dir="0" index="4" bw="32" slack="0"/>
<pin id="102" dir="0" index="5" bw="32" slack="0"/>
<pin id="103" dir="1" index="6" bw="0" slack="2147483647"/>
</pin_list>
<bind>
<opcode="call(48) " fcode="call"/>
<opset="call_ln6/1 "/>
</bind>
</comp>

<comp id="110" class="1004" name="grp_cnn_lenet_Pipeline_calculateLayer3_loop_row_Loop_col_loop_fu_110">
<pin_list>
<pin id="111" dir="0" index="0" bw="0" slack="0"/>
<pin id="112" dir="0" index="1" bw="32" slack="0"/>
<pin id="113" dir="0" index="2" bw="32" slack="0"/>
<pin id="114" dir="0" index="3" bw="32" slack="0"/>
<pin id="115" dir="0" index="4" bw="32" slack="0"/>
<pin id="116" dir="1" index="5" bw="0" slack="2147483647"/>
</pin_list>
<bind>
<opcode="call(48) " fcode="call"/>
<opset="call_ln0/3 "/>
</bind>
</comp>

<comp id="122" class="1004" name="grp_cnn_lenet_Pipeline_calculateLayer4_loop_fu_122">
<pin_list>
<pin id="123" dir="0" index="0" bw="0" slack="0"/>
<pin id="124" dir="0" index="1" bw="32" slack="0"/>
<pin id="125" dir="0" index="2" bw="32" slack="0"/>
<pin id="126" dir="0" index="3" bw="62" slack="4"/>
<pin id="127" dir="0" index="4" bw="32" slack="0"/>
<pin id="128" dir="0" index="5" bw="32" slack="0"/>
<pin id="129" dir="1" index="6" bw="0" slack="2147483647"/>
</pin_list>
<bind>
<opcode="call(48) " fcode="call"/>
<opset="call_ln70/5 "/>
</bind>
</comp>

<comp id="135" class="1004" name="trunc_ln_fu_135">
<pin_list>
<pin id="136" dir="0" index="0" bw="62" slack="0"/>
<pin id="137" dir="0" index="1" bw="64" slack="0"/>
<pin id="138" dir="0" index="2" bw="3" slack="0"/>
<pin id="139" dir="0" index="3" bw="7" slack="0"/>
<pin id="140" dir="1" index="4" bw="62" slack="3"/>
</pin_list>
<bind>
<opcode="partselect(1002) " fcode="partselect"/>
<opset="trunc_ln/1 "/>
</bind>
</comp>

<comp id="145" class="1004" name="sext_ln70_fu_145">
<pin_list>
<pin id="146" dir="0" index="0" bw="62" slack="3"/>
<pin id="147" dir="1" index="1" bw="64" slack="0"/>
</pin_list>
<bind>
<opcode="sext(35) " fcode="sext"/>
<opset="sext_ln70/4 "/>
</bind>
</comp>

<comp id="148" class="1004" name="gmem_addr_fu_148">
<pin_list>
<pin id="149" dir="0" index="0" bw="64" slack="0"/>
<pin id="150" dir="0" index="1" bw="64" slack="0"/>
<pin id="151" dir="1" index="2" bw="64" slack="0"/>
</pin_list>
<bind>
<opcode="getelementptr(29) " fcode="getelementptr"/>
<opset="gmem_addr/4 "/>
</bind>
</comp>

<comp id="155" class="1005" name="Layer1_Neurons_CPU_read_reg_155">
<pin_list>
<pin id="156" dir="0" index="0" bw="64" slack="1"/>
<pin id="157" dir="1" index="1" bw="64" slack="1"/>
</pin_list>
<bind>
<opset="Layer1_Neurons_CPU_read "/>
</bind>
</comp>

<comp id="160" class="1005" name="trunc_ln_reg_160">
<pin_list>
<pin id="161" dir="0" index="0" bw="62" slack="3"/>
<pin id="162" dir="1" index="1" bw="62" slack="3"/>
</pin_list>
<bind>
<opset="trunc_ln "/>
</bind>
</comp>

<comp id="166" class="1005" name="gmem_addr_reg_166">
<pin_list>
<pin id="167" dir="0" index="0" bw="32" slack="3"/>
<pin id="168" dir="1" index="1" bw="32" slack="3"/>
</pin_list>
<bind>
<opset="gmem_addr "/>
</bind>
</comp>

<comp id="171" class="1004" name="grp_SIGMOID_fu_171">
<pin_list>
<pin id="172" dir="0" index="0" bw="32" slack="2147483647"/>
<pin id="173" dir="0" index="1" bw="32" slack="2147483647"/>
<pin id="174" dir="0" index="2" bw="32" slack="2147483647"/>
<pin id="175" dir="1" index="3" bw="32" slack="2147483647"/>
</pin_list>
<bind>
<opcode="call(48) " fcode="call"/>
<opset="tmp_1/114 "/>
</bind>
</comp>

<comp id="176" class="1004" name="grp_fu_176">
<pin_list>
<pin id="177" dir="0" index="0" bw="32" slack="2147483647"/>
<pin id="178" dir="0" index="1" bw="32" slack="2147483647"/>
<pin id="179" dir="1" index="2" bw="32" slack="2147483647"/>
</pin_list>
<bind>
<opcode="fadd(9) " fcode="fadd"/>
<opset="somme/14 somme_176/18 somme_177/22 somme_178/26 somme_179/30 somme_180/34 somme_181/38 somme_182/42 somme_183/46 somme_184/50 somme_185/54 somme_186/58 somme_187/62 somme_188/66 somme_189/70 somme_190/74 somme_191/78 somme_192/82 somme_193/86 somme_194/90 somme_195/94 somme_196/98 somme_197/102 somme_198/106 somme_199/110 somme_26/6 somme_27/10 somme_28/14 somme_29/18 somme_30/22 somme_31/26 somme_32/30 somme_33/34 somme_34/38 somme_35/42 somme_36/46 somme_37/50 somme_38/54 somme_39/58 somme_40/62 somme_41/66 somme_42/70 somme_43/74 somme_44/78 somme_45/82 somme_46/86 somme_47/90 somme_48/94 somme_49/98 somme_50/102 somme_51/106 somme_52/110 somme_53/114 somme_54/118 somme_55/122 somme_56/126 somme_57/130 somme_58/134 somme_59/138 somme_60/142 somme_61/146 somme_62/150 somme_63/154 somme_64/159 somme_65/163 somme_66/167 somme_67/171 somme_68/175 somme_69/179 somme_70/183 somme_71/187 somme_72/191 somme_73/195 somme_74/199 somme_75/203 somme_76/207 somme_77/211 somme_78/215 somme_79/219 somme_80/223 somme_81/227 somme_82/231 somme_83/235 somme_84/239 somme_85/243 somme_86/247 somme_87/251 somme_88/255 somme_89/259 somme_90/263 somme_91/267 somme_92/271 somme_93/275 somme_94/279 somme_95/283 somme_96/287 somme_97/291 somme_98/295 somme_99/299 somme_100/303 somme_101/307 somme_102/312 somme_103/316 somme_104/320 somme_105/324 somme_106/328 somme_107/332 somme_108/336 somme_109/340 somme_110/344 somme_111/348 somme_112/352 somme_113/356 somme_114/360 somme_115/364 somme_116/368 somme_117/372 somme_118/376 somme_119/380 somme_120/384 somme_121/388 somme_122/392 somme_123/396 somme_124/400 somme_125/404 somme_126/408 somme_127/412 somme_128/416 somme_129/420 somme_130/424 somme_131/428 somme_132/432 somme_133/436 somme_134/440 somme_135/444 somme_136/448 somme_137/452 somme_138/456 somme_139/460 somme_140/465 somme_141/469 somme_142/473 somme_143/477 somme_144/481 somme_145/485 somme_146/489 somme_147/493 somme_148/497 somme_149/501 somme_150/505 somme_151/509 somme_152/513 somme_153/517 somme_154/521 somme_155/525 somme_156/529 somme_157/533 somme_158/537 somme_159/541 somme_160/545 somme_161/549 somme_162/553 somme_163/557 somme_164/561 somme_165/565 somme_166/569 somme_167/573 somme_168/577 somme_169/581 somme_170/585 somme_171/589 somme_172/593 somme_173/597 somme_174/601 somme_175/605 somme_1/5 somme_2/9 somme_3/13 somme_4/17 somme_5/21 somme_6/25 somme_7/29 somme_8/33 somme_9/37 somme_10/41 somme_11/45 somme_12/49 somme_13/53 somme_14/58 somme_15/62 somme_16/66 somme_17/70 somme_18/74 somme_19/78 somme_20/82 somme_21/86 somme_22/90 somme_23/94 somme_24/98 somme_25/102 "/>
</bind>
</comp>

<comp id="180" class="1004" name="grp_fu_180">
<pin_list>
<pin id="181" dir="0" index="0" bw="32" slack="2147483647"/>
<pin id="182" dir="0" index="1" bw="32" slack="2147483647"/>
<pin id="183" dir="1" index="2" bw="32" slack="2147483647"/>
</pin_list>
<bind>
<opcode="fmul(13) " fcode="fmul"/>
<opset="mul1/12 mul27_s/13 mul27_5/14 mul27_6/15 mul27_7/16 mul27_1/17 mul27_1_1/18 mul27_1_2/19 mul27_1_3/20 mul27_1_4/21 mul27_2/22 mul27_2_1/23 mul27_2_2/24 mul27_2_3/25 mul27_2_4/26 mul27_3/27 mul27_3_1/28 mul27_3_2/29 mul27_3_3/30 mul27_3_4/31 mul27_4/32 mul27_4_1/33 mul27_4_2/34 mul27_4_3/35 mul27_4_4/36 mul2/4 mul3/5 mul4/6 mul5/7 mul6/8 mul7/9 mul82_s/10 mul102_s/11 mul122_s/12 mul142_s/13 mul162_s/14 mul182_s/15 mul82_5/16 mul102_5/17 mul122_5/18 mul142_5/19 mul162_5/20 mul182_5/21 mul82_6/22 mul102_6/23 mul122_6/24 mul142_6/25 mul162_6/26 mul182_6/27 mul82_7/28 mul102_7/29 mul122_7/30 mul142_7/31 mul162_7/32 mul182_7/33 mul82_1/34 mul102_1/35 mul122_1/36 mul142_1/37 mul162_1/38 mul182_1/39 mul82_1_1/40 mul102_1_1/41 mul122_1_1/42 mul142_1_1/43 mul162_1_1/44 mul182_1_1/45 mul82_1_2/46 mul102_1_2/47 mul122_1_2/48 mul142_1_2/49 mul162_1_2/50 mul182_1_2/51 mul82_1_3/52 mul102_1_3/53 mul122_1_3/54 mul142_1_3/55 mul162_1_3/56 mul182_1_3/57 mul82_1_4/58 mul102_1_4/59 mul122_1_4/60 mul142_1_4/61 mul162_1_4/62 mul182_1_4/63 mul82_2/64 mul102_2/65 mul122_2/66 mul142_2/67 mul162_2/68 mul182_2/69 mul82_2_1/70 mul102_2_1/71 mul122_2_1/72 mul142_2_1/73 mul162_2_1/74 mul182_2_1/75 mul82_2_2/76 mul102_2_2/77 mul122_2_2/78 mul142_2_2/79 mul162_2_2/80 mul182_2_2/81 mul82_2_3/82 mul102_2_3/83 mul122_2_3/84 mul142_2_3/85 mul162_2_3/86 mul182_2_3/87 mul82_2_4/88 mul102_2_4/89 mul122_2_4/90 mul142_2_4/91 mul162_2_4/92 mul182_2_4/93 mul82_3/94 mul102_3/95 mul122_3/96 mul142_3/97 mul162_3/98 mul182_3/99 mul82_3_1/100 mul102_3_1/101 mul122_3_1/102 mul142_3_1/103 mul162_3_1/104 mul182_3_1/105 mul82_3_2/106 mul102_3_2/107 mul122_3_2/108 mul142_3_2/109 mul162_3_2/110 mul182_3_2/111 mul82_3_3/112 mul102_3_3/113 mul122_3_3/114 mul142_3_3/115 mul162_3_3/116 mul182_3_3/117 mul82_3_4/118 mul102_3_4/119 mul122_3_4/120 mul142_3_4/121 mul162_3_4/122 mul182_3_4/123 mul82_4/124 mul102_4/125 mul122_4/126 mul142_4/127 mul162_4/128 mul182_4/129 mul82_4_1/130 mul102_4_1/131 mul122_4_1/132 mul142_4_1/133 mul162_4_1/134 mul182_4_1/135 mul82_4_2/136 mul102_4_2/137 mul122_4_2/138 mul142_4_2/139 mul162_4_2/140 mul182_4_2/141 mul82_4_3/142 mul102_4_3/143 mul122_4_3/144 mul142_4_3/145 mul162_4_3/146 mul182_4_3/147 mul82_4_4/148 mul102_4_4/149 mul122_4_4/150 mul142_4_4/151 mul162_4_4/152 mul182_4_4/153 mul236_s/3 mul236_49_s/4 mul236_49_5/5 mul236_49_6/6 mul236_49_7/7 mul236_49_1/8 mul236_49_1_1/9 mul236_49_1_2/10 mul236_49_1_3/11 mul236_49_1_4/12 mul236_49_2/13 mul236_49_2_1/14 mul236_49_2_2/15 mul236_49_2_3/16 mul236_49_2_4/17 mul236_49_3/18 mul236_49_3_1/19 mul236_49_3_2/20 mul236_49_3_3/21 mul236_49_3_4/22 mul236_49_4/23 mul236_49_4_1/24 mul236_49_4_2/25 mul236_49_4_3/26 mul236_49_4_4/27 "/>
</bind>
</comp>

</comp_list>

<net_list>
<net id="80"><net_src comp="18" pin="0"/><net_sink comp="76" pin=0"/></net>

<net id="81"><net_src comp="14" pin="0"/><net_sink comp="76" pin=1"/></net>

<net id="86"><net_src comp="18" pin="0"/><net_sink comp="82" pin=0"/></net>

<net id="87"><net_src comp="2" pin="0"/><net_sink comp="82" pin=1"/></net>

<net id="93"><net_src comp="30" pin="0"/><net_sink comp="88" pin=0"/></net>

<net id="94"><net_src comp="32" pin="0"/><net_sink comp="88" pin=2"/></net>

<net id="95"><net_src comp="36" pin="0"/><net_sink comp="88" pin=0"/></net>

<net id="104"><net_src comp="20" pin="0"/><net_sink comp="96" pin=0"/></net>

<net id="105"><net_src comp="0" pin="0"/><net_sink comp="96" pin=1"/></net>

<net id="106"><net_src comp="8" pin="0"/><net_sink comp="96" pin=2"/></net>

<net id="107"><net_src comp="82" pin="2"/><net_sink comp="96" pin=3"/></net>

<net id="108"><net_src comp="4" pin="0"/><net_sink comp="96" pin=4"/></net>

<net id="109"><net_src comp="16" pin="0"/><net_sink comp="96" pin=5"/></net>

<net id="117"><net_src comp="28" pin="0"/><net_sink comp="110" pin=0"/></net>

<net id="118"><net_src comp="10" pin="0"/><net_sink comp="110" pin=1"/></net>

<net id="119"><net_src comp="4" pin="0"/><net_sink comp="110" pin=2"/></net>

<net id="120"><net_src comp="6" pin="0"/><net_sink comp="110" pin=3"/></net>

<net id="121"><net_src comp="16" pin="0"/><net_sink comp="110" pin=4"/></net>

<net id="130"><net_src comp="34" pin="0"/><net_sink comp="122" pin=0"/></net>

<net id="131"><net_src comp="0" pin="0"/><net_sink comp="122" pin=1"/></net>

<net id="132"><net_src comp="6" pin="0"/><net_sink comp="122" pin=2"/></net>

<net id="133"><net_src comp="12" pin="0"/><net_sink comp="122" pin=4"/></net>

<net id="134"><net_src comp="16" pin="0"/><net_sink comp="122" pin=5"/></net>

<net id="141"><net_src comp="22" pin="0"/><net_sink comp="135" pin=0"/></net>

<net id="142"><net_src comp="76" pin="2"/><net_sink comp="135" pin=1"/></net>

<net id="143"><net_src comp="24" pin="0"/><net_sink comp="135" pin=2"/></net>

<net id="144"><net_src comp="26" pin="0"/><net_sink comp="135" pin=3"/></net>

<net id="152"><net_src comp="0" pin="0"/><net_sink comp="148" pin=0"/></net>

<net id="153"><net_src comp="145" pin="1"/><net_sink comp="148" pin=1"/></net>

<net id="154"><net_src comp="148" pin="2"/><net_sink comp="88" pin=1"/></net>

<net id="158"><net_src comp="82" pin="2"/><net_sink comp="155" pin=0"/></net>

<net id="159"><net_src comp="155" pin="1"/><net_sink comp="96" pin=3"/></net>

<net id="163"><net_src comp="135" pin="4"/><net_sink comp="160" pin=0"/></net>

<net id="164"><net_src comp="160" pin="1"/><net_sink comp="145" pin=0"/></net>

<net id="165"><net_src comp="160" pin="1"/><net_sink comp="122" pin=3"/></net>

<net id="169"><net_src comp="148" pin="2"/><net_sink comp="166" pin=0"/></net>

<net id="170"><net_src comp="166" pin="1"/><net_sink comp="88" pin=1"/></net>

</net_list>

</model> 
---------------- Datapath Model END ------------------

* FSMD analyzer results:
  - Output states:
	Port: gmem | {4 5 6 7 8 9 10 11 }
	Port: Layer2_Neurons_CPU | {1 2 }
	Port: Layer3_Neurons_CPU | {3 4 }
 - Input state : 
	Port: cnn_lenet : gmem | {1 2 }
	Port: cnn_lenet : Layer1_Neurons_CPU | {1 }
	Port: cnn_lenet : Layer2_Neurons_CPU | {3 4 }
	Port: cnn_lenet : Layer3_Neurons_CPU | {5 6 }
	Port: cnn_lenet : Layer1_Weights_CPU | {1 2 }
	Port: cnn_lenet : Layer2_Weights_CPU | {3 4 }
	Port: cnn_lenet : Layer3_Weights_CPU | {5 6 }
	Port: cnn_lenet : Layer4_Neurons_CPU | {1 }
	Port: cnn_lenet : sigmoidLUT_1 | {1 2 3 4 5 6 }
  - Chain level:
	State 1
	State 2
	State 3
	State 4
		gmem_addr : 1
		empty : 2
	State 5
	State 6
	State 7
	State 8
	State 9
	State 10
	State 11


============================================================
+ Verbose Summary: Datapath Resource usage 
============================================================

* Functional unit list:
|----------|------------------------------------------------------------------------------------|---------|---------|---------|---------|
| Operation|                                   Functional Unit                                  |   DSP   |  Delay  |    FF   |   LUT   |
|----------|------------------------------------------------------------------------------------|---------|---------|---------|---------|
|          | grp_cnn_lenet_Pipeline_calculateLayer2_loop_OutputRow_Loop_OutputColumn_Loop_fu_96 |    18   |  29.266 |   4931  |   3883  |
|   call   |        grp_cnn_lenet_Pipeline_calculateLayer3_loop_row_Loop_col_loop_fu_110        |    17   | 159.241 |  24164  |  14658  |
|          |                 grp_cnn_lenet_Pipeline_calculateLayer4_loop_fu_122                 |    16   | 46.6707 |   5058  |   3782  |
|          |                                 grp_SIGMOID_fu_171                                 |    11   |  6.352  |   488   |   1275  |
|----------|------------------------------------------------------------------------------------|---------|---------|---------|---------|
|   fadd   |                                     grp_fu_176                                     |    2    |    0    |   227   |   403   |
|----------|------------------------------------------------------------------------------------|---------|---------|---------|---------|
|   fmul   |                                     grp_fu_180                                     |    3    |    0    |   128   |   320   |
|----------|------------------------------------------------------------------------------------|---------|---------|---------|---------|
|   read   |                         Layer4_Neurons_CPU_read_read_fu_76                         |    0    |    0    |    0    |    0    |
|          |                         Layer1_Neurons_CPU_read_read_fu_82                         |    0    |    0    |    0    |    0    |
|----------|------------------------------------------------------------------------------------|---------|---------|---------|---------|
| writeresp|                                 grp_writeresp_fu_88                                |    0    |    0    |    0    |    0    |
|----------|------------------------------------------------------------------------------------|---------|---------|---------|---------|
|partselect|                                   trunc_ln_fu_135                                  |    0    |    0    |    0    |    0    |
|----------|------------------------------------------------------------------------------------|---------|---------|---------|---------|
|   sext   |                                  sext_ln70_fu_145                                  |    0    |    0    |    0    |    0    |
|----------|------------------------------------------------------------------------------------|---------|---------|---------|---------|
|   Total  |                                                                                    |    67   |  241.53 |  34996  |  24321  |
|----------|------------------------------------------------------------------------------------|---------|---------|---------|---------|

Memories:
+------------+--------+--------+--------+
|            |  BRAM  |   FF   |   LUT  |
+------------+--------+--------+--------+
|sigmoidLUT_1|    1   |    0   |    0   |
+------------+--------+--------+--------+
|    Total   |    1   |    0   |    0   |
+------------+--------+--------+--------+

* Register list:
+-------------------------------+--------+
|                               |   FF   |
+-------------------------------+--------+
|Layer1_Neurons_CPU_read_reg_155|   64   |
|       gmem_addr_reg_166       |   32   |
|        trunc_ln_reg_160       |   62   |
+-------------------------------+--------+
|             Total             |   158  |
+-------------------------------+--------+

* Multiplexer (MUX) list: 
|------------------------------------------------------------------------------------|------|------|------|--------||---------||---------|
|                                        Comp                                        |  Pin | Size |  BW  | S x BW ||  Delay  ||   LUT   |
|------------------------------------------------------------------------------------|------|------|------|--------||---------||---------|
|                                 grp_writeresp_fu_88                                |  p0  |   2  |   1  |    2   |
|                                 grp_writeresp_fu_88                                |  p1  |   2  |  32  |   64   ||    9    |
| grp_cnn_lenet_Pipeline_calculateLayer2_loop_OutputRow_Loop_OutputColumn_Loop_fu_96 |  p3  |   2  |  64  |   128  ||    9    |
|------------------------------------------------------------------------------------|------|------|------|--------||---------||---------|
|                                        Total                                       |      |      |      |   194  ||  4.764  ||    18   |
|------------------------------------------------------------------------------------|------|------|------|--------||---------||---------|



* Summary:
+-----------+--------+--------+--------+--------+--------+
|           |  BRAM  |   DSP  |  Delay |   FF   |   LUT  |
+-----------+--------+--------+--------+--------+--------+
|  Function |    -   |   67   |   241  |  34996 |  24321 |
|   Memory  |    1   |    -   |    -   |    0   |    0   |
|Multiplexer|    -   |    -   |    4   |    -   |   18   |
|  Register |    -   |    -   |    -   |   158  |    -   |
+-----------+--------+--------+--------+--------+--------+
|   Total   |    1   |   67   |   246  |  35154 |  24339 |
+-----------+--------+--------+--------+--------+--------+
