

================================================================
== Vitis HLS Report for 'cnn_lenet_Pipeline_calculateLayer3_loop_row_Loop_col_loop'
================================================================
* Date:           Thu Jan 30 14:34:26 2025

* Version:        2023.2 (Build 4023990 on Oct 11 2023)
* Project:        CNN_lenet5
* Solution:       solution7 (Vivado IP Flow Target)
* Product family: zynq
* Target device:  xc7z020-clg484-1


================================================================
== Performance Estimates
================================================================
+ Timing: 
    * Summary: 
    +--------+----------+-----------+------------+
    |  Clock |  Target  | Estimated | Uncertainty|
    +--------+----------+-----------+------------+
    |ap_clk  |  20.00 ns|  15.327 ns|     5.40 ns|
    +--------+----------+-----------+------------+

+ Latency: 
    * Summary: 
    +---------+---------+----------+----------+--------+--------+---------+
    |  Latency (cycles) |  Latency (absolute) |     Interval    | Pipeline|
    |   min   |   max   |    min   |    max   |   min  |   max  |   Type  |
    +---------+---------+----------+----------+--------+--------+---------+
    |   190467|   190467|  3.809 ms|  3.809 ms|  190467|  190467|       no|
    +---------+---------+----------+----------+--------+--------+---------+

    + Detail: 
        * Instance: 
        +---------------------+---------+---------+---------+----------+----------+-----+-----+---------+
        |                     |         |  Latency (cycles) |  Latency (absolute) |  Interval | Pipeline|
        |       Instance      |  Module |   min   |   max   |    min   |    max   | min | max |   Type  |
        +---------------------+---------+---------+---------+----------+----------+-----+-----+---------+
        |grp_SIGMOID_fu_2895  |SIGMOID  |        9|        9|  0.180 us|  0.180 us|    1|    1|      yes|
        +---------------------+---------+---------+---------+----------+----------+-----+-----+---------+

        * Loop: 
        +------------------------------------------+---------+---------+----------+-----------+-----------+------+----------+
        |                                          |  Latency (cycles) | Iteration|  Initiation Interval  | Trip |          |
        |                 Loop Name                |   min   |   max   |  Latency |  achieved |   target  | Count| Pipelined|
        +------------------------------------------+---------+---------+----------+-----------+-----------+------+----------+
        |- calculateLayer3_loop_row_Loop_col_loop  |   190465|   190465|       618|        152|        152|  1250|       yes|
        +------------------------------------------+---------+---------+----------+-----------+-----------+------+----------+



================================================================
== Utilization Estimates
================================================================
* Summary: 
+-----------------+---------+-----+--------+-------+-----+
|       Name      | BRAM_18K| DSP |   FF   |  LUT  | URAM|
+-----------------+---------+-----+--------+-------+-----+
|DSP              |        -|    1|       -|      -|    -|
|Expression       |        -|    -|       0|   4772|    -|
|FIFO             |        -|    -|       -|      -|    -|
|Instance         |        -|    0|       0|     77|    -|
|Memory           |        -|    -|       -|      -|    -|
|Multiplexer      |        -|    -|       -|   5501|    -|
|Register         |        -|    -|   15155|   1664|    -|
+-----------------+---------+-----+--------+-------+-----+
|Total            |        0|    1|   15155|  12014|    0|
+-----------------+---------+-----+--------+-------+-----+
|Available        |      280|  220|  106400|  53200|    0|
+-----------------+---------+-----+--------+-------+-----+
|Utilization (%)  |        0|   ~0|      14|     22|    0|
+-----------------+---------+-----+--------+-------+-----+

+ Detail: 
    * Instance: 
    +------------------------+--------------------+---------+----+---+----+-----+
    |        Instance        |       Module       | BRAM_18K| DSP| FF| LUT| URAM|
    +------------------------+--------------------+---------+----+---+----+-----+
    |mul_3ns_6ns_8_1_1_U27   |mul_3ns_6ns_8_1_1   |        0|   0|  0|  26|    0|
    |mul_6ns_9ns_14_1_1_U26  |mul_6ns_9ns_14_1_1  |        0|   0|  0|  51|    0|
    +------------------------+--------------------+---------+----+---+----+-----+
    |Total                   |                    |        0|   0|  0|  77|    0|
    +------------------------+--------------------+---------+----+---+----+-----+

    * DSP: 
    +-----------------------------------+-------------------------------+--------------+
    |              Instance             |             Module            |  Expression  |
    +-----------------------------------+-------------------------------+--------------+
    |mac_muladd_6ns_5ns_3ns_11_4_1_U28  |mac_muladd_6ns_5ns_3ns_11_4_1  |  i0 * i1 + i2|
    +-----------------------------------+-------------------------------+--------------+

    * Memory: 
    N/A

    * FIFO: 
    N/A

    * Expression: 
    +--------------------------+----------+----+---+----+------------+------------+
    |       Variable Name      | Operation| DSP| FF| LUT| Bitwidth P0| Bitwidth P1|
    +--------------------------+----------+----+---+----+------------+------------+
    |add_ln49_1_fu_3395_p2     |         +|   0|  0|  14|           6|           1|
    |add_ln49_fu_3377_p2       |         +|   0|  0|  12|          11|           1|
    |add_ln50_1_fu_3443_p2     |         +|   0|  0|  14|           6|           1|
    |add_ln50_fu_3502_p2       |         +|   0|  0|  11|           3|           1|
    |add_ln51_fu_3611_p2       |         +|   0|  0|  11|           3|           1|
    |add_ln56_10_fu_4690_p2    |         +|   0|  0|  14|           7|           7|
    |add_ln56_11_fu_4970_p2    |         +|   0|  0|  15|           8|           8|
    |add_ln56_12_fu_5122_p2    |         +|   0|  0|  15|           8|           8|
    |add_ln56_13_fu_5284_p2    |         +|   0|  0|  15|           8|           8|
    |add_ln56_14_fu_5459_p2    |         +|   0|  0|  15|           8|           8|
    |add_ln56_15_fu_5610_p2    |         +|   0|  0|  15|           8|           8|
    |add_ln56_16_fu_5759_p2    |         +|   0|  0|  15|           8|           8|
    |add_ln56_17_fu_5907_p2    |         +|   0|  0|  15|           8|           8|
    |add_ln56_18_fu_6065_p2    |         +|   0|  0|  15|           8|           8|
    |add_ln56_19_fu_6239_p2    |         +|   0|  0|  15|           8|           8|
    |add_ln56_1_fu_3820_p2     |         +|   0|  0|  14|           7|           7|
    |add_ln56_20_fu_6387_p2    |         +|   0|  0|  15|           8|           8|
    |add_ln56_21_fu_6535_p2    |         +|   0|  0|  15|           8|           8|
    |add_ln56_22_fu_6725_p2    |         +|   0|  0|  15|           8|           8|
    |add_ln56_23_fu_6863_p2    |         +|   0|  0|  15|           8|           8|
    |add_ln56_24_fu_7035_p2    |         +|   0|  0|  15|           8|           8|
    |add_ln56_25_fu_7182_p2    |         +|   0|  0|  15|           8|           8|
    |add_ln56_26_fu_7329_p2    |         +|   0|  0|  15|           8|           8|
    |add_ln56_27_fu_7402_p2    |         +|   0|  0|  15|           8|           8|
    |add_ln56_2_fu_3979_p2     |         +|   0|  0|  13|           4|           2|
    |add_ln56_3_fu_3992_p2     |         +|   0|  0|  14|           7|           7|
    |add_ln56_4_fu_4146_p2     |         +|   0|  0|  13|           4|           2|
    |add_ln56_5_fu_4159_p2     |         +|   0|  0|  14|           7|           7|
    |add_ln56_6_fu_4313_p2     |         +|   0|  0|  13|           4|           3|
    |add_ln56_7_fu_4326_p2     |         +|   0|  0|  14|           7|           7|
    |add_ln56_8_fu_4490_p2     |         +|   0|  0|  14|           7|           7|
    |add_ln56_9_fu_4670_p2     |         +|   0|  0|  15|           8|           8|
    |add_ln56_fu_3589_p2       |         +|   0|  0|  14|           7|           7|
    |add_ln57_10_fu_5295_p2    |         +|   0|  0|  14|           9|           9|
    |add_ln57_11_fu_5468_p2    |         +|   0|  0|  14|           9|           9|
    |add_ln57_12_fu_5620_p2    |         +|   0|  0|  14|           9|           9|
    |add_ln57_13_fu_5768_p2    |         +|   0|  0|  14|           9|           9|
    |add_ln57_14_fu_5916_p2    |         +|   0|  0|  14|           9|           9|
    |add_ln57_15_fu_6075_p2    |         +|   0|  0|  14|           9|           9|
    |add_ln57_16_fu_6248_p2    |         +|   0|  0|  14|           9|           9|
    |add_ln57_17_fu_6396_p2    |         +|   0|  0|  14|           9|           9|
    |add_ln57_18_fu_6544_p2    |         +|   0|  0|  14|           9|           9|
    |add_ln57_19_fu_6658_p2    |         +|   0|  0|  14|           9|           9|
    |add_ln57_1_fu_3830_p2     |         +|   0|  0|  14|           9|           9|
    |add_ln57_20_fu_6670_p2    |         +|   0|  0|  14|           9|           9|
    |add_ln57_21_fu_6675_p2    |         +|   0|  0|  14|           9|           9|
    |add_ln57_22_fu_6680_p2    |         +|   0|  0|  14|           9|           9|
    |add_ln57_23_fu_6685_p2    |         +|   0|  0|  14|           9|           9|
    |add_ln57_24_fu_6690_p2    |         +|   0|  0|  14|           9|           9|
    |add_ln57_2_fu_4002_p2     |         +|   0|  0|  14|           9|           9|
    |add_ln57_3_fu_4169_p2     |         +|   0|  0|  14|           9|           9|
    |add_ln57_4_fu_4336_p2     |         +|   0|  0|  14|           9|           9|
    |add_ln57_5_fu_4500_p2     |         +|   0|  0|  14|           9|           9|
    |add_ln57_6_fu_4681_p2     |         +|   0|  0|  14|           9|           9|
    |add_ln57_7_fu_4828_p2     |         +|   0|  0|  14|           9|           9|
    |add_ln57_8_fu_4980_p2     |         +|   0|  0|  14|           9|           9|
    |add_ln57_9_fu_5132_p2     |         +|   0|  0|  14|           9|           9|
    |add_ln57_fu_3600_p2       |         +|   0|  0|  14|           9|           9|
    |add_ln58_10_fu_5345_p2    |         +|   0|  0|  14|           9|           9|
    |add_ln58_11_fu_5507_p2    |         +|   0|  0|  14|           9|           9|
    |add_ln58_12_fu_5659_p2    |         +|   0|  0|  14|           9|           9|
    |add_ln58_13_fu_5807_p2    |         +|   0|  0|  14|           9|           9|
    |add_ln58_14_fu_5955_p2    |         +|   0|  0|  14|           9|           9|
    |add_ln58_15_fu_6125_p2    |         +|   0|  0|  14|           9|           9|
    |add_ln58_16_fu_6287_p2    |         +|   0|  0|  14|           9|           9|
    |add_ln58_17_fu_6435_p2    |         +|   0|  0|  14|           9|           9|
    |add_ln58_18_fu_6583_p2    |         +|   0|  0|  14|           9|           9|
    |add_ln58_19_fu_6662_p2    |         +|   0|  0|  14|           9|           9|
    |add_ln58_1_fu_3878_p2     |         +|   0|  0|  14|           9|           9|
    |add_ln58_20_fu_6917_p2    |         +|   0|  0|  15|           8|           8|
    |add_ln58_21_fu_7078_p2    |         +|   0|  0|  15|           8|           8|
    |add_ln58_22_fu_7225_p2    |         +|   0|  0|  15|           8|           8|
    |add_ln58_23_fu_7372_p2    |         +|   0|  0|  15|           8|           8|
    |add_ln58_24_fu_7406_p2    |         +|   0|  0|  15|           8|           8|
    |add_ln58_2_fu_4045_p2     |         +|   0|  0|  14|           9|           9|
    |add_ln58_3_fu_4212_p2     |         +|   0|  0|  14|           9|           9|
    |add_ln58_4_fu_4379_p2     |         +|   0|  0|  14|           9|           9|
    |add_ln58_5_fu_4550_p2     |         +|   0|  0|  14|           9|           9|
    |add_ln58_6_fu_4724_p2     |         +|   0|  0|  14|           9|           9|
    |add_ln58_7_fu_4867_p2     |         +|   0|  0|  14|           9|           9|
    |add_ln58_8_fu_5019_p2     |         +|   0|  0|  14|           9|           9|
    |add_ln58_9_fu_5171_p2     |         +|   0|  0|  14|           9|           9|
    |add_ln58_fu_3667_p2       |         +|   0|  0|  14|           9|           9|
    |add_ln59_10_fu_5355_p2    |         +|   0|  0|  13|          10|          10|
    |add_ln59_11_fu_5516_p2    |         +|   0|  0|  13|          10|          10|
    |add_ln59_12_fu_5668_p2    |         +|   0|  0|  13|          10|          10|
    |add_ln59_13_fu_5816_p2    |         +|   0|  0|  13|          10|          10|
    |add_ln59_14_fu_5964_p2    |         +|   0|  0|  13|          10|          10|
    |add_ln59_15_fu_6135_p2    |         +|   0|  0|  13|          10|          10|
    |add_ln59_16_fu_6296_p2    |         +|   0|  0|  13|          10|          10|
    |add_ln59_17_fu_6444_p2    |         +|   0|  0|  13|          10|          10|
    |add_ln59_18_fu_6592_p2    |         +|   0|  0|  13|          10|          10|
    |add_ln59_19_fu_6772_p2    |         +|   0|  0|  13|          10|          10|
    |add_ln59_1_fu_3887_p2     |         +|   0|  0|  13|          10|          10|
    |add_ln59_20_fu_6931_p2    |         +|   0|  0|  13|          10|          10|
    |add_ln59_21_fu_7091_p2    |         +|   0|  0|  13|          10|          10|
    |add_ln59_22_fu_7238_p2    |         +|   0|  0|  13|          10|          10|
    |add_ln59_23_fu_7385_p2    |         +|   0|  0|  13|          10|          10|
    |add_ln59_24_fu_7410_p2    |         +|   0|  0|  13|          10|          10|
    |add_ln59_2_fu_4054_p2     |         +|   0|  0|  13|          10|          10|
    |add_ln59_3_fu_4221_p2     |         +|   0|  0|  13|          10|          10|
    |add_ln59_4_fu_4388_p2     |         +|   0|  0|  13|          10|          10|
    |add_ln59_5_fu_4560_p2     |         +|   0|  0|  13|          10|          10|
    |add_ln59_6_fu_4733_p2     |         +|   0|  0|  13|          10|          10|
    |add_ln59_7_fu_4876_p2     |         +|   0|  0|  13|          10|          10|
    |add_ln59_8_fu_5028_p2     |         +|   0|  0|  13|          10|          10|
    |add_ln59_9_fu_5180_p2     |         +|   0|  0|  13|          10|          10|
    |add_ln59_fu_3677_p2       |         +|   0|  0|  13|          10|          10|
    |add_ln60_10_fu_5405_p2    |         +|   0|  0|  13|          10|          10|
    |add_ln60_11_fu_5555_p2    |         +|   0|  0|  13|          10|          10|
    |add_ln60_12_fu_5707_p2    |         +|   0|  0|  13|          10|          10|
    |add_ln60_13_fu_5855_p2    |         +|   0|  0|  13|          10|          10|
    |add_ln60_14_fu_6003_p2    |         +|   0|  0|  13|          10|          10|
    |add_ln60_15_fu_6185_p2    |         +|   0|  0|  13|          10|          10|
    |add_ln60_16_fu_6335_p2    |         +|   0|  0|  13|          10|          10|
    |add_ln60_17_fu_6483_p2    |         +|   0|  0|  13|          10|          10|
    |add_ln60_18_fu_6636_p2    |         +|   0|  0|  13|          10|          10|
    |add_ln60_19_fu_6811_p2    |         +|   0|  0|  13|          10|          10|
    |add_ln60_1_fu_3927_p2     |         +|   0|  0|  13|          10|          10|
    |add_ln60_20_fu_6981_p2    |         +|   0|  0|  13|          10|          10|
    |add_ln60_21_fu_7130_p2    |         +|   0|  0|  13|          10|          10|
    |add_ln60_22_fu_7277_p2    |         +|   0|  0|  13|          10|          10|
    |add_ln60_23_fu_7394_p2    |         +|   0|  0|  13|          10|          10|
    |add_ln60_24_fu_7414_p2    |         +|   0|  0|  13|          10|          10|
    |add_ln60_2_fu_4094_p2     |         +|   0|  0|  13|          10|          10|
    |add_ln60_3_fu_4261_p2     |         +|   0|  0|  13|          10|          10|
    |add_ln60_4_fu_4428_p2     |         +|   0|  0|  13|          10|          10|
    |add_ln60_5_fu_4610_p2     |         +|   0|  0|  13|          10|          10|
    |add_ln60_6_fu_4772_p2     |         +|   0|  0|  13|          10|          10|
    |add_ln60_7_fu_4915_p2     |         +|   0|  0|  13|          10|          10|
    |add_ln60_8_fu_5067_p2     |         +|   0|  0|  13|          10|          10|
    |add_ln60_9_fu_5219_p2     |         +|   0|  0|  13|          10|          10|
    |add_ln60_fu_3738_p2       |         +|   0|  0|  13|          10|          10|
    |add_ln61_10_fu_5415_p2    |         +|   0|  0|  14|           9|           9|
    |add_ln61_11_fu_5564_p2    |         +|   0|  0|  14|           9|           9|
    |add_ln61_12_fu_5716_p2    |         +|   0|  0|  14|           9|           9|
    |add_ln61_13_fu_5864_p2    |         +|   0|  0|  14|           9|           9|
    |add_ln61_14_fu_6012_p2    |         +|   0|  0|  14|           9|           9|
    |add_ln61_15_fu_6195_p2    |         +|   0|  0|  14|           9|           9|
    |add_ln61_16_fu_6344_p2    |         +|   0|  0|  14|           9|           9|
    |add_ln61_17_fu_6492_p2    |         +|   0|  0|  14|           9|           9|
    |add_ln61_18_fu_6645_p2    |         +|   0|  0|  14|           9|           9|
    |add_ln61_19_fu_6666_p2    |         +|   0|  0|  14|           9|           9|
    |add_ln61_1_fu_3936_p2     |         +|   0|  0|  14|           9|           9|
    |add_ln61_20_fu_6991_p2    |         +|   0|  0|  15|           8|           8|
    |add_ln61_21_fu_7139_p2    |         +|   0|  0|  15|           8|           8|
    |add_ln61_22_fu_7286_p2    |         +|   0|  0|  15|           8|           8|
    |add_ln61_23_fu_7398_p2    |         +|   0|  0|  15|           8|           8|
    |add_ln61_24_fu_7418_p2    |         +|   0|  0|  15|           8|           8|
    |add_ln61_2_fu_4103_p2     |         +|   0|  0|  14|           9|           9|
    |add_ln61_3_fu_4270_p2     |         +|   0|  0|  14|           9|           9|
    |add_ln61_4_fu_4437_p2     |         +|   0|  0|  14|           9|           9|
    |add_ln61_5_fu_4620_p2     |         +|   0|  0|  14|           9|           9|
    |add_ln61_6_fu_4781_p2     |         +|   0|  0|  14|           9|           9|
    |add_ln61_7_fu_4924_p2     |         +|   0|  0|  14|           9|           9|
    |add_ln61_8_fu_5076_p2     |         +|   0|  0|  14|           9|           9|
    |add_ln61_9_fu_5228_p2     |         +|   0|  0|  14|           9|           9|
    |add_ln61_fu_3748_p2       |         +|   0|  0|  14|           9|           9|
    |add_ln64_1_fu_3762_p2     |         +|   0|  0|  13|           5|           5|
    |add_ln64_fu_3772_p2       |         +|   0|  0|  12|          11|          11|
    |empty_100_fu_5629_p2      |         +|   0|  0|  14|          13|           7|
    |empty_101_fu_5639_p2      |         +|   0|  0|  14|          13|           7|
    |empty_102_fu_5677_p2      |         +|   0|  0|  14|          13|           7|
    |empty_103_fu_5687_p2      |         +|   0|  0|  14|          13|           7|
    |empty_104_fu_5729_p2      |         +|   0|  0|  14|          13|           7|
    |empty_105_fu_5739_p2      |         +|   0|  0|  14|          13|           7|
    |empty_106_fu_5777_p2      |         +|   0|  0|  14|          13|           7|
    |empty_107_fu_5787_p2      |         +|   0|  0|  14|          13|           7|
    |empty_108_fu_5825_p2      |         +|   0|  0|  14|          13|           7|
    |empty_109_fu_5835_p2      |         +|   0|  0|  14|          13|           7|
    |empty_110_fu_5877_p2      |         +|   0|  0|  14|          13|           7|
    |empty_111_fu_5887_p2      |         +|   0|  0|  14|          13|           7|
    |empty_112_fu_5925_p2      |         +|   0|  0|  14|          13|           7|
    |empty_113_fu_5935_p2      |         +|   0|  0|  14|          13|           7|
    |empty_114_fu_5973_p2      |         +|   0|  0|  14|          13|           7|
    |empty_115_fu_5983_p2      |         +|   0|  0|  14|          13|           7|
    |empty_116_fu_6025_p2      |         +|   0|  0|  14|          13|           7|
    |empty_117_fu_6035_p2      |         +|   0|  0|  14|          13|           7|
    |empty_118_fu_6085_p2      |         +|   0|  0|  14|          13|           7|
    |empty_119_fu_6095_p2      |         +|   0|  0|  14|          13|           7|
    |empty_120_fu_6145_p2      |         +|   0|  0|  14|          13|           7|
    |empty_121_fu_6155_p2      |         +|   0|  0|  14|          13|           7|
    |empty_122_fu_6209_p2      |         +|   0|  0|  14|          13|           7|
    |empty_123_fu_6219_p2      |         +|   0|  0|  14|          13|           7|
    |empty_124_fu_6257_p2      |         +|   0|  0|  14|          13|           7|
    |empty_125_fu_6267_p2      |         +|   0|  0|  14|          13|           7|
    |empty_126_fu_6305_p2      |         +|   0|  0|  14|          13|           7|
    |empty_127_fu_6315_p2      |         +|   0|  0|  14|          13|           7|
    |empty_128_fu_6357_p2      |         +|   0|  0|  14|          13|           7|
    |empty_129_fu_6367_p2      |         +|   0|  0|  14|          13|           7|
    |empty_130_fu_6405_p2      |         +|   0|  0|  14|          13|           7|
    |empty_131_fu_6415_p2      |         +|   0|  0|  14|          13|           7|
    |empty_132_fu_6453_p2      |         +|   0|  0|  14|          13|           7|
    |empty_133_fu_6463_p2      |         +|   0|  0|  14|          13|           7|
    |empty_134_fu_6505_p2      |         +|   0|  0|  14|          13|           7|
    |empty_135_fu_6515_p2      |         +|   0|  0|  14|          13|           7|
    |empty_136_fu_6553_p2      |         +|   0|  0|  14|          13|           7|
    |empty_137_fu_6563_p2      |         +|   0|  0|  14|          13|           7|
    |empty_138_fu_6601_p2      |         +|   0|  0|  14|          13|           7|
    |empty_139_fu_6611_p2      |         +|   0|  0|  14|          13|           7|
    |empty_140_fu_6695_p2      |         +|   0|  0|  14|          13|           7|
    |empty_141_fu_6705_p2      |         +|   0|  0|  14|          13|           7|
    |empty_142_fu_6738_p2      |         +|   0|  0|  14|          13|           7|
    |empty_143_fu_6748_p2      |         +|   0|  0|  14|          13|           7|
    |empty_144_fu_6791_p2      |         +|   0|  0|  14|          13|           7|
    |empty_145_fu_6828_p2      |         +|   0|  0|  14|          13|           7|
    |empty_146_fu_6838_p2      |         +|   0|  0|  14|          13|           7|
    |empty_147_fu_6877_p2      |         +|   0|  0|  14|          13|           7|
    |empty_148_fu_6887_p2      |         +|   0|  0|  14|          13|           7|
    |empty_149_fu_6941_p2      |         +|   0|  0|  14|          13|           7|
    |empty_150_fu_6951_p2      |         +|   0|  0|  14|          13|           7|
    |empty_151_fu_7005_p2      |         +|   0|  0|  14|          13|           8|
    |empty_152_fu_7015_p2      |         +|   0|  0|  14|          13|           8|
    |empty_153_fu_7048_p2      |         +|   0|  0|  14|          13|           8|
    |empty_154_fu_7058_p2      |         +|   0|  0|  14|          13|           8|
    |empty_155_fu_7100_p2      |         +|   0|  0|  14|          13|           8|
    |empty_156_fu_7110_p2      |         +|   0|  0|  14|          13|           8|
    |empty_157_fu_7152_p2      |         +|   0|  0|  14|          13|           8|
    |empty_158_fu_7162_p2      |         +|   0|  0|  14|          13|           8|
    |empty_159_fu_7195_p2      |         +|   0|  0|  14|          13|           8|
    |empty_160_fu_7205_p2      |         +|   0|  0|  14|          13|           8|
    |empty_161_fu_7247_p2      |         +|   0|  0|  14|          13|           8|
    |empty_162_fu_7257_p2      |         +|   0|  0|  14|          13|           8|
    |empty_163_fu_7299_p2      |         +|   0|  0|  14|          13|           8|
    |empty_164_fu_7309_p2      |         +|   0|  0|  14|          13|           8|
    |empty_165_fu_7342_p2      |         +|   0|  0|  14|          13|           8|
    |empty_166_fu_7352_p2      |         +|   0|  0|  14|          13|           8|
    |empty_167_fu_7422_p2      |         +|   0|  0|  14|          13|           8|
    |empty_168_fu_7432_p2      |         +|   0|  0|  14|          13|           8|
    |empty_169_fu_7464_p2      |         +|   0|  0|  14|          13|           8|
    |empty_170_fu_7474_p2      |         +|   0|  0|  14|          13|           8|
    |empty_171_fu_7502_p2      |         +|   0|  0|  14|          13|           8|
    |empty_172_fu_7512_p2      |         +|   0|  0|  14|          13|           8|
    |empty_173_fu_7544_p2      |         +|   0|  0|  14|          13|           8|
    |empty_176_fu_3567_p2      |         +|   0|  0|  14|           9|           8|
    |empty_177_fu_3650_p2      |         +|   0|  0|  14|           9|           9|
    |empty_178_fu_3655_p2      |         +|   0|  0|  13|          10|           9|
    |empty_179_fu_3723_p2      |         +|   0|  0|  13|          10|          10|
    |empty_180_fu_3728_p2      |         +|   0|  0|  14|           9|           9|
    |empty_181_fu_4475_p2      |         +|   0|  0|  14|           7|           4|
    |empty_182_fu_4480_p2      |         +|   0|  0|  14|           9|           8|
    |empty_183_fu_4535_p2      |         +|   0|  0|  14|           9|           9|
    |empty_184_fu_4540_p2      |         +|   0|  0|  13|          10|          10|
    |empty_185_fu_4595_p2      |         +|   0|  0|  13|          10|          10|
    |empty_186_fu_4600_p2      |         +|   0|  0|  14|           9|           9|
    |empty_187_fu_5266_p2      |         +|   0|  0|  15|           8|           5|
    |empty_188_fu_5271_p2      |         +|   0|  0|  14|           9|           8|
    |empty_189_fu_5330_p2      |         +|   0|  0|  14|           9|           9|
    |empty_190_fu_5335_p2      |         +|   0|  0|  13|          10|          10|
    |empty_191_fu_5390_p2      |         +|   0|  0|  13|          10|          10|
    |empty_192_fu_5395_p2      |         +|   0|  0|  14|           9|           9|
    |empty_193_fu_6050_p2      |         +|   0|  0|  15|           8|           6|
    |empty_194_fu_6055_p2      |         +|   0|  0|  14|           9|           8|
    |empty_195_fu_6110_p2      |         +|   0|  0|  14|           9|           9|
    |empty_196_fu_6115_p2      |         +|   0|  0|  13|          10|          10|
    |empty_197_fu_6170_p2      |         +|   0|  0|  13|          10|          10|
    |empty_198_fu_6175_p2      |         +|   0|  0|  14|           9|           9|
    |empty_199_fu_6853_p2      |         +|   0|  0|  15|           8|           6|
    |empty_200_fu_6626_p2      |         +|   0|  0|  14|           9|           8|
    |empty_201_fu_6902_p2      |         +|   0|  0|  15|           8|           8|
    |empty_202_fu_6907_p2      |         +|   0|  0|  13|          10|          10|
    |empty_203_fu_6966_p2      |         +|   0|  0|  13|          10|          10|
    |empty_204_fu_6971_p2      |         +|   0|  0|  15|           8|           8|
    |empty_25_fu_6781_p2       |         +|   0|  0|  14|          13|           7|
    |empty_28_fu_3627_p2       |         +|   0|  0|  14|          13|           3|
    |empty_29_fu_3637_p2       |         +|   0|  0|  14|          13|           3|
    |empty_30_fu_3688_p2       |         +|   0|  0|  14|          13|           3|
    |empty_31_fu_3698_p2       |         +|   0|  0|  14|          13|           3|
    |empty_32_fu_3777_p2       |         +|   0|  0|  14|          13|           4|
    |empty_33_fu_3787_p2       |         +|   0|  0|  14|          13|           4|
    |empty_34_fu_3845_p2       |         +|   0|  0|  14|          13|           4|
    |empty_35_fu_3855_p2       |         +|   0|  0|  14|          13|           4|
    |empty_36_fu_3897_p2       |         +|   0|  0|  14|          13|           4|
    |empty_37_fu_3907_p2       |         +|   0|  0|  14|          13|           4|
    |empty_38_fu_3949_p2       |         +|   0|  0|  14|          13|           4|
    |empty_39_fu_3959_p2       |         +|   0|  0|  14|          13|           4|
    |empty_40_fu_4012_p2       |         +|   0|  0|  14|          13|           5|
    |empty_41_fu_4022_p2       |         +|   0|  0|  14|          13|           5|
    |empty_42_fu_4064_p2       |         +|   0|  0|  14|          13|           5|
    |empty_43_fu_4074_p2       |         +|   0|  0|  14|          13|           5|
    |empty_44_fu_4116_p2       |         +|   0|  0|  14|          13|           5|
    |empty_45_fu_4126_p2       |         +|   0|  0|  14|          13|           5|
    |empty_46_fu_4179_p2       |         +|   0|  0|  14|          13|           5|
    |empty_47_fu_4189_p2       |         +|   0|  0|  14|          13|           5|
    |empty_48_fu_4231_p2       |         +|   0|  0|  14|          13|           5|
    |empty_49_fu_4241_p2       |         +|   0|  0|  14|          13|           5|
    |empty_50_fu_4283_p2       |         +|   0|  0|  14|          13|           5|
    |empty_51_fu_4293_p2       |         +|   0|  0|  14|          13|           5|
    |empty_52_fu_4346_p2       |         +|   0|  0|  14|          13|           5|
    |empty_53_fu_4356_p2       |         +|   0|  0|  14|          13|           5|
    |empty_54_fu_4398_p2       |         +|   0|  0|  14|          13|           5|
    |empty_55_fu_4408_p2       |         +|   0|  0|  14|          13|           5|
    |empty_56_fu_4450_p2       |         +|   0|  0|  14|          13|           6|
    |empty_57_fu_4460_p2       |         +|   0|  0|  14|          13|           6|
    |empty_58_fu_4510_p2       |         +|   0|  0|  14|          13|           6|
    |empty_59_fu_4520_p2       |         +|   0|  0|  14|          13|           6|
    |empty_60_fu_4570_p2       |         +|   0|  0|  14|          13|           6|
    |empty_61_fu_4580_p2       |         +|   0|  0|  14|          13|           6|
    |empty_62_fu_4634_p2       |         +|   0|  0|  14|          13|           6|
    |empty_63_fu_4644_p2       |         +|   0|  0|  14|          13|           6|
    |empty_64_fu_4694_p2       |         +|   0|  0|  14|          13|           6|
    |empty_65_fu_4704_p2       |         +|   0|  0|  14|          13|           6|
    |empty_66_fu_4742_p2       |         +|   0|  0|  14|          13|           6|
    |empty_67_fu_4752_p2       |         +|   0|  0|  14|          13|           6|
    |empty_68_fu_4794_p2       |         +|   0|  0|  14|          13|           6|
    |empty_69_fu_4804_p2       |         +|   0|  0|  14|          13|           6|
    |empty_70_fu_4837_p2       |         +|   0|  0|  14|          13|           6|
    |empty_71_fu_4847_p2       |         +|   0|  0|  14|          13|           6|
    |empty_72_fu_4885_p2       |         +|   0|  0|  14|          13|           6|
    |empty_73_fu_4895_p2       |         +|   0|  0|  14|          13|           6|
    |empty_74_fu_4937_p2       |         +|   0|  0|  14|          13|           6|
    |empty_75_fu_4947_p2       |         +|   0|  0|  14|          13|           6|
    |empty_76_fu_4989_p2       |         +|   0|  0|  14|          13|           6|
    |empty_77_fu_4999_p2       |         +|   0|  0|  14|          13|           6|
    |empty_78_fu_5037_p2       |         +|   0|  0|  14|          13|           6|
    |empty_79_fu_5047_p2       |         +|   0|  0|  14|          13|           6|
    |empty_80_fu_5089_p2       |         +|   0|  0|  14|          13|           6|
    |empty_81_fu_5099_p2       |         +|   0|  0|  14|          13|           6|
    |empty_82_fu_5141_p2       |         +|   0|  0|  14|          13|           6|
    |empty_83_fu_5151_p2       |         +|   0|  0|  14|          13|           6|
    |empty_84_fu_5189_p2       |         +|   0|  0|  14|          13|           6|
    |empty_85_fu_5199_p2       |         +|   0|  0|  14|          13|           6|
    |empty_86_fu_5241_p2       |         +|   0|  0|  14|          13|           6|
    |empty_87_fu_5251_p2       |         +|   0|  0|  14|          13|           6|
    |empty_88_fu_5305_p2       |         +|   0|  0|  14|          13|           7|
    |empty_89_fu_5315_p2       |         +|   0|  0|  14|          13|           7|
    |empty_90_fu_5365_p2       |         +|   0|  0|  14|          13|           7|
    |empty_91_fu_5375_p2       |         +|   0|  0|  14|          13|           7|
    |empty_92_fu_5429_p2       |         +|   0|  0|  14|          13|           7|
    |empty_93_fu_5439_p2       |         +|   0|  0|  14|          13|           7|
    |empty_94_fu_5477_p2       |         +|   0|  0|  14|          13|           7|
    |empty_95_fu_5487_p2       |         +|   0|  0|  14|          13|           7|
    |empty_96_fu_5525_p2       |         +|   0|  0|  14|          13|           7|
    |empty_97_fu_5535_p2       |         +|   0|  0|  14|          13|           7|
    |empty_98_fu_5577_p2       |         +|   0|  0|  14|          13|           7|
    |empty_99_fu_5587_p2       |         +|   0|  0|  14|          13|           7|
    |and_ln28_fu_3496_p2       |       and|   0|  0|   2|           1|           1|
    |icmp_ln49_fu_3371_p2      |      icmp|   0|  0|  12|          11|          11|
    |icmp_ln50_fu_3389_p2      |      icmp|   0|  0|  14|           6|           5|
    |icmp_ln51_fu_3490_p2      |      icmp|   0|  0|  11|           3|           3|
    |empty_23_fu_3432_p2       |        or|   0|  0|  13|          13|           1|
    |empty_26_fu_3529_p2       |        or|   0|  0|  13|          13|           2|
    |empty_27_fu_3539_p2       |        or|   0|  0|  13|          13|           2|
    |or_ln28_fu_3508_p2        |        or|   0|  0|   2|           1|           1|
    |or_ln56_fu_3807_p2        |        or|   0|  0|   4|           4|           1|
    |select_ln28_1_fu_3513_p3  |    select|   0|  0|   3|           1|           1|
    |select_ln28_fu_3478_p3    |    select|   0|  0|   3|           1|           1|
    |select_ln49_fu_3401_p3    |    select|   0|  0|   6|           1|           6|
    |select_ln50_1_fu_3449_p3  |    select|   0|  0|   6|           1|           1|
    |select_ln50_fu_3521_p3    |    select|   0|  0|   3|           1|           3|
    |ap_enable_pp0             |       xor|   0|  0|   2|           1|           2|
    |xor_ln28_fu_3485_p2       |       xor|   0|  0|   2|           1|           2|
    +--------------------------+----------+----+---+----+------------+------------+
    |Total                     |          |   0|  0|4772|        3662|        2625|
    +--------------------------+----------+----+---+----+------------+------------+

    * Multiplexer: 
    +----------------------------------------+-----+-----------+-----+-----------+
    |                  Name                  | LUT | Input Size| Bits| Total Bits|
    +----------------------------------------+-----+-----------+-----+-----------+
    |Layer2_Neurons_CPU_address0             |  369|         76|   10|        760|
    |Layer2_Neurons_CPU_address1             |  369|         76|   10|        760|
    |Layer2_Weights_CPU_Addr_A_orig          |  377|         77|   32|       2464|
    |Layer2_Weights_CPU_Addr_B_orig          |  369|         76|   32|       2432|
    |ap_NS_fsm                               |  817|        153|    1|        153|
    |ap_done_int                             |    9|          2|    1|          2|
    |ap_enable_reg_pp0_iter0                 |    9|          2|    1|          2|
    |ap_enable_reg_pp0_iter1                 |    9|          2|    1|          2|
    |ap_enable_reg_pp0_iter4                 |    9|          2|    1|          2|
    |ap_loop_exit_ready_pp0_iter1_reg        |    9|          2|    1|          2|
    |ap_loop_exit_ready_pp0_iter2_reg        |    9|          2|    1|          2|
    |ap_loop_exit_ready_pp0_iter3_reg        |    9|          2|    1|          2|
    |ap_sig_allocacmp_i_1_load               |    9|          2|    6|         12|
    |ap_sig_allocacmp_indvar_flatten25_load  |    9|          2|    6|         12|
    |ap_sig_allocacmp_indvar_flatten38_load  |    9|          2|   11|         22|
    |grp_fu_2902_p0                          |   37|          7|   32|        224|
    |grp_fu_2902_p1                          |  759|        142|   32|       4544|
    |grp_fu_2906_p0                          |  806|        151|   32|       4832|
    |grp_fu_2906_p1                          |  806|        151|   32|       4832|
    |i_1_fu_448                              |    9|          2|    6|         12|
    |indvar_flatten25_fu_444                 |    9|          2|    6|         12|
    |indvar_flatten38_fu_452                 |    9|          2|   11|         22|
    |j_fu_440                                |    9|          2|    3|          6|
    |k_fu_436                                |    9|          2|    3|          6|
    |reg_2914                                |    9|          2|   32|         64|
    |reg_2923                                |    9|          2|   32|         64|
    |reg_2932                                |    9|          2|   32|         64|
    |reg_2937                                |    9|          2|   32|         64|
    |reg_2942                                |    9|          2|   32|         64|
    |reg_2947                                |    9|          2|   32|         64|
    |reg_2957                                |    9|          2|   32|         64|
    |reg_2967                                |    9|          2|   32|         64|
    |reg_2972                                |    9|          2|   32|         64|
    |reg_2982                                |    9|          2|   32|         64|
    |reg_2987                                |    9|          2|   32|         64|
    |reg_2997                                |    9|          2|   32|         64|
    |reg_3002                                |    9|          2|   32|         64|
    |reg_3012                                |    9|          2|   32|         64|
    |reg_3017                                |    9|          2|   32|         64|
    |reg_3027                                |    9|          2|   32|         64|
    |reg_3032                                |    9|          2|   32|         64|
    |reg_3042                                |    9|          2|   32|         64|
    |reg_3047                                |    9|          2|   32|         64|
    |reg_3057                                |    9|          2|   32|         64|
    |reg_3062                                |    9|          2|   32|         64|
    |reg_3067                                |    9|          2|   32|         64|
    |reg_3072                                |    9|          2|   32|         64|
    |reg_3077                                |    9|          2|   32|         64|
    |reg_3082                                |    9|          2|   32|         64|
    |reg_3087                                |    9|          2|   32|         64|
    |reg_3092                                |    9|          2|   32|         64|
    |reg_3097                                |    9|          2|   32|         64|
    |reg_3102                                |    9|          2|   32|         64|
    |reg_3107                                |    9|          2|   32|         64|
    |reg_3112                                |    9|          2|   32|         64|
    |reg_3117                                |    9|          2|   32|         64|
    |reg_3122                                |    9|          2|   32|         64|
    |reg_3127                                |    9|          2|   32|         64|
    |reg_3132                                |    9|          2|   32|         64|
    |reg_3137                                |    9|          2|   32|         64|
    |reg_3142                                |    9|          2|   32|         64|
    |reg_3147                                |    9|          2|   32|         64|
    |reg_3152                                |    9|          2|   32|         64|
    |reg_3157                                |    9|          2|   32|         64|
    |reg_3162                                |    9|          2|   32|         64|
    |reg_3167                                |    9|          2|   32|         64|
    |reg_3172                                |    9|          2|   32|         64|
    |reg_3177                                |    9|          2|   32|         64|
    |reg_3182                                |    9|          2|   32|         64|
    |reg_3187                                |    9|          2|   32|         64|
    |reg_3192                                |    9|          2|   32|         64|
    |reg_3197                                |    9|          2|   32|         64|
    |reg_3202                                |    9|          2|   32|         64|
    |reg_3207                                |    9|          2|   32|         64|
    |reg_3212                                |    9|          2|   32|         64|
    |reg_3217                                |    9|          2|   32|         64|
    |reg_3222                                |    9|          2|   32|         64|
    |reg_3227                                |    9|          2|   32|         64|
    |reg_3232                                |    9|          2|   32|         64|
    |reg_3237                                |    9|          2|   32|         64|
    |reg_3242                                |    9|          2|   32|         64|
    |reg_3247                                |    9|          2|   32|         64|
    |reg_3252                                |    9|          2|   32|         64|
    |reg_3257                                |    9|          2|   32|         64|
    |reg_3262                                |    9|          2|   32|         64|
    |reg_3267                                |    9|          2|   32|         64|
    |reg_3272                                |    9|          2|   32|         64|
    |reg_3277                                |    9|          2|   32|         64|
    |reg_3282                                |    9|          2|   32|         64|
    |reg_3287                                |    9|          2|   32|         64|
    |reg_3292                                |    9|          2|   32|         64|
    |reg_3297                                |    9|          2|   32|         64|
    |reg_3302                                |    9|          2|   32|         64|
    |reg_3307                                |    9|          2|   32|         64|
    |reg_3312                                |    9|          2|   32|         64|
    |reg_3317                                |    9|          2|   32|         64|
    |reg_3322                                |    9|          2|   32|         64|
    +----------------------------------------+-----+-----------+-----+-----------+
    |Total                                   | 5501|       1085| 2608|      25791|
    +----------------------------------------+-----+-----------+-----+-----------+

    * Register: 
    +---------------------------------------+-----+----+-----+-----------+
    |                  Name                 |  FF | LUT| Bits| Const Bits|
    +---------------------------------------+-----+----+-----+-----------+
    |Layer2_Neurons_CPU_load_101_reg_10836  |   32|   0|   32|          0|
    |Layer2_Neurons_CPU_load_103_reg_10881  |   32|   0|   32|          0|
    |Layer2_Neurons_CPU_load_105_reg_10926  |   32|   0|   32|          0|
    |Layer2_Neurons_CPU_load_107_reg_10971  |   32|   0|   32|          0|
    |Layer2_Neurons_CPU_load_109_reg_11016  |   32|   0|   32|          0|
    |Layer2_Neurons_CPU_load_111_reg_11061  |   32|   0|   32|          0|
    |Layer2_Neurons_CPU_load_113_reg_11146  |   32|   0|   32|          0|
    |Layer2_Neurons_CPU_load_115_reg_11191  |   32|   0|   32|          0|
    |Layer2_Neurons_CPU_load_117_reg_11236  |   32|   0|   32|          0|
    |Layer2_Neurons_CPU_load_119_reg_11289  |   32|   0|   32|          0|
    |Layer2_Neurons_CPU_load_121_reg_11350  |   32|   0|   32|          0|
    |Layer2_Neurons_CPU_load_123_reg_11411  |   32|   0|   32|          0|
    |Layer2_Neurons_CPU_load_125_reg_11456  |   32|   0|   32|          0|
    |Layer2_Neurons_CPU_load_127_reg_11501  |   32|   0|   32|          0|
    |Layer2_Neurons_CPU_load_129_reg_11546  |   32|   0|   32|          0|
    |Layer2_Neurons_CPU_load_131_reg_11591  |   32|   0|   32|          0|
    |Layer2_Neurons_CPU_load_133_reg_11636  |   32|   0|   32|          0|
    |Layer2_Neurons_CPU_load_135_reg_11681  |   32|   0|   32|          0|
    |Layer2_Neurons_CPU_load_137_reg_11726  |   32|   0|   32|          0|
    |Layer2_Neurons_CPU_load_139_reg_11771  |   32|   0|   32|          0|
    |Layer2_Neurons_CPU_load_141_reg_11851  |   32|   0|   32|          0|
    |Layer2_Neurons_CPU_load_143_reg_11896  |   32|   0|   32|          0|
    |Layer2_Neurons_CPU_load_145_reg_11941  |   32|   0|   32|          0|
    |Layer2_Neurons_CPU_load_147_reg_11981  |   32|   0|   32|          0|
    |Layer2_Neurons_CPU_load_149_reg_12011  |   32|   0|   32|          0|
    |Layer2_Neurons_CPU_load_75_reg_10208   |   32|   0|   32|          0|
    |Layer2_Neurons_CPU_load_77_reg_10248   |   32|   0|   32|          0|
    |Layer2_Neurons_CPU_load_79_reg_10293   |   32|   0|   32|          0|
    |Layer2_Neurons_CPU_load_81_reg_10338   |   32|   0|   32|          0|
    |Layer2_Neurons_CPU_load_83_reg_10383   |   32|   0|   32|          0|
    |Layer2_Neurons_CPU_load_85_reg_10428   |   32|   0|   32|          0|
    |Layer2_Neurons_CPU_load_87_reg_10473   |   32|   0|   32|          0|
    |Layer2_Neurons_CPU_load_89_reg_10534   |   32|   0|   32|          0|
    |Layer2_Neurons_CPU_load_91_reg_10595   |   32|   0|   32|          0|
    |Layer2_Neurons_CPU_load_93_reg_10656   |   32|   0|   32|          0|
    |Layer2_Neurons_CPU_load_95_reg_10701   |   32|   0|   32|          0|
    |Layer2_Neurons_CPU_load_97_reg_10746   |   32|   0|   32|          0|
    |Layer2_Neurons_CPU_load_99_reg_10791   |   32|   0|   32|          0|
    |Layer2_Weights_CPU_load_101_reg_10776  |   32|   0|   32|          0|
    |Layer2_Weights_CPU_load_103_reg_10821  |   32|   0|   32|          0|
    |Layer2_Weights_CPU_load_105_reg_10866  |   32|   0|   32|          0|
    |Layer2_Weights_CPU_load_107_reg_10911  |   32|   0|   32|          0|
    |Layer2_Weights_CPU_load_109_reg_10956  |   32|   0|   32|          0|
    |Layer2_Weights_CPU_load_111_reg_11001  |   32|   0|   32|          0|
    |Layer2_Weights_CPU_load_113_reg_11046  |   32|   0|   32|          0|
    |Layer2_Weights_CPU_load_115_reg_11131  |   32|   0|   32|          0|
    |Layer2_Weights_CPU_load_117_reg_11176  |   32|   0|   32|          0|
    |Layer2_Weights_CPU_load_119_reg_11221  |   32|   0|   32|          0|
    |Layer2_Weights_CPU_load_121_reg_11266  |   32|   0|   32|          0|
    |Layer2_Weights_CPU_load_123_reg_11319  |   32|   0|   32|          0|
    |Layer2_Weights_CPU_load_125_reg_11380  |   32|   0|   32|          0|
    |Layer2_Weights_CPU_load_127_reg_11441  |   32|   0|   32|          0|
    |Layer2_Weights_CPU_load_129_reg_11486  |   32|   0|   32|          0|
    |Layer2_Weights_CPU_load_131_reg_11531  |   32|   0|   32|          0|
    |Layer2_Weights_CPU_load_133_reg_11576  |   32|   0|   32|          0|
    |Layer2_Weights_CPU_load_135_reg_11621  |   32|   0|   32|          0|
    |Layer2_Weights_CPU_load_137_reg_11666  |   32|   0|   32|          0|
    |Layer2_Weights_CPU_load_139_reg_11711  |   32|   0|   32|          0|
    |Layer2_Weights_CPU_load_141_reg_11756  |   32|   0|   32|          0|
    |Layer2_Weights_CPU_load_143_reg_11836  |   32|   0|   32|          0|
    |Layer2_Weights_CPU_load_145_reg_11881  |   32|   0|   32|          0|
    |Layer2_Weights_CPU_load_147_reg_11926  |   32|   0|   32|          0|
    |Layer2_Weights_CPU_load_149_reg_11966  |   32|   0|   32|          0|
    |Layer2_Weights_CPU_load_75_reg_10153   |   32|   0|   32|          0|
    |Layer2_Weights_CPU_load_77_reg_10193   |   32|   0|   32|          0|
    |Layer2_Weights_CPU_load_79_reg_10238   |   32|   0|   32|          0|
    |Layer2_Weights_CPU_load_81_reg_10278   |   32|   0|   32|          0|
    |Layer2_Weights_CPU_load_83_reg_10323   |   32|   0|   32|          0|
    |Layer2_Weights_CPU_load_85_reg_10368   |   32|   0|   32|          0|
    |Layer2_Weights_CPU_load_87_reg_10413   |   32|   0|   32|          0|
    |Layer2_Weights_CPU_load_89_reg_10458   |   32|   0|   32|          0|
    |Layer2_Weights_CPU_load_91_reg_10503   |   32|   0|   32|          0|
    |Layer2_Weights_CPU_load_93_reg_10564   |   32|   0|   32|          0|
    |Layer2_Weights_CPU_load_95_reg_10625   |   32|   0|   32|          0|
    |Layer2_Weights_CPU_load_97_reg_10686   |   32|   0|   32|          0|
    |Layer2_Weights_CPU_load_99_reg_10731   |   32|   0|   32|          0|
    |add_ln56_10_reg_9446                   |    7|   0|    7|          0|
    |add_ln56_27_reg_11796                  |    8|   0|    8|          0|
    |add_ln56_2_reg_8875                    |    3|   0|    4|          1|
    |add_ln56_4_reg_9005                    |    3|   0|    4|          1|
    |add_ln56_6_reg_9135                    |    3|   0|    4|          1|
    |add_ln57_19_reg_11076                  |    9|   0|    9|          0|
    |add_ln57_20_reg_11091                  |    9|   0|    9|          0|
    |add_ln57_21_reg_11096                  |    9|   0|    9|          0|
    |add_ln57_22_reg_11101                  |    9|   0|    9|          0|
    |add_ln57_23_reg_11106                  |    9|   0|    9|          0|
    |add_ln57_24_reg_11111                  |    9|   0|    9|          0|
    |add_ln58_19_reg_11081                  |    9|   0|    9|          0|
    |add_ln58_24_reg_11801                  |    8|   0|    8|          0|
    |add_ln59_24_reg_11806                  |   10|   0|   10|          0|
    |add_ln60_23_reg_11786                  |   10|   0|   10|          0|
    |add_ln60_24_reg_11811                  |   10|   0|   10|          0|
    |add_ln61_19_reg_11086                  |    9|   0|    9|          0|
    |add_ln61_23_reg_11791                  |    8|   0|    8|          0|
    |add_ln61_24_reg_11816                  |    8|   0|    8|          0|
    |add_ln64_reg_8720                      |   11|   0|   11|          0|
    |ap_CS_fsm                              |  152|   0|  152|          0|
    |ap_done_reg                            |    1|   0|    1|          0|
    |ap_enable_reg_pp0_iter0_reg            |    1|   0|    1|          0|
    |ap_enable_reg_pp0_iter1                |    1|   0|    1|          0|
    |ap_enable_reg_pp0_iter2                |    1|   0|    1|          0|
    |ap_enable_reg_pp0_iter3                |    1|   0|    1|          0|
    |ap_enable_reg_pp0_iter4                |    1|   0|    1|          0|
    |ap_loop_exit_ready_pp0_iter1_reg       |    1|   0|    1|          0|
    |ap_loop_exit_ready_pp0_iter2_reg       |    1|   0|    1|          0|
    |ap_loop_exit_ready_pp0_iter3_reg       |    1|   0|    1|          0|
    |empty_174_reg_8523                     |    8|   0|    8|          0|
    |empty_175_reg_8533                     |    7|   0|    7|          0|
    |empty_176_reg_8558                     |    9|   0|    9|          0|
    |empty_177_reg_8630                     |    9|   0|    9|          0|
    |empty_178_reg_8638                     |   10|   0|   10|          0|
    |empty_179_reg_8689                     |   10|   0|   10|          0|
    |empty_180_reg_8697                     |    9|   0|    9|          0|
    |empty_181_reg_9265                     |    7|   0|    7|          0|
    |empty_182_reg_9271                     |    9|   0|    9|          0|
    |empty_183_reg_9309                     |    9|   0|    9|          0|
    |empty_184_reg_9317                     |   10|   0|   10|          0|
    |empty_185_reg_9360                     |   10|   0|   10|          0|
    |empty_186_reg_9368                     |    9|   0|    9|          0|
    |empty_187_reg_9854                     |    8|   0|    8|          0|
    |empty_188_reg_9862                     |    9|   0|    9|          0|
    |empty_189_reg_9913                     |    9|   0|    9|          0|
    |empty_190_reg_9921                     |   10|   0|   10|          0|
    |empty_191_reg_9959                     |   10|   0|   10|          0|
    |empty_192_reg_9967                     |    9|   0|    9|          0|
    |empty_193_reg_10508                    |    8|   0|    8|          0|
    |empty_194_reg_10516                    |    9|   0|    9|          0|
    |empty_195_reg_10569                    |    9|   0|    9|          0|
    |empty_196_reg_10577                    |   10|   0|   10|          0|
    |empty_197_reg_10630                    |   10|   0|   10|          0|
    |empty_198_reg_10638                    |    9|   0|    9|          0|
    |empty_199_reg_11271                    |    8|   0|    8|          0|
    |empty_201_reg_11324                    |    8|   0|    8|          0|
    |empty_202_reg_11332                    |   10|   0|   10|          0|
    |empty_203_reg_11385                    |   10|   0|   10|          0|
    |empty_204_reg_11393                    |    8|   0|    8|          0|
    |empty_22_reg_8339                      |   13|   0|   13|          0|
    |grp_SIGMOID_fu_2895_ap_start_reg       |    1|   0|    1|          0|
    |i_1_fu_448                             |    6|   0|    6|          0|
    |icmp_ln49_reg_8323                     |    1|   0|    1|          0|
    |icmp_ln50_reg_8327                     |    1|   0|    1|          0|
    |indvar_flatten25_fu_444                |    6|   0|    6|          0|
    |indvar_flatten38_fu_452                |   11|   0|   11|          0|
    |j_fu_440                               |    3|   0|    3|          0|
    |k_fu_436                               |    3|   0|    3|          0|
    |mul102_1_1_reg_10283                   |   32|   0|   32|          0|
    |mul102_1_2_reg_10585                   |   32|   0|   32|          0|
    |mul102_1_3_reg_10871                   |   32|   0|   32|          0|
    |mul102_1_4_reg_11181                   |   32|   0|   32|          0|
    |mul102_1_4_reg_11181_pp0_iter1_reg     |   32|   0|   32|          0|
    |mul102_1_reg_10045                     |   32|   0|   32|          0|
    |mul102_2_1_reg_11761                   |   32|   0|   32|          0|
    |mul102_2_1_reg_11761_pp0_iter1_reg     |   32|   0|   32|          0|
    |mul102_2_2_reg_12021                   |   32|   0|   32|          0|
    |mul102_2_2_reg_12021_pp0_iter1_reg     |   32|   0|   32|          0|
    |mul102_2_3_reg_12111                   |   32|   0|   32|          0|
    |mul102_2_3_reg_12111_pp0_iter1_reg     |   32|   0|   32|          0|
    |mul102_2_4_reg_12201                   |   32|   0|   32|          0|
    |mul102_2_4_reg_12201_pp0_iter1_reg     |   32|   0|   32|          0|
    |mul102_2_reg_11491                     |   32|   0|   32|          0|
    |mul102_2_reg_11491_pp0_iter1_reg       |   32|   0|   32|          0|
    |mul102_3_1_reg_12381                   |   32|   0|   32|          0|
    |mul102_3_1_reg_12381_pp0_iter1_reg     |   32|   0|   32|          0|
    |mul102_3_2_reg_12471                   |   32|   0|   32|          0|
    |mul102_3_3_reg_12561                   |   32|   0|   32|          0|
    |mul102_3_4_reg_12651                   |   32|   0|   32|          0|
    |mul102_3_reg_12291                     |   32|   0|   32|          0|
    |mul102_3_reg_12291_pp0_iter1_reg       |   32|   0|   32|          0|
    |mul102_4_1_reg_12831                   |   32|   0|   32|          0|
    |mul102_4_2_reg_12921                   |   32|   0|   32|          0|
    |mul102_4_3_reg_13011                   |   32|   0|   32|          0|
    |mul102_4_4_reg_13101                   |   32|   0|   32|          0|
    |mul102_4_reg_12741                     |   32|   0|   32|          0|
    |mul102_5_reg_9325                      |   32|   0|   32|          0|
    |mul102_6_reg_9566                      |   32|   0|   32|          0|
    |mul102_7_reg_9784                      |   32|   0|   32|          0|
    |mul122_1_1_reg_10328                   |   32|   0|   32|          0|
    |mul122_1_2_reg_10646                   |   32|   0|   32|          0|
    |mul122_1_3_reg_10916                   |   32|   0|   32|          0|
    |mul122_1_4_reg_11226                   |   32|   0|   32|          0|
    |mul122_1_4_reg_11226_pp0_iter1_reg     |   32|   0|   32|          0|
    |mul122_2_1_reg_11841                   |   32|   0|   32|          0|
    |mul122_2_1_reg_11841_pp0_iter1_reg     |   32|   0|   32|          0|
    |mul122_2_2_reg_12036                   |   32|   0|   32|          0|
    |mul122_2_2_reg_12036_pp0_iter1_reg     |   32|   0|   32|          0|
    |mul122_2_3_reg_12126                   |   32|   0|   32|          0|
    |mul122_2_3_reg_12126_pp0_iter1_reg     |   32|   0|   32|          0|
    |mul122_2_4_reg_12216                   |   32|   0|   32|          0|
    |mul122_2_4_reg_12216_pp0_iter1_reg     |   32|   0|   32|          0|
    |mul122_2_reg_11536                     |   32|   0|   32|          0|
    |mul122_2_reg_11536_pp0_iter1_reg       |   32|   0|   32|          0|
    |mul122_3_1_reg_12396                   |   32|   0|   32|          0|
    |mul122_3_1_reg_12396_pp0_iter1_reg     |   32|   0|   32|          0|
    |mul122_3_2_reg_12486                   |   32|   0|   32|          0|
    |mul122_3_3_reg_12576                   |   32|   0|   32|          0|
    |mul122_3_4_reg_12666                   |   32|   0|   32|          0|
    |mul122_3_reg_12306                     |   32|   0|   32|          0|
    |mul122_3_reg_12306_pp0_iter1_reg       |   32|   0|   32|          0|
    |mul122_4_1_reg_12846                   |   32|   0|   32|          0|
    |mul122_4_2_reg_12936                   |   32|   0|   32|          0|
    |mul122_4_3_reg_13026                   |   32|   0|   32|          0|
    |mul122_4_4_reg_13116                   |   32|   0|   32|          0|
    |mul122_4_reg_12756                     |   32|   0|   32|          0|
    |mul122_5_reg_9376                      |   32|   0|   32|          0|
    |mul122_7_reg_9819                      |   32|   0|   32|          0|
    |mul142_1_1_reg_10373                   |   32|   0|   32|          0|
    |mul142_1_2_reg_10691                   |   32|   0|   32|          0|
    |mul142_1_3_reg_10961                   |   32|   0|   32|          0|
    |mul142_1_3_reg_10961_pp0_iter1_reg     |   32|   0|   32|          0|
    |mul142_1_4_reg_11279                   |   32|   0|   32|          0|
    |mul142_1_4_reg_11279_pp0_iter1_reg     |   32|   0|   32|          0|
    |mul142_1_reg_10118                     |   32|   0|   32|          0|
    |mul142_2_1_reg_11886                   |   32|   0|   32|          0|
    |mul142_2_1_reg_11886_pp0_iter1_reg     |   32|   0|   32|          0|
    |mul142_2_2_reg_12051                   |   32|   0|   32|          0|
    |mul142_2_2_reg_12051_pp0_iter1_reg     |   32|   0|   32|          0|
    |mul142_2_3_reg_12141                   |   32|   0|   32|          0|
    |mul142_2_3_reg_12141_pp0_iter1_reg     |   32|   0|   32|          0|
    |mul142_2_4_reg_12231                   |   32|   0|   32|          0|
    |mul142_2_4_reg_12231_pp0_iter1_reg     |   32|   0|   32|          0|
    |mul142_2_reg_11581                     |   32|   0|   32|          0|
    |mul142_2_reg_11581_pp0_iter1_reg       |   32|   0|   32|          0|
    |mul142_3_1_reg_12411                   |   32|   0|   32|          0|
    |mul142_3_1_reg_12411_pp0_iter1_reg     |   32|   0|   32|          0|
    |mul142_3_2_reg_12501                   |   32|   0|   32|          0|
    |mul142_3_3_reg_12591                   |   32|   0|   32|          0|
    |mul142_3_4_reg_12681                   |   32|   0|   32|          0|
    |mul142_3_reg_12321                     |   32|   0|   32|          0|
    |mul142_3_reg_12321_pp0_iter1_reg       |   32|   0|   32|          0|
    |mul142_4_1_reg_12861                   |   32|   0|   32|          0|
    |mul142_4_2_reg_12951                   |   32|   0|   32|          0|
    |mul142_4_3_reg_13041                   |   32|   0|   32|          0|
    |mul142_4_4_reg_13131                   |   32|   0|   32|          0|
    |mul142_4_reg_12771                     |   32|   0|   32|          0|
    |mul142_5_reg_9426                      |   32|   0|   32|          0|
    |mul142_6_reg_9640                      |   32|   0|   32|          0|
    |mul142_7_reg_9878                      |   32|   0|   32|          0|
    |mul142_s_reg_9125                      |   32|   0|   32|          0|
    |mul162_1_1_reg_10418                   |   32|   0|   32|          0|
    |mul162_1_2_reg_10736                   |   32|   0|   32|          0|
    |mul162_1_3_reg_11006                   |   32|   0|   32|          0|
    |mul162_1_3_reg_11006_pp0_iter1_reg     |   32|   0|   32|          0|
    |mul162_1_4_reg_11340                   |   32|   0|   32|          0|
    |mul162_1_4_reg_11340_pp0_iter1_reg     |   32|   0|   32|          0|
    |mul162_1_reg_10158                     |   32|   0|   32|          0|
    |mul162_2_1_reg_11931                   |   32|   0|   32|          0|
    |mul162_2_1_reg_11931_pp0_iter1_reg     |   32|   0|   32|          0|
    |mul162_2_2_reg_12066                   |   32|   0|   32|          0|
    |mul162_2_2_reg_12066_pp0_iter1_reg     |   32|   0|   32|          0|
    |mul162_2_3_reg_12156                   |   32|   0|   32|          0|
    |mul162_2_3_reg_12156_pp0_iter1_reg     |   32|   0|   32|          0|
    |mul162_2_4_reg_12246                   |   32|   0|   32|          0|
    |mul162_2_4_reg_12246_pp0_iter1_reg     |   32|   0|   32|          0|
    |mul162_2_reg_11626                     |   32|   0|   32|          0|
    |mul162_2_reg_11626_pp0_iter1_reg       |   32|   0|   32|          0|
    |mul162_3_1_reg_12426                   |   32|   0|   32|          0|
    |mul162_3_2_reg_12516                   |   32|   0|   32|          0|
    |mul162_3_3_reg_12606                   |   32|   0|   32|          0|
    |mul162_3_4_reg_12696                   |   32|   0|   32|          0|
    |mul162_3_reg_12336                     |   32|   0|   32|          0|
    |mul162_3_reg_12336_pp0_iter1_reg       |   32|   0|   32|          0|
    |mul162_4_1_reg_12876                   |   32|   0|   32|          0|
    |mul162_4_2_reg_12966                   |   32|   0|   32|          0|
    |mul162_4_3_reg_13056                   |   32|   0|   32|          0|
    |mul162_4_4_reg_13146                   |   32|   0|   32|          0|
    |mul162_4_reg_12786                     |   32|   0|   32|          0|
    |mul162_6_reg_9675                      |   32|   0|   32|          0|
    |mul162_s_reg_9182                      |   32|   0|   32|          0|
    |mul182_1_1_reg_10463                   |   32|   0|   32|          0|
    |mul182_1_2_reg_10781                   |   32|   0|   32|          0|
    |mul182_1_3_reg_11051                   |   32|   0|   32|          0|
    |mul182_1_3_reg_11051_pp0_iter1_reg     |   32|   0|   32|          0|
    |mul182_1_4_reg_11401                   |   32|   0|   32|          0|
    |mul182_1_4_reg_11401_pp0_iter1_reg     |   32|   0|   32|          0|
    |mul182_1_reg_10198                     |   32|   0|   32|          0|
    |mul182_2_1_reg_11971                   |   32|   0|   32|          0|
    |mul182_2_1_reg_11971_pp0_iter1_reg     |   32|   0|   32|          0|
    |mul182_2_2_reg_12081                   |   32|   0|   32|          0|
    |mul182_2_2_reg_12081_pp0_iter1_reg     |   32|   0|   32|          0|
    |mul182_2_3_reg_12171                   |   32|   0|   32|          0|
    |mul182_2_3_reg_12171_pp0_iter1_reg     |   32|   0|   32|          0|
    |mul182_2_4_reg_12261                   |   32|   0|   32|          0|
    |mul182_2_4_reg_12261_pp0_iter1_reg     |   32|   0|   32|          0|
    |mul182_2_reg_11671                     |   32|   0|   32|          0|
    |mul182_2_reg_11671_pp0_iter1_reg       |   32|   0|   32|          0|
    |mul182_3_1_reg_12441                   |   32|   0|   32|          0|
    |mul182_3_2_reg_12531                   |   32|   0|   32|          0|
    |mul182_3_3_reg_12621                   |   32|   0|   32|          0|
    |mul182_3_4_reg_12711                   |   32|   0|   32|          0|
    |mul182_3_reg_12351                     |   32|   0|   32|          0|
    |mul182_3_reg_12351_pp0_iter1_reg       |   32|   0|   32|          0|
    |mul182_4_1_reg_12891                   |   32|   0|   32|          0|
    |mul182_4_2_reg_12981                   |   32|   0|   32|          0|
    |mul182_4_3_reg_13071                   |   32|   0|   32|          0|
    |mul182_4_4_reg_13156                   |   32|   0|   32|          0|
    |mul182_4_reg_12801                     |   32|   0|   32|          0|
    |mul182_5_reg_9496                      |   32|   0|   32|          0|
    |mul182_6_reg_9710                      |   32|   0|   32|          0|
    |mul182_7_reg_9975                      |   32|   0|   32|          0|
    |mul182_s_reg_9230                      |   32|   0|   32|          0|
    |mul82_1_2_reg_10524                    |   32|   0|   32|          0|
    |mul82_1_3_reg_10826                    |   32|   0|   32|          0|
    |mul82_1_4_reg_11136                    |   32|   0|   32|          0|
    |mul82_1_4_reg_11136_pp0_iter1_reg      |   32|   0|   32|          0|
    |mul82_1_reg_10010                      |   32|   0|   32|          0|
    |mul82_2_1_reg_11716                    |   32|   0|   32|          0|
    |mul82_2_1_reg_11716_pp0_iter1_reg      |   32|   0|   32|          0|
    |mul82_2_2_reg_12001                    |   32|   0|   32|          0|
    |mul82_2_2_reg_12001_pp0_iter1_reg      |   32|   0|   32|          0|
    |mul82_2_3_reg_12096                    |   32|   0|   32|          0|
    |mul82_2_3_reg_12096_pp0_iter1_reg      |   32|   0|   32|          0|
    |mul82_2_4_reg_12186                    |   32|   0|   32|          0|
    |mul82_2_4_reg_12186_pp0_iter1_reg      |   32|   0|   32|          0|
    |mul82_2_reg_11446                      |   32|   0|   32|          0|
    |mul82_2_reg_11446_pp0_iter1_reg        |   32|   0|   32|          0|
    |mul82_3_1_reg_12366                    |   32|   0|   32|          0|
    |mul82_3_1_reg_12366_pp0_iter1_reg      |   32|   0|   32|          0|
    |mul82_3_2_reg_12456                    |   32|   0|   32|          0|
    |mul82_3_3_reg_12546                    |   32|   0|   32|          0|
    |mul82_3_4_reg_12636                    |   32|   0|   32|          0|
    |mul82_3_reg_12276                      |   32|   0|   32|          0|
    |mul82_3_reg_12276_pp0_iter1_reg        |   32|   0|   32|          0|
    |mul82_4_1_reg_12816                    |   32|   0|   32|          0|
    |mul82_4_2_reg_12906                    |   32|   0|   32|          0|
    |mul82_4_3_reg_12996                    |   32|   0|   32|          0|
    |mul82_4_4_reg_13086                    |   32|   0|   32|          0|
    |mul82_4_reg_12726                      |   32|   0|   32|          0|
    |mul82_6_reg_9531                       |   32|   0|   32|          0|
    |or_ln56_reg_8745                       |    3|   0|    4|          1|
    |p_cast14_reg_8617                      |    8|   0|   10|          2|
    |p_cast233_reg_8542                     |    8|   0|    9|          1|
    |p_cast40_reg_9411                      |    7|   0|    8|          1|
    |reg_2910                               |   32|   0|   32|          0|
    |reg_2914                               |   32|   0|   32|          0|
    |reg_2919                               |   32|   0|   32|          0|
    |reg_2923                               |   32|   0|   32|          0|
    |reg_2928                               |   32|   0|   32|          0|
    |reg_2932                               |   32|   0|   32|          0|
    |reg_2937                               |   32|   0|   32|          0|
    |reg_2942                               |   32|   0|   32|          0|
    |reg_2947                               |   32|   0|   32|          0|
    |reg_2952                               |   32|   0|   32|          0|
    |reg_2957                               |   32|   0|   32|          0|
    |reg_2962                               |   32|   0|   32|          0|
    |reg_2967                               |   32|   0|   32|          0|
    |reg_2972                               |   32|   0|   32|          0|
    |reg_2977                               |   32|   0|   32|          0|
    |reg_2982                               |   32|   0|   32|          0|
    |reg_2987                               |   32|   0|   32|          0|
    |reg_2992                               |   32|   0|   32|          0|
    |reg_2997                               |   32|   0|   32|          0|
    |reg_3002                               |   32|   0|   32|          0|
    |reg_3007                               |   32|   0|   32|          0|
    |reg_3012                               |   32|   0|   32|          0|
    |reg_3017                               |   32|   0|   32|          0|
    |reg_3022                               |   32|   0|   32|          0|
    |reg_3027                               |   32|   0|   32|          0|
    |reg_3032                               |   32|   0|   32|          0|
    |reg_3037                               |   32|   0|   32|          0|
    |reg_3042                               |   32|   0|   32|          0|
    |reg_3047                               |   32|   0|   32|          0|
    |reg_3052                               |   32|   0|   32|          0|
    |reg_3057                               |   32|   0|   32|          0|
    |reg_3062                               |   32|   0|   32|          0|
    |reg_3067                               |   32|   0|   32|          0|
    |reg_3072                               |   32|   0|   32|          0|
    |reg_3077                               |   32|   0|   32|          0|
    |reg_3082                               |   32|   0|   32|          0|
    |reg_3087                               |   32|   0|   32|          0|
    |reg_3092                               |   32|   0|   32|          0|
    |reg_3097                               |   32|   0|   32|          0|
    |reg_3102                               |   32|   0|   32|          0|
    |reg_3107                               |   32|   0|   32|          0|
    |reg_3112                               |   32|   0|   32|          0|
    |reg_3117                               |   32|   0|   32|          0|
    |reg_3122                               |   32|   0|   32|          0|
    |reg_3127                               |   32|   0|   32|          0|
    |reg_3132                               |   32|   0|   32|          0|
    |reg_3137                               |   32|   0|   32|          0|
    |reg_3142                               |   32|   0|   32|          0|
    |reg_3147                               |   32|   0|   32|          0|
    |reg_3152                               |   32|   0|   32|          0|
    |reg_3157                               |   32|   0|   32|          0|
    |reg_3162                               |   32|   0|   32|          0|
    |reg_3167                               |   32|   0|   32|          0|
    |reg_3172                               |   32|   0|   32|          0|
    |reg_3177                               |   32|   0|   32|          0|
    |reg_3182                               |   32|   0|   32|          0|
    |reg_3187                               |   32|   0|   32|          0|
    |reg_3192                               |   32|   0|   32|          0|
    |reg_3197                               |   32|   0|   32|          0|
    |reg_3202                               |   32|   0|   32|          0|
    |reg_3207                               |   32|   0|   32|          0|
    |reg_3212                               |   32|   0|   32|          0|
    |reg_3217                               |   32|   0|   32|          0|
    |reg_3222                               |   32|   0|   32|          0|
    |reg_3227                               |   32|   0|   32|          0|
    |reg_3232                               |   32|   0|   32|          0|
    |reg_3237                               |   32|   0|   32|          0|
    |reg_3242                               |   32|   0|   32|          0|
    |reg_3247                               |   32|   0|   32|          0|
    |reg_3252                               |   32|   0|   32|          0|
    |reg_3257                               |   32|   0|   32|          0|
    |reg_3262                               |   32|   0|   32|          0|
    |reg_3267                               |   32|   0|   32|          0|
    |reg_3272                               |   32|   0|   32|          0|
    |reg_3277                               |   32|   0|   32|          0|
    |reg_3282                               |   32|   0|   32|          0|
    |reg_3287                               |   32|   0|   32|          0|
    |reg_3292                               |   32|   0|   32|          0|
    |reg_3297                               |   32|   0|   32|          0|
    |reg_3302                               |   32|   0|   32|          0|
    |reg_3307                               |   32|   0|   32|          0|
    |reg_3312                               |   32|   0|   32|          0|
    |reg_3317                               |   32|   0|   32|          0|
    |reg_3322                               |   32|   0|   32|          0|
    |reg_3327                               |   32|   0|   32|          0|
    |reg_3332                               |   32|   0|   32|          0|
    |reg_3338                               |   32|   0|   32|          0|
    |select_ln28_1_reg_8502                 |    3|   0|    3|          0|
    |select_ln50_reg_8507                   |    3|   0|    3|          0|
    |somme_174_reg_13161                    |   32|   0|   32|          0|
    |tmp_3_reg_8566                         |    3|   0|    4|          1|
    |zext_ln56_11_reg_10110                 |    3|   0|    8|          5|
    |zext_ln56_12_reg_8932                  |    3|   0|   10|          7|
    |zext_ln56_13_reg_8881                  |    3|   0|    9|          6|
    |zext_ln56_14_reg_8897                  |    3|   0|    7|          4|
    |zext_ln56_16_reg_9631                  |    3|   0|    8|          5|
    |zext_ln56_17_reg_9057                  |    3|   0|   10|          7|
    |zext_ln56_18_reg_9011                  |    3|   0|    9|          6|
    |zext_ln56_1_reg_9870                   |    3|   0|    8|          5|
    |zext_ln56_21_reg_9745                  |    3|   0|    8|          5|
    |zext_ln56_22_reg_9192                  |    3|   0|   10|          7|
    |zext_ln56_23_reg_9141                  |    3|   0|    9|          6|
    |zext_ln56_2_reg_8651                   |    3|   0|   10|          7|
    |zext_ln56_3_reg_8576                   |    3|   0|    9|          6|
    |zext_ln56_4_reg_8592                   |    3|   0|    7|          4|
    |zext_ln56_6_reg_9417                   |    3|   0|    8|          5|
    |zext_ln56_7_reg_8802                   |    3|   0|   10|          7|
    |zext_ln56_8_reg_8751                   |    3|   0|    9|          6|
    |add_ln64_reg_8720                      |   64|  32|   11|          0|
    |icmp_ln49_reg_8323                     |   64|  32|    1|          0|
    |mul102_3_2_reg_12471                   |   64|  32|   32|          0|
    |mul102_3_3_reg_12561                   |   64|  32|   32|          0|
    |mul102_3_4_reg_12651                   |   64|  32|   32|          0|
    |mul102_4_1_reg_12831                   |   64|  32|   32|          0|
    |mul102_4_2_reg_12921                   |   64|  32|   32|          0|
    |mul102_4_3_reg_13011                   |   64|  32|   32|          0|
    |mul102_4_4_reg_13101                   |   64|  32|   32|          0|
    |mul102_4_reg_12741                     |   64|  32|   32|          0|
    |mul122_3_2_reg_12486                   |   64|  32|   32|          0|
    |mul122_3_3_reg_12576                   |   64|  32|   32|          0|
    |mul122_3_4_reg_12666                   |   64|  32|   32|          0|
    |mul122_4_1_reg_12846                   |   64|  32|   32|          0|
    |mul122_4_2_reg_12936                   |   64|  32|   32|          0|
    |mul122_4_3_reg_13026                   |   64|  32|   32|          0|
    |mul122_4_4_reg_13116                   |   64|  32|   32|          0|
    |mul122_4_reg_12756                     |   64|  32|   32|          0|
    |mul142_3_2_reg_12501                   |   64|  32|   32|          0|
    |mul142_3_3_reg_12591                   |   64|  32|   32|          0|
    |mul142_3_4_reg_12681                   |   64|  32|   32|          0|
    |mul142_4_1_reg_12861                   |   64|  32|   32|          0|
    |mul142_4_2_reg_12951                   |   64|  32|   32|          0|
    |mul142_4_3_reg_13041                   |   64|  32|   32|          0|
    |mul142_4_4_reg_13131                   |   64|  32|   32|          0|
    |mul142_4_reg_12771                     |   64|  32|   32|          0|
    |mul162_3_1_reg_12426                   |   64|  32|   32|          0|
    |mul162_3_2_reg_12516                   |   64|  32|   32|          0|
    |mul162_3_3_reg_12606                   |   64|  32|   32|          0|
    |mul162_3_4_reg_12696                   |   64|  32|   32|          0|
    |mul162_4_1_reg_12876                   |   64|  32|   32|          0|
    |mul162_4_2_reg_12966                   |   64|  32|   32|          0|
    |mul162_4_3_reg_13056                   |   64|  32|   32|          0|
    |mul162_4_4_reg_13146                   |   64|  32|   32|          0|
    |mul162_4_reg_12786                     |   64|  32|   32|          0|
    |mul182_3_1_reg_12441                   |   64|  32|   32|          0|
    |mul182_3_2_reg_12531                   |   64|  32|   32|          0|
    |mul182_3_3_reg_12621                   |   64|  32|   32|          0|
    |mul182_3_4_reg_12711                   |   64|  32|   32|          0|
    |mul182_4_1_reg_12891                   |   64|  32|   32|          0|
    |mul182_4_2_reg_12981                   |   64|  32|   32|          0|
    |mul182_4_3_reg_13071                   |   64|  32|   32|          0|
    |mul182_4_4_reg_13156                   |   64|  32|   32|          0|
    |mul182_4_reg_12801                     |   64|  32|   32|          0|
    |mul82_3_2_reg_12456                    |   64|  32|   32|          0|
    |mul82_3_3_reg_12546                    |   64|  32|   32|          0|
    |mul82_3_4_reg_12636                    |   64|  32|   32|          0|
    |mul82_4_1_reg_12816                    |   64|  32|   32|          0|
    |mul82_4_2_reg_12906                    |   64|  32|   32|          0|
    |mul82_4_3_reg_12996                    |   64|  32|   32|          0|
    |mul82_4_4_reg_13086                    |   64|  32|   32|          0|
    |mul82_4_reg_12726                      |   64|  32|   32|          0|
    +---------------------------------------+-----+----+-----+-----------+
    |Total                                  |15155|1664|13546|        107|
    +---------------------------------------+-----+----+-----+-----------+



================================================================
== Interface
================================================================
* Summary: 
+-----------------------------+-----+-----+------------+-----------------------------------------------------------+--------------+
|          RTL Ports          | Dir | Bits|  Protocol  |                       Source Object                       |    C Type    |
+-----------------------------+-----+-----+------------+-----------------------------------------------------------+--------------+
|ap_clk                       |   in|    1|  ap_ctrl_hs|  cnn_lenet_Pipeline_calculateLayer3_loop_row_Loop_col_loop|  return value|
|ap_rst                       |   in|    1|  ap_ctrl_hs|  cnn_lenet_Pipeline_calculateLayer3_loop_row_Loop_col_loop|  return value|
|ap_start                     |   in|    1|  ap_ctrl_hs|  cnn_lenet_Pipeline_calculateLayer3_loop_row_Loop_col_loop|  return value|
|ap_done                      |  out|    1|  ap_ctrl_hs|  cnn_lenet_Pipeline_calculateLayer3_loop_row_Loop_col_loop|  return value|
|ap_idle                      |  out|    1|  ap_ctrl_hs|  cnn_lenet_Pipeline_calculateLayer3_loop_row_Loop_col_loop|  return value|
|ap_ready                     |  out|    1|  ap_ctrl_hs|  cnn_lenet_Pipeline_calculateLayer3_loop_row_Loop_col_loop|  return value|
|grp_SIGMOID_fu_171_p_din1    |  out|   32|  ap_ctrl_hs|  cnn_lenet_Pipeline_calculateLayer3_loop_row_Loop_col_loop|  return value|
|grp_SIGMOID_fu_171_p_dout0   |   in|   32|  ap_ctrl_hs|  cnn_lenet_Pipeline_calculateLayer3_loop_row_Loop_col_loop|  return value|
|grp_SIGMOID_fu_171_p_ce      |  out|    1|  ap_ctrl_hs|  cnn_lenet_Pipeline_calculateLayer3_loop_row_Loop_col_loop|  return value|
|grp_SIGMOID_fu_171_p_start   |  out|    1|  ap_ctrl_hs|  cnn_lenet_Pipeline_calculateLayer3_loop_row_Loop_col_loop|  return value|
|grp_SIGMOID_fu_171_p_ready   |   in|    1|  ap_ctrl_hs|  cnn_lenet_Pipeline_calculateLayer3_loop_row_Loop_col_loop|  return value|
|grp_SIGMOID_fu_171_p_done    |   in|    1|  ap_ctrl_hs|  cnn_lenet_Pipeline_calculateLayer3_loop_row_Loop_col_loop|  return value|
|grp_SIGMOID_fu_171_p_idle    |   in|    1|  ap_ctrl_hs|  cnn_lenet_Pipeline_calculateLayer3_loop_row_Loop_col_loop|  return value|
|grp_fu_176_p_din0            |  out|   32|  ap_ctrl_hs|  cnn_lenet_Pipeline_calculateLayer3_loop_row_Loop_col_loop|  return value|
|grp_fu_176_p_din1            |  out|   32|  ap_ctrl_hs|  cnn_lenet_Pipeline_calculateLayer3_loop_row_Loop_col_loop|  return value|
|grp_fu_176_p_opcode          |  out|    2|  ap_ctrl_hs|  cnn_lenet_Pipeline_calculateLayer3_loop_row_Loop_col_loop|  return value|
|grp_fu_176_p_dout0           |   in|   32|  ap_ctrl_hs|  cnn_lenet_Pipeline_calculateLayer3_loop_row_Loop_col_loop|  return value|
|grp_fu_176_p_ce              |  out|    1|  ap_ctrl_hs|  cnn_lenet_Pipeline_calculateLayer3_loop_row_Loop_col_loop|  return value|
|grp_fu_180_p_din0            |  out|   32|  ap_ctrl_hs|  cnn_lenet_Pipeline_calculateLayer3_loop_row_Loop_col_loop|  return value|
|grp_fu_180_p_din1            |  out|   32|  ap_ctrl_hs|  cnn_lenet_Pipeline_calculateLayer3_loop_row_Loop_col_loop|  return value|
|grp_fu_180_p_dout0           |   in|   32|  ap_ctrl_hs|  cnn_lenet_Pipeline_calculateLayer3_loop_row_Loop_col_loop|  return value|
|grp_fu_180_p_ce              |  out|    1|  ap_ctrl_hs|  cnn_lenet_Pipeline_calculateLayer3_loop_row_Loop_col_loop|  return value|
|Layer2_Weights_CPU_Addr_A    |  out|   32|        bram|                                         Layer2_Weights_CPU|         array|
|Layer2_Weights_CPU_EN_A      |  out|    1|        bram|                                         Layer2_Weights_CPU|         array|
|Layer2_Weights_CPU_WEN_A     |  out|    4|        bram|                                         Layer2_Weights_CPU|         array|
|Layer2_Weights_CPU_Din_A     |  out|   32|        bram|                                         Layer2_Weights_CPU|         array|
|Layer2_Weights_CPU_Dout_A    |   in|   32|        bram|                                         Layer2_Weights_CPU|         array|
|Layer2_Weights_CPU_Addr_B    |  out|   32|        bram|                                         Layer2_Weights_CPU|         array|
|Layer2_Weights_CPU_EN_B      |  out|    1|        bram|                                         Layer2_Weights_CPU|         array|
|Layer2_Weights_CPU_WEN_B     |  out|    4|        bram|                                         Layer2_Weights_CPU|         array|
|Layer2_Weights_CPU_Din_B     |  out|   32|        bram|                                         Layer2_Weights_CPU|         array|
|Layer2_Weights_CPU_Dout_B    |   in|   32|        bram|                                         Layer2_Weights_CPU|         array|
|Layer2_Neurons_CPU_address0  |  out|   10|   ap_memory|                                         Layer2_Neurons_CPU|         array|
|Layer2_Neurons_CPU_ce0       |  out|    1|   ap_memory|                                         Layer2_Neurons_CPU|         array|
|Layer2_Neurons_CPU_q0        |   in|   32|   ap_memory|                                         Layer2_Neurons_CPU|         array|
|Layer2_Neurons_CPU_address1  |  out|   10|   ap_memory|                                         Layer2_Neurons_CPU|         array|
|Layer2_Neurons_CPU_ce1       |  out|    1|   ap_memory|                                         Layer2_Neurons_CPU|         array|
|Layer2_Neurons_CPU_q1        |   in|   32|   ap_memory|                                         Layer2_Neurons_CPU|         array|
|Layer3_Neurons_CPU_address0  |  out|   11|   ap_memory|                                         Layer3_Neurons_CPU|         array|
|Layer3_Neurons_CPU_ce0       |  out|    1|   ap_memory|                                         Layer3_Neurons_CPU|         array|
|Layer3_Neurons_CPU_we0       |  out|    1|   ap_memory|                                         Layer3_Neurons_CPU|         array|
|Layer3_Neurons_CPU_d0        |  out|   32|   ap_memory|                                         Layer3_Neurons_CPU|         array|
+-----------------------------+-----+-----+------------+-----------------------------------------------------------+--------------+

