

================================================================
== Synthesis Summary Report of 'cnn_lenet'
================================================================
+ General Information: 
    * Date:           Thu Jan 30 14:34:36 2025
    * Version:        2023.2 (Build 4023990 on Oct 11 2023)
    * Project:        CNN_lenet5
    * Solution:       solution7 (Vivado IP Flow Target)
    * Product family: zynq
    * Target device:  xc7z020-clg484-1
    

+ Performance & Resource Estimates: 
    
    PS: '+' for module; 'o' for loop; '*' for dataflow
    +-----------------------------------------------------------------------------+--------+-------+---------+-----------+----------+---------+------+----------+---------+---------+-------------+-------------+-----+
    |                                   Modules                                   |  Issue |       | Latency |  Latency  | Iteration|         | Trip |          |         |         |             |             |     |
    |                                   & Loops                                   |  Type  | Slack | (cycles)|    (ns)   |  Latency | Interval| Count| Pipelined|  BRAM   |   DSP   |      FF     |     LUT     | URAM|
    +-----------------------------------------------------------------------------+--------+-------+---------+-----------+----------+---------+------+----------+---------+---------+-------------+-------------+-----+
    |+ cnn_lenet                                                                  |  Timing|  -0.73|   218617|  4.372e+06|         -|   218618|     -|        no|   5 (1%)|  19 (8%)|  23432 (22%)|  20506 (38%)|    -|
    | + cnn_lenet_Pipeline_calculateLayer2_loop_OutputRow_Loop_OutputColumn_Loop  |       -|   0.00|    25449|  5.090e+05|         -|    25449|     -|        no|        -|  2 (~0%)|    3266 (3%)|    2327 (4%)|    -|
    |  o calculateLayer2_loop_OutputRow_Loop_OutputColumn_Loop                    |       -|  14.60|    25447|  5.089e+05|       123|       25|  1014|       yes|        -|        -|            -|            -|    -|
    |   + SIGMOID                                                                 |       -|   0.63|        9|    180.000|         -|        1|     -|       yes|  1 (~0%)|  11 (5%)|    778 (~0%)|    2001 (3%)|    -|
    | + cnn_lenet_Pipeline_calculateLayer3_loop_row_Loop_col_loop                 |  Timing|  -0.73|   190467|  3.809e+06|         -|   190467|     -|        no|        -|  1 (~0%)|  15155 (14%)|  12014 (22%)|    -|
    |  o calculateLayer3_loop_row_Loop_col_loop                                   |       -|  14.60|   190465|  3.809e+06|       618|      152|  1250|       yes|        -|        -|            -|            -|    -|
    |   + SIGMOID                                                                 |       -|   0.63|        9|    180.000|         -|        1|     -|       yes|  1 (~0%)|  11 (5%)|    778 (~0%)|    2001 (3%)|    -|
    | + cnn_lenet_Pipeline_calculateLayer4_loop                                   |       -|   0.00|     2691|  5.382e+04|         -|     2691|     -|        no|        -|        -|    2702 (2%)|    1933 (3%)|    -|
    |  o calculateLayer4_loop                                                     |       -|  14.60|     2689|  5.378e+04|       116|       26|   100|       yes|        -|        -|            -|            -|    -|
    |   + SIGMOID                                                                 |       -|   0.63|        9|    180.000|         -|        1|     -|       yes|  1 (~0%)|  11 (5%)|    778 (~0%)|    2001 (3%)|    -|
    +-----------------------------------------------------------------------------+--------+-------+---------+-----------+----------+---------+------+----------+---------+---------+-------------+-------------+-----+


================================================================
== HW Interfaces
================================================================
* M_AXI
+------------+------------+---------------+---------+--------+----------+-----------+--------------+--------------+-------------+-------------+-------------------+
| Interface  | Data Width | Address Width | Latency | Offset | Register | Max Widen | Max Read     | Max Write    | Num Read    | Num Write   | Resource Estimate |
|            | (SW->HW)   |               |         |        |          | Bitwidth  | Burst Length | Burst Length | Outstanding | Outstanding |                   |
+------------+------------+---------------+---------+--------+----------+-----------+--------------+--------------+-------------+-------------+-------------------+
| m_axi_gmem | 32 -> 32   | 64            | 0       | slave  | 0        | 0         | 16           | 16           | 16          | 16          | BRAM=4            |
+------------+------------+---------------+---------+--------+----------+-----------+--------------+--------------+-------------+-------------+-------------------+

* S_AXILITE Interfaces
+----------------+------------+---------------+--------+----------+
| Interface      | Data Width | Address Width | Offset | Register |
+----------------+------------+---------------+--------+----------+
| s_axi_CTRL_bus | 32         | 5             | 16     | 0        |
| s_axi_control  | 32         | 5             | 16     | 0        |
+----------------+------------+---------------+--------+----------+

* S_AXILITE Registers
+----------------+----------------------+--------+-------+--------+-----------------------------------+----------------------------------------------------------------------+
| Interface      | Register             | Offset | Width | Access | Description                       | Bit Fields                                                           |
+----------------+----------------------+--------+-------+--------+-----------------------------------+----------------------------------------------------------------------+
| s_axi_CTRL_bus | CTRL                 | 0x00   | 32    | RW     | Control signals                   | 0=AP_START 1=AP_DONE 2=AP_IDLE 3=AP_READY 7=AUTO_RESTART 9=INTERRUPT |
| s_axi_CTRL_bus | GIER                 | 0x04   | 32    | RW     | Global Interrupt Enable Register  | 0=Enable                                                             |
| s_axi_CTRL_bus | IP_IER               | 0x08   | 32    | RW     | IP Interrupt Enable Register      | 0=CHAN0_INT_EN 1=CHAN1_INT_EN                                        |
| s_axi_CTRL_bus | IP_ISR               | 0x0c   | 32    | RW     | IP Interrupt Status Register      | 0=CHAN0_INT_ST 1=CHAN1_INT_ST                                        |
| s_axi_CTRL_bus | Layer4_Neurons_CPU_1 | 0x10   | 32    | W      | Data signal of Layer4_Neurons_CPU |                                                                      |
| s_axi_CTRL_bus | Layer4_Neurons_CPU_2 | 0x14   | 32    | W      | Data signal of Layer4_Neurons_CPU |                                                                      |
| s_axi_control  | Layer1_Neurons_CPU_1 | 0x10   | 32    | W      | Data signal of Layer1_Neurons_CPU |                                                                      |
| s_axi_control  | Layer1_Neurons_CPU_2 | 0x14   | 32    | W      | Data signal of Layer1_Neurons_CPU |                                                                      |
+----------------+----------------------+--------+-------+--------+-----------------------------------+----------------------------------------------------------------------+

* AP_MEMORY
+-----------------------------+-----------+----------+
| Port                        | Direction | Bitwidth |
+-----------------------------+-----------+----------+
| Layer2_Neurons_CPU_address0 | out       | 10       |
| Layer2_Neurons_CPU_address1 | out       | 10       |
| Layer2_Neurons_CPU_d0       | out       | 32       |
| Layer2_Neurons_CPU_q0       | in        | 32       |
| Layer2_Neurons_CPU_q1       | in        | 32       |
| Layer3_Neurons_CPU_address0 | out       | 11       |
| Layer3_Neurons_CPU_address1 | out       | 11       |
| Layer3_Neurons_CPU_d0       | out       | 32       |
| Layer3_Neurons_CPU_q0       | in        | 32       |
| Layer3_Neurons_CPU_q1       | in        | 32       |
+-----------------------------+-----------+----------+

* BRAM
+--------------------------+------------+---------------+
| Interface                | Data Width | Address Width |
+--------------------------+------------+---------------+
| Layer1_Weights_CPU_PORTA | 32         | 32            |
| Layer1_Weights_CPU_PORTB | 32         | 32            |
| Layer2_Weights_CPU_PORTA | 32         | 32            |
| Layer2_Weights_CPU_PORTB | 32         | 32            |
| Layer3_Weights_CPU_PORTA | 32         | 32            |
| Layer3_Weights_CPU_PORTB | 32         | 32            |
+--------------------------+------------+---------------+

* TOP LEVEL CONTROL
+-----------+------------+-----------+
| Interface | Type       | Ports     |
+-----------+------------+-----------+
| ap_clk    | clock      | ap_clk    |
| ap_rst_n  | reset      | ap_rst_n  |
| interrupt | interrupt  | interrupt |
| ap_ctrl   | ap_ctrl_hs |           |
+-----------+------------+-----------+


================================================================
== SW I/O Information
================================================================
* Top Function Arguments
+--------------------+-----------+----------+
| Argument           | Direction | Datatype |
+--------------------+-----------+----------+
| Layer1_Neurons_CPU | inout     | float*   |
| Layer2_Neurons_CPU | inout     | float*   |
| Layer3_Neurons_CPU | inout     | float*   |
| Layer1_Weights_CPU | in        | float*   |
| Layer2_Weights_CPU | in        | float*   |
| Layer3_Weights_CPU | in        | float*   |
| Layer4_Neurons_CPU | inout     | float*   |
+--------------------+-----------+----------+

* SW-to-HW Mapping
+--------------------+-----------------------------+-----------+----------+------------------------------------------------+
| Argument           | HW Interface                | HW Type   | HW Usage | HW Info                                        |
+--------------------+-----------------------------+-----------+----------+------------------------------------------------+
| Layer1_Neurons_CPU | m_axi_gmem                  | interface |          |                                                |
| Layer1_Neurons_CPU | s_axi_control               | register  | offset   | name=Layer1_Neurons_CPU_1 offset=0x10 range=32 |
| Layer1_Neurons_CPU | s_axi_control               | register  | offset   | name=Layer1_Neurons_CPU_2 offset=0x14 range=32 |
| Layer2_Neurons_CPU | Layer2_Neurons_CPU_address0 | port      | offset   |                                                |
| Layer2_Neurons_CPU | Layer2_Neurons_CPU_ce0      | port      |          |                                                |
| Layer2_Neurons_CPU | Layer2_Neurons_CPU_we0      | port      |          |                                                |
| Layer2_Neurons_CPU | Layer2_Neurons_CPU_d0       | port      |          |                                                |
| Layer2_Neurons_CPU | Layer2_Neurons_CPU_q0       | port      |          |                                                |
| Layer2_Neurons_CPU | Layer2_Neurons_CPU_address1 | port      | offset   |                                                |
| Layer2_Neurons_CPU | Layer2_Neurons_CPU_ce1      | port      |          |                                                |
| Layer2_Neurons_CPU | Layer2_Neurons_CPU_q1       | port      |          |                                                |
| Layer3_Neurons_CPU | Layer3_Neurons_CPU_address0 | port      | offset   |                                                |
| Layer3_Neurons_CPU | Layer3_Neurons_CPU_ce0      | port      |          |                                                |
| Layer3_Neurons_CPU | Layer3_Neurons_CPU_we0      | port      |          |                                                |
| Layer3_Neurons_CPU | Layer3_Neurons_CPU_d0       | port      |          |                                                |
| Layer3_Neurons_CPU | Layer3_Neurons_CPU_q0       | port      |          |                                                |
| Layer3_Neurons_CPU | Layer3_Neurons_CPU_address1 | port      | offset   |                                                |
| Layer3_Neurons_CPU | Layer3_Neurons_CPU_ce1      | port      |          |                                                |
| Layer3_Neurons_CPU | Layer3_Neurons_CPU_q1       | port      |          |                                                |
| Layer1_Weights_CPU | Layer1_Weights_CPU_PORTA    | interface |          |                                                |
| Layer1_Weights_CPU | Layer1_Weights_CPU_PORTB    | interface |          |                                                |
| Layer2_Weights_CPU | Layer2_Weights_CPU_PORTA    | interface |          |                                                |
| Layer2_Weights_CPU | Layer2_Weights_CPU_PORTB    | interface |          |                                                |
| Layer3_Weights_CPU | Layer3_Weights_CPU_PORTA    | interface |          |                                                |
| Layer3_Weights_CPU | Layer3_Weights_CPU_PORTB    | interface |          |                                                |
| Layer4_Neurons_CPU | m_axi_gmem                  | interface |          |                                                |
| Layer4_Neurons_CPU | s_axi_CTRL_bus              | register  | offset   | name=Layer4_Neurons_CPU_1 offset=0x10 range=32 |
| Layer4_Neurons_CPU | s_axi_CTRL_bus              | register  | offset   | name=Layer4_Neurons_CPU_2 offset=0x14 range=32 |
+--------------------+-----------------------------+-----------+----------+------------------------------------------------+


================================================================
== M_AXI Burst Information
================================================================
 Note: All burst requests might be further partitioned into multiple requests during RTL generation based on max_read_burst_length or max_write_burst_length settings.

* Inferred Burst Summary
+--------------+-----------+--------+-------+----------------------+---------------------+
| HW Interface | Direction | Length | Width | Loop                 | Loop Location       |
+--------------+-----------+--------+-------+----------------------+---------------------+
| m_axi_gmem   | read      | 5      | 32    |                      |                     |
| m_axi_gmem   | write     | 100    | 32    | calculateLayer4_loop | cnn_lenet.cpp:70:27 |
+--------------+-----------+--------+-------+----------------------+---------------------+

* All M_AXI Variable Accesses
+--------------+--------------------+---------------------+-----------+--------------+--------+----------------------+---------------------+------------+---------------------------------------------------------------------------------------------------------+
| HW Interface | Variable           | Access Location     | Direction | Burst Status | Length | Loop                 | Loop Location       | Resolution | Problem                                                                                                 |
+--------------+--------------------+---------------------+-----------+--------------+--------+----------------------+---------------------+------------+---------------------------------------------------------------------------------------------------------+
| m_axi_gmem   | Layer1_Neurons_CPU | cnn_lenet.cpp:40:34 | read      | Widen Fail   |        |                      |                     | 214-353    | Could not widen since type float size is greater than or equal to the max_widen_bitwidth threshold of 0 |
| m_axi_gmem   | Layer1_Neurons_CPU | cnn_lenet.cpp:40:34 | read      | Inferred     | 5      | OutputColumn_Loop    | cnn_lenet.cpp:33:32 |            |                                                                                                         |
| m_axi_gmem   | Layer4_Neurons_CPU | cnn_lenet.cpp:79:35 | write     | Widen Fail   |        | calculateLayer4_loop | cnn_lenet.cpp:70:27 | 214-353    | Could not widen since type float size is greater than or equal to the max_widen_bitwidth threshold of 0 |
| m_axi_gmem   | Layer4_Neurons_CPU | cnn_lenet.cpp:79:35 | write     | Inferred     | 100    | calculateLayer4_loop | cnn_lenet.cpp:70:27 |            |                                                                                                         |
+--------------+--------------------+---------------------+-----------+--------------+--------+----------------------+---------------------+------------+---------------------------------------------------------------------------------------------------------+

    * Resolution URL: docs.xilinx.com/access/sources/dita/topic?Doc_Version=2023.2%20English&url=ug1448-hls-guidance&resourceid=XXX-YYY.html (replace XXX-YYY with column value)

================================================================
== Bind Op Report
================================================================
+-----------------------------------------------------------------------------+-----+--------+-------------+------+-----------+---------+
| Name                                                                        | DSP | Pragma | Variable    | Op   | Impl      | Latency |
+-----------------------------------------------------------------------------+-----+--------+-------------+------+-----------+---------+
| + cnn_lenet                                                                 | 19  |        |             |      |           |         |
|  + cnn_lenet_Pipeline_calculateLayer2_loop_OutputRow_Loop_OutputColumn_Loop | 2   |        |             |      |           |         |
|    add_ln31_fu_597_p2                                                       |     |        | add_ln31    | add  | fabric    | 0       |
|    add_ln31_1_fu_650_p2                                                     |     |        | add_ln31_1  | add  | fabric    | 0       |
|    add_ln32_fu_664_p2                                                       |     |        | add_ln32    | add  | fabric    | 0       |
|    mul_3ns_6ns_8_1_1_U14                                                    |     |        | empty_247   | mul  | auto      | 0       |
|    mac_muladd_3ns_8ns_4ns_10_4_1_U15                                        | 1   |        | empty       | mul  | dsp_slice | 3       |
|    empty_205_fu_1099_p2                                                     |     |        | empty_205   | add  | fabric    | 0       |
|    empty_207_fu_861_p2                                                      |     |        | empty_207   | add  | fabric    | 0       |
|    empty_208_fu_871_p2                                                      |     |        | empty_208   | add  | fabric    | 0       |
|    empty_209_fu_884_p2                                                      |     |        | empty_209   | add  | fabric    | 0       |
|    empty_210_fu_894_p2                                                      |     |        | empty_210   | add  | fabric    | 0       |
|    empty_211_fu_904_p2                                                      |     |        | empty_211   | add  | fabric    | 0       |
|    empty_212_fu_914_p2                                                      |     |        | empty_212   | add  | fabric    | 0       |
|    empty_213_fu_924_p2                                                      |     |        | empty_213   | add  | fabric    | 0       |
|    empty_214_fu_934_p2                                                      |     |        | empty_214   | add  | fabric    | 0       |
|    empty_215_fu_944_p2                                                      |     |        | empty_215   | add  | fabric    | 0       |
|    empty_216_fu_954_p2                                                      |     |        | empty_216   | add  | fabric    | 0       |
|    empty_217_fu_1019_p2                                                     |     |        | empty_217   | add  | fabric    | 0       |
|    empty_218_fu_1029_p2                                                     |     |        | empty_218   | add  | fabric    | 0       |
|    empty_219_fu_1039_p2                                                     |     |        | empty_219   | add  | fabric    | 0       |
|    empty_220_fu_1049_p2                                                     |     |        | empty_220   | add  | fabric    | 0       |
|    empty_221_fu_1059_p2                                                     |     |        | empty_221   | add  | fabric    | 0       |
|    empty_222_fu_1069_p2                                                     |     |        | empty_222   | add  | fabric    | 0       |
|    empty_223_fu_1079_p2                                                     |     |        | empty_223   | add  | fabric    | 0       |
|    empty_224_fu_1089_p2                                                     |     |        | empty_224   | add  | fabric    | 0       |
|    empty_225_fu_1109_p2                                                     |     |        | empty_225   | add  | fabric    | 0       |
|    empty_226_fu_1216_p2                                                     |     |        | empty_226   | add  | fabric    | 0       |
|    empty_227_fu_1226_p2                                                     |     |        | empty_227   | add  | fabric    | 0       |
|    empty_228_fu_1253_p2                                                     |     |        | empty_228   | add  | fabric    | 0       |
|    empty_229_fu_1263_p2                                                     |     |        | empty_229   | add  | fabric    | 0       |
|    mul_4ns_7ns_10_1_1_U13                                                   |     |        | empty_230   | mul  | auto      | 0       |
|    mac_muladd_4ns_4ns_10ns_10_4_1_U16                                       | 1   |        | empty_231   | mul  | dsp_slice | 3       |
|    tmp1_fu_1125_p2                                                          |     |        | tmp1        | add  | fabric    | 0       |
|    empty_232_fu_1135_p2                                                     |     |        | empty_232   | add  | fabric    | 0       |
|    empty_233_fu_1392_p2                                                     |     |        | empty_233   | add  | fabric    | 0       |
|    tmp2_fu_1140_p2                                                          |     |        | tmp2        | add  | fabric    | 0       |
|    empty_234_fu_1150_p2                                                     |     |        | empty_234   | add  | fabric    | 0       |
|    empty_235_fu_1311_p2                                                     |     |        | empty_235   | add  | fabric    | 0       |
|    tmp3_fu_1155_p2                                                          |     |        | tmp3        | add  | fabric    | 0       |
|    empty_236_fu_1165_p2                                                     |     |        | empty_236   | add  | fabric    | 0       |
|    empty_237_fu_1182_p2                                                     |     |        | empty_237   | add  | fabric    | 0       |
|    tmp4_fu_967_p2                                                           |     |        | tmp4        | add  | fabric    | 0       |
|    empty_238_fu_977_p2                                                      |     |        | empty_238   | add  | fabric    | 0       |
|    empty_239_fu_994_p2                                                      |     |        | empty_239   | add  | fabric    | 0       |
|    empty_240_fu_814_p2                                                      |     |        | empty_240   | add  | fabric    | 0       |
|    empty_241_fu_831_p2                                                      |     |        | empty_241   | add  | fabric    | 0       |
|    mac_muladd_3ns_8ns_4ns_10_4_1_U15                                        | 1   |        | add_ln43_1  | add  | dsp_slice | 3       |
|    mac_muladd_4ns_4ns_10ns_10_4_1_U16                                       | 1   |        | add_ln43    | add  | dsp_slice | 3       |
|    add_ln33_fu_730_p2                                                       |     |        | add_ln33    | add  | fabric    | 0       |
|    add_ln32_1_fu_736_p2                                                     |     |        | add_ln32_1  | add  | fabric    | 0       |
|   + SIGMOID (grp_SIGMOID_fu_499)                                            | 11  |        |             |      |           |         |
|     dmul_64ns_64ns_64_4_max_dsp_1_U5                                        | 11  |        | p_op        | dmul | maxdsp    | 3       |
|     add_ln486_fu_269_p2                                                     |     |        | add_ln486   | add  | fabric    | 0       |
|     sub_ln18_fu_283_p2                                                      |     |        | sub_ln18    | sub  | fabric    | 0       |
|     result_2_fu_349_p2                                                      |     |        | result_2    | sub  | fabric    | 0       |
|  + cnn_lenet_Pipeline_calculateLayer3_loop_row_Loop_col_loop                | 1   |        |             |      |           |         |
|    add_ln49_fu_3377_p2                                                      |     |        | add_ln49    | add  | fabric    | 0       |
|    add_ln49_1_fu_3395_p2                                                    |     |        | add_ln49_1  | add  | fabric    | 0       |
|    add_ln50_fu_3502_p2                                                      |     |        | add_ln50    | add  | fabric    | 0       |
|    mul_6ns_9ns_14_1_1_U26                                                   |     |        | empty       | mul  | auto      | 0       |
|    mac_muladd_6ns_5ns_3ns_11_4_1_U28                                        | 1   |        | empty_24    | mul  | dsp_slice | 3       |
|    empty_25_fu_6781_p2                                                      |     |        | empty_25    | add  | fabric    | 0       |
|    empty_28_fu_3627_p2                                                      |     |        | empty_28    | add  | fabric    | 0       |
|    empty_29_fu_3637_p2                                                      |     |        | empty_29    | add  | fabric    | 0       |
|    empty_30_fu_3688_p2                                                      |     |        | empty_30    | add  | fabric    | 0       |
|    empty_31_fu_3698_p2                                                      |     |        | empty_31    | add  | fabric    | 0       |
|    empty_32_fu_3777_p2                                                      |     |        | empty_32    | add  | fabric    | 0       |
|    empty_33_fu_3787_p2                                                      |     |        | empty_33    | add  | fabric    | 0       |
|    empty_34_fu_3845_p2                                                      |     |        | empty_34    | add  | fabric    | 0       |
|    empty_35_fu_3855_p2                                                      |     |        | empty_35    | add  | fabric    | 0       |
|    empty_36_fu_3897_p2                                                      |     |        | empty_36    | add  | fabric    | 0       |
|    empty_37_fu_3907_p2                                                      |     |        | empty_37    | add  | fabric    | 0       |
|    empty_38_fu_3949_p2                                                      |     |        | empty_38    | add  | fabric    | 0       |
|    empty_39_fu_3959_p2                                                      |     |        | empty_39    | add  | fabric    | 0       |
|    empty_40_fu_4012_p2                                                      |     |        | empty_40    | add  | fabric    | 0       |
|    empty_41_fu_4022_p2                                                      |     |        | empty_41    | add  | fabric    | 0       |
|    empty_42_fu_4064_p2                                                      |     |        | empty_42    | add  | fabric    | 0       |
|    empty_43_fu_4074_p2                                                      |     |        | empty_43    | add  | fabric    | 0       |
|    empty_44_fu_4116_p2                                                      |     |        | empty_44    | add  | fabric    | 0       |
|    empty_45_fu_4126_p2                                                      |     |        | empty_45    | add  | fabric    | 0       |
|    empty_46_fu_4179_p2                                                      |     |        | empty_46    | add  | fabric    | 0       |
|    empty_47_fu_4189_p2                                                      |     |        | empty_47    | add  | fabric    | 0       |
|    empty_48_fu_4231_p2                                                      |     |        | empty_48    | add  | fabric    | 0       |
|    empty_49_fu_4241_p2                                                      |     |        | empty_49    | add  | fabric    | 0       |
|    empty_50_fu_4283_p2                                                      |     |        | empty_50    | add  | fabric    | 0       |
|    empty_51_fu_4293_p2                                                      |     |        | empty_51    | add  | fabric    | 0       |
|    empty_52_fu_4346_p2                                                      |     |        | empty_52    | add  | fabric    | 0       |
|    empty_53_fu_4356_p2                                                      |     |        | empty_53    | add  | fabric    | 0       |
|    empty_54_fu_4398_p2                                                      |     |        | empty_54    | add  | fabric    | 0       |
|    empty_55_fu_4408_p2                                                      |     |        | empty_55    | add  | fabric    | 0       |
|    empty_56_fu_4450_p2                                                      |     |        | empty_56    | add  | fabric    | 0       |
|    empty_57_fu_4460_p2                                                      |     |        | empty_57    | add  | fabric    | 0       |
|    empty_58_fu_4510_p2                                                      |     |        | empty_58    | add  | fabric    | 0       |
|    empty_59_fu_4520_p2                                                      |     |        | empty_59    | add  | fabric    | 0       |
|    empty_60_fu_4570_p2                                                      |     |        | empty_60    | add  | fabric    | 0       |
|    empty_61_fu_4580_p2                                                      |     |        | empty_61    | add  | fabric    | 0       |
|    empty_62_fu_4634_p2                                                      |     |        | empty_62    | add  | fabric    | 0       |
|    empty_63_fu_4644_p2                                                      |     |        | empty_63    | add  | fabric    | 0       |
|    empty_64_fu_4694_p2                                                      |     |        | empty_64    | add  | fabric    | 0       |
|    empty_65_fu_4704_p2                                                      |     |        | empty_65    | add  | fabric    | 0       |
|    empty_66_fu_4742_p2                                                      |     |        | empty_66    | add  | fabric    | 0       |
|    empty_67_fu_4752_p2                                                      |     |        | empty_67    | add  | fabric    | 0       |
|    empty_68_fu_4794_p2                                                      |     |        | empty_68    | add  | fabric    | 0       |
|    empty_69_fu_4804_p2                                                      |     |        | empty_69    | add  | fabric    | 0       |
|    empty_70_fu_4837_p2                                                      |     |        | empty_70    | add  | fabric    | 0       |
|    empty_71_fu_4847_p2                                                      |     |        | empty_71    | add  | fabric    | 0       |
|    empty_72_fu_4885_p2                                                      |     |        | empty_72    | add  | fabric    | 0       |
|    empty_73_fu_4895_p2                                                      |     |        | empty_73    | add  | fabric    | 0       |
|    empty_74_fu_4937_p2                                                      |     |        | empty_74    | add  | fabric    | 0       |
|    empty_75_fu_4947_p2                                                      |     |        | empty_75    | add  | fabric    | 0       |
|    empty_76_fu_4989_p2                                                      |     |        | empty_76    | add  | fabric    | 0       |
|    empty_77_fu_4999_p2                                                      |     |        | empty_77    | add  | fabric    | 0       |
|    empty_78_fu_5037_p2                                                      |     |        | empty_78    | add  | fabric    | 0       |
|    empty_79_fu_5047_p2                                                      |     |        | empty_79    | add  | fabric    | 0       |
|    empty_80_fu_5089_p2                                                      |     |        | empty_80    | add  | fabric    | 0       |
|    empty_81_fu_5099_p2                                                      |     |        | empty_81    | add  | fabric    | 0       |
|    empty_82_fu_5141_p2                                                      |     |        | empty_82    | add  | fabric    | 0       |
|    empty_83_fu_5151_p2                                                      |     |        | empty_83    | add  | fabric    | 0       |
|    empty_84_fu_5189_p2                                                      |     |        | empty_84    | add  | fabric    | 0       |
|    empty_85_fu_5199_p2                                                      |     |        | empty_85    | add  | fabric    | 0       |
|    empty_86_fu_5241_p2                                                      |     |        | empty_86    | add  | fabric    | 0       |
|    empty_87_fu_5251_p2                                                      |     |        | empty_87    | add  | fabric    | 0       |
|    empty_88_fu_5305_p2                                                      |     |        | empty_88    | add  | fabric    | 0       |
|    empty_89_fu_5315_p2                                                      |     |        | empty_89    | add  | fabric    | 0       |
|    empty_90_fu_5365_p2                                                      |     |        | empty_90    | add  | fabric    | 0       |
|    empty_91_fu_5375_p2                                                      |     |        | empty_91    | add  | fabric    | 0       |
|    empty_92_fu_5429_p2                                                      |     |        | empty_92    | add  | fabric    | 0       |
|    empty_93_fu_5439_p2                                                      |     |        | empty_93    | add  | fabric    | 0       |
|    empty_94_fu_5477_p2                                                      |     |        | empty_94    | add  | fabric    | 0       |
|    empty_95_fu_5487_p2                                                      |     |        | empty_95    | add  | fabric    | 0       |
|    empty_96_fu_5525_p2                                                      |     |        | empty_96    | add  | fabric    | 0       |
|    empty_97_fu_5535_p2                                                      |     |        | empty_97    | add  | fabric    | 0       |
|    empty_98_fu_5577_p2                                                      |     |        | empty_98    | add  | fabric    | 0       |
|    empty_99_fu_5587_p2                                                      |     |        | empty_99    | add  | fabric    | 0       |
|    empty_100_fu_5629_p2                                                     |     |        | empty_100   | add  | fabric    | 0       |
|    empty_101_fu_5639_p2                                                     |     |        | empty_101   | add  | fabric    | 0       |
|    empty_102_fu_5677_p2                                                     |     |        | empty_102   | add  | fabric    | 0       |
|    empty_103_fu_5687_p2                                                     |     |        | empty_103   | add  | fabric    | 0       |
|    empty_104_fu_5729_p2                                                     |     |        | empty_104   | add  | fabric    | 0       |
|    empty_105_fu_5739_p2                                                     |     |        | empty_105   | add  | fabric    | 0       |
|    empty_106_fu_5777_p2                                                     |     |        | empty_106   | add  | fabric    | 0       |
|    empty_107_fu_5787_p2                                                     |     |        | empty_107   | add  | fabric    | 0       |
|    empty_108_fu_5825_p2                                                     |     |        | empty_108   | add  | fabric    | 0       |
|    empty_109_fu_5835_p2                                                     |     |        | empty_109   | add  | fabric    | 0       |
|    empty_110_fu_5877_p2                                                     |     |        | empty_110   | add  | fabric    | 0       |
|    empty_111_fu_5887_p2                                                     |     |        | empty_111   | add  | fabric    | 0       |
|    empty_112_fu_5925_p2                                                     |     |        | empty_112   | add  | fabric    | 0       |
|    empty_113_fu_5935_p2                                                     |     |        | empty_113   | add  | fabric    | 0       |
|    empty_114_fu_5973_p2                                                     |     |        | empty_114   | add  | fabric    | 0       |
|    empty_115_fu_5983_p2                                                     |     |        | empty_115   | add  | fabric    | 0       |
|    empty_116_fu_6025_p2                                                     |     |        | empty_116   | add  | fabric    | 0       |
|    empty_117_fu_6035_p2                                                     |     |        | empty_117   | add  | fabric    | 0       |
|    empty_118_fu_6085_p2                                                     |     |        | empty_118   | add  | fabric    | 0       |
|    empty_119_fu_6095_p2                                                     |     |        | empty_119   | add  | fabric    | 0       |
|    empty_120_fu_6145_p2                                                     |     |        | empty_120   | add  | fabric    | 0       |
|    empty_121_fu_6155_p2                                                     |     |        | empty_121   | add  | fabric    | 0       |
|    empty_122_fu_6209_p2                                                     |     |        | empty_122   | add  | fabric    | 0       |
|    empty_123_fu_6219_p2                                                     |     |        | empty_123   | add  | fabric    | 0       |
|    empty_124_fu_6257_p2                                                     |     |        | empty_124   | add  | fabric    | 0       |
|    empty_125_fu_6267_p2                                                     |     |        | empty_125   | add  | fabric    | 0       |
|    empty_126_fu_6305_p2                                                     |     |        | empty_126   | add  | fabric    | 0       |
|    empty_127_fu_6315_p2                                                     |     |        | empty_127   | add  | fabric    | 0       |
|    empty_128_fu_6357_p2                                                     |     |        | empty_128   | add  | fabric    | 0       |
|    empty_129_fu_6367_p2                                                     |     |        | empty_129   | add  | fabric    | 0       |
|    empty_130_fu_6405_p2                                                     |     |        | empty_130   | add  | fabric    | 0       |
|    empty_131_fu_6415_p2                                                     |     |        | empty_131   | add  | fabric    | 0       |
|    empty_132_fu_6453_p2                                                     |     |        | empty_132   | add  | fabric    | 0       |
|    empty_133_fu_6463_p2                                                     |     |        | empty_133   | add  | fabric    | 0       |
|    empty_134_fu_6505_p2                                                     |     |        | empty_134   | add  | fabric    | 0       |
|    empty_135_fu_6515_p2                                                     |     |        | empty_135   | add  | fabric    | 0       |
|    empty_136_fu_6553_p2                                                     |     |        | empty_136   | add  | fabric    | 0       |
|    empty_137_fu_6563_p2                                                     |     |        | empty_137   | add  | fabric    | 0       |
|    empty_138_fu_6601_p2                                                     |     |        | empty_138   | add  | fabric    | 0       |
|    empty_139_fu_6611_p2                                                     |     |        | empty_139   | add  | fabric    | 0       |
|    empty_140_fu_6695_p2                                                     |     |        | empty_140   | add  | fabric    | 0       |
|    empty_141_fu_6705_p2                                                     |     |        | empty_141   | add  | fabric    | 0       |
|    empty_142_fu_6738_p2                                                     |     |        | empty_142   | add  | fabric    | 0       |
|    empty_143_fu_6748_p2                                                     |     |        | empty_143   | add  | fabric    | 0       |
|    empty_144_fu_6791_p2                                                     |     |        | empty_144   | add  | fabric    | 0       |
|    empty_145_fu_6828_p2                                                     |     |        | empty_145   | add  | fabric    | 0       |
|    empty_146_fu_6838_p2                                                     |     |        | empty_146   | add  | fabric    | 0       |
|    empty_147_fu_6877_p2                                                     |     |        | empty_147   | add  | fabric    | 0       |
|    empty_148_fu_6887_p2                                                     |     |        | empty_148   | add  | fabric    | 0       |
|    empty_149_fu_6941_p2                                                     |     |        | empty_149   | add  | fabric    | 0       |
|    empty_150_fu_6951_p2                                                     |     |        | empty_150   | add  | fabric    | 0       |
|    empty_151_fu_7005_p2                                                     |     |        | empty_151   | add  | fabric    | 0       |
|    empty_152_fu_7015_p2                                                     |     |        | empty_152   | add  | fabric    | 0       |
|    empty_153_fu_7048_p2                                                     |     |        | empty_153   | add  | fabric    | 0       |
|    empty_154_fu_7058_p2                                                     |     |        | empty_154   | add  | fabric    | 0       |
|    empty_155_fu_7100_p2                                                     |     |        | empty_155   | add  | fabric    | 0       |
|    empty_156_fu_7110_p2                                                     |     |        | empty_156   | add  | fabric    | 0       |
|    empty_157_fu_7152_p2                                                     |     |        | empty_157   | add  | fabric    | 0       |
|    empty_158_fu_7162_p2                                                     |     |        | empty_158   | add  | fabric    | 0       |
|    empty_159_fu_7195_p2                                                     |     |        | empty_159   | add  | fabric    | 0       |
|    empty_160_fu_7205_p2                                                     |     |        | empty_160   | add  | fabric    | 0       |
|    empty_161_fu_7247_p2                                                     |     |        | empty_161   | add  | fabric    | 0       |
|    empty_162_fu_7257_p2                                                     |     |        | empty_162   | add  | fabric    | 0       |
|    empty_163_fu_7299_p2                                                     |     |        | empty_163   | add  | fabric    | 0       |
|    empty_164_fu_7309_p2                                                     |     |        | empty_164   | add  | fabric    | 0       |
|    empty_165_fu_7342_p2                                                     |     |        | empty_165   | add  | fabric    | 0       |
|    empty_166_fu_7352_p2                                                     |     |        | empty_166   | add  | fabric    | 0       |
|    empty_167_fu_7422_p2                                                     |     |        | empty_167   | add  | fabric    | 0       |
|    empty_168_fu_7432_p2                                                     |     |        | empty_168   | add  | fabric    | 0       |
|    empty_169_fu_7464_p2                                                     |     |        | empty_169   | add  | fabric    | 0       |
|    empty_170_fu_7474_p2                                                     |     |        | empty_170   | add  | fabric    | 0       |
|    empty_171_fu_7502_p2                                                     |     |        | empty_171   | add  | fabric    | 0       |
|    empty_172_fu_7512_p2                                                     |     |        | empty_172   | add  | fabric    | 0       |
|    empty_173_fu_7544_p2                                                     |     |        | empty_173   | add  | fabric    | 0       |
|    mul_3ns_6ns_8_1_1_U27                                                    |     |        | empty_174   | mul  | auto      | 0       |
|    empty_176_fu_3567_p2                                                     |     |        | empty_176   | add  | fabric    | 0       |
|    empty_177_fu_3650_p2                                                     |     |        | empty_177   | add  | fabric    | 0       |
|    empty_178_fu_3655_p2                                                     |     |        | empty_178   | add  | fabric    | 0       |
|    empty_179_fu_3723_p2                                                     |     |        | empty_179   | add  | fabric    | 0       |
|    empty_180_fu_3728_p2                                                     |     |        | empty_180   | add  | fabric    | 0       |
|    empty_181_fu_4475_p2                                                     |     |        | empty_181   | add  | fabric    | 0       |
|    empty_182_fu_4480_p2                                                     |     |        | empty_182   | add  | fabric    | 0       |
|    empty_183_fu_4535_p2                                                     |     |        | empty_183   | add  | fabric    | 0       |
|    empty_184_fu_4540_p2                                                     |     |        | empty_184   | add  | fabric    | 0       |
|    empty_185_fu_4595_p2                                                     |     |        | empty_185   | add  | fabric    | 0       |
|    empty_186_fu_4600_p2                                                     |     |        | empty_186   | add  | fabric    | 0       |
|    empty_187_fu_5266_p2                                                     |     |        | empty_187   | add  | fabric    | 0       |
|    empty_188_fu_5271_p2                                                     |     |        | empty_188   | add  | fabric    | 0       |
|    empty_189_fu_5330_p2                                                     |     |        | empty_189   | add  | fabric    | 0       |
|    empty_190_fu_5335_p2                                                     |     |        | empty_190   | add  | fabric    | 0       |
|    empty_191_fu_5390_p2                                                     |     |        | empty_191   | add  | fabric    | 0       |
|    empty_192_fu_5395_p2                                                     |     |        | empty_192   | add  | fabric    | 0       |
|    empty_193_fu_6050_p2                                                     |     |        | empty_193   | add  | fabric    | 0       |
|    empty_194_fu_6055_p2                                                     |     |        | empty_194   | add  | fabric    | 0       |
|    empty_195_fu_6110_p2                                                     |     |        | empty_195   | add  | fabric    | 0       |
|    empty_196_fu_6115_p2                                                     |     |        | empty_196   | add  | fabric    | 0       |
|    empty_197_fu_6170_p2                                                     |     |        | empty_197   | add  | fabric    | 0       |
|    empty_198_fu_6175_p2                                                     |     |        | empty_198   | add  | fabric    | 0       |
|    empty_199_fu_6853_p2                                                     |     |        | empty_199   | add  | fabric    | 0       |
|    empty_200_fu_6626_p2                                                     |     |        | empty_200   | add  | fabric    | 0       |
|    empty_201_fu_6902_p2                                                     |     |        | empty_201   | add  | fabric    | 0       |
|    empty_202_fu_6907_p2                                                     |     |        | empty_202   | add  | fabric    | 0       |
|    empty_203_fu_6966_p2                                                     |     |        | empty_203   | add  | fabric    | 0       |
|    empty_204_fu_6971_p2                                                     |     |        | empty_204   | add  | fabric    | 0       |
|    add_ln56_fu_3589_p2                                                      |     |        | add_ln56    | add  | fabric    | 0       |
|    add_ln57_fu_3600_p2                                                      |     |        | add_ln57    | add  | fabric    | 0       |
|    add_ln58_fu_3667_p2                                                      |     |        | add_ln58    | add  | fabric    | 0       |
|    add_ln59_fu_3677_p2                                                      |     |        | add_ln59    | add  | fabric    | 0       |
|    add_ln60_fu_3738_p2                                                      |     |        | add_ln60    | add  | fabric    | 0       |
|    add_ln61_fu_3748_p2                                                      |     |        | add_ln61    | add  | fabric    | 0       |
|    add_ln56_1_fu_3820_p2                                                    |     |        | add_ln56_1  | add  | fabric    | 0       |
|    add_ln57_1_fu_3830_p2                                                    |     |        | add_ln57_1  | add  | fabric    | 0       |
|    add_ln58_1_fu_3878_p2                                                    |     |        | add_ln58_1  | add  | fabric    | 0       |
|    add_ln59_1_fu_3887_p2                                                    |     |        | add_ln59_1  | add  | fabric    | 0       |
|    add_ln60_1_fu_3927_p2                                                    |     |        | add_ln60_1  | add  | fabric    | 0       |
|    add_ln61_1_fu_3936_p2                                                    |     |        | add_ln61_1  | add  | fabric    | 0       |
|    add_ln56_2_fu_3979_p2                                                    |     |        | add_ln56_2  | add  | fabric    | 0       |
|    add_ln56_3_fu_3992_p2                                                    |     |        | add_ln56_3  | add  | fabric    | 0       |
|    add_ln57_2_fu_4002_p2                                                    |     |        | add_ln57_2  | add  | fabric    | 0       |
|    add_ln58_2_fu_4045_p2                                                    |     |        | add_ln58_2  | add  | fabric    | 0       |
|    add_ln59_2_fu_4054_p2                                                    |     |        | add_ln59_2  | add  | fabric    | 0       |
|    add_ln60_2_fu_4094_p2                                                    |     |        | add_ln60_2  | add  | fabric    | 0       |
|    add_ln61_2_fu_4103_p2                                                    |     |        | add_ln61_2  | add  | fabric    | 0       |
|    add_ln56_4_fu_4146_p2                                                    |     |        | add_ln56_4  | add  | fabric    | 0       |
|    add_ln56_5_fu_4159_p2                                                    |     |        | add_ln56_5  | add  | fabric    | 0       |
|    add_ln57_3_fu_4169_p2                                                    |     |        | add_ln57_3  | add  | fabric    | 0       |
|    add_ln58_3_fu_4212_p2                                                    |     |        | add_ln58_3  | add  | fabric    | 0       |
|    add_ln59_3_fu_4221_p2                                                    |     |        | add_ln59_3  | add  | fabric    | 0       |
|    add_ln60_3_fu_4261_p2                                                    |     |        | add_ln60_3  | add  | fabric    | 0       |
|    add_ln61_3_fu_4270_p2                                                    |     |        | add_ln61_3  | add  | fabric    | 0       |
|    add_ln56_6_fu_4313_p2                                                    |     |        | add_ln56_6  | add  | fabric    | 0       |
|    add_ln56_7_fu_4326_p2                                                    |     |        | add_ln56_7  | add  | fabric    | 0       |
|    add_ln57_4_fu_4336_p2                                                    |     |        | add_ln57_4  | add  | fabric    | 0       |
|    add_ln58_4_fu_4379_p2                                                    |     |        | add_ln58_4  | add  | fabric    | 0       |
|    add_ln59_4_fu_4388_p2                                                    |     |        | add_ln59_4  | add  | fabric    | 0       |
|    add_ln60_4_fu_4428_p2                                                    |     |        | add_ln60_4  | add  | fabric    | 0       |
|    add_ln61_4_fu_4437_p2                                                    |     |        | add_ln61_4  | add  | fabric    | 0       |
|    add_ln56_8_fu_4490_p2                                                    |     |        | add_ln56_8  | add  | fabric    | 0       |
|    add_ln57_5_fu_4500_p2                                                    |     |        | add_ln57_5  | add  | fabric    | 0       |
|    add_ln58_5_fu_4550_p2                                                    |     |        | add_ln58_5  | add  | fabric    | 0       |
|    add_ln59_5_fu_4560_p2                                                    |     |        | add_ln59_5  | add  | fabric    | 0       |
|    add_ln60_5_fu_4610_p2                                                    |     |        | add_ln60_5  | add  | fabric    | 0       |
|    add_ln61_5_fu_4620_p2                                                    |     |        | add_ln61_5  | add  | fabric    | 0       |
|    add_ln56_9_fu_4670_p2                                                    |     |        | add_ln56_9  | add  | fabric    | 0       |
|    add_ln57_6_fu_4681_p2                                                    |     |        | add_ln57_6  | add  | fabric    | 0       |
|    add_ln58_6_fu_4724_p2                                                    |     |        | add_ln58_6  | add  | fabric    | 0       |
|    add_ln59_6_fu_4733_p2                                                    |     |        | add_ln59_6  | add  | fabric    | 0       |
|    add_ln60_6_fu_4772_p2                                                    |     |        | add_ln60_6  | add  | fabric    | 0       |
|    add_ln61_6_fu_4781_p2                                                    |     |        | add_ln61_6  | add  | fabric    | 0       |
|    add_ln56_10_fu_4690_p2                                                   |     |        | add_ln56_10 | add  | fabric    | 0       |
|    add_ln57_7_fu_4828_p2                                                    |     |        | add_ln57_7  | add  | fabric    | 0       |
|    add_ln58_7_fu_4867_p2                                                    |     |        | add_ln58_7  | add  | fabric    | 0       |
|    add_ln59_7_fu_4876_p2                                                    |     |        | add_ln59_7  | add  | fabric    | 0       |
|    add_ln60_7_fu_4915_p2                                                    |     |        | add_ln60_7  | add  | fabric    | 0       |
|    add_ln61_7_fu_4924_p2                                                    |     |        | add_ln61_7  | add  | fabric    | 0       |
|    add_ln56_11_fu_4970_p2                                                   |     |        | add_ln56_11 | add  | fabric    | 0       |
|    add_ln57_8_fu_4980_p2                                                    |     |        | add_ln57_8  | add  | fabric    | 0       |
|    add_ln58_8_fu_5019_p2                                                    |     |        | add_ln58_8  | add  | fabric    | 0       |
|    add_ln59_8_fu_5028_p2                                                    |     |        | add_ln59_8  | add  | fabric    | 0       |
|    add_ln60_8_fu_5067_p2                                                    |     |        | add_ln60_8  | add  | fabric    | 0       |
|    add_ln61_8_fu_5076_p2                                                    |     |        | add_ln61_8  | add  | fabric    | 0       |
|    add_ln56_12_fu_5122_p2                                                   |     |        | add_ln56_12 | add  | fabric    | 0       |
|    add_ln57_9_fu_5132_p2                                                    |     |        | add_ln57_9  | add  | fabric    | 0       |
|    add_ln58_9_fu_5171_p2                                                    |     |        | add_ln58_9  | add  | fabric    | 0       |
|    add_ln59_9_fu_5180_p2                                                    |     |        | add_ln59_9  | add  | fabric    | 0       |
|    add_ln60_9_fu_5219_p2                                                    |     |        | add_ln60_9  | add  | fabric    | 0       |
|    add_ln61_9_fu_5228_p2                                                    |     |        | add_ln61_9  | add  | fabric    | 0       |
|    add_ln56_13_fu_5284_p2                                                   |     |        | add_ln56_13 | add  | fabric    | 0       |
|    add_ln57_10_fu_5295_p2                                                   |     |        | add_ln57_10 | add  | fabric    | 0       |
|    add_ln58_10_fu_5345_p2                                                   |     |        | add_ln58_10 | add  | fabric    | 0       |
|    add_ln59_10_fu_5355_p2                                                   |     |        | add_ln59_10 | add  | fabric    | 0       |
|    add_ln60_10_fu_5405_p2                                                   |     |        | add_ln60_10 | add  | fabric    | 0       |
|    add_ln61_10_fu_5415_p2                                                   |     |        | add_ln61_10 | add  | fabric    | 0       |
|    add_ln56_14_fu_5459_p2                                                   |     |        | add_ln56_14 | add  | fabric    | 0       |
|    add_ln57_11_fu_5468_p2                                                   |     |        | add_ln57_11 | add  | fabric    | 0       |
|    add_ln58_11_fu_5507_p2                                                   |     |        | add_ln58_11 | add  | fabric    | 0       |
|    add_ln59_11_fu_5516_p2                                                   |     |        | add_ln59_11 | add  | fabric    | 0       |
|    add_ln60_11_fu_5555_p2                                                   |     |        | add_ln60_11 | add  | fabric    | 0       |
|    add_ln61_11_fu_5564_p2                                                   |     |        | add_ln61_11 | add  | fabric    | 0       |
|    add_ln56_15_fu_5610_p2                                                   |     |        | add_ln56_15 | add  | fabric    | 0       |
|    add_ln57_12_fu_5620_p2                                                   |     |        | add_ln57_12 | add  | fabric    | 0       |
|    add_ln58_12_fu_5659_p2                                                   |     |        | add_ln58_12 | add  | fabric    | 0       |
|    add_ln59_12_fu_5668_p2                                                   |     |        | add_ln59_12 | add  | fabric    | 0       |
|    add_ln60_12_fu_5707_p2                                                   |     |        | add_ln60_12 | add  | fabric    | 0       |
|    add_ln61_12_fu_5716_p2                                                   |     |        | add_ln61_12 | add  | fabric    | 0       |
|    add_ln56_16_fu_5759_p2                                                   |     |        | add_ln56_16 | add  | fabric    | 0       |
|    add_ln57_13_fu_5768_p2                                                   |     |        | add_ln57_13 | add  | fabric    | 0       |
|    add_ln58_13_fu_5807_p2                                                   |     |        | add_ln58_13 | add  | fabric    | 0       |
|    add_ln59_13_fu_5816_p2                                                   |     |        | add_ln59_13 | add  | fabric    | 0       |
|    add_ln60_13_fu_5855_p2                                                   |     |        | add_ln60_13 | add  | fabric    | 0       |
|    add_ln61_13_fu_5864_p2                                                   |     |        | add_ln61_13 | add  | fabric    | 0       |
|    add_ln56_17_fu_5907_p2                                                   |     |        | add_ln56_17 | add  | fabric    | 0       |
|    add_ln57_14_fu_5916_p2                                                   |     |        | add_ln57_14 | add  | fabric    | 0       |
|    add_ln58_14_fu_5955_p2                                                   |     |        | add_ln58_14 | add  | fabric    | 0       |
|    add_ln59_14_fu_5964_p2                                                   |     |        | add_ln59_14 | add  | fabric    | 0       |
|    add_ln60_14_fu_6003_p2                                                   |     |        | add_ln60_14 | add  | fabric    | 0       |
|    add_ln61_14_fu_6012_p2                                                   |     |        | add_ln61_14 | add  | fabric    | 0       |
|    add_ln56_18_fu_6065_p2                                                   |     |        | add_ln56_18 | add  | fabric    | 0       |
|    add_ln57_15_fu_6075_p2                                                   |     |        | add_ln57_15 | add  | fabric    | 0       |
|    add_ln58_15_fu_6125_p2                                                   |     |        | add_ln58_15 | add  | fabric    | 0       |
|    add_ln59_15_fu_6135_p2                                                   |     |        | add_ln59_15 | add  | fabric    | 0       |
|    add_ln60_15_fu_6185_p2                                                   |     |        | add_ln60_15 | add  | fabric    | 0       |
|    add_ln61_15_fu_6195_p2                                                   |     |        | add_ln61_15 | add  | fabric    | 0       |
|    add_ln56_19_fu_6239_p2                                                   |     |        | add_ln56_19 | add  | fabric    | 0       |
|    add_ln57_16_fu_6248_p2                                                   |     |        | add_ln57_16 | add  | fabric    | 0       |
|    add_ln58_16_fu_6287_p2                                                   |     |        | add_ln58_16 | add  | fabric    | 0       |
|    add_ln59_16_fu_6296_p2                                                   |     |        | add_ln59_16 | add  | fabric    | 0       |
|    add_ln60_16_fu_6335_p2                                                   |     |        | add_ln60_16 | add  | fabric    | 0       |
|    add_ln61_16_fu_6344_p2                                                   |     |        | add_ln61_16 | add  | fabric    | 0       |
|    add_ln56_20_fu_6387_p2                                                   |     |        | add_ln56_20 | add  | fabric    | 0       |
|    add_ln57_17_fu_6396_p2                                                   |     |        | add_ln57_17 | add  | fabric    | 0       |
|    add_ln58_17_fu_6435_p2                                                   |     |        | add_ln58_17 | add  | fabric    | 0       |
|    add_ln59_17_fu_6444_p2                                                   |     |        | add_ln59_17 | add  | fabric    | 0       |
|    add_ln60_17_fu_6483_p2                                                   |     |        | add_ln60_17 | add  | fabric    | 0       |
|    add_ln61_17_fu_6492_p2                                                   |     |        | add_ln61_17 | add  | fabric    | 0       |
|    add_ln56_21_fu_6535_p2                                                   |     |        | add_ln56_21 | add  | fabric    | 0       |
|    add_ln57_18_fu_6544_p2                                                   |     |        | add_ln57_18 | add  | fabric    | 0       |
|    add_ln58_18_fu_6583_p2                                                   |     |        | add_ln58_18 | add  | fabric    | 0       |
|    add_ln59_18_fu_6592_p2                                                   |     |        | add_ln59_18 | add  | fabric    | 0       |
|    add_ln60_18_fu_6636_p2                                                   |     |        | add_ln60_18 | add  | fabric    | 0       |
|    add_ln61_18_fu_6645_p2                                                   |     |        | add_ln61_18 | add  | fabric    | 0       |
|    add_ln56_22_fu_6725_p2                                                   |     |        | add_ln56_22 | add  | fabric    | 0       |
|    add_ln57_19_fu_6658_p2                                                   |     |        | add_ln57_19 | add  | fabric    | 0       |
|    add_ln58_19_fu_6662_p2                                                   |     |        | add_ln58_19 | add  | fabric    | 0       |
|    add_ln59_19_fu_6772_p2                                                   |     |        | add_ln59_19 | add  | fabric    | 0       |
|    add_ln60_19_fu_6811_p2                                                   |     |        | add_ln60_19 | add  | fabric    | 0       |
|    add_ln61_19_fu_6666_p2                                                   |     |        | add_ln61_19 | add  | fabric    | 0       |
|    add_ln56_23_fu_6863_p2                                                   |     |        | add_ln56_23 | add  | fabric    | 0       |
|    add_ln57_20_fu_6670_p2                                                   |     |        | add_ln57_20 | add  | fabric    | 0       |
|    add_ln58_20_fu_6917_p2                                                   |     |        | add_ln58_20 | add  | fabric    | 0       |
|    add_ln59_20_fu_6931_p2                                                   |     |        | add_ln59_20 | add  | fabric    | 0       |
|    add_ln60_20_fu_6981_p2                                                   |     |        | add_ln60_20 | add  | fabric    | 0       |
|    add_ln61_20_fu_6991_p2                                                   |     |        | add_ln61_20 | add  | fabric    | 0       |
|    add_ln56_24_fu_7035_p2                                                   |     |        | add_ln56_24 | add  | fabric    | 0       |
|    add_ln57_21_fu_6675_p2                                                   |     |        | add_ln57_21 | add  | fabric    | 0       |
|    add_ln58_21_fu_7078_p2                                                   |     |        | add_ln58_21 | add  | fabric    | 0       |
|    add_ln59_21_fu_7091_p2                                                   |     |        | add_ln59_21 | add  | fabric    | 0       |
|    add_ln60_21_fu_7130_p2                                                   |     |        | add_ln60_21 | add  | fabric    | 0       |
|    add_ln61_21_fu_7139_p2                                                   |     |        | add_ln61_21 | add  | fabric    | 0       |
|    add_ln56_25_fu_7182_p2                                                   |     |        | add_ln56_25 | add  | fabric    | 0       |
|    add_ln57_22_fu_6680_p2                                                   |     |        | add_ln57_22 | add  | fabric    | 0       |
|    add_ln58_22_fu_7225_p2                                                   |     |        | add_ln58_22 | add  | fabric    | 0       |
|    add_ln59_22_fu_7238_p2                                                   |     |        | add_ln59_22 | add  | fabric    | 0       |
|    add_ln60_22_fu_7277_p2                                                   |     |        | add_ln60_22 | add  | fabric    | 0       |
|    add_ln61_22_fu_7286_p2                                                   |     |        | add_ln61_22 | add  | fabric    | 0       |
|    add_ln56_26_fu_7329_p2                                                   |     |        | add_ln56_26 | add  | fabric    | 0       |
|    add_ln57_23_fu_6685_p2                                                   |     |        | add_ln57_23 | add  | fabric    | 0       |
|    add_ln58_23_fu_7372_p2                                                   |     |        | add_ln58_23 | add  | fabric    | 0       |
|    add_ln59_23_fu_7385_p2                                                   |     |        | add_ln59_23 | add  | fabric    | 0       |
|    add_ln60_23_fu_7394_p2                                                   |     |        | add_ln60_23 | add  | fabric    | 0       |
|    add_ln61_23_fu_7398_p2                                                   |     |        | add_ln61_23 | add  | fabric    | 0       |
|    add_ln56_27_fu_7402_p2                                                   |     |        | add_ln56_27 | add  | fabric    | 0       |
|    add_ln57_24_fu_6690_p2                                                   |     |        | add_ln57_24 | add  | fabric    | 0       |
|    add_ln58_24_fu_7406_p2                                                   |     |        | add_ln58_24 | add  | fabric    | 0       |
|    add_ln59_24_fu_7410_p2                                                   |     |        | add_ln59_24 | add  | fabric    | 0       |
|    add_ln60_24_fu_7414_p2                                                   |     |        | add_ln60_24 | add  | fabric    | 0       |
|    add_ln61_24_fu_7418_p2                                                   |     |        | add_ln61_24 | add  | fabric    | 0       |
|    add_ln64_1_fu_3762_p2                                                    |     |        | add_ln64_1  | add  | fabric    | 0       |
|    mac_muladd_6ns_5ns_3ns_11_4_1_U28                                        | 1   |        | add_ln64_2  | add  | dsp_slice | 3       |
|    add_ln64_fu_3772_p2                                                      |     |        | add_ln64    | add  | fabric    | 0       |
|    add_ln51_fu_3611_p2                                                      |     |        | add_ln51    | add  | fabric    | 0       |
|    add_ln50_1_fu_3443_p2                                                    |     |        | add_ln50_1  | add  | fabric    | 0       |
|   + SIGMOID (grp_SIGMOID_fu_2895)                                           | 11  |        |             |      |           |         |
|     dmul_64ns_64ns_64_4_max_dsp_1_U5                                        | 11  |        | p_op        | dmul | maxdsp    | 3       |
|     add_ln486_fu_269_p2                                                     |     |        | add_ln486   | add  | fabric    | 0       |
|     sub_ln18_fu_283_p2                                                      |     |        | sub_ln18    | sub  | fabric    | 0       |
|     result_2_fu_349_p2                                                      |     |        | result_2    | sub  | fabric    | 0       |
|  + cnn_lenet_Pipeline_calculateLayer4_loop                                  | 0   |        |             |      |           |         |
|    add_ln70_fu_765_p2                                                       |     |        | add_ln70    | add  | fabric    | 0       |
|    next_mul_fu_774_p2                                                       |     |        | next_mul    | add  | fabric    | 0       |
|    add_ln76_fu_785_p2                                                       |     |        | add_ln76    | add  | fabric    | 0       |
|    add_ln76_1_fu_806_p2                                                     |     |        | add_ln76_1  | add  | fabric    | 0       |
|    add_ln76_2_fu_816_p2                                                     |     |        | add_ln76_2  | add  | fabric    | 0       |
|    add_ln76_3_fu_836_p2                                                     |     |        | add_ln76_3  | add  | fabric    | 0       |
|    add_ln76_4_fu_846_p2                                                     |     |        | add_ln76_4  | add  | fabric    | 0       |
|    add_ln76_5_fu_866_p2                                                     |     |        | add_ln76_5  | add  | fabric    | 0       |
|    add_ln76_6_fu_876_p2                                                     |     |        | add_ln76_6  | add  | fabric    | 0       |
|    add_ln76_7_fu_901_p2                                                     |     |        | add_ln76_7  | add  | fabric    | 0       |
|    add_ln76_8_fu_911_p2                                                     |     |        | add_ln76_8  | add  | fabric    | 0       |
|    add_ln76_9_fu_931_p2                                                     |     |        | add_ln76_9  | add  | fabric    | 0       |
|    add_ln76_10_fu_941_p2                                                    |     |        | add_ln76_10 | add  | fabric    | 0       |
|    add_ln76_11_fu_961_p2                                                    |     |        | add_ln76_11 | add  | fabric    | 0       |
|    add_ln76_12_fu_971_p2                                                    |     |        | add_ln76_12 | add  | fabric    | 0       |
|    add_ln76_13_fu_991_p2                                                    |     |        | add_ln76_13 | add  | fabric    | 0       |
|    add_ln76_14_fu_1001_p2                                                   |     |        | add_ln76_14 | add  | fabric    | 0       |
|    add_ln76_15_fu_1021_p2                                                   |     |        | add_ln76_15 | add  | fabric    | 0       |
|    add_ln76_16_fu_1031_p2                                                   |     |        | add_ln76_16 | add  | fabric    | 0       |
|    add_ln76_17_fu_1051_p2                                                   |     |        | add_ln76_17 | add  | fabric    | 0       |
|    add_ln76_18_fu_1061_p2                                                   |     |        | add_ln76_18 | add  | fabric    | 0       |
|    add_ln76_19_fu_1081_p2                                                   |     |        | add_ln76_19 | add  | fabric    | 0       |
|    add_ln76_20_fu_1091_p2                                                   |     |        | add_ln76_20 | add  | fabric    | 0       |
|    add_ln76_21_fu_1111_p2                                                   |     |        | add_ln76_21 | add  | fabric    | 0       |
|    add_ln76_22_fu_1121_p2                                                   |     |        | add_ln76_22 | add  | fabric    | 0       |
|    add_ln76_23_fu_1141_p2                                                   |     |        | add_ln76_23 | add  | fabric    | 0       |
|    add_ln76_24_fu_1151_p2                                                   |     |        | add_ln76_24 | add  | fabric    | 0       |
|   + SIGMOID (grp_SIGMOID_fu_639)                                            | 11  |        |             |      |           |         |
|     dmul_64ns_64ns_64_4_max_dsp_1_U5                                        | 11  |        | p_op        | dmul | maxdsp    | 3       |
|     add_ln486_fu_269_p2                                                     |     |        | add_ln486   | add  | fabric    | 0       |
|     sub_ln18_fu_283_p2                                                      |     |        | sub_ln18    | sub  | fabric    | 0       |
|     result_2_fu_349_p2                                                      |     |        | result_2    | sub  | fabric    | 0       |
+-----------------------------------------------------------------------------+-----+--------+-------------+------+-----------+---------+


================================================================
== Storage Report
================================================================
+-----------------------------------------------------------------------------+-----------+-----------+------+------+--------+--------------+------+---------+------------------+
| Name                                                                        | Usage     | Type      | BRAM | URAM | Pragma | Variable     | Impl | Latency | Bitwidth, Depth, |
|                                                                             |           |           |      |      |        |              |      |         | Banks            |
+-----------------------------------------------------------------------------+-----------+-----------+------+------+--------+--------------+------+---------+------------------+
| + cnn_lenet                                                                 |           |           | 5    | 0    |        |              |      |         |                  |
|   CTRL_bus_s_axi_U                                                          | interface | s_axilite |      |      |        |              |      |         |                  |
|   control_s_axi_U                                                           | interface | s_axilite |      |      |        |              |      |         |                  |
|   gmem_m_axi_U                                                              | interface | m_axi     | 4    |      |        |              |      |         |                  |
|  + cnn_lenet_Pipeline_calculateLayer2_loop_OutputRow_Loop_OutputColumn_Loop |           |           | 0    | 0    |        |              |      |         |                  |
|   + SIGMOID (grp_SIGMOID_fu_499)                                            |           |           | 1    | 0    |        |              |      |         |                  |
|     sigmoidLUT_1_U                                                          | ram_1p    |           | 1    |      | pragma | sigmoidLUT_1 | bram | 1       | 32, 256, 1       |
|  + cnn_lenet_Pipeline_calculateLayer3_loop_row_Loop_col_loop                |           |           | 0    | 0    |        |              |      |         |                  |
|   + SIGMOID (grp_SIGMOID_fu_2895)                                           |           |           | 1    | 0    |        |              |      |         |                  |
|     sigmoidLUT_1_U                                                          | ram_1p    |           | 1    |      | pragma | sigmoidLUT_1 | bram | 1       | 32, 256, 1       |
|  + cnn_lenet_Pipeline_calculateLayer4_loop                                  |           |           | 0    | 0    |        |              |      |         |                  |
|   + SIGMOID (grp_SIGMOID_fu_639)                                            |           |           | 1    | 0    |        |              |      |         |                  |
|     sigmoidLUT_1_U                                                          | ram_1p    |           | 1    |      | pragma | sigmoidLUT_1 | bram | 1       | 32, 256, 1       |
+-----------------------------------------------------------------------------+-----------+-----------+------+------+--------+--------------+------+---------+------------------+


================================================================
== Pragma Report
================================================================
* Valid Pragma Syntax
+--------------+-------------------------------------------------+---------------------------------------------------+
| Type         | Options                                         | Location                                          |
+--------------+-------------------------------------------------+---------------------------------------------------+
| interface    | mode=m_axi port=Layer1_Neurons_CPU offset=slave | cnn_lenet.cpp:16 in cnn_lenet, Layer1_Neurons_CPU |
| interface    | mode=bram port=Layer1_Weights_CPU               | cnn_lenet.cpp:17 in cnn_lenet, Layer1_Weights_CPU |
| interface    | mode=bram port=Layer2_Weights_CPU               | cnn_lenet.cpp:18 in cnn_lenet, Layer2_Weights_CPU |
| interface    | mode=bram port=Layer3_Weights_CPU               | cnn_lenet.cpp:19 in cnn_lenet, Layer3_Weights_CPU |
| interface    | mode=m_axi port=Layer4_Neurons_CPU              | cnn_lenet.cpp:20 in cnn_lenet, Layer4_Neurons_CPU |
| interface    | mode=s_axilite port=return bundle=CTRL_bus      | cnn_lenet.cpp:21 in cnn_lenet, return             |
| pipeline     | II=25                                           | cnn_lenet.cpp:34 in cnn_lenet                     |
| unroll       | factor=5                                        | cnn_lenet.cpp:37 in cnn_lenet                     |
| pipeline     | II=152                                          | cnn_lenet.cpp:52 in cnn_lenet                     |
| pipeline     | II=26                                           | cnn_lenet.cpp:71 in cnn_lenet                     |
| bind_storage | variable=sigmoidLUT type=RAM_1P impl=BRAM       | sigmoid.cpp:10 in sigmoid, sigmoidLUT             |
| pipeline     | II=1                                            | sigmoid.cpp:17 in sigmoid                         |
+--------------+-------------------------------------------------+---------------------------------------------------+


