C:\Users\TRETEC\OneDrive\Documents\Master2\HLS-FPGA\cnn_hls\CNN_lenet5\solution5\.autopilot\db\calculateLayer4.pp.0.cpp:6027:7: warning: Added loop label VITIS_LOOP_1207_1:   [xilinx-label-all-loops]
      for (i = 0; i < __N - 1; ++i) {
      ^~~
      VITIS_LOOP_1207_1: 
C:\Users\TRETEC\OneDrive\Documents\Master2\HLS-FPGA\cnn_hls\CNN_lenet5\solution5\.autopilot\db\calculateLayer4.pp.0.cpp:6027:7: note: FIX-IT applied suggested code changes
C:\Users\TRETEC\OneDrive\Documents\Master2\HLS-FPGA\cnn_hls\CNN_lenet5\solution5\.autopilot\db\calculateLayer4.pp.0.cpp:7001:5: warning: Added loop label VITIS_LOOP_676_1:   [xilinx-label-all-loops]
    for (unsigned i = low; i != high; ++i) {
    ^~~
    VITIS_LOOP_676_1: 
C:\Users\TRETEC\OneDrive\Documents\Master2\HLS-FPGA\cnn_hls\CNN_lenet5\solution5\.autopilot\db\calculateLayer4.pp.0.cpp:7001:5: note: FIX-IT applied suggested code changes
C:\Users\TRETEC\OneDrive\Documents\Master2\HLS-FPGA\cnn_hls\CNN_lenet5\solution5\.autopilot\db\calculateLayer4.pp.0.cpp:7015:5: warning: Added loop label VITIS_LOOP_690_1:   [xilinx-label-all-loops]
    for (unsigned i = low; i != high; ++i) {
    ^~~
    VITIS_LOOP_690_1: 
C:\Users\TRETEC\OneDrive\Documents\Master2\HLS-FPGA\cnn_hls\CNN_lenet5\solution5\.autopilot\db\calculateLayer4.pp.0.cpp:7015:5: note: FIX-IT applied suggested code changes
C:\Users\TRETEC\OneDrive\Documents\Master2\HLS-FPGA\cnn_hls\CNN_lenet5\solution5\.autopilot\db\calculateLayer4.pp.0.cpp:7029:5: warning: Added loop label VITIS_LOOP_704_1:   [xilinx-label-all-loops]
    for (unsigned i = low; i != high; ++i) {
    ^~~
    VITIS_LOOP_704_1: 
C:\Users\TRETEC\OneDrive\Documents\Master2\HLS-FPGA\cnn_hls\CNN_lenet5\solution5\.autopilot\db\calculateLayer4.pp.0.cpp:7029:5: note: FIX-IT applied suggested code changes
C:\Users\TRETEC\OneDrive\Documents\Master2\HLS-FPGA\cnn_hls\CNN_lenet5\solution5\.autopilot\db\calculateLayer4.pp.0.cpp:8646:7: warning: Added loop label VITIS_LOOP_1247_1:   [xilinx-label-all-loops]
      for (i = 0; i < __N - 1; ++i) {
      ^~~
      VITIS_LOOP_1247_1: 
C:\Users\TRETEC\OneDrive\Documents\Master2\HLS-FPGA\cnn_hls\CNN_lenet5\solution5\.autopilot\db\calculateLayer4.pp.0.cpp:8646:7: note: FIX-IT applied suggested code changes
C:\Users\TRETEC\OneDrive\Documents\Master2\HLS-FPGA\cnn_hls\CNN_lenet5\solution5\.autopilot\db\calculateLayer4.pp.0.cpp:12782:72: error: Invalid Directive: for current device, ROM_1P + LUTRAM is invalid combination for BIND_STORAGE's option 'type + impl' [clang-diagnostic-error]
#pragma HLS BIND_STORAGE variable=fourth_order_double::sin_cos_K0 type=ROM_1P impl=LUTRAM
                                                                       ^
C:\Users\TRETEC\OneDrive\Documents\Master2\HLS-FPGA\cnn_hls\CNN_lenet5\solution5\.autopilot\db\calculateLayer4.pp.0.cpp:12783:72: error: Invalid Directive: for current device, ROM_1P + LUTRAM is invalid combination for BIND_STORAGE's option 'type + impl' [clang-diagnostic-error]
#pragma HLS BIND_STORAGE variable=fourth_order_double::sin_cos_K1 type=ROM_1P impl=LUTRAM
                                                                       ^
C:\Users\TRETEC\OneDrive\Documents\Master2\HLS-FPGA\cnn_hls\CNN_lenet5\solution5\.autopilot\db\calculateLayer4.pp.0.cpp:12784:72: error: Invalid Directive: for current device, ROM_1P + LUTRAM is invalid combination for BIND_STORAGE's option 'type + impl' [clang-diagnostic-error]
#pragma HLS BIND_STORAGE variable=fourth_order_double::sin_cos_K2 type=ROM_1P impl=LUTRAM
                                                                       ^
C:\Users\TRETEC\OneDrive\Documents\Master2\HLS-FPGA\cnn_hls\CNN_lenet5\solution5\.autopilot\db\calculateLayer4.pp.0.cpp:12785:72: error: Invalid Directive: for current device, ROM_1P + LUTRAM is invalid combination for BIND_STORAGE's option 'type + impl' [clang-diagnostic-error]
#pragma HLS BIND_STORAGE variable=fourth_order_double::sin_cos_K3 type=ROM_1P impl=LUTRAM
                                                                       ^
C:\Users\TRETEC\OneDrive\Documents\Master2\HLS-FPGA\cnn_hls\CNN_lenet5\solution5\.autopilot\db\calculateLayer4.pp.0.cpp:12786:72: error: Invalid Directive: for current device, ROM_1P + LUTRAM is invalid combination for BIND_STORAGE's option 'type + impl' [clang-diagnostic-error]
#pragma HLS BIND_STORAGE variable=fourth_order_double::sin_cos_K4 type=ROM_1P impl=LUTRAM
                                                                       ^
C:\Users\TRETEC\OneDrive\Documents\Master2\HLS-FPGA\cnn_hls\CNN_lenet5\solution5\.autopilot\db\calculateLayer4.pp.0.cpp:12816:68: error: Invalid Directive: for current device, ROM_1P + LUTRAM is invalid combination for BIND_STORAGE's option 'type + impl' [clang-diagnostic-error]
#pragma HLS BIND_STORAGE variable=fourth_order_double::cos_K0 type=ROM_1P impl=LUTRAM
                                                                   ^
C:\Users\TRETEC\OneDrive\Documents\Master2\HLS-FPGA\cnn_hls\CNN_lenet5\solution5\.autopilot\db\calculateLayer4.pp.0.cpp:12817:68: error: Invalid Directive: for current device, ROM_1P + LUTRAM is invalid combination for BIND_STORAGE's option 'type + impl' [clang-diagnostic-error]
#pragma HLS BIND_STORAGE variable=fourth_order_double::cos_K1 type=ROM_1P impl=LUTRAM
                                                                   ^
C:\Users\TRETEC\OneDrive\Documents\Master2\HLS-FPGA\cnn_hls\CNN_lenet5\solution5\.autopilot\db\calculateLayer4.pp.0.cpp:12818:68: error: Invalid Directive: for current device, ROM_1P + LUTRAM is invalid combination for BIND_STORAGE's option 'type + impl' [clang-diagnostic-error]
#pragma HLS BIND_STORAGE variable=fourth_order_double::cos_K2 type=ROM_1P impl=LUTRAM
                                                                   ^
C:\Users\TRETEC\OneDrive\Documents\Master2\HLS-FPGA\cnn_hls\CNN_lenet5\solution5\.autopilot\db\calculateLayer4.pp.0.cpp:12819:68: error: Invalid Directive: for current device, ROM_1P + LUTRAM is invalid combination for BIND_STORAGE's option 'type + impl' [clang-diagnostic-error]
#pragma HLS BIND_STORAGE variable=fourth_order_double::cos_K3 type=ROM_1P impl=LUTRAM
                                                                   ^
C:\Users\TRETEC\OneDrive\Documents\Master2\HLS-FPGA\cnn_hls\CNN_lenet5\solution5\.autopilot\db\calculateLayer4.pp.0.cpp:12820:68: error: Invalid Directive: for current device, ROM_1P + LUTRAM is invalid combination for BIND_STORAGE's option 'type + impl' [clang-diagnostic-error]
#pragma HLS BIND_STORAGE variable=fourth_order_double::cos_K4 type=ROM_1P impl=LUTRAM
                                                                   ^
C:\Users\TRETEC\OneDrive\Documents\Master2\HLS-FPGA\cnn_hls\CNN_lenet5\solution5\.autopilot\db\calculateLayer4.pp.0.cpp:12821:68: error: Invalid Directive: for current device, ROM_1P + LUTRAM is invalid combination for BIND_STORAGE's option 'type + impl' [clang-diagnostic-error]
#pragma HLS BIND_STORAGE variable=fourth_order_double::sin_K0 type=ROM_1P impl=LUTRAM
                                                                   ^
C:\Users\TRETEC\OneDrive\Documents\Master2\HLS-FPGA\cnn_hls\CNN_lenet5\solution5\.autopilot\db\calculateLayer4.pp.0.cpp:12822:68: error: Invalid Directive: for current device, ROM_1P + LUTRAM is invalid combination for BIND_STORAGE's option 'type + impl' [clang-diagnostic-error]
#pragma HLS BIND_STORAGE variable=fourth_order_double::sin_K1 type=ROM_1P impl=LUTRAM
                                                                   ^
C:\Users\TRETEC\OneDrive\Documents\Master2\HLS-FPGA\cnn_hls\CNN_lenet5\solution5\.autopilot\db\calculateLayer4.pp.0.cpp:12823:68: error: Invalid Directive: for current device, ROM_1P + LUTRAM is invalid combination for BIND_STORAGE's option 'type + impl' [clang-diagnostic-error]
#pragma HLS BIND_STORAGE variable=fourth_order_double::sin_K2 type=ROM_1P impl=LUTRAM
                                                                   ^
C:\Users\TRETEC\OneDrive\Documents\Master2\HLS-FPGA\cnn_hls\CNN_lenet5\solution5\.autopilot\db\calculateLayer4.pp.0.cpp:12824:68: error: Invalid Directive: for current device, ROM_1P + LUTRAM is invalid combination for BIND_STORAGE's option 'type + impl' [clang-diagnostic-error]
#pragma HLS BIND_STORAGE variable=fourth_order_double::sin_K3 type=ROM_1P impl=LUTRAM
                                                                   ^
C:\Users\TRETEC\OneDrive\Documents\Master2\HLS-FPGA\cnn_hls\CNN_lenet5\solution5\.autopilot\db\calculateLayer4.pp.0.cpp:12825:68: error: Invalid Directive: for current device, ROM_1P + LUTRAM is invalid combination for BIND_STORAGE's option 'type + impl' [clang-diagnostic-error]
#pragma HLS BIND_STORAGE variable=fourth_order_double::sin_K4 type=ROM_1P impl=LUTRAM
                                                                   ^
C:\Users\TRETEC\OneDrive\Documents\Master2\HLS-FPGA\cnn_hls\CNN_lenet5\solution5\.autopilot\db\calculateLayer4.pp.0.cpp:12875:71: error: Invalid Directive: for current device, ROM_1P + LUTRAM is invalid combination for BIND_STORAGE's option 'type + impl' [clang-diagnostic-error]
#pragma HLS BIND_STORAGE variable=second_order_float::sin_cos_K0 type=ROM_1P impl=LUTRAM
                                                                      ^
C:\Users\TRETEC\OneDrive\Documents\Master2\HLS-FPGA\cnn_hls\CNN_lenet5\solution5\.autopilot\db\calculateLayer4.pp.0.cpp:12876:71: error: Invalid Directive: for current device, ROM_1P + LUTRAM is invalid combination for BIND_STORAGE's option 'type + impl' [clang-diagnostic-error]
#pragma HLS BIND_STORAGE variable=second_order_float::sin_cos_K1 type=ROM_1P impl=LUTRAM
                                                                      ^
C:\Users\TRETEC\OneDrive\Documents\Master2\HLS-FPGA\cnn_hls\CNN_lenet5\solution5\.autopilot\db\calculateLayer4.pp.0.cpp:12877:71: error: Invalid Directive: for current device, ROM_1P + LUTRAM is invalid combination for BIND_STORAGE's option 'type + impl' [clang-diagnostic-error]
#pragma HLS BIND_STORAGE variable=second_order_float::sin_cos_K2 type=ROM_1P impl=LUTRAM
                                                                      ^
C:\Users\TRETEC\OneDrive\Documents\Master2\HLS-FPGA\cnn_hls\CNN_lenet5\solution5\.autopilot\db\calculateLayer4.pp.0.cpp:12904:67: error: Invalid Directive: for current device, ROM_1P + LUTRAM is invalid combination for BIND_STORAGE's option 'type + impl' [clang-diagnostic-error]
#pragma HLS BIND_STORAGE variable=second_order_float::cos_K0 type=ROM_1P impl=LUTRAM
                                                                  ^
C:\Users\TRETEC\OneDrive\Documents\Master2\HLS-FPGA\cnn_hls\CNN_lenet5\solution5\.autopilot\db\calculateLayer4.pp.0.cpp:12905:67: error: Invalid Directive: for current device, ROM_1P + LUTRAM is invalid combination for BIND_STORAGE's option 'type + impl' [clang-diagnostic-error]
#pragma HLS BIND_STORAGE variable=second_order_float::cos_K1 type=ROM_1P impl=LUTRAM
                                                                  ^
C:\Users\TRETEC\OneDrive\Documents\Master2\HLS-FPGA\cnn_hls\CNN_lenet5\solution5\.autopilot\db\calculateLayer4.pp.0.cpp:12906:67: error: Invalid Directive: for current device, ROM_1P + LUTRAM is invalid combination for BIND_STORAGE's option 'type + impl' [clang-diagnostic-error]
#pragma HLS BIND_STORAGE variable=second_order_float::cos_K2 type=ROM_1P impl=LUTRAM
                                                                  ^
C:\Users\TRETEC\OneDrive\Documents\Master2\HLS-FPGA\cnn_hls\CNN_lenet5\solution5\.autopilot\db\calculateLayer4.pp.0.cpp:12907:67: error: Invalid Directive: for current device, ROM_1P + LUTRAM is invalid combination for BIND_STORAGE's option 'type + impl' [clang-diagnostic-error]
#pragma HLS BIND_STORAGE variable=second_order_float::sin_K0 type=ROM_1P impl=LUTRAM
                                                                  ^
C:\Users\TRETEC\OneDrive\Documents\Master2\HLS-FPGA\cnn_hls\CNN_lenet5\solution5\.autopilot\db\calculateLayer4.pp.0.cpp:12908:67: error: Invalid Directive: for current device, ROM_1P + LUTRAM is invalid combination for BIND_STORAGE's option 'type + impl' [clang-diagnostic-error]
#pragma HLS BIND_STORAGE variable=second_order_float::sin_K1 type=ROM_1P impl=LUTRAM
                                                                  ^
C:\Users\TRETEC\OneDrive\Documents\Master2\HLS-FPGA\cnn_hls\CNN_lenet5\solution5\.autopilot\db\calculateLayer4.pp.0.cpp:12909:67: error: Invalid Directive: for current device, ROM_1P + LUTRAM is invalid combination for BIND_STORAGE's option 'type + impl' [clang-diagnostic-error]
#pragma HLS BIND_STORAGE variable=second_order_float::sin_K2 type=ROM_1P impl=LUTRAM
                                                                  ^
C:\Users\TRETEC\OneDrive\Documents\Master2\HLS-FPGA\cnn_hls\CNN_lenet5\solution5\.autopilot\db\calculateLayer4.pp.0.cpp:12945:73: error: Invalid Directive: for current device, ROM_1P + LUTRAM is invalid combination for BIND_STORAGE's option 'type + impl' [clang-diagnostic-error]
#pragma HLS BIND_STORAGE variable=first_order_fixed_16::sin_cos_K0 type=ROM_1P impl=LUTRAM
                                                                        ^
C:\Users\TRETEC\OneDrive\Documents\Master2\HLS-FPGA\cnn_hls\CNN_lenet5\solution5\.autopilot\db\calculateLayer4.pp.0.cpp:12946:73: error: Invalid Directive: for current device, ROM_1P + LUTRAM is invalid combination for BIND_STORAGE's option 'type + impl' [clang-diagnostic-error]
#pragma HLS BIND_STORAGE variable=first_order_fixed_16::sin_cos_K1 type=ROM_1P impl=LUTRAM
                                                                        ^
C:\Users\TRETEC\OneDrive\Documents\Master2\HLS-FPGA\cnn_hls\CNN_lenet5\solution5\.autopilot\db\calculateLayer4.pp.0.cpp:13220:5: warning: Added loop label VITIS_LOOP_61_1:   [xilinx-label-all-loops]
    for (int n=0; n<Nmax; n++){
    ^~~
    VITIS_LOOP_61_1: 
C:\Users\TRETEC\OneDrive\Documents\Master2\HLS-FPGA\cnn_hls\CNN_lenet5\solution5\.autopilot\db\calculateLayer4.pp.0.cpp:13220:5: note: FIX-IT applied suggested code changes
C:\Users\TRETEC\OneDrive\Documents\Master2\HLS-FPGA\cnn_hls\CNN_lenet5\solution5\.autopilot\db\calculateLayer4.pp.0.cpp:13266:5: warning: Added loop label VITIS_LOOP_117_1:   [xilinx-label-all-loops]
    for (int n=0; n<Nmax; n++){
    ^~~
    VITIS_LOOP_117_1: 
C:\Users\TRETEC\OneDrive\Documents\Master2\HLS-FPGA\cnn_hls\CNN_lenet5\solution5\.autopilot\db\calculateLayer4.pp.0.cpp:13266:5: note: FIX-IT applied suggested code changes
C:\Users\TRETEC\OneDrive\Documents\Master2\HLS-FPGA\cnn_hls\CNN_lenet5\solution5\.autopilot\db\calculateLayer4.pp.0.cpp:13429:9: warning: Added loop label VITIS_LOOP_289_1:   [xilinx-label-all-loops]
        for(int i=0;i<W-1;i++){
        ^~~
        VITIS_LOOP_289_1: 
C:\Users\TRETEC\OneDrive\Documents\Master2\HLS-FPGA\cnn_hls\CNN_lenet5\solution5\.autopilot\db\calculateLayer4.pp.0.cpp:13429:9: note: FIX-IT applied suggested code changes
C:\Users\TRETEC\OneDrive\Documents\Master2\HLS-FPGA\cnn_hls\CNN_lenet5\solution5\.autopilot\db\calculateLayer4.pp.0.cpp:13581:9: warning: Added loop label VITIS_LOOP_449_1:   [xilinx-label-all-loops]
        for(int i=0;i<W-1;i++){
        ^~~
        VITIS_LOOP_449_1: 
C:\Users\TRETEC\OneDrive\Documents\Master2\HLS-FPGA\cnn_hls\CNN_lenet5\solution5\.autopilot\db\calculateLayer4.pp.0.cpp:13581:9: note: FIX-IT applied suggested code changes
C:\Users\TRETEC\OneDrive\Documents\Master2\HLS-FPGA\cnn_hls\CNN_lenet5\solution5\.autopilot\db\calculateLayer4.pp.0.cpp:13761:5: warning: Added loop label VITIS_LOOP_629_1:   [xilinx-label-all-loops]
    for(int i=0;i<W+1;i++){
    ^~~
    VITIS_LOOP_629_1: 
C:\Users\TRETEC\OneDrive\Documents\Master2\HLS-FPGA\cnn_hls\CNN_lenet5\solution5\.autopilot\db\calculateLayer4.pp.0.cpp:13761:5: note: FIX-IT applied suggested code changes
C:\Users\TRETEC\OneDrive\Documents\Master2\HLS-FPGA\cnn_hls\CNN_lenet5\solution5\.autopilot\db\calculateLayer4.pp.0.cpp:13765:5: warning: Added loop label VITIS_LOOP_633_2:   [xilinx-label-all-loops]
    for(int i=0;i<W+1;i++){
    ^~~
    VITIS_LOOP_633_2: 
C:\Users\TRETEC\OneDrive\Documents\Master2\HLS-FPGA\cnn_hls\CNN_lenet5\solution5\.autopilot\db\calculateLayer4.pp.0.cpp:13765:5: note: FIX-IT applied suggested code changes
C:\Users\TRETEC\OneDrive\Documents\Master2\HLS-FPGA\cnn_hls\CNN_lenet5\solution5\.autopilot\db\calculateLayer4.pp.0.cpp:13875:5: warning: Added loop label VITIS_LOOP_743_1:   [xilinx-label-all-loops]
    for (int n=0; n<Nmax; n++){
    ^~~
    VITIS_LOOP_743_1: 
C:\Users\TRETEC\OneDrive\Documents\Master2\HLS-FPGA\cnn_hls\CNN_lenet5\solution5\.autopilot\db\calculateLayer4.pp.0.cpp:13875:5: note: FIX-IT applied suggested code changes
C:\Users\TRETEC\OneDrive\Documents\Master2\HLS-FPGA\cnn_hls\CNN_lenet5\solution5\.autopilot\db\calculateLayer4.pp.0.cpp:13965:7: warning: Added loop label VITIS_LOOP_840_1:   [xilinx-label-all-loops]
      for(int i=0;i<W-1;i++){
      ^~~
      VITIS_LOOP_840_1: 
C:\Users\TRETEC\OneDrive\Documents\Master2\HLS-FPGA\cnn_hls\CNN_lenet5\solution5\.autopilot\db\calculateLayer4.pp.0.cpp:13965:7: note: FIX-IT applied suggested code changes
C:\Users\TRETEC\OneDrive\Documents\Master2\HLS-FPGA\cnn_hls\CNN_lenet5\solution5\.autopilot\db\calculateLayer4.pp.0.cpp:13984:7: warning: Added loop label VITIS_LOOP_859_2:   [xilinx-label-all-loops]
      for(int i=0;i<W-1;i++){
      ^~~
      VITIS_LOOP_859_2: 
C:\Users\TRETEC\OneDrive\Documents\Master2\HLS-FPGA\cnn_hls\CNN_lenet5\solution5\.autopilot\db\calculateLayer4.pp.0.cpp:13984:7: note: FIX-IT applied suggested code changes
C:\Users\TRETEC\OneDrive\Documents\Master2\HLS-FPGA\cnn_hls\CNN_lenet5\solution5\.autopilot\db\calculateLayer4.pp.0.cpp:14274:5: warning: Added loop label VITIS_LOOP_1173_1:   [xilinx-label-all-loops]
    for(int i=0; i<Nmax; i++) {
    ^~~
    VITIS_LOOP_1173_1: 
C:\Users\TRETEC\OneDrive\Documents\Master2\HLS-FPGA\cnn_hls\CNN_lenet5\solution5\.autopilot\db\calculateLayer4.pp.0.cpp:14274:5: note: FIX-IT applied suggested code changes
C:\Users\TRETEC\OneDrive\Documents\Master2\HLS-FPGA\cnn_hls\CNN_lenet5\solution5\.autopilot\db\calculateLayer4.pp.0.cpp:14357:5: warning: Added loop label VITIS_LOOP_1256_1:   [xilinx-label-all-loops]
    for(int i=0; i<Nmax; i++) {
    ^~~
    VITIS_LOOP_1256_1: 
C:\Users\TRETEC\OneDrive\Documents\Master2\HLS-FPGA\cnn_hls\CNN_lenet5\solution5\.autopilot\db\calculateLayer4.pp.0.cpp:14357:5: note: FIX-IT applied suggested code changes
C:\Users\TRETEC\OneDrive\Documents\Master2\HLS-FPGA\cnn_hls\CNN_lenet5\solution5\.autopilot\db\calculateLayer4.pp.0.cpp:14763:13: warning: Added loop label VITIS_LOOP_68_1:   [xilinx-label-all-loops]
            for (int j = 3; j >= I_+1; j--) {
            ^~~
            VITIS_LOOP_68_1: 
C:\Users\TRETEC\OneDrive\Documents\Master2\HLS-FPGA\cnn_hls\CNN_lenet5\solution5\.autopilot\db\calculateLayer4.pp.0.cpp:14763:13: note: FIX-IT applied suggested code changes
C:\Users\TRETEC\OneDrive\Documents\Master2\HLS-FPGA\cnn_hls\CNN_lenet5\solution5\.autopilot\db\calculateLayer4.pp.0.cpp:14769:17: warning: Added loop label VITIS_LOOP_74_2:   [xilinx-label-all-loops]
                for (int j = 3; j >= I_+1; j--){
                ^~~
                VITIS_LOOP_74_2: 
C:\Users\TRETEC\OneDrive\Documents\Master2\HLS-FPGA\cnn_hls\CNN_lenet5\solution5\.autopilot\db\calculateLayer4.pp.0.cpp:14769:17: note: FIX-IT applied suggested code changes
C:\Users\TRETEC\OneDrive\Documents\Master2\HLS-FPGA\cnn_hls\CNN_lenet5\solution5\.autopilot\db\calculateLayer4.pp.0.cpp:14773:17: warning: Added loop label VITIS_LOOP_78_3:   [xilinx-label-all-loops]
                for (int j = I_; j >= 0; j--){
                ^~~
                VITIS_LOOP_78_3: 
C:\Users\TRETEC\OneDrive\Documents\Master2\HLS-FPGA\cnn_hls\CNN_lenet5\solution5\.autopilot\db\calculateLayer4.pp.0.cpp:14773:17: note: FIX-IT applied suggested code changes
C:\Users\TRETEC\OneDrive\Documents\Master2\HLS-FPGA\cnn_hls\CNN_lenet5\solution5\.autopilot\db\calculateLayer4.pp.0.cpp:14821:13: warning: Added loop label VITIS_LOOP_145_4:   [xilinx-label-all-loops]
            for (int j = 9; j >= I_+4; j--) {
            ^~~
            VITIS_LOOP_145_4: 
C:\Users\TRETEC\OneDrive\Documents\Master2\HLS-FPGA\cnn_hls\CNN_lenet5\solution5\.autopilot\db\calculateLayer4.pp.0.cpp:14821:13: note: FIX-IT applied suggested code changes
C:\Users\TRETEC\OneDrive\Documents\Master2\HLS-FPGA\cnn_hls\CNN_lenet5\solution5\.autopilot\db\calculateLayer4.pp.0.cpp:14827:17: warning: Added loop label VITIS_LOOP_151_5:   [xilinx-label-all-loops]
                for (int j = 9; j >= I_+4; j--){
                ^~~
                VITIS_LOOP_151_5: 
C:\Users\TRETEC\OneDrive\Documents\Master2\HLS-FPGA\cnn_hls\CNN_lenet5\solution5\.autopilot\db\calculateLayer4.pp.0.cpp:14827:17: note: FIX-IT applied suggested code changes
C:\Users\TRETEC\OneDrive\Documents\Master2\HLS-FPGA\cnn_hls\CNN_lenet5\solution5\.autopilot\db\calculateLayer4.pp.0.cpp:14831:17: warning: Added loop label VITIS_LOOP_155_6:   [xilinx-label-all-loops]
                for (int j = I_+3; j >= 0; j--){
                ^~~
                VITIS_LOOP_155_6: 
C:\Users\TRETEC\OneDrive\Documents\Master2\HLS-FPGA\cnn_hls\CNN_lenet5\solution5\.autopilot\db\calculateLayer4.pp.0.cpp:14831:17: note: FIX-IT applied suggested code changes
C:\Users\TRETEC\OneDrive\Documents\Master2\HLS-FPGA\cnn_hls\CNN_lenet5\solution5\.autopilot\db\calculateLayer4.pp.0.cpp:14846:9: warning: Added loop label VITIS_LOOP_170_7:   [xilinx-label-all-loops]
        for (int j = 14; j < 22; j++){
        ^~~
        VITIS_LOOP_170_7: 
C:\Users\TRETEC\OneDrive\Documents\Master2\HLS-FPGA\cnn_hls\CNN_lenet5\solution5\.autopilot\db\calculateLayer4.pp.0.cpp:14846:9: note: FIX-IT applied suggested code changes
C:\Users\TRETEC\OneDrive\Documents\Master2\HLS-FPGA\cnn_hls\CNN_lenet5\solution5\.autopilot\db\calculateLayer4.pp.0.cpp:14854:17: warning: Added loop label VITIS_LOOP_178_8:   [xilinx-label-all-loops]
                for (int j = 0; j < 22; j++){
                ^~~
                VITIS_LOOP_178_8: 
C:\Users\TRETEC\OneDrive\Documents\Master2\HLS-FPGA\cnn_hls\CNN_lenet5\solution5\.autopilot\db\calculateLayer4.pp.0.cpp:14854:17: note: FIX-IT applied suggested code changes
C:\Users\TRETEC\OneDrive\Documents\Master2\HLS-FPGA\cnn_hls\CNN_lenet5\solution5\.autopilot\db\calculateLayer4.pp.0.cpp:14919:13: warning: Added loop label VITIS_LOOP_243_9:   [xilinx-label-all-loops]
            for (int j = 21; j >= I_+10; j--) {
            ^~~
            VITIS_LOOP_243_9: 
C:\Users\TRETEC\OneDrive\Documents\Master2\HLS-FPGA\cnn_hls\CNN_lenet5\solution5\.autopilot\db\calculateLayer4.pp.0.cpp:14919:13: note: FIX-IT applied suggested code changes
C:\Users\TRETEC\OneDrive\Documents\Master2\HLS-FPGA\cnn_hls\CNN_lenet5\solution5\.autopilot\db\calculateLayer4.pp.0.cpp:14925:17: warning: Added loop label VITIS_LOOP_249_10:   [xilinx-label-all-loops]
                for (int j = 21; j >= I_+10; j--) {
                ^~~
                VITIS_LOOP_249_10: 
C:\Users\TRETEC\OneDrive\Documents\Master2\HLS-FPGA\cnn_hls\CNN_lenet5\solution5\.autopilot\db\calculateLayer4.pp.0.cpp:14925:17: note: FIX-IT applied suggested code changes
C:\Users\TRETEC\OneDrive\Documents\Master2\HLS-FPGA\cnn_hls\CNN_lenet5\solution5\.autopilot\db\calculateLayer4.pp.0.cpp:14929:17: warning: Added loop label VITIS_LOOP_253_11:   [xilinx-label-all-loops]
                for (int j = I_+9; j >= 0; j--) {
                ^~~
                VITIS_LOOP_253_11: 
C:\Users\TRETEC\OneDrive\Documents\Master2\HLS-FPGA\cnn_hls\CNN_lenet5\solution5\.autopilot\db\calculateLayer4.pp.0.cpp:14929:17: note: FIX-IT applied suggested code changes
C:\Users\TRETEC\OneDrive\Documents\Master2\HLS-FPGA\cnn_hls\CNN_lenet5\solution5\.autopilot\db\calculateLayer4.pp.0.cpp:14944:9: warning: Added loop label VITIS_LOOP_268_12:   [xilinx-label-all-loops]
        for (int j = 27; j < 46; j++){
        ^~~
        VITIS_LOOP_268_12: 
C:\Users\TRETEC\OneDrive\Documents\Master2\HLS-FPGA\cnn_hls\CNN_lenet5\solution5\.autopilot\db\calculateLayer4.pp.0.cpp:14944:9: note: FIX-IT applied suggested code changes
C:\Users\TRETEC\OneDrive\Documents\Master2\HLS-FPGA\cnn_hls\CNN_lenet5\solution5\.autopilot\db\calculateLayer4.pp.0.cpp:14952:17: warning: Added loop label VITIS_LOOP_276_13:   [xilinx-label-all-loops]
                for (int j = 0; j < 46; j++) {
                ^~~
                VITIS_LOOP_276_13: 
C:\Users\TRETEC\OneDrive\Documents\Master2\HLS-FPGA\cnn_hls\CNN_lenet5\solution5\.autopilot\db\calculateLayer4.pp.0.cpp:14952:17: note: FIX-IT applied suggested code changes
C:\Users\TRETEC\OneDrive\Documents\Master2\HLS-FPGA\cnn_hls\CNN_lenet5\solution5\.autopilot\db\calculateLayer4.pp.0.cpp:15181:13: warning: Added loop label VITIS_LOOP_505_14:   [xilinx-label-all-loops]
            for (int j = 45; j >= I_+22; j--) {
            ^~~
            VITIS_LOOP_505_14: 
C:\Users\TRETEC\OneDrive\Documents\Master2\HLS-FPGA\cnn_hls\CNN_lenet5\solution5\.autopilot\db\calculateLayer4.pp.0.cpp:15181:13: note: FIX-IT applied suggested code changes
C:\Users\TRETEC\OneDrive\Documents\Master2\HLS-FPGA\cnn_hls\CNN_lenet5\solution5\.autopilot\db\calculateLayer4.pp.0.cpp:15187:17: warning: Added loop label VITIS_LOOP_511_15:   [xilinx-label-all-loops]
                for (int j = 45; j >= I_+22; j--){
                ^~~
                VITIS_LOOP_511_15: 
C:\Users\TRETEC\OneDrive\Documents\Master2\HLS-FPGA\cnn_hls\CNN_lenet5\solution5\.autopilot\db\calculateLayer4.pp.0.cpp:15187:17: note: FIX-IT applied suggested code changes
C:\Users\TRETEC\OneDrive\Documents\Master2\HLS-FPGA\cnn_hls\CNN_lenet5\solution5\.autopilot\db\calculateLayer4.pp.0.cpp:15191:17: warning: Added loop label VITIS_LOOP_515_16:   [xilinx-label-all-loops]
                for (int j = I_+21; j >= 0; j--) {
                ^~~
                VITIS_LOOP_515_16: 
C:\Users\TRETEC\OneDrive\Documents\Master2\HLS-FPGA\cnn_hls\CNN_lenet5\solution5\.autopilot\db\calculateLayer4.pp.0.cpp:15191:17: note: FIX-IT applied suggested code changes
C:\Users\TRETEC\OneDrive\Documents\Master2\HLS-FPGA\cnn_hls\CNN_lenet5\solution5\.autopilot\db\calculateLayer4.pp.0.cpp:15201:9: warning: Added loop label VITIS_LOOP_525_17:   [xilinx-label-all-loops]
        for (int j = 32-F_; j < 32+I_; j++){
        ^~~
        VITIS_LOOP_525_17: 
C:\Users\TRETEC\OneDrive\Documents\Master2\HLS-FPGA\cnn_hls\CNN_lenet5\solution5\.autopilot\db\calculateLayer4.pp.0.cpp:15201:9: note: FIX-IT applied suggested code changes
C:\Users\TRETEC\OneDrive\Documents\Master2\HLS-FPGA\cnn_hls\CNN_lenet5\solution5\.autopilot\db\calculateLayer4.pp.0.cpp:15205:9: warning: Added loop label VITIS_LOOP_529_18:   [xilinx-label-all-loops]
        for (int j = 32+I_; j <= 64; j++){
        ^~~
        VITIS_LOOP_529_18: 
C:\Users\TRETEC\OneDrive\Documents\Master2\HLS-FPGA\cnn_hls\CNN_lenet5\solution5\.autopilot\db\calculateLayer4.pp.0.cpp:15205:9: note: FIX-IT applied suggested code changes
C:\Users\TRETEC\OneDrive\Documents\Master2\HLS-FPGA\cnn_hls\CNN_lenet5\solution5\.autopilot\db\calculateLayer4.pp.0.cpp:15215:9: warning: Added loop label VITIS_LOOP_539_19:   [xilinx-label-all-loops]
        for (int j = 37; j < 64; j++) {
        ^~~
        VITIS_LOOP_539_19: 
C:\Users\TRETEC\OneDrive\Documents\Master2\HLS-FPGA\cnn_hls\CNN_lenet5\solution5\.autopilot\db\calculateLayer4.pp.0.cpp:15215:9: note: FIX-IT applied suggested code changes
C:\Users\TRETEC\OneDrive\Documents\Master2\HLS-FPGA\cnn_hls\CNN_lenet5\solution5\.autopilot\db\calculateLayer4.pp.0.cpp:15223:17: warning: Added loop label VITIS_LOOP_547_20:   [xilinx-label-all-loops]
                for (int j = 0; j < 64; j++){
                ^~~
                VITIS_LOOP_547_20: 
C:\Users\TRETEC\OneDrive\Documents\Master2\HLS-FPGA\cnn_hls\CNN_lenet5\solution5\.autopilot\db\calculateLayer4.pp.0.cpp:15223:17: note: FIX-IT applied suggested code changes
C:\Users\TRETEC\OneDrive\Documents\Master2\HLS-FPGA\cnn_hls\CNN_lenet5\solution5\.autopilot\db\calculateLayer4.pp.0.cpp:15584:13: warning: Added loop label VITIS_LOOP_908_21:   [xilinx-label-all-loops]
            for (int j = 63; j >= I_+31; j--) {
            ^~~
            VITIS_LOOP_908_21: 
C:\Users\TRETEC\OneDrive\Documents\Master2\HLS-FPGA\cnn_hls\CNN_lenet5\solution5\.autopilot\db\calculateLayer4.pp.0.cpp:15584:13: note: FIX-IT applied suggested code changes
C:\Users\TRETEC\OneDrive\Documents\Master2\HLS-FPGA\cnn_hls\CNN_lenet5\solution5\.autopilot\db\calculateLayer4.pp.0.cpp:15590:17: warning: Added loop label VITIS_LOOP_914_22:   [xilinx-label-all-loops]
                for (int j = 63; j >= I_+31; j--) {
                ^~~
                VITIS_LOOP_914_22: 
C:\Users\TRETEC\OneDrive\Documents\Master2\HLS-FPGA\cnn_hls\CNN_lenet5\solution5\.autopilot\db\calculateLayer4.pp.0.cpp:15590:17: note: FIX-IT applied suggested code changes
C:\Users\TRETEC\OneDrive\Documents\Master2\HLS-FPGA\cnn_hls\CNN_lenet5\solution5\.autopilot\db\calculateLayer4.pp.0.cpp:15594:17: warning: Added loop label VITIS_LOOP_918_23:   [xilinx-label-all-loops]
                for (int j = I_+30; j >= 0; j--) {
                ^~~
                VITIS_LOOP_918_23: 
C:\Users\TRETEC\OneDrive\Documents\Master2\HLS-FPGA\cnn_hls\CNN_lenet5\solution5\.autopilot\db\calculateLayer4.pp.0.cpp:15594:17: note: FIX-IT applied suggested code changes
C:\Users\TRETEC\OneDrive\Documents\Master2\HLS-FPGA\cnn_hls\CNN_lenet5\solution5\.autopilot\db\calculateLayer4.pp.0.cpp:15710:13: warning: Added loop label VITIS_LOOP_1034_1:   [xilinx-label-all-loops]
            for (int j = 4; j >= I_+1; j--) {
            ^~~
            VITIS_LOOP_1034_1: 
C:\Users\TRETEC\OneDrive\Documents\Master2\HLS-FPGA\cnn_hls\CNN_lenet5\solution5\.autopilot\db\calculateLayer4.pp.0.cpp:15710:13: note: FIX-IT applied suggested code changes
C:\Users\TRETEC\OneDrive\Documents\Master2\HLS-FPGA\cnn_hls\CNN_lenet5\solution5\.autopilot\db\calculateLayer4.pp.0.cpp:15716:17: warning: Added loop label VITIS_LOOP_1040_2:   [xilinx-label-all-loops]
                for (int j = 4; j >= I_+1; j--) {
                ^~~
                VITIS_LOOP_1040_2: 
C:\Users\TRETEC\OneDrive\Documents\Master2\HLS-FPGA\cnn_hls\CNN_lenet5\solution5\.autopilot\db\calculateLayer4.pp.0.cpp:15716:17: note: FIX-IT applied suggested code changes
C:\Users\TRETEC\OneDrive\Documents\Master2\HLS-FPGA\cnn_hls\CNN_lenet5\solution5\.autopilot\db\calculateLayer4.pp.0.cpp:15720:17: warning: Added loop label VITIS_LOOP_1044_3:   [xilinx-label-all-loops]
                for (int j = I_; j >= 0; j--) {
                ^~~
                VITIS_LOOP_1044_3: 
C:\Users\TRETEC\OneDrive\Documents\Master2\HLS-FPGA\cnn_hls\CNN_lenet5\solution5\.autopilot\db\calculateLayer4.pp.0.cpp:15720:17: note: FIX-IT applied suggested code changes
C:\Users\TRETEC\OneDrive\Documents\Master2\HLS-FPGA\cnn_hls\CNN_lenet5\solution5\.autopilot\db\calculateLayer4.pp.0.cpp:15807:13: warning: Added loop label VITIS_LOOP_1131_4:   [xilinx-label-all-loops]
            for (int j = 10; j >= I_+4; j--) {
            ^~~
            VITIS_LOOP_1131_4: 
C:\Users\TRETEC\OneDrive\Documents\Master2\HLS-FPGA\cnn_hls\CNN_lenet5\solution5\.autopilot\db\calculateLayer4.pp.0.cpp:15807:13: note: FIX-IT applied suggested code changes
C:\Users\TRETEC\OneDrive\Documents\Master2\HLS-FPGA\cnn_hls\CNN_lenet5\solution5\.autopilot\db\calculateLayer4.pp.0.cpp:15813:17: warning: Added loop label VITIS_LOOP_1137_5:   [xilinx-label-all-loops]
                for (int j = 10; j >= I_+4; j--) {
                ^~~
                VITIS_LOOP_1137_5: 
C:\Users\TRETEC\OneDrive\Documents\Master2\HLS-FPGA\cnn_hls\CNN_lenet5\solution5\.autopilot\db\calculateLayer4.pp.0.cpp:15813:17: note: FIX-IT applied suggested code changes
C:\Users\TRETEC\OneDrive\Documents\Master2\HLS-FPGA\cnn_hls\CNN_lenet5\solution5\.autopilot\db\calculateLayer4.pp.0.cpp:15817:17: warning: Added loop label VITIS_LOOP_1141_6:   [xilinx-label-all-loops]
                for (int j = I_+3; j >= 0; j--) {
                ^~~
                VITIS_LOOP_1141_6: 
C:\Users\TRETEC\OneDrive\Documents\Master2\HLS-FPGA\cnn_hls\CNN_lenet5\solution5\.autopilot\db\calculateLayer4.pp.0.cpp:15817:17: note: FIX-IT applied suggested code changes
C:\Users\TRETEC\OneDrive\Documents\Master2\HLS-FPGA\cnn_hls\CNN_lenet5\solution5\.autopilot\db\calculateLayer4.pp.0.cpp:15836:9: warning: Added loop label VITIS_LOOP_1160_7:   [xilinx-label-all-loops]
        for (int j = wf+3; j < w-1; j++) {
        ^~~
        VITIS_LOOP_1160_7: 
C:\Users\TRETEC\OneDrive\Documents\Master2\HLS-FPGA\cnn_hls\CNN_lenet5\solution5\.autopilot\db\calculateLayer4.pp.0.cpp:15836:9: note: FIX-IT applied suggested code changes
C:\Users\TRETEC\OneDrive\Documents\Master2\HLS-FPGA\cnn_hls\CNN_lenet5\solution5\.autopilot\db\calculateLayer4.pp.0.cpp:15843:17: warning: Added loop label VITIS_LOOP_1167_8:   [xilinx-label-all-loops]
                for (int j = 0; j < 22; j++) {
                ^~~
                VITIS_LOOP_1167_8: 
C:\Users\TRETEC\OneDrive\Documents\Master2\HLS-FPGA\cnn_hls\CNN_lenet5\solution5\.autopilot\db\calculateLayer4.pp.0.cpp:15843:17: note: FIX-IT applied suggested code changes
C:\Users\TRETEC\OneDrive\Documents\Master2\HLS-FPGA\cnn_hls\CNN_lenet5\solution5\.autopilot\db\calculateLayer4.pp.0.cpp:15959:13: warning: Added loop label VITIS_LOOP_1283_9:   [xilinx-label-all-loops]
            for (int j = 22; j >= I_+10; j--) {
            ^~~
            VITIS_LOOP_1283_9: 
C:\Users\TRETEC\OneDrive\Documents\Master2\HLS-FPGA\cnn_hls\CNN_lenet5\solution5\.autopilot\db\calculateLayer4.pp.0.cpp:15959:13: note: FIX-IT applied suggested code changes
C:\Users\TRETEC\OneDrive\Documents\Master2\HLS-FPGA\cnn_hls\CNN_lenet5\solution5\.autopilot\db\calculateLayer4.pp.0.cpp:15965:17: warning: Added loop label VITIS_LOOP_1289_10:   [xilinx-label-all-loops]
                for (int j = 22; j >= I_+10; j--){
                ^~~
                VITIS_LOOP_1289_10: 
C:\Users\TRETEC\OneDrive\Documents\Master2\HLS-FPGA\cnn_hls\CNN_lenet5\solution5\.autopilot\db\calculateLayer4.pp.0.cpp:15965:17: note: FIX-IT applied suggested code changes
C:\Users\TRETEC\OneDrive\Documents\Master2\HLS-FPGA\cnn_hls\CNN_lenet5\solution5\.autopilot\db\calculateLayer4.pp.0.cpp:15969:17: warning: Added loop label VITIS_LOOP_1293_11:   [xilinx-label-all-loops]
                for (int j = I_+9; j >= 0; j--) {
                ^~~
                VITIS_LOOP_1293_11: 
C:\Users\TRETEC\OneDrive\Documents\Master2\HLS-FPGA\cnn_hls\CNN_lenet5\solution5\.autopilot\db\calculateLayer4.pp.0.cpp:15969:17: note: FIX-IT applied suggested code changes
C:\Users\TRETEC\OneDrive\Documents\Master2\HLS-FPGA\cnn_hls\CNN_lenet5\solution5\.autopilot\db\calculateLayer4.pp.0.cpp:15989:9: warning: Added loop label VITIS_LOOP_1313_12:   [xilinx-label-all-loops]
        for (int j = wf+4; j < w-1; j++){
        ^~~
        VITIS_LOOP_1313_12: 
C:\Users\TRETEC\OneDrive\Documents\Master2\HLS-FPGA\cnn_hls\CNN_lenet5\solution5\.autopilot\db\calculateLayer4.pp.0.cpp:15989:9: note: FIX-IT applied suggested code changes
C:\Users\TRETEC\OneDrive\Documents\Master2\HLS-FPGA\cnn_hls\CNN_lenet5\solution5\.autopilot\db\calculateLayer4.pp.0.cpp:15996:17: warning: Added loop label VITIS_LOOP_1320_13:   [xilinx-label-all-loops]
                for (int j = 0; j < 46; j++) {
                ^~~
                VITIS_LOOP_1320_13: 
C:\Users\TRETEC\OneDrive\Documents\Master2\HLS-FPGA\cnn_hls\CNN_lenet5\solution5\.autopilot\db\calculateLayer4.pp.0.cpp:15996:17: note: FIX-IT applied suggested code changes
C:\Users\TRETEC\OneDrive\Documents\Master2\HLS-FPGA\cnn_hls\CNN_lenet5\solution5\.autopilot\db\calculateLayer4.pp.0.cpp:16258:13: warning: Added loop label VITIS_LOOP_1582_14:   [xilinx-label-all-loops]
            for (int j = 46; j >= I_+22; j--) {
            ^~~
            VITIS_LOOP_1582_14: 
C:\Users\TRETEC\OneDrive\Documents\Master2\HLS-FPGA\cnn_hls\CNN_lenet5\solution5\.autopilot\db\calculateLayer4.pp.0.cpp:16258:13: note: FIX-IT applied suggested code changes
C:\Users\TRETEC\OneDrive\Documents\Master2\HLS-FPGA\cnn_hls\CNN_lenet5\solution5\.autopilot\db\calculateLayer4.pp.0.cpp:16264:17: warning: Added loop label VITIS_LOOP_1588_15:   [xilinx-label-all-loops]
                for (int j = 46; j >= I_+22; j--) {
                ^~~
                VITIS_LOOP_1588_15: 
C:\Users\TRETEC\OneDrive\Documents\Master2\HLS-FPGA\cnn_hls\CNN_lenet5\solution5\.autopilot\db\calculateLayer4.pp.0.cpp:16264:17: note: FIX-IT applied suggested code changes
C:\Users\TRETEC\OneDrive\Documents\Master2\HLS-FPGA\cnn_hls\CNN_lenet5\solution5\.autopilot\db\calculateLayer4.pp.0.cpp:16268:17: warning: Added loop label VITIS_LOOP_1592_16:   [xilinx-label-all-loops]
                for (int j = I_+21; j >= 0; j--) {
                ^~~
                VITIS_LOOP_1592_16: 
C:\Users\TRETEC\OneDrive\Documents\Master2\HLS-FPGA\cnn_hls\CNN_lenet5\solution5\.autopilot\db\calculateLayer4.pp.0.cpp:16268:17: note: FIX-IT applied suggested code changes
C:\Users\TRETEC\OneDrive\Documents\Master2\HLS-FPGA\cnn_hls\CNN_lenet5\solution5\.autopilot\db\calculateLayer4.pp.0.cpp:16292:9: warning: Added loop label VITIS_LOOP_1616_17:   [xilinx-label-all-loops]
        for (int j = wf+5; j < w-1; j++){
        ^~~
        VITIS_LOOP_1616_17: 
C:\Users\TRETEC\OneDrive\Documents\Master2\HLS-FPGA\cnn_hls\CNN_lenet5\solution5\.autopilot\db\calculateLayer4.pp.0.cpp:16292:9: note: FIX-IT applied suggested code changes
C:\Users\TRETEC\OneDrive\Documents\Master2\HLS-FPGA\cnn_hls\CNN_lenet5\solution5\.autopilot\db\calculateLayer4.pp.0.cpp:16299:17: warning: Added loop label VITIS_LOOP_1623_18:   [xilinx-label-all-loops]
                for (int j = 0; j < 64; j++) {
                ^~~
                VITIS_LOOP_1623_18: 
C:\Users\TRETEC\OneDrive\Documents\Master2\HLS-FPGA\cnn_hls\CNN_lenet5\solution5\.autopilot\db\calculateLayer4.pp.0.cpp:16299:17: note: FIX-IT applied suggested code changes
C:\Users\TRETEC\OneDrive\Documents\Master2\HLS-FPGA\cnn_hls\CNN_lenet5\solution5\.autopilot\db\calculateLayer4.pp.0.cpp:16729:13: warning: Added loop label VITIS_LOOP_2053_19:   [xilinx-label-all-loops]
            for (int j = 64; j >= I_+31; j--) {
            ^~~
            VITIS_LOOP_2053_19: 
C:\Users\TRETEC\OneDrive\Documents\Master2\HLS-FPGA\cnn_hls\CNN_lenet5\solution5\.autopilot\db\calculateLayer4.pp.0.cpp:16729:13: note: FIX-IT applied suggested code changes
C:\Users\TRETEC\OneDrive\Documents\Master2\HLS-FPGA\cnn_hls\CNN_lenet5\solution5\.autopilot\db\calculateLayer4.pp.0.cpp:16735:17: warning: Added loop label VITIS_LOOP_2059_20:   [xilinx-label-all-loops]
                for (int j = 64; j >= I_+31; j--) {
                ^~~
                VITIS_LOOP_2059_20: 
C:\Users\TRETEC\OneDrive\Documents\Master2\HLS-FPGA\cnn_hls\CNN_lenet5\solution5\.autopilot\db\calculateLayer4.pp.0.cpp:16735:17: note: FIX-IT applied suggested code changes
C:\Users\TRETEC\OneDrive\Documents\Master2\HLS-FPGA\cnn_hls\CNN_lenet5\solution5\.autopilot\db\calculateLayer4.pp.0.cpp:16739:17: warning: Added loop label VITIS_LOOP_2063_21:   [xilinx-label-all-loops]
                for (int j = I_+30; j >= 0; j--) {
                ^~~
                VITIS_LOOP_2063_21: 
C:\Users\TRETEC\OneDrive\Documents\Master2\HLS-FPGA\cnn_hls\CNN_lenet5\solution5\.autopilot\db\calculateLayer4.pp.0.cpp:16739:17: note: FIX-IT applied suggested code changes
C:\Users\TRETEC\OneDrive\Documents\Master2\HLS-FPGA\cnn_hls\CNN_lenet5\solution5\.autopilot\db\calculateLayer4.pp.0.cpp:16869:13: warning: Added loop label VITIS_LOOP_2193_1:   [xilinx-label-all-loops]
            for(int j=3; j>=I+1; j--) {
            ^~~
            VITIS_LOOP_2193_1: 
C:\Users\TRETEC\OneDrive\Documents\Master2\HLS-FPGA\cnn_hls\CNN_lenet5\solution5\.autopilot\db\calculateLayer4.pp.0.cpp:16869:13: note: FIX-IT applied suggested code changes
C:\Users\TRETEC\OneDrive\Documents\Master2\HLS-FPGA\cnn_hls\CNN_lenet5\solution5\.autopilot\db\calculateLayer4.pp.0.cpp:16876:17: warning: Added loop label VITIS_LOOP_2200_2:   [xilinx-label-all-loops]
                for(int j=3; j>=I+1; j--) {
                ^~~
                VITIS_LOOP_2200_2: 
C:\Users\TRETEC\OneDrive\Documents\Master2\HLS-FPGA\cnn_hls\CNN_lenet5\solution5\.autopilot\db\calculateLayer4.pp.0.cpp:16876:17: note: FIX-IT applied suggested code changes
C:\Users\TRETEC\OneDrive\Documents\Master2\HLS-FPGA\cnn_hls\CNN_lenet5\solution5\.autopilot\db\calculateLayer4.pp.0.cpp:16880:17: warning: Added loop label VITIS_LOOP_2204_3:   [xilinx-label-all-loops]
                for(int j=I; j>=0; j--) {
                ^~~
                VITIS_LOOP_2204_3: 
C:\Users\TRETEC\OneDrive\Documents\Master2\HLS-FPGA\cnn_hls\CNN_lenet5\solution5\.autopilot\db\calculateLayer4.pp.0.cpp:16880:17: note: FIX-IT applied suggested code changes
C:\Users\TRETEC\OneDrive\Documents\Master2\HLS-FPGA\cnn_hls\CNN_lenet5\solution5\.autopilot\db\calculateLayer4.pp.0.cpp:16927:13: warning: Added loop label VITIS_LOOP_2251_4:   [xilinx-label-all-loops]
            for(int j=7; j>=3+I; j--) {
            ^~~
            VITIS_LOOP_2251_4: 
C:\Users\TRETEC\OneDrive\Documents\Master2\HLS-FPGA\cnn_hls\CNN_lenet5\solution5\.autopilot\db\calculateLayer4.pp.0.cpp:16927:13: note: FIX-IT applied suggested code changes
C:\Users\TRETEC\OneDrive\Documents\Master2\HLS-FPGA\cnn_hls\CNN_lenet5\solution5\.autopilot\db\calculateLayer4.pp.0.cpp:16934:17: warning: Added loop label VITIS_LOOP_2258_5:   [xilinx-label-all-loops]
                for(int j=7; j>=3+I; j--) {
                ^~~
                VITIS_LOOP_2258_5: 
C:\Users\TRETEC\OneDrive\Documents\Master2\HLS-FPGA\cnn_hls\CNN_lenet5\solution5\.autopilot\db\calculateLayer4.pp.0.cpp:16934:17: note: FIX-IT applied suggested code changes
C:\Users\TRETEC\OneDrive\Documents\Master2\HLS-FPGA\cnn_hls\CNN_lenet5\solution5\.autopilot\db\calculateLayer4.pp.0.cpp:16938:17: warning: Added loop label VITIS_LOOP_2262_6:   [xilinx-label-all-loops]
                for(int j=I+2; j>=0; j--) {
                ^~~
                VITIS_LOOP_2262_6: 
C:\Users\TRETEC\OneDrive\Documents\Master2\HLS-FPGA\cnn_hls\CNN_lenet5\solution5\.autopilot\db\calculateLayer4.pp.0.cpp:16938:17: note: FIX-IT applied suggested code changes
C:\Users\TRETEC\OneDrive\Documents\Master2\HLS-FPGA\cnn_hls\CNN_lenet5\solution5\.autopilot\db\calculateLayer4.pp.0.cpp:16956:9: warning: Added loop label VITIS_LOOP_2280_7:   [xilinx-label-all-loops]
        for(int j=11; j<16; j++) {
        ^~~
        VITIS_LOOP_2280_7: 
C:\Users\TRETEC\OneDrive\Documents\Master2\HLS-FPGA\cnn_hls\CNN_lenet5\solution5\.autopilot\db\calculateLayer4.pp.0.cpp:16956:9: note: FIX-IT applied suggested code changes
C:\Users\TRETEC\OneDrive\Documents\Master2\HLS-FPGA\cnn_hls\CNN_lenet5\solution5\.autopilot\db\calculateLayer4.pp.0.cpp:17011:13: warning: Added loop label VITIS_LOOP_2335_8:   [xilinx-label-all-loops]
            for(int j=15; j>=7+I; j--) {
            ^~~
            VITIS_LOOP_2335_8: 
C:\Users\TRETEC\OneDrive\Documents\Master2\HLS-FPGA\cnn_hls\CNN_lenet5\solution5\.autopilot\db\calculateLayer4.pp.0.cpp:17011:13: note: FIX-IT applied suggested code changes
C:\Users\TRETEC\OneDrive\Documents\Master2\HLS-FPGA\cnn_hls\CNN_lenet5\solution5\.autopilot\db\calculateLayer4.pp.0.cpp:17018:17: warning: Added loop label VITIS_LOOP_2342_9:   [xilinx-label-all-loops]
                for(int j=15; j>=7+I; j--) {
                ^~~
                VITIS_LOOP_2342_9: 
C:\Users\TRETEC\OneDrive\Documents\Master2\HLS-FPGA\cnn_hls\CNN_lenet5\solution5\.autopilot\db\calculateLayer4.pp.0.cpp:17018:17: note: FIX-IT applied suggested code changes
C:\Users\TRETEC\OneDrive\Documents\Master2\HLS-FPGA\cnn_hls\CNN_lenet5\solution5\.autopilot\db\calculateLayer4.pp.0.cpp:17022:17: warning: Added loop label VITIS_LOOP_2346_10:   [xilinx-label-all-loops]
                for(int j=6+I; j>=0; j--) {
                ^~~
                VITIS_LOOP_2346_10: 
C:\Users\TRETEC\OneDrive\Documents\Master2\HLS-FPGA\cnn_hls\CNN_lenet5\solution5\.autopilot\db\calculateLayer4.pp.0.cpp:17022:17: note: FIX-IT applied suggested code changes
C:\Users\TRETEC\OneDrive\Documents\Master2\HLS-FPGA\cnn_hls\CNN_lenet5\solution5\.autopilot\db\calculateLayer4.pp.0.cpp:17040:9: warning: Added loop label VITIS_LOOP_2364_11:   [xilinx-label-all-loops]
        for(int j=20; j<32; j++) {
        ^~~
        VITIS_LOOP_2364_11: 
C:\Users\TRETEC\OneDrive\Documents\Master2\HLS-FPGA\cnn_hls\CNN_lenet5\solution5\.autopilot\db\calculateLayer4.pp.0.cpp:17040:9: note: FIX-IT applied suggested code changes
C:\Users\TRETEC\OneDrive\Documents\Master2\HLS-FPGA\cnn_hls\CNN_lenet5\solution5\.autopilot\db\calculateLayer4.pp.0.cpp:17129:13: warning: Added loop label VITIS_LOOP_2453_12:   [xilinx-label-all-loops]
            for(int j=31; j>=I+15; j--) {
            ^~~
            VITIS_LOOP_2453_12: 
C:\Users\TRETEC\OneDrive\Documents\Master2\HLS-FPGA\cnn_hls\CNN_lenet5\solution5\.autopilot\db\calculateLayer4.pp.0.cpp:17129:13: note: FIX-IT applied suggested code changes
C:\Users\TRETEC\OneDrive\Documents\Master2\HLS-FPGA\cnn_hls\CNN_lenet5\solution5\.autopilot\db\calculateLayer4.pp.0.cpp:17136:17: warning: Added loop label VITIS_LOOP_2460_13:   [xilinx-label-all-loops]
                for(int j=31; j>=I+15; j--) {
                ^~~
                VITIS_LOOP_2460_13: 
C:\Users\TRETEC\OneDrive\Documents\Master2\HLS-FPGA\cnn_hls\CNN_lenet5\solution5\.autopilot\db\calculateLayer4.pp.0.cpp:17136:17: note: FIX-IT applied suggested code changes
C:\Users\TRETEC\OneDrive\Documents\Master2\HLS-FPGA\cnn_hls\CNN_lenet5\solution5\.autopilot\db\calculateLayer4.pp.0.cpp:17140:17: warning: Added loop label VITIS_LOOP_2464_14:   [xilinx-label-all-loops]
                for(int j=I+14; j>=0; j--) {
                ^~~
                VITIS_LOOP_2464_14: 
C:\Users\TRETEC\OneDrive\Documents\Master2\HLS-FPGA\cnn_hls\CNN_lenet5\solution5\.autopilot\db\calculateLayer4.pp.0.cpp:17140:17: note: FIX-IT applied suggested code changes
C:\Users\TRETEC\OneDrive\Documents\Master2\HLS-FPGA\cnn_hls\CNN_lenet5\solution5\.autopilot\db\calculateLayer4.pp.0.cpp:17150:9: warning: Added loop label VITIS_LOOP_2474_15:   [xilinx-label-all-loops]
        for(int j=32-F; j<32+I; j++) {
        ^~~
        VITIS_LOOP_2474_15: 
C:\Users\TRETEC\OneDrive\Documents\Master2\HLS-FPGA\cnn_hls\CNN_lenet5\solution5\.autopilot\db\calculateLayer4.pp.0.cpp:17150:9: note: FIX-IT applied suggested code changes
C:\Users\TRETEC\OneDrive\Documents\Master2\HLS-FPGA\cnn_hls\CNN_lenet5\solution5\.autopilot\db\calculateLayer4.pp.0.cpp:17154:9: warning: Added loop label VITIS_LOOP_2478_16:   [xilinx-label-all-loops]
        for(int j=32+I; j<=64; j++) {
        ^~~
        VITIS_LOOP_2478_16: 
C:\Users\TRETEC\OneDrive\Documents\Master2\HLS-FPGA\cnn_hls\CNN_lenet5\solution5\.autopilot\db\calculateLayer4.pp.0.cpp:17154:9: note: FIX-IT applied suggested code changes
C:\Users\TRETEC\OneDrive\Documents\Master2\HLS-FPGA\cnn_hls\CNN_lenet5\solution5\.autopilot\db\calculateLayer4.pp.0.cpp:17165:9: warning: Added loop label VITIS_LOOP_2489_17:   [xilinx-label-all-loops]
        for(int j=37; j<64; j++) {
        ^~~
        VITIS_LOOP_2489_17: 
C:\Users\TRETEC\OneDrive\Documents\Master2\HLS-FPGA\cnn_hls\CNN_lenet5\solution5\.autopilot\db\calculateLayer4.pp.0.cpp:17165:9: note: FIX-IT applied suggested code changes
C:\Users\TRETEC\OneDrive\Documents\Master2\HLS-FPGA\cnn_hls\CNN_lenet5\solution5\.autopilot\db\calculateLayer4.pp.0.cpp:17173:17: warning: Added loop label VITIS_LOOP_2497_18:   [xilinx-label-all-loops]
                for(int j=0; j<64; j++) {
                ^~~
                VITIS_LOOP_2497_18: 
C:\Users\TRETEC\OneDrive\Documents\Master2\HLS-FPGA\cnn_hls\CNN_lenet5\solution5\.autopilot\db\calculateLayer4.pp.0.cpp:17173:17: note: FIX-IT applied suggested code changes
C:\Users\TRETEC\OneDrive\Documents\Master2\HLS-FPGA\cnn_hls\CNN_lenet5\solution5\.autopilot\db\calculateLayer4.pp.0.cpp:17498:13: warning: Added loop label VITIS_LOOP_2822_19:   [xilinx-label-all-loops]
            for(int j=63; j>=I+31; j--) {
            ^~~
            VITIS_LOOP_2822_19: 
C:\Users\TRETEC\OneDrive\Documents\Master2\HLS-FPGA\cnn_hls\CNN_lenet5\solution5\.autopilot\db\calculateLayer4.pp.0.cpp:17498:13: note: FIX-IT applied suggested code changes
C:\Users\TRETEC\OneDrive\Documents\Master2\HLS-FPGA\cnn_hls\CNN_lenet5\solution5\.autopilot\db\calculateLayer4.pp.0.cpp:17505:17: warning: Added loop label VITIS_LOOP_2829_20:   [xilinx-label-all-loops]
                for(int j=63; j>=I+31; j--) {
                ^~~
                VITIS_LOOP_2829_20: 
C:\Users\TRETEC\OneDrive\Documents\Master2\HLS-FPGA\cnn_hls\CNN_lenet5\solution5\.autopilot\db\calculateLayer4.pp.0.cpp:17505:17: note: FIX-IT applied suggested code changes
C:\Users\TRETEC\OneDrive\Documents\Master2\HLS-FPGA\cnn_hls\CNN_lenet5\solution5\.autopilot\db\calculateLayer4.pp.0.cpp:17509:17: warning: Added loop label VITIS_LOOP_2833_21:   [xilinx-label-all-loops]
                for(int j=I+30; j>=0; j--) {
                ^~~
                VITIS_LOOP_2833_21: 
C:\Users\TRETEC\OneDrive\Documents\Master2\HLS-FPGA\cnn_hls\CNN_lenet5\solution5\.autopilot\db\calculateLayer4.pp.0.cpp:17509:17: note: FIX-IT applied suggested code changes
C:\Users\TRETEC\OneDrive\Documents\Master2\HLS-FPGA\cnn_hls\CNN_lenet5\solution5\.autopilot\db\calculateLayer4.pp.0.cpp:17597:4: warning: Added loop label VITIS_LOOP_2921_1:   [xilinx-label-all-loops]
   for(int j = 5; j>=I_+2; j--) {
   ^~~
   VITIS_LOOP_2921_1: 
C:\Users\TRETEC\OneDrive\Documents\Master2\HLS-FPGA\cnn_hls\CNN_lenet5\solution5\.autopilot\db\calculateLayer4.pp.0.cpp:17597:4: note: FIX-IT applied suggested code changes
C:\Users\TRETEC\OneDrive\Documents\Master2\HLS-FPGA\cnn_hls\CNN_lenet5\solution5\.autopilot\db\calculateLayer4.pp.0.cpp:17604:5: warning: Added loop label VITIS_LOOP_2928_2:   [xilinx-label-all-loops]
    for(int j = 5; j>=I_+2; j--) {
    ^~~
    VITIS_LOOP_2928_2: 
C:\Users\TRETEC\OneDrive\Documents\Master2\HLS-FPGA\cnn_hls\CNN_lenet5\solution5\.autopilot\db\calculateLayer4.pp.0.cpp:17604:5: note: FIX-IT applied suggested code changes
C:\Users\TRETEC\OneDrive\Documents\Master2\HLS-FPGA\cnn_hls\CNN_lenet5\solution5\.autopilot\db\calculateLayer4.pp.0.cpp:17608:5: warning: Added loop label VITIS_LOOP_2932_3:   [xilinx-label-all-loops]
    for(int j = I_+1; j>=0; j--) {
    ^~~
    VITIS_LOOP_2932_3: 
C:\Users\TRETEC\OneDrive\Documents\Master2\HLS-FPGA\cnn_hls\CNN_lenet5\solution5\.autopilot\db\calculateLayer4.pp.0.cpp:17608:5: note: FIX-IT applied suggested code changes
C:\Users\TRETEC\OneDrive\Documents\Master2\HLS-FPGA\cnn_hls\CNN_lenet5\solution5\.autopilot\db\calculateLayer4.pp.0.cpp:17623:3: warning: Added loop label VITIS_LOOP_2947_4:   [xilinx-label-all-loops]
  for(int j = 11; j >=7; j--) {
  ^~~
  VITIS_LOOP_2947_4: 
C:\Users\TRETEC\OneDrive\Documents\Master2\HLS-FPGA\cnn_hls\CNN_lenet5\solution5\.autopilot\db\calculateLayer4.pp.0.cpp:17623:3: note: FIX-IT applied suggested code changes
C:\Users\TRETEC\OneDrive\Documents\Master2\HLS-FPGA\cnn_hls\CNN_lenet5\solution5\.autopilot\db\calculateLayer4.pp.0.cpp:17655:4: warning: Added loop label VITIS_LOOP_2979_5:   [xilinx-label-all-loops]
   for(int j = 11; j >= I_+5; j--) {
   ^~~
   VITIS_LOOP_2979_5: 
C:\Users\TRETEC\OneDrive\Documents\Master2\HLS-FPGA\cnn_hls\CNN_lenet5\solution5\.autopilot\db\calculateLayer4.pp.0.cpp:17655:4: note: FIX-IT applied suggested code changes
C:\Users\TRETEC\OneDrive\Documents\Master2\HLS-FPGA\cnn_hls\CNN_lenet5\solution5\.autopilot\db\calculateLayer4.pp.0.cpp:17662:5: warning: Added loop label VITIS_LOOP_2986_6:   [xilinx-label-all-loops]
    for(int j = 11; j>= I_+5; j--) {
    ^~~
    VITIS_LOOP_2986_6: 
C:\Users\TRETEC\OneDrive\Documents\Master2\HLS-FPGA\cnn_hls\CNN_lenet5\solution5\.autopilot\db\calculateLayer4.pp.0.cpp:17662:5: note: FIX-IT applied suggested code changes
C:\Users\TRETEC\OneDrive\Documents\Master2\HLS-FPGA\cnn_hls\CNN_lenet5\solution5\.autopilot\db\calculateLayer4.pp.0.cpp:17666:5: warning: Added loop label VITIS_LOOP_2990_7:   [xilinx-label-all-loops]
    for(int j = I_+4; j>=0; j--) {
    ^~~
    VITIS_LOOP_2990_7: 
C:\Users\TRETEC\OneDrive\Documents\Master2\HLS-FPGA\cnn_hls\CNN_lenet5\solution5\.autopilot\db\calculateLayer4.pp.0.cpp:17666:5: note: FIX-IT applied suggested code changes
C:\Users\TRETEC\OneDrive\Documents\Master2\HLS-FPGA\cnn_hls\CNN_lenet5\solution5\.autopilot\db\calculateLayer4.pp.0.cpp:17681:3: warning: Added loop label VITIS_LOOP_3005_8:   [xilinx-label-all-loops]
  for(int j = 25; j>=15; j--) {
  ^~~
  VITIS_LOOP_3005_8: 
C:\Users\TRETEC\OneDrive\Documents\Master2\HLS-FPGA\cnn_hls\CNN_lenet5\solution5\.autopilot\db\calculateLayer4.pp.0.cpp:17681:3: note: FIX-IT applied suggested code changes
C:\Users\TRETEC\OneDrive\Documents\Master2\HLS-FPGA\cnn_hls\CNN_lenet5\solution5\.autopilot\db\calculateLayer4.pp.0.cpp:17731:4: warning: Added loop label VITIS_LOOP_3055_9:   [xilinx-label-all-loops]
   for(int j = 25; j>= I_+12; j--) {
   ^~~
   VITIS_LOOP_3055_9: 
C:\Users\TRETEC\OneDrive\Documents\Master2\HLS-FPGA\cnn_hls\CNN_lenet5\solution5\.autopilot\db\calculateLayer4.pp.0.cpp:17731:4: note: FIX-IT applied suggested code changes
C:\Users\TRETEC\OneDrive\Documents\Master2\HLS-FPGA\cnn_hls\CNN_lenet5\solution5\.autopilot\db\calculateLayer4.pp.0.cpp:17738:5: warning: Added loop label VITIS_LOOP_3062_10:   [xilinx-label-all-loops]
    for(int j = 25; j>=I_+12; j--) {
    ^~~
    VITIS_LOOP_3062_10: 
C:\Users\TRETEC\OneDrive\Documents\Master2\HLS-FPGA\cnn_hls\CNN_lenet5\solution5\.autopilot\db\calculateLayer4.pp.0.cpp:17738:5: note: FIX-IT applied suggested code changes
C:\Users\TRETEC\OneDrive\Documents\Master2\HLS-FPGA\cnn_hls\CNN_lenet5\solution5\.autopilot\db\calculateLayer4.pp.0.cpp:17742:5: warning: Added loop label VITIS_LOOP_3066_11:   [xilinx-label-all-loops]
    for(int j = I_+11; j>=0; j--) {
    ^~~
    VITIS_LOOP_3066_11: 
C:\Users\TRETEC\OneDrive\Documents\Master2\HLS-FPGA\cnn_hls\CNN_lenet5\solution5\.autopilot\db\calculateLayer4.pp.0.cpp:17742:5: note: FIX-IT applied suggested code changes
C:\Users\TRETEC\OneDrive\Documents\Master2\HLS-FPGA\cnn_hls\CNN_lenet5\solution5\.autopilot\db\calculateLayer4.pp.0.cpp:17757:3: warning: Added loop label VITIS_LOOP_3081_12:   [xilinx-label-all-loops]
  for(int j = 51; j >= 29; j--) {
  ^~~
  VITIS_LOOP_3081_12: 
C:\Users\TRETEC\OneDrive\Documents\Master2\HLS-FPGA\cnn_hls\CNN_lenet5\solution5\.autopilot\db\calculateLayer4.pp.0.cpp:17757:3: note: FIX-IT applied suggested code changes
C:\Users\TRETEC\OneDrive\Documents\Master2\HLS-FPGA\cnn_hls\CNN_lenet5\solution5\.autopilot\db\calculateLayer4.pp.0.cpp:17894:4: warning: Added loop label VITIS_LOOP_3218_13:   [xilinx-label-all-loops]
   for(int j = 51; j >= 25 + I_; j--) {
   ^~~
   VITIS_LOOP_3218_13: 
C:\Users\TRETEC\OneDrive\Documents\Master2\HLS-FPGA\cnn_hls\CNN_lenet5\solution5\.autopilot\db\calculateLayer4.pp.0.cpp:17894:4: note: FIX-IT applied suggested code changes
C:\Users\TRETEC\OneDrive\Documents\Master2\HLS-FPGA\cnn_hls\CNN_lenet5\solution5\.autopilot\db\calculateLayer4.pp.0.cpp:17901:5: warning: Added loop label VITIS_LOOP_3225_14:   [xilinx-label-all-loops]
    for(int j = 51; j>=25 + I_; j--) {
    ^~~
    VITIS_LOOP_3225_14: 
C:\Users\TRETEC\OneDrive\Documents\Master2\HLS-FPGA\cnn_hls\CNN_lenet5\solution5\.autopilot\db\calculateLayer4.pp.0.cpp:17901:5: note: FIX-IT applied suggested code changes
C:\Users\TRETEC\OneDrive\Documents\Master2\HLS-FPGA\cnn_hls\CNN_lenet5\solution5\.autopilot\db\calculateLayer4.pp.0.cpp:17905:5: warning: Added loop label VITIS_LOOP_3229_15:   [xilinx-label-all-loops]
    for(int j = 24 + I_; j >= 0; j--) {
    ^~~
    VITIS_LOOP_3229_15: 
C:\Users\TRETEC\OneDrive\Documents\Master2\HLS-FPGA\cnn_hls\CNN_lenet5\solution5\.autopilot\db\calculateLayer4.pp.0.cpp:17905:5: note: FIX-IT applied suggested code changes
C:\Users\TRETEC\OneDrive\Documents\Master2\HLS-FPGA\cnn_hls\CNN_lenet5\solution5\.autopilot\db\calculateLayer4.pp.0.cpp:17920:3: warning: Added loop label VITIS_LOOP_3244_16:   [xilinx-label-all-loops]
  for(int j = 63; j >= 36; j--) {
  ^~~
  VITIS_LOOP_3244_16: 
C:\Users\TRETEC\OneDrive\Documents\Master2\HLS-FPGA\cnn_hls\CNN_lenet5\solution5\.autopilot\db\calculateLayer4.pp.0.cpp:17920:3: note: FIX-IT applied suggested code changes
C:\Users\TRETEC\OneDrive\Documents\Master2\HLS-FPGA\cnn_hls\CNN_lenet5\solution5\.autopilot\db\calculateLayer4.pp.0.cpp:18080:4: warning: Added loop label VITIS_LOOP_3404_17:   [xilinx-label-all-loops]
   for(int j = 63; j >= 31 + I_; j--) {
   ^~~
   VITIS_LOOP_3404_17: 
C:\Users\TRETEC\OneDrive\Documents\Master2\HLS-FPGA\cnn_hls\CNN_lenet5\solution5\.autopilot\db\calculateLayer4.pp.0.cpp:18080:4: note: FIX-IT applied suggested code changes
C:\Users\TRETEC\OneDrive\Documents\Master2\HLS-FPGA\cnn_hls\CNN_lenet5\solution5\.autopilot\db\calculateLayer4.pp.0.cpp:18087:5: warning: Added loop label VITIS_LOOP_3411_18:   [xilinx-label-all-loops]
    for(int j = 63; j >= 31 + I_; j--) {
    ^~~
    VITIS_LOOP_3411_18: 
C:\Users\TRETEC\OneDrive\Documents\Master2\HLS-FPGA\cnn_hls\CNN_lenet5\solution5\.autopilot\db\calculateLayer4.pp.0.cpp:18087:5: note: FIX-IT applied suggested code changes
C:\Users\TRETEC\OneDrive\Documents\Master2\HLS-FPGA\cnn_hls\CNN_lenet5\solution5\.autopilot\db\calculateLayer4.pp.0.cpp:18091:5: warning: Added loop label VITIS_LOOP_3415_19:   [xilinx-label-all-loops]
    for(int j = 30 + I_; j >= 0; j--) {
    ^~~
    VITIS_LOOP_3415_19: 
C:\Users\TRETEC\OneDrive\Documents\Master2\HLS-FPGA\cnn_hls\CNN_lenet5\solution5\.autopilot\db\calculateLayer4.pp.0.cpp:18091:5: note: FIX-IT applied suggested code changes
C:\Users\TRETEC\OneDrive\Documents\Master2\HLS-FPGA\cnn_hls\CNN_lenet5\solution5\.autopilot\db\calculateLayer4.pp.0.cpp:18806:13: warning: Added loop label VITIS_LOOP_703_1:   [xilinx-label-all-loops]
            for (b_exp = I_-1; b_exp >= -F_; b_exp--) {
            ^~~
            VITIS_LOOP_703_1: 
C:\Users\TRETEC\OneDrive\Documents\Master2\HLS-FPGA\cnn_hls\CNN_lenet5\solution5\.autopilot\db\calculateLayer4.pp.0.cpp:18806:13: note: FIX-IT applied suggested code changes
C:\Users\TRETEC\OneDrive\Documents\Master2\HLS-FPGA\cnn_hls\CNN_lenet5\solution5\.autopilot\db\calculateLayer4.pp.0.cpp:19024:13: warning: Added loop label VITIS_LOOP_921_1:   [xilinx-label-all-loops]
            for (b_exp = I_-1; b_exp >= -F_; b_exp--) {
            ^~~
            VITIS_LOOP_921_1: 
C:\Users\TRETEC\OneDrive\Documents\Master2\HLS-FPGA\cnn_hls\CNN_lenet5\solution5\.autopilot\db\calculateLayer4.pp.0.cpp:19024:13: note: FIX-IT applied suggested code changes
C:\Users\TRETEC\OneDrive\Documents\Master2\HLS-FPGA\cnn_hls\CNN_lenet5\solution5\.autopilot\db\calculateLayer4.pp.0.cpp:19441:13: warning: Added loop label VITIS_LOOP_1345_1:   [xilinx-label-all-loops]
            for (b_exp = I_-1; b_exp >= -F_; b_exp--) {
            ^~~
            VITIS_LOOP_1345_1: 
C:\Users\TRETEC\OneDrive\Documents\Master2\HLS-FPGA\cnn_hls\CNN_lenet5\solution5\.autopilot\db\calculateLayer4.pp.0.cpp:19441:13: note: FIX-IT applied suggested code changes
C:\Users\TRETEC\OneDrive\Documents\Master2\HLS-FPGA\cnn_hls\CNN_lenet5\solution5\.autopilot\db\calculateLayer4.pp.0.cpp:19761:9: warning: Added loop label VITIS_LOOP_240_1:   [xilinx-label-all-loops]
        for ( int pos = msbr-1; pos >= 0; pos-- ) {
        ^~~
        VITIS_LOOP_240_1: 
C:\Users\TRETEC\OneDrive\Documents\Master2\HLS-FPGA\cnn_hls\CNN_lenet5\solution5\.autopilot\db\calculateLayer4.pp.0.cpp:19761:9: note: FIX-IT applied suggested code changes
C:\Users\TRETEC\OneDrive\Documents\Master2\HLS-FPGA\cnn_hls\CNN_lenet5\solution5\.autopilot\db\calculateLayer4.pp.0.cpp:19789:9: warning: Added loop label VITIS_LOOP_268_2:   [xilinx-label-all-loops]
        for ( int pos = -1; pos >= -F_-1; pos-- ) {
        ^~~
        VITIS_LOOP_268_2: 
C:\Users\TRETEC\OneDrive\Documents\Master2\HLS-FPGA\cnn_hls\CNN_lenet5\solution5\.autopilot\db\calculateLayer4.pp.0.cpp:19789:9: note: FIX-IT applied suggested code changes
C:\Users\TRETEC\OneDrive\Documents\Master2\HLS-FPGA\cnn_hls\CNN_lenet5\solution5\.autopilot\db\calculateLayer4.pp.0.cpp:20491:13: warning: Added loop label VITIS_LOOP_48_1:   [xilinx-label-all-loops]
            for (int j = 0; j < W_-1; j++){
            ^~~
            VITIS_LOOP_48_1: 
C:\Users\TRETEC\OneDrive\Documents\Master2\HLS-FPGA\cnn_hls\CNN_lenet5\solution5\.autopilot\db\calculateLayer4.pp.0.cpp:20491:13: note: FIX-IT applied suggested code changes
C:\Users\TRETEC\OneDrive\Documents\Master2\HLS-FPGA\cnn_hls\CNN_lenet5\solution5\.autopilot\db\calculateLayer4.pp.0.cpp:20544:5: warning: Added loop label VITIS_LOOP_109_2:   [xilinx-label-all-loops]
    for (int j = F_l+F_+I_m-1; j < F_l+W_+5; j++){
    ^~~
    VITIS_LOOP_109_2: 
C:\Users\TRETEC\OneDrive\Documents\Master2\HLS-FPGA\cnn_hls\CNN_lenet5\solution5\.autopilot\db\calculateLayer4.pp.0.cpp:20544:5: note: FIX-IT applied suggested code changes
C:\Users\TRETEC\OneDrive\Documents\Master2\HLS-FPGA\cnn_hls\CNN_lenet5\solution5\.autopilot\db\calculateLayer4.pp.0.cpp:20558:13: warning: Added loop label VITIS_LOOP_123_3:   [xilinx-label-all-loops]
            for (int j = WO_m-1; j >= W_-1; j--) {
            ^~~
            VITIS_LOOP_123_3: 
C:\Users\TRETEC\OneDrive\Documents\Master2\HLS-FPGA\cnn_hls\CNN_lenet5\solution5\.autopilot\db\calculateLayer4.pp.0.cpp:20558:13: note: FIX-IT applied suggested code changes
C:\Users\TRETEC\OneDrive\Documents\Master2\HLS-FPGA\cnn_hls\CNN_lenet5\solution5\.autopilot\db\calculateLayer4.pp.0.cpp:20588:13: warning: Added loop label VITIS_LOOP_153_4:   [xilinx-label-all-loops]
            for (int j = W_-2; j >= 0; j--){
            ^~~
            VITIS_LOOP_153_4: 
C:\Users\TRETEC\OneDrive\Documents\Master2\HLS-FPGA\cnn_hls\CNN_lenet5\solution5\.autopilot\db\calculateLayer4.pp.0.cpp:20588:13: note: FIX-IT applied suggested code changes
C:\Users\TRETEC\OneDrive\Documents\Master2\HLS-FPGA\cnn_hls\CNN_lenet5\solution5\.autopilot\db\calculateLayer4.pp.0.cpp:20673:12: warning: Added loop label VITIS_LOOP_281_1:   [xilinx-label-all-loops]
           for(int i = wf_log+we_log-2; i > WI_e - 2; --i) {
           ^~~
           VITIS_LOOP_281_1: 
C:\Users\TRETEC\OneDrive\Documents\Master2\HLS-FPGA\cnn_hls\CNN_lenet5\solution5\.autopilot\db\calculateLayer4.pp.0.cpp:20673:12: note: FIX-IT applied suggested code changes
C:\Users\TRETEC\OneDrive\Documents\Master2\HLS-FPGA\cnn_hls\CNN_lenet5\solution5\.autopilot\db\calculateLayer4.pp.0.cpp:20693:16: warning: Added loop label VITIS_LOOP_301_2:   [xilinx-label-all-loops]
               for (int j = WO_e-1; j >= W_-1; j--) {
               ^~~
               VITIS_LOOP_301_2: 
C:\Users\TRETEC\OneDrive\Documents\Master2\HLS-FPGA\cnn_hls\CNN_lenet5\solution5\.autopilot\db\calculateLayer4.pp.0.cpp:20693:16: note: FIX-IT applied suggested code changes
C:\Users\TRETEC\OneDrive\Documents\Master2\HLS-FPGA\cnn_hls\CNN_lenet5\solution5\.autopilot\db\calculateLayer4.pp.0.cpp:20707:20: warning: Added loop label VITIS_LOOP_315_3:   [xilinx-label-all-loops]
                   for(int i = 0; i < W_-1; ++i) {
                   ^~~
                   VITIS_LOOP_315_3: 
C:\Users\TRETEC\OneDrive\Documents\Master2\HLS-FPGA\cnn_hls\CNN_lenet5\solution5\.autopilot\db\calculateLayer4.pp.0.cpp:20707:20: note: FIX-IT applied suggested code changes
C:\Users\TRETEC\OneDrive\Documents\Master2\HLS-FPGA\cnn_hls\CNN_lenet5\solution5\.autopilot\db\calculateLayer4.pp.0.cpp:20800:12: warning: Added loop label VITIS_LOOP_433_1:   [xilinx-label-all-loops]
           for (int j =WO_d-1; j >= W_-1; j--) {
           ^~~
           VITIS_LOOP_433_1: 
C:\Users\TRETEC\OneDrive\Documents\Master2\HLS-FPGA\cnn_hls\CNN_lenet5\solution5\.autopilot\db\calculateLayer4.pp.0.cpp:20800:12: note: FIX-IT applied suggested code changes
C:\Users\TRETEC\OneDrive\Documents\Master2\HLS-FPGA\cnn_hls\CNN_lenet5\solution5\.autopilot\db\calculateLayer4.pp.0.cpp:20814:15: warning: Added loop label VITIS_LOOP_447_2:   [xilinx-label-all-loops]
              for(int i = 0; i < W_-1; ++i) {
              ^~~
              VITIS_LOOP_447_2: 
C:\Users\TRETEC\OneDrive\Documents\Master2\HLS-FPGA\cnn_hls\CNN_lenet5\solution5\.autopilot\db\calculateLayer4.pp.0.cpp:20814:15: note: FIX-IT applied suggested code changes
C:\Users\TRETEC\OneDrive\Documents\Master2\HLS-FPGA\cnn_hls\CNN_lenet5\solution5\.autopilot\db\calculateLayer4.pp.0.cpp:20934:13: warning: Added loop label VITIS_LOOP_33_1:   [xilinx-label-all-loops]
            for (int i = 0; i < W_-1; i++){
            ^~~
            VITIS_LOOP_33_1: 
C:\Users\TRETEC\OneDrive\Documents\Master2\HLS-FPGA\cnn_hls\CNN_lenet5\solution5\.autopilot\db\calculateLayer4.pp.0.cpp:20934:13: note: FIX-IT applied suggested code changes
C:\Users\TRETEC\OneDrive\Documents\Master2\HLS-FPGA\cnn_hls\CNN_lenet5\solution5\.autopilot\db\calculateLayer4.pp.0.cpp:21058:13: warning: Added loop label VITIS_LOOP_183_1:   [xilinx-label-all-loops]
            for (int i = 0; i < W_-1; i++){
            ^~~
            VITIS_LOOP_183_1: 
C:\Users\TRETEC\OneDrive\Documents\Master2\HLS-FPGA\cnn_hls\CNN_lenet5\solution5\.autopilot\db\calculateLayer4.pp.0.cpp:21058:13: note: FIX-IT applied suggested code changes
C:\Users\TRETEC\OneDrive\Documents\Master2\HLS-FPGA\cnn_hls\CNN_lenet5\solution5\.autopilot\db\calculateLayer4.pp.0.cpp:21113:13: warning: Added loop label VITIS_LOOP_248_1:   [xilinx-label-all-loops]
            for (int i = 0; i < W_-1; i++){
            ^~~
            VITIS_LOOP_248_1: 
C:\Users\TRETEC\OneDrive\Documents\Master2\HLS-FPGA\cnn_hls\CNN_lenet5\solution5\.autopilot\db\calculateLayer4.pp.0.cpp:21113:13: note: FIX-IT applied suggested code changes
C:\Users\TRETEC\OneDrive\Documents\Master2\HLS-FPGA\cnn_hls\CNN_lenet5\solution5\.autopilot\db\calculateLayer4.pp.0.cpp:21632:2: warning: Added loop label VITIS_LOOP_16_1:   [xilinx-label-all-loops]
 for (int i=0; i<W_;i++)
 ^~~
 VITIS_LOOP_16_1: 
C:\Users\TRETEC\OneDrive\Documents\Master2\HLS-FPGA\cnn_hls\CNN_lenet5\solution5\.autopilot\db\calculateLayer4.pp.0.cpp:21632:2: note: FIX-IT applied suggested code changes
C:\Users\TRETEC\OneDrive\Documents\Master2\HLS-FPGA\cnn_hls\CNN_lenet5\solution5\.autopilot\db\calculateLayer4.pp.0.cpp:21643:2: warning: Added loop label VITIS_LOOP_27_1:   [xilinx-label-all-loops]
 for (int i=0; i<W_;i++)
 ^~~
 VITIS_LOOP_27_1: 
C:\Users\TRETEC\OneDrive\Documents\Master2\HLS-FPGA\cnn_hls\CNN_lenet5\solution5\.autopilot\db\calculateLayer4.pp.0.cpp:21643:2: note: FIX-IT applied suggested code changes
C:\Users\TRETEC\OneDrive\Documents\Master2\HLS-FPGA\cnn_hls\CNN_lenet5\solution5\.autopilot\db\calculateLayer4.pp.0.cpp:21654:2: warning: Added loop label VITIS_LOOP_38_1:   [xilinx-label-all-loops]
 for (int i=0; i<I_;i++)
 ^~~
 VITIS_LOOP_38_1: 
C:\Users\TRETEC\OneDrive\Documents\Master2\HLS-FPGA\cnn_hls\CNN_lenet5\solution5\.autopilot\db\calculateLayer4.pp.0.cpp:21654:2: note: FIX-IT applied suggested code changes
C:\Users\TRETEC\OneDrive\Documents\Master2\HLS-FPGA\cnn_hls\CNN_lenet5\solution5\.autopilot\db\calculateLayer4.pp.0.cpp:21665:2: warning: Added loop label VITIS_LOOP_49_1:   [xilinx-label-all-loops]
 for (int i=0; i<I_;i++)
 ^~~
 VITIS_LOOP_49_1: 
C:\Users\TRETEC\OneDrive\Documents\Master2\HLS-FPGA\cnn_hls\CNN_lenet5\solution5\.autopilot\db\calculateLayer4.pp.0.cpp:21665:2: note: FIX-IT applied suggested code changes
C:\Users\TRETEC\OneDrive\Documents\Master2\HLS-FPGA\cnn_hls\CNN_lenet5\solution5\.autopilot\db\calculateLayer4.pp.0.cpp:21676:2: warning: Added loop label VITIS_LOOP_60_1:   [xilinx-label-all-loops]
 for (int i=0; i<W_;i++)
 ^~~
 VITIS_LOOP_60_1: 
C:\Users\TRETEC\OneDrive\Documents\Master2\HLS-FPGA\cnn_hls\CNN_lenet5\solution5\.autopilot\db\calculateLayer4.pp.0.cpp:21676:2: note: FIX-IT applied suggested code changes
C:\Users\TRETEC\OneDrive\Documents\Master2\HLS-FPGA\cnn_hls\CNN_lenet5\solution5\.autopilot\db\calculateLayer4.pp.0.cpp:21687:2: warning: Added loop label VITIS_LOOP_71_1:   [xilinx-label-all-loops]
 for (int i=0; i<W_;i++)
 ^~~
 VITIS_LOOP_71_1: 
C:\Users\TRETEC\OneDrive\Documents\Master2\HLS-FPGA\cnn_hls\CNN_lenet5\solution5\.autopilot\db\calculateLayer4.pp.0.cpp:21687:2: note: FIX-IT applied suggested code changes
C:\Users\TRETEC\OneDrive\Documents\Master2\HLS-FPGA\cnn_hls\CNN_lenet5\solution5\.autopilot\db\calculateLayer4.pp.0.cpp:21698:2: warning: Added loop label VITIS_LOOP_82_1:   [xilinx-label-all-loops]
 for (int i=0; i<I_;i++)
 ^~~
 VITIS_LOOP_82_1: 
C:\Users\TRETEC\OneDrive\Documents\Master2\HLS-FPGA\cnn_hls\CNN_lenet5\solution5\.autopilot\db\calculateLayer4.pp.0.cpp:21698:2: note: FIX-IT applied suggested code changes
C:\Users\TRETEC\OneDrive\Documents\Master2\HLS-FPGA\cnn_hls\CNN_lenet5\solution5\.autopilot\db\calculateLayer4.pp.0.cpp:21709:2: warning: Added loop label VITIS_LOOP_93_1:   [xilinx-label-all-loops]
 for (int i=0; i<I_;i++)
 ^~~
 VITIS_LOOP_93_1: 
C:\Users\TRETEC\OneDrive\Documents\Master2\HLS-FPGA\cnn_hls\CNN_lenet5\solution5\.autopilot\db\calculateLayer4.pp.0.cpp:21709:2: note: FIX-IT applied suggested code changes
C:\Users\TRETEC\OneDrive\Documents\Master2\HLS-FPGA\cnn_hls\CNN_lenet5\solution5\.autopilot\db\calculateLayer4.pp.0.cpp:24034:12: warning: Added loop label VITIS_LOOP_26_1:   [xilinx-label-all-loops]
           for(int i = 0; i < W_-1; ++i) {
           ^~~
           VITIS_LOOP_26_1: 
C:\Users\TRETEC\OneDrive\Documents\Master2\HLS-FPGA\cnn_hls\CNN_lenet5\solution5\.autopilot\db\calculateLayer4.pp.0.cpp:24034:12: note: FIX-IT applied suggested code changes
C:\Users\TRETEC\OneDrive\Documents\Master2\HLS-FPGA\cnn_hls\CNN_lenet5\solution5\.autopilot\db\calculateLayer4.pp.0.cpp:24098:7: warning: Added loop label VITIS_LOOP_40_1:   [xilinx-label-all-loops]
      for(int pos = msbr - 1 ; pos >= -F-1; pos--) {
      ^~~
      VITIS_LOOP_40_1: 
C:\Users\TRETEC\OneDrive\Documents\Master2\HLS-FPGA\cnn_hls\CNN_lenet5\solution5\.autopilot\db\calculateLayer4.pp.0.cpp:24098:7: note: FIX-IT applied suggested code changes
C:\Users\TRETEC\OneDrive\Documents\Master2\HLS-FPGA\cnn_hls\CNN_lenet5\solution5\.autopilot\db\calculateLayer4.pp.0.cpp:24215:9: warning: Added loop label VITIS_LOOP_49_1:   [xilinx-label-all-loops]
        for(int pos = msbr - 1; pos >= 0; pos--) {
        ^~~
        VITIS_LOOP_49_1: 
C:\Users\TRETEC\OneDrive\Documents\Master2\HLS-FPGA\cnn_hls\CNN_lenet5\solution5\.autopilot\db\calculateLayer4.pp.0.cpp:24215:9: note: FIX-IT applied suggested code changes
C:\Users\TRETEC\OneDrive\Documents\Master2\HLS-FPGA\cnn_hls\CNN_lenet5\solution5\.autopilot\db\calculateLayer4.pp.0.cpp:24240:5: warning: Added loop label VITIS_LOOP_81_2:   [xilinx-label-all-loops]
    for(int pos = -1; pos >= -F-1; pos--) {
    ^~~
    VITIS_LOOP_81_2: 
C:\Users\TRETEC\OneDrive\Documents\Master2\HLS-FPGA\cnn_hls\CNN_lenet5\solution5\.autopilot\db\calculateLayer4.pp.0.cpp:24240:5: note: FIX-IT applied suggested code changes
C:\Users\TRETEC\OneDrive\Documents\Master2\HLS-FPGA\cnn_hls\CNN_lenet5\solution5\.autopilot\db\calculateLayer4.pp.0.cpp:24310:8: warning: Added loop label VITIS_LOOP_169_3:   [xilinx-label-all-loops]
       for(int i = 0; i < W - 1; ++i) {
       ^~~
       VITIS_LOOP_169_3: 
C:\Users\TRETEC\OneDrive\Documents\Master2\HLS-FPGA\cnn_hls\CNN_lenet5\solution5\.autopilot\db\calculateLayer4.pp.0.cpp:24310:8: note: FIX-IT applied suggested code changes
