C:/Users/TRETEC/OneDrive/Documents/Master2/HLS-FPGA/cnn_hls/CNN_lenet5/solution5/csynth.tcl:21:9: warning: HLS pragma dump _XLX_SEP_ PragmaIsValid=1_XLX_SEP_ PragmaType=top_XLX_SEP_ PragmaContext=directive_XLX_SEP_ PragmaFunction=calculateLayer2_XLX_SEP_ PragmaOptions=name=calculateLayer2_XLX_SEP_ [-Wdump-hls-pragmas]
#pragma HLSDIRECTIVE TOP name=calculateLayer2
        ^
C:/Users/TRETEC/OneDrive/Documents/Master2/HLS-FPGA/cnn_hls/CNN_lenet5/solution5/directives.tcl:7:9: warning: HLS pragma dump _XLX_SEP_ PragmaIsValid=1_XLX_SEP_ PragmaType=top_XLX_SEP_ PragmaContext=directive_XLX_SEP_ PragmaFunction=calculateLayer2_XLX_SEP_ PragmaOptions=name=calculateLayer2_XLX_SEP_ [-Wdump-hls-pragmas]
#pragma HLSDIRECTIVE TOP name=calculateLayer2
        ^
calculateLayer2.cpp:9:9: warning: HLS pragma dump _XLX_SEP_ PragmaIsValid=1_XLX_SEP_ PragmaType=interface_XLX_SEP_ PragmaContext=_XLX_SEP_ PragmaFunction=calculateLayer2_XLX_SEP_ PragmaOptions=mode=m_axi port=Layer1_Neurons_CPU_XLX_SEP_ [-Wdump-hls-pragmas]
#pragma HLS INTERFACE mode=m_axi port=Layer1_Neurons_CPU
        ^
calculateLayer2.cpp:10:9: warning: HLS pragma dump _XLX_SEP_ PragmaIsValid=1_XLX_SEP_ PragmaType=interface_XLX_SEP_ PragmaContext=_XLX_SEP_ PragmaFunction=calculateLayer2_XLX_SEP_ PragmaOptions=mode=bram port=Layer1_Weights_CPU_XLX_SEP_ [-Wdump-hls-pragmas]
#pragma HLS INTERFACE mode=bram port=Layer1_Weights_CPU
        ^
calculateLayer2.cpp:11:9: warning: HLS pragma dump _XLX_SEP_ PragmaIsValid=1_XLX_SEP_ PragmaType=interface_XLX_SEP_ PragmaContext=_XLX_SEP_ PragmaFunction=calculateLayer2_XLX_SEP_ PragmaOptions=mode=m_axi port=Layer2_Neurons_CPU_XLX_SEP_ [-Wdump-hls-pragmas]
#pragma HLS INTERFACE mode=m_axi port=Layer2_Neurons_CPU
        ^
calculateLayer2.cpp:12:9: warning: HLS pragma dump _XLX_SEP_ PragmaIsValid=1_XLX_SEP_ PragmaType=interface_XLX_SEP_ PragmaContext=_XLX_SEP_ PragmaFunction=calculateLayer2_XLX_SEP_ PragmaOptions=mode=s_axilite port=return bundle=CTRL_bus_XLX_SEP_ [-Wdump-hls-pragmas]
#pragma HLS INTERFACE mode=s_axilite port=return bundle=CTRL_bus
        ^
calculateLayer2.cpp:22:9: warning: HLS pragma dump _XLX_SEP_ PragmaIsValid=1_XLX_SEP_ PragmaType=pipeline_XLX_SEP_ PragmaContext=_XLX_SEP_ PragmaFunction=calculateLayer2_XLX_SEP_ PragmaOptions=II=25_XLX_SEP_ [-Wdump-hls-pragmas]
#pragma HLS PIPELINE II=25
        ^
calculateLayer2.cpp:25:9: warning: HLS pragma dump _XLX_SEP_ PragmaIsValid=1_XLX_SEP_ PragmaType=unroll_XLX_SEP_ PragmaContext=_XLX_SEP_ PragmaFunction=calculateLayer2_XLX_SEP_ PragmaOptions=factor=5_XLX_SEP_ [-Wdump-hls-pragmas]
#pragma HLS UNROLL factor=5
        ^
8 warnings generated.
