

================================================================
== Vitis HLS Report for 'generic_tanh_double_s'
================================================================
* Date:           Thu Jan 16 14:20:36 2025

* Version:        2023.2 (Build 4023990 on Oct 11 2023)
* Project:        CNN_lenet5
* Solution:       solution5 (Vivado IP Flow Target)
* Product family: zynq
* Target device:  xc7z020-clg484-1


================================================================
== Performance Estimates
================================================================
+ Timing: 
    * Summary: 
    +--------+----------+-----------+------------+
    |  Clock |  Target  | Estimated | Uncertainty|
    +--------+----------+-----------+------------+
    |ap_clk  |  20.00 ns|  13.981 ns|     5.40 ns|
    +--------+----------+-----------+------------+

+ Latency: 
    * Summary: 
    +---------+---------+----------+----------+-----+-----+---------+
    |  Latency (cycles) |  Latency (absolute) |  Interval | Pipeline|
    |   min   |   max   |    min   |    max   | min | max |   Type  |
    +---------+---------+----------+----------+-----+-----+---------+
    |       54|       54|  1.080 us|  1.080 us|    1|    1|      yes|
    +---------+---------+----------+----------+-----+-----+---------+

    + Detail: 
        * Instance: 
        N/A

        * Loop: 
        N/A

============================================================
+ Verbose Summary: Synthesis Manager
============================================================
InlineROM: 1
ExposeGlobal: 0
============================================================
+ Verbose Summary: CDFG Model
============================================================
IsTopModel: 0
ResetActiveHigh: 1
IsCombinational: 0
IsDatapathOnly: 0
HasWiredReturn: 1
HasMFsm: 2
HasVarLatency: 0
IsPipeline: 1
IsRtlPipelined: 1
IsInstanceOverlapped: 0
IsDontTouch: 0
HasImplIP: 0
IsGatedGlobalClock: 0

+ Individual pipeline summary: 
  * Pipeline-0: initiation interval (II) = 1, depth = 55


============================================================
+ Verbose Summary: Schedule
============================================================
* Number of FSM states : 55
* Pipeline : 1
  Pipeline-0 : II = 1, D = 55, States = { 1 2 3 4 5 6 7 8 9 10 11 12 13 14 15 16 17 18 19 20 21 22 23 24 25 26 27 28 29 30 31 32 33 34 35 36 37 38 39 40 41 42 43 44 45 46 47 48 49 50 51 52 53 54 55 }
* Dataflow Pipeline: 0

* FSM state transitions: 
1 --> 2 
2 --> 3 
3 --> 4 
4 --> 5 
5 --> 6 
6 --> 7 
7 --> 8 
8 --> 9 
9 --> 10 
10 --> 11 
11 --> 12 
12 --> 13 
13 --> 14 
14 --> 15 
15 --> 16 
16 --> 17 
17 --> 18 
18 --> 19 
19 --> 20 
20 --> 21 
21 --> 22 
22 --> 23 
23 --> 24 
24 --> 25 
25 --> 26 
26 --> 27 
27 --> 28 
28 --> 29 
29 --> 30 
30 --> 31 
31 --> 32 
32 --> 33 
33 --> 34 
34 --> 35 
35 --> 36 
36 --> 37 
37 --> 38 
38 --> 39 
39 --> 40 
40 --> 41 
41 --> 42 
42 --> 43 
43 --> 44 
44 --> 45 
45 --> 46 
46 --> 47 
47 --> 48 
48 --> 49 
49 --> 50 
50 --> 51 
51 --> 52 
52 --> 53 
53 --> 54 
54 --> 55 
55 --> 

* FSM state operations: 

State 1 <SV = 0> <Delay = 8.23>
ST_1 : Operation 56 [1/1] (0.00ns)   --->   "%t_in_read = read i64 @_ssdm_op_Read.ap_auto.double, i64 %t_in" [C:\scratch\2023.2\hls_product\689\2023.2\src\shared\hls\clib/hlsmath/include/FloatingPoint\hls_tanh.h:28]   --->   Operation 56 'read' 't_in_read' <Predicate = true> <Delay = 0.00>
ST_1 : Operation 57 [1/1] (0.00ns)   --->   "%data = bitcast i64 %t_in_read" [C:\scratch\2023.2\hls_product\689\2023.2\src\shared\hls\clib/src/hls\utils/x_hls_utils.h:459->C:\scratch\2023.2\hls_product\689\2023.2\src\shared\hls\clib/hlsmath/include/FloatingPoint\hls_tanh.h:32]   --->   Operation 57 'bitcast' 'data' <Predicate = true> <Delay = 0.00>
ST_1 : Operation 58 [1/1] (0.00ns)   --->   "%din_sign = bitselect i1 @_ssdm_op_BitSelect.i1.i64.i32, i64 %data, i32 63" [C:\scratch\2023.2\hls_product\689\2023.2\src\shared\hls\clib/src/hls\utils/x_hls_utils.h:460->C:\scratch\2023.2\hls_product\689\2023.2\src\shared\hls\clib/hlsmath/include/FloatingPoint\hls_tanh.h:32]   --->   Operation 58 'bitselect' 'din_sign' <Predicate = true> <Delay = 0.00>
ST_1 : Operation 59 [1/1] (0.00ns)   --->   "%din_exp = partselect i11 @_ssdm_op_PartSelect.i11.i64.i32.i32, i64 %data, i32 52, i32 62" [C:\scratch\2023.2\hls_product\689\2023.2\src\shared\hls\clib/src/hls\utils/x_hls_utils.h:461->C:\scratch\2023.2\hls_product\689\2023.2\src\shared\hls\clib/hlsmath/include/FloatingPoint\hls_tanh.h:32]   --->   Operation 59 'partselect' 'din_exp' <Predicate = true> <Delay = 0.00>
ST_1 : Operation 60 [1/1] (0.00ns)   --->   "%din_sig = trunc i64 %data" [C:\scratch\2023.2\hls_product\689\2023.2\src\shared\hls\clib/src/hls\utils/x_hls_utils.h:462->C:\scratch\2023.2\hls_product\689\2023.2\src\shared\hls\clib/hlsmath/include/FloatingPoint\hls_tanh.h:32]   --->   Operation 60 'trunc' 'din_sig' <Predicate = true> <Delay = 0.00>
ST_1 : Operation 61 [1/1] (0.00ns)   --->   "%trunc_ln479 = trunc i64 %data" [C:\scratch\2023.2\hls_product\689\2023.2\src\shared\hls\clib/src/hls\utils/x_hls_utils.h:479->C:\scratch\2023.2\hls_product\689\2023.2\src\shared\hls\clib/src/hls\utils/x_hls_utils.h:496->C:\scratch\2023.2\hls_product\689\2023.2\src\shared\hls\clib/src/hls\utils/x_hls_utils.h:510->C:\scratch\2023.2\hls_product\689\2023.2\src\shared\hls\clib/hlsmath/include/FloatingPoint/hls_copysign.h:14->C:\scratch\2023.2\hls_product\689\2023.2\src\shared\hls\clib/hlsmath/include/FloatingPoint/hls_fabs.h:13->C:\scratch\2023.2\hls_product\689\2023.2\src\shared\hls\clib/hlsmath/include/FloatingPoint\hls_tanh.h:33]   --->   Operation 61 'trunc' 'trunc_ln479' <Predicate = true> <Delay = 0.00>
ST_1 : Operation 62 [1/1] (0.00ns)   --->   "%t = bitconcatenate i64 @_ssdm_op_BitConcatenate.i64.i1.i63, i1 0, i63 %trunc_ln479" [C:\scratch\2023.2\hls_product\689\2023.2\src\shared\hls\clib/src/hls\utils/x_hls_utils.h:479->C:\scratch\2023.2\hls_product\689\2023.2\src\shared\hls\clib/src/hls\utils/x_hls_utils.h:496->C:\scratch\2023.2\hls_product\689\2023.2\src\shared\hls\clib/src/hls\utils/x_hls_utils.h:510->C:\scratch\2023.2\hls_product\689\2023.2\src\shared\hls\clib/hlsmath/include/FloatingPoint/hls_copysign.h:14->C:\scratch\2023.2\hls_product\689\2023.2\src\shared\hls\clib/hlsmath/include/FloatingPoint/hls_fabs.h:13->C:\scratch\2023.2\hls_product\689\2023.2\src\shared\hls\clib/hlsmath/include/FloatingPoint\hls_tanh.h:33]   --->   Operation 62 'bitconcatenate' 't' <Predicate = true> <Delay = 0.00>
ST_1 : Operation 63 [1/1] (0.00ns)   --->   "%abst_in = bitcast i64 %t" [C:\scratch\2023.2\hls_product\689\2023.2\src\shared\hls\clib/src/hls\utils/x_hls_utils.h:497->C:\scratch\2023.2\hls_product\689\2023.2\src\shared\hls\clib/src/hls\utils/x_hls_utils.h:510->C:\scratch\2023.2\hls_product\689\2023.2\src\shared\hls\clib/hlsmath/include/FloatingPoint/hls_copysign.h:14->C:\scratch\2023.2\hls_product\689\2023.2\src\shared\hls\clib/hlsmath/include/FloatingPoint/hls_fabs.h:13->C:\scratch\2023.2\hls_product\689\2023.2\src\shared\hls\clib/hlsmath/include/FloatingPoint\hls_tanh.h:33]   --->   Operation 63 'bitcast' 'abst_in' <Predicate = true> <Delay = 0.00>
ST_1 : Operation 64 [1/1] (1.63ns)   --->   "%icmp_ln36 = icmp_eq  i11 %din_exp, i11 2047" [C:\scratch\2023.2\hls_product\689\2023.2\src\shared\hls\clib/hlsmath/include/FloatingPoint\hls_tanh.h:36]   --->   Operation 64 'icmp' 'icmp_ln36' <Predicate = true> <Delay = 1.63> <CoreInst = "Cmp">   --->   Core 9 'Cmp' <Latency = 0> <II = 1> <Delay = 1.63> <FuncUnit> <Opcode : 'icmp'> <InPorts = 2> <OutPorts = 1>
ST_1 : Operation 65 [1/1] (0.00ns)   --->   "%br_ln36 = br i1 %icmp_ln36, void %if.else5, void %if.then" [C:\scratch\2023.2\hls_product\689\2023.2\src\shared\hls\clib/hlsmath/include/FloatingPoint\hls_tanh.h:36]   --->   Operation 65 'br' 'br_ln36' <Predicate = true> <Delay = 0.00>
ST_1 : Operation 66 [1/1] (1.63ns)   --->   "%icmp_ln45 = icmp_ult  i11 %din_exp, i11 968" [C:\scratch\2023.2\hls_product\689\2023.2\src\shared\hls\clib/hlsmath/include/FloatingPoint\hls_tanh.h:45]   --->   Operation 66 'icmp' 'icmp_ln45' <Predicate = (!icmp_ln36)> <Delay = 1.63> <CoreInst = "Cmp">   --->   Core 9 'Cmp' <Latency = 0> <II = 1> <Delay = 1.63> <FuncUnit> <Opcode : 'icmp'> <InPorts = 2> <OutPorts = 1>
ST_1 : Operation 67 [1/1] (0.00ns)   --->   "%br_ln45 = br i1 %icmp_ln45, void %lor.lhs.false, void %if.then12" [C:\scratch\2023.2\hls_product\689\2023.2\src\shared\hls\clib/hlsmath/include/FloatingPoint\hls_tanh.h:45]   --->   Operation 67 'br' 'br_ln45' <Predicate = (!icmp_ln36)> <Delay = 0.00>
ST_1 : Operation 68 [1/1] (1.63ns)   --->   "%icmp_ln46 = icmp_eq  i11 %din_exp, i11 968" [C:\scratch\2023.2\hls_product\689\2023.2\src\shared\hls\clib/hlsmath/include/FloatingPoint\hls_tanh.h:46]   --->   Operation 68 'icmp' 'icmp_ln46' <Predicate = (!icmp_ln36 & !icmp_ln45)> <Delay = 1.63> <CoreInst = "Cmp">   --->   Core 9 'Cmp' <Latency = 0> <II = 1> <Delay = 1.63> <FuncUnit> <Opcode : 'icmp'> <InPorts = 2> <OutPorts = 1>
ST_1 : Operation 69 [1/1] (3.21ns)   --->   "%icmp_ln46_1 = icmp_eq  i52 %din_sig, i52 0" [C:\scratch\2023.2\hls_product\689\2023.2\src\shared\hls\clib/hlsmath/include/FloatingPoint\hls_tanh.h:46]   --->   Operation 69 'icmp' 'icmp_ln46_1' <Predicate = (!icmp_ln36 & !icmp_ln45)> <Delay = 3.21> <CoreInst = "Cmp">   --->   Core 9 'Cmp' <Latency = 0> <II = 1> <Delay = 3.21> <FuncUnit> <Opcode : 'icmp'> <InPorts = 2> <OutPorts = 1>
ST_1 : Operation 70 [1/1] (0.97ns)   --->   "%and_ln46 = and i1 %icmp_ln46, i1 %icmp_ln46_1" [C:\scratch\2023.2\hls_product\689\2023.2\src\shared\hls\clib/hlsmath/include/FloatingPoint\hls_tanh.h:46]   --->   Operation 70 'and' 'and_ln46' <Predicate = (!icmp_ln36 & !icmp_ln45)> <Delay = 0.97> <CoreInst = "LogicGate">   --->   Core 74 'LogicGate' <Latency = 0> <II = 1> <Delay = 0.97> <FuncUnit> <Opcode : 'and' 'or' 'xor'> <InPorts = 2> <OutPorts = 1>
ST_1 : Operation 71 [1/1] (0.00ns)   --->   "%br_ln46 = br i1 %and_ln46, void %if.else13, void %if.then12" [C:\scratch\2023.2\hls_product\689\2023.2\src\shared\hls\clib/hlsmath/include/FloatingPoint\hls_tanh.h:46]   --->   Operation 71 'br' 'br_ln46' <Predicate = (!icmp_ln36 & !icmp_ln45)> <Delay = 0.00>
ST_1 : Operation 72 [2/2] (5.46ns)   --->   "%tmp_2 = fcmp_olt  i64 %abst_in, i64 22" [C:\scratch\2023.2\hls_product\689\2023.2\src\shared\hls\clib/hlsmath/include/FloatingPoint\hls_tanh.h:51]   --->   Operation 72 'dcmp' 'tmp_2' <Predicate = (!icmp_ln36 & !icmp_ln45 & !and_ln46)> <Delay = 5.46> <CoreInst = "DCompare">   --->   Core 38 'DCompare' <Latency = 1> <II = 1> <Delay = 5.46> <FuncUnit> <Opcode : 'dcmp'> <InPorts = 2> <OutPorts = 1>
ST_1 : Operation 73 [5/5] (8.23ns)   --->   "%add = dadd i64 %abst_in, i64 1" [C:\scratch\2023.2\hls_product\689\2023.2\src\shared\hls\clib/hlsmath/include/FloatingPoint\hls_tanh.h:49]   --->   Operation 73 'dadd' 'add' <Predicate = (!icmp_ln36 & and_ln46) | (!icmp_ln36 & icmp_ln45)> <Delay = 8.23> <CoreInst = "DAddSub_fulldsp">   --->   Core 37 'DAddSub_fulldsp' <Latency = 4> <II = 1> <Delay = 8.23> <FuncUnit> <Opcode : 'dadd' 'dsub'> <InPorts = 2> <OutPorts = 1>
ST_1 : Operation 74 [1/1] (3.21ns)   --->   "%icmp_ln38 = icmp_ne  i52 %din_sig, i52 0" [C:\scratch\2023.2\hls_product\689\2023.2\src\shared\hls\clib/hlsmath/include/FloatingPoint\hls_tanh.h:38]   --->   Operation 74 'icmp' 'icmp_ln38' <Predicate = (icmp_ln36)> <Delay = 3.21> <CoreInst = "Cmp">   --->   Core 9 'Cmp' <Latency = 0> <II = 1> <Delay = 3.21> <FuncUnit> <Opcode : 'icmp'> <InPorts = 2> <OutPorts = 1>

State 2 <SV = 1> <Delay = 8.23>
ST_2 : Operation 75 [1/2] (5.46ns)   --->   "%tmp_2 = fcmp_olt  i64 %abst_in, i64 22" [C:\scratch\2023.2\hls_product\689\2023.2\src\shared\hls\clib/hlsmath/include/FloatingPoint\hls_tanh.h:51]   --->   Operation 75 'dcmp' 'tmp_2' <Predicate = (!icmp_ln36 & !icmp_ln45 & !and_ln46)> <Delay = 5.46> <CoreInst = "DCompare">   --->   Core 38 'DCompare' <Latency = 1> <II = 1> <Delay = 5.46> <FuncUnit> <Opcode : 'dcmp'> <InPorts = 2> <OutPorts = 1>
ST_2 : Operation 76 [1/1] (1.94ns)   --->   "%br_ln51 = br i1 %tmp_2, void %if.end38, void %if.then14" [C:\scratch\2023.2\hls_product\689\2023.2\src\shared\hls\clib/hlsmath/include/FloatingPoint\hls_tanh.h:51]   --->   Operation 76 'br' 'br_ln51' <Predicate = (!icmp_ln36 & !icmp_ln45 & !and_ln46)> <Delay = 1.94>
ST_2 : Operation 77 [1/1] (1.63ns)   --->   "%icmp_ln54 = icmp_ult  i11 %din_exp, i11 1023" [C:\scratch\2023.2\hls_product\689\2023.2\src\shared\hls\clib/hlsmath/include/FloatingPoint\hls_tanh.h:54]   --->   Operation 77 'icmp' 'icmp_ln54' <Predicate = (!icmp_ln36 & !icmp_ln45 & !and_ln46 & tmp_2)> <Delay = 1.63> <CoreInst = "Cmp">   --->   Core 9 'Cmp' <Latency = 0> <II = 1> <Delay = 1.63> <FuncUnit> <Opcode : 'icmp'> <InPorts = 2> <OutPorts = 1>
ST_2 : Operation 78 [1/1] (0.00ns)   --->   "%or_ln55 = or i64 %t, i64 9223372036854775808" [C:\scratch\2023.2\hls_product\689\2023.2\src\shared\hls\clib/hlsmath/include/FloatingPoint\hls_tanh.h:55]   --->   Operation 78 'or' 'or_ln55' <Predicate = (!icmp_ln36 & !icmp_ln45 & !and_ln46 & tmp_2)> <Delay = 0.00>
ST_2 : Operation 79 [1/1] (0.00ns)   --->   "%bitcast_ln55 = bitcast i64 %or_ln55" [C:\scratch\2023.2\hls_product\689\2023.2\src\shared\hls\clib/hlsmath/include/FloatingPoint\hls_tanh.h:55]   --->   Operation 79 'bitcast' 'bitcast_ln55' <Predicate = (!icmp_ln36 & !icmp_ln45 & !and_ln46 & tmp_2)> <Delay = 0.00>
ST_2 : Operation 80 [5/5] (8.23ns)   --->   "%x = dsub i64 %bitcast_ln55, i64 %abst_in" [C:\scratch\2023.2\hls_product\689\2023.2\src\shared\hls\clib/hlsmath/include/FloatingPoint\hls_tanh.h:55]   --->   Operation 80 'dsub' 'x' <Predicate = (!icmp_ln36 & !icmp_ln45 & !and_ln46 & tmp_2)> <Delay = 8.23> <CoreInst = "DAddSub_fulldsp">   --->   Core 37 'DAddSub_fulldsp' <Latency = 4> <II = 1> <Delay = 8.23> <FuncUnit> <Opcode : 'dadd' 'dsub'> <InPorts = 2> <OutPorts = 1>
ST_2 : Operation 81 [5/5] (8.23ns)   --->   "%x_1 = dadd i64 %abst_in, i64 %abst_in" [C:\scratch\2023.2\hls_product\689\2023.2\src\shared\hls\clib/hlsmath/include/FloatingPoint\hls_tanh.h:58]   --->   Operation 81 'dadd' 'x_1' <Predicate = (!icmp_ln36 & !icmp_ln45 & !and_ln46 & tmp_2)> <Delay = 8.23> <CoreInst = "DAddSub_fulldsp">   --->   Core 37 'DAddSub_fulldsp' <Latency = 4> <II = 1> <Delay = 8.23> <FuncUnit> <Opcode : 'dadd' 'dsub'> <InPorts = 2> <OutPorts = 1>
ST_2 : Operation 82 [1/1] (0.00ns)   --->   "%br_ln63 = br i1 %icmp_ln54, void %if.else28, void %if.then25" [C:\scratch\2023.2\hls_product\689\2023.2\src\shared\hls\clib/hlsmath/include/FloatingPoint\hls_tanh.h:63]   --->   Operation 82 'br' 'br_ln63' <Predicate = (!icmp_ln36 & !icmp_ln45 & !and_ln46 & tmp_2)> <Delay = 0.00>
ST_2 : Operation 83 [4/5] (8.23ns)   --->   "%add = dadd i64 %abst_in, i64 1" [C:\scratch\2023.2\hls_product\689\2023.2\src\shared\hls\clib/hlsmath/include/FloatingPoint\hls_tanh.h:49]   --->   Operation 83 'dadd' 'add' <Predicate = (!icmp_ln36 & and_ln46) | (!icmp_ln36 & icmp_ln45)> <Delay = 8.23> <CoreInst = "DAddSub_fulldsp">   --->   Core 37 'DAddSub_fulldsp' <Latency = 4> <II = 1> <Delay = 8.23> <FuncUnit> <Opcode : 'dadd' 'dsub'> <InPorts = 2> <OutPorts = 1>

State 3 <SV = 2> <Delay = 8.23>
ST_3 : Operation 84 [4/5] (8.23ns)   --->   "%x = dsub i64 %bitcast_ln55, i64 %abst_in" [C:\scratch\2023.2\hls_product\689\2023.2\src\shared\hls\clib/hlsmath/include/FloatingPoint\hls_tanh.h:55]   --->   Operation 84 'dsub' 'x' <Predicate = (!icmp_ln36 & !icmp_ln45 & !and_ln46 & tmp_2)> <Delay = 8.23> <CoreInst = "DAddSub_fulldsp">   --->   Core 37 'DAddSub_fulldsp' <Latency = 4> <II = 1> <Delay = 8.23> <FuncUnit> <Opcode : 'dadd' 'dsub'> <InPorts = 2> <OutPorts = 1>
ST_3 : Operation 85 [4/5] (8.23ns)   --->   "%x_1 = dadd i64 %abst_in, i64 %abst_in" [C:\scratch\2023.2\hls_product\689\2023.2\src\shared\hls\clib/hlsmath/include/FloatingPoint\hls_tanh.h:58]   --->   Operation 85 'dadd' 'x_1' <Predicate = (!icmp_ln36 & !icmp_ln45 & !and_ln46 & tmp_2)> <Delay = 8.23> <CoreInst = "DAddSub_fulldsp">   --->   Core 37 'DAddSub_fulldsp' <Latency = 4> <II = 1> <Delay = 8.23> <FuncUnit> <Opcode : 'dadd' 'dsub'> <InPorts = 2> <OutPorts = 1>
ST_3 : Operation 86 [3/5] (8.23ns)   --->   "%add = dadd i64 %abst_in, i64 1" [C:\scratch\2023.2\hls_product\689\2023.2\src\shared\hls\clib/hlsmath/include/FloatingPoint\hls_tanh.h:49]   --->   Operation 86 'dadd' 'add' <Predicate = (!icmp_ln36 & and_ln46) | (!icmp_ln36 & icmp_ln45)> <Delay = 8.23> <CoreInst = "DAddSub_fulldsp">   --->   Core 37 'DAddSub_fulldsp' <Latency = 4> <II = 1> <Delay = 8.23> <FuncUnit> <Opcode : 'dadd' 'dsub'> <InPorts = 2> <OutPorts = 1>

State 4 <SV = 3> <Delay = 8.23>
ST_4 : Operation 87 [3/5] (8.23ns)   --->   "%x = dsub i64 %bitcast_ln55, i64 %abst_in" [C:\scratch\2023.2\hls_product\689\2023.2\src\shared\hls\clib/hlsmath/include/FloatingPoint\hls_tanh.h:55]   --->   Operation 87 'dsub' 'x' <Predicate = (!icmp_ln36 & !icmp_ln45 & !and_ln46 & tmp_2)> <Delay = 8.23> <CoreInst = "DAddSub_fulldsp">   --->   Core 37 'DAddSub_fulldsp' <Latency = 4> <II = 1> <Delay = 8.23> <FuncUnit> <Opcode : 'dadd' 'dsub'> <InPorts = 2> <OutPorts = 1>
ST_4 : Operation 88 [3/5] (8.23ns)   --->   "%x_1 = dadd i64 %abst_in, i64 %abst_in" [C:\scratch\2023.2\hls_product\689\2023.2\src\shared\hls\clib/hlsmath/include/FloatingPoint\hls_tanh.h:58]   --->   Operation 88 'dadd' 'x_1' <Predicate = (!icmp_ln36 & !icmp_ln45 & !and_ln46 & tmp_2)> <Delay = 8.23> <CoreInst = "DAddSub_fulldsp">   --->   Core 37 'DAddSub_fulldsp' <Latency = 4> <II = 1> <Delay = 8.23> <FuncUnit> <Opcode : 'dadd' 'dsub'> <InPorts = 2> <OutPorts = 1>
ST_4 : Operation 89 [2/5] (8.23ns)   --->   "%add = dadd i64 %abst_in, i64 1" [C:\scratch\2023.2\hls_product\689\2023.2\src\shared\hls\clib/hlsmath/include/FloatingPoint\hls_tanh.h:49]   --->   Operation 89 'dadd' 'add' <Predicate = (!icmp_ln36 & and_ln46) | (!icmp_ln36 & icmp_ln45)> <Delay = 8.23> <CoreInst = "DAddSub_fulldsp">   --->   Core 37 'DAddSub_fulldsp' <Latency = 4> <II = 1> <Delay = 8.23> <FuncUnit> <Opcode : 'dadd' 'dsub'> <InPorts = 2> <OutPorts = 1>

State 5 <SV = 4> <Delay = 8.23>
ST_5 : Operation 90 [2/5] (8.23ns)   --->   "%x = dsub i64 %bitcast_ln55, i64 %abst_in" [C:\scratch\2023.2\hls_product\689\2023.2\src\shared\hls\clib/hlsmath/include/FloatingPoint\hls_tanh.h:55]   --->   Operation 90 'dsub' 'x' <Predicate = (!icmp_ln36 & !icmp_ln45 & !and_ln46 & tmp_2)> <Delay = 8.23> <CoreInst = "DAddSub_fulldsp">   --->   Core 37 'DAddSub_fulldsp' <Latency = 4> <II = 1> <Delay = 8.23> <FuncUnit> <Opcode : 'dadd' 'dsub'> <InPorts = 2> <OutPorts = 1>
ST_5 : Operation 91 [2/5] (8.23ns)   --->   "%x_1 = dadd i64 %abst_in, i64 %abst_in" [C:\scratch\2023.2\hls_product\689\2023.2\src\shared\hls\clib/hlsmath/include/FloatingPoint\hls_tanh.h:58]   --->   Operation 91 'dadd' 'x_1' <Predicate = (!icmp_ln36 & !icmp_ln45 & !and_ln46 & tmp_2)> <Delay = 8.23> <CoreInst = "DAddSub_fulldsp">   --->   Core 37 'DAddSub_fulldsp' <Latency = 4> <II = 1> <Delay = 8.23> <FuncUnit> <Opcode : 'dadd' 'dsub'> <InPorts = 2> <OutPorts = 1>
ST_5 : Operation 92 [1/5] (8.23ns)   --->   "%add = dadd i64 %abst_in, i64 1" [C:\scratch\2023.2\hls_product\689\2023.2\src\shared\hls\clib/hlsmath/include/FloatingPoint\hls_tanh.h:49]   --->   Operation 92 'dadd' 'add' <Predicate = (!icmp_ln36 & and_ln46) | (!icmp_ln36 & icmp_ln45)> <Delay = 8.23> <CoreInst = "DAddSub_fulldsp">   --->   Core 37 'DAddSub_fulldsp' <Latency = 4> <II = 1> <Delay = 8.23> <FuncUnit> <Opcode : 'dadd' 'dsub'> <InPorts = 2> <OutPorts = 1>

State 6 <SV = 5> <Delay = 13.9>
ST_6 : Operation 93 [1/5] (8.23ns)   --->   "%x = dsub i64 %bitcast_ln55, i64 %abst_in" [C:\scratch\2023.2\hls_product\689\2023.2\src\shared\hls\clib/hlsmath/include/FloatingPoint\hls_tanh.h:55]   --->   Operation 93 'dsub' 'x' <Predicate = (!icmp_ln36 & !icmp_ln45 & !and_ln46 & tmp_2)> <Delay = 8.23> <CoreInst = "DAddSub_fulldsp">   --->   Core 37 'DAddSub_fulldsp' <Latency = 4> <II = 1> <Delay = 8.23> <FuncUnit> <Opcode : 'dadd' 'dsub'> <InPorts = 2> <OutPorts = 1>
ST_6 : Operation 94 [1/5] (8.23ns)   --->   "%x_1 = dadd i64 %abst_in, i64 %abst_in" [C:\scratch\2023.2\hls_product\689\2023.2\src\shared\hls\clib/hlsmath/include/FloatingPoint\hls_tanh.h:58]   --->   Operation 94 'dadd' 'x_1' <Predicate = (!icmp_ln36 & !icmp_ln45 & !and_ln46 & tmp_2)> <Delay = 8.23> <CoreInst = "DAddSub_fulldsp">   --->   Core 37 'DAddSub_fulldsp' <Latency = 4> <II = 1> <Delay = 8.23> <FuncUnit> <Opcode : 'dadd' 'dsub'> <InPorts = 2> <OutPorts = 1>
ST_6 : Operation 95 [1/1] (1.48ns)   --->   "%x_3 = select i1 %icmp_ln54, i64 %x, i64 %x_1" [C:\scratch\2023.2\hls_product\689\2023.2\src\shared\hls\clib/hlsmath/include/FloatingPoint\hls_tanh.h:54]   --->   Operation 95 'select' 'x_3' <Predicate = (!icmp_ln36 & !icmp_ln45 & !and_ln46 & tmp_2)> <Delay = 1.48> <CoreInst = "Sel">   --->   Core 73 'Sel' <Latency = 0> <II = 1> <Delay = 1.48> <FuncUnit> <Opcode : 'select'> <InPorts = 3> <OutPorts = 1>
ST_6 : Operation 96 [1/1] (0.00ns)   --->   "%data_1 = bitcast i64 %x_3" [C:\scratch\2023.2\hls_product\689\2023.2\src\shared\hls\clib/src/hls\utils/x_hls_utils.h:459->C:\scratch\2023.2\hls_product\689\2023.2\src\shared\hls\clib\hlsmath\src\common\hls_exp_double.cpp:8->C:\scratch\2023.2\hls_product\689\2023.2\src\shared\hls\clib/hlsmath/include/FloatingPoint\hls_tanh.h:61]   --->   Operation 96 'bitcast' 'data_1' <Predicate = (!icmp_ln36 & !icmp_ln45 & !and_ln46 & tmp_2)> <Delay = 0.00>
ST_6 : Operation 97 [1/1] (0.00ns)   --->   "%xs_sign = bitselect i1 @_ssdm_op_BitSelect.i1.i64.i32, i64 %data_1, i32 63" [C:\scratch\2023.2\hls_product\689\2023.2\src\shared\hls\clib/src/hls\utils/x_hls_utils.h:460->C:\scratch\2023.2\hls_product\689\2023.2\src\shared\hls\clib\hlsmath\src\common\hls_exp_double.cpp:8->C:\scratch\2023.2\hls_product\689\2023.2\src\shared\hls\clib/hlsmath/include/FloatingPoint\hls_tanh.h:61]   --->   Operation 97 'bitselect' 'xs_sign' <Predicate = (!icmp_ln36 & !icmp_ln45 & !and_ln46 & tmp_2)> <Delay = 0.00>
ST_6 : Operation 98 [1/1] (0.00ns)   --->   "%xs_exp_1 = partselect i11 @_ssdm_op_PartSelect.i11.i64.i32.i32, i64 %data_1, i32 52, i32 62" [C:\scratch\2023.2\hls_product\689\2023.2\src\shared\hls\clib/src/hls\utils/x_hls_utils.h:461->C:\scratch\2023.2\hls_product\689\2023.2\src\shared\hls\clib\hlsmath\src\common\hls_exp_double.cpp:8->C:\scratch\2023.2\hls_product\689\2023.2\src\shared\hls\clib/hlsmath/include/FloatingPoint\hls_tanh.h:61]   --->   Operation 98 'partselect' 'xs_exp_1' <Predicate = (!icmp_ln36 & !icmp_ln45 & !and_ln46 & tmp_2)> <Delay = 0.00>
ST_6 : Operation 99 [1/1] (1.63ns)   --->   "%icmp_ln9 = icmp_ult  i11 %xs_exp_1, i11 996" [C:\scratch\2023.2\hls_product\689\2023.2\src\shared\hls\clib\hlsmath\src\common\hls_exp_double.cpp:9->C:\scratch\2023.2\hls_product\689\2023.2\src\shared\hls\clib/hlsmath/include/FloatingPoint\hls_tanh.h:61]   --->   Operation 99 'icmp' 'icmp_ln9' <Predicate = (!icmp_ln36 & !icmp_ln45 & !and_ln46 & tmp_2)> <Delay = 1.63> <CoreInst = "Cmp">   --->   Core 9 'Cmp' <Latency = 0> <II = 1> <Delay = 1.63> <FuncUnit> <Opcode : 'icmp'> <InPorts = 2> <OutPorts = 1>
ST_6 : Operation 100 [1/1] (1.63ns)   --->   "%icmp_ln9_1 = icmp_ne  i11 %xs_exp_1, i11 0" [C:\scratch\2023.2\hls_product\689\2023.2\src\shared\hls\clib\hlsmath\src\common\hls_exp_double.cpp:9->C:\scratch\2023.2\hls_product\689\2023.2\src\shared\hls\clib/hlsmath/include/FloatingPoint\hls_tanh.h:61]   --->   Operation 100 'icmp' 'icmp_ln9_1' <Predicate = (!icmp_ln36 & !icmp_ln45 & !and_ln46 & tmp_2)> <Delay = 1.63> <CoreInst = "Cmp">   --->   Core 9 'Cmp' <Latency = 0> <II = 1> <Delay = 1.63> <FuncUnit> <Opcode : 'icmp'> <InPorts = 2> <OutPorts = 1>
ST_6 : Operation 101 [1/1] (0.00ns) (grouped into LUT with out node and_ln9_1)   --->   "%and_ln9 = and i1 %icmp_ln9, i1 %icmp_ln9_1" [C:\scratch\2023.2\hls_product\689\2023.2\src\shared\hls\clib\hlsmath\src\common\hls_exp_double.cpp:9->C:\scratch\2023.2\hls_product\689\2023.2\src\shared\hls\clib/hlsmath/include/FloatingPoint\hls_tanh.h:61]   --->   Operation 101 'and' 'and_ln9' <Predicate = (!icmp_ln36 & !icmp_ln45 & !and_ln46 & tmp_2)> <Delay = 0.00> <CoreInst = "LogicGate">   --->   Core 74 'LogicGate' <Latency = 0> <II = 1> <Delay = 0.97> <FuncUnit> <Opcode : 'and' 'or' 'xor'> <InPorts = 2> <OutPorts = 1>
ST_6 : Operation 102 [1/1] (0.97ns) (out node of the LUT)   --->   "%and_ln9_1 = and i1 %and_ln9, i1 %xs_sign" [C:\scratch\2023.2\hls_product\689\2023.2\src\shared\hls\clib\hlsmath\src\common\hls_exp_double.cpp:9->C:\scratch\2023.2\hls_product\689\2023.2\src\shared\hls\clib/hlsmath/include/FloatingPoint\hls_tanh.h:61]   --->   Operation 102 'and' 'and_ln9_1' <Predicate = (!icmp_ln36 & !icmp_ln45 & !and_ln46 & tmp_2)> <Delay = 0.97> <CoreInst = "LogicGate">   --->   Core 74 'LogicGate' <Latency = 0> <II = 1> <Delay = 0.97> <FuncUnit> <Opcode : 'and' 'or' 'xor'> <InPorts = 2> <OutPorts = 1>
ST_6 : Operation 103 [1/1] (1.58ns)   --->   "%br_ln9 = br i1 %and_ln9_1, void %if.end.i, void %_ZN11exp_reduce_5expm1Ed.exit" [C:\scratch\2023.2\hls_product\689\2023.2\src\shared\hls\clib\hlsmath\src\common\hls_exp_double.cpp:9->C:\scratch\2023.2\hls_product\689\2023.2\src\shared\hls\clib/hlsmath/include/FloatingPoint\hls_tanh.h:61]   --->   Operation 103 'br' 'br_ln9' <Predicate = (!icmp_ln36 & !icmp_ln45 & !and_ln46 & tmp_2)> <Delay = 1.58>
ST_6 : Operation 104 [1/1] (0.00ns) (grouped into LUT with out node and_ln10_1)   --->   "%xor_ln10 = xor i1 %xs_sign, i1 1" [C:\scratch\2023.2\hls_product\689\2023.2\src\shared\hls\clib\hlsmath\src\common\hls_exp_double.cpp:10->C:\scratch\2023.2\hls_product\689\2023.2\src\shared\hls\clib/hlsmath/include/FloatingPoint\hls_tanh.h:61]   --->   Operation 104 'xor' 'xor_ln10' <Predicate = (!icmp_ln36 & !icmp_ln45 & !and_ln46 & tmp_2 & !and_ln9_1)> <Delay = 0.00> <CoreInst = "LogicGate">   --->   Core 74 'LogicGate' <Latency = 0> <II = 1> <Delay = 0.97> <FuncUnit> <Opcode : 'and' 'or' 'xor'> <InPorts = 2> <OutPorts = 1>
ST_6 : Operation 105 [1/1] (1.63ns)   --->   "%icmp_ln10 = icmp_ult  i11 %xs_exp_1, i11 997" [C:\scratch\2023.2\hls_product\689\2023.2\src\shared\hls\clib\hlsmath\src\common\hls_exp_double.cpp:10->C:\scratch\2023.2\hls_product\689\2023.2\src\shared\hls\clib/hlsmath/include/FloatingPoint\hls_tanh.h:61]   --->   Operation 105 'icmp' 'icmp_ln10' <Predicate = (!icmp_ln36 & !icmp_ln45 & !and_ln46 & tmp_2 & !and_ln9_1)> <Delay = 1.63> <CoreInst = "Cmp">   --->   Core 9 'Cmp' <Latency = 0> <II = 1> <Delay = 1.63> <FuncUnit> <Opcode : 'icmp'> <InPorts = 2> <OutPorts = 1>
ST_6 : Operation 106 [1/1] (0.00ns) (grouped into LUT with out node and_ln10_1)   --->   "%and_ln10 = and i1 %icmp_ln9_1, i1 %xor_ln10" [C:\scratch\2023.2\hls_product\689\2023.2\src\shared\hls\clib\hlsmath\src\common\hls_exp_double.cpp:10->C:\scratch\2023.2\hls_product\689\2023.2\src\shared\hls\clib/hlsmath/include/FloatingPoint\hls_tanh.h:61]   --->   Operation 106 'and' 'and_ln10' <Predicate = (!icmp_ln36 & !icmp_ln45 & !and_ln46 & tmp_2 & !and_ln9_1)> <Delay = 0.00> <CoreInst = "LogicGate">   --->   Core 74 'LogicGate' <Latency = 0> <II = 1> <Delay = 0.97> <FuncUnit> <Opcode : 'and' 'or' 'xor'> <InPorts = 2> <OutPorts = 1>
ST_6 : Operation 107 [1/1] (0.97ns) (out node of the LUT)   --->   "%and_ln10_1 = and i1 %and_ln10, i1 %icmp_ln10" [C:\scratch\2023.2\hls_product\689\2023.2\src\shared\hls\clib\hlsmath\src\common\hls_exp_double.cpp:10->C:\scratch\2023.2\hls_product\689\2023.2\src\shared\hls\clib/hlsmath/include/FloatingPoint\hls_tanh.h:61]   --->   Operation 107 'and' 'and_ln10_1' <Predicate = (!icmp_ln36 & !icmp_ln45 & !and_ln46 & tmp_2 & !and_ln9_1)> <Delay = 0.97> <CoreInst = "LogicGate">   --->   Core 74 'LogicGate' <Latency = 0> <II = 1> <Delay = 0.97> <FuncUnit> <Opcode : 'and' 'or' 'xor'> <InPorts = 2> <OutPorts = 1>
ST_6 : Operation 108 [1/1] (1.58ns)   --->   "%br_ln10 = br i1 %and_ln10_1, void %if.end15.i, void %_ZN11exp_reduce_5expm1Ed.exit" [C:\scratch\2023.2\hls_product\689\2023.2\src\shared\hls\clib\hlsmath\src\common\hls_exp_double.cpp:10->C:\scratch\2023.2\hls_product\689\2023.2\src\shared\hls\clib/hlsmath/include/FloatingPoint\hls_tanh.h:61]   --->   Operation 108 'br' 'br_ln10' <Predicate = (!icmp_ln36 & !icmp_ln45 & !and_ln46 & tmp_2 & !and_ln9_1)> <Delay = 1.58>
ST_6 : Operation 109 [4/4] (13.9ns)   --->   "%resultf = dmul i64 %abst_in, i64 %add" [C:\scratch\2023.2\hls_product\689\2023.2\src\shared\hls\clib/hlsmath/include/FloatingPoint\hls_tanh.h:49]   --->   Operation 109 'dmul' 'resultf' <Predicate = (!icmp_ln36 & and_ln46) | (!icmp_ln36 & icmp_ln45)> <Delay = 13.9> <CoreInst = "DMul_maxdsp">   --->   Core 49 'DMul_maxdsp' <Latency = 3> <II = 1> <Delay = 13.9> <FuncUnit> <Opcode : 'dmul'> <InPorts = 2> <OutPorts = 1>

State 7 <SV = 6> <Delay = 13.9>
ST_7 : Operation 110 [12/12] (11.1ns)   --->   "%tmp_4 = call i64 @exp_generic<double>, i64 %x_3, i58 %table_exp_Z1_ap_ufixed_58_1_ap_q_mode_5_ap_o_mode_3_0_array, i26 %table_f_Z3_ap_ufixed_59_0_ap_q_mode_5_ap_o_mode_3_0_array, i42 %table_f_Z2_ap_ufixed_59_0_ap_q_mode_5_ap_o_mode_3_0_array" [C:\scratch\2023.2\hls_product\689\2023.2\src\shared\hls\clib\hlsmath\src\common\hls_exp_double.cpp:11->C:\scratch\2023.2\hls_product\689\2023.2\src\shared\hls\clib/hlsmath/include/FloatingPoint\hls_tanh.h:61]   --->   Operation 110 'call' 'tmp_4' <Predicate = (!icmp_ln36 & !icmp_ln45 & !and_ln46 & tmp_2 & !and_ln9_1 & !and_ln10_1)> <Delay = 11.1> <CoreType = "Generic">   --->   Core 0 '' <Latency = 0> <II = 1> <Delay = 1.00> <Generic> <Opcode : >
ST_7 : Operation 111 [3/4] (13.9ns)   --->   "%resultf = dmul i64 %abst_in, i64 %add" [C:\scratch\2023.2\hls_product\689\2023.2\src\shared\hls\clib/hlsmath/include/FloatingPoint\hls_tanh.h:49]   --->   Operation 111 'dmul' 'resultf' <Predicate = (!icmp_ln36 & and_ln46) | (!icmp_ln36 & icmp_ln45)> <Delay = 13.9> <CoreInst = "DMul_maxdsp">   --->   Core 49 'DMul_maxdsp' <Latency = 3> <II = 1> <Delay = 13.9> <FuncUnit> <Opcode : 'dmul'> <InPorts = 2> <OutPorts = 1>

State 8 <SV = 7> <Delay = 13.9>
ST_8 : Operation 112 [11/12] (13.9ns)   --->   "%tmp_4 = call i64 @exp_generic<double>, i64 %x_3, i58 %table_exp_Z1_ap_ufixed_58_1_ap_q_mode_5_ap_o_mode_3_0_array, i26 %table_f_Z3_ap_ufixed_59_0_ap_q_mode_5_ap_o_mode_3_0_array, i42 %table_f_Z2_ap_ufixed_59_0_ap_q_mode_5_ap_o_mode_3_0_array" [C:\scratch\2023.2\hls_product\689\2023.2\src\shared\hls\clib\hlsmath\src\common\hls_exp_double.cpp:11->C:\scratch\2023.2\hls_product\689\2023.2\src\shared\hls\clib/hlsmath/include/FloatingPoint\hls_tanh.h:61]   --->   Operation 112 'call' 'tmp_4' <Predicate = (!icmp_ln36 & !icmp_ln45 & !and_ln46 & tmp_2 & !and_ln9_1 & !and_ln10_1)> <Delay = 13.9> <CoreType = "Generic">   --->   Core 0 '' <Latency = 0> <II = 1> <Delay = 1.00> <Generic> <Opcode : >
ST_8 : Operation 113 [2/4] (13.9ns)   --->   "%resultf = dmul i64 %abst_in, i64 %add" [C:\scratch\2023.2\hls_product\689\2023.2\src\shared\hls\clib/hlsmath/include/FloatingPoint\hls_tanh.h:49]   --->   Operation 113 'dmul' 'resultf' <Predicate = (!icmp_ln36 & and_ln46) | (!icmp_ln36 & icmp_ln45)> <Delay = 13.9> <CoreInst = "DMul_maxdsp">   --->   Core 49 'DMul_maxdsp' <Latency = 3> <II = 1> <Delay = 13.9> <FuncUnit> <Opcode : 'dmul'> <InPorts = 2> <OutPorts = 1>

State 9 <SV = 8> <Delay = 13.9>
ST_9 : Operation 114 [10/12] (13.9ns)   --->   "%tmp_4 = call i64 @exp_generic<double>, i64 %x_3, i58 %table_exp_Z1_ap_ufixed_58_1_ap_q_mode_5_ap_o_mode_3_0_array, i26 %table_f_Z3_ap_ufixed_59_0_ap_q_mode_5_ap_o_mode_3_0_array, i42 %table_f_Z2_ap_ufixed_59_0_ap_q_mode_5_ap_o_mode_3_0_array" [C:\scratch\2023.2\hls_product\689\2023.2\src\shared\hls\clib\hlsmath\src\common\hls_exp_double.cpp:11->C:\scratch\2023.2\hls_product\689\2023.2\src\shared\hls\clib/hlsmath/include/FloatingPoint\hls_tanh.h:61]   --->   Operation 114 'call' 'tmp_4' <Predicate = (!icmp_ln36 & !icmp_ln45 & !and_ln46 & tmp_2 & !and_ln9_1 & !and_ln10_1)> <Delay = 13.9> <CoreType = "Generic">   --->   Core 0 '' <Latency = 0> <II = 1> <Delay = 1.00> <Generic> <Opcode : >
ST_9 : Operation 115 [1/4] (13.9ns)   --->   "%resultf = dmul i64 %abst_in, i64 %add" [C:\scratch\2023.2\hls_product\689\2023.2\src\shared\hls\clib/hlsmath/include/FloatingPoint\hls_tanh.h:49]   --->   Operation 115 'dmul' 'resultf' <Predicate = (!icmp_ln36 & and_ln46) | (!icmp_ln36 & icmp_ln45)> <Delay = 13.9> <CoreInst = "DMul_maxdsp">   --->   Core 49 'DMul_maxdsp' <Latency = 3> <II = 1> <Delay = 13.9> <FuncUnit> <Opcode : 'dmul'> <InPorts = 2> <OutPorts = 1>

State 10 <SV = 9> <Delay = 13.9>
ST_10 : Operation 116 [9/12] (13.9ns)   --->   "%tmp_4 = call i64 @exp_generic<double>, i64 %x_3, i58 %table_exp_Z1_ap_ufixed_58_1_ap_q_mode_5_ap_o_mode_3_0_array, i26 %table_f_Z3_ap_ufixed_59_0_ap_q_mode_5_ap_o_mode_3_0_array, i42 %table_f_Z2_ap_ufixed_59_0_ap_q_mode_5_ap_o_mode_3_0_array" [C:\scratch\2023.2\hls_product\689\2023.2\src\shared\hls\clib\hlsmath\src\common\hls_exp_double.cpp:11->C:\scratch\2023.2\hls_product\689\2023.2\src\shared\hls\clib/hlsmath/include/FloatingPoint\hls_tanh.h:61]   --->   Operation 116 'call' 'tmp_4' <Predicate = (!icmp_ln36 & !icmp_ln45 & !and_ln46 & tmp_2 & !and_ln9_1 & !and_ln10_1)> <Delay = 13.9> <CoreType = "Generic">   --->   Core 0 '' <Latency = 0> <II = 1> <Delay = 1.00> <Generic> <Opcode : >
ST_10 : Operation 117 [1/1] (1.94ns)   --->   "%br_ln50 = br void %if.end38" [C:\scratch\2023.2\hls_product\689\2023.2\src\shared\hls\clib/hlsmath/include/FloatingPoint\hls_tanh.h:50]   --->   Operation 117 'br' 'br_ln50' <Predicate = (!icmp_ln36 & and_ln46) | (!icmp_ln36 & icmp_ln45)> <Delay = 1.94>

State 11 <SV = 10> <Delay = 13.9>
ST_11 : Operation 118 [8/12] (13.9ns)   --->   "%tmp_4 = call i64 @exp_generic<double>, i64 %x_3, i58 %table_exp_Z1_ap_ufixed_58_1_ap_q_mode_5_ap_o_mode_3_0_array, i26 %table_f_Z3_ap_ufixed_59_0_ap_q_mode_5_ap_o_mode_3_0_array, i42 %table_f_Z2_ap_ufixed_59_0_ap_q_mode_5_ap_o_mode_3_0_array" [C:\scratch\2023.2\hls_product\689\2023.2\src\shared\hls\clib\hlsmath\src\common\hls_exp_double.cpp:11->C:\scratch\2023.2\hls_product\689\2023.2\src\shared\hls\clib/hlsmath/include/FloatingPoint\hls_tanh.h:61]   --->   Operation 118 'call' 'tmp_4' <Predicate = (!icmp_ln36 & !icmp_ln45 & !and_ln46 & tmp_2 & !and_ln9_1 & !and_ln10_1)> <Delay = 13.9> <CoreType = "Generic">   --->   Core 0 '' <Latency = 0> <II = 1> <Delay = 1.00> <Generic> <Opcode : >

State 12 <SV = 11> <Delay = 13.9>
ST_12 : Operation 119 [7/12] (13.9ns)   --->   "%tmp_4 = call i64 @exp_generic<double>, i64 %x_3, i58 %table_exp_Z1_ap_ufixed_58_1_ap_q_mode_5_ap_o_mode_3_0_array, i26 %table_f_Z3_ap_ufixed_59_0_ap_q_mode_5_ap_o_mode_3_0_array, i42 %table_f_Z2_ap_ufixed_59_0_ap_q_mode_5_ap_o_mode_3_0_array" [C:\scratch\2023.2\hls_product\689\2023.2\src\shared\hls\clib\hlsmath\src\common\hls_exp_double.cpp:11->C:\scratch\2023.2\hls_product\689\2023.2\src\shared\hls\clib/hlsmath/include/FloatingPoint\hls_tanh.h:61]   --->   Operation 119 'call' 'tmp_4' <Predicate = (!icmp_ln36 & !icmp_ln45 & !and_ln46 & tmp_2 & !and_ln9_1 & !and_ln10_1)> <Delay = 13.9> <CoreType = "Generic">   --->   Core 0 '' <Latency = 0> <II = 1> <Delay = 1.00> <Generic> <Opcode : >

State 13 <SV = 12> <Delay = 13.9>
ST_13 : Operation 120 [6/12] (13.9ns)   --->   "%tmp_4 = call i64 @exp_generic<double>, i64 %x_3, i58 %table_exp_Z1_ap_ufixed_58_1_ap_q_mode_5_ap_o_mode_3_0_array, i26 %table_f_Z3_ap_ufixed_59_0_ap_q_mode_5_ap_o_mode_3_0_array, i42 %table_f_Z2_ap_ufixed_59_0_ap_q_mode_5_ap_o_mode_3_0_array" [C:\scratch\2023.2\hls_product\689\2023.2\src\shared\hls\clib\hlsmath\src\common\hls_exp_double.cpp:11->C:\scratch\2023.2\hls_product\689\2023.2\src\shared\hls\clib/hlsmath/include/FloatingPoint\hls_tanh.h:61]   --->   Operation 120 'call' 'tmp_4' <Predicate = (!icmp_ln36 & !icmp_ln45 & !and_ln46 & tmp_2 & !and_ln9_1 & !and_ln10_1)> <Delay = 13.9> <CoreType = "Generic">   --->   Core 0 '' <Latency = 0> <II = 1> <Delay = 1.00> <Generic> <Opcode : >

State 14 <SV = 13> <Delay = 13.9>
ST_14 : Operation 121 [5/12] (13.9ns)   --->   "%tmp_4 = call i64 @exp_generic<double>, i64 %x_3, i58 %table_exp_Z1_ap_ufixed_58_1_ap_q_mode_5_ap_o_mode_3_0_array, i26 %table_f_Z3_ap_ufixed_59_0_ap_q_mode_5_ap_o_mode_3_0_array, i42 %table_f_Z2_ap_ufixed_59_0_ap_q_mode_5_ap_o_mode_3_0_array" [C:\scratch\2023.2\hls_product\689\2023.2\src\shared\hls\clib\hlsmath\src\common\hls_exp_double.cpp:11->C:\scratch\2023.2\hls_product\689\2023.2\src\shared\hls\clib/hlsmath/include/FloatingPoint\hls_tanh.h:61]   --->   Operation 121 'call' 'tmp_4' <Predicate = (!icmp_ln36 & !icmp_ln45 & !and_ln46 & tmp_2 & !and_ln9_1 & !and_ln10_1)> <Delay = 13.9> <CoreType = "Generic">   --->   Core 0 '' <Latency = 0> <II = 1> <Delay = 1.00> <Generic> <Opcode : >

State 15 <SV = 14> <Delay = 13.9>
ST_15 : Operation 122 [4/12] (13.9ns)   --->   "%tmp_4 = call i64 @exp_generic<double>, i64 %x_3, i58 %table_exp_Z1_ap_ufixed_58_1_ap_q_mode_5_ap_o_mode_3_0_array, i26 %table_f_Z3_ap_ufixed_59_0_ap_q_mode_5_ap_o_mode_3_0_array, i42 %table_f_Z2_ap_ufixed_59_0_ap_q_mode_5_ap_o_mode_3_0_array" [C:\scratch\2023.2\hls_product\689\2023.2\src\shared\hls\clib\hlsmath\src\common\hls_exp_double.cpp:11->C:\scratch\2023.2\hls_product\689\2023.2\src\shared\hls\clib/hlsmath/include/FloatingPoint\hls_tanh.h:61]   --->   Operation 122 'call' 'tmp_4' <Predicate = (!icmp_ln36 & !icmp_ln45 & !and_ln46 & tmp_2 & !and_ln9_1 & !and_ln10_1)> <Delay = 13.9> <CoreType = "Generic">   --->   Core 0 '' <Latency = 0> <II = 1> <Delay = 1.00> <Generic> <Opcode : >

State 16 <SV = 15> <Delay = 13.9>
ST_16 : Operation 123 [3/12] (13.9ns)   --->   "%tmp_4 = call i64 @exp_generic<double>, i64 %x_3, i58 %table_exp_Z1_ap_ufixed_58_1_ap_q_mode_5_ap_o_mode_3_0_array, i26 %table_f_Z3_ap_ufixed_59_0_ap_q_mode_5_ap_o_mode_3_0_array, i42 %table_f_Z2_ap_ufixed_59_0_ap_q_mode_5_ap_o_mode_3_0_array" [C:\scratch\2023.2\hls_product\689\2023.2\src\shared\hls\clib\hlsmath\src\common\hls_exp_double.cpp:11->C:\scratch\2023.2\hls_product\689\2023.2\src\shared\hls\clib/hlsmath/include/FloatingPoint\hls_tanh.h:61]   --->   Operation 123 'call' 'tmp_4' <Predicate = (!icmp_ln36 & !icmp_ln45 & !and_ln46 & tmp_2 & !and_ln9_1 & !and_ln10_1)> <Delay = 13.9> <CoreType = "Generic">   --->   Core 0 '' <Latency = 0> <II = 1> <Delay = 1.00> <Generic> <Opcode : >

State 17 <SV = 16> <Delay = 13.9>
ST_17 : Operation 124 [2/12] (13.9ns)   --->   "%tmp_4 = call i64 @exp_generic<double>, i64 %x_3, i58 %table_exp_Z1_ap_ufixed_58_1_ap_q_mode_5_ap_o_mode_3_0_array, i26 %table_f_Z3_ap_ufixed_59_0_ap_q_mode_5_ap_o_mode_3_0_array, i42 %table_f_Z2_ap_ufixed_59_0_ap_q_mode_5_ap_o_mode_3_0_array" [C:\scratch\2023.2\hls_product\689\2023.2\src\shared\hls\clib\hlsmath\src\common\hls_exp_double.cpp:11->C:\scratch\2023.2\hls_product\689\2023.2\src\shared\hls\clib/hlsmath/include/FloatingPoint\hls_tanh.h:61]   --->   Operation 124 'call' 'tmp_4' <Predicate = (!icmp_ln36 & !icmp_ln45 & !and_ln46 & tmp_2 & !and_ln9_1 & !and_ln10_1)> <Delay = 13.9> <CoreType = "Generic">   --->   Core 0 '' <Latency = 0> <II = 1> <Delay = 1.00> <Generic> <Opcode : >

State 18 <SV = 17> <Delay = 13.9>
ST_18 : Operation 125 [1/12] (13.9ns)   --->   "%tmp_4 = call i64 @exp_generic<double>, i64 %x_3, i58 %table_exp_Z1_ap_ufixed_58_1_ap_q_mode_5_ap_o_mode_3_0_array, i26 %table_f_Z3_ap_ufixed_59_0_ap_q_mode_5_ap_o_mode_3_0_array, i42 %table_f_Z2_ap_ufixed_59_0_ap_q_mode_5_ap_o_mode_3_0_array" [C:\scratch\2023.2\hls_product\689\2023.2\src\shared\hls\clib\hlsmath\src\common\hls_exp_double.cpp:11->C:\scratch\2023.2\hls_product\689\2023.2\src\shared\hls\clib/hlsmath/include/FloatingPoint\hls_tanh.h:61]   --->   Operation 125 'call' 'tmp_4' <Predicate = (!icmp_ln36 & !icmp_ln45 & !and_ln46 & tmp_2 & !and_ln9_1 & !and_ln10_1)> <Delay = 13.9> <CoreType = "Generic">   --->   Core 0 '' <Latency = 0> <II = 1> <Delay = 1.00> <Generic> <Opcode : >

State 19 <SV = 18> <Delay = 8.23>
ST_19 : Operation 126 [5/5] (8.23ns)   --->   "%sub_i = dadd i64 %tmp_4, i64 -1" [C:\scratch\2023.2\hls_product\689\2023.2\src\shared\hls\clib\hlsmath\src\common\hls_exp_double.cpp:11->C:\scratch\2023.2\hls_product\689\2023.2\src\shared\hls\clib/hlsmath/include/FloatingPoint\hls_tanh.h:61]   --->   Operation 126 'dadd' 'sub_i' <Predicate = (!icmp_ln36 & !icmp_ln45 & !and_ln46 & tmp_2 & !and_ln9_1 & !and_ln10_1)> <Delay = 8.23> <CoreInst = "DAddSub_fulldsp">   --->   Core 37 'DAddSub_fulldsp' <Latency = 4> <II = 1> <Delay = 8.23> <FuncUnit> <Opcode : 'dadd' 'dsub'> <InPorts = 2> <OutPorts = 1>

State 20 <SV = 19> <Delay = 8.23>
ST_20 : Operation 127 [4/5] (8.23ns)   --->   "%sub_i = dadd i64 %tmp_4, i64 -1" [C:\scratch\2023.2\hls_product\689\2023.2\src\shared\hls\clib\hlsmath\src\common\hls_exp_double.cpp:11->C:\scratch\2023.2\hls_product\689\2023.2\src\shared\hls\clib/hlsmath/include/FloatingPoint\hls_tanh.h:61]   --->   Operation 127 'dadd' 'sub_i' <Predicate = (!icmp_ln36 & !icmp_ln45 & !and_ln46 & tmp_2 & !and_ln9_1 & !and_ln10_1)> <Delay = 8.23> <CoreInst = "DAddSub_fulldsp">   --->   Core 37 'DAddSub_fulldsp' <Latency = 4> <II = 1> <Delay = 8.23> <FuncUnit> <Opcode : 'dadd' 'dsub'> <InPorts = 2> <OutPorts = 1>

State 21 <SV = 20> <Delay = 8.23>
ST_21 : Operation 128 [3/5] (8.23ns)   --->   "%sub_i = dadd i64 %tmp_4, i64 -1" [C:\scratch\2023.2\hls_product\689\2023.2\src\shared\hls\clib\hlsmath\src\common\hls_exp_double.cpp:11->C:\scratch\2023.2\hls_product\689\2023.2\src\shared\hls\clib/hlsmath/include/FloatingPoint\hls_tanh.h:61]   --->   Operation 128 'dadd' 'sub_i' <Predicate = (!icmp_ln36 & !icmp_ln45 & !and_ln46 & tmp_2 & !and_ln9_1 & !and_ln10_1)> <Delay = 8.23> <CoreInst = "DAddSub_fulldsp">   --->   Core 37 'DAddSub_fulldsp' <Latency = 4> <II = 1> <Delay = 8.23> <FuncUnit> <Opcode : 'dadd' 'dsub'> <InPorts = 2> <OutPorts = 1>

State 22 <SV = 21> <Delay = 8.23>
ST_22 : Operation 129 [2/5] (8.23ns)   --->   "%sub_i = dadd i64 %tmp_4, i64 -1" [C:\scratch\2023.2\hls_product\689\2023.2\src\shared\hls\clib\hlsmath\src\common\hls_exp_double.cpp:11->C:\scratch\2023.2\hls_product\689\2023.2\src\shared\hls\clib/hlsmath/include/FloatingPoint\hls_tanh.h:61]   --->   Operation 129 'dadd' 'sub_i' <Predicate = (!icmp_ln36 & !icmp_ln45 & !and_ln46 & tmp_2 & !and_ln9_1 & !and_ln10_1)> <Delay = 8.23> <CoreInst = "DAddSub_fulldsp">   --->   Core 37 'DAddSub_fulldsp' <Latency = 4> <II = 1> <Delay = 8.23> <FuncUnit> <Opcode : 'dadd' 'dsub'> <InPorts = 2> <OutPorts = 1>

State 23 <SV = 22> <Delay = 9.82>
ST_23 : Operation 130 [1/5] (8.23ns)   --->   "%sub_i = dadd i64 %tmp_4, i64 -1" [C:\scratch\2023.2\hls_product\689\2023.2\src\shared\hls\clib\hlsmath\src\common\hls_exp_double.cpp:11->C:\scratch\2023.2\hls_product\689\2023.2\src\shared\hls\clib/hlsmath/include/FloatingPoint\hls_tanh.h:61]   --->   Operation 130 'dadd' 'sub_i' <Predicate = (!icmp_ln36 & !icmp_ln45 & !and_ln46 & tmp_2 & !and_ln9_1 & !and_ln10_1)> <Delay = 8.23> <CoreInst = "DAddSub_fulldsp">   --->   Core 37 'DAddSub_fulldsp' <Latency = 4> <II = 1> <Delay = 8.23> <FuncUnit> <Opcode : 'dadd' 'dsub'> <InPorts = 2> <OutPorts = 1>
ST_23 : Operation 131 [1/1] (1.58ns)   --->   "%br_ln11 = br void %_ZN11exp_reduce_5expm1Ed.exit" [C:\scratch\2023.2\hls_product\689\2023.2\src\shared\hls\clib\hlsmath\src\common\hls_exp_double.cpp:11->C:\scratch\2023.2\hls_product\689\2023.2\src\shared\hls\clib/hlsmath/include/FloatingPoint\hls_tanh.h:61]   --->   Operation 131 'br' 'br_ln11' <Predicate = (!icmp_ln36 & !icmp_ln45 & !and_ln46 & tmp_2 & !and_ln9_1 & !and_ln10_1)> <Delay = 1.58>

State 24 <SV = 23> <Delay = 8.23>
ST_24 : Operation 132 [1/1] (0.00ns)   --->   "%expx = phi i64 %sub_i, void %if.end15.i, i64 %x_3, void %if.then14, i64 %x_3, void %if.end.i"   --->   Operation 132 'phi' 'expx' <Predicate = (!icmp_ln36 & !icmp_ln45 & !and_ln46 & tmp_2)> <Delay = 0.00>
ST_24 : Operation 133 [5/5] (8.23ns)   --->   "%add2 = dadd i64 %expx, i64 2" [C:\scratch\2023.2\hls_product\689\2023.2\src\shared\hls\clib/hlsmath/include/FloatingPoint\hls_tanh.h:71]   --->   Operation 133 'dadd' 'add2' <Predicate = (!icmp_ln36 & !icmp_ln45 & !and_ln46 & tmp_2)> <Delay = 8.23> <CoreInst = "DAddSub_fulldsp">   --->   Core 37 'DAddSub_fulldsp' <Latency = 4> <II = 1> <Delay = 8.23> <FuncUnit> <Opcode : 'dadd' 'dsub'> <InPorts = 2> <OutPorts = 1>

State 25 <SV = 24> <Delay = 8.23>
ST_25 : Operation 134 [4/5] (8.23ns)   --->   "%add2 = dadd i64 %expx, i64 2" [C:\scratch\2023.2\hls_product\689\2023.2\src\shared\hls\clib/hlsmath/include/FloatingPoint\hls_tanh.h:71]   --->   Operation 134 'dadd' 'add2' <Predicate = (!icmp_ln36 & !icmp_ln45 & !and_ln46 & tmp_2)> <Delay = 8.23> <CoreInst = "DAddSub_fulldsp">   --->   Core 37 'DAddSub_fulldsp' <Latency = 4> <II = 1> <Delay = 8.23> <FuncUnit> <Opcode : 'dadd' 'dsub'> <InPorts = 2> <OutPorts = 1>

State 26 <SV = 25> <Delay = 8.23>
ST_26 : Operation 135 [3/5] (8.23ns)   --->   "%add2 = dadd i64 %expx, i64 2" [C:\scratch\2023.2\hls_product\689\2023.2\src\shared\hls\clib/hlsmath/include/FloatingPoint\hls_tanh.h:71]   --->   Operation 135 'dadd' 'add2' <Predicate = (!icmp_ln36 & !icmp_ln45 & !and_ln46 & tmp_2)> <Delay = 8.23> <CoreInst = "DAddSub_fulldsp">   --->   Core 37 'DAddSub_fulldsp' <Latency = 4> <II = 1> <Delay = 8.23> <FuncUnit> <Opcode : 'dadd' 'dsub'> <InPorts = 2> <OutPorts = 1>

State 27 <SV = 26> <Delay = 8.23>
ST_27 : Operation 136 [2/5] (8.23ns)   --->   "%add2 = dadd i64 %expx, i64 2" [C:\scratch\2023.2\hls_product\689\2023.2\src\shared\hls\clib/hlsmath/include/FloatingPoint\hls_tanh.h:71]   --->   Operation 136 'dadd' 'add2' <Predicate = (!icmp_ln36 & !icmp_ln45 & !and_ln46 & tmp_2)> <Delay = 8.23> <CoreInst = "DAddSub_fulldsp">   --->   Core 37 'DAddSub_fulldsp' <Latency = 4> <II = 1> <Delay = 8.23> <FuncUnit> <Opcode : 'dadd' 'dsub'> <InPorts = 2> <OutPorts = 1>

State 28 <SV = 27> <Delay = 8.23>
ST_28 : Operation 137 [1/5] (8.23ns)   --->   "%add2 = dadd i64 %expx, i64 2" [C:\scratch\2023.2\hls_product\689\2023.2\src\shared\hls\clib/hlsmath/include/FloatingPoint\hls_tanh.h:71]   --->   Operation 137 'dadd' 'add2' <Predicate = (!icmp_ln36 & !icmp_ln45 & !and_ln46 & tmp_2)> <Delay = 8.23> <CoreInst = "DAddSub_fulldsp">   --->   Core 37 'DAddSub_fulldsp' <Latency = 4> <II = 1> <Delay = 8.23> <FuncUnit> <Opcode : 'dadd' 'dsub'> <InPorts = 2> <OutPorts = 1>

State 29 <SV = 28> <Delay = 13.0>
ST_29 : Operation 138 [22/22] (12.0ns)   --->   "%div = ddiv i64 2, i64 %add2" [C:\scratch\2023.2\hls_product\689\2023.2\src\shared\hls\clib/hlsmath/include/FloatingPoint\hls_tanh.h:71]   --->   Operation 138 'ddiv' 'div' <Predicate = (!icmp_ln36 & !icmp_ln45 & !and_ln46 & tmp_2 & !icmp_ln54)> <Delay = 12.0> <CoreInst = "DDiv">   --->   Core 39 'DDiv' <Latency = 21> <II = 1> <Delay = 12.0> <FuncUnit> <Opcode : 'ddiv' 'drem'> <InPorts = 2> <OutPorts = 1>
ST_29 : Operation 139 [1/1] (0.00ns)   --->   "%bitcast_ln66 = bitcast i64 %expx" [C:\scratch\2023.2\hls_product\689\2023.2\src\shared\hls\clib/hlsmath/include/FloatingPoint\hls_tanh.h:66]   --->   Operation 139 'bitcast' 'bitcast_ln66' <Predicate = (!icmp_ln36 & !icmp_ln45 & !and_ln46 & tmp_2 & icmp_ln54)> <Delay = 0.00>
ST_29 : Operation 140 [1/1] (0.99ns)   --->   "%xor_ln66 = xor i64 %bitcast_ln66, i64 9223372036854775808" [C:\scratch\2023.2\hls_product\689\2023.2\src\shared\hls\clib/hlsmath/include/FloatingPoint\hls_tanh.h:66]   --->   Operation 140 'xor' 'xor_ln66' <Predicate = (!icmp_ln36 & !icmp_ln45 & !and_ln46 & tmp_2 & icmp_ln54)> <Delay = 0.99> <CoreInst = "LogicGate">   --->   Core 74 'LogicGate' <Latency = 0> <II = 1> <Delay = 0.99> <FuncUnit> <Opcode : 'and' 'or' 'xor'> <InPorts = 2> <OutPorts = 1>
ST_29 : Operation 141 [1/1] (0.00ns)   --->   "%bitcast_ln66_1 = bitcast i64 %xor_ln66" [C:\scratch\2023.2\hls_product\689\2023.2\src\shared\hls\clib/hlsmath/include/FloatingPoint\hls_tanh.h:66]   --->   Operation 141 'bitcast' 'bitcast_ln66_1' <Predicate = (!icmp_ln36 & !icmp_ln45 & !and_ln46 & tmp_2 & icmp_ln54)> <Delay = 0.00>
ST_29 : Operation 142 [22/22] (12.0ns)   --->   "%resultf_1 = ddiv i64 %bitcast_ln66_1, i64 %add2" [C:\scratch\2023.2\hls_product\689\2023.2\src\shared\hls\clib/hlsmath/include/FloatingPoint\hls_tanh.h:66]   --->   Operation 142 'ddiv' 'resultf_1' <Predicate = (!icmp_ln36 & !icmp_ln45 & !and_ln46 & tmp_2 & icmp_ln54)> <Delay = 12.0> <CoreInst = "DDiv">   --->   Core 39 'DDiv' <Latency = 21> <II = 1> <Delay = 12.0> <FuncUnit> <Opcode : 'ddiv' 'drem'> <InPorts = 2> <OutPorts = 1>

State 30 <SV = 29> <Delay = 12.0>
ST_30 : Operation 143 [21/22] (12.0ns)   --->   "%div = ddiv i64 2, i64 %add2" [C:\scratch\2023.2\hls_product\689\2023.2\src\shared\hls\clib/hlsmath/include/FloatingPoint\hls_tanh.h:71]   --->   Operation 143 'ddiv' 'div' <Predicate = (!icmp_ln36 & !icmp_ln45 & !and_ln46 & tmp_2 & !icmp_ln54)> <Delay = 12.0> <CoreInst = "DDiv">   --->   Core 39 'DDiv' <Latency = 21> <II = 1> <Delay = 12.0> <FuncUnit> <Opcode : 'ddiv' 'drem'> <InPorts = 2> <OutPorts = 1>
ST_30 : Operation 144 [21/22] (12.0ns)   --->   "%resultf_1 = ddiv i64 %bitcast_ln66_1, i64 %add2" [C:\scratch\2023.2\hls_product\689\2023.2\src\shared\hls\clib/hlsmath/include/FloatingPoint\hls_tanh.h:66]   --->   Operation 144 'ddiv' 'resultf_1' <Predicate = (!icmp_ln36 & !icmp_ln45 & !and_ln46 & tmp_2 & icmp_ln54)> <Delay = 12.0> <CoreInst = "DDiv">   --->   Core 39 'DDiv' <Latency = 21> <II = 1> <Delay = 12.0> <FuncUnit> <Opcode : 'ddiv' 'drem'> <InPorts = 2> <OutPorts = 1>

State 31 <SV = 30> <Delay = 12.0>
ST_31 : Operation 145 [20/22] (12.0ns)   --->   "%div = ddiv i64 2, i64 %add2" [C:\scratch\2023.2\hls_product\689\2023.2\src\shared\hls\clib/hlsmath/include/FloatingPoint\hls_tanh.h:71]   --->   Operation 145 'ddiv' 'div' <Predicate = (!icmp_ln36 & !icmp_ln45 & !and_ln46 & tmp_2 & !icmp_ln54)> <Delay = 12.0> <CoreInst = "DDiv">   --->   Core 39 'DDiv' <Latency = 21> <II = 1> <Delay = 12.0> <FuncUnit> <Opcode : 'ddiv' 'drem'> <InPorts = 2> <OutPorts = 1>
ST_31 : Operation 146 [20/22] (12.0ns)   --->   "%resultf_1 = ddiv i64 %bitcast_ln66_1, i64 %add2" [C:\scratch\2023.2\hls_product\689\2023.2\src\shared\hls\clib/hlsmath/include/FloatingPoint\hls_tanh.h:66]   --->   Operation 146 'ddiv' 'resultf_1' <Predicate = (!icmp_ln36 & !icmp_ln45 & !and_ln46 & tmp_2 & icmp_ln54)> <Delay = 12.0> <CoreInst = "DDiv">   --->   Core 39 'DDiv' <Latency = 21> <II = 1> <Delay = 12.0> <FuncUnit> <Opcode : 'ddiv' 'drem'> <InPorts = 2> <OutPorts = 1>

State 32 <SV = 31> <Delay = 12.0>
ST_32 : Operation 147 [19/22] (12.0ns)   --->   "%div = ddiv i64 2, i64 %add2" [C:\scratch\2023.2\hls_product\689\2023.2\src\shared\hls\clib/hlsmath/include/FloatingPoint\hls_tanh.h:71]   --->   Operation 147 'ddiv' 'div' <Predicate = (!icmp_ln36 & !icmp_ln45 & !and_ln46 & tmp_2 & !icmp_ln54)> <Delay = 12.0> <CoreInst = "DDiv">   --->   Core 39 'DDiv' <Latency = 21> <II = 1> <Delay = 12.0> <FuncUnit> <Opcode : 'ddiv' 'drem'> <InPorts = 2> <OutPorts = 1>
ST_32 : Operation 148 [19/22] (12.0ns)   --->   "%resultf_1 = ddiv i64 %bitcast_ln66_1, i64 %add2" [C:\scratch\2023.2\hls_product\689\2023.2\src\shared\hls\clib/hlsmath/include/FloatingPoint\hls_tanh.h:66]   --->   Operation 148 'ddiv' 'resultf_1' <Predicate = (!icmp_ln36 & !icmp_ln45 & !and_ln46 & tmp_2 & icmp_ln54)> <Delay = 12.0> <CoreInst = "DDiv">   --->   Core 39 'DDiv' <Latency = 21> <II = 1> <Delay = 12.0> <FuncUnit> <Opcode : 'ddiv' 'drem'> <InPorts = 2> <OutPorts = 1>

State 33 <SV = 32> <Delay = 12.0>
ST_33 : Operation 149 [18/22] (12.0ns)   --->   "%div = ddiv i64 2, i64 %add2" [C:\scratch\2023.2\hls_product\689\2023.2\src\shared\hls\clib/hlsmath/include/FloatingPoint\hls_tanh.h:71]   --->   Operation 149 'ddiv' 'div' <Predicate = (!icmp_ln36 & !icmp_ln45 & !and_ln46 & tmp_2 & !icmp_ln54)> <Delay = 12.0> <CoreInst = "DDiv">   --->   Core 39 'DDiv' <Latency = 21> <II = 1> <Delay = 12.0> <FuncUnit> <Opcode : 'ddiv' 'drem'> <InPorts = 2> <OutPorts = 1>
ST_33 : Operation 150 [18/22] (12.0ns)   --->   "%resultf_1 = ddiv i64 %bitcast_ln66_1, i64 %add2" [C:\scratch\2023.2\hls_product\689\2023.2\src\shared\hls\clib/hlsmath/include/FloatingPoint\hls_tanh.h:66]   --->   Operation 150 'ddiv' 'resultf_1' <Predicate = (!icmp_ln36 & !icmp_ln45 & !and_ln46 & tmp_2 & icmp_ln54)> <Delay = 12.0> <CoreInst = "DDiv">   --->   Core 39 'DDiv' <Latency = 21> <II = 1> <Delay = 12.0> <FuncUnit> <Opcode : 'ddiv' 'drem'> <InPorts = 2> <OutPorts = 1>

State 34 <SV = 33> <Delay = 12.0>
ST_34 : Operation 151 [17/22] (12.0ns)   --->   "%div = ddiv i64 2, i64 %add2" [C:\scratch\2023.2\hls_product\689\2023.2\src\shared\hls\clib/hlsmath/include/FloatingPoint\hls_tanh.h:71]   --->   Operation 151 'ddiv' 'div' <Predicate = (!icmp_ln36 & !icmp_ln45 & !and_ln46 & tmp_2 & !icmp_ln54)> <Delay = 12.0> <CoreInst = "DDiv">   --->   Core 39 'DDiv' <Latency = 21> <II = 1> <Delay = 12.0> <FuncUnit> <Opcode : 'ddiv' 'drem'> <InPorts = 2> <OutPorts = 1>
ST_34 : Operation 152 [17/22] (12.0ns)   --->   "%resultf_1 = ddiv i64 %bitcast_ln66_1, i64 %add2" [C:\scratch\2023.2\hls_product\689\2023.2\src\shared\hls\clib/hlsmath/include/FloatingPoint\hls_tanh.h:66]   --->   Operation 152 'ddiv' 'resultf_1' <Predicate = (!icmp_ln36 & !icmp_ln45 & !and_ln46 & tmp_2 & icmp_ln54)> <Delay = 12.0> <CoreInst = "DDiv">   --->   Core 39 'DDiv' <Latency = 21> <II = 1> <Delay = 12.0> <FuncUnit> <Opcode : 'ddiv' 'drem'> <InPorts = 2> <OutPorts = 1>

State 35 <SV = 34> <Delay = 12.0>
ST_35 : Operation 153 [16/22] (12.0ns)   --->   "%div = ddiv i64 2, i64 %add2" [C:\scratch\2023.2\hls_product\689\2023.2\src\shared\hls\clib/hlsmath/include/FloatingPoint\hls_tanh.h:71]   --->   Operation 153 'ddiv' 'div' <Predicate = (!icmp_ln36 & !icmp_ln45 & !and_ln46 & tmp_2 & !icmp_ln54)> <Delay = 12.0> <CoreInst = "DDiv">   --->   Core 39 'DDiv' <Latency = 21> <II = 1> <Delay = 12.0> <FuncUnit> <Opcode : 'ddiv' 'drem'> <InPorts = 2> <OutPorts = 1>
ST_35 : Operation 154 [16/22] (12.0ns)   --->   "%resultf_1 = ddiv i64 %bitcast_ln66_1, i64 %add2" [C:\scratch\2023.2\hls_product\689\2023.2\src\shared\hls\clib/hlsmath/include/FloatingPoint\hls_tanh.h:66]   --->   Operation 154 'ddiv' 'resultf_1' <Predicate = (!icmp_ln36 & !icmp_ln45 & !and_ln46 & tmp_2 & icmp_ln54)> <Delay = 12.0> <CoreInst = "DDiv">   --->   Core 39 'DDiv' <Latency = 21> <II = 1> <Delay = 12.0> <FuncUnit> <Opcode : 'ddiv' 'drem'> <InPorts = 2> <OutPorts = 1>

State 36 <SV = 35> <Delay = 12.0>
ST_36 : Operation 155 [15/22] (12.0ns)   --->   "%div = ddiv i64 2, i64 %add2" [C:\scratch\2023.2\hls_product\689\2023.2\src\shared\hls\clib/hlsmath/include/FloatingPoint\hls_tanh.h:71]   --->   Operation 155 'ddiv' 'div' <Predicate = (!icmp_ln36 & !icmp_ln45 & !and_ln46 & tmp_2 & !icmp_ln54)> <Delay = 12.0> <CoreInst = "DDiv">   --->   Core 39 'DDiv' <Latency = 21> <II = 1> <Delay = 12.0> <FuncUnit> <Opcode : 'ddiv' 'drem'> <InPorts = 2> <OutPorts = 1>
ST_36 : Operation 156 [15/22] (12.0ns)   --->   "%resultf_1 = ddiv i64 %bitcast_ln66_1, i64 %add2" [C:\scratch\2023.2\hls_product\689\2023.2\src\shared\hls\clib/hlsmath/include/FloatingPoint\hls_tanh.h:66]   --->   Operation 156 'ddiv' 'resultf_1' <Predicate = (!icmp_ln36 & !icmp_ln45 & !and_ln46 & tmp_2 & icmp_ln54)> <Delay = 12.0> <CoreInst = "DDiv">   --->   Core 39 'DDiv' <Latency = 21> <II = 1> <Delay = 12.0> <FuncUnit> <Opcode : 'ddiv' 'drem'> <InPorts = 2> <OutPorts = 1>

State 37 <SV = 36> <Delay = 12.0>
ST_37 : Operation 157 [14/22] (12.0ns)   --->   "%div = ddiv i64 2, i64 %add2" [C:\scratch\2023.2\hls_product\689\2023.2\src\shared\hls\clib/hlsmath/include/FloatingPoint\hls_tanh.h:71]   --->   Operation 157 'ddiv' 'div' <Predicate = (!icmp_ln36 & !icmp_ln45 & !and_ln46 & tmp_2 & !icmp_ln54)> <Delay = 12.0> <CoreInst = "DDiv">   --->   Core 39 'DDiv' <Latency = 21> <II = 1> <Delay = 12.0> <FuncUnit> <Opcode : 'ddiv' 'drem'> <InPorts = 2> <OutPorts = 1>
ST_37 : Operation 158 [14/22] (12.0ns)   --->   "%resultf_1 = ddiv i64 %bitcast_ln66_1, i64 %add2" [C:\scratch\2023.2\hls_product\689\2023.2\src\shared\hls\clib/hlsmath/include/FloatingPoint\hls_tanh.h:66]   --->   Operation 158 'ddiv' 'resultf_1' <Predicate = (!icmp_ln36 & !icmp_ln45 & !and_ln46 & tmp_2 & icmp_ln54)> <Delay = 12.0> <CoreInst = "DDiv">   --->   Core 39 'DDiv' <Latency = 21> <II = 1> <Delay = 12.0> <FuncUnit> <Opcode : 'ddiv' 'drem'> <InPorts = 2> <OutPorts = 1>

State 38 <SV = 37> <Delay = 12.0>
ST_38 : Operation 159 [13/22] (12.0ns)   --->   "%div = ddiv i64 2, i64 %add2" [C:\scratch\2023.2\hls_product\689\2023.2\src\shared\hls\clib/hlsmath/include/FloatingPoint\hls_tanh.h:71]   --->   Operation 159 'ddiv' 'div' <Predicate = (!icmp_ln36 & !icmp_ln45 & !and_ln46 & tmp_2 & !icmp_ln54)> <Delay = 12.0> <CoreInst = "DDiv">   --->   Core 39 'DDiv' <Latency = 21> <II = 1> <Delay = 12.0> <FuncUnit> <Opcode : 'ddiv' 'drem'> <InPorts = 2> <OutPorts = 1>
ST_38 : Operation 160 [13/22] (12.0ns)   --->   "%resultf_1 = ddiv i64 %bitcast_ln66_1, i64 %add2" [C:\scratch\2023.2\hls_product\689\2023.2\src\shared\hls\clib/hlsmath/include/FloatingPoint\hls_tanh.h:66]   --->   Operation 160 'ddiv' 'resultf_1' <Predicate = (!icmp_ln36 & !icmp_ln45 & !and_ln46 & tmp_2 & icmp_ln54)> <Delay = 12.0> <CoreInst = "DDiv">   --->   Core 39 'DDiv' <Latency = 21> <II = 1> <Delay = 12.0> <FuncUnit> <Opcode : 'ddiv' 'drem'> <InPorts = 2> <OutPorts = 1>

State 39 <SV = 38> <Delay = 12.0>
ST_39 : Operation 161 [12/22] (12.0ns)   --->   "%div = ddiv i64 2, i64 %add2" [C:\scratch\2023.2\hls_product\689\2023.2\src\shared\hls\clib/hlsmath/include/FloatingPoint\hls_tanh.h:71]   --->   Operation 161 'ddiv' 'div' <Predicate = (!icmp_ln36 & !icmp_ln45 & !and_ln46 & tmp_2 & !icmp_ln54)> <Delay = 12.0> <CoreInst = "DDiv">   --->   Core 39 'DDiv' <Latency = 21> <II = 1> <Delay = 12.0> <FuncUnit> <Opcode : 'ddiv' 'drem'> <InPorts = 2> <OutPorts = 1>
ST_39 : Operation 162 [12/22] (12.0ns)   --->   "%resultf_1 = ddiv i64 %bitcast_ln66_1, i64 %add2" [C:\scratch\2023.2\hls_product\689\2023.2\src\shared\hls\clib/hlsmath/include/FloatingPoint\hls_tanh.h:66]   --->   Operation 162 'ddiv' 'resultf_1' <Predicate = (!icmp_ln36 & !icmp_ln45 & !and_ln46 & tmp_2 & icmp_ln54)> <Delay = 12.0> <CoreInst = "DDiv">   --->   Core 39 'DDiv' <Latency = 21> <II = 1> <Delay = 12.0> <FuncUnit> <Opcode : 'ddiv' 'drem'> <InPorts = 2> <OutPorts = 1>

State 40 <SV = 39> <Delay = 12.0>
ST_40 : Operation 163 [11/22] (12.0ns)   --->   "%div = ddiv i64 2, i64 %add2" [C:\scratch\2023.2\hls_product\689\2023.2\src\shared\hls\clib/hlsmath/include/FloatingPoint\hls_tanh.h:71]   --->   Operation 163 'ddiv' 'div' <Predicate = (!icmp_ln36 & !icmp_ln45 & !and_ln46 & tmp_2 & !icmp_ln54)> <Delay = 12.0> <CoreInst = "DDiv">   --->   Core 39 'DDiv' <Latency = 21> <II = 1> <Delay = 12.0> <FuncUnit> <Opcode : 'ddiv' 'drem'> <InPorts = 2> <OutPorts = 1>
ST_40 : Operation 164 [11/22] (12.0ns)   --->   "%resultf_1 = ddiv i64 %bitcast_ln66_1, i64 %add2" [C:\scratch\2023.2\hls_product\689\2023.2\src\shared\hls\clib/hlsmath/include/FloatingPoint\hls_tanh.h:66]   --->   Operation 164 'ddiv' 'resultf_1' <Predicate = (!icmp_ln36 & !icmp_ln45 & !and_ln46 & tmp_2 & icmp_ln54)> <Delay = 12.0> <CoreInst = "DDiv">   --->   Core 39 'DDiv' <Latency = 21> <II = 1> <Delay = 12.0> <FuncUnit> <Opcode : 'ddiv' 'drem'> <InPorts = 2> <OutPorts = 1>

State 41 <SV = 40> <Delay = 12.0>
ST_41 : Operation 165 [10/22] (12.0ns)   --->   "%div = ddiv i64 2, i64 %add2" [C:\scratch\2023.2\hls_product\689\2023.2\src\shared\hls\clib/hlsmath/include/FloatingPoint\hls_tanh.h:71]   --->   Operation 165 'ddiv' 'div' <Predicate = (!icmp_ln36 & !icmp_ln45 & !and_ln46 & tmp_2 & !icmp_ln54)> <Delay = 12.0> <CoreInst = "DDiv">   --->   Core 39 'DDiv' <Latency = 21> <II = 1> <Delay = 12.0> <FuncUnit> <Opcode : 'ddiv' 'drem'> <InPorts = 2> <OutPorts = 1>
ST_41 : Operation 166 [10/22] (12.0ns)   --->   "%resultf_1 = ddiv i64 %bitcast_ln66_1, i64 %add2" [C:\scratch\2023.2\hls_product\689\2023.2\src\shared\hls\clib/hlsmath/include/FloatingPoint\hls_tanh.h:66]   --->   Operation 166 'ddiv' 'resultf_1' <Predicate = (!icmp_ln36 & !icmp_ln45 & !and_ln46 & tmp_2 & icmp_ln54)> <Delay = 12.0> <CoreInst = "DDiv">   --->   Core 39 'DDiv' <Latency = 21> <II = 1> <Delay = 12.0> <FuncUnit> <Opcode : 'ddiv' 'drem'> <InPorts = 2> <OutPorts = 1>

State 42 <SV = 41> <Delay = 12.0>
ST_42 : Operation 167 [9/22] (12.0ns)   --->   "%div = ddiv i64 2, i64 %add2" [C:\scratch\2023.2\hls_product\689\2023.2\src\shared\hls\clib/hlsmath/include/FloatingPoint\hls_tanh.h:71]   --->   Operation 167 'ddiv' 'div' <Predicate = (!icmp_ln36 & !icmp_ln45 & !and_ln46 & tmp_2 & !icmp_ln54)> <Delay = 12.0> <CoreInst = "DDiv">   --->   Core 39 'DDiv' <Latency = 21> <II = 1> <Delay = 12.0> <FuncUnit> <Opcode : 'ddiv' 'drem'> <InPorts = 2> <OutPorts = 1>
ST_42 : Operation 168 [9/22] (12.0ns)   --->   "%resultf_1 = ddiv i64 %bitcast_ln66_1, i64 %add2" [C:\scratch\2023.2\hls_product\689\2023.2\src\shared\hls\clib/hlsmath/include/FloatingPoint\hls_tanh.h:66]   --->   Operation 168 'ddiv' 'resultf_1' <Predicate = (!icmp_ln36 & !icmp_ln45 & !and_ln46 & tmp_2 & icmp_ln54)> <Delay = 12.0> <CoreInst = "DDiv">   --->   Core 39 'DDiv' <Latency = 21> <II = 1> <Delay = 12.0> <FuncUnit> <Opcode : 'ddiv' 'drem'> <InPorts = 2> <OutPorts = 1>

State 43 <SV = 42> <Delay = 12.0>
ST_43 : Operation 169 [8/22] (12.0ns)   --->   "%div = ddiv i64 2, i64 %add2" [C:\scratch\2023.2\hls_product\689\2023.2\src\shared\hls\clib/hlsmath/include/FloatingPoint\hls_tanh.h:71]   --->   Operation 169 'ddiv' 'div' <Predicate = (!icmp_ln36 & !icmp_ln45 & !and_ln46 & tmp_2 & !icmp_ln54)> <Delay = 12.0> <CoreInst = "DDiv">   --->   Core 39 'DDiv' <Latency = 21> <II = 1> <Delay = 12.0> <FuncUnit> <Opcode : 'ddiv' 'drem'> <InPorts = 2> <OutPorts = 1>
ST_43 : Operation 170 [8/22] (12.0ns)   --->   "%resultf_1 = ddiv i64 %bitcast_ln66_1, i64 %add2" [C:\scratch\2023.2\hls_product\689\2023.2\src\shared\hls\clib/hlsmath/include/FloatingPoint\hls_tanh.h:66]   --->   Operation 170 'ddiv' 'resultf_1' <Predicate = (!icmp_ln36 & !icmp_ln45 & !and_ln46 & tmp_2 & icmp_ln54)> <Delay = 12.0> <CoreInst = "DDiv">   --->   Core 39 'DDiv' <Latency = 21> <II = 1> <Delay = 12.0> <FuncUnit> <Opcode : 'ddiv' 'drem'> <InPorts = 2> <OutPorts = 1>

State 44 <SV = 43> <Delay = 12.0>
ST_44 : Operation 171 [7/22] (12.0ns)   --->   "%div = ddiv i64 2, i64 %add2" [C:\scratch\2023.2\hls_product\689\2023.2\src\shared\hls\clib/hlsmath/include/FloatingPoint\hls_tanh.h:71]   --->   Operation 171 'ddiv' 'div' <Predicate = (!icmp_ln36 & !icmp_ln45 & !and_ln46 & tmp_2 & !icmp_ln54)> <Delay = 12.0> <CoreInst = "DDiv">   --->   Core 39 'DDiv' <Latency = 21> <II = 1> <Delay = 12.0> <FuncUnit> <Opcode : 'ddiv' 'drem'> <InPorts = 2> <OutPorts = 1>
ST_44 : Operation 172 [7/22] (12.0ns)   --->   "%resultf_1 = ddiv i64 %bitcast_ln66_1, i64 %add2" [C:\scratch\2023.2\hls_product\689\2023.2\src\shared\hls\clib/hlsmath/include/FloatingPoint\hls_tanh.h:66]   --->   Operation 172 'ddiv' 'resultf_1' <Predicate = (!icmp_ln36 & !icmp_ln45 & !and_ln46 & tmp_2 & icmp_ln54)> <Delay = 12.0> <CoreInst = "DDiv">   --->   Core 39 'DDiv' <Latency = 21> <II = 1> <Delay = 12.0> <FuncUnit> <Opcode : 'ddiv' 'drem'> <InPorts = 2> <OutPorts = 1>

State 45 <SV = 44> <Delay = 12.0>
ST_45 : Operation 173 [6/22] (12.0ns)   --->   "%div = ddiv i64 2, i64 %add2" [C:\scratch\2023.2\hls_product\689\2023.2\src\shared\hls\clib/hlsmath/include/FloatingPoint\hls_tanh.h:71]   --->   Operation 173 'ddiv' 'div' <Predicate = (!icmp_ln36 & !icmp_ln45 & !and_ln46 & tmp_2 & !icmp_ln54)> <Delay = 12.0> <CoreInst = "DDiv">   --->   Core 39 'DDiv' <Latency = 21> <II = 1> <Delay = 12.0> <FuncUnit> <Opcode : 'ddiv' 'drem'> <InPorts = 2> <OutPorts = 1>
ST_45 : Operation 174 [6/22] (12.0ns)   --->   "%resultf_1 = ddiv i64 %bitcast_ln66_1, i64 %add2" [C:\scratch\2023.2\hls_product\689\2023.2\src\shared\hls\clib/hlsmath/include/FloatingPoint\hls_tanh.h:66]   --->   Operation 174 'ddiv' 'resultf_1' <Predicate = (!icmp_ln36 & !icmp_ln45 & !and_ln46 & tmp_2 & icmp_ln54)> <Delay = 12.0> <CoreInst = "DDiv">   --->   Core 39 'DDiv' <Latency = 21> <II = 1> <Delay = 12.0> <FuncUnit> <Opcode : 'ddiv' 'drem'> <InPorts = 2> <OutPorts = 1>

State 46 <SV = 45> <Delay = 12.0>
ST_46 : Operation 175 [5/22] (12.0ns)   --->   "%div = ddiv i64 2, i64 %add2" [C:\scratch\2023.2\hls_product\689\2023.2\src\shared\hls\clib/hlsmath/include/FloatingPoint\hls_tanh.h:71]   --->   Operation 175 'ddiv' 'div' <Predicate = (!icmp_ln36 & !icmp_ln45 & !and_ln46 & tmp_2 & !icmp_ln54)> <Delay = 12.0> <CoreInst = "DDiv">   --->   Core 39 'DDiv' <Latency = 21> <II = 1> <Delay = 12.0> <FuncUnit> <Opcode : 'ddiv' 'drem'> <InPorts = 2> <OutPorts = 1>
ST_46 : Operation 176 [5/22] (12.0ns)   --->   "%resultf_1 = ddiv i64 %bitcast_ln66_1, i64 %add2" [C:\scratch\2023.2\hls_product\689\2023.2\src\shared\hls\clib/hlsmath/include/FloatingPoint\hls_tanh.h:66]   --->   Operation 176 'ddiv' 'resultf_1' <Predicate = (!icmp_ln36 & !icmp_ln45 & !and_ln46 & tmp_2 & icmp_ln54)> <Delay = 12.0> <CoreInst = "DDiv">   --->   Core 39 'DDiv' <Latency = 21> <II = 1> <Delay = 12.0> <FuncUnit> <Opcode : 'ddiv' 'drem'> <InPorts = 2> <OutPorts = 1>

State 47 <SV = 46> <Delay = 12.0>
ST_47 : Operation 177 [4/22] (12.0ns)   --->   "%div = ddiv i64 2, i64 %add2" [C:\scratch\2023.2\hls_product\689\2023.2\src\shared\hls\clib/hlsmath/include/FloatingPoint\hls_tanh.h:71]   --->   Operation 177 'ddiv' 'div' <Predicate = (!icmp_ln36 & !icmp_ln45 & !and_ln46 & tmp_2 & !icmp_ln54)> <Delay = 12.0> <CoreInst = "DDiv">   --->   Core 39 'DDiv' <Latency = 21> <II = 1> <Delay = 12.0> <FuncUnit> <Opcode : 'ddiv' 'drem'> <InPorts = 2> <OutPorts = 1>
ST_47 : Operation 178 [4/22] (12.0ns)   --->   "%resultf_1 = ddiv i64 %bitcast_ln66_1, i64 %add2" [C:\scratch\2023.2\hls_product\689\2023.2\src\shared\hls\clib/hlsmath/include/FloatingPoint\hls_tanh.h:66]   --->   Operation 178 'ddiv' 'resultf_1' <Predicate = (!icmp_ln36 & !icmp_ln45 & !and_ln46 & tmp_2 & icmp_ln54)> <Delay = 12.0> <CoreInst = "DDiv">   --->   Core 39 'DDiv' <Latency = 21> <II = 1> <Delay = 12.0> <FuncUnit> <Opcode : 'ddiv' 'drem'> <InPorts = 2> <OutPorts = 1>

State 48 <SV = 47> <Delay = 12.0>
ST_48 : Operation 179 [3/22] (12.0ns)   --->   "%div = ddiv i64 2, i64 %add2" [C:\scratch\2023.2\hls_product\689\2023.2\src\shared\hls\clib/hlsmath/include/FloatingPoint\hls_tanh.h:71]   --->   Operation 179 'ddiv' 'div' <Predicate = (!icmp_ln36 & !icmp_ln45 & !and_ln46 & tmp_2 & !icmp_ln54)> <Delay = 12.0> <CoreInst = "DDiv">   --->   Core 39 'DDiv' <Latency = 21> <II = 1> <Delay = 12.0> <FuncUnit> <Opcode : 'ddiv' 'drem'> <InPorts = 2> <OutPorts = 1>
ST_48 : Operation 180 [3/22] (12.0ns)   --->   "%resultf_1 = ddiv i64 %bitcast_ln66_1, i64 %add2" [C:\scratch\2023.2\hls_product\689\2023.2\src\shared\hls\clib/hlsmath/include/FloatingPoint\hls_tanh.h:66]   --->   Operation 180 'ddiv' 'resultf_1' <Predicate = (!icmp_ln36 & !icmp_ln45 & !and_ln46 & tmp_2 & icmp_ln54)> <Delay = 12.0> <CoreInst = "DDiv">   --->   Core 39 'DDiv' <Latency = 21> <II = 1> <Delay = 12.0> <FuncUnit> <Opcode : 'ddiv' 'drem'> <InPorts = 2> <OutPorts = 1>

State 49 <SV = 48> <Delay = 12.0>
ST_49 : Operation 181 [2/22] (12.0ns)   --->   "%div = ddiv i64 2, i64 %add2" [C:\scratch\2023.2\hls_product\689\2023.2\src\shared\hls\clib/hlsmath/include/FloatingPoint\hls_tanh.h:71]   --->   Operation 181 'ddiv' 'div' <Predicate = (!icmp_ln36 & !icmp_ln45 & !and_ln46 & tmp_2 & !icmp_ln54)> <Delay = 12.0> <CoreInst = "DDiv">   --->   Core 39 'DDiv' <Latency = 21> <II = 1> <Delay = 12.0> <FuncUnit> <Opcode : 'ddiv' 'drem'> <InPorts = 2> <OutPorts = 1>
ST_49 : Operation 182 [2/22] (12.0ns)   --->   "%resultf_1 = ddiv i64 %bitcast_ln66_1, i64 %add2" [C:\scratch\2023.2\hls_product\689\2023.2\src\shared\hls\clib/hlsmath/include/FloatingPoint\hls_tanh.h:66]   --->   Operation 182 'ddiv' 'resultf_1' <Predicate = (!icmp_ln36 & !icmp_ln45 & !and_ln46 & tmp_2 & icmp_ln54)> <Delay = 12.0> <CoreInst = "DDiv">   --->   Core 39 'DDiv' <Latency = 21> <II = 1> <Delay = 12.0> <FuncUnit> <Opcode : 'ddiv' 'drem'> <InPorts = 2> <OutPorts = 1>

State 50 <SV = 49> <Delay = 13.9>
ST_50 : Operation 183 [1/22] (12.0ns)   --->   "%div = ddiv i64 2, i64 %add2" [C:\scratch\2023.2\hls_product\689\2023.2\src\shared\hls\clib/hlsmath/include/FloatingPoint\hls_tanh.h:71]   --->   Operation 183 'ddiv' 'div' <Predicate = (!icmp_ln36 & !icmp_ln45 & !and_ln46 & tmp_2 & !icmp_ln54)> <Delay = 12.0> <CoreInst = "DDiv">   --->   Core 39 'DDiv' <Latency = 21> <II = 1> <Delay = 12.0> <FuncUnit> <Opcode : 'ddiv' 'drem'> <InPorts = 2> <OutPorts = 1>
ST_50 : Operation 184 [1/22] (12.0ns)   --->   "%resultf_1 = ddiv i64 %bitcast_ln66_1, i64 %add2" [C:\scratch\2023.2\hls_product\689\2023.2\src\shared\hls\clib/hlsmath/include/FloatingPoint\hls_tanh.h:66]   --->   Operation 184 'ddiv' 'resultf_1' <Predicate = (!icmp_ln36 & !icmp_ln45 & !and_ln46 & tmp_2 & icmp_ln54)> <Delay = 12.0> <CoreInst = "DDiv">   --->   Core 39 'DDiv' <Latency = 21> <II = 1> <Delay = 12.0> <FuncUnit> <Opcode : 'ddiv' 'drem'> <InPorts = 2> <OutPorts = 1>
ST_50 : Operation 185 [1/1] (1.94ns)   --->   "%br_ln67 = br void %if.end38" [C:\scratch\2023.2\hls_product\689\2023.2\src\shared\hls\clib/hlsmath/include/FloatingPoint\hls_tanh.h:67]   --->   Operation 185 'br' 'br_ln67' <Predicate = (!icmp_ln36 & !icmp_ln45 & !and_ln46 & tmp_2 & icmp_ln54)> <Delay = 1.94>

State 51 <SV = 50> <Delay = 8.23>
ST_51 : Operation 186 [5/5] (8.23ns)   --->   "%resultf_2 = dsub i64 1, i64 %div" [C:\scratch\2023.2\hls_product\689\2023.2\src\shared\hls\clib/hlsmath/include/FloatingPoint\hls_tanh.h:71]   --->   Operation 186 'dsub' 'resultf_2' <Predicate = (!icmp_ln36 & !icmp_ln45 & !and_ln46 & tmp_2 & !icmp_ln54)> <Delay = 8.23> <CoreInst = "DAddSub_fulldsp">   --->   Core 37 'DAddSub_fulldsp' <Latency = 4> <II = 1> <Delay = 8.23> <FuncUnit> <Opcode : 'dadd' 'dsub'> <InPorts = 2> <OutPorts = 1>

State 52 <SV = 51> <Delay = 8.23>
ST_52 : Operation 187 [4/5] (8.23ns)   --->   "%resultf_2 = dsub i64 1, i64 %div" [C:\scratch\2023.2\hls_product\689\2023.2\src\shared\hls\clib/hlsmath/include/FloatingPoint\hls_tanh.h:71]   --->   Operation 187 'dsub' 'resultf_2' <Predicate = (!icmp_ln36 & !icmp_ln45 & !and_ln46 & tmp_2 & !icmp_ln54)> <Delay = 8.23> <CoreInst = "DAddSub_fulldsp">   --->   Core 37 'DAddSub_fulldsp' <Latency = 4> <II = 1> <Delay = 8.23> <FuncUnit> <Opcode : 'dadd' 'dsub'> <InPorts = 2> <OutPorts = 1>

State 53 <SV = 52> <Delay = 8.23>
ST_53 : Operation 188 [3/5] (8.23ns)   --->   "%resultf_2 = dsub i64 1, i64 %div" [C:\scratch\2023.2\hls_product\689\2023.2\src\shared\hls\clib/hlsmath/include/FloatingPoint\hls_tanh.h:71]   --->   Operation 188 'dsub' 'resultf_2' <Predicate = (!icmp_ln36 & !icmp_ln45 & !and_ln46 & tmp_2 & !icmp_ln54)> <Delay = 8.23> <CoreInst = "DAddSub_fulldsp">   --->   Core 37 'DAddSub_fulldsp' <Latency = 4> <II = 1> <Delay = 8.23> <FuncUnit> <Opcode : 'dadd' 'dsub'> <InPorts = 2> <OutPorts = 1>

State 54 <SV = 53> <Delay = 8.23>
ST_54 : Operation 189 [2/5] (8.23ns)   --->   "%resultf_2 = dsub i64 1, i64 %div" [C:\scratch\2023.2\hls_product\689\2023.2\src\shared\hls\clib/hlsmath/include/FloatingPoint\hls_tanh.h:71]   --->   Operation 189 'dsub' 'resultf_2' <Predicate = (!icmp_ln36 & !icmp_ln45 & !and_ln46 & tmp_2 & !icmp_ln54)> <Delay = 8.23> <CoreInst = "DAddSub_fulldsp">   --->   Core 37 'DAddSub_fulldsp' <Latency = 4> <II = 1> <Delay = 8.23> <FuncUnit> <Opcode : 'dadd' 'dsub'> <InPorts = 2> <OutPorts = 1>
ST_54 : Operation 190 [1/1] (1.48ns)   --->   "%select_ln38 = select i1 %icmp_ln38, i64 nan, i64 1" [C:\scratch\2023.2\hls_product\689\2023.2\src\shared\hls\clib/hlsmath/include/FloatingPoint\hls_tanh.h:38]   --->   Operation 190 'select' 'select_ln38' <Predicate = (icmp_ln36)> <Delay = 1.48> <CoreInst = "Sel">   --->   Core 73 'Sel' <Latency = 0> <II = 1> <Delay = 1.48> <FuncUnit> <Opcode : 'select'> <InPorts = 3> <OutPorts = 1>
ST_54 : Operation 191 [1/1] (1.94ns)   --->   "%br_ln38 = br void %if.end38" [C:\scratch\2023.2\hls_product\689\2023.2\src\shared\hls\clib/hlsmath/include/FloatingPoint\hls_tanh.h:38]   --->   Operation 191 'br' 'br_ln38' <Predicate = (icmp_ln36)> <Delay = 1.94>

State 55 <SV = 54> <Delay = 11.6>
ST_55 : Operation 192 [1/5] (8.23ns)   --->   "%resultf_2 = dsub i64 1, i64 %div" [C:\scratch\2023.2\hls_product\689\2023.2\src\shared\hls\clib/hlsmath/include/FloatingPoint\hls_tanh.h:71]   --->   Operation 192 'dsub' 'resultf_2' <Predicate = (!icmp_ln36 & !icmp_ln45 & !and_ln46 & tmp_2 & !icmp_ln54)> <Delay = 8.23> <CoreInst = "DAddSub_fulldsp">   --->   Core 37 'DAddSub_fulldsp' <Latency = 4> <II = 1> <Delay = 8.23> <FuncUnit> <Opcode : 'dadd' 'dsub'> <InPorts = 2> <OutPorts = 1>
ST_55 : Operation 193 [1/1] (1.94ns)   --->   "%br_ln0 = br void %if.end38"   --->   Operation 193 'br' 'br_ln0' <Predicate = (!icmp_ln36 & !icmp_ln45 & !and_ln46 & tmp_2 & !icmp_ln54)> <Delay = 1.94>
ST_55 : Operation 194 [1/1] (0.00ns)   --->   "%resultf_3 = phi i64 %resultf, void %if.then12, i64 %resultf_1, void %if.then25, i64 %resultf_2, void %if.else28, i64 %select_ln38, void %if.then, i64 1, void %if.else13"   --->   Operation 194 'phi' 'resultf_3' <Predicate = true> <Delay = 0.00>
ST_55 : Operation 195 [1/1] (0.00ns) (grouped into LUT with out node select_ln79)   --->   "%bitcast_ln83 = bitcast i64 %resultf_3" [C:\scratch\2023.2\hls_product\689\2023.2\src\shared\hls\clib/hlsmath/include/FloatingPoint\hls_tanh.h:83]   --->   Operation 195 'bitcast' 'bitcast_ln83' <Predicate = (din_sign)> <Delay = 0.00>
ST_55 : Operation 196 [1/1] (0.00ns) (grouped into LUT with out node select_ln79)   --->   "%xor_ln83 = xor i64 %bitcast_ln83, i64 9223372036854775808" [C:\scratch\2023.2\hls_product\689\2023.2\src\shared\hls\clib/hlsmath/include/FloatingPoint\hls_tanh.h:83]   --->   Operation 196 'xor' 'xor_ln83' <Predicate = (din_sign)> <Delay = 0.00> <CoreInst = "LogicGate">   --->   Core 74 'LogicGate' <Latency = 0> <II = 1> <Delay = 0.99> <FuncUnit> <Opcode : 'and' 'or' 'xor'> <InPorts = 2> <OutPorts = 1>
ST_55 : Operation 197 [1/1] (0.00ns) (grouped into LUT with out node select_ln79)   --->   "%bitcast_ln83_1 = bitcast i64 %xor_ln83" [C:\scratch\2023.2\hls_product\689\2023.2\src\shared\hls\clib/hlsmath/include/FloatingPoint\hls_tanh.h:83]   --->   Operation 197 'bitcast' 'bitcast_ln83_1' <Predicate = (din_sign)> <Delay = 0.00>
ST_55 : Operation 198 [1/1] (1.48ns) (out node of the LUT)   --->   "%select_ln79 = select i1 %din_sign, i64 %bitcast_ln83_1, i64 %resultf_3" [C:\scratch\2023.2\hls_product\689\2023.2\src\shared\hls\clib/hlsmath/include/FloatingPoint\hls_tanh.h:79]   --->   Operation 198 'select' 'select_ln79' <Predicate = true> <Delay = 1.48> <CoreInst = "Sel">   --->   Core 73 'Sel' <Latency = 0> <II = 1> <Delay = 1.48> <FuncUnit> <Opcode : 'select'> <InPorts = 3> <OutPorts = 1>
ST_55 : Operation 199 [1/1] (0.00ns)   --->   "%ret_ln85 = ret i64 %select_ln79" [C:\scratch\2023.2\hls_product\689\2023.2\src\shared\hls\clib/hlsmath/include/FloatingPoint\hls_tanh.h:85]   --->   Operation 199 'ret' 'ret_ln85' <Predicate = true> <Delay = 0.00>


============================================================
+ Verbose Summary: Timing violations
============================================================
Target clock period: 20.000ns, clock uncertainty: 5.400ns.

 <State 1>: 8.232ns
The critical path consists of the following:
	wire read operation ('t_in', C:\scratch\2023.2\hls_product\689\2023.2\src\shared\hls\clib/hlsmath/include/FloatingPoint\hls_tanh.h:28) on port 't_in' (C:\scratch\2023.2\hls_product\689\2023.2\src\shared\hls\clib/hlsmath/include/FloatingPoint\hls_tanh.h:28) [5]  (0.000 ns)
	'dadd' operation 64 bit ('add', C:\scratch\2023.2\hls_product\689\2023.2\src\shared\hls\clib/hlsmath/include/FloatingPoint\hls_tanh.h:49) [66]  (8.232 ns)

 <State 2>: 8.232ns
The critical path consists of the following:
	'dadd' operation 64 bit ('add', C:\scratch\2023.2\hls_product\689\2023.2\src\shared\hls\clib/hlsmath/include/FloatingPoint\hls_tanh.h:49) [66]  (8.232 ns)

 <State 3>: 8.232ns
The critical path consists of the following:
	'dadd' operation 64 bit ('add', C:\scratch\2023.2\hls_product\689\2023.2\src\shared\hls\clib/hlsmath/include/FloatingPoint\hls_tanh.h:49) [66]  (8.232 ns)

 <State 4>: 8.232ns
The critical path consists of the following:
	'dadd' operation 64 bit ('add', C:\scratch\2023.2\hls_product\689\2023.2\src\shared\hls\clib/hlsmath/include/FloatingPoint\hls_tanh.h:49) [66]  (8.232 ns)

 <State 5>: 8.232ns
The critical path consists of the following:
	'dadd' operation 64 bit ('add', C:\scratch\2023.2\hls_product\689\2023.2\src\shared\hls\clib/hlsmath/include/FloatingPoint\hls_tanh.h:49) [66]  (8.232 ns)

 <State 6>: 13.966ns
The critical path consists of the following:
	'dmul' operation 64 bit ('resultf', C:\scratch\2023.2\hls_product\689\2023.2\src\shared\hls\clib/hlsmath/include/FloatingPoint\hls_tanh.h:49) [67]  (13.966 ns)

 <State 7>: 13.966ns
The critical path consists of the following:
	'dmul' operation 64 bit ('resultf', C:\scratch\2023.2\hls_product\689\2023.2\src\shared\hls\clib/hlsmath/include/FloatingPoint\hls_tanh.h:49) [67]  (13.966 ns)

 <State 8>: 13.966ns
The critical path consists of the following:
	'dmul' operation 64 bit ('resultf', C:\scratch\2023.2\hls_product\689\2023.2\src\shared\hls\clib/hlsmath/include/FloatingPoint\hls_tanh.h:49) [67]  (13.966 ns)

 <State 9>: 13.966ns
The critical path consists of the following:
	'dmul' operation 64 bit ('resultf', C:\scratch\2023.2\hls_product\689\2023.2\src\shared\hls\clib/hlsmath/include/FloatingPoint\hls_tanh.h:49) [67]  (13.966 ns)

 <State 10>: 13.903ns
The critical path consists of the following:
	'call' operation 64 bit ('tmp_4', C:\scratch\2023.2\hls_product\689\2023.2\src\shared\hls\clib\hlsmath\src\common\hls_exp_double.cpp:11->C:\scratch\2023.2\hls_product\689\2023.2\src\shared\hls\clib/hlsmath/include/FloatingPoint\hls_tanh.h:61) to 'exp_generic<double>' [48]  (13.903 ns)

 <State 11>: 13.903ns
The critical path consists of the following:
	'call' operation 64 bit ('tmp_4', C:\scratch\2023.2\hls_product\689\2023.2\src\shared\hls\clib\hlsmath\src\common\hls_exp_double.cpp:11->C:\scratch\2023.2\hls_product\689\2023.2\src\shared\hls\clib/hlsmath/include/FloatingPoint\hls_tanh.h:61) to 'exp_generic<double>' [48]  (13.903 ns)

 <State 12>: 13.903ns
The critical path consists of the following:
	'call' operation 64 bit ('tmp_4', C:\scratch\2023.2\hls_product\689\2023.2\src\shared\hls\clib\hlsmath\src\common\hls_exp_double.cpp:11->C:\scratch\2023.2\hls_product\689\2023.2\src\shared\hls\clib/hlsmath/include/FloatingPoint\hls_tanh.h:61) to 'exp_generic<double>' [48]  (13.903 ns)

 <State 13>: 13.903ns
The critical path consists of the following:
	'call' operation 64 bit ('tmp_4', C:\scratch\2023.2\hls_product\689\2023.2\src\shared\hls\clib\hlsmath\src\common\hls_exp_double.cpp:11->C:\scratch\2023.2\hls_product\689\2023.2\src\shared\hls\clib/hlsmath/include/FloatingPoint\hls_tanh.h:61) to 'exp_generic<double>' [48]  (13.903 ns)

 <State 14>: 13.903ns
The critical path consists of the following:
	'call' operation 64 bit ('tmp_4', C:\scratch\2023.2\hls_product\689\2023.2\src\shared\hls\clib\hlsmath\src\common\hls_exp_double.cpp:11->C:\scratch\2023.2\hls_product\689\2023.2\src\shared\hls\clib/hlsmath/include/FloatingPoint\hls_tanh.h:61) to 'exp_generic<double>' [48]  (13.903 ns)

 <State 15>: 13.903ns
The critical path consists of the following:
	'call' operation 64 bit ('tmp_4', C:\scratch\2023.2\hls_product\689\2023.2\src\shared\hls\clib\hlsmath\src\common\hls_exp_double.cpp:11->C:\scratch\2023.2\hls_product\689\2023.2\src\shared\hls\clib/hlsmath/include/FloatingPoint\hls_tanh.h:61) to 'exp_generic<double>' [48]  (13.903 ns)

 <State 16>: 13.903ns
The critical path consists of the following:
	'call' operation 64 bit ('tmp_4', C:\scratch\2023.2\hls_product\689\2023.2\src\shared\hls\clib\hlsmath\src\common\hls_exp_double.cpp:11->C:\scratch\2023.2\hls_product\689\2023.2\src\shared\hls\clib/hlsmath/include/FloatingPoint\hls_tanh.h:61) to 'exp_generic<double>' [48]  (13.903 ns)

 <State 17>: 13.903ns
The critical path consists of the following:
	'call' operation 64 bit ('tmp_4', C:\scratch\2023.2\hls_product\689\2023.2\src\shared\hls\clib\hlsmath\src\common\hls_exp_double.cpp:11->C:\scratch\2023.2\hls_product\689\2023.2\src\shared\hls\clib/hlsmath/include/FloatingPoint\hls_tanh.h:61) to 'exp_generic<double>' [48]  (13.903 ns)

 <State 18>: 13.903ns
The critical path consists of the following:
	'call' operation 64 bit ('tmp_4', C:\scratch\2023.2\hls_product\689\2023.2\src\shared\hls\clib\hlsmath\src\common\hls_exp_double.cpp:11->C:\scratch\2023.2\hls_product\689\2023.2\src\shared\hls\clib/hlsmath/include/FloatingPoint\hls_tanh.h:61) to 'exp_generic<double>' [48]  (13.903 ns)

 <State 19>: 8.232ns
The critical path consists of the following:
	'dadd' operation 64 bit ('sub_i', C:\scratch\2023.2\hls_product\689\2023.2\src\shared\hls\clib\hlsmath\src\common\hls_exp_double.cpp:11->C:\scratch\2023.2\hls_product\689\2023.2\src\shared\hls\clib/hlsmath/include/FloatingPoint\hls_tanh.h:61) [49]  (8.232 ns)

 <State 20>: 8.232ns
The critical path consists of the following:
	'dadd' operation 64 bit ('sub_i', C:\scratch\2023.2\hls_product\689\2023.2\src\shared\hls\clib\hlsmath\src\common\hls_exp_double.cpp:11->C:\scratch\2023.2\hls_product\689\2023.2\src\shared\hls\clib/hlsmath/include/FloatingPoint\hls_tanh.h:61) [49]  (8.232 ns)

 <State 21>: 8.232ns
The critical path consists of the following:
	'dadd' operation 64 bit ('sub_i', C:\scratch\2023.2\hls_product\689\2023.2\src\shared\hls\clib\hlsmath\src\common\hls_exp_double.cpp:11->C:\scratch\2023.2\hls_product\689\2023.2\src\shared\hls\clib/hlsmath/include/FloatingPoint\hls_tanh.h:61) [49]  (8.232 ns)

 <State 22>: 8.232ns
The critical path consists of the following:
	'dadd' operation 64 bit ('sub_i', C:\scratch\2023.2\hls_product\689\2023.2\src\shared\hls\clib\hlsmath\src\common\hls_exp_double.cpp:11->C:\scratch\2023.2\hls_product\689\2023.2\src\shared\hls\clib/hlsmath/include/FloatingPoint\hls_tanh.h:61) [49]  (8.232 ns)

 <State 23>: 9.820ns
The critical path consists of the following:
	'dadd' operation 64 bit ('sub_i', C:\scratch\2023.2\hls_product\689\2023.2\src\shared\hls\clib\hlsmath\src\common\hls_exp_double.cpp:11->C:\scratch\2023.2\hls_product\689\2023.2\src\shared\hls\clib/hlsmath/include/FloatingPoint\hls_tanh.h:61) [49]  (8.232 ns)
	multiplexor before 'phi' operation 64 bit ('x') with incoming values : ('x', C:\scratch\2023.2\hls_product\689\2023.2\src\shared\hls\clib/hlsmath/include/FloatingPoint\hls_tanh.h:54) ('sub_i', C:\scratch\2023.2\hls_product\689\2023.2\src\shared\hls\clib\hlsmath\src\common\hls_exp_double.cpp:11->C:\scratch\2023.2\hls_product\689\2023.2\src\shared\hls\clib/hlsmath/include/FloatingPoint\hls_tanh.h:61) [52]  (1.588 ns)

 <State 24>: 8.232ns
The critical path consists of the following:
	'phi' operation 64 bit ('x') with incoming values : ('x', C:\scratch\2023.2\hls_product\689\2023.2\src\shared\hls\clib/hlsmath/include/FloatingPoint\hls_tanh.h:54) ('sub_i', C:\scratch\2023.2\hls_product\689\2023.2\src\shared\hls\clib\hlsmath\src\common\hls_exp_double.cpp:11->C:\scratch\2023.2\hls_product\689\2023.2\src\shared\hls\clib/hlsmath/include/FloatingPoint\hls_tanh.h:61) [52]  (0.000 ns)
	'dadd' operation 64 bit ('add2', C:\scratch\2023.2\hls_product\689\2023.2\src\shared\hls\clib/hlsmath/include/FloatingPoint\hls_tanh.h:71) [53]  (8.232 ns)

 <State 25>: 8.232ns
The critical path consists of the following:
	'dadd' operation 64 bit ('add2', C:\scratch\2023.2\hls_product\689\2023.2\src\shared\hls\clib/hlsmath/include/FloatingPoint\hls_tanh.h:71) [53]  (8.232 ns)

 <State 26>: 8.232ns
The critical path consists of the following:
	'dadd' operation 64 bit ('add2', C:\scratch\2023.2\hls_product\689\2023.2\src\shared\hls\clib/hlsmath/include/FloatingPoint\hls_tanh.h:71) [53]  (8.232 ns)

 <State 27>: 8.232ns
The critical path consists of the following:
	'dadd' operation 64 bit ('add2', C:\scratch\2023.2\hls_product\689\2023.2\src\shared\hls\clib/hlsmath/include/FloatingPoint\hls_tanh.h:71) [53]  (8.232 ns)

 <State 28>: 8.232ns
The critical path consists of the following:
	'dadd' operation 64 bit ('add2', C:\scratch\2023.2\hls_product\689\2023.2\src\shared\hls\clib/hlsmath/include/FloatingPoint\hls_tanh.h:71) [53]  (8.232 ns)

 <State 29>: 13.025ns
The critical path consists of the following:
	'xor' operation 64 bit ('xor_ln66', C:\scratch\2023.2\hls_product\689\2023.2\src\shared\hls\clib/hlsmath/include/FloatingPoint\hls_tanh.h:66) [61]  (0.990 ns)
	'ddiv' operation 64 bit ('resultf', C:\scratch\2023.2\hls_product\689\2023.2\src\shared\hls\clib/hlsmath/include/FloatingPoint\hls_tanh.h:66) [63]  (12.035 ns)

 <State 30>: 12.035ns
The critical path consists of the following:
	'ddiv' operation 64 bit ('div', C:\scratch\2023.2\hls_product\689\2023.2\src\shared\hls\clib/hlsmath/include/FloatingPoint\hls_tanh.h:71) [56]  (12.035 ns)

 <State 31>: 12.035ns
The critical path consists of the following:
	'ddiv' operation 64 bit ('div', C:\scratch\2023.2\hls_product\689\2023.2\src\shared\hls\clib/hlsmath/include/FloatingPoint\hls_tanh.h:71) [56]  (12.035 ns)

 <State 32>: 12.035ns
The critical path consists of the following:
	'ddiv' operation 64 bit ('div', C:\scratch\2023.2\hls_product\689\2023.2\src\shared\hls\clib/hlsmath/include/FloatingPoint\hls_tanh.h:71) [56]  (12.035 ns)

 <State 33>: 12.035ns
The critical path consists of the following:
	'ddiv' operation 64 bit ('div', C:\scratch\2023.2\hls_product\689\2023.2\src\shared\hls\clib/hlsmath/include/FloatingPoint\hls_tanh.h:71) [56]  (12.035 ns)

 <State 34>: 12.035ns
The critical path consists of the following:
	'ddiv' operation 64 bit ('div', C:\scratch\2023.2\hls_product\689\2023.2\src\shared\hls\clib/hlsmath/include/FloatingPoint\hls_tanh.h:71) [56]  (12.035 ns)

 <State 35>: 12.035ns
The critical path consists of the following:
	'ddiv' operation 64 bit ('div', C:\scratch\2023.2\hls_product\689\2023.2\src\shared\hls\clib/hlsmath/include/FloatingPoint\hls_tanh.h:71) [56]  (12.035 ns)

 <State 36>: 12.035ns
The critical path consists of the following:
	'ddiv' operation 64 bit ('div', C:\scratch\2023.2\hls_product\689\2023.2\src\shared\hls\clib/hlsmath/include/FloatingPoint\hls_tanh.h:71) [56]  (12.035 ns)

 <State 37>: 12.035ns
The critical path consists of the following:
	'ddiv' operation 64 bit ('div', C:\scratch\2023.2\hls_product\689\2023.2\src\shared\hls\clib/hlsmath/include/FloatingPoint\hls_tanh.h:71) [56]  (12.035 ns)

 <State 38>: 12.035ns
The critical path consists of the following:
	'ddiv' operation 64 bit ('div', C:\scratch\2023.2\hls_product\689\2023.2\src\shared\hls\clib/hlsmath/include/FloatingPoint\hls_tanh.h:71) [56]  (12.035 ns)

 <State 39>: 12.035ns
The critical path consists of the following:
	'ddiv' operation 64 bit ('div', C:\scratch\2023.2\hls_product\689\2023.2\src\shared\hls\clib/hlsmath/include/FloatingPoint\hls_tanh.h:71) [56]  (12.035 ns)

 <State 40>: 12.035ns
The critical path consists of the following:
	'ddiv' operation 64 bit ('div', C:\scratch\2023.2\hls_product\689\2023.2\src\shared\hls\clib/hlsmath/include/FloatingPoint\hls_tanh.h:71) [56]  (12.035 ns)

 <State 41>: 12.035ns
The critical path consists of the following:
	'ddiv' operation 64 bit ('div', C:\scratch\2023.2\hls_product\689\2023.2\src\shared\hls\clib/hlsmath/include/FloatingPoint\hls_tanh.h:71) [56]  (12.035 ns)

 <State 42>: 12.035ns
The critical path consists of the following:
	'ddiv' operation 64 bit ('div', C:\scratch\2023.2\hls_product\689\2023.2\src\shared\hls\clib/hlsmath/include/FloatingPoint\hls_tanh.h:71) [56]  (12.035 ns)

 <State 43>: 12.035ns
The critical path consists of the following:
	'ddiv' operation 64 bit ('div', C:\scratch\2023.2\hls_product\689\2023.2\src\shared\hls\clib/hlsmath/include/FloatingPoint\hls_tanh.h:71) [56]  (12.035 ns)

 <State 44>: 12.035ns
The critical path consists of the following:
	'ddiv' operation 64 bit ('div', C:\scratch\2023.2\hls_product\689\2023.2\src\shared\hls\clib/hlsmath/include/FloatingPoint\hls_tanh.h:71) [56]  (12.035 ns)

 <State 45>: 12.035ns
The critical path consists of the following:
	'ddiv' operation 64 bit ('div', C:\scratch\2023.2\hls_product\689\2023.2\src\shared\hls\clib/hlsmath/include/FloatingPoint\hls_tanh.h:71) [56]  (12.035 ns)

 <State 46>: 12.035ns
The critical path consists of the following:
	'ddiv' operation 64 bit ('div', C:\scratch\2023.2\hls_product\689\2023.2\src\shared\hls\clib/hlsmath/include/FloatingPoint\hls_tanh.h:71) [56]  (12.035 ns)

 <State 47>: 12.035ns
The critical path consists of the following:
	'ddiv' operation 64 bit ('div', C:\scratch\2023.2\hls_product\689\2023.2\src\shared\hls\clib/hlsmath/include/FloatingPoint\hls_tanh.h:71) [56]  (12.035 ns)

 <State 48>: 12.035ns
The critical path consists of the following:
	'ddiv' operation 64 bit ('div', C:\scratch\2023.2\hls_product\689\2023.2\src\shared\hls\clib/hlsmath/include/FloatingPoint\hls_tanh.h:71) [56]  (12.035 ns)

 <State 49>: 12.035ns
The critical path consists of the following:
	'ddiv' operation 64 bit ('div', C:\scratch\2023.2\hls_product\689\2023.2\src\shared\hls\clib/hlsmath/include/FloatingPoint\hls_tanh.h:71) [56]  (12.035 ns)

 <State 50>: 13.981ns
The critical path consists of the following:
	'ddiv' operation 64 bit ('resultf', C:\scratch\2023.2\hls_product\689\2023.2\src\shared\hls\clib/hlsmath/include/FloatingPoint\hls_tanh.h:66) [63]  (12.035 ns)
	multiplexor before 'phi' operation 64 bit ('resultf') with incoming values : ('resultf', C:\scratch\2023.2\hls_product\689\2023.2\src\shared\hls\clib/hlsmath/include/FloatingPoint\hls_tanh.h:71) ('resultf', C:\scratch\2023.2\hls_product\689\2023.2\src\shared\hls\clib/hlsmath/include/FloatingPoint\hls_tanh.h:66) ('resultf', C:\scratch\2023.2\hls_product\689\2023.2\src\shared\hls\clib/hlsmath/include/FloatingPoint\hls_tanh.h:49) ('select_ln38', C:\scratch\2023.2\hls_product\689\2023.2\src\shared\hls\clib/hlsmath/include/FloatingPoint\hls_tanh.h:38) [74]  (1.946 ns)

 <State 51>: 8.232ns
The critical path consists of the following:
	'dsub' operation 64 bit ('resultf', C:\scratch\2023.2\hls_product\689\2023.2\src\shared\hls\clib/hlsmath/include/FloatingPoint\hls_tanh.h:71) [57]  (8.232 ns)

 <State 52>: 8.232ns
The critical path consists of the following:
	'dsub' operation 64 bit ('resultf', C:\scratch\2023.2\hls_product\689\2023.2\src\shared\hls\clib/hlsmath/include/FloatingPoint\hls_tanh.h:71) [57]  (8.232 ns)

 <State 53>: 8.232ns
The critical path consists of the following:
	'dsub' operation 64 bit ('resultf', C:\scratch\2023.2\hls_product\689\2023.2\src\shared\hls\clib/hlsmath/include/FloatingPoint\hls_tanh.h:71) [57]  (8.232 ns)

 <State 54>: 8.232ns
The critical path consists of the following:
	'dsub' operation 64 bit ('resultf', C:\scratch\2023.2\hls_product\689\2023.2\src\shared\hls\clib/hlsmath/include/FloatingPoint\hls_tanh.h:71) [57]  (8.232 ns)

 <State 55>: 11.659ns
The critical path consists of the following:
	'dsub' operation 64 bit ('resultf', C:\scratch\2023.2\hls_product\689\2023.2\src\shared\hls\clib/hlsmath/include/FloatingPoint\hls_tanh.h:71) [57]  (8.232 ns)
	multiplexor before 'phi' operation 64 bit ('resultf') with incoming values : ('resultf', C:\scratch\2023.2\hls_product\689\2023.2\src\shared\hls\clib/hlsmath/include/FloatingPoint\hls_tanh.h:71) ('resultf', C:\scratch\2023.2\hls_product\689\2023.2\src\shared\hls\clib/hlsmath/include/FloatingPoint\hls_tanh.h:66) ('resultf', C:\scratch\2023.2\hls_product\689\2023.2\src\shared\hls\clib/hlsmath/include/FloatingPoint\hls_tanh.h:49) ('select_ln38', C:\scratch\2023.2\hls_product\689\2023.2\src\shared\hls\clib/hlsmath/include/FloatingPoint\hls_tanh.h:38) [74]  (1.946 ns)
	'phi' operation 64 bit ('resultf') with incoming values : ('resultf', C:\scratch\2023.2\hls_product\689\2023.2\src\shared\hls\clib/hlsmath/include/FloatingPoint\hls_tanh.h:71) ('resultf', C:\scratch\2023.2\hls_product\689\2023.2\src\shared\hls\clib/hlsmath/include/FloatingPoint\hls_tanh.h:66) ('resultf', C:\scratch\2023.2\hls_product\689\2023.2\src\shared\hls\clib/hlsmath/include/FloatingPoint\hls_tanh.h:49) ('select_ln38', C:\scratch\2023.2\hls_product\689\2023.2\src\shared\hls\clib/hlsmath/include/FloatingPoint\hls_tanh.h:38) [74]  (0.000 ns)
	'select' operation 64 bit ('select_ln79', C:\scratch\2023.2\hls_product\689\2023.2\src\shared\hls\clib/hlsmath/include/FloatingPoint\hls_tanh.h:79) [78]  (1.481 ns)


============================================================
+ Verbose Summary: Binding
============================================================
N/A
* FSMD analyzer results:
  - Output states:
 - Input state : 
  - Chain level:
	State 1
	State 2
	State 3
	State 4
	State 5
	State 6
	State 7
	State 8
	State 9
	State 10
	State 11
	State 12
	State 13
	State 14
	State 15
	State 16
	State 17
	State 18
	State 19
	State 20
	State 21
	State 22
	State 23
	State 24
	State 25
	State 26
	State 27
	State 28
	State 29
	State 30
	State 31
	State 32
	State 33
	State 34
	State 35
	State 36
	State 37
	State 38
	State 39
	State 40
	State 41
	State 42
	State 43
	State 44
	State 45
	State 46
	State 47
	State 48
	State 49
	State 50
	State 51
	State 52
	State 53
	State 54
	State 55


============================================================
+ Verbose Summary: Datapath Resource usage 
============================================================
N/A
