

================================================================
== Vitis HLS Report for 'SIGMOID'
================================================================
* Date:           Tue Jan 28 12:12:40 2025

* Version:        2023.2 (Build 4023990 on Oct 11 2023)
* Project:        CNN_lenet5
* Solution:       solution5 (Vivado IP Flow Target)
* Product family: zynq
* Target device:  xc7z020-clg484-1


================================================================
== Performance Estimates
================================================================
+ Timing: 
    * Summary: 
    +--------+----------+----------+------------+
    |  Clock |  Target  | Estimated| Uncertainty|
    +--------+----------+----------+------------+
    |ap_clk  |  10.00 ns|  6.424 ns|     2.70 ns|
    +--------+----------+----------+------------+

+ Latency: 
    * Summary: 
    +---------+---------+----------+----------+-----+-----+---------+
    |  Latency (cycles) |  Latency (absolute) |  Interval | Pipeline|
    |   min   |   max   |    min   |    max   | min | max |   Type  |
    +---------+---------+----------+----------+-----+-----+---------+
    |       28|       28|  0.280 us|  0.280 us|    4|    4|      yes|
    +---------+---------+----------+----------+-----+-----+---------+

    + Detail: 
        * Instance: 
        N/A

        * Loop: 
        N/A



================================================================
== Utilization Estimates
================================================================
* Summary: 
+-----------------+---------+-----+--------+-------+-----+
|       Name      | BRAM_18K| DSP |   FF   |  LUT  | URAM|
+-----------------+---------+-----+--------+-------+-----+
|DSP              |        -|    -|       -|      -|    -|
|Expression       |        -|    -|       0|    817|    -|
|FIFO             |        -|    -|       -|      -|    -|
|Instance         |        -|    3|     143|    321|    -|
|Memory           |        1|    -|       0|      0|    -|
|Multiplexer      |        -|    -|       -|     91|    -|
|Register         |        -|    -|     407|     64|    -|
+-----------------+---------+-----+--------+-------+-----+
|Total            |        1|    3|     550|   1293|    0|
+-----------------+---------+-----+--------+-------+-----+
|Available        |      280|  220|  106400|  53200|    0|
+-----------------+---------+-----+--------+-------+-----+
|Utilization (%)  |       ~0|    1|      ~0|      2|    0|
+-----------------+---------+-----+--------+-------+-----+

+ Detail: 
    * Instance: 
    +----------------------------------+-------------------------------+---------+----+-----+-----+-----+
    |             Instance             |             Module            | BRAM_18K| DSP|  FF | LUT | URAM|
    +----------------------------------+-------------------------------+---------+----+-----+-----+-----+
    |fcmp_32ns_32ns_1_2_no_dsp_1_U3    |fcmp_32ns_32ns_1_2_no_dsp_1    |        0|   0|    0|    0|    0|
    |fdiv_32ns_32ns_32_16_no_dsp_1_U2  |fdiv_32ns_32ns_32_16_no_dsp_1  |        0|   0|    0|    0|    0|
    |fmul_32ns_32ns_32_4_max_dsp_1_U1  |fmul_32ns_32ns_32_4_max_dsp_1  |        0|   3|  143|  321|    0|
    +----------------------------------+-------------------------------+---------+----+-----+-----+-----+
    |Total                             |                               |        0|   3|  143|  321|    0|
    +----------------------------------+-------------------------------+---------+----+-----+-----+-----+

    * DSP: 
    N/A

    * Memory: 
    +----------------+----------------------------------+---------+---+----+-----+------+-----+------+-------------+
    |     Memory     |              Module              | BRAM_18K| FF| LUT| URAM| Words| Bits| Banks| W*Bits*Banks|
    +----------------+----------------------------------+---------+---+----+-----+------+-----+------+-------------+
    |sigmoidLUT_1_U  |SIGMOID_sigmoidLUT_1_ROM_AUTO_1R  |        1|  0|   0|    0|   256|   32|     1|         8192|
    +----------------+----------------------------------+---------+---+----+-----+------+-----+------+-------------+
    |Total           |                                  |        1|  0|   0|    0|   256|   32|     1|         8192|
    +----------------+----------------------------------+---------+---+----+-----+------+-----+------+-------------+

    * FIFO: 
    N/A

    * Expression: 
    +-----------------------+----------+----+---+-----+------------+------------+
    |     Variable Name     | Operation| DSP| FF| LUT | Bitwidth P0| Bitwidth P1|
    +-----------------------+----------+----+---+-----+------------+------------+
    |add_ln317_fu_229_p2    |         +|   0|  0|   14|           9|           8|
    |result_2_fu_317_p2     |         -|   0|  0|   15|           1|           8|
    |sub_ln18_fu_243_p2     |         -|   0|  0|   15|           7|           8|
    |and_ln12_fu_129_p2     |       and|   0|  0|    2|           1|           1|
    |and_ln15_fu_187_p2     |       and|   0|  0|    2|           1|           1|
    |and_ln19_fu_333_p2     |       and|   0|  0|    2|           1|           1|
    |icmp_ln12_1_fu_117_p2  |      icmp|   0|  0|   30|          23|           1|
    |icmp_ln12_fu_111_p2    |      icmp|   0|  0|   15|           8|           2|
    |icmp_ln15_1_fu_175_p2  |      icmp|   0|  0|   30|          23|           1|
    |icmp_ln15_fu_169_p2    |      icmp|   0|  0|   15|           8|           2|
    |lshr_ln18_fu_281_p2    |      lshr|   0|  0|  242|          79|          79|
    |or_ln12_fu_123_p2      |        or|   0|  0|    2|           1|           1|
    |or_ln15_fu_181_p2      |        or|   0|  0|    2|           1|           1|
    |ap_return              |    select|   0|  0|   32|           1|          32|
    |result_fu_322_p3       |    select|   0|  0|    8|           1|           8|
    |select_ln12_fu_145_p3  |    select|   0|  0|   32|           1|          32|
    |select_ln15_fu_193_p3  |    select|   0|  0|   32|           1|          31|
    |select_ln18_fu_253_p3  |    select|   0|  0|    9|           1|           9|
    |val_fu_311_p3          |    select|   0|  0|    8|           1|           8|
    |shl_ln18_fu_297_p2     |       shl|   0|  0|  242|          79|          79|
    |ap_enable_pp0          |       xor|   0|  0|    2|           1|           2|
    |xor_ln12_fu_135_p2     |       xor|   0|  0|   33|          32|          33|
    |xor_ln20_fu_341_p2     |       xor|   0|  0|   33|          32|          33|
    +-----------------------+----------+----+---+-----+------------+------------+
    |Total                  |          |   0|  0|  817|         313|         381|
    +-----------------------+----------+----+---+-----+------------+------------+

    * Multiplexer: 
    +-------------------------+----+-----------+-----+-----------+
    |           Name          | LUT| Input Size| Bits| Total Bits|
    +-------------------------+----+-----------+-----+-----------+
    |ap_NS_fsm                |  25|          5|    1|          5|
    |ap_enable_reg_pp0_iter0  |   9|          2|    1|          2|
    |ap_enable_reg_pp0_iter7  |   9|          2|    1|          2|
    |grp_fu_87_opcode         |  14|          3|    5|         15|
    |grp_fu_87_p0             |  20|          4|   32|        128|
    |grp_fu_87_p1             |  14|          3|   32|         96|
    +-------------------------+----+-----------+-----+-----------+
    |Total                    |  91|         19|   72|        248|
    +-------------------------+----+-----------+-----+-----------+

    * Register: 
    +-----------------------------+----+----+-----+-----------+
    |             Name            | FF | LUT| Bits| Const Bits|
    +-----------------------------+----+----+-----+-----------+
    |ap_CS_fsm                    |   4|   0|    4|          0|
    |ap_enable_reg_pp0_iter0_reg  |   1|   0|    1|          0|
    |ap_enable_reg_pp0_iter1      |   1|   0|    1|          0|
    |ap_enable_reg_pp0_iter2      |   1|   0|    1|          0|
    |ap_enable_reg_pp0_iter3      |   1|   0|    1|          0|
    |ap_enable_reg_pp0_iter4      |   1|   0|    1|          0|
    |ap_enable_reg_pp0_iter5      |   1|   0|    1|          0|
    |ap_enable_reg_pp0_iter6      |   1|   0|    1|          0|
    |ap_enable_reg_pp0_iter7      |   1|   0|    1|          0|
    |dc_reg_393                   |  32|   0|   32|          0|
    |div_reg_388                  |  32|   0|   32|          0|
    |or_ln12_reg_366              |   1|   0|    1|          0|
    |select_ln12_reg_371          |  32|   0|   32|          0|
    |select_ln15_reg_383          |  32|   0|   32|          0|
    |select_ln18_reg_413          |   9|   0|    9|          0|
    |tmp_6_reg_378                |   1|   0|    1|          0|
    |tmp_7_reg_428                |   8|   0|    8|          0|
    |tmp_reg_408                  |   1|   0|    1|          0|
    |trunc_ln342_reg_403          |  23|   0|   23|          0|
    |val_reg_433                  |   8|   0|    8|          0|
    |x_read_reg_359               |  32|   0|   32|          0|
    |xs_sign_reg_398              |   1|   0|    1|          0|
    |zext_ln15_reg_418            |  23|   0|   79|         56|
    |zext_ln18_reg_423            |  32|   0|   79|         47|
    |or_ln12_reg_366              |  64|  32|    1|          0|
    |tmp_6_reg_378                |  64|  32|    1|          0|
    +-----------------------------+----+----+-----+-----------+
    |Total                        | 407|  64|  384|        103|
    +-----------------------------+----+----+-----+-----------+



================================================================
== Interface
================================================================
* Summary: 
+-----------+-----+-----+------------+--------------+--------------+
| RTL Ports | Dir | Bits|  Protocol  | Source Object|    C Type    |
+-----------+-----+-----+------------+--------------+--------------+
|ap_clk     |   in|    1|  ap_ctrl_hs|       SIGMOID|  return value|
|ap_rst     |   in|    1|  ap_ctrl_hs|       SIGMOID|  return value|
|ap_start   |   in|    1|  ap_ctrl_hs|       SIGMOID|  return value|
|ap_done    |  out|    1|  ap_ctrl_hs|       SIGMOID|  return value|
|ap_idle    |  out|    1|  ap_ctrl_hs|       SIGMOID|  return value|
|ap_ready   |  out|    1|  ap_ctrl_hs|       SIGMOID|  return value|
|ap_ce      |   in|    1|  ap_ctrl_hs|       SIGMOID|  return value|
|ap_return  |  out|   32|  ap_ctrl_hs|       SIGMOID|  return value|
|x          |   in|   32|     ap_none|             x|        scalar|
+-----------+-----+-----+------------+--------------+--------------+

============================================================
+ Verbose Summary: Synthesis Manager
============================================================
InlineROM: 1
ExposeGlobal: 0
============================================================
+ Verbose Summary: CDFG Model
============================================================
IsTopModel: 0
ResetActiveHigh: 1
IsCombinational: 2
IsDatapathOnly: 2
HasWiredReturn: 1
HasMFsm: 2
HasVarLatency: 0
IsPipeline: 1
IsRtlPipelined: 1
IsInstanceOverlapped: 0
IsDontTouch: 0
HasImplIP: 0
IsGatedGlobalClock: 0

+ Individual pipeline summary: 
  * Pipeline-0: initiation interval (II) = 4, depth = 29


============================================================
+ Verbose Summary: Schedule
============================================================
* Number of FSM states : 29
* Pipeline : 1
  Pipeline-0 : II = 4, D = 29, States = { 1 2 3 4 5 6 7 8 9 10 11 12 13 14 15 16 17 18 19 20 21 22 23 24 25 26 27 28 29 }
* Dataflow Pipeline: 0

* FSM state transitions: 
1 --> 2 
2 --> 3 
3 --> 4 
4 --> 5 
5 --> 6 
6 --> 7 
7 --> 8 
8 --> 9 
9 --> 10 
10 --> 11 
11 --> 12 
12 --> 13 
13 --> 14 
14 --> 15 
15 --> 16 
16 --> 17 
17 --> 18 
18 --> 19 
19 --> 20 
20 --> 21 
21 --> 22 
22 --> 23 
23 --> 24 
24 --> 25 
25 --> 26 
26 --> 27 
27 --> 28 
28 --> 29 
29 --> 

* FSM state operations: 

State 1 <SV = 0> <Delay = 5.43>
ST_1 : Operation 30 [1/1] (0.00ns)   --->   "%x_read = read i32 @_ssdm_op_Read.ap_auto.float, i32 %x" [sigmoid.cpp:8]   --->   Operation 30 'read' 'x_read' <Predicate = true> <Delay = 0.00>
ST_1 : Operation 31 [2/2] (5.43ns)   --->   "%tmp_2 = fcmp_olt  i32 %x_read, i32 0" [sigmoid.cpp:12]   --->   Operation 31 'fcmp' 'tmp_2' <Predicate = true> <Delay = 5.43> <CoreInst = "FCompare">   --->   Core 19 'FCompare' <Latency = 1> <II = 1> <Delay = 5.43> <FuncUnit> <Opcode : 'fcmp'> <InPorts = 2> <OutPorts = 1>

State 2 <SV = 1> <Delay = 6.42>
ST_2 : Operation 32 [1/1] (0.00ns)   --->   "%bitcast_ln12 = bitcast i32 %x_read" [sigmoid.cpp:12]   --->   Operation 32 'bitcast' 'bitcast_ln12' <Predicate = true> <Delay = 0.00>
ST_2 : Operation 33 [1/1] (0.00ns)   --->   "%tmp_1 = partselect i8 @_ssdm_op_PartSelect.i8.i32.i32.i32, i32 %bitcast_ln12, i32 23, i32 30" [sigmoid.cpp:12]   --->   Operation 33 'partselect' 'tmp_1' <Predicate = true> <Delay = 0.00>
ST_2 : Operation 34 [1/1] (0.00ns)   --->   "%trunc_ln12 = trunc i32 %bitcast_ln12" [sigmoid.cpp:12]   --->   Operation 34 'trunc' 'trunc_ln12' <Predicate = true> <Delay = 0.00>
ST_2 : Operation 35 [1/1] (1.91ns)   --->   "%icmp_ln12 = icmp_ne  i8 %tmp_1, i8 255" [sigmoid.cpp:12]   --->   Operation 35 'icmp' 'icmp_ln12' <Predicate = true> <Delay = 1.91> <CoreInst = "Cmp">   --->   Core 9 'Cmp' <Latency = 0> <II = 1> <Delay = 1.91> <FuncUnit> <Opcode : 'icmp'> <InPorts = 2> <OutPorts = 1>
ST_2 : Operation 36 [1/1] (2.28ns)   --->   "%icmp_ln12_1 = icmp_eq  i23 %trunc_ln12, i23 0" [sigmoid.cpp:12]   --->   Operation 36 'icmp' 'icmp_ln12_1' <Predicate = true> <Delay = 2.28> <CoreInst = "Cmp">   --->   Core 9 'Cmp' <Latency = 0> <II = 1> <Delay = 2.28> <FuncUnit> <Opcode : 'icmp'> <InPorts = 2> <OutPorts = 1>
ST_2 : Operation 37 [1/1] (0.97ns)   --->   "%or_ln12 = or i1 %icmp_ln12_1, i1 %icmp_ln12" [sigmoid.cpp:12]   --->   Operation 37 'or' 'or_ln12' <Predicate = true> <Delay = 0.97> <CoreInst = "LogicGate">   --->   Core 74 'LogicGate' <Latency = 0> <II = 1> <Delay = 0.97> <FuncUnit> <Opcode : 'and' 'or' 'xor'> <InPorts = 2> <OutPorts = 1>
ST_2 : Operation 38 [1/2] (5.43ns)   --->   "%tmp_2 = fcmp_olt  i32 %x_read, i32 0" [sigmoid.cpp:12]   --->   Operation 38 'fcmp' 'tmp_2' <Predicate = true> <Delay = 5.43> <CoreInst = "FCompare">   --->   Core 19 'FCompare' <Latency = 1> <II = 1> <Delay = 5.43> <FuncUnit> <Opcode : 'fcmp'> <InPorts = 2> <OutPorts = 1>
ST_2 : Operation 39 [1/1] (0.00ns) (grouped into LUT with out node select_ln12)   --->   "%and_ln12 = and i1 %or_ln12, i1 %tmp_2" [sigmoid.cpp:12]   --->   Operation 39 'and' 'and_ln12' <Predicate = true> <Delay = 0.00> <CoreInst = "LogicGate">   --->   Core 74 'LogicGate' <Latency = 0> <II = 1> <Delay = 0.97> <FuncUnit> <Opcode : 'and' 'or' 'xor'> <InPorts = 2> <OutPorts = 1>
ST_2 : Operation 40 [1/1] (0.00ns) (grouped into LUT with out node select_ln12)   --->   "%xor_ln12 = xor i32 %bitcast_ln12, i32 2147483648" [sigmoid.cpp:12]   --->   Operation 40 'xor' 'xor_ln12' <Predicate = true> <Delay = 0.00> <CoreInst = "LogicGate">   --->   Core 74 'LogicGate' <Latency = 0> <II = 1> <Delay = 0.99> <FuncUnit> <Opcode : 'and' 'or' 'xor'> <InPorts = 2> <OutPorts = 1>
ST_2 : Operation 41 [1/1] (0.00ns) (grouped into LUT with out node select_ln12)   --->   "%bitcast_ln12_1 = bitcast i32 %xor_ln12" [sigmoid.cpp:12]   --->   Operation 41 'bitcast' 'bitcast_ln12_1' <Predicate = true> <Delay = 0.00>
ST_2 : Operation 42 [1/1] (0.99ns) (out node of the LUT)   --->   "%select_ln12 = select i1 %and_ln12, i32 %bitcast_ln12_1, i32 %x_read" [sigmoid.cpp:12]   --->   Operation 42 'select' 'select_ln12' <Predicate = true> <Delay = 0.99> <CoreInst = "Sel">   --->   Core 73 'Sel' <Latency = 0> <II = 1> <Delay = 0.69> <FuncUnit> <Opcode : 'select'> <InPorts = 3> <OutPorts = 1>
ST_2 : Operation 43 [2/2] (5.43ns)   --->   "%tmp_6 = fcmp_ogt  i32 %x_read, i32 0" [sigmoid.cpp:19]   --->   Operation 43 'fcmp' 'tmp_6' <Predicate = true> <Delay = 5.43> <CoreInst = "FCompare">   --->   Core 19 'FCompare' <Latency = 1> <II = 1> <Delay = 5.43> <FuncUnit> <Opcode : 'fcmp'> <InPorts = 2> <OutPorts = 1>

State 3 <SV = 2> <Delay = 5.43>
ST_3 : Operation 44 [2/2] (5.43ns)   --->   "%tmp_4 = fcmp_ogt  i32 %select_ln12, i32 6" [sigmoid.cpp:15]   --->   Operation 44 'fcmp' 'tmp_4' <Predicate = true> <Delay = 5.43> <CoreInst = "FCompare">   --->   Core 19 'FCompare' <Latency = 1> <II = 1> <Delay = 5.43> <FuncUnit> <Opcode : 'fcmp'> <InPorts = 2> <OutPorts = 1>
ST_3 : Operation 45 [1/2] (5.43ns)   --->   "%tmp_6 = fcmp_ogt  i32 %x_read, i32 0" [sigmoid.cpp:19]   --->   Operation 45 'fcmp' 'tmp_6' <Predicate = true> <Delay = 5.43> <CoreInst = "FCompare">   --->   Core 19 'FCompare' <Latency = 1> <II = 1> <Delay = 5.43> <FuncUnit> <Opcode : 'fcmp'> <InPorts = 2> <OutPorts = 1>

State 4 <SV = 3> <Delay = 6.40>
ST_4 : Operation 46 [1/1] (0.00ns)   --->   "%bitcast_ln15 = bitcast i32 %select_ln12" [sigmoid.cpp:15]   --->   Operation 46 'bitcast' 'bitcast_ln15' <Predicate = true> <Delay = 0.00>
ST_4 : Operation 47 [1/1] (0.00ns)   --->   "%tmp_3 = partselect i8 @_ssdm_op_PartSelect.i8.i32.i32.i32, i32 %bitcast_ln15, i32 23, i32 30" [sigmoid.cpp:15]   --->   Operation 47 'partselect' 'tmp_3' <Predicate = true> <Delay = 0.00>
ST_4 : Operation 48 [1/1] (0.00ns)   --->   "%trunc_ln15 = trunc i32 %bitcast_ln15" [sigmoid.cpp:15]   --->   Operation 48 'trunc' 'trunc_ln15' <Predicate = true> <Delay = 0.00>
ST_4 : Operation 49 [1/1] (1.91ns)   --->   "%icmp_ln15 = icmp_ne  i8 %tmp_3, i8 255" [sigmoid.cpp:15]   --->   Operation 49 'icmp' 'icmp_ln15' <Predicate = true> <Delay = 1.91> <CoreInst = "Cmp">   --->   Core 9 'Cmp' <Latency = 0> <II = 1> <Delay = 1.91> <FuncUnit> <Opcode : 'icmp'> <InPorts = 2> <OutPorts = 1>
ST_4 : Operation 50 [1/1] (2.28ns)   --->   "%icmp_ln15_1 = icmp_eq  i23 %trunc_ln15, i23 0" [sigmoid.cpp:15]   --->   Operation 50 'icmp' 'icmp_ln15_1' <Predicate = true> <Delay = 2.28> <CoreInst = "Cmp">   --->   Core 9 'Cmp' <Latency = 0> <II = 1> <Delay = 2.28> <FuncUnit> <Opcode : 'icmp'> <InPorts = 2> <OutPorts = 1>
ST_4 : Operation 51 [1/1] (0.00ns) (grouped into LUT with out node select_ln15)   --->   "%or_ln15 = or i1 %icmp_ln15_1, i1 %icmp_ln15" [sigmoid.cpp:15]   --->   Operation 51 'or' 'or_ln15' <Predicate = true> <Delay = 0.00> <CoreInst = "LogicGate">   --->   Core 74 'LogicGate' <Latency = 0> <II = 1> <Delay = 0.97> <FuncUnit> <Opcode : 'and' 'or' 'xor'> <InPorts = 2> <OutPorts = 1>
ST_4 : Operation 52 [1/2] (5.43ns)   --->   "%tmp_4 = fcmp_ogt  i32 %select_ln12, i32 6" [sigmoid.cpp:15]   --->   Operation 52 'fcmp' 'tmp_4' <Predicate = true> <Delay = 5.43> <CoreInst = "FCompare">   --->   Core 19 'FCompare' <Latency = 1> <II = 1> <Delay = 5.43> <FuncUnit> <Opcode : 'fcmp'> <InPorts = 2> <OutPorts = 1>
ST_4 : Operation 53 [1/1] (0.00ns) (grouped into LUT with out node select_ln15)   --->   "%and_ln15 = and i1 %or_ln15, i1 %tmp_4" [sigmoid.cpp:15]   --->   Operation 53 'and' 'and_ln15' <Predicate = true> <Delay = 0.00> <CoreInst = "LogicGate">   --->   Core 74 'LogicGate' <Latency = 0> <II = 1> <Delay = 0.97> <FuncUnit> <Opcode : 'and' 'or' 'xor'> <InPorts = 2> <OutPorts = 1>
ST_4 : Operation 54 [1/1] (0.97ns) (out node of the LUT)   --->   "%select_ln15 = select i1 %and_ln15, i32 6, i32 %select_ln12" [sigmoid.cpp:15]   --->   Operation 54 'select' 'select_ln15' <Predicate = true> <Delay = 0.97> <CoreInst = "Sel">   --->   Core 73 'Sel' <Latency = 0> <II = 1> <Delay = 0.69> <FuncUnit> <Opcode : 'select'> <InPorts = 3> <OutPorts = 1>

State 5 <SV = 4> <Delay = 6.07>
ST_5 : Operation 55 [16/16] (6.07ns)   --->   "%div = fdiv i32 %select_ln15, i32 6" [sigmoid.cpp:18]   --->   Operation 55 'fdiv' 'div' <Predicate = true> <Delay = 6.07> <CoreInst = "FDiv">   --->   Core 20 'FDiv' <Latency = 15> <II = 1> <Delay = 6.07> <FuncUnit> <Opcode : 'fdiv' 'frem'> <InPorts = 2> <OutPorts = 1>

State 6 <SV = 5> <Delay = 6.07>
ST_6 : Operation 56 [15/16] (6.07ns)   --->   "%div = fdiv i32 %select_ln15, i32 6" [sigmoid.cpp:18]   --->   Operation 56 'fdiv' 'div' <Predicate = true> <Delay = 6.07> <CoreInst = "FDiv">   --->   Core 20 'FDiv' <Latency = 15> <II = 1> <Delay = 6.07> <FuncUnit> <Opcode : 'fdiv' 'frem'> <InPorts = 2> <OutPorts = 1>

State 7 <SV = 6> <Delay = 6.07>
ST_7 : Operation 57 [14/16] (6.07ns)   --->   "%div = fdiv i32 %select_ln15, i32 6" [sigmoid.cpp:18]   --->   Operation 57 'fdiv' 'div' <Predicate = true> <Delay = 6.07> <CoreInst = "FDiv">   --->   Core 20 'FDiv' <Latency = 15> <II = 1> <Delay = 6.07> <FuncUnit> <Opcode : 'fdiv' 'frem'> <InPorts = 2> <OutPorts = 1>

State 8 <SV = 7> <Delay = 6.07>
ST_8 : Operation 58 [13/16] (6.07ns)   --->   "%div = fdiv i32 %select_ln15, i32 6" [sigmoid.cpp:18]   --->   Operation 58 'fdiv' 'div' <Predicate = true> <Delay = 6.07> <CoreInst = "FDiv">   --->   Core 20 'FDiv' <Latency = 15> <II = 1> <Delay = 6.07> <FuncUnit> <Opcode : 'fdiv' 'frem'> <InPorts = 2> <OutPorts = 1>

State 9 <SV = 8> <Delay = 6.07>
ST_9 : Operation 59 [12/16] (6.07ns)   --->   "%div = fdiv i32 %select_ln15, i32 6" [sigmoid.cpp:18]   --->   Operation 59 'fdiv' 'div' <Predicate = true> <Delay = 6.07> <CoreInst = "FDiv">   --->   Core 20 'FDiv' <Latency = 15> <II = 1> <Delay = 6.07> <FuncUnit> <Opcode : 'fdiv' 'frem'> <InPorts = 2> <OutPorts = 1>

State 10 <SV = 9> <Delay = 6.07>
ST_10 : Operation 60 [11/16] (6.07ns)   --->   "%div = fdiv i32 %select_ln15, i32 6" [sigmoid.cpp:18]   --->   Operation 60 'fdiv' 'div' <Predicate = true> <Delay = 6.07> <CoreInst = "FDiv">   --->   Core 20 'FDiv' <Latency = 15> <II = 1> <Delay = 6.07> <FuncUnit> <Opcode : 'fdiv' 'frem'> <InPorts = 2> <OutPorts = 1>

State 11 <SV = 10> <Delay = 6.07>
ST_11 : Operation 61 [10/16] (6.07ns)   --->   "%div = fdiv i32 %select_ln15, i32 6" [sigmoid.cpp:18]   --->   Operation 61 'fdiv' 'div' <Predicate = true> <Delay = 6.07> <CoreInst = "FDiv">   --->   Core 20 'FDiv' <Latency = 15> <II = 1> <Delay = 6.07> <FuncUnit> <Opcode : 'fdiv' 'frem'> <InPorts = 2> <OutPorts = 1>

State 12 <SV = 11> <Delay = 6.07>
ST_12 : Operation 62 [9/16] (6.07ns)   --->   "%div = fdiv i32 %select_ln15, i32 6" [sigmoid.cpp:18]   --->   Operation 62 'fdiv' 'div' <Predicate = true> <Delay = 6.07> <CoreInst = "FDiv">   --->   Core 20 'FDiv' <Latency = 15> <II = 1> <Delay = 6.07> <FuncUnit> <Opcode : 'fdiv' 'frem'> <InPorts = 2> <OutPorts = 1>

State 13 <SV = 12> <Delay = 6.07>
ST_13 : Operation 63 [8/16] (6.07ns)   --->   "%div = fdiv i32 %select_ln15, i32 6" [sigmoid.cpp:18]   --->   Operation 63 'fdiv' 'div' <Predicate = true> <Delay = 6.07> <CoreInst = "FDiv">   --->   Core 20 'FDiv' <Latency = 15> <II = 1> <Delay = 6.07> <FuncUnit> <Opcode : 'fdiv' 'frem'> <InPorts = 2> <OutPorts = 1>

State 14 <SV = 13> <Delay = 6.07>
ST_14 : Operation 64 [7/16] (6.07ns)   --->   "%div = fdiv i32 %select_ln15, i32 6" [sigmoid.cpp:18]   --->   Operation 64 'fdiv' 'div' <Predicate = true> <Delay = 6.07> <CoreInst = "FDiv">   --->   Core 20 'FDiv' <Latency = 15> <II = 1> <Delay = 6.07> <FuncUnit> <Opcode : 'fdiv' 'frem'> <InPorts = 2> <OutPorts = 1>

State 15 <SV = 14> <Delay = 6.07>
ST_15 : Operation 65 [6/16] (6.07ns)   --->   "%div = fdiv i32 %select_ln15, i32 6" [sigmoid.cpp:18]   --->   Operation 65 'fdiv' 'div' <Predicate = true> <Delay = 6.07> <CoreInst = "FDiv">   --->   Core 20 'FDiv' <Latency = 15> <II = 1> <Delay = 6.07> <FuncUnit> <Opcode : 'fdiv' 'frem'> <InPorts = 2> <OutPorts = 1>

State 16 <SV = 15> <Delay = 6.07>
ST_16 : Operation 66 [5/16] (6.07ns)   --->   "%div = fdiv i32 %select_ln15, i32 6" [sigmoid.cpp:18]   --->   Operation 66 'fdiv' 'div' <Predicate = true> <Delay = 6.07> <CoreInst = "FDiv">   --->   Core 20 'FDiv' <Latency = 15> <II = 1> <Delay = 6.07> <FuncUnit> <Opcode : 'fdiv' 'frem'> <InPorts = 2> <OutPorts = 1>

State 17 <SV = 16> <Delay = 6.07>
ST_17 : Operation 67 [4/16] (6.07ns)   --->   "%div = fdiv i32 %select_ln15, i32 6" [sigmoid.cpp:18]   --->   Operation 67 'fdiv' 'div' <Predicate = true> <Delay = 6.07> <CoreInst = "FDiv">   --->   Core 20 'FDiv' <Latency = 15> <II = 1> <Delay = 6.07> <FuncUnit> <Opcode : 'fdiv' 'frem'> <InPorts = 2> <OutPorts = 1>

State 18 <SV = 17> <Delay = 6.07>
ST_18 : Operation 68 [3/16] (6.07ns)   --->   "%div = fdiv i32 %select_ln15, i32 6" [sigmoid.cpp:18]   --->   Operation 68 'fdiv' 'div' <Predicate = true> <Delay = 6.07> <CoreInst = "FDiv">   --->   Core 20 'FDiv' <Latency = 15> <II = 1> <Delay = 6.07> <FuncUnit> <Opcode : 'fdiv' 'frem'> <InPorts = 2> <OutPorts = 1>

State 19 <SV = 18> <Delay = 6.07>
ST_19 : Operation 69 [2/16] (6.07ns)   --->   "%div = fdiv i32 %select_ln15, i32 6" [sigmoid.cpp:18]   --->   Operation 69 'fdiv' 'div' <Predicate = true> <Delay = 6.07> <CoreInst = "FDiv">   --->   Core 20 'FDiv' <Latency = 15> <II = 1> <Delay = 6.07> <FuncUnit> <Opcode : 'fdiv' 'frem'> <InPorts = 2> <OutPorts = 1>

State 20 <SV = 19> <Delay = 6.07>
ST_20 : Operation 70 [1/16] (6.07ns)   --->   "%div = fdiv i32 %select_ln15, i32 6" [sigmoid.cpp:18]   --->   Operation 70 'fdiv' 'div' <Predicate = true> <Delay = 6.07> <CoreInst = "FDiv">   --->   Core 20 'FDiv' <Latency = 15> <II = 1> <Delay = 6.07> <FuncUnit> <Opcode : 'fdiv' 'frem'> <InPorts = 2> <OutPorts = 1>

State 21 <SV = 20> <Delay = 5.70>
ST_21 : Operation 71 [4/4] (5.70ns)   --->   "%dc = fmul i32 %div, i32 255" [sigmoid.cpp:18]   --->   Operation 71 'fmul' 'dc' <Predicate = true> <Delay = 5.70> <CoreInst = "FMul_maxdsp">   --->   Core 30 'FMul_maxdsp' <Latency = 3> <II = 1> <Delay = 5.70> <FuncUnit> <Opcode : 'fmul'> <InPorts = 2> <OutPorts = 1>

State 22 <SV = 21> <Delay = 5.70>
ST_22 : Operation 72 [3/4] (5.70ns)   --->   "%dc = fmul i32 %div, i32 255" [sigmoid.cpp:18]   --->   Operation 72 'fmul' 'dc' <Predicate = true> <Delay = 5.70> <CoreInst = "FMul_maxdsp">   --->   Core 30 'FMul_maxdsp' <Latency = 3> <II = 1> <Delay = 5.70> <FuncUnit> <Opcode : 'fmul'> <InPorts = 2> <OutPorts = 1>

State 23 <SV = 22> <Delay = 5.70>
ST_23 : Operation 73 [2/4] (5.70ns)   --->   "%dc = fmul i32 %div, i32 255" [sigmoid.cpp:18]   --->   Operation 73 'fmul' 'dc' <Predicate = true> <Delay = 5.70> <CoreInst = "FMul_maxdsp">   --->   Core 30 'FMul_maxdsp' <Latency = 3> <II = 1> <Delay = 5.70> <FuncUnit> <Opcode : 'fmul'> <InPorts = 2> <OutPorts = 1>

State 24 <SV = 23> <Delay = 5.70>
ST_24 : Operation 74 [1/4] (5.70ns)   --->   "%dc = fmul i32 %div, i32 255" [sigmoid.cpp:18]   --->   Operation 74 'fmul' 'dc' <Predicate = true> <Delay = 5.70> <CoreInst = "FMul_maxdsp">   --->   Core 30 'FMul_maxdsp' <Latency = 3> <II = 1> <Delay = 5.70> <FuncUnit> <Opcode : 'fmul'> <InPorts = 2> <OutPorts = 1>

State 25 <SV = 24> <Delay = 2.88>
ST_25 : Operation 75 [1/1] (0.00ns)   --->   "%data = bitcast i32 %dc" [C:\scratch\2023.2\hls_product\689\2023.2\src\shared\hls\clib/src/hls\utils/x_hls_utils.h:288->C:\scratch\2023.2\hls_product\689\2023.2\src\shared\hls\clib/hlsmath/include/FloatingPoint\hls_case_IEEE754.h:13->C:\scratch\2023.2\hls_product\689\2023.2\src\shared\hls\clib/hlsmath/include/FloatingPoint\hls_case_IEEE754.h:117->C:\scratch\2023.2\hls_product\689\2023.2\src\shared\hls\clib\hlsmath\src\lib_floatconversion.cpp:51->sigmoid.cpp:18]   --->   Operation 75 'bitcast' 'data' <Predicate = true> <Delay = 0.00>
ST_25 : Operation 76 [1/1] (0.00ns)   --->   "%xs_sign = bitselect i1 @_ssdm_op_BitSelect.i1.i32.i32, i32 %data, i32 31" [C:\scratch\2023.2\hls_product\689\2023.2\src\shared\hls\clib/src/hls\utils/x_hls_utils.h:294->C:\scratch\2023.2\hls_product\689\2023.2\src\shared\hls\clib/hlsmath/include/FloatingPoint\hls_case_IEEE754.h:13->C:\scratch\2023.2\hls_product\689\2023.2\src\shared\hls\clib/hlsmath/include/FloatingPoint\hls_case_IEEE754.h:117->C:\scratch\2023.2\hls_product\689\2023.2\src\shared\hls\clib\hlsmath\src\lib_floatconversion.cpp:51->sigmoid.cpp:18]   --->   Operation 76 'bitselect' 'xs_sign' <Predicate = true> <Delay = 0.00>
ST_25 : Operation 77 [1/1] (0.00ns)   --->   "%xs_exp = partselect i8 @_ssdm_op_PartSelect.i8.i32.i32.i32, i32 %data, i32 23, i32 30" [C:\scratch\2023.2\hls_product\689\2023.2\src\shared\hls\clib/src/hls\utils/x_hls_utils.h:295->C:\scratch\2023.2\hls_product\689\2023.2\src\shared\hls\clib/hlsmath/include/FloatingPoint\hls_case_IEEE754.h:13->C:\scratch\2023.2\hls_product\689\2023.2\src\shared\hls\clib/hlsmath/include/FloatingPoint\hls_case_IEEE754.h:117->C:\scratch\2023.2\hls_product\689\2023.2\src\shared\hls\clib\hlsmath\src\lib_floatconversion.cpp:51->sigmoid.cpp:18]   --->   Operation 77 'partselect' 'xs_exp' <Predicate = true> <Delay = 0.00>
ST_25 : Operation 78 [1/1] (0.00ns)   --->   "%trunc_ln342 = trunc i32 %data" [C:\scratch\2023.2\hls_product\689\2023.2\src\shared\hls\clib/src/hls\utils/x_hls_utils.h:342->C:\scratch\2023.2\hls_product\689\2023.2\src\shared\hls\clib/hlsmath/include/FloatingPoint\hls_case_IEEE754.h:15->C:\scratch\2023.2\hls_product\689\2023.2\src\shared\hls\clib/hlsmath/include/FloatingPoint\hls_case_IEEE754.h:117->C:\scratch\2023.2\hls_product\689\2023.2\src\shared\hls\clib\hlsmath\src\lib_floatconversion.cpp:51->sigmoid.cpp:18]   --->   Operation 78 'trunc' 'trunc_ln342' <Predicate = true> <Delay = 0.00>
ST_25 : Operation 79 [1/1] (0.00ns)   --->   "%zext_ln317 = zext i8 %xs_exp" [C:\scratch\2023.2\hls_product\689\2023.2\src\shared\hls\clib/src/hls\utils/x_hls_utils.h:317->C:\scratch\2023.2\hls_product\689\2023.2\src\shared\hls\clib/hlsmath/include/FloatingPoint\hls_case_IEEE754.h:18->C:\scratch\2023.2\hls_product\689\2023.2\src\shared\hls\clib/hlsmath/include/FloatingPoint\hls_case_IEEE754.h:117->C:\scratch\2023.2\hls_product\689\2023.2\src\shared\hls\clib\hlsmath\src\lib_floatconversion.cpp:51->sigmoid.cpp:18]   --->   Operation 79 'zext' 'zext_ln317' <Predicate = true> <Delay = 0.00>
ST_25 : Operation 80 [1/1] (1.91ns)   --->   "%add_ln317 = add i9 %zext_ln317, i9 385" [C:\scratch\2023.2\hls_product\689\2023.2\src\shared\hls\clib/src/hls\utils/x_hls_utils.h:317->C:\scratch\2023.2\hls_product\689\2023.2\src\shared\hls\clib/hlsmath/include/FloatingPoint\hls_case_IEEE754.h:18->C:\scratch\2023.2\hls_product\689\2023.2\src\shared\hls\clib/hlsmath/include/FloatingPoint\hls_case_IEEE754.h:117->C:\scratch\2023.2\hls_product\689\2023.2\src\shared\hls\clib\hlsmath\src\lib_floatconversion.cpp:51->sigmoid.cpp:18]   --->   Operation 80 'add' 'add_ln317' <Predicate = true> <Delay = 1.91> <CoreInst = "Adder">   --->   Core 1 'Adder' <Latency = 0> <II = 1> <Delay = 1.82> <FuncUnit> <Opcode : 'add' 'sub'> <InPorts = 2> <OutPorts = 1>
ST_25 : Operation 81 [1/1] (0.00ns)   --->   "%tmp = bitselect i1 @_ssdm_op_BitSelect.i1.i9.i32, i9 %add_ln317, i32 8" [C:\scratch\2023.2\hls_product\689\2023.2\src\shared\hls\clib/hlsmath/include/FloatingPoint\hls_case_IEEE754.h:18->C:\scratch\2023.2\hls_product\689\2023.2\src\shared\hls\clib/hlsmath/include/FloatingPoint\hls_case_IEEE754.h:117->C:\scratch\2023.2\hls_product\689\2023.2\src\shared\hls\clib\hlsmath\src\lib_floatconversion.cpp:51->sigmoid.cpp:18]   --->   Operation 81 'bitselect' 'tmp' <Predicate = true> <Delay = 0.00>
ST_25 : Operation 82 [1/1] (1.91ns)   --->   "%sub_ln18 = sub i8 127, i8 %xs_exp" [C:\scratch\2023.2\hls_product\689\2023.2\src\shared\hls\clib/hlsmath/include/FloatingPoint\hls_case_IEEE754.h:18->C:\scratch\2023.2\hls_product\689\2023.2\src\shared\hls\clib/hlsmath/include/FloatingPoint\hls_case_IEEE754.h:117->C:\scratch\2023.2\hls_product\689\2023.2\src\shared\hls\clib\hlsmath\src\lib_floatconversion.cpp:51->sigmoid.cpp:18]   --->   Operation 82 'sub' 'sub_ln18' <Predicate = true> <Delay = 1.91> <CoreInst = "Adder">   --->   Core 1 'Adder' <Latency = 0> <II = 1> <Delay = 1.91> <FuncUnit> <Opcode : 'add' 'sub'> <InPorts = 2> <OutPorts = 1>
ST_25 : Operation 83 [1/1] (0.00ns)   --->   "%sext_ln18 = sext i8 %sub_ln18" [C:\scratch\2023.2\hls_product\689\2023.2\src\shared\hls\clib/hlsmath/include/FloatingPoint\hls_case_IEEE754.h:18->C:\scratch\2023.2\hls_product\689\2023.2\src\shared\hls\clib/hlsmath/include/FloatingPoint\hls_case_IEEE754.h:117->C:\scratch\2023.2\hls_product\689\2023.2\src\shared\hls\clib\hlsmath\src\lib_floatconversion.cpp:51->sigmoid.cpp:18]   --->   Operation 83 'sext' 'sext_ln18' <Predicate = true> <Delay = 0.00>
ST_25 : Operation 84 [1/1] (0.96ns)   --->   "%select_ln18 = select i1 %tmp, i9 %sext_ln18, i9 %add_ln317" [C:\scratch\2023.2\hls_product\689\2023.2\src\shared\hls\clib/hlsmath/include/FloatingPoint\hls_case_IEEE754.h:18->C:\scratch\2023.2\hls_product\689\2023.2\src\shared\hls\clib/hlsmath/include/FloatingPoint\hls_case_IEEE754.h:117->C:\scratch\2023.2\hls_product\689\2023.2\src\shared\hls\clib\hlsmath\src\lib_floatconversion.cpp:51->sigmoid.cpp:18]   --->   Operation 84 'select' 'select_ln18' <Predicate = true> <Delay = 0.96> <CoreInst = "Sel">   --->   Core 73 'Sel' <Latency = 0> <II = 1> <Delay = 0.96> <FuncUnit> <Opcode : 'select'> <InPorts = 3> <OutPorts = 1>

State 26 <SV = 25> <Delay = 4.42>
ST_26 : Operation 85 [1/1] (0.00ns)   --->   "%mantissa = bitconcatenate i25 @_ssdm_op_BitConcatenate.i25.i1.i23.i1, i1 1, i23 %trunc_ln342, i1 0" [C:\scratch\2023.2\hls_product\689\2023.2\src\shared\hls\clib/hlsmath/include/FloatingPoint\hls_case_IEEE754.h:15->C:\scratch\2023.2\hls_product\689\2023.2\src\shared\hls\clib/hlsmath/include/FloatingPoint\hls_case_IEEE754.h:117->C:\scratch\2023.2\hls_product\689\2023.2\src\shared\hls\clib\hlsmath\src\lib_floatconversion.cpp:51->sigmoid.cpp:18]   --->   Operation 85 'bitconcatenate' 'mantissa' <Predicate = true> <Delay = 0.00>
ST_26 : Operation 86 [1/1] (0.00ns)   --->   "%zext_ln15 = zext i25 %mantissa" [C:\scratch\2023.2\hls_product\689\2023.2\src\shared\hls\clib/hlsmath/include/FloatingPoint\hls_case_IEEE754.h:15->C:\scratch\2023.2\hls_product\689\2023.2\src\shared\hls\clib/hlsmath/include/FloatingPoint\hls_case_IEEE754.h:117->C:\scratch\2023.2\hls_product\689\2023.2\src\shared\hls\clib\hlsmath\src\lib_floatconversion.cpp:51->sigmoid.cpp:18]   --->   Operation 86 'zext' 'zext_ln15' <Predicate = true> <Delay = 0.00>
ST_26 : Operation 87 [1/1] (0.00ns)   --->   "%sext_ln18_1 = sext i9 %select_ln18" [C:\scratch\2023.2\hls_product\689\2023.2\src\shared\hls\clib/hlsmath/include/FloatingPoint\hls_case_IEEE754.h:18->C:\scratch\2023.2\hls_product\689\2023.2\src\shared\hls\clib/hlsmath/include/FloatingPoint\hls_case_IEEE754.h:117->C:\scratch\2023.2\hls_product\689\2023.2\src\shared\hls\clib\hlsmath\src\lib_floatconversion.cpp:51->sigmoid.cpp:18]   --->   Operation 87 'sext' 'sext_ln18_1' <Predicate = true> <Delay = 0.00>
ST_26 : Operation 88 [1/1] (0.00ns)   --->   "%zext_ln18 = zext i32 %sext_ln18_1" [C:\scratch\2023.2\hls_product\689\2023.2\src\shared\hls\clib/hlsmath/include/FloatingPoint\hls_case_IEEE754.h:18->C:\scratch\2023.2\hls_product\689\2023.2\src\shared\hls\clib/hlsmath/include/FloatingPoint\hls_case_IEEE754.h:117->C:\scratch\2023.2\hls_product\689\2023.2\src\shared\hls\clib\hlsmath\src\lib_floatconversion.cpp:51->sigmoid.cpp:18]   --->   Operation 88 'zext' 'zext_ln18' <Predicate = true> <Delay = 0.00>
ST_26 : Operation 89 [1/1] (4.42ns)   --->   "%lshr_ln18 = lshr i79 %zext_ln15, i79 %zext_ln18" [C:\scratch\2023.2\hls_product\689\2023.2\src\shared\hls\clib/hlsmath/include/FloatingPoint\hls_case_IEEE754.h:18->C:\scratch\2023.2\hls_product\689\2023.2\src\shared\hls\clib/hlsmath/include/FloatingPoint\hls_case_IEEE754.h:117->C:\scratch\2023.2\hls_product\689\2023.2\src\shared\hls\clib\hlsmath\src\lib_floatconversion.cpp:51->sigmoid.cpp:18]   --->   Operation 89 'lshr' 'lshr_ln18' <Predicate = (tmp)> <Delay = 4.42> <CoreInst = "Shifter">   --->   Core 75 'Shifter' <Latency = 0> <II = 1> <Delay = 4.65> <FuncUnit> <Opcode : 'shl' 'lshr' 'ashr'> <InPorts = 2> <OutPorts = 1>
ST_26 : Operation 90 [1/1] (0.00ns)   --->   "%tmp_7 = partselect i8 @_ssdm_op_PartSelect.i8.i79.i32.i32, i79 %lshr_ln18, i32 24, i32 31" [C:\scratch\2023.2\hls_product\689\2023.2\src\shared\hls\clib/hlsmath/include/FloatingPoint\hls_case_IEEE754.h:21->C:\scratch\2023.2\hls_product\689\2023.2\src\shared\hls\clib/hlsmath/include/FloatingPoint\hls_case_IEEE754.h:117->C:\scratch\2023.2\hls_product\689\2023.2\src\shared\hls\clib\hlsmath\src\lib_floatconversion.cpp:51->sigmoid.cpp:18]   --->   Operation 90 'partselect' 'tmp_7' <Predicate = (tmp)> <Delay = 0.00>

State 27 <SV = 26> <Delay = 5.66>
ST_27 : Operation 91 [1/1] (4.42ns)   --->   "%shl_ln18 = shl i79 %zext_ln15, i79 %zext_ln18" [C:\scratch\2023.2\hls_product\689\2023.2\src\shared\hls\clib/hlsmath/include/FloatingPoint\hls_case_IEEE754.h:18->C:\scratch\2023.2\hls_product\689\2023.2\src\shared\hls\clib/hlsmath/include/FloatingPoint\hls_case_IEEE754.h:117->C:\scratch\2023.2\hls_product\689\2023.2\src\shared\hls\clib\hlsmath\src\lib_floatconversion.cpp:51->sigmoid.cpp:18]   --->   Operation 91 'shl' 'shl_ln18' <Predicate = (!tmp)> <Delay = 4.42> <CoreInst = "Shifter">   --->   Core 75 'Shifter' <Latency = 0> <II = 1> <Delay = 4.65> <FuncUnit> <Opcode : 'shl' 'lshr' 'ashr'> <InPorts = 2> <OutPorts = 1>
ST_27 : Operation 92 [1/1] (0.00ns)   --->   "%tmp_8 = partselect i8 @_ssdm_op_PartSelect.i8.i79.i32.i32, i79 %shl_ln18, i32 24, i32 31" [C:\scratch\2023.2\hls_product\689\2023.2\src\shared\hls\clib/hlsmath/include/FloatingPoint\hls_case_IEEE754.h:21->C:\scratch\2023.2\hls_product\689\2023.2\src\shared\hls\clib/hlsmath/include/FloatingPoint\hls_case_IEEE754.h:117->C:\scratch\2023.2\hls_product\689\2023.2\src\shared\hls\clib\hlsmath\src\lib_floatconversion.cpp:51->sigmoid.cpp:18]   --->   Operation 92 'partselect' 'tmp_8' <Predicate = (!tmp)> <Delay = 0.00>
ST_27 : Operation 93 [1/1] (1.24ns)   --->   "%val = select i1 %tmp, i8 %tmp_7, i8 %tmp_8" [C:\scratch\2023.2\hls_product\689\2023.2\src\shared\hls\clib/hlsmath/include/FloatingPoint\hls_case_IEEE754.h:18->C:\scratch\2023.2\hls_product\689\2023.2\src\shared\hls\clib/hlsmath/include/FloatingPoint\hls_case_IEEE754.h:117->C:\scratch\2023.2\hls_product\689\2023.2\src\shared\hls\clib\hlsmath\src\lib_floatconversion.cpp:51->sigmoid.cpp:18]   --->   Operation 93 'select' 'val' <Predicate = true> <Delay = 1.24> <CoreInst = "Sel">   --->   Core 73 'Sel' <Latency = 0> <II = 1> <Delay = 1.24> <FuncUnit> <Opcode : 'select'> <InPorts = 3> <OutPorts = 1>

State 28 <SV = 27> <Delay = 6.41>
ST_28 : Operation 94 [1/1] (1.91ns)   --->   "%result_2 = sub i8 0, i8 %val" [C:\scratch\2023.2\hls_product\689\2023.2\src\shared\hls\clib/hlsmath/include/FloatingPoint\hls_case_IEEE754.h:59->C:\scratch\2023.2\hls_product\689\2023.2\src\shared\hls\clib/hlsmath/include/FloatingPoint\hls_case_IEEE754.h:117->C:\scratch\2023.2\hls_product\689\2023.2\src\shared\hls\clib\hlsmath\src\lib_floatconversion.cpp:51->sigmoid.cpp:18]   --->   Operation 94 'sub' 'result_2' <Predicate = (xs_sign)> <Delay = 1.91> <CoreInst = "Adder">   --->   Core 1 'Adder' <Latency = 0> <II = 1> <Delay = 1.91> <FuncUnit> <Opcode : 'add' 'sub'> <InPorts = 2> <OutPorts = 1>
ST_28 : Operation 95 [1/1] (1.24ns)   --->   "%result = select i1 %xs_sign, i8 %result_2, i8 %val" [C:\scratch\2023.2\hls_product\689\2023.2\src\shared\hls\clib/hlsmath/include/FloatingPoint\hls_case_IEEE754.h:59->C:\scratch\2023.2\hls_product\689\2023.2\src\shared\hls\clib/hlsmath/include/FloatingPoint\hls_case_IEEE754.h:117->C:\scratch\2023.2\hls_product\689\2023.2\src\shared\hls\clib\hlsmath\src\lib_floatconversion.cpp:51->sigmoid.cpp:18]   --->   Operation 95 'select' 'result' <Predicate = true> <Delay = 1.24> <CoreInst = "Sel">   --->   Core 73 'Sel' <Latency = 0> <II = 1> <Delay = 1.24> <FuncUnit> <Opcode : 'select'> <InPorts = 3> <OutPorts = 1>
ST_28 : Operation 96 [1/1] (0.00ns)   --->   "%zext_ln19 = zext i8 %result" [sigmoid.cpp:19]   --->   Operation 96 'zext' 'zext_ln19' <Predicate = true> <Delay = 0.00>
ST_28 : Operation 97 [1/1] (0.00ns)   --->   "%sigmoidLUT_1_addr = getelementptr i32 %sigmoidLUT_1, i64 0, i64 %zext_ln19" [sigmoid.cpp:19]   --->   Operation 97 'getelementptr' 'sigmoidLUT_1_addr' <Predicate = true> <Delay = 0.00>
ST_28 : Operation 98 [2/2] (3.25ns)   --->   "%sigmoidLUT_1_load = load i8 %sigmoidLUT_1_addr" [sigmoid.cpp:19]   --->   Operation 98 'load' 'sigmoidLUT_1_load' <Predicate = true> <Delay = 3.25> <CoreInst = "ROM">   --->   Core 95 'ROM' <Latency = 1> <II = 1> <Delay = 3.25> <Storage> <Opcode : 'load'> <Ports = 0> <Width = 32> <Depth = 256> <ROM>

State 29 <SV = 28> <Delay = 4.24>
ST_29 : Operation 99 [1/1] (0.00ns)   --->   "%specpipeline_ln17 = specpipeline void @_ssdm_op_SpecPipeline, i32 4, i32 0, i32 0, i32 0, void @empty_0" [sigmoid.cpp:17]   --->   Operation 99 'specpipeline' 'specpipeline_ln17' <Predicate = true> <Delay = 0.00>
ST_29 : Operation 100 [1/1] (0.00ns) (grouped into LUT with out node select_ln19)   --->   "%and_ln19 = and i1 %or_ln12, i1 %tmp_6" [sigmoid.cpp:19]   --->   Operation 100 'and' 'and_ln19' <Predicate = true> <Delay = 0.00> <CoreInst = "LogicGate">   --->   Core 74 'LogicGate' <Latency = 0> <II = 1> <Delay = 0.97> <FuncUnit> <Opcode : 'and' 'or' 'xor'> <InPorts = 2> <OutPorts = 1>
ST_29 : Operation 101 [1/2] (3.25ns)   --->   "%sigmoidLUT_1_load = load i8 %sigmoidLUT_1_addr" [sigmoid.cpp:19]   --->   Operation 101 'load' 'sigmoidLUT_1_load' <Predicate = true> <Delay = 3.25> <CoreInst = "ROM">   --->   Core 95 'ROM' <Latency = 1> <II = 1> <Delay = 3.25> <Storage> <Opcode : 'load'> <Ports = 0> <Width = 32> <Depth = 256> <ROM>
ST_29 : Operation 102 [1/1] (0.00ns) (grouped into LUT with out node select_ln19)   --->   "%bitcast_ln20 = bitcast i32 %sigmoidLUT_1_load" [sigmoid.cpp:20]   --->   Operation 102 'bitcast' 'bitcast_ln20' <Predicate = true> <Delay = 0.00>
ST_29 : Operation 103 [1/1] (0.00ns) (grouped into LUT with out node select_ln19)   --->   "%xor_ln20 = xor i32 %bitcast_ln20, i32 2147483648" [sigmoid.cpp:20]   --->   Operation 103 'xor' 'xor_ln20' <Predicate = true> <Delay = 0.00> <CoreInst = "LogicGate">   --->   Core 74 'LogicGate' <Latency = 0> <II = 1> <Delay = 0.99> <FuncUnit> <Opcode : 'and' 'or' 'xor'> <InPorts = 2> <OutPorts = 1>
ST_29 : Operation 104 [1/1] (0.00ns) (grouped into LUT with out node select_ln19)   --->   "%bitcast_ln20_1 = bitcast i32 %xor_ln20" [sigmoid.cpp:20]   --->   Operation 104 'bitcast' 'bitcast_ln20_1' <Predicate = true> <Delay = 0.00>
ST_29 : Operation 105 [1/1] (0.99ns) (out node of the LUT)   --->   "%select_ln19 = select i1 %and_ln19, i32 %sigmoidLUT_1_load, i32 %bitcast_ln20_1" [sigmoid.cpp:19]   --->   Operation 105 'select' 'select_ln19' <Predicate = true> <Delay = 0.99> <CoreInst = "Sel">   --->   Core 73 'Sel' <Latency = 0> <II = 1> <Delay = 0.69> <FuncUnit> <Opcode : 'select'> <InPorts = 3> <OutPorts = 1>
ST_29 : Operation 106 [1/1] (0.00ns)   --->   "%ret_ln21 = ret i32 %select_ln19" [sigmoid.cpp:21]   --->   Operation 106 'ret' 'ret_ln21' <Predicate = true> <Delay = 0.00>


============================================================
+ Verbose Summary: Binding
============================================================
STG Binding: 
---------------- STG Properties BEGIN ----------------
- Is combinational: 0
- Is one-state seq: 0
- Is datapath-only: 0
- Is pipelined: 1
- Is top level: 0
Port [ Return ] is wired: 1; IO mode=ap_ctrl_hs:ce=0
Port [ x]:  wired=1; compound=0; hidden=0; nouse=0; global=0; static=0; extern=0; dir=0; type=0; pingpong=0; private_global=0; IO mode=ap_none:ce=0
Port [ sigmoidLUT_1]:  wired=0; compound=1; hidden=1; nouse=0; global=1; static=1; extern=0; dir=0; type=1; pingpong=0; private_global=1; MemPort=[1]; IO mode=ap_memory:ce=0
---------------- STG Properties END ------------------

---------------- Datapath Model BEGIN ----------------

<LifeTime>
<method=bitvector/>
x_read            (read          ) [ 001100000000000000000000000000]
bitcast_ln12      (bitcast       ) [ 000000000000000000000000000000]
tmp_1             (partselect    ) [ 000000000000000000000000000000]
trunc_ln12        (trunc         ) [ 000000000000000000000000000000]
icmp_ln12         (icmp          ) [ 000000000000000000000000000000]
icmp_ln12_1       (icmp          ) [ 000000000000000000000000000000]
or_ln12           (or            ) [ 011111111111111111111111111111]
tmp_2             (fcmp          ) [ 000000000000000000000000000000]
and_ln12          (and           ) [ 000000000000000000000000000000]
xor_ln12          (xor           ) [ 000000000000000000000000000000]
bitcast_ln12_1    (bitcast       ) [ 000000000000000000000000000000]
select_ln12       (select        ) [ 000110000000000000000000000000]
tmp_6             (fcmp          ) [ 011111111111111111111111111111]
bitcast_ln15      (bitcast       ) [ 000000000000000000000000000000]
tmp_3             (partselect    ) [ 000000000000000000000000000000]
trunc_ln15        (trunc         ) [ 000000000000000000000000000000]
icmp_ln15         (icmp          ) [ 000000000000000000000000000000]
icmp_ln15_1       (icmp          ) [ 000000000000000000000000000000]
or_ln15           (or            ) [ 000000000000000000000000000000]
tmp_4             (fcmp          ) [ 000000000000000000000000000000]
and_ln15          (and           ) [ 000000000000000000000000000000]
select_ln15       (select        ) [ 011111111111111111111000000000]
div               (fdiv          ) [ 011110000000000000000111100000]
dc                (fmul          ) [ 010000000000000000000000010000]
data              (bitcast       ) [ 000000000000000000000000000000]
xs_sign           (bitselect     ) [ 001110000000000000000000001110]
xs_exp            (partselect    ) [ 000000000000000000000000000000]
trunc_ln342       (trunc         ) [ 001000000000000000000000001000]
zext_ln317        (zext          ) [ 000000000000000000000000000000]
add_ln317         (add           ) [ 000000000000000000000000000000]
tmp               (bitselect     ) [ 001100000000000000000000001100]
sub_ln18          (sub           ) [ 000000000000000000000000000000]
sext_ln18         (sext          ) [ 000000000000000000000000000000]
select_ln18       (select        ) [ 001000000000000000000000001000]
mantissa          (bitconcatenate) [ 000000000000000000000000000000]
zext_ln15         (zext          ) [ 000100000000000000000000000100]
sext_ln18_1       (sext          ) [ 000000000000000000000000000000]
zext_ln18         (zext          ) [ 000100000000000000000000000100]
lshr_ln18         (lshr          ) [ 000000000000000000000000000000]
tmp_7             (partselect    ) [ 000100000000000000000000000100]
shl_ln18          (shl           ) [ 000000000000000000000000000000]
tmp_8             (partselect    ) [ 000000000000000000000000000000]
val               (select        ) [ 000010000000000000000000000010]
result_2          (sub           ) [ 000000000000000000000000000000]
result            (select        ) [ 000000000000000000000000000000]
zext_ln19         (zext          ) [ 000000000000000000000000000000]
sigmoidLUT_1_addr (getelementptr ) [ 010000000000000000000000000001]
specpipeline_ln17 (specpipeline  ) [ 000000000000000000000000000000]
and_ln19          (and           ) [ 000000000000000000000000000000]
sigmoidLUT_1_load (load          ) [ 000000000000000000000000000000]
bitcast_ln20      (bitcast       ) [ 000000000000000000000000000000]
xor_ln20          (xor           ) [ 000000000000000000000000000000]
bitcast_ln20_1    (bitcast       ) [ 000000000000000000000000000000]
select_ln19       (select        ) [ 000000000000000000000000000000]
ret_ln21          (ret           ) [ 000000000000000000000000000000]
</LifeTime>

<model>

<comp_list>
<comp id="0" class="1000" name="x">
<pin_list>
<pin id="1" dir="1" index="0" bw="1" slack="0"/>
</pin_list>
<bind>
<StgValue><ssdm name="x"/></StgValue>
</bind>
</comp>

<comp id="2" class="1000" name="sigmoidLUT_1">
<pin_list>
<pin id="3" dir="1" index="0" bw="1" slack="0"/>
</pin_list>
<bind>
<StgValue><ssdm name="sigmoidLUT_1"/><MemPortTyVec>1 </MemPortTyVec>
</StgValue>
</bind>
</comp>

<comp id="4" class="1001" name="const_4">
<pin_list>
<pin id="5" dir="1" index="0" bw="1" slack="0"/>
</pin_list>
<bind>
<StgValue><ssdm name="_ssdm_op_Read.ap_auto.float"/></StgValue>
</bind>
</comp>

<comp id="6" class="1001" name="const_6">
<pin_list>
<pin id="7" dir="1" index="0" bw="1" slack="0"/>
</pin_list>
<bind>
<StgValue><ssdm name=""/></StgValue>
</bind>
</comp>

<comp id="8" class="1001" name="const_8">
<pin_list>
<pin id="9" dir="1" index="0" bw="1" slack="0"/>
</pin_list>
<bind>
<StgValue><ssdm name="_ssdm_op_PartSelect.i8.i32.i32.i32"/></StgValue>
</bind>
</comp>

<comp id="10" class="1001" name="const_10">
<pin_list>
<pin id="11" dir="1" index="0" bw="1" slack="0"/>
</pin_list>
<bind>
<StgValue><ssdm name=""/></StgValue>
</bind>
</comp>

<comp id="12" class="1001" name="const_12">
<pin_list>
<pin id="13" dir="1" index="0" bw="1" slack="0"/>
</pin_list>
<bind>
<StgValue><ssdm name=""/></StgValue>
</bind>
</comp>

<comp id="14" class="1001" name="const_14">
<pin_list>
<pin id="15" dir="1" index="0" bw="1" slack="0"/>
</pin_list>
<bind>
<StgValue><ssdm name=""/></StgValue>
</bind>
</comp>

<comp id="16" class="1001" name="const_16">
<pin_list>
<pin id="17" dir="1" index="0" bw="1" slack="0"/>
</pin_list>
<bind>
<StgValue><ssdm name=""/></StgValue>
</bind>
</comp>

<comp id="18" class="1001" name="const_18">
<pin_list>
<pin id="19" dir="1" index="0" bw="1" slack="0"/>
</pin_list>
<bind>
<StgValue><ssdm name=""/></StgValue>
</bind>
</comp>

<comp id="20" class="1001" name="const_20">
<pin_list>
<pin id="21" dir="1" index="0" bw="1" slack="0"/>
</pin_list>
<bind>
<StgValue><ssdm name=""/></StgValue>
</bind>
</comp>

<comp id="22" class="1001" name="const_22">
<pin_list>
<pin id="23" dir="1" index="0" bw="1" slack="0"/>
</pin_list>
<bind>
<StgValue><ssdm name=""/></StgValue>
</bind>
</comp>

<comp id="24" class="1001" name="const_24">
<pin_list>
<pin id="25" dir="1" index="0" bw="1" slack="0"/>
</pin_list>
<bind>
<StgValue><ssdm name="_ssdm_op_BitSelect.i1.i32.i32"/></StgValue>
</bind>
</comp>

<comp id="26" class="1001" name="const_26">
<pin_list>
<pin id="27" dir="1" index="0" bw="1" slack="0"/>
</pin_list>
<bind>
<StgValue><ssdm name=""/></StgValue>
</bind>
</comp>

<comp id="28" class="1001" name="const_28">
<pin_list>
<pin id="29" dir="1" index="0" bw="1" slack="0"/>
</pin_list>
<bind>
<StgValue><ssdm name=""/></StgValue>
</bind>
</comp>

<comp id="30" class="1001" name="const_30">
<pin_list>
<pin id="31" dir="1" index="0" bw="1" slack="0"/>
</pin_list>
<bind>
<StgValue><ssdm name="_ssdm_op_BitSelect.i1.i9.i32"/></StgValue>
</bind>
</comp>

<comp id="32" class="1001" name="const_32">
<pin_list>
<pin id="33" dir="1" index="0" bw="1" slack="0"/>
</pin_list>
<bind>
<StgValue><ssdm name=""/></StgValue>
</bind>
</comp>

<comp id="34" class="1001" name="const_34">
<pin_list>
<pin id="35" dir="1" index="0" bw="1" slack="0"/>
</pin_list>
<bind>
<StgValue><ssdm name=""/></StgValue>
</bind>
</comp>

<comp id="36" class="1001" name="const_36">
<pin_list>
<pin id="37" dir="1" index="0" bw="1" slack="0"/>
</pin_list>
<bind>
<StgValue><ssdm name="_ssdm_op_BitConcatenate.i25.i1.i23.i1"/></StgValue>
</bind>
</comp>

<comp id="38" class="1001" name="const_38">
<pin_list>
<pin id="39" dir="1" index="0" bw="1" slack="0"/>
</pin_list>
<bind>
<StgValue><ssdm name=""/></StgValue>
</bind>
</comp>

<comp id="40" class="1001" name="const_40">
<pin_list>
<pin id="41" dir="1" index="0" bw="1" slack="0"/>
</pin_list>
<bind>
<StgValue><ssdm name=""/></StgValue>
</bind>
</comp>

<comp id="42" class="1001" name="const_42">
<pin_list>
<pin id="43" dir="1" index="0" bw="1" slack="0"/>
</pin_list>
<bind>
<StgValue><ssdm name="_ssdm_op_PartSelect.i8.i79.i32.i32"/></StgValue>
</bind>
</comp>

<comp id="44" class="1001" name="const_44">
<pin_list>
<pin id="45" dir="1" index="0" bw="1" slack="0"/>
</pin_list>
<bind>
<StgValue><ssdm name=""/></StgValue>
</bind>
</comp>

<comp id="46" class="1001" name="const_46">
<pin_list>
<pin id="47" dir="1" index="0" bw="1" slack="0"/>
</pin_list>
<bind>
<StgValue><ssdm name=""/></StgValue>
</bind>
</comp>

<comp id="48" class="1001" name="const_48">
<pin_list>
<pin id="49" dir="1" index="0" bw="1" slack="0"/>
</pin_list>
<bind>
<StgValue><ssdm name=""/></StgValue>
</bind>
</comp>

<comp id="50" class="1001" name="const_50">
<pin_list>
<pin id="51" dir="1" index="0" bw="1" slack="2147483647"/>
</pin_list>
<bind>
<StgValue><ssdm name="_ssdm_op_SpecPipeline"/></StgValue>
</bind>
</comp>

<comp id="52" class="1001" name="const_52">
<pin_list>
<pin id="53" dir="1" index="0" bw="1" slack="2147483647"/>
</pin_list>
<bind>
<StgValue><ssdm name=""/></StgValue>
</bind>
</comp>

<comp id="54" class="1001" name="const_54">
<pin_list>
<pin id="55" dir="1" index="0" bw="1" slack="2147483647"/>
</pin_list>
<bind>
<StgValue><ssdm name=""/></StgValue>
</bind>
</comp>

<comp id="56" class="1001" name="const_56">
<pin_list>
<pin id="57" dir="1" index="0" bw="1" slack="2147483647"/>
</pin_list>
<bind>
<StgValue><ssdm name="empty_0"/></StgValue>
</bind>
</comp>

<comp id="58" class="1004" name="x_read_read_fu_58">
<pin_list>
<pin id="59" dir="0" index="0" bw="32" slack="0"/>
<pin id="60" dir="0" index="1" bw="32" slack="0"/>
<pin id="61" dir="1" index="2" bw="32" slack="0"/>
</pin_list>
<bind>
<opcode="read(1150) " fcode="read"/>
<opset="x_read/1 "/>
</bind>
</comp>

<comp id="64" class="1004" name="sigmoidLUT_1_addr_gep_fu_64">
<pin_list>
<pin id="65" dir="0" index="0" bw="32" slack="0"/>
<pin id="66" dir="0" index="1" bw="1" slack="0"/>
<pin id="67" dir="0" index="2" bw="8" slack="0"/>
<pin id="68" dir="1" index="3" bw="8" slack="0"/>
</pin_list>
<bind>
<opcode="getelementptr(29) " fcode="getelementptr"/>
<opset="sigmoidLUT_1_addr/28 "/>
</bind>
</comp>

<comp id="71" class="1004" name="grp_access_fu_71">
<pin_list>
<pin id="72" dir="0" index="0" bw="8" slack="0"/>
<pin id="73" dir="0" index="1" bw="32" slack="2147483647"/>
<pin id="74" dir="0" index="2" bw="0" slack="2147483647"/>
<pin id="75" dir="1" index="3" bw="32" slack="0"/>
</pin_list>
<bind>
<opcode="load(27) " fcode="load"/>
<opset="sigmoidLUT_1_load/28 "/>
</bind>
</comp>

<comp id="77" class="1004" name="grp_fu_77">
<pin_list>
<pin id="78" dir="0" index="0" bw="32" slack="1"/>
<pin id="79" dir="0" index="1" bw="32" slack="0"/>
<pin id="80" dir="1" index="2" bw="32" slack="1"/>
</pin_list>
<bind>
<opcode="fmul(13) " fcode="fmul"/>
<opset="dc/21 "/>
</bind>
</comp>

<comp id="82" class="1004" name="grp_fu_82">
<pin_list>
<pin id="83" dir="0" index="0" bw="32" slack="1"/>
<pin id="84" dir="0" index="1" bw="32" slack="0"/>
<pin id="85" dir="1" index="2" bw="32" slack="1"/>
</pin_list>
<bind>
<opcode="fdiv(16) " fcode="fdiv"/>
<opset="div/5 "/>
</bind>
</comp>

<comp id="87" class="1004" name="grp_fu_87">
<pin_list>
<pin id="88" dir="0" index="0" bw="32" slack="0"/>
<pin id="89" dir="0" index="1" bw="32" slack="0"/>
<pin id="90" dir="1" index="2" bw="1" slack="0"/>
</pin_list>
<bind>
<opcode="fcmp(46) " fcode="fcmp"/>
<opset="tmp_2/1 tmp_6/2 tmp_4/3 "/>
</bind>
</comp>

<comp id="94" class="1004" name="bitcast_ln12_fu_94">
<pin_list>
<pin id="95" dir="0" index="0" bw="32" slack="1"/>
<pin id="96" dir="1" index="1" bw="32" slack="0"/>
</pin_list>
<bind>
<opcode="bitcast(44) " fcode="bitcast"/>
<opset="bitcast_ln12/2 "/>
</bind>
</comp>

<comp id="97" class="1004" name="tmp_1_fu_97">
<pin_list>
<pin id="98" dir="0" index="0" bw="8" slack="0"/>
<pin id="99" dir="0" index="1" bw="32" slack="0"/>
<pin id="100" dir="0" index="2" bw="6" slack="0"/>
<pin id="101" dir="0" index="3" bw="6" slack="0"/>
<pin id="102" dir="1" index="4" bw="8" slack="0"/>
</pin_list>
<bind>
<opcode="partselect(1002) " fcode="partselect"/>
<opset="tmp_1/2 "/>
</bind>
</comp>

<comp id="107" class="1004" name="trunc_ln12_fu_107">
<pin_list>
<pin id="108" dir="0" index="0" bw="32" slack="0"/>
<pin id="109" dir="1" index="1" bw="23" slack="0"/>
</pin_list>
<bind>
<opcode="trunc(33) " fcode="trunc"/>
<opset="trunc_ln12/2 "/>
</bind>
</comp>

<comp id="111" class="1004" name="icmp_ln12_fu_111">
<pin_list>
<pin id="112" dir="0" index="0" bw="8" slack="0"/>
<pin id="113" dir="0" index="1" bw="8" slack="0"/>
<pin id="114" dir="1" index="2" bw="1" slack="0"/>
</pin_list>
<bind>
<opcode="icmp(45) " fcode="icmp"/>
<opset="icmp_ln12/2 "/>
</bind>
</comp>

<comp id="117" class="1004" name="icmp_ln12_1_fu_117">
<pin_list>
<pin id="118" dir="0" index="0" bw="23" slack="0"/>
<pin id="119" dir="0" index="1" bw="23" slack="0"/>
<pin id="120" dir="1" index="2" bw="1" slack="0"/>
</pin_list>
<bind>
<opcode="icmp(45) " fcode="icmp"/>
<opset="icmp_ln12_1/2 "/>
</bind>
</comp>

<comp id="123" class="1004" name="or_ln12_fu_123">
<pin_list>
<pin id="124" dir="0" index="0" bw="1" slack="0"/>
<pin id="125" dir="0" index="1" bw="1" slack="0"/>
<pin id="126" dir="1" index="2" bw="1" slack="0"/>
</pin_list>
<bind>
<opcode="or(24) " fcode="or"/>
<opset="or_ln12/2 "/>
</bind>
</comp>

<comp id="129" class="1004" name="and_ln12_fu_129">
<pin_list>
<pin id="130" dir="0" index="0" bw="1" slack="0"/>
<pin id="131" dir="0" index="1" bw="1" slack="0"/>
<pin id="132" dir="1" index="2" bw="1" slack="0"/>
</pin_list>
<bind>
<opcode="and(23) " fcode="and"/>
<opset="and_ln12/2 "/>
</bind>
</comp>

<comp id="135" class="1004" name="xor_ln12_fu_135">
<pin_list>
<pin id="136" dir="0" index="0" bw="32" slack="0"/>
<pin id="137" dir="0" index="1" bw="32" slack="0"/>
<pin id="138" dir="1" index="2" bw="32" slack="0"/>
</pin_list>
<bind>
<opcode="xor(25) " fcode="xor"/>
<opset="xor_ln12/2 "/>
</bind>
</comp>

<comp id="141" class="1004" name="bitcast_ln12_1_fu_141">
<pin_list>
<pin id="142" dir="0" index="0" bw="32" slack="0"/>
<pin id="143" dir="1" index="1" bw="32" slack="0"/>
</pin_list>
<bind>
<opcode="bitcast(44) " fcode="bitcast"/>
<opset="bitcast_ln12_1/2 "/>
</bind>
</comp>

<comp id="145" class="1004" name="select_ln12_fu_145">
<pin_list>
<pin id="146" dir="0" index="0" bw="1" slack="0"/>
<pin id="147" dir="0" index="1" bw="32" slack="0"/>
<pin id="148" dir="0" index="2" bw="32" slack="1"/>
<pin id="149" dir="1" index="3" bw="32" slack="1"/>
</pin_list>
<bind>
<opcode="select(49) " fcode="select"/>
<opset="select_ln12/2 "/>
</bind>
</comp>

<comp id="152" class="1004" name="bitcast_ln15_fu_152">
<pin_list>
<pin id="153" dir="0" index="0" bw="32" slack="2"/>
<pin id="154" dir="1" index="1" bw="32" slack="0"/>
</pin_list>
<bind>
<opcode="bitcast(44) " fcode="bitcast"/>
<opset="bitcast_ln15/4 "/>
</bind>
</comp>

<comp id="155" class="1004" name="tmp_3_fu_155">
<pin_list>
<pin id="156" dir="0" index="0" bw="8" slack="0"/>
<pin id="157" dir="0" index="1" bw="32" slack="0"/>
<pin id="158" dir="0" index="2" bw="6" slack="0"/>
<pin id="159" dir="0" index="3" bw="6" slack="0"/>
<pin id="160" dir="1" index="4" bw="8" slack="0"/>
</pin_list>
<bind>
<opcode="partselect(1002) " fcode="partselect"/>
<opset="tmp_3/4 "/>
</bind>
</comp>

<comp id="165" class="1004" name="trunc_ln15_fu_165">
<pin_list>
<pin id="166" dir="0" index="0" bw="32" slack="0"/>
<pin id="167" dir="1" index="1" bw="23" slack="0"/>
</pin_list>
<bind>
<opcode="trunc(33) " fcode="trunc"/>
<opset="trunc_ln15/4 "/>
</bind>
</comp>

<comp id="169" class="1004" name="icmp_ln15_fu_169">
<pin_list>
<pin id="170" dir="0" index="0" bw="8" slack="0"/>
<pin id="171" dir="0" index="1" bw="8" slack="0"/>
<pin id="172" dir="1" index="2" bw="1" slack="0"/>
</pin_list>
<bind>
<opcode="icmp(45) " fcode="icmp"/>
<opset="icmp_ln15/4 "/>
</bind>
</comp>

<comp id="175" class="1004" name="icmp_ln15_1_fu_175">
<pin_list>
<pin id="176" dir="0" index="0" bw="23" slack="0"/>
<pin id="177" dir="0" index="1" bw="23" slack="0"/>
<pin id="178" dir="1" index="2" bw="1" slack="0"/>
</pin_list>
<bind>
<opcode="icmp(45) " fcode="icmp"/>
<opset="icmp_ln15_1/4 "/>
</bind>
</comp>

<comp id="181" class="1004" name="or_ln15_fu_181">
<pin_list>
<pin id="182" dir="0" index="0" bw="1" slack="0"/>
<pin id="183" dir="0" index="1" bw="1" slack="0"/>
<pin id="184" dir="1" index="2" bw="1" slack="0"/>
</pin_list>
<bind>
<opcode="or(24) " fcode="or"/>
<opset="or_ln15/4 "/>
</bind>
</comp>

<comp id="187" class="1004" name="and_ln15_fu_187">
<pin_list>
<pin id="188" dir="0" index="0" bw="1" slack="0"/>
<pin id="189" dir="0" index="1" bw="1" slack="0"/>
<pin id="190" dir="1" index="2" bw="1" slack="0"/>
</pin_list>
<bind>
<opcode="and(23) " fcode="and"/>
<opset="and_ln15/4 "/>
</bind>
</comp>

<comp id="193" class="1004" name="select_ln15_fu_193">
<pin_list>
<pin id="194" dir="0" index="0" bw="1" slack="0"/>
<pin id="195" dir="0" index="1" bw="32" slack="0"/>
<pin id="196" dir="0" index="2" bw="32" slack="2"/>
<pin id="197" dir="1" index="3" bw="32" slack="1"/>
</pin_list>
<bind>
<opcode="select(49) " fcode="select"/>
<opset="select_ln15/4 "/>
</bind>
</comp>

<comp id="200" class="1004" name="data_fu_200">
<pin_list>
<pin id="201" dir="0" index="0" bw="32" slack="1"/>
<pin id="202" dir="1" index="1" bw="32" slack="0"/>
</pin_list>
<bind>
<opcode="bitcast(44) " fcode="bitcast"/>
<opset="data/25 "/>
</bind>
</comp>

<comp id="203" class="1004" name="xs_sign_fu_203">
<pin_list>
<pin id="204" dir="0" index="0" bw="1" slack="0"/>
<pin id="205" dir="0" index="1" bw="32" slack="0"/>
<pin id="206" dir="0" index="2" bw="6" slack="0"/>
<pin id="207" dir="1" index="3" bw="1" slack="3"/>
</pin_list>
<bind>
<opcode="bitselect(1000) " fcode="bitselect"/>
<opset="xs_sign/25 "/>
</bind>
</comp>

<comp id="211" class="1004" name="xs_exp_fu_211">
<pin_list>
<pin id="212" dir="0" index="0" bw="8" slack="0"/>
<pin id="213" dir="0" index="1" bw="32" slack="0"/>
<pin id="214" dir="0" index="2" bw="6" slack="0"/>
<pin id="215" dir="0" index="3" bw="6" slack="0"/>
<pin id="216" dir="1" index="4" bw="8" slack="0"/>
</pin_list>
<bind>
<opcode="partselect(1002) " fcode="partselect"/>
<opset="xs_exp/25 "/>
</bind>
</comp>

<comp id="221" class="1004" name="trunc_ln342_fu_221">
<pin_list>
<pin id="222" dir="0" index="0" bw="32" slack="0"/>
<pin id="223" dir="1" index="1" bw="23" slack="1"/>
</pin_list>
<bind>
<opcode="trunc(33) " fcode="trunc"/>
<opset="trunc_ln342/25 "/>
</bind>
</comp>

<comp id="225" class="1004" name="zext_ln317_fu_225">
<pin_list>
<pin id="226" dir="0" index="0" bw="8" slack="0"/>
<pin id="227" dir="1" index="1" bw="9" slack="0"/>
</pin_list>
<bind>
<opcode="zext(34) " fcode="zext"/>
<opset="zext_ln317/25 "/>
</bind>
</comp>

<comp id="229" class="1004" name="add_ln317_fu_229">
<pin_list>
<pin id="230" dir="0" index="0" bw="8" slack="0"/>
<pin id="231" dir="0" index="1" bw="8" slack="0"/>
<pin id="232" dir="1" index="2" bw="9" slack="0"/>
</pin_list>
<bind>
<opcode="add(8) " fcode="add"/>
<opset="add_ln317/25 "/>
</bind>
</comp>

<comp id="235" class="1004" name="tmp_fu_235">
<pin_list>
<pin id="236" dir="0" index="0" bw="1" slack="0"/>
<pin id="237" dir="0" index="1" bw="9" slack="0"/>
<pin id="238" dir="0" index="2" bw="5" slack="0"/>
<pin id="239" dir="1" index="3" bw="1" slack="0"/>
</pin_list>
<bind>
<opcode="bitselect(1000) " fcode="bitselect"/>
<opset="tmp/25 "/>
</bind>
</comp>

<comp id="243" class="1004" name="sub_ln18_fu_243">
<pin_list>
<pin id="244" dir="0" index="0" bw="8" slack="0"/>
<pin id="245" dir="0" index="1" bw="8" slack="0"/>
<pin id="246" dir="1" index="2" bw="8" slack="0"/>
</pin_list>
<bind>
<opcode="sub(10) " fcode="sub"/>
<opset="sub_ln18/25 "/>
</bind>
</comp>

<comp id="249" class="1004" name="sext_ln18_fu_249">
<pin_list>
<pin id="250" dir="0" index="0" bw="8" slack="0"/>
<pin id="251" dir="1" index="1" bw="9" slack="0"/>
</pin_list>
<bind>
<opcode="sext(35) " fcode="sext"/>
<opset="sext_ln18/25 "/>
</bind>
</comp>

<comp id="253" class="1004" name="select_ln18_fu_253">
<pin_list>
<pin id="254" dir="0" index="0" bw="1" slack="0"/>
<pin id="255" dir="0" index="1" bw="9" slack="0"/>
<pin id="256" dir="0" index="2" bw="9" slack="0"/>
<pin id="257" dir="1" index="3" bw="9" slack="1"/>
</pin_list>
<bind>
<opcode="select(49) " fcode="select"/>
<opset="select_ln18/25 "/>
</bind>
</comp>

<comp id="261" class="1004" name="mantissa_fu_261">
<pin_list>
<pin id="262" dir="0" index="0" bw="25" slack="0"/>
<pin id="263" dir="0" index="1" bw="1" slack="0"/>
<pin id="264" dir="0" index="2" bw="23" slack="1"/>
<pin id="265" dir="0" index="3" bw="1" slack="0"/>
<pin id="266" dir="1" index="4" bw="25" slack="0"/>
</pin_list>
<bind>
<opcode="bitconcatenate(1004) " fcode="bitconcatenate"/>
<opset="mantissa/26 "/>
</bind>
</comp>

<comp id="270" class="1004" name="zext_ln15_fu_270">
<pin_list>
<pin id="271" dir="0" index="0" bw="25" slack="0"/>
<pin id="272" dir="1" index="1" bw="79" slack="0"/>
</pin_list>
<bind>
<opcode="zext(34) " fcode="zext"/>
<opset="zext_ln15/26 "/>
</bind>
</comp>

<comp id="274" class="1004" name="sext_ln18_1_fu_274">
<pin_list>
<pin id="275" dir="0" index="0" bw="9" slack="1"/>
<pin id="276" dir="1" index="1" bw="32" slack="0"/>
</pin_list>
<bind>
<opcode="sext(35) " fcode="sext"/>
<opset="sext_ln18_1/26 "/>
</bind>
</comp>

<comp id="277" class="1004" name="zext_ln18_fu_277">
<pin_list>
<pin id="278" dir="0" index="0" bw="9" slack="0"/>
<pin id="279" dir="1" index="1" bw="79" slack="0"/>
</pin_list>
<bind>
<opcode="zext(34) " fcode="zext"/>
<opset="zext_ln18/26 "/>
</bind>
</comp>

<comp id="281" class="1004" name="lshr_ln18_fu_281">
<pin_list>
<pin id="282" dir="0" index="0" bw="25" slack="0"/>
<pin id="283" dir="0" index="1" bw="32" slack="0"/>
<pin id="284" dir="1" index="2" bw="79" slack="0"/>
</pin_list>
<bind>
<opcode="lshr(21) " fcode="lshr"/>
<opset="lshr_ln18/26 "/>
</bind>
</comp>

<comp id="287" class="1004" name="tmp_7_fu_287">
<pin_list>
<pin id="288" dir="0" index="0" bw="8" slack="0"/>
<pin id="289" dir="0" index="1" bw="79" slack="0"/>
<pin id="290" dir="0" index="2" bw="6" slack="0"/>
<pin id="291" dir="0" index="3" bw="6" slack="0"/>
<pin id="292" dir="1" index="4" bw="8" slack="1"/>
</pin_list>
<bind>
<opcode="partselect(1002) " fcode="partselect"/>
<opset="tmp_7/26 "/>
</bind>
</comp>

<comp id="297" class="1004" name="shl_ln18_fu_297">
<pin_list>
<pin id="298" dir="0" index="0" bw="25" slack="1"/>
<pin id="299" dir="0" index="1" bw="32" slack="1"/>
<pin id="300" dir="1" index="2" bw="79" slack="0"/>
</pin_list>
<bind>
<opcode="shl(20) " fcode="shl"/>
<opset="shl_ln18/27 "/>
</bind>
</comp>

<comp id="301" class="1004" name="tmp_8_fu_301">
<pin_list>
<pin id="302" dir="0" index="0" bw="8" slack="0"/>
<pin id="303" dir="0" index="1" bw="79" slack="0"/>
<pin id="304" dir="0" index="2" bw="6" slack="0"/>
<pin id="305" dir="0" index="3" bw="6" slack="0"/>
<pin id="306" dir="1" index="4" bw="8" slack="0"/>
</pin_list>
<bind>
<opcode="partselect(1002) " fcode="partselect"/>
<opset="tmp_8/27 "/>
</bind>
</comp>

<comp id="311" class="1004" name="val_fu_311">
<pin_list>
<pin id="312" dir="0" index="0" bw="1" slack="2"/>
<pin id="313" dir="0" index="1" bw="8" slack="1"/>
<pin id="314" dir="0" index="2" bw="8" slack="0"/>
<pin id="315" dir="1" index="3" bw="8" slack="1"/>
</pin_list>
<bind>
<opcode="select(49) " fcode="select"/>
<opset="val/27 "/>
</bind>
</comp>

<comp id="317" class="1004" name="result_2_fu_317">
<pin_list>
<pin id="318" dir="0" index="0" bw="1" slack="0"/>
<pin id="319" dir="0" index="1" bw="8" slack="1"/>
<pin id="320" dir="1" index="2" bw="8" slack="0"/>
</pin_list>
<bind>
<opcode="sub(10) " fcode="sub"/>
<opset="result_2/28 "/>
</bind>
</comp>

<comp id="322" class="1004" name="result_fu_322">
<pin_list>
<pin id="323" dir="0" index="0" bw="1" slack="3"/>
<pin id="324" dir="0" index="1" bw="8" slack="0"/>
<pin id="325" dir="0" index="2" bw="8" slack="1"/>
<pin id="326" dir="1" index="3" bw="8" slack="0"/>
</pin_list>
<bind>
<opcode="select(49) " fcode="select"/>
<opset="result/28 "/>
</bind>
</comp>

<comp id="328" class="1004" name="zext_ln19_fu_328">
<pin_list>
<pin id="329" dir="0" index="0" bw="8" slack="0"/>
<pin id="330" dir="1" index="1" bw="64" slack="0"/>
</pin_list>
<bind>
<opcode="zext(34) " fcode="zext"/>
<opset="zext_ln19/28 "/>
</bind>
</comp>

<comp id="333" class="1004" name="and_ln19_fu_333">
<pin_list>
<pin id="334" dir="0" index="0" bw="1" slack="27"/>
<pin id="335" dir="0" index="1" bw="1" slack="26"/>
<pin id="336" dir="1" index="2" bw="1" slack="0"/>
</pin_list>
<bind>
<opcode="and(23) " fcode="and"/>
<opset="and_ln19/29 "/>
</bind>
</comp>

<comp id="337" class="1004" name="bitcast_ln20_fu_337">
<pin_list>
<pin id="338" dir="0" index="0" bw="32" slack="0"/>
<pin id="339" dir="1" index="1" bw="32" slack="0"/>
</pin_list>
<bind>
<opcode="bitcast(44) " fcode="bitcast"/>
<opset="bitcast_ln20/29 "/>
</bind>
</comp>

<comp id="341" class="1004" name="xor_ln20_fu_341">
<pin_list>
<pin id="342" dir="0" index="0" bw="32" slack="0"/>
<pin id="343" dir="0" index="1" bw="32" slack="0"/>
<pin id="344" dir="1" index="2" bw="32" slack="0"/>
</pin_list>
<bind>
<opcode="xor(25) " fcode="xor"/>
<opset="xor_ln20/29 "/>
</bind>
</comp>

<comp id="347" class="1004" name="bitcast_ln20_1_fu_347">
<pin_list>
<pin id="348" dir="0" index="0" bw="32" slack="0"/>
<pin id="349" dir="1" index="1" bw="32" slack="0"/>
</pin_list>
<bind>
<opcode="bitcast(44) " fcode="bitcast"/>
<opset="bitcast_ln20_1/29 "/>
</bind>
</comp>

<comp id="351" class="1004" name="select_ln19_fu_351">
<pin_list>
<pin id="352" dir="0" index="0" bw="1" slack="0"/>
<pin id="353" dir="0" index="1" bw="32" slack="0"/>
<pin id="354" dir="0" index="2" bw="32" slack="0"/>
<pin id="355" dir="1" index="3" bw="32" slack="2147483647"/>
</pin_list>
<bind>
<opcode="select(49) " fcode="select"/>
<opset="select_ln19/29 "/>
</bind>
</comp>

<comp id="359" class="1005" name="x_read_reg_359">
<pin_list>
<pin id="360" dir="0" index="0" bw="32" slack="1"/>
<pin id="361" dir="1" index="1" bw="32" slack="1"/>
</pin_list>
<bind>
<opset="x_read "/>
</bind>
</comp>

<comp id="366" class="1005" name="or_ln12_reg_366">
<pin_list>
<pin id="367" dir="0" index="0" bw="1" slack="27"/>
<pin id="368" dir="1" index="1" bw="1" slack="27"/>
</pin_list>
<bind>
<opset="or_ln12 "/>
</bind>
</comp>

<comp id="371" class="1005" name="select_ln12_reg_371">
<pin_list>
<pin id="372" dir="0" index="0" bw="32" slack="1"/>
<pin id="373" dir="1" index="1" bw="32" slack="1"/>
</pin_list>
<bind>
<opset="select_ln12 "/>
</bind>
</comp>

<comp id="378" class="1005" name="tmp_6_reg_378">
<pin_list>
<pin id="379" dir="0" index="0" bw="1" slack="26"/>
<pin id="380" dir="1" index="1" bw="1" slack="26"/>
</pin_list>
<bind>
<opset="tmp_6 "/>
</bind>
</comp>

<comp id="383" class="1005" name="select_ln15_reg_383">
<pin_list>
<pin id="384" dir="0" index="0" bw="32" slack="1"/>
<pin id="385" dir="1" index="1" bw="32" slack="1"/>
</pin_list>
<bind>
<opset="select_ln15 "/>
</bind>
</comp>

<comp id="388" class="1005" name="div_reg_388">
<pin_list>
<pin id="389" dir="0" index="0" bw="32" slack="1"/>
<pin id="390" dir="1" index="1" bw="32" slack="1"/>
</pin_list>
<bind>
<opset="div "/>
</bind>
</comp>

<comp id="393" class="1005" name="dc_reg_393">
<pin_list>
<pin id="394" dir="0" index="0" bw="32" slack="1"/>
<pin id="395" dir="1" index="1" bw="32" slack="1"/>
</pin_list>
<bind>
<opset="dc "/>
</bind>
</comp>

<comp id="398" class="1005" name="xs_sign_reg_398">
<pin_list>
<pin id="399" dir="0" index="0" bw="1" slack="3"/>
<pin id="400" dir="1" index="1" bw="1" slack="3"/>
</pin_list>
<bind>
<opset="xs_sign "/>
</bind>
</comp>

<comp id="403" class="1005" name="trunc_ln342_reg_403">
<pin_list>
<pin id="404" dir="0" index="0" bw="23" slack="1"/>
<pin id="405" dir="1" index="1" bw="23" slack="1"/>
</pin_list>
<bind>
<opset="trunc_ln342 "/>
</bind>
</comp>

<comp id="408" class="1005" name="tmp_reg_408">
<pin_list>
<pin id="409" dir="0" index="0" bw="1" slack="1"/>
<pin id="410" dir="1" index="1" bw="1" slack="2"/>
</pin_list>
<bind>
<opset="tmp "/>
</bind>
</comp>

<comp id="413" class="1005" name="select_ln18_reg_413">
<pin_list>
<pin id="414" dir="0" index="0" bw="9" slack="1"/>
<pin id="415" dir="1" index="1" bw="9" slack="1"/>
</pin_list>
<bind>
<opset="select_ln18 "/>
</bind>
</comp>

<comp id="418" class="1005" name="zext_ln15_reg_418">
<pin_list>
<pin id="419" dir="0" index="0" bw="79" slack="1"/>
<pin id="420" dir="1" index="1" bw="79" slack="1"/>
</pin_list>
<bind>
<opset="zext_ln15 "/>
</bind>
</comp>

<comp id="423" class="1005" name="zext_ln18_reg_423">
<pin_list>
<pin id="424" dir="0" index="0" bw="79" slack="1"/>
<pin id="425" dir="1" index="1" bw="79" slack="1"/>
</pin_list>
<bind>
<opset="zext_ln18 "/>
</bind>
</comp>

<comp id="428" class="1005" name="tmp_7_reg_428">
<pin_list>
<pin id="429" dir="0" index="0" bw="8" slack="1"/>
<pin id="430" dir="1" index="1" bw="8" slack="1"/>
</pin_list>
<bind>
<opset="tmp_7 "/>
</bind>
</comp>

<comp id="433" class="1005" name="val_reg_433">
<pin_list>
<pin id="434" dir="0" index="0" bw="8" slack="1"/>
<pin id="435" dir="1" index="1" bw="8" slack="1"/>
</pin_list>
<bind>
<opset="val "/>
</bind>
</comp>

<comp id="439" class="1005" name="sigmoidLUT_1_addr_reg_439">
<pin_list>
<pin id="440" dir="0" index="0" bw="8" slack="1"/>
<pin id="441" dir="1" index="1" bw="8" slack="1"/>
</pin_list>
<bind>
<opset="sigmoidLUT_1_addr "/>
</bind>
</comp>

</comp_list>

<net_list>
<net id="62"><net_src comp="4" pin="0"/><net_sink comp="58" pin=0"/></net>

<net id="63"><net_src comp="0" pin="0"/><net_sink comp="58" pin=1"/></net>

<net id="69"><net_src comp="2" pin="0"/><net_sink comp="64" pin=0"/></net>

<net id="70"><net_src comp="48" pin="0"/><net_sink comp="64" pin=1"/></net>

<net id="76"><net_src comp="64" pin="3"/><net_sink comp="71" pin=0"/></net>

<net id="81"><net_src comp="22" pin="0"/><net_sink comp="77" pin=1"/></net>

<net id="86"><net_src comp="20" pin="0"/><net_sink comp="82" pin=1"/></net>

<net id="91"><net_src comp="58" pin="2"/><net_sink comp="87" pin=0"/></net>

<net id="92"><net_src comp="6" pin="0"/><net_sink comp="87" pin=1"/></net>

<net id="93"><net_src comp="20" pin="0"/><net_sink comp="87" pin=1"/></net>

<net id="103"><net_src comp="8" pin="0"/><net_sink comp="97" pin=0"/></net>

<net id="104"><net_src comp="94" pin="1"/><net_sink comp="97" pin=1"/></net>

<net id="105"><net_src comp="10" pin="0"/><net_sink comp="97" pin=2"/></net>

<net id="106"><net_src comp="12" pin="0"/><net_sink comp="97" pin=3"/></net>

<net id="110"><net_src comp="94" pin="1"/><net_sink comp="107" pin=0"/></net>

<net id="115"><net_src comp="97" pin="4"/><net_sink comp="111" pin=0"/></net>

<net id="116"><net_src comp="14" pin="0"/><net_sink comp="111" pin=1"/></net>

<net id="121"><net_src comp="107" pin="1"/><net_sink comp="117" pin=0"/></net>

<net id="122"><net_src comp="16" pin="0"/><net_sink comp="117" pin=1"/></net>

<net id="127"><net_src comp="117" pin="2"/><net_sink comp="123" pin=0"/></net>

<net id="128"><net_src comp="111" pin="2"/><net_sink comp="123" pin=1"/></net>

<net id="133"><net_src comp="123" pin="2"/><net_sink comp="129" pin=0"/></net>

<net id="134"><net_src comp="87" pin="2"/><net_sink comp="129" pin=1"/></net>

<net id="139"><net_src comp="94" pin="1"/><net_sink comp="135" pin=0"/></net>

<net id="140"><net_src comp="18" pin="0"/><net_sink comp="135" pin=1"/></net>

<net id="144"><net_src comp="135" pin="2"/><net_sink comp="141" pin=0"/></net>

<net id="150"><net_src comp="129" pin="2"/><net_sink comp="145" pin=0"/></net>

<net id="151"><net_src comp="141" pin="1"/><net_sink comp="145" pin=1"/></net>

<net id="161"><net_src comp="8" pin="0"/><net_sink comp="155" pin=0"/></net>

<net id="162"><net_src comp="152" pin="1"/><net_sink comp="155" pin=1"/></net>

<net id="163"><net_src comp="10" pin="0"/><net_sink comp="155" pin=2"/></net>

<net id="164"><net_src comp="12" pin="0"/><net_sink comp="155" pin=3"/></net>

<net id="168"><net_src comp="152" pin="1"/><net_sink comp="165" pin=0"/></net>

<net id="173"><net_src comp="155" pin="4"/><net_sink comp="169" pin=0"/></net>

<net id="174"><net_src comp="14" pin="0"/><net_sink comp="169" pin=1"/></net>

<net id="179"><net_src comp="165" pin="1"/><net_sink comp="175" pin=0"/></net>

<net id="180"><net_src comp="16" pin="0"/><net_sink comp="175" pin=1"/></net>

<net id="185"><net_src comp="175" pin="2"/><net_sink comp="181" pin=0"/></net>

<net id="186"><net_src comp="169" pin="2"/><net_sink comp="181" pin=1"/></net>

<net id="191"><net_src comp="181" pin="2"/><net_sink comp="187" pin=0"/></net>

<net id="192"><net_src comp="87" pin="2"/><net_sink comp="187" pin=1"/></net>

<net id="198"><net_src comp="187" pin="2"/><net_sink comp="193" pin=0"/></net>

<net id="199"><net_src comp="20" pin="0"/><net_sink comp="193" pin=1"/></net>

<net id="208"><net_src comp="24" pin="0"/><net_sink comp="203" pin=0"/></net>

<net id="209"><net_src comp="200" pin="1"/><net_sink comp="203" pin=1"/></net>

<net id="210"><net_src comp="26" pin="0"/><net_sink comp="203" pin=2"/></net>

<net id="217"><net_src comp="8" pin="0"/><net_sink comp="211" pin=0"/></net>

<net id="218"><net_src comp="200" pin="1"/><net_sink comp="211" pin=1"/></net>

<net id="219"><net_src comp="10" pin="0"/><net_sink comp="211" pin=2"/></net>

<net id="220"><net_src comp="12" pin="0"/><net_sink comp="211" pin=3"/></net>

<net id="224"><net_src comp="200" pin="1"/><net_sink comp="221" pin=0"/></net>

<net id="228"><net_src comp="211" pin="4"/><net_sink comp="225" pin=0"/></net>

<net id="233"><net_src comp="225" pin="1"/><net_sink comp="229" pin=0"/></net>

<net id="234"><net_src comp="28" pin="0"/><net_sink comp="229" pin=1"/></net>

<net id="240"><net_src comp="30" pin="0"/><net_sink comp="235" pin=0"/></net>

<net id="241"><net_src comp="229" pin="2"/><net_sink comp="235" pin=1"/></net>

<net id="242"><net_src comp="32" pin="0"/><net_sink comp="235" pin=2"/></net>

<net id="247"><net_src comp="34" pin="0"/><net_sink comp="243" pin=0"/></net>

<net id="248"><net_src comp="211" pin="4"/><net_sink comp="243" pin=1"/></net>

<net id="252"><net_src comp="243" pin="2"/><net_sink comp="249" pin=0"/></net>

<net id="258"><net_src comp="235" pin="3"/><net_sink comp="253" pin=0"/></net>

<net id="259"><net_src comp="249" pin="1"/><net_sink comp="253" pin=1"/></net>

<net id="260"><net_src comp="229" pin="2"/><net_sink comp="253" pin=2"/></net>

<net id="267"><net_src comp="36" pin="0"/><net_sink comp="261" pin=0"/></net>

<net id="268"><net_src comp="38" pin="0"/><net_sink comp="261" pin=1"/></net>

<net id="269"><net_src comp="40" pin="0"/><net_sink comp="261" pin=3"/></net>

<net id="273"><net_src comp="261" pin="4"/><net_sink comp="270" pin=0"/></net>

<net id="280"><net_src comp="274" pin="1"/><net_sink comp="277" pin=0"/></net>

<net id="285"><net_src comp="270" pin="1"/><net_sink comp="281" pin=0"/></net>

<net id="286"><net_src comp="277" pin="1"/><net_sink comp="281" pin=1"/></net>

<net id="293"><net_src comp="42" pin="0"/><net_sink comp="287" pin=0"/></net>

<net id="294"><net_src comp="281" pin="2"/><net_sink comp="287" pin=1"/></net>

<net id="295"><net_src comp="44" pin="0"/><net_sink comp="287" pin=2"/></net>

<net id="296"><net_src comp="26" pin="0"/><net_sink comp="287" pin=3"/></net>

<net id="307"><net_src comp="42" pin="0"/><net_sink comp="301" pin=0"/></net>

<net id="308"><net_src comp="297" pin="2"/><net_sink comp="301" pin=1"/></net>

<net id="309"><net_src comp="44" pin="0"/><net_sink comp="301" pin=2"/></net>

<net id="310"><net_src comp="26" pin="0"/><net_sink comp="301" pin=3"/></net>

<net id="316"><net_src comp="301" pin="4"/><net_sink comp="311" pin=2"/></net>

<net id="321"><net_src comp="46" pin="0"/><net_sink comp="317" pin=0"/></net>

<net id="327"><net_src comp="317" pin="2"/><net_sink comp="322" pin=1"/></net>

<net id="331"><net_src comp="322" pin="3"/><net_sink comp="328" pin=0"/></net>

<net id="332"><net_src comp="328" pin="1"/><net_sink comp="64" pin=2"/></net>

<net id="340"><net_src comp="71" pin="3"/><net_sink comp="337" pin=0"/></net>

<net id="345"><net_src comp="337" pin="1"/><net_sink comp="341" pin=0"/></net>

<net id="346"><net_src comp="18" pin="0"/><net_sink comp="341" pin=1"/></net>

<net id="350"><net_src comp="341" pin="2"/><net_sink comp="347" pin=0"/></net>

<net id="356"><net_src comp="333" pin="2"/><net_sink comp="351" pin=0"/></net>

<net id="357"><net_src comp="71" pin="3"/><net_sink comp="351" pin=1"/></net>

<net id="358"><net_src comp="347" pin="1"/><net_sink comp="351" pin=2"/></net>

<net id="362"><net_src comp="58" pin="2"/><net_sink comp="359" pin=0"/></net>

<net id="363"><net_src comp="359" pin="1"/><net_sink comp="94" pin=0"/></net>

<net id="364"><net_src comp="359" pin="1"/><net_sink comp="87" pin=0"/></net>

<net id="365"><net_src comp="359" pin="1"/><net_sink comp="145" pin=2"/></net>

<net id="369"><net_src comp="123" pin="2"/><net_sink comp="366" pin=0"/></net>

<net id="370"><net_src comp="366" pin="1"/><net_sink comp="333" pin=0"/></net>

<net id="374"><net_src comp="145" pin="3"/><net_sink comp="371" pin=0"/></net>

<net id="375"><net_src comp="371" pin="1"/><net_sink comp="87" pin=0"/></net>

<net id="376"><net_src comp="371" pin="1"/><net_sink comp="152" pin=0"/></net>

<net id="377"><net_src comp="371" pin="1"/><net_sink comp="193" pin=2"/></net>

<net id="381"><net_src comp="87" pin="2"/><net_sink comp="378" pin=0"/></net>

<net id="382"><net_src comp="378" pin="1"/><net_sink comp="333" pin=1"/></net>

<net id="386"><net_src comp="193" pin="3"/><net_sink comp="383" pin=0"/></net>

<net id="387"><net_src comp="383" pin="1"/><net_sink comp="82" pin=0"/></net>

<net id="391"><net_src comp="82" pin="2"/><net_sink comp="388" pin=0"/></net>

<net id="392"><net_src comp="388" pin="1"/><net_sink comp="77" pin=0"/></net>

<net id="396"><net_src comp="77" pin="2"/><net_sink comp="393" pin=0"/></net>

<net id="397"><net_src comp="393" pin="1"/><net_sink comp="200" pin=0"/></net>

<net id="401"><net_src comp="203" pin="3"/><net_sink comp="398" pin=0"/></net>

<net id="402"><net_src comp="398" pin="1"/><net_sink comp="322" pin=0"/></net>

<net id="406"><net_src comp="221" pin="1"/><net_sink comp="403" pin=0"/></net>

<net id="407"><net_src comp="403" pin="1"/><net_sink comp="261" pin=2"/></net>

<net id="411"><net_src comp="235" pin="3"/><net_sink comp="408" pin=0"/></net>

<net id="412"><net_src comp="408" pin="1"/><net_sink comp="311" pin=0"/></net>

<net id="416"><net_src comp="253" pin="3"/><net_sink comp="413" pin=0"/></net>

<net id="417"><net_src comp="413" pin="1"/><net_sink comp="274" pin=0"/></net>

<net id="421"><net_src comp="270" pin="1"/><net_sink comp="418" pin=0"/></net>

<net id="422"><net_src comp="418" pin="1"/><net_sink comp="297" pin=0"/></net>

<net id="426"><net_src comp="277" pin="1"/><net_sink comp="423" pin=0"/></net>

<net id="427"><net_src comp="423" pin="1"/><net_sink comp="297" pin=1"/></net>

<net id="431"><net_src comp="287" pin="4"/><net_sink comp="428" pin=0"/></net>

<net id="432"><net_src comp="428" pin="1"/><net_sink comp="311" pin=1"/></net>

<net id="436"><net_src comp="311" pin="3"/><net_sink comp="433" pin=0"/></net>

<net id="437"><net_src comp="433" pin="1"/><net_sink comp="317" pin=1"/></net>

<net id="438"><net_src comp="433" pin="1"/><net_sink comp="322" pin=2"/></net>

<net id="442"><net_src comp="64" pin="3"/><net_sink comp="439" pin=0"/></net>

<net id="443"><net_src comp="439" pin="1"/><net_sink comp="71" pin=0"/></net>

</net_list>

</model> 
---------------- Datapath Model END ------------------

* FSMD analyzer results:
  - Output states:
	Port: x | {}
	Port: sigmoidLUT_1 | {}
 - Input state : 
	Port: SIGMOID : x | {1 }
	Port: SIGMOID : sigmoidLUT_1 | {28 29 }
  - Chain level:
	State 1
	State 2
		tmp_1 : 1
		trunc_ln12 : 1
		icmp_ln12 : 2
		icmp_ln12_1 : 2
		or_ln12 : 3
		and_ln12 : 3
		xor_ln12 : 1
		bitcast_ln12_1 : 1
		select_ln12 : 3
	State 3
	State 4
		tmp_3 : 1
		trunc_ln15 : 1
		icmp_ln15 : 2
		icmp_ln15_1 : 2
		or_ln15 : 3
		and_ln15 : 3
		select_ln15 : 3
	State 5
	State 6
	State 7
	State 8
	State 9
	State 10
	State 11
	State 12
	State 13
	State 14
	State 15
	State 16
	State 17
	State 18
	State 19
	State 20
	State 21
	State 22
	State 23
	State 24
	State 25
		xs_sign : 1
		xs_exp : 1
		trunc_ln342 : 1
		zext_ln317 : 2
		add_ln317 : 3
		tmp : 4
		sub_ln18 : 2
		sext_ln18 : 3
		select_ln18 : 5
	State 26
		zext_ln15 : 1
		zext_ln18 : 1
		lshr_ln18 : 2
		tmp_7 : 3
	State 27
		tmp_8 : 1
		val : 2
	State 28
		result : 1
		zext_ln19 : 2
		sigmoidLUT_1_addr : 3
		sigmoidLUT_1_load : 4
	State 29
		bitcast_ln20 : 1
		xor_ln20 : 2
		bitcast_ln20_1 : 2
		select_ln19 : 3
		ret_ln21 : 4


============================================================
+ Verbose Summary: Datapath Resource usage 
============================================================

* Functional unit list:
|----------|--------------------|---------|---------|---------|
| Operation|   Functional Unit  |   DSP   |    FF   |   LUT   |
|----------|--------------------|---------|---------|---------|
|   fmul   |      grp_fu_77     |    3    |   143   |   321   |
|----------|--------------------|---------|---------|---------|
|          | select_ln12_fu_145 |    0    |    0    |    32   |
|          | select_ln15_fu_193 |    0    |    0    |    32   |
|  select  | select_ln18_fu_253 |    0    |    0    |    9    |
|          |     val_fu_311     |    0    |    0    |    8    |
|          |    result_fu_322   |    0    |    0    |    8    |
|          | select_ln19_fu_351 |    0    |    0    |    32   |
|----------|--------------------|---------|---------|---------|
|   lshr   |  lshr_ln18_fu_281  |    0    |    0    |   100   |
|----------|--------------------|---------|---------|---------|
|    shl   |   shl_ln18_fu_297  |    0    |    0    |   100   |
|----------|--------------------|---------|---------|---------|
|          |  icmp_ln12_fu_111  |    0    |    0    |    15   |
|   icmp   | icmp_ln12_1_fu_117 |    0    |    0    |    30   |
|          |  icmp_ln15_fu_169  |    0    |    0    |    15   |
|          | icmp_ln15_1_fu_175 |    0    |    0    |    30   |
|----------|--------------------|---------|---------|---------|
|    xor   |   xor_ln12_fu_135  |    0    |    0    |    32   |
|          |   xor_ln20_fu_341  |    0    |    0    |    32   |
|----------|--------------------|---------|---------|---------|
|    sub   |   sub_ln18_fu_243  |    0    |    0    |    15   |
|          |   result_2_fu_317  |    0    |    0    |    15   |
|----------|--------------------|---------|---------|---------|
|    add   |  add_ln317_fu_229  |    0    |    0    |    15   |
|----------|--------------------|---------|---------|---------|
|          |   and_ln12_fu_129  |    0    |    0    |    2    |
|    and   |   and_ln15_fu_187  |    0    |    0    |    2    |
|          |   and_ln19_fu_333  |    0    |    0    |    2    |
|----------|--------------------|---------|---------|---------|
|    or    |   or_ln12_fu_123   |    0    |    0    |    2    |
|          |   or_ln15_fu_181   |    0    |    0    |    2    |
|----------|--------------------|---------|---------|---------|
|   read   |  x_read_read_fu_58 |    0    |    0    |    0    |
|----------|--------------------|---------|---------|---------|
|   fdiv   |      grp_fu_82     |    0    |    0    |    0    |
|----------|--------------------|---------|---------|---------|
|   fcmp   |      grp_fu_87     |    0    |    0    |    0    |
|----------|--------------------|---------|---------|---------|
|          |     tmp_1_fu_97    |    0    |    0    |    0    |
|          |    tmp_3_fu_155    |    0    |    0    |    0    |
|partselect|    xs_exp_fu_211   |    0    |    0    |    0    |
|          |    tmp_7_fu_287    |    0    |    0    |    0    |
|          |    tmp_8_fu_301    |    0    |    0    |    0    |
|----------|--------------------|---------|---------|---------|
|          |  trunc_ln12_fu_107 |    0    |    0    |    0    |
|   trunc  |  trunc_ln15_fu_165 |    0    |    0    |    0    |
|          | trunc_ln342_fu_221 |    0    |    0    |    0    |
|----------|--------------------|---------|---------|---------|
| bitselect|   xs_sign_fu_203   |    0    |    0    |    0    |
|          |     tmp_fu_235     |    0    |    0    |    0    |
|----------|--------------------|---------|---------|---------|
|          |  zext_ln317_fu_225 |    0    |    0    |    0    |
|   zext   |  zext_ln15_fu_270  |    0    |    0    |    0    |
|          |  zext_ln18_fu_277  |    0    |    0    |    0    |
|          |  zext_ln19_fu_328  |    0    |    0    |    0    |
|----------|--------------------|---------|---------|---------|
|   sext   |  sext_ln18_fu_249  |    0    |    0    |    0    |
|          | sext_ln18_1_fu_274 |    0    |    0    |    0    |
|----------|--------------------|---------|---------|---------|
|bitconcatenate|   mantissa_fu_261  |    0    |    0    |    0    |
|----------|--------------------|---------|---------|---------|
|   Total  |                    |    3    |   143   |   851   |
|----------|--------------------|---------|---------|---------|

Memories:
N/A

* Register list:
+-------------------------+--------+
|                         |   FF   |
+-------------------------+--------+
|        dc_reg_393       |   32   |
|       div_reg_388       |   32   |
|     or_ln12_reg_366     |    1   |
|   select_ln12_reg_371   |   32   |
|   select_ln15_reg_383   |   32   |
|   select_ln18_reg_413   |    9   |
|sigmoidLUT_1_addr_reg_439|    8   |
|      tmp_6_reg_378      |    1   |
|      tmp_7_reg_428      |    8   |
|       tmp_reg_408       |    1   |
|   trunc_ln342_reg_403   |   23   |
|       val_reg_433       |    8   |
|      x_read_reg_359     |   32   |
|     xs_sign_reg_398     |    1   |
|    zext_ln15_reg_418    |   79   |
|    zext_ln18_reg_423    |   79   |
+-------------------------+--------+
|          Total          |   378  |
+-------------------------+--------+

* Multiplexer (MUX) list: 
|------------------|------|------|------|--------||---------||---------|
|       Comp       |  Pin | Size |  BW  | S x BW ||  Delay  ||   LUT   |
|------------------|------|------|------|--------||---------||---------|
| grp_access_fu_71 |  p0  |   2  |   8  |   16   ||    9    |
|     grp_fu_87    |  p0  |   3  |  32  |   96   ||    14   |
|     grp_fu_87    |  p1  |   2  |  32  |   64   |
|------------------|------|------|------|--------||---------||---------|
|       Total      |      |      |      |   176  ||  4.8833 ||    23   |
|------------------|------|------|------|--------||---------||---------|



* Summary:
+-----------+--------+--------+--------+--------+
|           |   DSP  |  Delay |   FF   |   LUT  |
+-----------+--------+--------+--------+--------+
|  Function |    3   |    -   |   143  |   851  |
|   Memory  |    -   |    -   |    -   |    -   |
|Multiplexer|    -   |    4   |    -   |   23   |
|  Register |    -   |    -   |   378  |    -   |
+-----------+--------+--------+--------+--------+
|   Total   |    3   |    4   |   521  |   874  |
+-----------+--------+--------+--------+--------+
